[2015.11.20-13.50.31:160][  0]Log file open, 11/20/15 14:50:31
[2015.11.20-13.50.31:160][  0]LogInit:Display: Running engine for game: SpaceGame
[2015.11.20-13.50.31:160][  0]LogInit:Display: RandInit(103393228) SRandInit(103393228).
[2015.11.20-13.50.31:160][  0]LogTaskGraph: Started task graph with 4 named threads and 7 total threads.
[2015.11.20-13.50.31:160][  0]LogStats: Stats thread started at 0.068379
[2015.11.20-13.50.31:160][  0]LogInit: Version: 4.9.2-2707645+++depot+UE4-Releases+4.9
[2015.11.20-13.50.31:160][  0]LogInit: API Version: 2672455
[2015.11.20-13.50.31:160][  0]LogInit: Compiled (64-bit): Sep 28 2015 10:25:44
[2015.11.20-13.50.31:160][  0]LogInit: Compiled with Visual C++: 18.00.21005.01
[2015.11.20-13.50.31:160][  0]LogInit: Build Configuration: Development
[2015.11.20-13.50.31:160][  0]LogInit: Branch Name: ++depot+UE4-Releases+4.9
[2015.11.20-13.50.31:160][  0]LogInit: Command line:  
[2015.11.20-13.50.31:160][  0]LogInit: Base directory: C:/Program Files/Epic Games/4.9/Engine/Binaries/Win64/
[2015.11.20-13.50.31:160][  0]LogInit: Rocket: 1
[2015.11.20-13.50.31:167][  0]LogInit: Using libcurl 7.41.0
[2015.11.20-13.50.31:167][  0]LogInit:  - built for x86_64-pc-win32
[2015.11.20-13.50.31:167][  0]LogInit:  - supports SSL with WinSSL
[2015.11.20-13.50.31:167][  0]LogInit:  - other features:
[2015.11.20-13.50.31:167][  0]LogInit:      CURL_VERSION_SSL
[2015.11.20-13.50.31:167][  0]LogInit:      CURL_VERSION_IPV6
[2015.11.20-13.50.31:167][  0]LogInit:      CURL_VERSION_ASYNCHDNS
[2015.11.20-13.50.31:167][  0]LogInit:      CURL_VERSION_LARGEFILE
[2015.11.20-13.50.31:167][  0]LogInit:      CURL_VERSION_IDN
[2015.11.20-13.50.31:167][  0]LogInit:  CurlRequestOptions (configurable via config and command line):
[2015.11.20-13.50.31:167][  0]LogInit:  - bVerifyPeer = true  - Libcurl will verify peer certificate
[2015.11.20-13.50.31:167][  0]LogInit:  - bUseHttpProxy = false  - Libcurl will NOT use HTTP proxy
[2015.11.20-13.50.31:167][  0]LogInit:  - bDontReuseConnections = false  - Libcurl will reuse connections
[2015.11.20-13.50.31:167][  0]LogInit:  - CertBundlePath = nullptr  - Libcurl will use whatever was configured at build time.
[2015.11.20-13.50.31:172][  0]LogInit: Presizing for 0 objects not considered by GC, pre-allocating 0 bytes.
[2015.11.20-13.50.31:177][  0]LogInit: Object subsystem initialized
[2015.11.20-13.50.31:179][  0]LogInit: Selected Device Profile: [Windows]
[2015.11.20-13.50.31:179][  0]LogInit: Applying CVar settings loaded from the selected device profile: [Windows]
[2015.11.20-13.50.31:186][  0]LogInit: Computer: SpellabbA333-07
[2015.11.20-13.50.31:186][  0]LogInit: User: Spellabbet
[2015.11.20-13.50.31:186][  0]LogInit: CPU Page size=4096, Cores=4
[2015.11.20-13.50.31:186][  0]LogInit: High frequency timer resolution =3.507517 MHz
[2015.11.20-13.50.31:187][  0]LogMemory: Memory total: Physical=15.9GB (16GB approx)
[2015.11.20-13.50.31:187][  0]LogMemory: Platform Memory Stats for Windows
[2015.11.20-13.50.31:187][  0]LogMemory: Process Physical Memory: 52.05 MB used, 52.05 MB peak
[2015.11.20-13.50.31:187][  0]LogMemory: Process Virtual Memory: 55.03 MB used, 55.03 MB peak
[2015.11.20-13.50.31:187][  0]LogMemory: Physical Memory: 2817.99 MB used, 16318.82 MB total
[2015.11.20-13.50.31:187][  0]LogMemory: Virtual Memory: 347.38 MB used, 134217728.00 MB total
[2015.11.20-13.50.31:213][  0]LogTextLocalizationManager: No translations for ('sv-SE') exist, falling back to 'en' for localization and internationalization data.
[2015.11.20-13.50.31:816][  0]LogD3D11RHI: Found D3D11 adapter 0: NVIDIA GeForce GTX 960 (Feature Level 11_0)
[2015.11.20-13.50.31:816][  0]LogD3D11RHI: Adapter has 1965MB of dedicated video memory, 0MB of dedicated system memory, and 2048MB of shared system memory, 1 output[s]
[2015.11.20-13.50.31:817][  0]LogD3D11RHI: Found D3D11 adapter 1: Microsoft Basic Render Driver (Feature Level 11_0)
[2015.11.20-13.50.31:817][  0]LogD3D11RHI: Adapter has 0MB of dedicated video memory, 0MB of dedicated system memory, and 256MB of shared system memory, 0 output[s]
[2015.11.20-13.50.31:817][  0]LogD3D11RHI: Chosen D3D11 Adapter Id = 0
[2015.11.20-13.50.31:819][  0]LogD3D11RHI: !Direct3DDevice
[2015.11.20-13.50.31:819][  0]LogRHI: Texture pool is 1361 MB (70% of 1945 MB)
[2015.11.20-13.50.31:828][  0]LogD3D11RHI: Async texture creation enabled
[2015.11.20-13.50.31:843][  0]LogShaderCompilers: Guid format shader working directory is 16 characters bigger than the processId version (../../../../../../Users/Spellabbet/Documents/GitHub/SpaceGame/Project/SpaceGame/Intermediate/Shaders/WorkingDirectory/796/).
[2015.11.20-13.50.31:844][  0]LogShaderCompilers: Cleaned the shader compiler working directory '../../../../../../Users/Spellabbet/Documents/GitHub/SpaceGame/Project/SpaceGame/Intermediate/Shaders/tmp/F04FC9E64BE7CEAFF201AD8143B10915/'.
[2015.11.20-13.50.31:844][  0]LogShaderCompilers:Display: Using Local Shader Compiler.
[2015.11.20-13.50.32:724][  0]LogTemp:Display: Loaded TP AllDesktopTargetPlatform
[2015.11.20-13.50.32:728][  0]LogTemp:Display: Loaded TP WindowsClientTargetPlatform
[2015.11.20-13.50.32:732][  0]LogTemp:Display: Loaded TP WindowsNoEditorTargetPlatform
[2015.11.20-13.50.32:737][  0]LogTemp:Display: Loaded TP WindowsServerTargetPlatform
[2015.11.20-13.50.32:741][  0]LogTemp:Display: Loaded TP WindowsTargetPlatform
[2015.11.20-13.50.32:744][  0]LogTemp:Display: Loaded TP AndroidTargetPlatform
[2015.11.20-13.50.32:746][  0]LogTemp:Display: Loaded TP Android_ASTCTargetPlatform
[2015.11.20-13.50.32:749][  0]LogTemp:Display: Loaded TP Android_ATCTargetPlatform
[2015.11.20-13.50.32:751][  0]LogTemp:Display: Loaded TP Android_DXTTargetPlatform
[2015.11.20-13.50.32:754][  0]LogTemp:Display: Loaded TP Android_ETC1TargetPlatform
[2015.11.20-13.50.32:757][  0]LogTemp:Display: Loaded TP Android_ETC2TargetPlatform
[2015.11.20-13.50.32:760][  0]LogTemp:Display: Loaded TP Android_PVRTCTargetPlatform
[2015.11.20-13.50.32:760][  0]LogTemp:Display: Loaded TP HTML5TargetPlatform
[2015.11.20-13.50.32:777][  0]LogTemp:Display: Loaded TP IOSTargetPlatform
[2015.11.20-13.50.32:779][  0]LogTemp:Display: Loaded TP LinuxNoEditorTargetPlatform
[2015.11.20-13.50.32:782][  0]LogTemp:Display: Loaded TP LinuxServerTargetPlatform
[2015.11.20-13.50.32:785][  0]LogTemp:Display: Loaded TP LinuxTargetPlatform
[2015.11.20-13.50.32:785][  0]LogTargetPlatformManager:Display: Building Assets For Windows
[2015.11.20-13.50.32:856][  0]LogDerivedDataCache:Display: Max Cache Size: 512 MB
[2015.11.20-13.50.32:889][  0]LogDerivedDataCache: Loaded boot cache 0.03s 41MB C:/Users/Spellabbet/AppData/Local/UnrealEngine/4.9/DerivedDataCache/Boot.ddc.
[2015.11.20-13.50.32:889][  0]LogDerivedDataCache:Display: Loaded Boot cache: C:/Users/Spellabbet/AppData/Local/UnrealEngine/4.9/DerivedDataCache/Boot.ddc
[2015.11.20-13.50.32:890][  0]LogDerivedDataCache: FDerivedDataBackendGraph:  Pak pak cache file ../../../../../../Users/Spellabbet/Documents/GitHub/SpaceGame/Project/SpaceGame/DerivedDataCache/DDC.ddp not found, will not use a pak cache.
[2015.11.20-13.50.32:890][  0]LogDerivedDataCache: Unable to find inner node Pak for hierarchical cache Hierarchy.
[2015.11.20-13.50.32:890][  0]LogDerivedDataCache: FDerivedDataBackendGraph:  CompressedPak pak cache file ../../../../../../Users/Spellabbet/Documents/GitHub/SpaceGame/Project/SpaceGame/DerivedDataCache/Compressed.ddp not found, will not use a pak cache.
[2015.11.20-13.50.32:890][  0]LogDerivedDataCache: Unable to find inner node CompressedPak for hierarchical cache Hierarchy.
[2015.11.20-13.50.33:000][  0]LogDerivedDataCache:Display: Pak cache opened for reading ../../../Engine/DerivedDataCache/Compressed.ddp.
[2015.11.20-13.50.33:011][  0]LogDerivedDataCache: Using Local data cache path C:/Users/Spellabbet/AppData/Local/UnrealEngine/Common/DerivedDataCache: Writable
[2015.11.20-13.50.33:144][  0]LogInit: Selected Device Profile: [Windows]
[2015.11.20-13.50.33:146][  0]LogContentStreaming: Texture pool size is 0.000000MB
[2015.11.20-13.50.33:238][  0]LogMeshUtilities: No automatic mesh reduction module available
[2015.11.20-13.50.33:238][  0]LogMeshUtilities: No automatic mesh merging module available
[2015.11.20-13.50.33:412][  0]LogInit: WinSock: version 1.1 (2.2), MaxSocks=32767, MaxUdp=65467
[2015.11.20-13.50.33:921][  0]UdpMessaging: Initializing bridge on interface 0.0.0.0:0 to multicast group 230.0.0.1:6666.
[2015.11.20-13.50.34:055][  0]LogAssetRegistry: FAssetRegistry took 0.0104 seconds to start up
[2015.11.20-13.50.34:187][  0]SourceControl: Info Source control is disabled
[2015.11.20-13.50.34:194][  0]SourceControl: Info Source control is disabled
[2015.11.20-13.50.34:204][  0]SourceControl: Info Source control is disabled
[2015.11.20-13.50.34:213][  0]SourceControl: Info Source control is disabled
[2015.11.20-13.50.34:339][  0]LogLinker:Warning: Asset '../../../Engine/Plugins/Runtime/LeapMotionController/Content/LM_PassthroughMaterial.uasset' has been saved with empty engine version. The asset will be loaded but may be incompatible.
[2015.11.20-13.50.34:404][  0]LogObj: 28423 objects as part of root set at end of initial load.
[2015.11.20-13.50.34:404][  0]LogUObjectAllocator: 6062792 out of 0 bytes used by permanent object pool.
[2015.11.20-13.50.34:450][  0]LogEngine: Initializing Engine...
[2015.11.20-13.50.34:451][  0]LogHMD: Can't find Oculus library dev build: is proper Runtime installed? Version: 0.7.0.0
[2015.11.20-13.50.34:452][  0]LogHMD: SteamVR failed to initialize.  Err: 110
[2015.11.20-13.50.34:545][  0]LogAIModule: Creating AISystem for world NewWorld
[2015.11.20-13.50.34:550][  0]LogInit: XAudio2 using 'Speakers (4- High Definition Audio Device)' : 2 channels at 44.1 kHz using 16 bits per sample (channel mask 0x3)
[2015.11.20-13.50.34:560][  0]LogInit: FAudioDevice initialized.
[2015.11.20-13.50.34:578][  0]LogDerivedDataCache: Saved boot cache 0.02s 41MB C:/Users/Spellabbet/AppData/Local/UnrealEngine/4.9/DerivedDataCache/Boot.ddc.
[2015.11.20-13.50.34:581][  0]LogInit: Texture streaming: Enabled
[2015.11.20-13.50.34:585][  0]LogAnalytics: Creating configured Analytics provider AnalyticsET
[2015.11.20-13.50.34:585][  0]LogAnalytics: [UEEditor.Rocket.Release] APIServer = http://et2.epicgames.com/ET2/. AppVersion = 4.9.2-2707645+++depot+UE4-Releases+4.9
[2015.11.20-13.50.34:585][  0]LogAnalytics: [UEEditor.Rocket.Release] SetUserId a56f99ce4ac584e8e6d851994b9dafce|4486cc34acf54390b5f34fc38c8b6486|060e5e79-a789-49c4-8abd-5d8b330400a7
[2015.11.20-13.50.34:585][  0]LogAnalytics: [UEEditor.Rocket.Release] AnalyticsET::StartSession
[2015.11.20-13.50.34:601][  0]LogInit: Transaction tracking system initialized
[2015.11.20-13.50.34:623][  0]BlueprintLog: New page: Editor Load
[2015.11.20-13.50.34:681][  0]LocalizationService: Info Localization service is disabled
[2015.11.20-13.50.34:738][  0]LogConsoleResponse:Display: 
[2015.11.20-13.50.34:822][  0]LogFileCache: Scanning file cache for directory 'C:/Users/Spellabbet/Documents/GitHub/SpaceGame/Project/SpaceGame/Content/' took 0.01s
[2015.11.20-13.50.34:822][  0]LogCook:Display: Done creating registry. It took  0.00s.
[2015.11.20-13.50.34:882][  0]SourceControl: Info Source control is disabled
[2015.11.20-13.50.37:754][  0]LogWindowsTextInputMethodSystem:Display: IME system now deactivated.
[2015.11.20-13.50.37:757][  0]LogWindowsTextInputMethodSystem:Display: IME system now deactivated.
[2015.11.20-13.50.41:026][  0]LogWindowsTextInputMethodSystem:Display: IME system now deactivated.
[2015.11.20-13.50.41:032][  0]LogWindowsTextInputMethodSystem:Display: IME system now deactivated.
[2015.11.20-13.50.41:032][  0]Cmd: MAP LOAD FILE="../../../Engine/Content/Maps/Templates/Template_Default.umap" TEMPLATE=1 SHOWPROGRESS=1 FEATURELEVEL=3
[2015.11.20-13.50.41:033][  0]LightingResults: New page: Lighting Build
[2015.11.20-13.50.41:037][  0]MapCheck: New page: Map Check
[2015.11.20-13.50.41:037][  0]LightingResults: New page: Lighting Build
[2015.11.20-13.50.41:048][  0]LogParticles: Destroying 0 GPU particle simulations for FXSystem 0x0000001942B5E160
[2015.11.20-13.50.41:241][  0]LogAIModule: Creating AISystem for world Untitled_1
[2015.11.20-13.50.41:246][  0]LogEditorServer: Finished looking for orphan Actors (0.000 secs)
[2015.11.20-13.50.41:250][  0]Cmd: MAP CHECKDEP NOCLEARLOG
[2015.11.20-13.50.41:294][  0]MapCheck: Info Map check complete: 0 Error(s), 0 Warning(s), took 43.897ms to complete.
[2015.11.20-13.50.41:294][  0]LogFileHelpers: Loading map 'Template_Default' took 0.262
[2015.11.20-13.50.41:297][  0]LogWindowsTextInputMethodSystem:Display: IME system now deactivated.
[2015.11.20-13.50.41:339][  0]LogCollectionManager: Loaded 0 collections in 0.001692 seconds
[2015.11.20-13.50.41:379][  0]LogFileCache: Scanning file cache for directory 'C:/Users/Spellabbet/Documents/GitHub/SpaceGame/Project/SpaceGame/Saved/Collections/' took 0.01s
[2015.11.20-13.50.41:379][  0]LogFileCache: Scanning file cache for directory 'C:/Users/Spellabbet/Documents/GitHub/SpaceGame/Project/SpaceGame/Content/Developers/Spellabbet/Collections/' took 0.01s
[2015.11.20-13.50.41:379][  0]LogFileCache: Scanning file cache for directory 'C:/Users/Spellabbet/Documents/GitHub/SpaceGame/Project/SpaceGame/Content/Collections/' took 0.01s
[2015.11.20-13.50.41:379][  0]LogContentBrowser: Native class hierarchy populated in 0.0063 seconds. Added 1873 classes and 335 folders.
[2015.11.20-13.50.41:384][  0]LogCollectionManager: Rebuilt the GUID cache for 0 collections in 0.000002 seconds
[2015.11.20-13.50.41:390][  0]LogContentBrowser: Native class hierarchy updated for 'WidgetCarousel' in 0.0009 seconds. Added 0 classes and 0 folders.
[2015.11.20-13.50.41:421][  0]LogContentBrowser: Native class hierarchy updated for 'AddContentDialog' in 0.0008 seconds. Added 0 classes and 0 folders.
[2015.11.20-13.50.41:428][  0]LogContentBrowser: Native class hierarchy updated for 'SceneOutliner' in 0.0008 seconds. Added 1 classes and 2 folders.
[2015.11.20-13.50.41:446][  0]LogCrashTracker: Crashtracker disabled due to settings.
[2015.11.20-13.50.41:449][  0]LogUObjectGlobals:Warning: Failed to find object 'Class None.'
[2015.11.20-13.50.41:471][  0]LogStats:Warning: MetaData mismatch. Did you assign a stat to two groups? New //STATGROUP_Threads//SplashScreenThread///Thread_10a8_0///####STATCAT_Advanced#### old //STATGROUP_Threads//SplashScreenThread///Thread_1238_0///####STATCAT_Advanced####
[2015.11.20-13.50.41:471][  0]LogLoad: Full Startup: 11.01 seconds (BP compile: 0.03 seconds)
[2015.11.20-13.50.41:521][  0]LogContentStreaming: Texture pool size now 1000 MB
[2015.11.20-13.50.41:628][  0]LogRenderer: Reallocating scene render targets to support 1208x576 (Frame:2).
[2015.11.20-13.50.41:746][  2]LogAssetRegistry: Asset discovery search completed in 7.7015 seconds
[2015.11.20-13.50.41:746][  2]LogCollectionManager: Rebuilt the object cache for 0 collections in 0.000001 seconds (found 0 objects)
[2015.11.20-13.50.41:746][  2]LogCollectionManager: Fixed up redirectors for 0 collections in 0.000028 seconds (updated 0 objects)
[2015.11.20-13.50.43:146][129]LogEditorViewport: Clicking on Actor (LMB): StaticMeshActor (Floor)
[2015.11.20-13.50.43:992][224]Cmd: DELETE
[2015.11.20-13.50.43:992][224]Cmd: ACTOR DELETE
[2015.11.20-13.50.43:993][224]LogEditorActor: Deleted Actor: StaticMeshActor
[2015.11.20-13.50.44:007][224]LogEditorActor: Deleted 1 Actors (0.015 secs)
[2015.11.20-13.51.08:762][503]LogEditorViewport: Clicking on Actor (LMB): BP_Sky_Sphere_C (Sky Sphere)
[2015.11.20-13.51.21:829][131]Recompiling SpaceGame...
[2015.11.20-13.51.21:829][131]Launching UnrealBuildTool... [C:/Program Files/Epic Games/4.9/Engine/Binaries/DotNET/UnrealBuildTool.exe SpaceGame -ModuleWithSuffix SpaceGame 111 Win64 Development -editorrecompile -canskiplink "C:/Users/Spellabbet/Documents/GitHub/SpaceGame/Project/SpaceGame/SpaceGame.uproject" -rocket  -rocket]
[2015.11.20-13.51.21:830][131]Warning: Starting HotReload took  0.0s.
[2015.11.20-13.51.22:645][210]CompilerResultsLog: New page: Compilation - Nov 20, 2015, 3:51:22 PM
[2015.11.20-13.51.22:645][210]CompilerResultsLog: Info Compiling game modules for hot reload
[2015.11.20-13.51.22:645][210]CompilerResultsLog: Info Target is up to date.
[2015.11.20-13.51.22:645][210]LogMainFrame: MainFrame: Module compiling took 0.818 seconds
[2015.11.20-13.52.44:855][593]Recompiling SpaceGame...
[2015.11.20-13.52.44:855][593]Launching UnrealBuildTool... [C:/Program Files/Epic Games/4.9/Engine/Binaries/DotNET/UnrealBuildTool.exe SpaceGame -ModuleWithSuffix SpaceGame 6809 Win64 Development -editorrecompile -canskiplink "C:/Users/Spellabbet/Documents/GitHub/SpaceGame/Project/SpaceGame/SpaceGame.uproject" -rocket  -rocket]
[2015.11.20-13.52.44:856][593]Warning: Starting HotReload took  0.0s.
[2015.11.20-13.52.51:514][373]CompilerResultsLog: New page: Compilation - Nov 20, 2015, 3:52:51 PM
[2015.11.20-13.52.51:514][373]CompilerResultsLog: Info Compiling game modules for hot reload
[2015.11.20-13.52.51:514][373]CompilerResultsLog: Info Parsing headers for SpaceGameEditor
[2015.11.20-13.52.51:514][373]CompilerResultsLog: Info   Running UnrealHeaderTool "C:/Users/Spellabbet/Documents/GitHub/SpaceGame/Project/SpaceGame/SpaceGame.uproject" "C:\Users\Spellabbet\Documents\GitHub\SpaceGame\Project\SpaceGame\Intermediate\Build\Win64\SpaceGameEditor\Development\UnrealHeaderTool.manifest" -LogCmds="loginit warning, logexit warning, logdatabase error" -rocket -installed
[2015.11.20-13.52.51:514][373]CompilerResultsLog:Error: Error C:/Users/Spellabbet/Documents/GitHub/SpaceGame/Project/SpaceGame/Source/SpaceGame/Star.h(25)  : Unrecognized type 'OwnedBy' - type must be a UCLASS, USTRUCT or UENUM
[2015.11.20-13.52.51:514][373]CompilerResultsLog: Info The class definition range is invalid. Most probably caused by previous parsing error.
[2015.11.20-13.52.51:514][373]CompilerResultsLog:Error: Error Error: Failed to generate code for SpaceGameEditor - error code: OtherCompilationError (5) 
[2015.11.20-13.52.51:514][373]CompilerResultsLog: Info UnrealHeaderTool failed for target 'SpaceGameEditor' (platform: Win64, module info: C:\Users\Spellabbet\Documents\GitHub\SpaceGame\Project\SpaceGame\Intermediate\Build\Win64\SpaceGameEditor\Development\UnrealHeaderTool.manifest).
[2015.11.20-13.52.51:514][373]LogMainFrame: MainFrame: Module compiling took 6.663 seconds
[2015.11.20-13.52.51:514][373]Warning: HotReload failed, recompile failed
[2015.11.20-13.53.17:585][169]Recompiling SpaceGame...
[2015.11.20-13.53.17:586][169]Launching UnrealBuildTool... [C:/Program Files/Epic Games/4.9/Engine/Binaries/DotNET/UnrealBuildTool.exe SpaceGame -ModuleWithSuffix SpaceGame 6824 Win64 Development -editorrecompile -canskiplink "C:/Users/Spellabbet/Documents/GitHub/SpaceGame/Project/SpaceGame/SpaceGame.uproject" -rocket  -rocket]
[2015.11.20-13.53.17:587][169]Warning: Starting HotReload took  0.0s.
[2015.11.20-13.53.24:506][980]CompilerResultsLog: New page: Compilation - Nov 20, 2015, 3:53:24 PM
[2015.11.20-13.53.24:506][980]CompilerResultsLog: Info Compiling game modules for hot reload
[2015.11.20-13.53.24:506][980]CompilerResultsLog: Info Parsing headers for SpaceGameEditor
[2015.11.20-13.53.24:507][980]CompilerResultsLog: Info   Running UnrealHeaderTool "C:/Users/Spellabbet/Documents/GitHub/SpaceGame/Project/SpaceGame/SpaceGame.uproject" "C:\Users\Spellabbet\Documents\GitHub\SpaceGame\Project\SpaceGame\Intermediate\Build\Win64\SpaceGameEditor\Development\UnrealHeaderTool.manifest" -LogCmds="loginit warning, logexit warning, logdatabase error" -rocket -installed
[2015.11.20-13.53.24:507][980]CompilerResultsLog:Error: Error C:/Users/Spellabbet/Documents/GitHub/SpaceGame/Project/SpaceGame/Source/SpaceGame/Star.h(31)  : Unrecognized type 'OwnedBy' - type must be a UCLASS, USTRUCT or UENUM
[2015.11.20-13.53.24:507][980]CompilerResultsLog: Info The class definition range is invalid. Most probably caused by previous parsing error.
[2015.11.20-13.53.24:507][980]CompilerResultsLog:Error: Error Error: Failed to generate code for SpaceGameEditor - error code: OtherCompilationError (5) 
[2015.11.20-13.53.24:507][980]CompilerResultsLog: Info UnrealHeaderTool failed for target 'SpaceGameEditor' (platform: Win64, module info: C:\Users\Spellabbet\Documents\GitHub\SpaceGame\Project\SpaceGame\Intermediate\Build\Win64\SpaceGameEditor\Development\UnrealHeaderTool.manifest).
[2015.11.20-13.53.24:507][980]LogMainFrame: MainFrame: Module compiling took 6.923 seconds
[2015.11.20-13.53.24:507][980]Warning: HotReload failed, recompile failed
[2015.11.20-13.55.31:348][714]Recompiling SpaceGame...
[2015.11.20-13.55.31:348][714]Launching UnrealBuildTool... [C:/Program Files/Epic Games/4.9/Engine/Binaries/DotNET/UnrealBuildTool.exe SpaceGame -ModuleWithSuffix SpaceGame 6726 Win64 Development -editorrecompile -canskiplink "C:/Users/Spellabbet/Documents/GitHub/SpaceGame/Project/SpaceGame/SpaceGame.uproject" -rocket  -rocket]
[2015.11.20-13.55.31:349][714]Warning: Starting HotReload took  0.0s.
[2015.11.20-13.55.38:098][501]CompilerResultsLog: New page: Compilation - Nov 20, 2015, 3:55:38 PM
[2015.11.20-13.55.38:098][501]CompilerResultsLog: Info Compiling game modules for hot reload
[2015.11.20-13.55.38:098][501]CompilerResultsLog: Info Parsing headers for SpaceGameEditor
[2015.11.20-13.55.38:098][501]CompilerResultsLog: Info   Running UnrealHeaderTool "C:/Users/Spellabbet/Documents/GitHub/SpaceGame/Project/SpaceGame/SpaceGame.uproject" "C:\Users\Spellabbet\Documents\GitHub\SpaceGame\Project\SpaceGame\Intermediate\Build\Win64\SpaceGameEditor\Development\UnrealHeaderTool.manifest" -LogCmds="loginit warning, logexit warning, logdatabase error" -rocket -installed
[2015.11.20-13.55.38:098][501]CompilerResultsLog:Error: Error C:/Users/Spellabbet/Documents/GitHub/SpaceGame/Project/SpaceGame/Source/SpaceGame/Star.h(20)  : BlueprintReadWrite should not be used on private members
[2015.11.20-13.55.38:098][501]CompilerResultsLog: Info The class definition range is invalid. Most probably caused by previous parsing error.
[2015.11.20-13.55.38:098][501]CompilerResultsLog:Error: Error Error: Failed to generate code for SpaceGameEditor - error code: OtherCompilationError (5) 
[2015.11.20-13.55.38:098][501]CompilerResultsLog: Info UnrealHeaderTool failed for target 'SpaceGameEditor' (platform: Win64, module info: C:\Users\Spellabbet\Documents\GitHub\SpaceGame\Project\SpaceGame\Intermediate\Build\Win64\SpaceGameEditor\Development\UnrealHeaderTool.manifest).
[2015.11.20-13.55.38:098][501]LogMainFrame: MainFrame: Module compiling took 6.753 seconds
[2015.11.20-13.55.38:098][501]Warning: HotReload failed, recompile failed
[2015.11.20-13.55.52:081][358]Recompiling SpaceGame...
[2015.11.20-13.55.52:082][358]Launching UnrealBuildTool... [C:/Program Files/Epic Games/4.9/Engine/Binaries/DotNET/UnrealBuildTool.exe SpaceGame -ModuleWithSuffix SpaceGame 6134 Win64 Development -editorrecompile -canskiplink "C:/Users/Spellabbet/Documents/GitHub/SpaceGame/Project/SpaceGame/SpaceGame.uproject" -rocket  -rocket]
[2015.11.20-13.55.52:083][358]Warning: Starting HotReload took  0.0s.
[2015.11.20-13.55.58:975][163]CompilerResultsLog: New page: Compilation - Nov 20, 2015, 3:55:58 PM
[2015.11.20-13.55.58:975][163]CompilerResultsLog: Info Compiling game modules for hot reload
[2015.11.20-13.55.58:975][163]CompilerResultsLog: Info Parsing headers for SpaceGameEditor
[2015.11.20-13.55.58:975][163]CompilerResultsLog: Info   Running UnrealHeaderTool "C:/Users/Spellabbet/Documents/GitHub/SpaceGame/Project/SpaceGame/SpaceGame.uproject" "C:\Users\Spellabbet\Documents\GitHub\SpaceGame\Project\SpaceGame\Intermediate\Build\Win64\SpaceGameEditor\Development\UnrealHeaderTool.manifest" -LogCmds="loginit warning, logexit warning, logdatabase error" -rocket -installed
[2015.11.20-13.55.58:975][163]CompilerResultsLog:Error: Error C:/Users/Spellabbet/Documents/GitHub/SpaceGame/Project/SpaceGame/Source/SpaceGame/Star.h(31)  : Unrecognized type 'OwnedBy' - type must be a UCLASS, USTRUCT or UENUM
[2015.11.20-13.55.58:975][163]CompilerResultsLog: Info The class definition range is invalid. Most probably caused by previous parsing error.
[2015.11.20-13.55.58:976][163]CompilerResultsLog:Error: Error Error: Failed to generate code for SpaceGameEditor - error code: OtherCompilationError (5) 
[2015.11.20-13.55.58:976][163]CompilerResultsLog: Info UnrealHeaderTool failed for target 'SpaceGameEditor' (platform: Win64, module info: C:\Users\Spellabbet\Documents\GitHub\SpaceGame\Project\SpaceGame\Intermediate\Build\Win64\SpaceGameEditor\Development\UnrealHeaderTool.manifest).
[2015.11.20-13.55.58:976][163]LogMainFrame: MainFrame: Module compiling took 6.897 seconds
[2015.11.20-13.55.58:976][163]Warning: HotReload failed, recompile failed
[2015.11.20-13.56.15:124][965]Recompiling SpaceGame...
[2015.11.20-13.56.15:125][965]Launching UnrealBuildTool... [C:/Program Files/Epic Games/4.9/Engine/Binaries/DotNET/UnrealBuildTool.exe SpaceGame -ModuleWithSuffix SpaceGame 2214 Win64 Development -editorrecompile -canskiplink "C:/Users/Spellabbet/Documents/GitHub/SpaceGame/Project/SpaceGame/SpaceGame.uproject" -rocket  -rocket]
[2015.11.20-13.56.15:126][965]Warning: Starting HotReload took  0.0s.
[2015.11.20-13.56.21:964][766]CompilerResultsLog: New page: Compilation - Nov 20, 2015, 3:56:21 PM
[2015.11.20-13.56.21:964][766]CompilerResultsLog: Info Compiling game modules for hot reload
[2015.11.20-13.56.21:964][766]CompilerResultsLog: Info Parsing headers for SpaceGameEditor
[2015.11.20-13.56.21:964][766]CompilerResultsLog: Info   Running UnrealHeaderTool "C:/Users/Spellabbet/Documents/GitHub/SpaceGame/Project/SpaceGame/SpaceGame.uproject" "C:\Users\Spellabbet\Documents\GitHub\SpaceGame\Project\SpaceGame\Intermediate\Build\Win64\SpaceGameEditor\Development\UnrealHeaderTool.manifest" -LogCmds="loginit warning, logexit warning, logdatabase error" -rocket -installed
[2015.11.20-13.56.21:965][766]CompilerResultsLog:Error: Error C:/Users/Spellabbet/Documents/GitHub/SpaceGame/Project/SpaceGame/Source/SpaceGame/Star.h(31)  : Unrecognized type 'UOwnedBy' - type must be a UCLASS, USTRUCT or UENUM
[2015.11.20-13.56.21:965][766]CompilerResultsLog: Info The class definition range is invalid. Most probably caused by previous parsing error.
[2015.11.20-13.56.21:965][766]CompilerResultsLog:Error: Error Error: Failed to generate code for SpaceGameEditor - error code: OtherCompilationError (5) 
[2015.11.20-13.56.21:965][766]CompilerResultsLog: Info UnrealHeaderTool failed for target 'SpaceGameEditor' (platform: Win64, module info: C:\Users\Spellabbet\Documents\GitHub\SpaceGame\Project\SpaceGame\Intermediate\Build\Win64\SpaceGameEditor\Development\UnrealHeaderTool.manifest).
[2015.11.20-13.56.21:965][766]LogMainFrame: MainFrame: Module compiling took 6.842 seconds
[2015.11.20-13.56.21:965][766]Warning: HotReload failed, recompile failed
[2015.11.20-13.56.43:801][239]Recompiling SpaceGame...
[2015.11.20-13.56.43:801][239]Launching UnrealBuildTool... [C:/Program Files/Epic Games/4.9/Engine/Binaries/DotNET/UnrealBuildTool.exe SpaceGame -ModuleWithSuffix SpaceGame 8663 Win64 Development -editorrecompile -canskiplink "C:/Users/Spellabbet/Documents/GitHub/SpaceGame/Project/SpaceGame/SpaceGame.uproject" -rocket  -rocket]
[2015.11.20-13.56.43:802][239]Warning: Starting HotReload took  0.0s.
[2015.11.20-13.56.50:551][ 28]CompilerResultsLog: New page: Compilation - Nov 20, 2015, 3:56:50 PM
[2015.11.20-13.56.50:551][ 28]CompilerResultsLog: Info Compiling game modules for hot reload
[2015.11.20-13.56.50:551][ 28]CompilerResultsLog: Info Parsing headers for SpaceGameEditor
[2015.11.20-13.56.50:551][ 28]CompilerResultsLog: Info   Running UnrealHeaderTool "C:/Users/Spellabbet/Documents/GitHub/SpaceGame/Project/SpaceGame/SpaceGame.uproject" "C:\Users\Spellabbet\Documents\GitHub\SpaceGame\Project\SpaceGame\Intermediate\Build\Win64\SpaceGameEditor\Development\UnrealHeaderTool.manifest" -LogCmds="loginit warning, logexit warning, logdatabase error" -rocket -installed
[2015.11.20-13.56.50:551][ 28]CompilerResultsLog:Error: Error C:/Users/Spellabbet/Documents/GitHub/SpaceGame/Project/SpaceGame/Source/SpaceGame/Star.h(31)  : Unrecognized type 'OwnedBy' - type must be a UCLASS, USTRUCT or UENUM
[2015.11.20-13.56.50:551][ 28]CompilerResultsLog: Info The class definition range is invalid. Most probably caused by previous parsing error.
[2015.11.20-13.56.50:551][ 28]CompilerResultsLog:Error: Error Error: Failed to generate code for SpaceGameEditor - error code: OtherCompilationError (5) 
[2015.11.20-13.56.50:551][ 28]CompilerResultsLog: Info UnrealHeaderTool failed for target 'SpaceGameEditor' (platform: Win64, module info: C:\Users\Spellabbet\Documents\GitHub\SpaceGame\Project\SpaceGame\Intermediate\Build\Win64\SpaceGameEditor\Development\UnrealHeaderTool.manifest).
[2015.11.20-13.56.50:551][ 28]LogMainFrame: MainFrame: Module compiling took 6.753 seconds
[2015.11.20-13.56.50:551][ 28]Warning: HotReload failed, recompile failed
[2015.11.20-13.58.51:151][189]Recompiling SpaceGame...
[2015.11.20-13.58.51:151][189]Launching UnrealBuildTool... [C:/Program Files/Epic Games/4.9/Engine/Binaries/DotNET/UnrealBuildTool.exe SpaceGame -ModuleWithSuffix SpaceGame 9282 Win64 Development -editorrecompile -canskiplink "C:/Users/Spellabbet/Documents/GitHub/SpaceGame/Project/SpaceGame/SpaceGame.uproject" -rocket  -rocket]
[2015.11.20-13.58.51:153][189]Warning: Starting HotReload took  0.0s.
[2015.11.20-13.58.57:891][976]CompilerResultsLog: New page: Compilation - Nov 20, 2015, 3:58:57 PM
[2015.11.20-13.58.57:891][976]CompilerResultsLog: Info Compiling game modules for hot reload
[2015.11.20-13.58.57:891][976]CompilerResultsLog: Info Parsing headers for SpaceGameEditor
[2015.11.20-13.58.57:891][976]CompilerResultsLog: Info   Running UnrealHeaderTool "C:/Users/Spellabbet/Documents/GitHub/SpaceGame/Project/SpaceGame/SpaceGame.uproject" "C:\Users\Spellabbet\Documents\GitHub\SpaceGame\Project\SpaceGame\Intermediate\Build\Win64\SpaceGameEditor\Development\UnrealHeaderTool.manifest" -LogCmds="loginit warning, logexit warning, logdatabase error" -rocket -installed
[2015.11.20-13.58.57:891][976]CompilerResultsLog:Error: Error C:/Users/Spellabbet/Documents/GitHub/SpaceGame/Project/SpaceGame/Source/SpaceGame/Star.h(31)  : Unrecognized type 'OwnedBy' - type must be a UCLASS, USTRUCT or UENUM
[2015.11.20-13.58.57:891][976]CompilerResultsLog: Info The class definition range is invalid. Most probably caused by previous parsing error.
[2015.11.20-13.58.57:891][976]CompilerResultsLog:Error: Error Error: Failed to generate code for SpaceGameEditor - error code: OtherCompilationError (5) 
[2015.11.20-13.58.57:891][976]CompilerResultsLog: Info UnrealHeaderTool failed for target 'SpaceGameEditor' (platform: Win64, module info: C:\Users\Spellabbet\Documents\GitHub\SpaceGame\Project\SpaceGame\Intermediate\Build\Win64\SpaceGameEditor\Development\UnrealHeaderTool.manifest).
[2015.11.20-13.58.57:891][976]LogMainFrame: MainFrame: Module compiling took 6.742 seconds
[2015.11.20-13.58.57:891][976]Warning: HotReload failed, recompile failed
[2015.11.20-14.00.54:211][618]LogSavePackage: Save=13.506136ms
[2015.11.20-14.00.54:211][618]LogSavePackage: Moving '../../../../../../Users/Spellabbet/Documents/GitHub/SpaceGame/Project/SpaceGame/Saved/Untitled_1_Auto18FF3F878467F11E80CAED8A054EB5B37.tmp' to '../../../../../../Users/Spellabbet/Documents/GitHub/SpaceGame/Project/SpaceGame/Saved/Autosaves/Temp/Untitled_1_Auto1.umap'
[2015.11.20-14.00.54:212][618]LogSavePackage: Total save time: 18.012460ms
[2015.11.20-14.00.54:212][618]LogSavePackage:Warning: Finished SavePackage ../../../../../../Users/Spellabbet/Documents/GitHub/SpaceGame/Project/SpaceGame/Saved/Autosaves/Temp/Untitled_1_Auto1.umap
[2015.11.20-14.00.54:214][618]LogFileHelpers: Editor autosave (incl. sublevels) for '/Temp/Untitled_1' took 0.033
[2015.11.20-14.00.54:214][618]LogFileHelpers: Editor autosave (incl. sublevels) for all levels took 0.033
[2015.11.20-14.01.19:925][799]Recompiling SpaceGame...
[2015.11.20-14.01.19:925][799]Launching UnrealBuildTool... [C:/Program Files/Epic Games/4.9/Engine/Binaries/DotNET/UnrealBuildTool.exe SpaceGame -ModuleWithSuffix SpaceGame 1191 Win64 Development -editorrecompile -canskiplink "C:/Users/Spellabbet/Documents/GitHub/SpaceGame/Project/SpaceGame/SpaceGame.uproject" -rocket  -rocket]
[2015.11.20-14.01.19:926][799]Warning: Starting HotReload took  0.0s.
[2015.11.20-14.01.26:769][600]CompilerResultsLog: New page: Compilation - Nov 20, 2015, 4:01:26 PM
[2015.11.20-14.01.26:770][600]CompilerResultsLog: Info Compiling game modules for hot reload
[2015.11.20-14.01.26:770][600]CompilerResultsLog: Info Parsing headers for SpaceGameEditor
[2015.11.20-14.01.26:770][600]CompilerResultsLog: Info   Running UnrealHeaderTool "C:/Users/Spellabbet/Documents/GitHub/SpaceGame/Project/SpaceGame/SpaceGame.uproject" "C:\Users\Spellabbet\Documents\GitHub\SpaceGame\Project\SpaceGame\Intermediate\Build\Win64\SpaceGameEditor\Development\UnrealHeaderTool.manifest" -LogCmds="loginit warning, logexit warning, logdatabase error" -rocket -installed
[2015.11.20-14.01.26:770][600]CompilerResultsLog:Error: Error C:/Users/Spellabbet/Documents/GitHub/SpaceGame/Project/SpaceGame/Source/SpaceGame/Star.h(22)  : Unrecognized type 'OwnedBy' - type must be a UCLASS, USTRUCT or UENUM
[2015.11.20-14.01.26:770][600]CompilerResultsLog: Info The class definition range is invalid. Most probably caused by previous parsing error.
[2015.11.20-14.01.26:770][600]CompilerResultsLog:Error: Error Error: Failed to generate code for SpaceGameEditor - error code: OtherCompilationError (5) 
[2015.11.20-14.01.26:770][600]CompilerResultsLog: Info UnrealHeaderTool failed for target 'SpaceGameEditor' (platform: Win64, module info: C:\Users\Spellabbet\Documents\GitHub\SpaceGame\Project\SpaceGame\Intermediate\Build\Win64\SpaceGameEditor\Development\UnrealHeaderTool.manifest).
[2015.11.20-14.01.26:770][600]LogMainFrame: MainFrame: Module compiling took 6.848 seconds
[2015.11.20-14.01.26:770][600]Warning: HotReload failed, recompile failed
[2015.11.20-14.01.55:781][526]Recompiling SpaceGame...
[2015.11.20-14.01.55:781][526]Launching UnrealBuildTool... [C:/Program Files/Epic Games/4.9/Engine/Binaries/DotNET/UnrealBuildTool.exe SpaceGame -ModuleWithSuffix SpaceGame 3575 Win64 Development -editorrecompile -canskiplink "C:/Users/Spellabbet/Documents/GitHub/SpaceGame/Project/SpaceGame/SpaceGame.uproject" -rocket  -rocket]
[2015.11.20-14.01.55:782][526]Warning: Starting HotReload took  0.0s.
[2015.11.20-14.02.02:558][318]CompilerResultsLog: New page: Compilation - Nov 20, 2015, 4:02:02 PM
[2015.11.20-14.02.02:558][318]CompilerResultsLog: Info Compiling game modules for hot reload
[2015.11.20-14.02.02:558][318]CompilerResultsLog: Info Parsing headers for SpaceGameEditor
[2015.11.20-14.02.02:558][318]CompilerResultsLog: Info   Running UnrealHeaderTool "C:/Users/Spellabbet/Documents/GitHub/SpaceGame/Project/SpaceGame/SpaceGame.uproject" "C:\Users\Spellabbet\Documents\GitHub\SpaceGame\Project\SpaceGame\Intermediate\Build\Win64\SpaceGameEditor\Development\UnrealHeaderTool.manifest" -LogCmds="loginit warning, logexit warning, logdatabase error" -rocket -installed
[2015.11.20-14.02.02:558][318]CompilerResultsLog:Error: Error C:/Users/Spellabbet/Documents/GitHub/SpaceGame/Project/SpaceGame/Source/SpaceGame/Star.h(22)  : Inappropriate '*' on variable of type 'OwnedBy', cannot have an exposed pointer to this type.
[2015.11.20-14.02.02:558][318]CompilerResultsLog: Info The class definition range is invalid. Most probably caused by previous parsing error.
[2015.11.20-14.02.02:558][318]CompilerResultsLog:Error: Error Error: Failed to generate code for SpaceGameEditor - error code: OtherCompilationError (5) 
[2015.11.20-14.02.02:558][318]CompilerResultsLog: Info UnrealHeaderTool failed for target 'SpaceGameEditor' (platform: Win64, module info: C:\Users\Spellabbet\Documents\GitHub\SpaceGame\Project\SpaceGame\Intermediate\Build\Win64\SpaceGameEditor\Development\UnrealHeaderTool.manifest).
[2015.11.20-14.02.02:558][318]LogMainFrame: MainFrame: Module compiling took 6.781 seconds
[2015.11.20-14.02.02:559][318]Warning: HotReload failed, recompile failed
[2015.11.20-14.02.16:207][940]Recompiling SpaceGame...
[2015.11.20-14.02.16:207][940]Launching UnrealBuildTool... [C:/Program Files/Epic Games/4.9/Engine/Binaries/DotNET/UnrealBuildTool.exe SpaceGame -ModuleWithSuffix SpaceGame 7033 Win64 Development -editorrecompile -canskiplink "C:/Users/Spellabbet/Documents/GitHub/SpaceGame/Project/SpaceGame/SpaceGame.uproject" -rocket  -rocket]
[2015.11.20-14.02.16:208][940]Warning: Starting HotReload took  0.0s.
[2015.11.20-14.02.25:710][ 60]CompilerResultsLog: New page: Compilation - Nov 20, 2015, 4:02:25 PM
[2015.11.20-14.02.25:711][ 60]CompilerResultsLog: Info Compiling game modules for hot reload
[2015.11.20-14.02.25:711][ 60]CompilerResultsLog: Info Parsing headers for SpaceGameEditor
[2015.11.20-14.02.25:711][ 60]CompilerResultsLog: Info   Running UnrealHeaderTool "C:/Users/Spellabbet/Documents/GitHub/SpaceGame/Project/SpaceGame/SpaceGame.uproject" "C:\Users\Spellabbet\Documents\GitHub\SpaceGame\Project\SpaceGame\Intermediate\Build\Win64\SpaceGameEditor\Development\UnrealHeaderTool.manifest" -LogCmds="loginit warning, logexit warning, logdatabase error" -rocket -installed
[2015.11.20-14.02.25:711][ 60]CompilerResultsLog: Info Reflection code generated for SpaceGameEditor in 7,0989252 seconds
[2015.11.20-14.02.25:711][ 60]CompilerResultsLog: Info Performing 4 actions (4 in parallel)
[2015.11.20-14.02.25:711][ 60]CompilerResultsLog: Info Star.cpp
[2015.11.20-14.02.25:711][ 60]CompilerResultsLog: Info Link.cpp
[2015.11.20-14.02.25:711][ 60]CompilerResultsLog: Info SpaceGame.generated.cpp
[2015.11.20-14.02.25:711][ 60]CompilerResultsLog:Error: Error c:\users\spellabbet\documents\github\spacegame\project\spacegame\source\spacegame\Star.h(22)  : error C2146: syntax error : missing ';' before identifier 'OwnedBy'c:\users\spellabbet\documents\github\spacegame\project\spacegame\source\spacegame\Star.h(22) : error C2146: syntax error : missing ';' before identifier 'OwnedBy'
[2015.11.20-14.02.25:711][ 60]CompilerResultsLog: Info 
[2015.11.20-14.02.25:711][ 60]CompilerResultsLog:Error: Error c:\users\spellabbet\documents\github\spacegame\project\spacegame\source\spacegame\Star.h(22)  : error C4430: missing type specifier - int assumed. Note: C++ does not support default-intc:\users\spellabbet\documents\github\spacegame\project\spacegame\source\spacegame\Star.h(22) : error C4430: missing type specifier - int assumed. Note: C++ does not support default-int
[2015.11.20-14.02.25:711][ 60]CompilerResultsLog: Info 
[2015.11.20-14.02.25:711][ 60]CompilerResultsLog:Error: Error C:\Users\Spellabbet\Documents\GitHub\SpaceGame\Project\SpaceGame\Source\SpaceGame\Star.h(22)  : error C2146: syntax error : missing ';' before identifier 'OwnedBy'
[2015.11.20-14.02.25:711][ 60]CompilerResultsLog:Error: Error C:\Users\Spellabbet\Documents\GitHub\SpaceGame\Project\SpaceGame\Source\SpaceGame\Star.h(22)  : error C4430: missing type specifier - int assumed. Note: C++ does not support default-int
[2015.11.20-14.02.25:711][ 60]CompilerResultsLog: Info -------- End Detailed Actions Stats -----------------------------------------------------------
[2015.11.20-14.02.25:711][ 60]CompilerResultsLog: Info ERROR: UBT ERROR: Failed to produce item: C:\Users\Spellabbet\Documents\GitHub\SpaceGame\Project\SpaceGame\Binaries\Win64\UE4Editor-SpaceGame-7033.dll
[2015.11.20-14.02.25:711][ 60]CompilerResultsLog: Info Total build time: 9,48 seconds
[2015.11.20-14.02.25:711][ 60]LogMainFrame: MainFrame: Module compiling took 9.507 seconds
[2015.11.20-14.02.25:711][ 60]Warning: HotReload failed, recompile failed
[2015.11.20-14.02.44:340][100]Recompiling SpaceGame...
[2015.11.20-14.02.44:341][100]Launching UnrealBuildTool... [C:/Program Files/Epic Games/4.9/Engine/Binaries/DotNET/UnrealBuildTool.exe SpaceGame -ModuleWithSuffix SpaceGame 3617 Win64 Development -editorrecompile -canskiplink "C:/Users/Spellabbet/Documents/GitHub/SpaceGame/Project/SpaceGame/SpaceGame.uproject" -rocket  -rocket]
[2015.11.20-14.02.44:342][100]Warning: Starting HotReload took  0.0s.
[2015.11.20-14.02.51:251][905]CompilerResultsLog: New page: Compilation - Nov 20, 2015, 4:02:51 PM
[2015.11.20-14.02.51:251][905]CompilerResultsLog: Info Compiling game modules for hot reload
[2015.11.20-14.02.51:251][905]CompilerResultsLog: Info Parsing headers for SpaceGameEditor
[2015.11.20-14.02.51:251][905]CompilerResultsLog: Info   Running UnrealHeaderTool "C:/Users/Spellabbet/Documents/GitHub/SpaceGame/Project/SpaceGame/SpaceGame.uproject" "C:\Users\Spellabbet\Documents\GitHub\SpaceGame\Project\SpaceGame\Intermediate\Build\Win64\SpaceGameEditor\Development\UnrealHeaderTool.manifest" -LogCmds="loginit warning, logexit warning, logdatabase error" -rocket -installed
[2015.11.20-14.02.51:251][905]CompilerResultsLog:Error: Error C:/Users/Spellabbet/Documents/GitHub/SpaceGame/Project/SpaceGame/Source/SpaceGame/Star.h(31)  : Unknown variable specifier 'Caegory'
[2015.11.20-14.02.51:251][905]CompilerResultsLog: Info The class definition range is invalid. Most probably caused by previous parsing error.
[2015.11.20-14.02.51:251][905]CompilerResultsLog:Error: Error Error: Failed to generate code for SpaceGameEditor - error code: OtherCompilationError (5) 
[2015.11.20-14.02.51:251][905]CompilerResultsLog: Info UnrealHeaderTool failed for target 'SpaceGameEditor' (platform: Win64, module info: C:\Users\Spellabbet\Documents\GitHub\SpaceGame\Project\SpaceGame\Intermediate\Build\Win64\SpaceGameEditor\Development\UnrealHeaderTool.manifest).
[2015.11.20-14.02.51:251][905]LogMainFrame: MainFrame: Module compiling took 6.913 seconds
[2015.11.20-14.02.51:251][905]Warning: HotReload failed, recompile failed
[2015.11.20-14.03.37:202][232]Recompiling SpaceGame...
[2015.11.20-14.03.37:202][232]Launching UnrealBuildTool... [C:/Program Files/Epic Games/4.9/Engine/Binaries/DotNET/UnrealBuildTool.exe SpaceGame -ModuleWithSuffix SpaceGame 3027 Win64 Development -editorrecompile -canskiplink "C:/Users/Spellabbet/Documents/GitHub/SpaceGame/Project/SpaceGame/SpaceGame.uproject" -rocket  -rocket]
[2015.11.20-14.03.37:203][232]Warning: Starting HotReload took  0.0s.
[2015.11.20-14.03.47:361][428]CompilerResultsLog: New page: Compilation - Nov 20, 2015, 4:03:47 PM
[2015.11.20-14.03.47:361][428]CompilerResultsLog: Info Compiling game modules for hot reload
[2015.11.20-14.03.47:361][428]CompilerResultsLog: Info Parsing headers for SpaceGameEditor
[2015.11.20-14.03.47:361][428]CompilerResultsLog: Info   Running UnrealHeaderTool "C:/Users/Spellabbet/Documents/GitHub/SpaceGame/Project/SpaceGame/SpaceGame.uproject" "C:\Users\Spellabbet\Documents\GitHub\SpaceGame\Project\SpaceGame\Intermediate\Build\Win64\SpaceGameEditor\Development\UnrealHeaderTool.manifest" -LogCmds="loginit warning, logexit warning, logdatabase error" -rocket -installed
[2015.11.20-14.03.47:361][428]CompilerResultsLog: Info Reflection code generated for SpaceGameEditor in 6,8442795 seconds
[2015.11.20-14.03.47:361][428]CompilerResultsLog: Info Performing 4 actions (4 in parallel)
[2015.11.20-14.03.47:362][428]CompilerResultsLog: Info Link.cpp
[2015.11.20-14.03.47:362][428]CompilerResultsLog: Info Star.cpp
[2015.11.20-14.03.47:362][428]CompilerResultsLog: Info SpaceGame.generated.cpp
[2015.11.20-14.03.47:362][428]CompilerResultsLog: Info [4/4] Link UE4Editor-SpaceGame-3027.dll
[2015.11.20-14.03.47:362][428]CompilerResultsLog: Info    Creating library C:\Users\Spellabbet\Documents\GitHub\SpaceGame\Project\SpaceGame\Intermediate/Build/Win64\UE4Editor\Development\UE4Editor-SpaceGame-3027.lib and object C:\Users\Spellabbet\Documents\GitHub\SpaceGame\Project\SpaceGame\Intermediate/Build/Win64\UE4Editor\Development\UE4Editor-SpaceGame-3027.exp
[2015.11.20-14.03.47:362][428]CompilerResultsLog: Info -------- End Detailed Actions Stats -----------------------------------------------------------
[2015.11.20-14.03.47:362][428]CompilerResultsLog: Info Total build time: 10,13 seconds
[2015.11.20-14.03.47:362][428]LogMainFrame: MainFrame: Module compiling took 10.162 seconds
[2015.11.20-14.03.47:493][428]LogClass: Could not find existing class Star in package /Script/SpaceGame for HotReload, assuming new class
[2015.11.20-14.03.47:493][428]LogClass: Function OnBeginOverlap is new.
[2015.11.20-14.03.47:493][428]LogClass: Function OnEndOverlap is new.
[2015.11.20-14.03.47:494][428]LogClass: Could not find existing enum OwnedBy for HotReload. Assuming new
[2015.11.20-14.03.47:495][428]LogHotReload: Re-instancing Star after hot-reload.
[2015.11.20-14.03.47:514][428]LogContentBrowser: Native class hierarchy updated for 'SpaceGame' in 0.0009 seconds. Added 6 classes and 2 folders.
[2015.11.20-14.03.47:515][428]Warning: HotReload successful (2 functions remapped  0 scriptstructs remapped)
[2015.11.20-14.03.47:565][428]LogContentBrowser: Native class hierarchy populated in 0.0065 seconds. Added 1874 classes and 337 folders.
[2015.11.20-14.04.39:482][184]Recompiling SpaceGame...
[2015.11.20-14.04.39:482][184]Launching UnrealBuildTool... [C:/Program Files/Epic Games/4.9/Engine/Binaries/DotNET/UnrealBuildTool.exe SpaceGame -ModuleWithSuffix SpaceGame 6984 Win64 Development -editorrecompile -canskiplink "C:/Users/Spellabbet/Documents/GitHub/SpaceGame/Project/SpaceGame/SpaceGame.uproject" -rocket  -rocket]
[2015.11.20-14.04.39:483][184]Warning: Starting HotReload took  0.0s.
[2015.11.20-14.04.41:702][431]CompilerResultsLog: New page: Compilation - Nov 20, 2015, 4:04:41 PM
[2015.11.20-14.04.41:702][431]CompilerResultsLog: Info Compiling game modules for hot reload
[2015.11.20-14.04.41:702][431]CompilerResultsLog: Info Performing 2 actions (4 in parallel)
[2015.11.20-14.04.41:702][431]CompilerResultsLog: Info Star.cpp
[2015.11.20-14.04.41:702][431]CompilerResultsLog:Error: Error C:\Users\Spellabbet\Documents\GitHub\SpaceGame\Project\SpaceGame\Source\SpaceGame\Star.cpp(22)  : error C2065: 'ownedBy' : undeclared identifier
[2015.11.20-14.04.41:702][431]CompilerResultsLog: Info -------- End Detailed Actions Stats -----------------------------------------------------------
[2015.11.20-14.04.41:702][431]CompilerResultsLog: Info ERROR: UBT ERROR: Failed to produce item: C:\Users\Spellabbet\Documents\GitHub\SpaceGame\Project\SpaceGame\Binaries\Win64\UE4Editor-SpaceGame-6984.dll
[2015.11.20-14.04.41:702][431]CompilerResultsLog: Info Total build time: 2,19 seconds
[2015.11.20-14.04.41:702][431]LogMainFrame: MainFrame: Module compiling took 2.222 seconds
[2015.11.20-14.04.41:702][431]Warning: HotReload failed, recompile failed
[2015.11.20-14.05.10:806][679]Recompiling SpaceGame...
[2015.11.20-14.05.10:806][679]Launching UnrealBuildTool... [C:/Program Files/Epic Games/4.9/Engine/Binaries/DotNET/UnrealBuildTool.exe SpaceGame -ModuleWithSuffix SpaceGame 359 Win64 Development -editorrecompile -canskiplink "C:/Users/Spellabbet/Documents/GitHub/SpaceGame/Project/SpaceGame/SpaceGame.uproject" -rocket  -rocket]
[2015.11.20-14.05.10:807][679]Warning: Starting HotReload took  0.0s.
[2015.11.20-14.05.17:424][451]CompilerResultsLog: New page: Compilation - Nov 20, 2015, 4:05:17 PM
[2015.11.20-14.05.17:424][451]CompilerResultsLog: Info Compiling game modules for hot reload
[2015.11.20-14.05.17:424][451]CompilerResultsLog: Info Parsing headers for SpaceGameEditor
[2015.11.20-14.05.17:424][451]CompilerResultsLog: Info   Running UnrealHeaderTool "C:/Users/Spellabbet/Documents/GitHub/SpaceGame/Project/SpaceGame/SpaceGame.uproject" "C:\Users\Spellabbet\Documents\GitHub\SpaceGame\Project\SpaceGame\Intermediate\Build\Win64\SpaceGameEditor\Development\UnrealHeaderTool.manifest" -LogCmds="loginit warning, logexit warning, logdatabase error" -rocket -installed
[2015.11.20-14.05.17:424][451]CompilerResultsLog:Error: Error C:/Users/Spellabbet/Documents/GitHub/SpaceGame/Project/SpaceGame/Source/SpaceGame/Star.h(31)  : Unknown variable specifier 'Caegory'
[2015.11.20-14.05.17:424][451]CompilerResultsLog: Info The class definition range is invalid. Most probably caused by previous parsing error.
[2015.11.20-14.05.17:424][451]CompilerResultsLog:Error: Error Error: Failed to generate code for SpaceGameEditor - error code: OtherCompilationError (5) 
[2015.11.20-14.05.17:424][451]CompilerResultsLog: Info UnrealHeaderTool failed for target 'SpaceGameEditor' (platform: Win64, module info: C:\Users\Spellabbet\Documents\GitHub\SpaceGame\Project\SpaceGame\Intermediate\Build\Win64\SpaceGameEditor\Development\UnrealHeaderTool.manifest).
[2015.11.20-14.05.17:424][451]LogMainFrame: MainFrame: Module compiling took 6.622 seconds
[2015.11.20-14.05.17:424][451]Warning: HotReload failed, recompile failed
[2015.11.20-14.06.21:527][452]Cmd: QUIT_EDITOR
[2015.11.20-14.06.21:747][452]LogExit: Preparing to exit.
[2015.11.20-14.06.22:509][452]LogExit: Editor shut down
[2015.11.20-14.06.22:510][452]LogExit: Transaction tracking system shut down
[2015.11.20-14.06.22:512][452]LogParticles: Destroying 0 GPU particle simulations for FXSystem 0x000000193B537420
[2015.11.20-14.06.22:512][452]LogParticles: Destroying 0 GPU particle simulations for FXSystem 0x000000194D51B920
[2015.11.20-14.06.22:512][452]LogParticles: Destroying 0 GPU particle simulations for FXSystem 0x000000195466FEC0
[2015.11.20-14.06.22:512][452]LogParticles: Destroying 0 GPU particle simulations for FXSystem 0x000000195466FCE0
[2015.11.20-14.06.22:616][452]LogExit: Object subsystem successfully closed.
[2015.11.20-14.06.22:631][452]LogD3D11RHI: Shutdown
[2015.11.20-14.06.22:631][452]LogD3D11RHI: CleanupD3DDevice
[2015.11.20-14.06.22:677][452]LogD3D11RHI: ~FD3D11DynamicRHI
[2015.11.20-14.06.22:705][452]LogModuleManager: Shutting down and abandoning module CrashTracker (198)
[2015.11.20-14.06.22:705][452]LogModuleManager: Shutting down and abandoning module SceneOutliner (197)
[2015.11.20-14.06.22:705][452]LogModuleManager: Shutting down and abandoning module SuperSearch (196)
[2015.11.20-14.06.22:705][452]LogModuleManager: Shutting down and abandoning module WidgetCarousel (195)
[2015.11.20-14.06.22:705][452]LogModuleManager: Shutting down and abandoning module AddContentDialog (194)
[2015.11.20-14.06.22:707][452]LogModuleManager: Shutting down and abandoning module EditorWidgets (193)
[2015.11.20-14.06.22:707][452]LogModuleManager: Shutting down and abandoning module CollectionManager (192)
[2015.11.20-14.06.22:707][452]LogModuleManager: Shutting down and abandoning module StatsViewer (191)
[2015.11.20-14.06.22:707][452]LogModuleManager: Shutting down and abandoning module FoliageEdit (190)
[2015.11.20-14.06.22:708][452]LogModuleManager: Shutting down and abandoning module LandscapeEditor (189)
[2015.11.20-14.06.22:708][452]LogModuleManager: Shutting down and abandoning module ActorPickerMode (188)
[2015.11.20-14.06.22:708][452]LogModuleManager: Shutting down and abandoning module GeometryMode (187)
[2015.11.20-14.06.22:708][452]LogModuleManager: Shutting down and abandoning module TextureAlignMode (186)
[2015.11.20-14.06.22:708][452]LogModuleManager: Shutting down and abandoning module BspMode (185)
[2015.11.20-14.06.22:708][452]LogModuleManager: Shutting down and abandoning module PlacementMode (184)
[2015.11.20-14.06.22:708][452]LogModuleManager: Shutting down and abandoning module AutomationWorker (183)
[2015.11.20-14.06.22:708][452]LogModuleManager: Shutting down and abandoning module CharacterAI (182)
[2015.11.20-14.06.22:708][452]LogModuleManager: Shutting down and abandoning module SmartSnapping (181)
[2015.11.20-14.06.22:708][452]LogModuleManager: Shutting down and abandoning module ViewportSnapping (180)
[2015.11.20-14.06.22:708][452]LogModuleManager: Shutting down and abandoning module LogVisualizer (179)
[2015.11.20-14.06.22:708][452]LogModuleManager: Shutting down and abandoning module GameProjectGeneration (178)
[2015.11.20-14.06.22:708][452]LogModuleManager: Shutting down and abandoning module IntroTutorials (177)
[2015.11.20-14.06.22:708][452]LogModuleManager: Shutting down and abandoning module EditorLiveStreaming (176)
[2015.11.20-14.06.22:708][452]LogModuleManager: Shutting down and abandoning module IOSPlatformEditor (175)
[2015.11.20-14.06.22:708][452]LogModuleManager: Shutting down and abandoning module HTML5PlatformEditor (174)
[2015.11.20-14.06.22:708][452]LogModuleManager: Shutting down and abandoning module AndroidDeviceDetection (173)
[2015.11.20-14.06.23:200][452]LogModuleManager: Shutting down and abandoning module AndroidPlatformEditor (172)
[2015.11.20-14.06.23:200][452]LogModuleManager: Shutting down and abandoning module IOSRuntimeSettings (171)
[2015.11.20-14.06.23:200][452]LogModuleManager: Shutting down and abandoning module AndroidRuntimeSettings (170)
[2015.11.20-14.06.23:200][452]LogModuleManager: Shutting down and abandoning module MergeActors (169)
[2015.11.20-14.06.23:200][452]LogModuleManager: Shutting down and abandoning module SizeMap (168)
[2015.11.20-14.06.23:200][452]LogModuleManager: Shutting down and abandoning module TreeMap (167)
[2015.11.20-14.06.23:200][452]LogModuleManager: Shutting down and abandoning module ReferenceViewer (166)
[2015.11.20-14.06.23:200][452]LogModuleManager: Shutting down and abandoning module LocalizationService (165)
[2015.11.20-14.06.23:200][452]LogModuleManager: Shutting down and abandoning module LocalizationDashboard (164)
[2015.11.20-14.06.23:200][452]LogModuleManager: Shutting down and abandoning module HardwareTargeting (163)
[2015.11.20-14.06.23:200][452]LogModuleManager: Shutting down and abandoning module DeviceProfileEditor (162)
[2015.11.20-14.06.23:200][452]LogModuleManager: Shutting down and abandoning module UndoHistory (161)
[2015.11.20-14.06.23:200][452]LogModuleManager: Shutting down and abandoning module GameplayTagsEditor (160)
[2015.11.20-14.06.23:201][452]LogModuleManager: Shutting down and abandoning module UserFeedback (159)
[2015.11.20-14.06.23:201][452]LogModuleManager: Shutting down and abandoning module XmlParser (158)
[2015.11.20-14.06.23:201][452]LogModuleManager: Shutting down and abandoning module Blutility (157)
[2015.11.20-14.06.23:201][452]LogModuleManager: Shutting down and abandoning module ProjectTargetPlatformEditor (156)
[2015.11.20-14.06.23:201][452]LogModuleManager: Shutting down and abandoning module ProjectSettingsViewer (155)
[2015.11.20-14.06.23:201][452]LogModuleManager: Shutting down and abandoning module InputBindingEditor (154)
[2015.11.20-14.06.23:201][452]LogModuleManager: Shutting down and abandoning module EditorSettingsViewer (153)
[2015.11.20-14.06.23:201][452]LogModuleManager: Shutting down and abandoning module SettingsEditor (152)
[2015.11.20-14.06.23:201][452]LogModuleManager: Shutting down and abandoning module ProjectLauncher (151)
[2015.11.20-14.06.23:202][452]LogModuleManager: Shutting down and abandoning module SessionFrontend (150)
[2015.11.20-14.06.23:202][452]LogModuleManager: Shutting down and abandoning module ProfilerClient (149)
[2015.11.20-14.06.23:202][452]LogModuleManager: Shutting down and abandoning module TargetDeviceServices (148)
[2015.11.20-14.06.23:202][452]LogModuleManager: Shutting down and abandoning module DeviceManager (147)
[2015.11.20-14.06.23:202][452]LogModuleManager: Shutting down and abandoning module AutomationController (146)
[2015.11.20-14.06.23:202][452]LogModuleManager: Shutting down and abandoning module AutomationWindow (145)
[2015.11.20-14.06.23:202][452]LogModuleManager: Shutting down and abandoning module Layers (144)
[2015.11.20-14.06.23:202][452]LogModuleManager: Shutting down and abandoning module ComponentVisualizers (143)
[2015.11.20-14.06.23:202][452]LogModuleManager: Shutting down and abandoning module DetailCustomizations (142)
[2015.11.20-14.06.23:202][452]LogModuleManager: Shutting down and abandoning module PackagesDialog (141)
[2015.11.20-14.06.23:203][452]LogModuleManager: Shutting down and abandoning module Persona (140)
[2015.11.20-14.06.23:203][452]LogModuleManager: Shutting down and abandoning module Kismet (139)
[2015.11.20-14.06.23:203][452]LogModuleManager: Shutting down and abandoning module GraphEditor (138)
[2015.11.20-14.06.23:203][452]LogModuleManager: Shutting down and abandoning module ClassViewer (137)
[2015.11.20-14.06.23:203][452]LogModuleManager: Shutting down and abandoning module Toolbox (136)
[2015.11.20-14.06.23:203][452]LogModuleManager: Shutting down and abandoning module ModuleUI (135)
[2015.11.20-14.06.23:203][452]LogModuleManager: Shutting down and abandoning module MovieSceneTools (134)
[2015.11.20-14.06.23:203][452]LogModuleManager: Shutting down and abandoning module OutputLog (133)
[2015.11.20-14.06.23:203][452]LogModuleManager: Shutting down and abandoning module GammaUI (132)
[2015.11.20-14.06.23:203][452]LogModuleManager: Shutting down and abandoning module Documentation (131)
[2015.11.20-14.06.23:204][452]LogModuleManager: Shutting down and abandoning module GameLiveStreaming (130)
[2015.11.20-14.06.23:204][452]LogModuleManager: Shutting down and abandoning module StreamingPauseRendering (129)
[2015.11.20-14.06.23:204][452]LogModuleManager: Shutting down and abandoning module AnalyticsET (128)
[2015.11.20-14.06.23:204][452]LogModuleManager: Shutting down and abandoning module Analytics (127)
[2015.11.20-14.06.23:204][452]LogModuleManager: Shutting down and abandoning module AITestSuite (126)
[2015.11.20-14.06.23:204][452]LogModuleManager: Shutting down and abandoning module GameplayDebugger (125)
[2015.11.20-14.06.23:204][452]LogModuleManager: Shutting down and abandoning module AIModule (124)
[2015.11.20-14.06.23:204][452]LogModuleManager: Shutting down and abandoning module ProfilerService (123)
[2015.11.20-14.06.23:355][452]LogModuleManager: Shutting down and abandoning module TaskGraph (122)
[2015.11.20-14.06.23:355][452]LogModuleManager: Shutting down and abandoning module SlateRemote (121)
[2015.11.20-14.06.23:355][452]LogModuleManager: Shutting down and abandoning module SteamVRController (120)
[2015.11.20-14.06.23:355][452]LogModuleManager: Shutting down and abandoning module SteamVR (119)
[2015.11.20-14.06.23:355][452]LogModuleManager: Shutting down and abandoning module ProceduralMeshComponent (118)
[2015.11.20-14.06.23:355][452]LogModuleManager: Shutting down and abandoning module OculusRift (117)
[2015.11.20-14.06.23:355][452]LogModuleManager: Shutting down and abandoning module OculusLibrary (116)
[2015.11.20-14.06.23:355][452]LogModuleManager: Shutting down and abandoning module LeapMotionController (115)
[2015.11.20-14.06.23:375][452]LogModuleManager: Shutting down and abandoning module CustomMeshComponent (114)
[2015.11.20-14.06.23:375][452]LogModuleManager: Shutting down and abandoning module CableComponent (113)
[2015.11.20-14.06.23:375][452]LogModuleManager: Shutting down and abandoning module ArchVisCharacter (112)
[2015.11.20-14.06.23:375][452]LogModuleManager: Shutting down and abandoning module MessagingDebugger (111)
[2015.11.20-14.06.23:375][452]LogModuleManager: Shutting down and abandoning module MediaPlayerEditor (110)
[2015.11.20-14.06.23:375][452]LogModuleManager: Shutting down and abandoning module HTML5Networking (109)
[2015.11.20-14.06.23:375][452]LogModuleManager: Shutting down and abandoning module SpeedTreeImporter (108)
[2015.11.20-14.06.23:375][452]LogModuleManager: Shutting down and abandoning module PluginBrowser (107)
[2015.11.20-14.06.23:375][452]LogModuleManager: Shutting down and abandoning module EpicSurvey (106)
[2015.11.20-14.06.23:375][452]LogModuleManager: Shutting down and abandoning module DesktopPlatform (105)
[2015.11.20-14.06.23:375][452]LogModuleManager: Shutting down and abandoning module VisualStudioSourceCodeAccess (104)
[2015.11.20-14.06.23:375][452]LogModuleManager: Shutting down and abandoning module UObjectPlugin (103)
[2015.11.20-14.06.23:375][452]LogModuleManager: Shutting down and abandoning module SubversionSourceControl (102)
[2015.11.20-14.06.23:375][452]LogModuleManager: Shutting down and abandoning module PerforceSourceControl (101)
[2015.11.20-14.06.23:375][452]LogModuleManager: Shutting down and abandoning module SourceControl (100)
[2015.11.20-14.06.23:375][452]LogModuleManager: Shutting down and abandoning module GitSourceControl (99)
[2015.11.20-14.06.23:375][452]LogModuleManager: Shutting down and abandoning module LightPropagationVolumeEditor (98)
[2015.11.20-14.06.23:375][452]LogModuleManager: Shutting down and abandoning module PaperTiledImporter (97)
[2015.11.20-14.06.23:375][452]LogModuleManager: Shutting down and abandoning module PaperSpriteSheetImporter (96)
[2015.11.20-14.06.23:375][452]LogModuleManager: Shutting down and abandoning module MeshPaint (95)
[2015.11.20-14.06.23:375][452]LogModuleManager: Shutting down and abandoning module SlateReflector (94)
[2015.11.20-14.06.23:375][452]LogModuleManager: Shutting down and abandoning module HotReload (93)
[2015.11.20-14.06.23:376][452]LogModuleManager: Shutting down and abandoning module MainFrame (92)
[2015.11.20-14.06.23:376][452]LogModuleManager: Shutting down and abandoning module LevelEditor (91)
[2015.11.20-14.06.23:377][452]LogModuleManager: Shutting down and abandoning module DirectoryWatcher (90)
[2015.11.20-14.06.23:378][452]LogModuleManager: Shutting down and abandoning module AssetRegistry (89)
[2015.11.20-14.06.23:501][452]LogModuleManager: Shutting down and abandoning module ContentBrowser (88)
[2015.11.20-14.06.23:502][452]LogModuleManager: Shutting down and abandoning module Paper2DEditor (87)
[2015.11.20-14.06.23:502][452]LogModuleManager: Shutting down and abandoning module SpaceGame (86)
[2015.11.20-14.06.23:502][452]LogModuleManager: Shutting down and abandoning module UdpMessaging (85)
[2015.11.20-14.06.23:602][452]LogModuleManager: Shutting down and abandoning module LightPropagationVolumeRuntime (84)
[2015.11.20-14.06.23:602][452]LogModuleManager: Shutting down and abandoning module Paper2D (83)
[2015.11.20-14.06.23:602][452]LogModuleManager: Shutting down and abandoning module WindowsMoviePlayer (82)
[2015.11.20-14.06.23:606][452]LogModuleManager: Shutting down and abandoning module Media (81)
[2015.11.20-14.06.23:606][452]LogModuleManager: Shutting down and abandoning module WmfMedia (80)
[2015.11.20-14.06.23:606][452]LogModuleManager: Shutting down and abandoning module OnlineBlueprintSupport (79)
[2015.11.20-14.06.23:606][452]LogModuleManager: Shutting down and abandoning module GameplayTasksEditor (78)
[2015.11.20-14.06.23:606][452]LogModuleManager: Shutting down and abandoning module PropertyEditor (77)
[2015.11.20-14.06.23:607][452]LogModuleManager: Shutting down and abandoning module BehaviorTreeEditor (76)
[2015.11.20-14.06.23:607][452]LogModuleManager: Shutting down and abandoning module FunctionalTesting (75)
[2015.11.20-14.06.23:607][452]LogModuleManager: Shutting down and abandoning module CollisionAnalyzer (74)
[2015.11.20-14.06.23:607][452]LogModuleManager: Shutting down and abandoning module WorkspaceMenuStructure (73)
[2015.11.20-14.06.23:607][452]LogModuleManager: Shutting down and abandoning module MessageLog (72)
[2015.11.20-14.06.23:607][452]LogModuleManager: Shutting down and abandoning module Sequencer (71)
[2015.11.20-14.06.23:607][452]LogModuleManager: Shutting down and abandoning module AssetTools (70)
[2015.11.20-14.06.23:607][452]LogModuleManager: Shutting down and abandoning module UMGEditor (69)
[2015.11.20-14.06.23:607][452]LogModuleManager: Shutting down and abandoning module UMG (68)
[2015.11.20-14.06.23:607][452]LogModuleManager: Shutting down and abandoning module Slate (67)
[2015.11.20-14.06.23:607][452]LogModuleManager: Shutting down and abandoning module EditorStyle (66)
[2015.11.20-14.06.23:611][452]LogModuleManager: Shutting down and abandoning module SessionServices (65)
[2015.11.20-14.06.23:611][452]LogModuleManager: Shutting down and abandoning module SourceCodeAccess (64)
[2015.11.20-14.06.23:611][452]LogModuleManager: Shutting down and abandoning module HeadMountedDisplay (63)
[2015.11.20-14.06.23:611][452]LogModuleManager: Shutting down and abandoning module XAudio2 (62)
[2015.11.20-14.06.23:611][452]LogModuleManager: Shutting down and abandoning module Networking (60)
[2015.11.20-14.06.23:611][452]LogModuleManager: Shutting down and abandoning module Core (59)
[2015.11.20-14.06.23:611][452]LogModuleManager: Shutting down and abandoning module KismetCompiler (58)
[2015.11.20-14.06.23:611][452]LogModuleManager: Shutting down and abandoning module PhysXFormats (57)
[2015.11.20-14.06.23:611][452]LogModuleManager: Shutting down and abandoning module MeshUtilities (56)
[2015.11.20-14.06.23:611][452]LogModuleManager: Shutting down and abandoning module CookingStats (55)
[2015.11.20-14.06.23:611][452]LogModuleManager: Shutting down and abandoning module DerivedDataCache (54)
[2015.11.20-14.06.23:629][452]LogDerivedDataCache: Shutdown
[2015.11.20-14.06.23:629][452]LogModuleManager: Shutting down and abandoning module ShaderFormatOpenGL (53)
[2015.11.20-14.06.23:629][452]LogModuleManager: Shutting down and abandoning module ShaderFormatD3D (52)
[2015.11.20-14.06.23:629][452]LogModuleManager: Shutting down and abandoning module MetalShaderFormat (51)
[2015.11.20-14.06.23:629][452]LogModuleManager: Shutting down and abandoning module TextureFormatUncompressed (50)
[2015.11.20-14.06.23:629][452]LogModuleManager: Shutting down and abandoning module TextureFormatPVR (49)
[2015.11.20-14.06.23:629][452]LogModuleManager: Shutting down and abandoning module TextureFormatIntelISPCTexComp (48)
[2015.11.20-14.06.23:629][452]LogModuleManager: Shutting down and abandoning module TextureFormatDXT (47)
[2015.11.20-14.06.23:629][452]LogModuleManager: Shutting down and abandoning module ImageWrapper (46)
[2015.11.20-14.06.23:629][452]LogModuleManager: Shutting down and abandoning module TextureFormatASTC (45)
[2015.11.20-14.06.23:629][452]LogModuleManager: Shutting down and abandoning module TextureFormatAndroid (44)
[2015.11.20-14.06.23:629][452]LogModuleManager: Shutting down and abandoning module AudioFormatOpus (43)
[2015.11.20-14.06.23:629][452]LogModuleManager: Shutting down and abandoning module AudioFormatOgg (42)
[2015.11.20-14.06.23:629][452]LogModuleManager: Shutting down and abandoning module AudioFormatADPCM (41)
[2015.11.20-14.06.23:629][452]LogModuleManager: Shutting down and abandoning module LinuxTargetPlatform (40)
[2015.11.20-14.06.23:629][452]LogModuleManager: Shutting down and abandoning module LinuxServerTargetPlatform (39)
[2015.11.20-14.06.23:629][452]LogModuleManager: Shutting down and abandoning module LinuxNoEditorTargetPlatform (38)
[2015.11.20-14.06.23:629][452]LogModuleManager: Shutting down and abandoning module Messaging (37)
[2015.11.20-14.06.23:629][452]LogModuleManager: Shutting down and abandoning module IOSTargetPlatform (36)
[2015.11.20-14.06.23:629][452]LogModuleManager: Shutting down and abandoning module HTML5TargetPlatform (35)
[2015.11.20-14.06.23:629][452]LogModuleManager: Shutting down and abandoning module Android_PVRTCTargetPlatform (34)
[2015.11.20-14.06.23:630][452]LogModuleManager: Shutting down and abandoning module Android_ETC2TargetPlatform (33)
[2015.11.20-14.06.23:630][452]LogModuleManager: Shutting down and abandoning module Android_ETC1TargetPlatform (32)
[2015.11.20-14.06.23:630][452]LogModuleManager: Shutting down and abandoning module Android_DXTTargetPlatform (31)
[2015.11.20-14.06.23:630][452]LogModuleManager: Shutting down and abandoning module Android_ATCTargetPlatform (30)
[2015.11.20-14.06.23:630][452]LogModuleManager: Shutting down and abandoning module Android_ASTCTargetPlatform (29)
[2015.11.20-14.06.23:630][452]LogModuleManager: Shutting down and abandoning module AndroidTargetPlatform (28)
[2015.11.20-14.06.23:630][452]LogModuleManager: Shutting down and abandoning module WindowsTargetPlatform (27)
[2015.11.20-14.06.23:630][452]LogModuleManager: Shutting down and abandoning module WindowsServerTargetPlatform (26)
[2015.11.20-14.06.23:630][452]LogModuleManager: Shutting down and abandoning module WindowsNoEditorTargetPlatform (25)
[2015.11.20-14.06.23:630][452]LogModuleManager: Shutting down and abandoning module WindowsClientTargetPlatform (24)
[2015.11.20-14.06.23:630][452]LogModuleManager: Shutting down and abandoning module AllDesktopTargetPlatform (23)
[2015.11.20-14.06.23:630][452]LogModuleManager: Shutting down and abandoning module TargetPlatform (22)
[2015.11.20-14.06.23:630][452]LogModuleManager: Shutting down and abandoning module InputCore (21)
[2015.11.20-14.06.23:630][452]LogModuleManager: Shutting down and abandoning module Settings (20)
[2015.11.20-14.06.23:630][452]LogModuleManager: Shutting down and abandoning module OnlineSubsystem (18)
[2015.11.20-14.06.23:630][452]LogModuleManager: Shutting down and abandoning module HTTP (17)
[2015.11.20-14.06.24:632][452]LogModuleManager: Shutting down and abandoning module XMPP (16)
[2015.11.20-14.06.24:632][452]LogModuleManager: Shutting down and abandoning module ExampleDeviceProfileSelector (15)
[2015.11.20-14.06.24:632][452]LogModuleManager: Shutting down and abandoning module TextureCompressor (14)
[2015.11.20-14.06.24:632][452]LogModuleManager: Shutting down and abandoning module ShaderCore (13)
[2015.11.20-14.06.24:632][452]LogModuleManager: Shutting down and abandoning module Landscape (12)
[2015.11.20-14.06.24:633][452]LogModuleManager: Shutting down and abandoning module SlateRHIRenderer (11)
[2015.11.20-14.06.24:634][452]LogModuleManager: Shutting down and abandoning module OpenGLDrv (10)
[2015.11.20-14.06.24:634][452]LogModuleManager: Shutting down and abandoning module D3D11RHI (9)
[2015.11.20-14.06.24:634][452]LogModuleManager: Shutting down and abandoning module AnimGraphRuntime (8)
[2015.11.20-14.06.24:634][452]LogModuleManager: Shutting down and abandoning module Renderer (7)
[2015.11.20-14.06.24:635][452]LogModuleManager: Shutting down and abandoning module Engine (6)
[2015.11.20-14.06.24:635][452]LogModuleManager: Shutting down and abandoning module CoreUObject (5)
[2015.11.20-14.06.24:635][452]LogModuleManager: Shutting down and abandoning module NetworkFile (4)
[2015.11.20-14.06.24:635][452]LogModuleManager: Shutting down and abandoning module StreamingFile (3)
[2015.11.20-14.06.24:635][452]LogModuleManager: Shutting down and abandoning module SandboxFile (2)
[2015.11.20-14.06.24:635][452]LogModuleManager: Shutting down and abandoning module PakFile (1)
[2015.11.20-14.06.24:636][452]LogExit: Exiting.
[2015.11.20-14.06.24:639][452]Log file closed, 11/20/15 15:06:24
