[2015.11.27-11.46.52:439][  0]Log file open, 11/27/15 12:46:52
[2015.11.27-11.46.52:439][  0]LogInit:Display: Running engine without a game
[2015.11.27-11.46.52:439][  0]LogInit:Display: Loading recent project file: ../../../../../../Users/Spellabbet/Documents/Unreal Projects/SpaceGame/Project/SpaceGame/SpaceGame.uproject
[2015.11.27-11.46.52:439][  0]LogInit:Display: RandInit(-379064885) SRandInit(-379064885).
[2015.11.27-11.46.52:439][  0]LogTaskGraph: Started task graph with 4 named threads and 7 total threads.
[2015.11.27-11.46.52:439][  0]LogStats: Stats thread started at 0.070170
[2015.11.27-11.46.52:439][  0]LogInit: Version: 4.9.2-2707645+++depot+UE4-Releases+4.9
[2015.11.27-11.46.52:439][  0]LogInit: API Version: 2672455
[2015.11.27-11.46.52:439][  0]LogInit: Compiled (64-bit): Sep 28 2015 10:25:44
[2015.11.27-11.46.52:439][  0]LogInit: Compiled with Visual C++: 18.00.21005.01
[2015.11.27-11.46.52:439][  0]LogInit: Build Configuration: Development
[2015.11.27-11.46.52:439][  0]LogInit: Branch Name: ++depot+UE4-Releases+4.9
[2015.11.27-11.46.52:439][  0]LogInit: Command line: 
[2015.11.27-11.46.52:439][  0]LogInit: Base directory: C:/Program Files/Epic Games/4.9/Engine/Binaries/Win64/
[2015.11.27-11.46.52:439][  0]LogInit: Rocket: 1
[2015.11.27-11.46.52:445][  0]LogInit: Using libcurl 7.41.0
[2015.11.27-11.46.52:445][  0]LogInit:  - built for x86_64-pc-win32
[2015.11.27-11.46.52:445][  0]LogInit:  - supports SSL with WinSSL
[2015.11.27-11.46.52:445][  0]LogInit:  - other features:
[2015.11.27-11.46.52:445][  0]LogInit:      CURL_VERSION_SSL
[2015.11.27-11.46.52:445][  0]LogInit:      CURL_VERSION_IPV6
[2015.11.27-11.46.52:445][  0]LogInit:      CURL_VERSION_ASYNCHDNS
[2015.11.27-11.46.52:445][  0]LogInit:      CURL_VERSION_LARGEFILE
[2015.11.27-11.46.52:445][  0]LogInit:      CURL_VERSION_IDN
[2015.11.27-11.46.52:445][  0]LogInit:  CurlRequestOptions (configurable via config and command line):
[2015.11.27-11.46.52:445][  0]LogInit:  - bVerifyPeer = true  - Libcurl will verify peer certificate
[2015.11.27-11.46.52:445][  0]LogInit:  - bUseHttpProxy = false  - Libcurl will NOT use HTTP proxy
[2015.11.27-11.46.52:445][  0]LogInit:  - bDontReuseConnections = false  - Libcurl will reuse connections
[2015.11.27-11.46.52:445][  0]LogInit:  - CertBundlePath = nullptr  - Libcurl will use whatever was configured at build time.
[2015.11.27-11.46.52:451][  0]LogInit: Presizing for 0 objects not considered by GC, pre-allocating 0 bytes.
[2015.11.27-11.46.52:459][  0]LogInit: Object subsystem initialized
[2015.11.27-11.46.52:461][  0]LogInit: Selected Device Profile: [Windows]
[2015.11.27-11.46.52:461][  0]LogInit: Applying CVar settings loaded from the selected device profile: [Windows]
[2015.11.27-11.46.52:470][  0]LogInit: Computer: SpellabbA332-09
[2015.11.27-11.46.52:470][  0]LogInit: User: Spellabbet
[2015.11.27-11.46.52:470][  0]LogInit: CPU Page size=4096, Cores=4
[2015.11.27-11.46.52:470][  0]LogInit: High frequency timer resolution =3.507519 MHz
[2015.11.27-11.46.52:470][  0]LogMemory: Memory total: Physical=15.9GB (16GB approx)
[2015.11.27-11.46.52:470][  0]LogMemory: Platform Memory Stats for Windows
[2015.11.27-11.46.52:470][  0]LogMemory: Process Physical Memory: 52.18 MB used, 52.18 MB peak
[2015.11.27-11.46.52:470][  0]LogMemory: Process Virtual Memory: 55.07 MB used, 55.07 MB peak
[2015.11.27-11.46.52:470][  0]LogMemory: Physical Memory: 4249.84 MB used, 16318.82 MB total
[2015.11.27-11.46.52:470][  0]LogMemory: Virtual Memory: 347.38 MB used, 134217728.00 MB total
[2015.11.27-11.46.52:497][  0]LogTextLocalizationManager: No translations for ('sv-SE') exist, falling back to 'en' for localization and internationalization data.
[2015.11.27-11.46.53:191][  0]LogD3D11RHI: Found D3D11 adapter 0: NVIDIA GeForce GTX 960 (Feature Level 11_0)
[2015.11.27-11.46.53:191][  0]LogD3D11RHI: Adapter has 1965MB of dedicated video memory, 0MB of dedicated system memory, and 2048MB of shared system memory, 1 output[s]
[2015.11.27-11.46.53:192][  0]LogD3D11RHI: Found D3D11 adapter 1: Microsoft Basic Render Driver (Feature Level 11_0)
[2015.11.27-11.46.53:192][  0]LogD3D11RHI: Adapter has 0MB of dedicated video memory, 0MB of dedicated system memory, and 256MB of shared system memory, 0 output[s]
[2015.11.27-11.46.53:192][  0]LogD3D11RHI: Chosen D3D11 Adapter Id = 0
[2015.11.27-11.46.53:195][  0]LogD3D11RHI: !Direct3DDevice
[2015.11.27-11.46.53:195][  0]LogRHI: Texture pool is 1361 MB (70% of 1945 MB)
[2015.11.27-11.46.53:205][  0]LogD3D11RHI: Async texture creation enabled
[2015.11.27-11.46.53:219][  0]LogShaderCompilers: Guid format shader working directory is 15 characters bigger than the processId version (../../../../../../Users/Spellabbet/Documents/Unreal Projects/SpaceGame/Project/SpaceGame/Intermediate/Shaders/WorkingDirectory/6004/).
[2015.11.27-11.46.53:219][  0]LogShaderCompilers: Cleaned the shader compiler working directory '../../../../../../Users/Spellabbet/Documents/Unreal Projects/SpaceGame/Project/SpaceGame/Intermediate/Shaders/tmp/42AE417A4FEF808AFE89D8B8B95410EE/'.
[2015.11.27-11.46.53:219][  0]LogShaderCompilers:Display: Using Local Shader Compiler.
[2015.11.27-11.46.54:187][  0]LogTemp:Display: Loaded TP AllDesktopTargetPlatform
[2015.11.27-11.46.54:191][  0]LogTemp:Display: Loaded TP WindowsClientTargetPlatform
[2015.11.27-11.46.54:196][  0]LogTemp:Display: Loaded TP WindowsNoEditorTargetPlatform
[2015.11.27-11.46.54:200][  0]LogTemp:Display: Loaded TP WindowsServerTargetPlatform
[2015.11.27-11.46.54:204][  0]LogTemp:Display: Loaded TP WindowsTargetPlatform
[2015.11.27-11.46.54:207][  0]LogTemp:Display: Loaded TP AndroidTargetPlatform
[2015.11.27-11.46.54:210][  0]LogTemp:Display: Loaded TP Android_ASTCTargetPlatform
[2015.11.27-11.46.54:212][  0]LogTemp:Display: Loaded TP Android_ATCTargetPlatform
[2015.11.27-11.46.54:215][  0]LogTemp:Display: Loaded TP Android_DXTTargetPlatform
[2015.11.27-11.46.54:218][  0]LogTemp:Display: Loaded TP Android_ETC1TargetPlatform
[2015.11.27-11.46.54:221][  0]LogTemp:Display: Loaded TP Android_ETC2TargetPlatform
[2015.11.27-11.46.54:224][  0]LogTemp:Display: Loaded TP Android_PVRTCTargetPlatform
[2015.11.27-11.46.54:224][  0]LogTemp:Display: Loaded TP HTML5TargetPlatform
[2015.11.27-11.46.54:240][  0]LogTemp:Display: Loaded TP IOSTargetPlatform
[2015.11.27-11.46.54:243][  0]LogTemp:Display: Loaded TP LinuxNoEditorTargetPlatform
[2015.11.27-11.46.54:245][  0]LogTemp:Display: Loaded TP LinuxServerTargetPlatform
[2015.11.27-11.46.54:249][  0]LogTemp:Display: Loaded TP LinuxTargetPlatform
[2015.11.27-11.46.54:249][  0]LogTargetPlatformManager:Display: Building Assets For Windows
[2015.11.27-11.46.54:355][  0]LogDerivedDataCache:Display: Max Cache Size: 512 MB
[2015.11.27-11.46.54:388][  0]LogDerivedDataCache: Loaded boot cache 0.03s 41MB C:/Users/Spellabbet/AppData/Local/UnrealEngine/4.9/DerivedDataCache/Boot.ddc.
[2015.11.27-11.46.54:388][  0]LogDerivedDataCache:Display: Loaded Boot cache: C:/Users/Spellabbet/AppData/Local/UnrealEngine/4.9/DerivedDataCache/Boot.ddc
[2015.11.27-11.46.54:389][  0]LogDerivedDataCache: FDerivedDataBackendGraph:  Pak pak cache file ../../../../../../Users/Spellabbet/Documents/Unreal Projects/SpaceGame/Project/SpaceGame/DerivedDataCache/DDC.ddp not found, will not use a pak cache.
[2015.11.27-11.46.54:389][  0]LogDerivedDataCache: Unable to find inner node Pak for hierarchical cache Hierarchy.
[2015.11.27-11.46.54:389][  0]LogDerivedDataCache: FDerivedDataBackendGraph:  CompressedPak pak cache file ../../../../../../Users/Spellabbet/Documents/Unreal Projects/SpaceGame/Project/SpaceGame/DerivedDataCache/Compressed.ddp not found, will not use a pak cache.
[2015.11.27-11.46.54:389][  0]LogDerivedDataCache: Unable to find inner node CompressedPak for hierarchical cache Hierarchy.
[2015.11.27-11.46.54:498][  0]LogDerivedDataCache:Display: Pak cache opened for reading ../../../Engine/DerivedDataCache/Compressed.ddp.
[2015.11.27-11.46.54:510][  0]LogDerivedDataCache: Using Local data cache path C:/Users/Spellabbet/AppData/Local/UnrealEngine/Common/DerivedDataCache: Writable
[2015.11.27-11.46.54:658][  0]LogInit: Selected Device Profile: [Windows]
[2015.11.27-11.46.54:660][  0]LogContentStreaming: Texture pool size is 0.000000MB
[2015.11.27-11.46.54:769][  0]LogMeshUtilities: No automatic mesh reduction module available
[2015.11.27-11.46.54:769][  0]LogMeshUtilities: No automatic mesh merging module available
[2015.11.27-11.46.54:971][  0]LogInit: WinSock: version 1.1 (2.2), MaxSocks=32767, MaxUdp=65467
[2015.11.27-11.46.55:574][  0]UdpMessaging: Initializing bridge on interface 0.0.0.0:0 to multicast group 230.0.0.1:6666.
[2015.11.27-11.46.55:696][  0]LogAssetRegistry: FAssetRegistry took 0.0108 seconds to start up
[2015.11.27-11.46.55:864][  0]SourceControl: Info Source control is disabled
[2015.11.27-11.46.55:870][  0]SourceControl: Info Source control is disabled
[2015.11.27-11.46.55:886][  0]SourceControl: Info Source control is disabled
[2015.11.27-11.46.55:901][  0]SourceControl: Info Source control is disabled
[2015.11.27-11.46.56:133][  0]LogLinker:Warning: Asset '../../../Engine/Plugins/Runtime/LeapMotionController/Content/LM_PassthroughMaterial.uasset' has been saved with empty engine version. The asset will be loaded but may be incompatible.
[2015.11.27-11.46.56:257][  0]LogObj: 28437 objects as part of root set at end of initial load.
[2015.11.27-11.46.56:258][  0]LogUObjectAllocator: 6068432 out of 0 bytes used by permanent object pool.
[2015.11.27-11.46.56:305][  0]LogEngine: Initializing Engine...
[2015.11.27-11.46.56:307][  0]LogHMD: Can't find Oculus library dev build: is proper Runtime installed? Version: 0.7.0.0
[2015.11.27-11.46.56:307][  0]LogHMD: SteamVR failed to initialize.  Err: 110
[2015.11.27-11.46.56:404][  0]LogAIModule: Creating AISystem for world NewWorld
[2015.11.27-11.46.56:409][  0]LogInit: XAudio2 using 'Speakers (4- High Definition Audio Device)' : 2 channels at 44.1 kHz using 16 bits per sample (channel mask 0x3)
[2015.11.27-11.46.56:420][  0]LogInit: FAudioDevice initialized.
[2015.11.27-11.46.56:437][  0]LogDerivedDataCache: Saved boot cache 0.02s 41MB C:/Users/Spellabbet/AppData/Local/UnrealEngine/4.9/DerivedDataCache/Boot.ddc.
[2015.11.27-11.46.56:440][  0]LogInit: Texture streaming: Enabled
[2015.11.27-11.46.56:444][  0]LogAnalytics: Creating configured Analytics provider AnalyticsET
[2015.11.27-11.46.56:444][  0]LogAnalytics: [UEEditor.Rocket.Release] APIServer = http://et2.epicgames.com/ET2/. AppVersion = 4.9.2-2707645+++depot+UE4-Releases+4.9
[2015.11.27-11.46.56:445][  0]LogAnalytics: [UEEditor.Rocket.Release] SetUserId 634ab0cb456977c100e99f821f1d4277|7ebf86fc13e44331864479a64887c1c8|060e5e79-a789-49c4-8abd-5d8b330400a7
[2015.11.27-11.46.56:445][  0]LogAnalytics: [UEEditor.Rocket.Release] AnalyticsET::StartSession
[2015.11.27-11.46.56:461][  0]LogInit: Transaction tracking system initialized
[2015.11.27-11.46.56:482][  0]BlueprintLog: New page: Editor Load
[2015.11.27-11.46.56:543][  0]LocalizationService: Info Localization service is disabled
[2015.11.27-11.46.56:632][  0]LogConsoleResponse:Display: 
[2015.11.27-11.46.56:724][  0]LogCook:Display: Done creating registry. It took  0.00s.
[2015.11.27-11.46.56:788][  0]LogFileCache: Scanning file cache for directory 'C:/Users/Spellabbet/Documents/Unreal Projects/SpaceGame/Project/SpaceGame/Content/' took 0.01s
[2015.11.27-11.46.56:788][  0]SourceControl: Info Source control is disabled
[2015.11.27-11.46.56:788][  0]Cmd: MAP LOAD FILE="../../../Engine/Content/Maps/Templates/Template_Default.umap" TEMPLATE=1 SHOWPROGRESS=1 FEATURELEVEL=3
[2015.11.27-11.46.56:788][  0]LightingResults: New page: Lighting Build
[2015.11.27-11.46.56:791][  0]MapCheck: New page: Map Check
[2015.11.27-11.46.56:791][  0]LightingResults: New page: Lighting Build
[2015.11.27-11.46.56:800][  0]LogParticles: Destroying 0 GPU particle simulations for FXSystem 0x0000005D5B81A160
[2015.11.27-11.46.57:027][  0]LogAIModule: Creating AISystem for world Untitled_1
[2015.11.27-11.46.57:031][  0]LogEditorServer: Finished looking for orphan Actors (0.000 secs)
[2015.11.27-11.46.57:035][  0]Cmd: MAP CHECKDEP NOCLEARLOG
[2015.11.27-11.46.57:069][  0]MapCheck: Info Map check complete: 0 Error(s), 0 Warning(s), took 34.231ms to complete.
[2015.11.27-11.46.57:069][  0]LogFileHelpers: Loading map 'Template_Default' took 0.280
[2015.11.27-11.46.57:164][  0]LogCollectionManager: Loaded 0 collections in 0.001529 seconds
[2015.11.27-11.46.57:208][  0]LogFileCache: Scanning file cache for directory 'C:/Users/Spellabbet/Documents/Unreal Projects/SpaceGame/Project/SpaceGame/Saved/Collections/' took 0.01s
[2015.11.27-11.46.57:208][  0]LogFileCache: Scanning file cache for directory 'C:/Users/Spellabbet/Documents/Unreal Projects/SpaceGame/Project/SpaceGame/Content/Developers/Spellabbet/Collections/' took 0.01s
[2015.11.27-11.46.57:208][  0]LogFileCache: Scanning file cache for directory 'C:/Users/Spellabbet/Documents/Unreal Projects/SpaceGame/Project/SpaceGame/Content/Collections/' took 0.01s
[2015.11.27-11.46.57:208][  0]LogContentBrowser: Native class hierarchy populated in 0.0107 seconds. Added 1875 classes and 335 folders.
[2015.11.27-11.46.57:213][  0]LogCollectionManager: Rebuilt the GUID cache for 0 collections in 0.000002 seconds
[2015.11.27-11.46.57:219][  0]LogContentBrowser: Native class hierarchy updated for 'WidgetCarousel' in 0.0009 seconds. Added 0 classes and 0 folders.
[2015.11.27-11.46.57:247][  0]LogContentBrowser: Native class hierarchy updated for 'AddContentDialog' in 0.0009 seconds. Added 0 classes and 0 folders.
[2015.11.27-11.46.57:256][  0]LogContentBrowser: Native class hierarchy updated for 'SceneOutliner' in 0.0009 seconds. Added 1 classes and 2 folders.
[2015.11.27-11.46.57:308][  0]LogCrashTracker: Crashtracker disabled due to settings.
[2015.11.27-11.46.57:313][  0]LogUObjectGlobals:Warning: Failed to find object 'Class None.'
[2015.11.27-11.46.57:335][  0]LogLoad: Full Startup: 5.94 seconds (BP compile: 0.04 seconds)
[2015.11.27-11.46.57:386][  0]LogContentStreaming: Texture pool size now 1000 MB
[2015.11.27-11.46.57:505][  0]LogRenderer: Reallocating scene render targets to support 1076x556 (Frame:2).
[2015.11.27-11.46.57:647][  2]LogAssetRegistry: Asset discovery search completed in 1.9630 seconds
[2015.11.27-11.46.57:648][  2]LogCollectionManager: Rebuilt the object cache for 0 collections in 0.000001 seconds (found 0 objects)
[2015.11.27-11.46.57:648][  2]LogCollectionManager: Fixed up redirectors for 0 collections in 0.000042 seconds (updated 0 objects)
[2015.11.27-11.47.00:427][326]LogAIModule: Creating AISystem for world Untitled
[2015.11.27-11.47.00:447][326]Cmd: MAP LOAD FILE="../../../../../../Users/Spellabbet/Documents/Unreal Projects/SpaceGame/Project/SpaceGame/Content/Maps/Untitled.umap" TEMPLATE=0 SHOWPROGRESS=1 FEATURELEVEL=3
[2015.11.27-11.47.00:447][326]LightingResults: New page: Lighting Build
[2015.11.27-11.47.00:462][326]LoadErrors: New page: Loading map: Untitled.umap
[2015.11.27-11.47.00:462][326]MapCheck: New page: Map Check
[2015.11.27-11.47.00:462][326]LightingResults: New page: Lighting Build
[2015.11.27-11.47.00:472][326]LogParticles: Destroying 0 GPU particle simulations for FXSystem 0x0000005D4D14A700
[2015.11.27-11.47.00:503][326]LogEditorServer: Finished looking for orphan Actors (0.000 secs)
[2015.11.27-11.47.00:529][326]Cmd: MAP CHECKDEP NOCLEARLOG
[2015.11.27-11.47.00:559][326]MapCheck: Info Map check complete: 0 Error(s), 0 Warning(s), took 29.216ms to complete.
[2015.11.27-11.47.00:559][326]LogFileHelpers: Loading map 'Untitled' took 0.113
[2015.11.27-11.47.02:100][505]Recompiling SpaceGame...
[2015.11.27-11.47.02:100][505]Launching UnrealBuildTool... [C:/Program Files/Epic Games/4.9/Engine/Binaries/DotNET/UnrealBuildTool.exe SpaceGame -ModuleWithSuffix SpaceGame 361 Win64 Development -editorrecompile -canskiplink "C:/Users/Spellabbet/Documents/Unreal Projects/SpaceGame/Project/SpaceGame/SpaceGame.uproject" -rocket  -rocket]
[2015.11.27-11.47.02:102][505]Warning: Starting HotReload took  0.0s.
[2015.11.27-11.47.05:235][861]CompilerResultsLog: New page: Compilation - Nov 27, 2015, 1:47:05 PM
[2015.11.27-11.47.05:235][861]CompilerResultsLog: Info Compiling game modules for hot reload
[2015.11.27-11.47.05:235][861]CompilerResultsLog: Info Performing 2 actions (4 in parallel)
[2015.11.27-11.47.05:235][861]CompilerResultsLog: Info Fleet.cpp
[2015.11.27-11.47.05:235][861]CompilerResultsLog: Info [2/2] Link UE4Editor-SpaceGame-361.dll
[2015.11.27-11.47.05:235][861]CompilerResultsLog: Info    Creating library C:\Users\Spellabbet\Documents\Unreal Projects\SpaceGame\Project\SpaceGame\Intermediate/Build/Win64\UE4Editor\Development\UE4Editor-SpaceGame-361.lib and object C:\Users\Spellabbet\Documents\Unreal Projects\SpaceGame\Project\SpaceGame\Intermediate/Build/Win64\UE4Editor\Development\UE4Editor-SpaceGame-361.exp
[2015.11.27-11.47.05:236][861]CompilerResultsLog: Info -------- End Detailed Actions Stats -----------------------------------------------------------
[2015.11.27-11.47.05:236][861]CompilerResultsLog: Info Total build time: 3,10 seconds
[2015.11.27-11.47.05:236][861]LogMainFrame: MainFrame: Module compiling took 3.138 seconds
[2015.11.27-11.47.05:445][861]LogClass: FleetState HotReload.
[2015.11.27-11.47.05:445][861]LogClass: OwnedBy HotReload.
[2015.11.27-11.47.05:448][861]LogContentBrowser: Native class hierarchy updated for 'SpaceGame' in 0.0009 seconds. Added 8 classes and 2 folders.
[2015.11.27-11.47.05:448][861]Warning: HotReload successful (7 functions remapped  0 scriptstructs remapped)
[2015.11.27-11.47.05:503][861]LogContentBrowser: Native class hierarchy populated in 0.0068 seconds. Added 1876 classes and 337 folders.
[2015.11.27-11.47.07:455][ 93]LogBlueprintUserMessages: Early PlayInEditor Detection: Level '/Game/Maps/Untitled.Untitled:PersistentLevel' has LevelScriptBlueprint '/Game/Maps/Untitled.Untitled:PersistentLevel.Untitled' with GeneratedClass '/Game/Maps/Untitled.Untitled_C' with ClassGeneratedBy '/Game/Maps/Untitled.Untitled:PersistentLevel.Untitled'
[2015.11.27-11.47.07:455][ 93]LogPlayLevel: PlayLevel: No blueprints needed recompiling
[2015.11.27-11.47.07:455][ 93]PIE: New page: PIE session: Untitled (Nov 27, 2015, 1:47:07 PM)
[2015.11.27-11.47.07:455][ 93]LogPlayLevel: Creating play world package: /Game/Maps/UEDPIE_0_Untitled
[2015.11.27-11.47.07:458][ 93]LogPlayLevel: PIE: StaticDuplicateObject took: (0.002989s)
[2015.11.27-11.47.07:459][ 93]LogAIModule: Creating AISystem for world Untitled
[2015.11.27-11.47.07:459][ 93]LogPlayLevel: PIE: World Init took: (0.000613s)
[2015.11.27-11.47.07:459][ 93]LogPlayLevel: PIE: Created PIE world by copying editor world from /Game/Maps/Untitled.Untitled to /Game/Maps/UEDPIE_0_Untitled.Untitled (0.003854s)
[2015.11.27-11.47.07:475][ 93]LogInit: XAudio2 using 'Speakers (4- High Definition Audio Device)' : 2 channels at 44.1 kHz using 16 bits per sample (channel mask 0x3)
[2015.11.27-11.47.07:479][ 93]LogInit: FAudioDevice initialized.
[2015.11.27-11.47.07:556][ 93]LogWorld: Game class is 'GameModeBP_C'
[2015.11.27-11.47.07:558][ 93]LogWorld: Bringing World /Game/Maps/UEDPIE_0_Untitled.Untitled up for play (max tick rate 0) at 2015.11.27-12.47.07
[2015.11.27-11.47.07:558][ 93]LogActor:Warning: GameSession /Game/Maps/UEDPIE_0_Untitled.Untitled:PersistentLevel.GameSession_0 has natively added scene component(s), but none of them were set as the actor's RootComponent - picking one arbitrarily
[2015.11.27-11.47.07:558][ 93]LogActor:Warning: GameNetworkManager /Game/Maps/UEDPIE_0_Untitled.Untitled:PersistentLevel.GameNetworkManager_0 has natively added scene component(s), but none of them were set as the actor's RootComponent - picking one arbitrarily
[2015.11.27-11.47.07:559][ 93]LogWorld: Bringing up level for play took: 0.001611
[2015.11.27-11.47.07:559][ 93]PIE: Info Play in editor start time for /Game/Maps/UEDPIE_0_Untitled -0.41
[2015.11.27-11.47.07:560][ 93]LogBlueprintUserMessages: Late PlayInEditor Detection: Level '/Game/Maps/Untitled.Untitled:PersistentLevel' has LevelScriptBlueprint '/Game/Maps/Untitled.Untitled:PersistentLevel.Untitled' with GeneratedClass '/Game/Maps/Untitled.Untitled_C' with ClassGeneratedBy '/Game/Maps/Untitled.Untitled:PersistentLevel.Untitled'
[2015.11.27-11.47.10:914][493]LogBlueprintUserMessages: Early EndPlayMap Detection: Level '/Game/Maps/Untitled.Untitled:PersistentLevel' has LevelScriptBlueprint '/Game/Maps/Untitled.Untitled:PersistentLevel.Untitled' with GeneratedClass '/Game/Maps/Untitled.Untitled_C' with ClassGeneratedBy '/Game/Maps/Untitled.Untitled:PersistentLevel.Untitled'
[2015.11.27-11.47.10:947][493]LogBlueprintUserMessages: Late EndPlayMap Detection: Level '/Game/Maps/Untitled.Untitled:PersistentLevel' has LevelScriptBlueprint '/Game/Maps/Untitled.Untitled:PersistentLevel.Untitled' with GeneratedClass '/Game/Maps/Untitled.Untitled_C' with ClassGeneratedBy '/Game/Maps/Untitled.Untitled:PersistentLevel.Untitled'
[2015.11.27-11.47.10:959][493]LogParticles: Destroying 0 GPU particle simulations for FXSystem 0x0000005D6754E020
[2015.11.27-11.48.21:590][931]Recompiling SpaceGame...
[2015.11.27-11.48.21:590][931]Launching UnrealBuildTool... [C:/Program Files/Epic Games/4.9/Engine/Binaries/DotNET/UnrealBuildTool.exe SpaceGame -ModuleWithSuffix SpaceGame 8765 Win64 Development -editorrecompile -canskiplink "C:/Users/Spellabbet/Documents/Unreal Projects/SpaceGame/Project/SpaceGame/SpaceGame.uproject" -rocket  -rocket]
[2015.11.27-11.48.21:591][931]Warning: Starting HotReload took  0.0s.
[2015.11.27-11.48.24:767][293]CompilerResultsLog: New page: Compilation - Nov 27, 2015, 1:48:24 PM
[2015.11.27-11.48.24:767][293]CompilerResultsLog: Info Compiling game modules for hot reload
[2015.11.27-11.48.24:767][293]CompilerResultsLog: Info Performing 2 actions (4 in parallel)
[2015.11.27-11.48.24:767][293]CompilerResultsLog: Info Fleet.cpp
[2015.11.27-11.48.24:767][293]CompilerResultsLog: Info [2/2] Link UE4Editor-SpaceGame-8765.dll
[2015.11.27-11.48.24:767][293]CompilerResultsLog: Info    Creating library C:\Users\Spellabbet\Documents\Unreal Projects\SpaceGame\Project\SpaceGame\Intermediate/Build/Win64\UE4Editor\Development\UE4Editor-SpaceGame-8765.lib and object C:\Users\Spellabbet\Documents\Unreal Projects\SpaceGame\Project\SpaceGame\Intermediate/Build/Win64\UE4Editor\Development\UE4Editor-SpaceGame-8765.exp
[2015.11.27-11.48.24:767][293]CompilerResultsLog: Info -------- End Detailed Actions Stats -----------------------------------------------------------
[2015.11.27-11.48.24:767][293]CompilerResultsLog: Info Total build time: 3,14 seconds
[2015.11.27-11.48.24:767][293]LogMainFrame: MainFrame: Module compiling took 3.180 seconds
[2015.11.27-11.48.24:874][293]LogClass: FleetState HotReload.
[2015.11.27-11.48.24:874][293]LogClass: OwnedBy HotReload.
[2015.11.27-11.48.24:877][293]LogContentBrowser: Native class hierarchy updated for 'SpaceGame' in 0.0010 seconds. Added 8 classes and 2 folders.
[2015.11.27-11.48.24:878][293]Warning: HotReload successful (7 functions remapped  0 scriptstructs remapped)
[2015.11.27-11.48.24:934][293]LogContentBrowser: Native class hierarchy populated in 0.0070 seconds. Added 1876 classes and 337 folders.
[2015.11.27-11.48.26:853][521]LogBlueprintUserMessages: Early PlayInEditor Detection: Level '/Game/Maps/Untitled.Untitled:PersistentLevel' has LevelScriptBlueprint '/Game/Maps/Untitled.Untitled:PersistentLevel.Untitled' with GeneratedClass '/Game/Maps/Untitled.Untitled_C' with ClassGeneratedBy '/Game/Maps/Untitled.Untitled:PersistentLevel.Untitled'
[2015.11.27-11.48.26:854][521]LogPlayLevel: PlayLevel: No blueprints needed recompiling
[2015.11.27-11.48.26:854][521]PIE: New page: PIE session: Untitled (Nov 27, 2015, 1:48:26 PM)
[2015.11.27-11.48.26:854][521]LogPlayLevel: Creating play world package: /Game/Maps/UEDPIE_0_Untitled
[2015.11.27-11.48.26:858][521]LogPlayLevel: PIE: StaticDuplicateObject took: (0.003733s)
[2015.11.27-11.48.26:858][521]LogAIModule: Creating AISystem for world Untitled
[2015.11.27-11.48.26:859][521]LogPlayLevel: PIE: World Init took: (0.000952s)
[2015.11.27-11.48.26:859][521]LogPlayLevel: PIE: Created PIE world by copying editor world from /Game/Maps/Untitled.Untitled to /Game/Maps/UEDPIE_0_Untitled.Untitled (0.004964s)
[2015.11.27-11.48.26:876][521]LogInit: XAudio2 using 'Speakers (4- High Definition Audio Device)' : 2 channels at 44.1 kHz using 16 bits per sample (channel mask 0x3)
[2015.11.27-11.48.26:882][521]LogInit: FAudioDevice initialized.
[2015.11.27-11.48.26:918][521]LogWorld: Game class is 'GameModeBP_C'
[2015.11.27-11.48.26:921][521]LogWorld: Bringing World /Game/Maps/UEDPIE_0_Untitled.Untitled up for play (max tick rate 0) at 2015.11.27-12.48.26
[2015.11.27-11.48.26:921][521]LogActor:Warning: GameSession /Game/Maps/UEDPIE_0_Untitled.Untitled:PersistentLevel.GameSession_1 has natively added scene component(s), but none of them were set as the actor's RootComponent - picking one arbitrarily
[2015.11.27-11.48.26:921][521]LogActor:Warning: GameNetworkManager /Game/Maps/UEDPIE_0_Untitled.Untitled:PersistentLevel.GameNetworkManager_1 has natively added scene component(s), but none of them were set as the actor's RootComponent - picking one arbitrarily
[2015.11.27-11.48.26:921][521]LogWorld: Bringing up level for play took: 0.001643
[2015.11.27-11.48.26:922][521]PIE: Info Play in editor start time for /Game/Maps/UEDPIE_0_Untitled 0.952
[2015.11.27-11.48.26:922][521]LogBlueprintUserMessages: Late PlayInEditor Detection: Level '/Game/Maps/Untitled.Untitled:PersistentLevel' has LevelScriptBlueprint '/Game/Maps/Untitled.Untitled:PersistentLevel.Untitled' with GeneratedClass '/Game/Maps/Untitled.Untitled_C' with ClassGeneratedBy '/Game/Maps/Untitled.Untitled:PersistentLevel.Untitled'
[2015.11.27-11.48.29:395][792]LogCrashTracker: 


[2015.11.27-11.48.29:395][792]LogCrashTracker: 


[2015.11.27-11.48.29:395][792]LogWindows: === Critical error: ===
Fatal error!



[2015.11.27-11.48.29:509][792]LogExit: Executing StaticShutdownAfterError
[2015.11.27-11.48.29:512][792]LogOutputDevice:Warning: 

Script Stack:
MouseControllerBP_C.ExecuteUbergraph_MouseControllerBP
MouseControllerBP_C.InpActEvt_RightMouseButton_K2Node_InputKeyEvent_3

[2015.11.27-11.48.29:513][792]LogPhysics:Warning: PHYSX: ..\..\PhysX\src\NpScene.cpp (2946) 8 : PxScene::unlockWrite() called without matching call to PxScene::lockWrite(), behaviour will be undefined.
[2015.11.27-11.48.29:513][792]LogPhysics:Warning: PHYSX: ..\..\PhysX\src\NpScene.cpp (2946) 8 : PxScene::unlockWrite() called without matching call to PxScene::lockWrite(), behaviour will be undefined.
[2015.11.27-11.48.29:513][792]LogPhysics:Warning: PHYSX: ..\..\PhysX\src\NpScene.cpp (2946) 8 : PxScene::unlockWrite() called without matching call to PxScene::lockWrite(), behaviour will be undefined.
[2015.11.27-11.48.29:513][792]LogPhysics:Warning: PHYSX: ..\..\PhysX\src\NpScene.cpp (2946) 8 : PxScene::unlockWrite() called without matching call to PxScene::lockWrite(), behaviour will be undefined.
[2015.11.27-11.48.29:514][792]LogWindows: FPlatformMisc::RequestExit(1)
[2015.11.27-11.48.29:514][792]Log file closed, 11/27/15 12:48:29
