[2015.11.27-09.58.15:855][  0]Log file open, 11/27/15 10:58:15
[2015.11.27-09.58.15:855][  0]LogInit:Display: Running engine for game: SpaceGame
[2015.11.27-09.58.15:855][  0]LogInit:Display: RandInit(364729722) SRandInit(364729722).
[2015.11.27-09.58.15:855][  0]LogTaskGraph: Started task graph with 4 named threads and 7 total threads.
[2015.11.27-09.58.15:855][  0]LogStats: Stats thread started at 0.068528
[2015.11.27-09.58.15:855][  0]LogInit: Version: 4.9.2-2707645+++depot+UE4-Releases+4.9
[2015.11.27-09.58.15:855][  0]LogInit: API Version: 2672455
[2015.11.27-09.58.15:855][  0]LogInit: Compiled (64-bit): Sep 28 2015 10:25:44
[2015.11.27-09.58.15:855][  0]LogInit: Compiled with Visual C++: 18.00.21005.01
[2015.11.27-09.58.15:855][  0]LogInit: Build Configuration: Development
[2015.11.27-09.58.15:855][  0]LogInit: Branch Name: ++depot+UE4-Releases+4.9
[2015.11.27-09.58.15:855][  0]LogInit: Command line:  
[2015.11.27-09.58.15:855][  0]LogInit: Base directory: C:/Program Files/Epic Games/4.9/Engine/Binaries/Win64/
[2015.11.27-09.58.15:855][  0]LogInit: Rocket: 1
[2015.11.27-09.58.15:861][  0]LogInit: Using libcurl 7.41.0
[2015.11.27-09.58.15:861][  0]LogInit:  - built for x86_64-pc-win32
[2015.11.27-09.58.15:861][  0]LogInit:  - supports SSL with WinSSL
[2015.11.27-09.58.15:861][  0]LogInit:  - other features:
[2015.11.27-09.58.15:861][  0]LogInit:      CURL_VERSION_SSL
[2015.11.27-09.58.15:861][  0]LogInit:      CURL_VERSION_IPV6
[2015.11.27-09.58.15:861][  0]LogInit:      CURL_VERSION_ASYNCHDNS
[2015.11.27-09.58.15:861][  0]LogInit:      CURL_VERSION_LARGEFILE
[2015.11.27-09.58.15:861][  0]LogInit:      CURL_VERSION_IDN
[2015.11.27-09.58.15:861][  0]LogInit:  CurlRequestOptions (configurable via config and command line):
[2015.11.27-09.58.15:861][  0]LogInit:  - bVerifyPeer = true  - Libcurl will verify peer certificate
[2015.11.27-09.58.15:861][  0]LogInit:  - bUseHttpProxy = false  - Libcurl will NOT use HTTP proxy
[2015.11.27-09.58.15:861][  0]LogInit:  - bDontReuseConnections = false  - Libcurl will reuse connections
[2015.11.27-09.58.15:861][  0]LogInit:  - CertBundlePath = nullptr  - Libcurl will use whatever was configured at build time.
[2015.11.27-09.58.15:866][  0]LogInit: Presizing for 0 objects not considered by GC, pre-allocating 0 bytes.
[2015.11.27-09.58.15:871][  0]LogInit: Object subsystem initialized
[2015.11.27-09.58.15:872][  0]LogInit: Selected Device Profile: [Windows]
[2015.11.27-09.58.15:872][  0]LogInit: Applying CVar settings loaded from the selected device profile: [Windows]
[2015.11.27-09.58.15:879][  0]LogInit: Computer: SpellabbA332-04
[2015.11.27-09.58.15:879][  0]LogInit: User: Spellabbet
[2015.11.27-09.58.15:879][  0]LogInit: CPU Page size=4096, Cores=4
[2015.11.27-09.58.15:879][  0]LogInit: High frequency timer resolution =3.507520 MHz
[2015.11.27-09.58.15:879][  0]LogMemory: Memory total: Physical=15.9GB (16GB approx)
[2015.11.27-09.58.15:879][  0]LogMemory: Platform Memory Stats for Windows
[2015.11.27-09.58.15:879][  0]LogMemory: Process Physical Memory: 52.05 MB used, 52.05 MB peak
[2015.11.27-09.58.15:879][  0]LogMemory: Process Virtual Memory: 55.01 MB used, 55.01 MB peak
[2015.11.27-09.58.15:879][  0]LogMemory: Physical Memory: 2801.25 MB used, 16318.82 MB total
[2015.11.27-09.58.15:879][  0]LogMemory: Virtual Memory: 347.38 MB used, 134217728.00 MB total
[2015.11.27-09.58.15:905][  0]LogTextLocalizationManager: No translations for ('sv-SE') exist, falling back to 'en' for localization and internationalization data.
[2015.11.27-09.58.16:495][  0]LogD3D11RHI: Found D3D11 adapter 0: NVIDIA GeForce GTX 960 (Feature Level 11_0)
[2015.11.27-09.58.16:495][  0]LogD3D11RHI: Adapter has 1965MB of dedicated video memory, 0MB of dedicated system memory, and 2048MB of shared system memory, 1 output[s]
[2015.11.27-09.58.16:496][  0]LogD3D11RHI: Found D3D11 adapter 1: Microsoft Basic Render Driver (Feature Level 11_0)
[2015.11.27-09.58.16:496][  0]LogD3D11RHI: Adapter has 0MB of dedicated video memory, 0MB of dedicated system memory, and 256MB of shared system memory, 0 output[s]
[2015.11.27-09.58.16:496][  0]LogD3D11RHI: Chosen D3D11 Adapter Id = 0
[2015.11.27-09.58.16:499][  0]LogD3D11RHI: !Direct3DDevice
[2015.11.27-09.58.16:499][  0]LogRHI: Texture pool is 1361 MB (70% of 1945 MB)
[2015.11.27-09.58.16:507][  0]LogD3D11RHI: Async texture creation enabled
[2015.11.27-09.58.16:523][  0]LogShaderCompilers: Guid format shader working directory is 15 characters bigger than the processId version (../../../../../../Users/Spellabbet/Documents/GitHub/SpaceGame/Project/SpaceGame/Intermediate/Shaders/WorkingDirectory/6076/).
[2015.11.27-09.58.16:523][  0]LogShaderCompilers: Cleaned the shader compiler working directory '../../../../../../Users/Spellabbet/Documents/GitHub/SpaceGame/Project/SpaceGame/Intermediate/Shaders/tmp/BB3F0A384D84E45B2FAB429E6DA94882/'.
[2015.11.27-09.58.16:523][  0]LogShaderCompilers:Display: Using Local Shader Compiler.
[2015.11.27-09.58.17:375][  0]LogTemp:Display: Loaded TP AllDesktopTargetPlatform
[2015.11.27-09.58.17:379][  0]LogTemp:Display: Loaded TP WindowsClientTargetPlatform
[2015.11.27-09.58.17:382][  0]LogTemp:Display: Loaded TP WindowsNoEditorTargetPlatform
[2015.11.27-09.58.17:386][  0]LogTemp:Display: Loaded TP WindowsServerTargetPlatform
[2015.11.27-09.58.17:390][  0]LogTemp:Display: Loaded TP WindowsTargetPlatform
[2015.11.27-09.58.17:393][  0]LogTemp:Display: Loaded TP AndroidTargetPlatform
[2015.11.27-09.58.17:395][  0]LogTemp:Display: Loaded TP Android_ASTCTargetPlatform
[2015.11.27-09.58.17:397][  0]LogTemp:Display: Loaded TP Android_ATCTargetPlatform
[2015.11.27-09.58.17:400][  0]LogTemp:Display: Loaded TP Android_DXTTargetPlatform
[2015.11.27-09.58.17:402][  0]LogTemp:Display: Loaded TP Android_ETC1TargetPlatform
[2015.11.27-09.58.17:405][  0]LogTemp:Display: Loaded TP Android_ETC2TargetPlatform
[2015.11.27-09.58.17:407][  0]LogTemp:Display: Loaded TP Android_PVRTCTargetPlatform
[2015.11.27-09.58.17:407][  0]LogTemp:Display: Loaded TP HTML5TargetPlatform
[2015.11.27-09.58.17:423][  0]LogTemp:Display: Loaded TP IOSTargetPlatform
[2015.11.27-09.58.17:425][  0]LogTemp:Display: Loaded TP LinuxNoEditorTargetPlatform
[2015.11.27-09.58.17:428][  0]LogTemp:Display: Loaded TP LinuxServerTargetPlatform
[2015.11.27-09.58.17:430][  0]LogTemp:Display: Loaded TP LinuxTargetPlatform
[2015.11.27-09.58.17:430][  0]LogTargetPlatformManager:Display: Building Assets For Windows
[2015.11.27-09.58.17:511][  0]LogDerivedDataCache:Display: Max Cache Size: 512 MB
[2015.11.27-09.58.17:544][  0]LogDerivedDataCache: Loaded boot cache 0.03s 41MB C:/Users/Spellabbet/AppData/Local/UnrealEngine/4.9/DerivedDataCache/Boot.ddc.
[2015.11.27-09.58.17:544][  0]LogDerivedDataCache:Display: Loaded Boot cache: C:/Users/Spellabbet/AppData/Local/UnrealEngine/4.9/DerivedDataCache/Boot.ddc
[2015.11.27-09.58.17:544][  0]LogDerivedDataCache: FDerivedDataBackendGraph:  Pak pak cache file ../../../../../../Users/Spellabbet/Documents/GitHub/SpaceGame/Project/SpaceGame/DerivedDataCache/DDC.ddp not found, will not use a pak cache.
[2015.11.27-09.58.17:544][  0]LogDerivedDataCache: Unable to find inner node Pak for hierarchical cache Hierarchy.
[2015.11.27-09.58.17:544][  0]LogDerivedDataCache: FDerivedDataBackendGraph:  CompressedPak pak cache file ../../../../../../Users/Spellabbet/Documents/GitHub/SpaceGame/Project/SpaceGame/DerivedDataCache/Compressed.ddp not found, will not use a pak cache.
[2015.11.27-09.58.17:544][  0]LogDerivedDataCache: Unable to find inner node CompressedPak for hierarchical cache Hierarchy.
[2015.11.27-09.58.17:649][  0]LogDerivedDataCache:Display: Pak cache opened for reading ../../../Engine/DerivedDataCache/Compressed.ddp.
[2015.11.27-09.58.17:661][  0]LogDerivedDataCache: Using Local data cache path C:/Users/Spellabbet/AppData/Local/UnrealEngine/Common/DerivedDataCache: Writable
[2015.11.27-09.58.17:798][  0]LogInit: Selected Device Profile: [Windows]
[2015.11.27-09.58.17:800][  0]LogContentStreaming: Texture pool size is 0.000000MB
[2015.11.27-09.58.17:896][  0]LogMeshUtilities: No automatic mesh reduction module available
[2015.11.27-09.58.17:896][  0]LogMeshUtilities: No automatic mesh merging module available
[2015.11.27-09.58.18:076][  0]LogInit: WinSock: version 1.1 (2.2), MaxSocks=32767, MaxUdp=65467
[2015.11.27-09.58.18:618][  0]UdpMessaging: Initializing bridge on interface 0.0.0.0:0 to multicast group 230.0.0.1:6666.
[2015.11.27-09.58.18:777][  0]LogAssetRegistry: FAssetRegistry took 0.0107 seconds to start up
[2015.11.27-09.58.18:923][  0]SourceControl: Info Source control is disabled
[2015.11.27-09.58.18:924][  0]SourceControl: Info Source control is disabled
[2015.11.27-09.58.18:938][  0]SourceControl: Info Source control is disabled
[2015.11.27-09.58.18:951][  0]SourceControl: Info Source control is disabled
[2015.11.27-09.58.19:129][  0]LogLinker:Warning: Asset '../../../Engine/Plugins/Runtime/LeapMotionController/Content/LM_PassthroughMaterial.uasset' has been saved with empty engine version. The asset will be loaded but may be incompatible.
[2015.11.27-09.58.19:222][  0]LogObj: 28428 objects as part of root set at end of initial load.
[2015.11.27-09.58.19:222][  0]LogUObjectAllocator: 6064712 out of 0 bytes used by permanent object pool.
[2015.11.27-09.58.19:267][  0]LogEngine: Initializing Engine...
[2015.11.27-09.58.19:268][  0]LogHMD: Can't find Oculus library dev build: is proper Runtime installed? Version: 0.7.0.0
[2015.11.27-09.58.19:269][  0]LogHMD: SteamVR failed to initialize.  Err: 110
[2015.11.27-09.58.19:358][  0]LogAIModule: Creating AISystem for world NewWorld
[2015.11.27-09.58.19:363][  0]LogInit: XAudio2 using 'Speakers (4- High Definition Audio Device)' : 2 channels at 44.1 kHz using 16 bits per sample (channel mask 0x3)
[2015.11.27-09.58.19:389][  0]LogInit: FAudioDevice initialized.
[2015.11.27-09.58.19:405][  0]LogDerivedDataCache: Saved boot cache 0.02s 41MB C:/Users/Spellabbet/AppData/Local/UnrealEngine/4.9/DerivedDataCache/Boot.ddc.
[2015.11.27-09.58.19:409][  0]LogInit: Texture streaming: Enabled
[2015.11.27-09.58.19:413][  0]LogAnalytics: Creating configured Analytics provider AnalyticsET
[2015.11.27-09.58.19:413][  0]LogAnalytics: [UEEditor.Rocket.Release] APIServer = http://et2.epicgames.com/ET2/. AppVersion = 4.9.2-2707645+++depot+UE4-Releases+4.9
[2015.11.27-09.58.19:413][  0]LogAnalytics: [UEEditor.Rocket.Release] SetUserId a56f99ce4ac584e8e6d851994b9dafce|4486cc34acf54390b5f34fc38c8b6486|060e5e79-a789-49c4-8abd-5d8b330400a7
[2015.11.27-09.58.19:413][  0]LogAnalytics: [UEEditor.Rocket.Release] AnalyticsET::StartSession
[2015.11.27-09.58.19:428][  0]LogInit: Transaction tracking system initialized
[2015.11.27-09.58.19:448][  0]BlueprintLog: New page: Editor Load
[2015.11.27-09.58.19:504][  0]LocalizationService: Info Localization service is disabled
[2015.11.27-09.58.19:571][  0]LogConsoleResponse:Display: 
[2015.11.27-09.58.19:652][  0]LogCook:Display: Done creating registry. It took  0.00s.
[2015.11.27-09.58.19:704][  0]LogFileCache: Scanning file cache for directory 'C:/Users/Spellabbet/Documents/GitHub/SpaceGame/Project/SpaceGame/Content/' took 0.01s
[2015.11.27-09.58.19:704][  0]SourceControl: Info Source control is disabled
[2015.11.27-09.58.19:704][  0]Cmd: MAP LOAD FILE="../../../Engine/Content/Maps/Templates/Template_Default.umap" TEMPLATE=1 SHOWPROGRESS=1 FEATURELEVEL=3
[2015.11.27-09.58.19:705][  0]LightingResults: New page: Lighting Build
[2015.11.27-09.58.19:707][  0]MapCheck: New page: Map Check
[2015.11.27-09.58.19:707][  0]LightingResults: New page: Lighting Build
[2015.11.27-09.58.19:714][  0]LogParticles: Destroying 0 GPU particle simulations for FXSystem 0x000000A36FC4E160
[2015.11.27-09.58.19:899][  0]LogAIModule: Creating AISystem for world Untitled_1
[2015.11.27-09.58.19:903][  0]LogEditorServer: Finished looking for orphan Actors (0.000 secs)
[2015.11.27-09.58.19:906][  0]Cmd: MAP CHECKDEP NOCLEARLOG
[2015.11.27-09.58.19:942][  0]MapCheck: Info Map check complete: 0 Error(s), 0 Warning(s), took 35.759ms to complete.
[2015.11.27-09.58.19:942][  0]LogFileHelpers: Loading map 'Template_Default' took 0.237
[2015.11.27-09.58.20:030][  0]LogCollectionManager: Loaded 0 collections in 0.001531 seconds
[2015.11.27-09.58.20:072][  0]LogFileCache: Scanning file cache for directory 'C:/Users/Spellabbet/Documents/GitHub/SpaceGame/Project/SpaceGame/Saved/Collections/' took 0.01s
[2015.11.27-09.58.20:072][  0]LogFileCache: Scanning file cache for directory 'C:/Users/Spellabbet/Documents/GitHub/SpaceGame/Project/SpaceGame/Content/Developers/Spellabbet/Collections/' took 0.01s
[2015.11.27-09.58.20:072][  0]LogFileCache: Scanning file cache for directory 'C:/Users/Spellabbet/Documents/GitHub/SpaceGame/Project/SpaceGame/Content/Collections/' took 0.01s
[2015.11.27-09.58.20:072][  0]LogContentBrowser: Native class hierarchy populated in 0.0075 seconds. Added 1874 classes and 335 folders.
[2015.11.27-09.58.20:076][  0]LogCollectionManager: Rebuilt the GUID cache for 0 collections in 0.000002 seconds
[2015.11.27-09.58.20:081][  0]LogContentBrowser: Native class hierarchy updated for 'WidgetCarousel' in 0.0008 seconds. Added 0 classes and 0 folders.
[2015.11.27-09.58.20:111][  0]LogContentBrowser: Native class hierarchy updated for 'AddContentDialog' in 0.0008 seconds. Added 0 classes and 0 folders.
[2015.11.27-09.58.20:118][  0]LogContentBrowser: Native class hierarchy updated for 'SceneOutliner' in 0.0008 seconds. Added 1 classes and 2 folders.
[2015.11.27-09.58.20:136][  0]LogCrashTracker: Crashtracker disabled due to settings.
[2015.11.27-09.58.20:140][  0]LogUObjectGlobals:Warning: Failed to find object 'Class None.'
[2015.11.27-09.58.20:162][  0]LogLoad: Full Startup: 5.23 seconds (BP compile: 0.03 seconds)
[2015.11.27-09.58.20:215][  0]LogContentStreaming: Texture pool size now 1000 MB
[2015.11.27-09.58.20:324][  0]LogRenderer: Reallocating scene render targets to support 1208x576 (Frame:2).
[2015.11.27-09.58.20:440][  2]LogAssetRegistry: Asset discovery search completed in 1.6738 seconds
[2015.11.27-09.58.20:440][  2]LogCollectionManager: Rebuilt the object cache for 0 collections in 0.000001 seconds (found 0 objects)
[2015.11.27-09.58.20:440][  2]LogCollectionManager: Fixed up redirectors for 0 collections in 0.000025 seconds (updated 0 objects)
[2015.11.27-09.58.29:153][226]LogEditorViewport: Clicking on Actor (LMB): BP_Sky_Sphere_C (Sky Sphere)
[2015.11.27-09.58.34:674][873]LogAIModule: Creating AISystem for world Untitled
[2015.11.27-09.58.34:694][873]Cmd: MAP LOAD FILE="../../../../../../Users/Spellabbet/Documents/GitHub/SpaceGame/Project/SpaceGame/Content/Untitled.umap" TEMPLATE=0 SHOWPROGRESS=1 FEATURELEVEL=3
[2015.11.27-09.58.34:694][873]LightingResults: New page: Lighting Build
[2015.11.27-09.58.34:707][873]LoadErrors: New page: Loading map: Untitled.umap
[2015.11.27-09.58.34:708][873]MapCheck: New page: Map Check
[2015.11.27-09.58.34:708][873]LightingResults: New page: Lighting Build
[2015.11.27-09.58.34:715][873]LogParticles: Destroying 0 GPU particle simulations for FXSystem 0x000000A3640539C0
[2015.11.27-09.58.34:718][873]LogEditorServer: Finished looking for orphan Actors (0.000 secs)
[2015.11.27-09.58.34:743][873]Cmd: MAP CHECKDEP NOCLEARLOG
[2015.11.27-09.58.34:773][873]MapCheck: Info Map check complete: 0 Error(s), 0 Warning(s), took 30.11ms to complete.
[2015.11.27-09.58.34:773][873]LogFileHelpers: Loading map 'Untitled' took 0.080
[2015.11.27-09.58.35:857][  1]LogEditorViewport: Clicking on Actor (LMB): BP_Sky_Sphere_C (Sky Sphere)
[2015.11.27-09.58.50:190][602]LogEditorViewport: Clicking on Actor (LMB): BP_Sky_Sphere_C (Sky Sphere)
[2015.11.27-09.58.57:693][496]LogPlayLevel: PlayLevel: No blueprints needed recompiling
[2015.11.27-09.58.57:694][496]PIE: New page: PIE session: Untitled (Nov 27, 2015, 11:58:57 AM)
[2015.11.27-09.58.57:694][496]LogPlayLevel: Creating play world package: /Game/UEDPIE_0_Untitled
[2015.11.27-09.58.57:696][496]LogPlayLevel: PIE: StaticDuplicateObject took: (0.002055s)
[2015.11.27-09.58.57:697][496]LogAIModule: Creating AISystem for world Untitled
[2015.11.27-09.58.57:697][496]LogPlayLevel: PIE: World Init took: (0.000943s)
[2015.11.27-09.58.57:697][496]LogPlayLevel: PIE: Created PIE world by copying editor world from /Game/Untitled.Untitled to /Game/UEDPIE_0_Untitled.Untitled (0.003475s)
[2015.11.27-09.58.57:711][496]LogInit: XAudio2 using 'Speakers (4- High Definition Audio Device)' : 2 channels at 44.1 kHz using 16 bits per sample (channel mask 0x3)
[2015.11.27-09.58.57:715][496]LogInit: FAudioDevice initialized.
[2015.11.27-09.58.57:937][496]LogWorld: Game class is 'GameMode'
[2015.11.27-09.58.57:947][496]LogWorld: Bringing World /Game/UEDPIE_0_Untitled.Untitled up for play (max tick rate 0) at 2015.11.27-10.58.57
[2015.11.27-09.58.57:947][496]LogActor:Warning: GameSession /Game/UEDPIE_0_Untitled.Untitled:PersistentLevel.GameSession_0 has natively added scene component(s), but none of them were set as the actor's RootComponent - picking one arbitrarily
[2015.11.27-09.58.57:947][496]LogActor:Warning: GameNetworkManager /Game/UEDPIE_0_Untitled.Untitled:PersistentLevel.GameNetworkManager_0 has natively added scene component(s), but none of them were set as the actor's RootComponent - picking one arbitrarily
[2015.11.27-09.58.57:975][496]LogWorld: Bringing up level for play took: 0.030709
[2015.11.27-09.58.57:977][496]PIE: Info Play in editor start time for /Game/UEDPIE_0_Untitled 0.008
[2015.11.27-09.59.06:588][506]LogSelection:Warning: PIE object was selected: "BP_Sky_Sphere_C /Game/UEDPIE_0_Untitled.Untitled:PersistentLevel.SkySphere"
[2015.11.27-09.59.07:409][584]LogEditorViewport: Clicking on Actor (LMB): FleetBP_C (FleetBP)
[2015.11.27-09.59.07:409][584]LogSelection:Warning: PIE object was selected: "FleetBP_C /Game/UEDPIE_0_Untitled.Untitled:PersistentLevel.FleetBP_2"
[2015.11.27-09.59.16:833][374]LogEditorViewport: Clicking on Actor (LMB): StarBP_C (StarBP)
[2015.11.27-09.59.16:833][374]LogSelection:Warning: PIE object was selected: "StarBP_C /Game/UEDPIE_0_Untitled.Untitled:PersistentLevel.StarBP_2"
[2015.11.27-09.59.18:209][514]LogEditorViewport: Clicking on Actor (LMB): FleetBP_C (FleetBP)
[2015.11.27-09.59.18:210][514]LogSelection:Warning: PIE object was selected: "FleetBP_C /Game/UEDPIE_0_Untitled.Untitled:PersistentLevel.FleetBP_2"
[2015.11.27-09.59.31:468][714]LogEditorViewport: Clicking on Actor (LMB): FleetBP_C (FleetBP2)
[2015.11.27-09.59.31:468][714]LogSelection:Warning: PIE object was selected: "FleetBP_C /Game/UEDPIE_0_Untitled.Untitled:PersistentLevel.FleetBP2_5"
[2015.11.27-09.59.46:038][956]LogEditorViewport: Clicking on Actor (LMB): FleetBP_C (FleetBP)
[2015.11.27-09.59.46:038][956]LogSelection:Warning: PIE object was selected: "FleetBP_C /Game/UEDPIE_0_Untitled.Untitled:PersistentLevel.FleetBP_2"
[2015.11.27-09.59.47:535][106]LogEditorViewport: Clicking on Actor (LMB): StarBP_C (StarBP)
[2015.11.27-09.59.47:535][106]LogSelection:Warning: PIE object was selected: "StarBP_C /Game/UEDPIE_0_Untitled.Untitled:PersistentLevel.StarBP_2"
[2015.11.27-09.59.50:290][337]LogEditorViewport: Clicking on Actor (LMB): FleetBP_C (FleetBP)
[2015.11.27-09.59.50:290][337]LogSelection:Warning: PIE object was selected: "FleetBP_C /Game/UEDPIE_0_Untitled.Untitled:PersistentLevel.FleetBP_2"
[2015.11.27-09.59.52:114][489]LogEditorViewport: Clicking on Actor (LMB): StarBP_C (StarBP)
[2015.11.27-09.59.52:114][489]LogSelection:Warning: PIE object was selected: "StarBP_C /Game/UEDPIE_0_Untitled.Untitled:PersistentLevel.StarBP_2"
[2015.11.27-09.59.54:308][705]LogEditorViewport: Clicking on Actor (LMB): FleetBP_C (FleetBP)
[2015.11.27-09.59.54:308][705]LogSelection:Warning: PIE object was selected: "FleetBP_C /Game/UEDPIE_0_Untitled.Untitled:PersistentLevel.FleetBP_C_0"
[2015.11.27-09.59.59:209][212]LogEditorViewport: Clicking on Actor (LMB): StarBP_C (StarBP)
[2015.11.27-09.59.59:209][212]LogSelection:Warning: PIE object was selected: "StarBP_C /Game/UEDPIE_0_Untitled.Untitled:PersistentLevel.StarBP_2"
[2015.11.27-10.00.07:757][997]LogVSAccessor:Warning: Couldn't goto line number '0' in 'C:/Users/Spellabbet/Documents/GitHub/SpaceGame/Project/SpaceGame/Source/SpaceGame/Ship.h'
[2015.11.27-10.00.07:824][997]LogVSAccessor:Warning: Couldn't goto line number '0' in 'C:/Users/Spellabbet/Documents/GitHub/SpaceGame/Project/SpaceGame/Source/SpaceGame/Ship.cpp'
[2015.11.27-10.00.32:772][937]LogParticles: Destroying 0 GPU particle simulations for FXSystem 0x000000A3001D9940
[2015.11.27-10.00.34:015][ 59]Recompiling SpaceGame...
[2015.11.27-10.00.34:015][ 59]Launching UnrealBuildTool... [C:/Program Files/Epic Games/4.9/Engine/Binaries/DotNET/UnrealBuildTool.exe SpaceGame -ModuleWithSuffix SpaceGame 1393 Win64 Development -editorrecompile -canskiplink "C:/Users/Spellabbet/Documents/GitHub/SpaceGame/Project/SpaceGame/SpaceGame.uproject" -rocket  -rocket]
[2015.11.27-10.00.34:016][ 59]Warning: Starting HotReload took  0.2s.
[2015.11.27-10.00.39:949][750]LogEditorViewport: Clicking on Actor (LMB): FleetBP_C (FleetBP)
[2015.11.27-10.00.43:114][122]LogEditorViewport: Clicking on Actor (LMB): FleetBP_C (FleetBP2)
[2015.11.27-10.00.55:187][409]LogEditorViewport: Clicking on Actor (LMB): FleetBP_C (FleetBP2)
[2015.11.27-10.01.03:919][446]LogEditorViewport: Clicking on Actor (LMB): FleetBP_C (FleetBP)
[2015.11.27-10.01.06:214][715]LogEditorViewport: Clicking on Actor (LMB): BP_Sky_Sphere_C (Sky Sphere)
[2015.11.27-10.01.06:937][799]LogEditorViewport: Clicking on Actor (LMB): FleetBP_C (FleetBP)
[2015.11.27-10.01.53:051][978]LogEditorViewport: Clicking on Actor (LMB): StaticMeshActor (Floor)
[2015.11.27-10.02.56:436][313]CompilerResultsLog: New page: Compilation - Nov 27, 2015, 12:02:56 PM
[2015.11.27-10.02.56:436][313]CompilerResultsLog: Info Compiling game modules for hot reload
[2015.11.27-10.02.56:436][313]CompilerResultsLog: Info Performing 2 actions (4 in parallel)
[2015.11.27-10.02.56:436][313]CompilerResultsLog: Info Fleet.cpp
[2015.11.27-10.02.56:436][313]CompilerResultsLog: Info [2/2] Link UE4Editor-SpaceGame-1393.dll
[2015.11.27-10.02.56:436][313]CompilerResultsLog: Info    Creating library C:\Users\Spellabbet\Documents\GitHub\SpaceGame\Project\SpaceGame\Intermediate/Build/Win64\UE4Editor\Development\UE4Editor-SpaceGame-1393.lib and object C:\Users\Spellabbet\Documents\GitHub\SpaceGame\Project\SpaceGame\Intermediate/Build/Win64\UE4Editor\Development\UE4Editor-SpaceGame-1393.exp
[2015.11.27-10.02.56:436][313]CompilerResultsLog: Info -------- End Detailed Actions Stats -----------------------------------------------------------
[2015.11.27-10.02.56:436][313]CompilerResultsLog: Info Total build time: 142,36 seconds
[2015.11.27-10.02.56:436][313]LogMainFrame: MainFrame: Module compiling took 142.424 seconds
[2015.11.27-10.02.56:469][313]LogClass: OwnedBy HotReload.
[2015.11.27-10.02.56:471][313]LogContentBrowser: Native class hierarchy updated for 'SpaceGame' in 0.0009 seconds. Added 7 classes and 2 folders.
[2015.11.27-10.02.56:472][313]Warning: HotReload successful (4 functions remapped  0 scriptstructs remapped)
[2015.11.27-10.02.56:527][313]LogContentBrowser: Native class hierarchy populated in 0.0069 seconds. Added 1875 classes and 337 folders.
[2015.11.27-10.03.00:226][636]LogEditorViewport: Clicking on Actor (LMB): FleetBP_C (FleetBP)
[2015.11.27-10.03.01:445][777]LogEditorViewport: Clicking on Actor (LMB): FleetBP_C (FleetBP2)
[2015.11.27-10.03.02:373][883]LogEditorViewport: Clicking on Actor (LMB): FleetBP_C (FleetBP)
[2015.11.27-10.03.10:094][803]LogPlayLevel: PlayLevel: No blueprints needed recompiling
[2015.11.27-10.03.10:095][803]PIE: New page: PIE session: Untitled (Nov 27, 2015, 12:03:10 PM)
[2015.11.27-10.03.10:095][803]LogPlayLevel: Creating play world package: /Game/UEDPIE_0_Untitled
[2015.11.27-10.03.10:097][803]LogPlayLevel: PIE: StaticDuplicateObject took: (0.001791s)
[2015.11.27-10.03.10:097][803]LogAIModule: Creating AISystem for world Untitled
[2015.11.27-10.03.10:097][803]LogPlayLevel: PIE: World Init took: (0.000750s)
[2015.11.27-10.03.10:097][803]LogPlayLevel: PIE: Created PIE world by copying editor world from /Game/Untitled.Untitled to /Game/UEDPIE_0_Untitled.Untitled (0.002761s)
[2015.11.27-10.03.10:113][803]LogInit: XAudio2 using 'Speakers (4- High Definition Audio Device)' : 2 channels at 44.1 kHz using 16 bits per sample (channel mask 0x3)
[2015.11.27-10.03.10:118][803]LogInit: FAudioDevice initialized.
[2015.11.27-10.03.10:149][803]LogWorld: Game class is 'GameMode'
[2015.11.27-10.03.10:152][803]LogWorld: Bringing World /Game/UEDPIE_0_Untitled.Untitled up for play (max tick rate 0) at 2015.11.27-11.03.10
[2015.11.27-10.03.10:152][803]LogActor:Warning: GameSession /Game/UEDPIE_0_Untitled.Untitled:PersistentLevel.GameSession_1 has natively added scene component(s), but none of them were set as the actor's RootComponent - picking one arbitrarily
[2015.11.27-10.03.10:153][803]LogActor:Warning: GameNetworkManager /Game/UEDPIE_0_Untitled.Untitled:PersistentLevel.GameNetworkManager_1 has natively added scene component(s), but none of them were set as the actor's RootComponent - picking one arbitrarily
[2015.11.27-10.03.10:153][803]LogWorld: Bringing up level for play took: 0.002454
[2015.11.27-10.03.10:154][803]PIE: Info Play in editor start time for /Game/UEDPIE_0_Untitled 0.184
[2015.11.27-10.03.16:189][527]LogSelection:Warning: PIE object was selected: "FleetBP_C /Game/UEDPIE_0_Untitled.Untitled:PersistentLevel.FleetBP_2"
[2015.11.27-10.03.17:788][698]LogEditorViewport: Clicking on Actor (LMB): StarBP_C (StarBP)
[2015.11.27-10.03.17:788][698]LogSelection:Warning: PIE object was selected: "StarBP_C /Game/UEDPIE_0_Untitled.Untitled:PersistentLevel.StarBP_2"
[2015.11.27-10.03.20:175][966]LogEditorViewport: Clicking on Actor (LMB): FleetBP_C (FleetBP)
[2015.11.27-10.03.20:175][966]LogSelection:Warning: PIE object was selected: "FleetBP_C /Game/UEDPIE_0_Untitled.Untitled:PersistentLevel.FleetBP_2"
[2015.11.27-10.03.24:915][403]LogEditorViewport: Clicking on Actor (LMB): StarBP_C (StarBP)
[2015.11.27-10.03.24:915][403]LogSelection:Warning: PIE object was selected: "StarBP_C /Game/UEDPIE_0_Untitled.Untitled:PersistentLevel.StarBP_2"
[2015.11.27-10.03.26:283][548]LogEditorViewport: Clicking on Actor (LMB): FleetBP_C (FleetBP)
[2015.11.27-10.03.26:283][548]LogSelection:Warning: PIE object was selected: "FleetBP_C /Game/UEDPIE_0_Untitled.Untitled:PersistentLevel.FleetBP_2"
[2015.11.27-10.03.28:592][752]LogEditorViewport: Clicking on Actor (LMB): FleetBP_C (FleetBP12)
[2015.11.27-10.03.28:592][752]LogSelection:Warning: PIE object was selected: "FleetBP_C /Game/UEDPIE_0_Untitled.Untitled:PersistentLevel.FleetBP_C_12"
[2015.11.27-10.03.34:727][320]LogEditorViewport: Clicking on Actor (LMB): StarBP_C (StarBP)
[2015.11.27-10.03.34:727][320]LogSelection:Warning: PIE object was selected: "StarBP_C /Game/UEDPIE_0_Untitled.Untitled:PersistentLevel.StarBP_2"
[2015.11.27-10.03.36:539][511]LogEditorViewport: Clicking on Actor (LMB): FleetBP_C (FleetBP12)
[2015.11.27-10.03.36:539][511]LogSelection:Warning: PIE object was selected: "FleetBP_C /Game/UEDPIE_0_Untitled.Untitled:PersistentLevel.FleetBP_C_12"
[2015.11.27-10.03.39:602][825]LogEditorViewport: Clicking on Actor (LMB): BP_Sky_Sphere_C (Sky Sphere)
[2015.11.27-10.03.39:602][825]LogSelection:Warning: PIE object was selected: "BP_Sky_Sphere_C /Game/UEDPIE_0_Untitled.Untitled:PersistentLevel.SkySphere"
[2015.11.27-10.03.40:018][862]LogEditorViewport: Clicking on Actor (LMB): FleetBP_C (FleetBP12)
[2015.11.27-10.03.40:018][862]LogSelection:Warning: PIE object was selected: "FleetBP_C /Game/UEDPIE_0_Untitled.Untitled:PersistentLevel.FleetBP_C_12"
[2015.11.27-10.03.46:860][667]Cmd: DELETE
[2015.11.27-10.03.46:860][667]Cmd: ACTOR DELETE
[2015.11.27-10.03.46:860][667]LogEditorActor: Deleted Actor: FleetBP_C
[2015.11.27-10.03.46:869][667]LogEditorActor: Deleted 1 Actors (0.009 secs)
[2015.11.27-10.04.15:123][163]LogEditorViewport: Clicking on Actor (LMB): StarBP_C (StarBP)
[2015.11.27-10.04.15:123][163]LogSelection:Warning: PIE object was selected: "StarBP_C /Game/UEDPIE_0_Untitled.Untitled:PersistentLevel.StarBP_2"
[2015.11.27-10.04.19:459][596]LogParticles: Destroying 0 GPU particle simulations for FXSystem 0x000000A300E56340
[2015.11.27-10.04.20:462][712]Recompiling SpaceGame...
[2015.11.27-10.04.20:462][712]Launching UnrealBuildTool... [C:/Program Files/Epic Games/4.9/Engine/Binaries/DotNET/UnrealBuildTool.exe SpaceGame -ModuleWithSuffix SpaceGame 2985 Win64 Development -editorrecompile -canskiplink "C:/Users/Spellabbet/Documents/GitHub/SpaceGame/Project/SpaceGame/SpaceGame.uproject" -rocket  -rocket]
[2015.11.27-10.04.20:464][712]Warning: Starting HotReload took  0.0s.
[2015.11.27-10.04.24:893][ 66]CompilerResultsLog: New page: Compilation - Nov 27, 2015, 12:04:24 PM
[2015.11.27-10.04.24:893][ 66]CompilerResultsLog: Info Compiling game modules for hot reload
[2015.11.27-10.04.24:893][ 66]CompilerResultsLog: Info Performing 2 actions (4 in parallel)
[2015.11.27-10.04.24:893][ 66]CompilerResultsLog: Info Star.cpp
[2015.11.27-10.04.24:894][ 66]CompilerResultsLog: Info [2/2] Link UE4Editor-SpaceGame-2985.dll
[2015.11.27-10.04.24:894][ 66]CompilerResultsLog: Info    Creating library C:\Users\Spellabbet\Documents\GitHub\SpaceGame\Project\SpaceGame\Intermediate/Build/Win64\UE4Editor\Development\UE4Editor-SpaceGame-2985.lib and object C:\Users\Spellabbet\Documents\GitHub\SpaceGame\Project\SpaceGame\Intermediate/Build/Win64\UE4Editor\Development\UE4Editor-SpaceGame-2985.exp
[2015.11.27-10.04.24:894][ 66]CompilerResultsLog: Info -------- End Detailed Actions Stats -----------------------------------------------------------
[2015.11.27-10.04.24:894][ 66]CompilerResultsLog: Info Total build time: 4,11 seconds
[2015.11.27-10.04.24:894][ 66]LogMainFrame: MainFrame: Module compiling took 4.435 seconds
[2015.11.27-10.04.24:957][ 66]LogClass: OwnedBy HotReload.
[2015.11.27-10.04.24:959][ 66]LogContentBrowser: Native class hierarchy updated for 'SpaceGame' in 0.0009 seconds. Added 7 classes and 2 folders.
[2015.11.27-10.04.24:960][ 66]Warning: HotReload successful (4 functions remapped  0 scriptstructs remapped)
[2015.11.27-10.04.25:014][ 66]LogContentBrowser: Native class hierarchy populated in 0.0069 seconds. Added 1875 classes and 337 folders.
[2015.11.27-10.04.27:317][278]LogPlayLevel: PlayLevel: No blueprints needed recompiling
[2015.11.27-10.04.27:317][278]PIE: New page: PIE session: Untitled (Nov 27, 2015, 12:04:27 PM)
[2015.11.27-10.04.27:317][278]LogPlayLevel: Creating play world package: /Game/UEDPIE_0_Untitled
[2015.11.27-10.04.27:319][278]LogPlayLevel: PIE: StaticDuplicateObject took: (0.002112s)
[2015.11.27-10.04.27:320][278]LogAIModule: Creating AISystem for world Untitled
[2015.11.27-10.04.27:320][278]LogPlayLevel: PIE: World Init took: (0.001081s)
[2015.11.27-10.04.27:320][278]LogPlayLevel: PIE: Created PIE world by copying editor world from /Game/Untitled.Untitled to /Game/UEDPIE_0_Untitled.Untitled (0.003450s)
[2015.11.27-10.04.27:332][278]LogInit: XAudio2 using 'Speakers (4- High Definition Audio Device)' : 2 channels at 44.1 kHz using 16 bits per sample (channel mask 0x3)
[2015.11.27-10.04.27:337][278]LogInit: FAudioDevice initialized.
[2015.11.27-10.04.27:370][278]LogWorld: Game class is 'GameMode'
[2015.11.27-10.04.27:373][278]LogWorld: Bringing World /Game/UEDPIE_0_Untitled.Untitled up for play (max tick rate 0) at 2015.11.27-11.04.27
[2015.11.27-10.04.27:373][278]LogActor:Warning: GameSession /Game/UEDPIE_0_Untitled.Untitled:PersistentLevel.GameSession_2 has natively added scene component(s), but none of them were set as the actor's RootComponent - picking one arbitrarily
[2015.11.27-10.04.27:373][278]LogActor:Warning: GameNetworkManager /Game/UEDPIE_0_Untitled.Untitled:PersistentLevel.GameNetworkManager_2 has natively added scene component(s), but none of them were set as the actor's RootComponent - picking one arbitrarily
[2015.11.27-10.04.27:373][278]LogWorld: Bringing up level for play took: 0.002279
[2015.11.27-10.04.27:375][278]PIE: Info Play in editor start time for /Game/UEDPIE_0_Untitled -0.595
[2015.11.27-10.04.32:919][943]LogSelection:Warning: PIE object was selected: "StarBP_C /Game/UEDPIE_0_Untitled.Untitled:PersistentLevel.StarBP_2"
[2015.11.27-10.04.34:301][ 97]LogEditorViewport: Clicking on Actor (LMB): FleetBP_C (FleetBP)
[2015.11.27-10.04.34:301][ 97]LogSelection:Warning: PIE object was selected: "FleetBP_C /Game/UEDPIE_0_Untitled.Untitled:PersistentLevel.FleetBP_2"
[2015.11.27-10.04.41:805][711]LogEditorViewport: Clicking on Actor (LMB): StarBP_C (StarBP)
[2015.11.27-10.04.41:805][711]LogSelection:Warning: PIE object was selected: "StarBP_C /Game/UEDPIE_0_Untitled.Untitled:PersistentLevel.StarBP_2"
[2015.11.27-10.04.59:938][681]LogEditorViewport: Clicking on Actor (LMB): FleetBP_C (FleetBP2)
[2015.11.27-10.04.59:938][681]LogSelection:Warning: PIE object was selected: "FleetBP_C /Game/UEDPIE_0_Untitled.Untitled:PersistentLevel.FleetBP2_5"
[2015.11.27-10.05.03:931][ 34]LogEditorViewport: Clicking on Actor (LMB): StarBP_C (StarBP2)
[2015.11.27-10.05.03:931][ 34]LogSelection:Warning: PIE object was selected: "StarBP_C /Game/UEDPIE_0_Untitled.Untitled:PersistentLevel.StarBP2_5"
[2015.11.27-10.05.05:660][216]LogEditorViewport: Clicking on Actor (LMB): BP_Sky_Sphere_C (Sky Sphere)
[2015.11.27-10.05.05:660][216]LogSelection:Warning: PIE object was selected: "BP_Sky_Sphere_C /Game/UEDPIE_0_Untitled.Untitled:PersistentLevel.SkySphere"
[2015.11.27-10.05.06:858][340]LogEditorViewport: Clicking on Actor (LMB): FleetBP_C (FleetBP2)
[2015.11.27-10.05.06:858][340]LogSelection:Warning: PIE object was selected: "FleetBP_C /Game/UEDPIE_0_Untitled.Untitled:PersistentLevel.FleetBP2_5"
[2015.11.27-10.05.07:805][434]LogEditorViewport: Clicking on Actor (LMB): StarBP_C (StarBP2)
[2015.11.27-10.05.07:805][434]LogSelection:Warning: PIE object was selected: "StarBP_C /Game/UEDPIE_0_Untitled.Untitled:PersistentLevel.StarBP2_5"
[2015.11.27-10.05.09:253][588]LogEditorViewport: Clicking on Actor (LMB): FleetBP_C (FleetBP2)
[2015.11.27-10.05.09:253][588]LogSelection:Warning: PIE object was selected: "FleetBP_C /Game/UEDPIE_0_Untitled.Untitled:PersistentLevel.FleetBP2_5"
[2015.11.27-10.05.14:177][104]LogEditorViewport: Clicking on Actor (LMB): FleetBP_C (FleetBP20)
[2015.11.27-10.05.14:177][104]LogSelection:Warning: PIE object was selected: "FleetBP_C /Game/UEDPIE_0_Untitled.Untitled:PersistentLevel.FleetBP_C_20"
[2015.11.27-10.05.19:151][617]LogEditorViewport: Clicking on Actor (LMB): StarBP_C (StarBP2)
[2015.11.27-10.05.19:151][617]LogSelection:Warning: PIE object was selected: "StarBP_C /Game/UEDPIE_0_Untitled.Untitled:PersistentLevel.StarBP2_5"
[2015.11.27-10.05.51:919][551]LogEditorViewport: Clicking on Actor (LMB): FleetBP_C (FleetBP19)
[2015.11.27-10.05.51:919][551]LogSelection:Warning: PIE object was selected: "FleetBP_C /Game/UEDPIE_0_Untitled.Untitled:PersistentLevel.FleetBP_C_19"
[2015.11.27-10.05.55:477][871]LogParticles: Destroying 0 GPU particle simulations for FXSystem 0x000000A300D3EE80
[2015.11.27-10.08.10:120][572]Recompiling SpaceGame...
[2015.11.27-10.08.10:121][572]Launching UnrealBuildTool... [C:/Program Files/Epic Games/4.9/Engine/Binaries/DotNET/UnrealBuildTool.exe SpaceGame -ModuleWithSuffix SpaceGame 2217 Win64 Development -editorrecompile -canskiplink "C:/Users/Spellabbet/Documents/GitHub/SpaceGame/Project/SpaceGame/SpaceGame.uproject" -rocket  -rocket]
[2015.11.27-10.08.10:122][572]Warning: Starting HotReload took  0.0s.
[2015.11.27-10.08.13:410][947]CompilerResultsLog: New page: Compilation - Nov 27, 2015, 12:08:13 PM
[2015.11.27-10.08.13:410][947]CompilerResultsLog: Info Compiling game modules for hot reload
[2015.11.27-10.08.13:410][947]CompilerResultsLog: Info Performing 2 actions (4 in parallel)
[2015.11.27-10.08.13:410][947]CompilerResultsLog: Info Star.cpp
[2015.11.27-10.08.13:410][947]CompilerResultsLog: Info [2/2] Link UE4Editor-SpaceGame-2217.dll
[2015.11.27-10.08.13:410][947]CompilerResultsLog: Info    Creating library C:\Users\Spellabbet\Documents\GitHub\SpaceGame\Project\SpaceGame\Intermediate/Build/Win64\UE4Editor\Development\UE4Editor-SpaceGame-2217.lib and object C:\Users\Spellabbet\Documents\GitHub\SpaceGame\Project\SpaceGame\Intermediate/Build/Win64\UE4Editor\Development\UE4Editor-SpaceGame-2217.exp
[2015.11.27-10.08.13:410][947]CompilerResultsLog: Info -------- End Detailed Actions Stats -----------------------------------------------------------
[2015.11.27-10.08.13:410][947]CompilerResultsLog: Info Total build time: 3,26 seconds
[2015.11.27-10.08.13:410][947]LogMainFrame: MainFrame: Module compiling took 3.293 seconds
[2015.11.27-10.08.13:444][947]LogClass: OwnedBy HotReload.
[2015.11.27-10.08.13:446][947]LogContentBrowser: Native class hierarchy updated for 'SpaceGame' in 0.0009 seconds. Added 7 classes and 2 folders.
[2015.11.27-10.08.13:447][947]Warning: HotReload successful (4 functions remapped  0 scriptstructs remapped)
[2015.11.27-10.08.13:500][947]LogContentBrowser: Native class hierarchy populated in 0.0068 seconds. Added 1875 classes and 337 folders.
[2015.11.27-10.08.15:255][156]LogPlayLevel: PlayLevel: No blueprints needed recompiling
[2015.11.27-10.08.15:255][156]PIE: New page: PIE session: Untitled (Nov 27, 2015, 12:08:15 PM)
[2015.11.27-10.08.15:255][156]LogPlayLevel: Creating play world package: /Game/UEDPIE_0_Untitled
[2015.11.27-10.08.15:257][156]LogPlayLevel: PIE: StaticDuplicateObject took: (0.001832s)
[2015.11.27-10.08.15:258][156]LogAIModule: Creating AISystem for world Untitled
[2015.11.27-10.08.15:258][156]LogPlayLevel: PIE: World Init took: (0.000661s)
[2015.11.27-10.08.15:258][156]LogPlayLevel: PIE: Created PIE world by copying editor world from /Game/Untitled.Untitled to /Game/UEDPIE_0_Untitled.Untitled (0.002726s)
[2015.11.27-10.08.15:271][156]LogInit: XAudio2 using 'Speakers (4- High Definition Audio Device)' : 2 channels at 44.1 kHz using 16 bits per sample (channel mask 0x3)
[2015.11.27-10.08.15:276][156]LogInit: FAudioDevice initialized.
[2015.11.27-10.08.15:309][156]LogWorld: Game class is 'GameMode'
[2015.11.27-10.08.15:312][156]LogWorld: Bringing World /Game/UEDPIE_0_Untitled.Untitled up for play (max tick rate 0) at 2015.11.27-11.08.15
[2015.11.27-10.08.15:312][156]LogActor:Warning: GameSession /Game/UEDPIE_0_Untitled.Untitled:PersistentLevel.GameSession_3 has natively added scene component(s), but none of them were set as the actor's RootComponent - picking one arbitrarily
[2015.11.27-10.08.15:312][156]LogActor:Warning: GameNetworkManager /Game/UEDPIE_0_Untitled.Untitled:PersistentLevel.GameNetworkManager_3 has natively added scene component(s), but none of them were set as the actor's RootComponent - picking one arbitrarily
[2015.11.27-10.08.15:312][156]LogWorld: Bringing up level for play took: 0.002270
[2015.11.27-10.08.15:313][156]PIE: Info Play in editor start time for /Game/UEDPIE_0_Untitled -0.656
[2015.11.27-10.08.20:844][812]LogEditorViewport: Clicking on Actor (LMB): FleetBP_C (FleetBP)
[2015.11.27-10.08.20:844][812]LogSelection:Warning: PIE object was selected: "FleetBP_C /Game/UEDPIE_0_Untitled.Untitled:PersistentLevel.FleetBP_2"
[2015.11.27-10.08.23:140][ 23]LogEditorViewport: Clicking on Actor (LMB): FleetBP_C (FleetBP2)
[2015.11.27-10.08.23:140][ 23]LogSelection:Warning: PIE object was selected: "FleetBP_C /Game/UEDPIE_0_Untitled.Untitled:PersistentLevel.FleetBP2_5"
[2015.11.27-10.08.24:084][105]LogEditorViewport: Clicking on Actor (LMB): FleetBP_C (FleetBP)
[2015.11.27-10.08.24:084][105]LogSelection:Warning: PIE object was selected: "FleetBP_C /Game/UEDPIE_0_Untitled.Untitled:PersistentLevel.FleetBP_2"
[2015.11.27-10.08.27:755][431]LogEditorViewport: Clicking on Actor (LMB): StarBP_C (StarBP)
[2015.11.27-10.08.27:755][431]LogSelection:Warning: PIE object was selected: "StarBP_C /Game/UEDPIE_0_Untitled.Untitled:PersistentLevel.StarBP_2"
[2015.11.27-10.08.29:370][598]LogEditorViewport: Clicking on Actor (LMB): FleetBP_C (FleetBP)
[2015.11.27-10.08.29:370][598]LogSelection:Warning: PIE object was selected: "FleetBP_C /Game/UEDPIE_0_Untitled.Untitled:PersistentLevel.FleetBP_2"
[2015.11.27-10.08.30:113][660]LogEditorViewport: Clicking on Actor (LMB): StarBP_C (StarBP)
[2015.11.27-10.08.30:113][660]LogSelection:Warning: PIE object was selected: "StarBP_C /Game/UEDPIE_0_Untitled.Untitled:PersistentLevel.StarBP_2"
[2015.11.27-10.08.30:771][717]LogEditorViewport: Clicking on Actor (LMB): FleetBP_C (FleetBP)
[2015.11.27-10.08.30:771][717]LogSelection:Warning: PIE object was selected: "FleetBP_C /Game/UEDPIE_0_Untitled.Untitled:PersistentLevel.FleetBP_2"
[2015.11.27-10.08.32:778][889]LogEditorViewport: Clicking on Actor (LMB): StarBP_C (StarBP)
[2015.11.27-10.08.32:778][889]LogSelection:Warning: PIE object was selected: "StarBP_C /Game/UEDPIE_0_Untitled.Untitled:PersistentLevel.StarBP_2"
[2015.11.27-10.08.35:696][190]LogEditorViewport: Clicking on Actor (LMB): FleetBP_C (FleetBP26)
[2015.11.27-10.08.35:696][190]LogSelection:Warning: PIE object was selected: "FleetBP_C /Game/UEDPIE_0_Untitled.Untitled:PersistentLevel.FleetBP_C_26"
[2015.11.27-10.08.43:820][940]LogEditorViewport: Clicking on Actor (LMB): FleetBP_C (FleetBP27)
[2015.11.27-10.08.43:820][940]LogSelection:Warning: PIE object was selected: "FleetBP_C /Game/UEDPIE_0_Untitled.Untitled:PersistentLevel.FleetBP_C_27"
[2015.11.27-10.08.48:215][319]LogEditorViewport: Clicking on Actor (LMB): StarBP_C (StarBP)
[2015.11.27-10.08.48:215][319]LogSelection:Warning: PIE object was selected: "StarBP_C /Game/UEDPIE_0_Untitled.Untitled:PersistentLevel.StarBP_2"
[2015.11.27-10.08.52:545][701]LogEditorViewport: Clicking on Actor (LMB): FleetBP_C (FleetBP28)
[2015.11.27-10.08.52:545][701]LogSelection:Warning: PIE object was selected: "FleetBP_C /Game/UEDPIE_0_Untitled.Untitled:PersistentLevel.FleetBP_C_28"
[2015.11.27-10.08.57:736][139]LogEditorViewport: Clicking on Actor (LMB): BP_Sky_Sphere_C (Sky Sphere)
[2015.11.27-10.08.57:736][139]LogSelection:Warning: PIE object was selected: "BP_Sky_Sphere_C /Game/UEDPIE_0_Untitled.Untitled:PersistentLevel.SkySphere"
[2015.11.27-10.08.58:265][182]LogEditorViewport: Clicking on Actor (LMB): FleetBP_C (FleetBP29)
[2015.11.27-10.08.58:265][182]LogSelection:Warning: PIE object was selected: "FleetBP_C /Game/UEDPIE_0_Untitled.Untitled:PersistentLevel.FleetBP_C_29"
[2015.11.27-10.09.06:001][851]LogEditorViewport: Clicking on Actor (LMB): FleetBP_C (FleetBP30)
[2015.11.27-10.09.06:001][851]LogSelection:Warning: PIE object was selected: "FleetBP_C /Game/UEDPIE_0_Untitled.Untitled:PersistentLevel.FleetBP_C_30"
[2015.11.27-10.09.11:185][298]LogEditorViewport: Clicking on Actor (LMB): FleetBP_C (FleetBP31)
[2015.11.27-10.09.11:186][298]LogSelection:Warning: PIE object was selected: "FleetBP_C /Game/UEDPIE_0_Untitled.Untitled:PersistentLevel.FleetBP_C_31"
[2015.11.27-10.09.15:470][662]LogEditorViewport: Clicking on Actor (LMB): FleetBP_C (FleetBP2)
[2015.11.27-10.09.15:470][662]LogSelection:Warning: PIE object was selected: "FleetBP_C /Game/UEDPIE_0_Untitled.Untitled:PersistentLevel.FleetBP2_5"
[2015.11.27-10.09.20:045][103]LogEditorViewport: Clicking on Actor (LMB): BP_Sky_Sphere_C (Sky Sphere)
[2015.11.27-10.09.20:045][103]LogSelection:Warning: PIE object was selected: "BP_Sky_Sphere_C /Game/UEDPIE_0_Untitled.Untitled:PersistentLevel.SkySphere"
[2015.11.27-10.09.20:953][186]LogEditorViewport: Clicking on Actor (LMB): FleetBP_C (FleetBP32)
[2015.11.27-10.09.20:953][186]LogSelection:Warning: PIE object was selected: "FleetBP_C /Game/UEDPIE_0_Untitled.Untitled:PersistentLevel.FleetBP_C_32"
[2015.11.27-10.09.23:188][370]LogEditorViewport: Clicking on Actor (LMB): BP_Sky_Sphere_C (Sky Sphere)
[2015.11.27-10.09.23:188][370]LogSelection:Warning: PIE object was selected: "BP_Sky_Sphere_C /Game/UEDPIE_0_Untitled.Untitled:PersistentLevel.SkySphere"
[2015.11.27-10.09.26:048][597]LogEditorViewport: Clicking on Actor (LMB): FleetBP_C (FleetBP)
[2015.11.27-10.09.26:048][597]LogSelection:Warning: PIE object was selected: "FleetBP_C /Game/UEDPIE_0_Untitled.Untitled:PersistentLevel.FleetBP_2"
[2015.11.27-10.09.29:367][875]LogEditorViewport: Clicking on Actor (LMB): BP_Sky_Sphere_C (Sky Sphere)
[2015.11.27-10.09.29:367][875]LogSelection:Warning: PIE object was selected: "BP_Sky_Sphere_C /Game/UEDPIE_0_Untitled.Untitled:PersistentLevel.SkySphere"
[2015.11.27-10.09.46:787][568]LogEditorViewport: Clicking on Actor (LMB): FleetBP_C (FleetBP33)
[2015.11.27-10.09.46:787][568]LogSelection:Warning: PIE object was selected: "FleetBP_C /Game/UEDPIE_0_Untitled.Untitled:PersistentLevel.FleetBP_C_33"
[2015.11.27-10.10.20:511][480]LogEditorViewport: Clicking on Actor (LMB): FleetBP_C (FleetBP32)
[2015.11.27-10.10.20:511][480]LogSelection:Warning: PIE object was selected: "FleetBP_C /Game/UEDPIE_0_Untitled.Untitled:PersistentLevel.FleetBP_C_32"
[2015.11.27-10.10.22:456][651]LogEditorViewport: Clicking on Actor (LMB): BP_Sky_Sphere_C (Sky Sphere)
[2015.11.27-10.10.22:456][651]LogSelection:Warning: PIE object was selected: "BP_Sky_Sphere_C /Game/UEDPIE_0_Untitled.Untitled:PersistentLevel.SkySphere"
[2015.11.27-10.10.30:304][268]LogEditorViewport: Clicking on Actor (LMB): FleetBP_C (FleetBP32)
[2015.11.27-10.10.30:304][268]LogSelection:Warning: PIE object was selected: "FleetBP_C /Game/UEDPIE_0_Untitled.Untitled:PersistentLevel.FleetBP_C_32"
[2015.11.27-10.10.32:337][433]LogEditorViewport: Clicking on Actor (LMB): BP_Sky_Sphere_C (Sky Sphere)
[2015.11.27-10.10.32:337][433]LogSelection:Warning: PIE object was selected: "BP_Sky_Sphere_C /Game/UEDPIE_0_Untitled.Untitled:PersistentLevel.SkySphere"
[2015.11.27-10.10.34:103][579]LogEditorViewport: Clicking on Actor (LMB): FleetBP_C (FleetBP34)
[2015.11.27-10.10.34:103][579]LogSelection:Warning: PIE object was selected: "FleetBP_C /Game/UEDPIE_0_Untitled.Untitled:PersistentLevel.FleetBP_C_34"
[2015.11.27-10.10.36:598][814]LogEditorViewport: Clicking on Actor (LMB): FleetBP_C (FleetBP33)
[2015.11.27-10.10.36:598][814]LogSelection:Warning: PIE object was selected: "FleetBP_C /Game/UEDPIE_0_Untitled.Untitled:PersistentLevel.FleetBP_C_33"
[2015.11.27-10.10.50:901][105]LogEditorViewport: Clicking on Actor (LMB): FleetBP_C (FleetBP34)
[2015.11.27-10.10.50:901][105]LogSelection:Warning: PIE object was selected: "FleetBP_C /Game/UEDPIE_0_Untitled.Untitled:PersistentLevel.FleetBP_C_34"
[2015.11.27-10.10.52:383][254]LogEditorViewport: Clicking on Actor (LMB): FleetBP_C (FleetBP33)
[2015.11.27-10.10.52:383][254]LogSelection:Warning: PIE object was selected: "FleetBP_C /Game/UEDPIE_0_Untitled.Untitled:PersistentLevel.FleetBP_C_33"
[2015.11.27-10.10.56:631][623]LogEditorViewport: Clicking on Actor (LMB): FleetBP_C (FleetBP36)
[2015.11.27-10.10.56:632][623]LogSelection:Warning: PIE object was selected: "FleetBP_C /Game/UEDPIE_0_Untitled.Untitled:PersistentLevel.FleetBP_C_36"
[2015.11.27-10.10.57:590][710]LogEditorViewport: Clicking on Actor (LMB): FleetBP_C (FleetBP33)
[2015.11.27-10.10.57:590][710]LogSelection:Warning: PIE object was selected: "FleetBP_C /Game/UEDPIE_0_Untitled.Untitled:PersistentLevel.FleetBP_C_33"
[2015.11.27-10.10.58:513][793]LogEditorViewport: Clicking on Actor (LMB): FleetBP_C (FleetBP36)
[2015.11.27-10.10.58:514][793]LogSelection:Warning: PIE object was selected: "FleetBP_C /Game/UEDPIE_0_Untitled.Untitled:PersistentLevel.FleetBP_C_36"
[2015.11.27-10.11.13:260][618]LogEditorViewport: Clicking on Actor (LMB): FleetBP_C (FleetBP36)
[2015.11.27-10.11.13:260][618]LogSelection:Warning: PIE object was selected: "FleetBP_C /Game/UEDPIE_0_Untitled.Untitled:PersistentLevel.FleetBP_C_36"
[2015.11.27-10.11.22:340][642]LogEditorViewport: Clicking on Actor (LMB): FleetBP_C (FleetBP33)
[2015.11.27-10.11.22:340][642]LogSelection:Warning: PIE object was selected: "FleetBP_C /Game/UEDPIE_0_Untitled.Untitled:PersistentLevel.FleetBP_C_33"
[2015.11.27-10.14.18:320][955]LogParticles: Destroying 0 GPU particle simulations for FXSystem 0x000000A30B4AB4C0
[2015.11.27-10.14.22:922][507]LogEditorViewport: Clicking on Actor (LMB): FleetBP_C (FleetBP)
[2015.11.27-10.14.23:927][621]LogPlayLevel: PlayLevel: No blueprints needed recompiling
[2015.11.27-10.14.23:927][621]PIE: New page: PIE session: Untitled (Nov 27, 2015, 12:14:23 PM)
[2015.11.27-10.14.23:927][621]LogPlayLevel: Creating play world package: /Game/UEDPIE_0_Untitled
[2015.11.27-10.14.23:929][621]LogPlayLevel: PIE: StaticDuplicateObject took: (0.001525s)
[2015.11.27-10.14.23:930][621]LogAIModule: Creating AISystem for world Untitled
[2015.11.27-10.14.23:930][621]LogPlayLevel: PIE: World Init took: (0.000803s)
[2015.11.27-10.14.23:930][621]LogPlayLevel: PIE: Created PIE world by copying editor world from /Game/Untitled.Untitled to /Game/UEDPIE_0_Untitled.Untitled (0.002541s)
[2015.11.27-10.14.23:945][621]LogInit: XAudio2 using 'Speakers (4- High Definition Audio Device)' : 2 channels at 44.1 kHz using 16 bits per sample (channel mask 0x3)
[2015.11.27-10.14.23:950][621]LogInit: FAudioDevice initialized.
[2015.11.27-10.14.23:982][621]LogWorld: Game class is 'GameMode'
[2015.11.27-10.14.23:985][621]LogWorld: Bringing World /Game/UEDPIE_0_Untitled.Untitled up for play (max tick rate 0) at 2015.11.27-11.14.23
[2015.11.27-10.14.23:985][621]LogActor:Warning: GameSession /Game/UEDPIE_0_Untitled.Untitled:PersistentLevel.GameSession_4 has natively added scene component(s), but none of them were set as the actor's RootComponent - picking one arbitrarily
[2015.11.27-10.14.23:986][621]LogActor:Warning: GameNetworkManager /Game/UEDPIE_0_Untitled.Untitled:PersistentLevel.GameNetworkManager_4 has natively added scene component(s), but none of them were set as the actor's RootComponent - picking one arbitrarily
[2015.11.27-10.14.23:986][621]LogWorld: Bringing up level for play took: 0.002481
[2015.11.27-10.14.23:987][621]PIE: Info Play in editor start time for /Game/UEDPIE_0_Untitled 0.018
[2015.11.27-10.14.28:693][176]LogParticles: Destroying 0 GPU particle simulations for FXSystem 0x000000A35F5A1580
[2015.11.27-10.14.32:823][593]LogEditorViewport: Clicking on Actor (LMB): FleetBP_C (FleetBP2)
[2015.11.27-10.14.36:753][ 58]LogPlayLevel: PlayLevel: No blueprints needed recompiling
[2015.11.27-10.14.36:754][ 58]PIE: New page: PIE session: Untitled (Nov 27, 2015, 12:14:36 PM)
[2015.11.27-10.14.36:754][ 58]LogPlayLevel: Creating play world package: /Game/UEDPIE_0_Untitled
[2015.11.27-10.14.36:756][ 58]LogPlayLevel: PIE: StaticDuplicateObject took: (0.001900s)
[2015.11.27-10.14.36:756][ 58]LogAIModule: Creating AISystem for world Untitled
[2015.11.27-10.14.36:756][ 58]LogPlayLevel: PIE: World Init took: (0.000693s)
[2015.11.27-10.14.36:757][ 58]LogPlayLevel: PIE: Created PIE world by copying editor world from /Game/Untitled.Untitled to /Game/UEDPIE_0_Untitled.Untitled (0.002846s)
[2015.11.27-10.14.36:770][ 58]LogInit: XAudio2 using 'Speakers (4- High Definition Audio Device)' : 2 channels at 44.1 kHz using 16 bits per sample (channel mask 0x3)
[2015.11.27-10.14.36:775][ 58]LogInit: FAudioDevice initialized.
[2015.11.27-10.14.36:809][ 58]LogWorld: Game class is 'GameMode'
[2015.11.27-10.14.36:812][ 58]LogWorld: Bringing World /Game/UEDPIE_0_Untitled.Untitled up for play (max tick rate 0) at 2015.11.27-11.14.36
[2015.11.27-10.14.36:812][ 58]LogActor:Warning: GameSession /Game/UEDPIE_0_Untitled.Untitled:PersistentLevel.GameSession_5 has natively added scene component(s), but none of them were set as the actor's RootComponent - picking one arbitrarily
[2015.11.27-10.14.36:812][ 58]LogActor:Warning: GameNetworkManager /Game/UEDPIE_0_Untitled.Untitled:PersistentLevel.GameNetworkManager_5 has natively added scene component(s), but none of them were set as the actor's RootComponent - picking one arbitrarily
[2015.11.27-10.14.36:813][ 58]LogWorld: Bringing up level for play took: 0.002474
[2015.11.27-10.14.36:814][ 58]PIE: Info Play in editor start time for /Game/UEDPIE_0_Untitled 0.844
[2015.11.27-10.14.41:957][675]LogSelection:Warning: PIE object was selected: "FleetBP_C /Game/UEDPIE_0_Untitled.Untitled:PersistentLevel.FleetBP2_5"
[2015.11.27-10.14.43:783][881]LogEditorViewport: Clicking on Actor (LMB): FleetBP_C (FleetBP2)
[2015.11.27-10.14.43:783][881]LogSelection:Warning: PIE object was selected: "FleetBP_C /Game/UEDPIE_0_Untitled.Untitled:PersistentLevel.FleetBP2_5"
[2015.11.27-10.14.45:205][ 21]LogEditorViewport: Clicking on Actor (LMB): FleetBP_C (FleetBP)
[2015.11.27-10.14.45:205][ 21]LogSelection:Warning: PIE object was selected: "FleetBP_C /Game/UEDPIE_0_Untitled.Untitled:PersistentLevel.FleetBP_2"
[2015.11.27-10.14.54:699][916]LogEditorViewport: Clicking on Actor (LMB): FleetBP_C (FleetBP2)
[2015.11.27-10.14.54:699][916]LogSelection:Warning: PIE object was selected: "FleetBP_C /Game/UEDPIE_0_Untitled.Untitled:PersistentLevel.FleetBP2_5"
[2015.11.27-10.19.06:731][444]Recompiling SpaceGame...
[2015.11.27-10.19.06:731][444]Launching UnrealBuildTool... [C:/Program Files/Epic Games/4.9/Engine/Binaries/DotNET/UnrealBuildTool.exe SpaceGame -ModuleWithSuffix SpaceGame 5271 Win64 Development -editorrecompile -canskiplink "C:/Users/Spellabbet/Documents/GitHub/SpaceGame/Project/SpaceGame/SpaceGame.uproject" -rocket  -rocket]
[2015.11.27-10.19.06:732][444]Warning: Starting HotReload took  0.0s.
[2015.11.27-10.19.09:614][731]LogParticles: Destroying 0 GPU particle simulations for FXSystem 0x000000A300ECFC40
[2015.11.27-10.19.10:276][810]CompilerResultsLog: New page: Compilation - Nov 27, 2015, 12:19:10 PM
[2015.11.27-10.19.10:276][810]CompilerResultsLog: Info Compiling game modules for hot reload
[2015.11.27-10.19.10:277][810]CompilerResultsLog: Info Performing 2 actions (4 in parallel)
[2015.11.27-10.19.10:277][810]CompilerResultsLog: Info Star.cpp
[2015.11.27-10.19.10:277][810]CompilerResultsLog: Info [2/2] Link UE4Editor-SpaceGame-5271.dll
[2015.11.27-10.19.10:277][810]CompilerResultsLog: Info    Creating library C:\Users\Spellabbet\Documents\GitHub\SpaceGame\Project\SpaceGame\Intermediate/Build/Win64\UE4Editor\Development\UE4Editor-SpaceGame-5271.lib and object C:\Users\Spellabbet\Documents\GitHub\SpaceGame\Project\SpaceGame\Intermediate/Build/Win64\UE4Editor\Development\UE4Editor-SpaceGame-5271.exp
[2015.11.27-10.19.10:277][810]CompilerResultsLog: Info -------- End Detailed Actions Stats -----------------------------------------------------------
[2015.11.27-10.19.10:277][810]CompilerResultsLog: Info Total build time: 3,52 seconds
[2015.11.27-10.19.10:277][810]LogMainFrame: MainFrame: Module compiling took 3.549 seconds
[2015.11.27-10.19.10:314][810]LogClass: OwnedBy HotReload.
[2015.11.27-10.19.10:316][810]LogContentBrowser: Native class hierarchy updated for 'SpaceGame' in 0.0009 seconds. Added 7 classes and 2 folders.
[2015.11.27-10.19.10:317][810]Warning: HotReload successful (4 functions remapped  0 scriptstructs remapped)
[2015.11.27-10.19.10:370][810]LogContentBrowser: Native class hierarchy populated in 0.0068 seconds. Added 1875 classes and 337 folders.
[2015.11.27-10.19.11:703][969]Recompiling SpaceGame...
[2015.11.27-10.19.11:703][969]Launching UnrealBuildTool... [C:/Program Files/Epic Games/4.9/Engine/Binaries/DotNET/UnrealBuildTool.exe SpaceGame -ModuleWithSuffix SpaceGame 2795 Win64 Development -editorrecompile -canskiplink "C:/Users/Spellabbet/Documents/GitHub/SpaceGame/Project/SpaceGame/SpaceGame.uproject" -rocket  -rocket]
[2015.11.27-10.19.11:704][969]Warning: Starting HotReload took  0.0s.
[2015.11.27-10.19.12:627][ 61]CompilerResultsLog: New page: Compilation - Nov 27, 2015, 12:19:12 PM
[2015.11.27-10.19.12:627][ 61]CompilerResultsLog: Info Compiling game modules for hot reload
[2015.11.27-10.19.12:627][ 61]CompilerResultsLog: Info Target is up to date.
[2015.11.27-10.19.12:627][ 61]LogMainFrame: MainFrame: Module compiling took 0.926 seconds
[2015.11.27-10.19.14:440][277]LogPlayLevel: PlayLevel: No blueprints needed recompiling
[2015.11.27-10.19.14:440][277]PIE: New page: PIE session: Untitled (Nov 27, 2015, 12:19:14 PM)
[2015.11.27-10.19.14:440][277]LogPlayLevel: Creating play world package: /Game/UEDPIE_0_Untitled
[2015.11.27-10.19.14:442][277]LogPlayLevel: PIE: StaticDuplicateObject took: (0.001924s)
[2015.11.27-10.19.14:443][277]LogAIModule: Creating AISystem for world Untitled
[2015.11.27-10.19.14:443][277]LogPlayLevel: PIE: World Init took: (0.001086s)
[2015.11.27-10.19.14:443][277]LogPlayLevel: PIE: Created PIE world by copying editor world from /Game/Untitled.Untitled to /Game/UEDPIE_0_Untitled.Untitled (0.003238s)
[2015.11.27-10.19.14:457][277]LogInit: XAudio2 using 'Speakers (4- High Definition Audio Device)' : 2 channels at 44.1 kHz using 16 bits per sample (channel mask 0x3)
[2015.11.27-10.19.14:461][277]LogInit: FAudioDevice initialized.
[2015.11.27-10.19.14:496][277]LogWorld: Game class is 'GameMode'
[2015.11.27-10.19.14:500][277]LogWorld: Bringing World /Game/UEDPIE_0_Untitled.Untitled up for play (max tick rate 0) at 2015.11.27-11.19.14
[2015.11.27-10.19.14:500][277]LogActor:Warning: GameSession /Game/UEDPIE_0_Untitled.Untitled:PersistentLevel.GameSession_6 has natively added scene component(s), but none of them were set as the actor's RootComponent - picking one arbitrarily
[2015.11.27-10.19.14:500][277]LogActor:Warning: GameNetworkManager /Game/UEDPIE_0_Untitled.Untitled:PersistentLevel.GameNetworkManager_6 has natively added scene component(s), but none of them were set as the actor's RootComponent - picking one arbitrarily
[2015.11.27-10.19.14:500][277]LogWorld: Bringing up level for play took: 0.002467
[2015.11.27-10.19.14:501][277]PIE: Info Play in editor start time for /Game/UEDPIE_0_Untitled 0.532
[2015.11.27-10.19.18:446][750]LogSelection:Warning: PIE object was selected: "FleetBP_C /Game/UEDPIE_0_Untitled.Untitled:PersistentLevel.FleetBP2_5"
[2015.11.27-10.19.19:690][881]LogEditorViewport: Clicking on Actor (LMB): FleetBP_C (FleetBP)
[2015.11.27-10.19.19:690][881]LogSelection:Warning: PIE object was selected: "FleetBP_C /Game/UEDPIE_0_Untitled.Untitled:PersistentLevel.FleetBP_2"
[2015.11.27-10.19.22:700][ 14]LogCrashTracker: 


[2015.11.27-10.19.22:700][ 14]LogWindows: === Critical error: ===
Fatal error!



[2015.11.27-10.19.22:793][ 14]LogExit: Executing StaticShutdownAfterError
[2015.11.27-10.19.22:796][ 14]LogOutputDevice:Warning: 

Script Stack:
Star.OnEndOverlap
Star.OnBeginOverlap
Star.OnEndOverlap
Star.OnBeginOverlap
Star.OnEndOverlap
Star.OnBeginOverlap
Star.OnEndOverlap
Star.OnBeginOverlap
Star.OnEndOverlap
Star.OnBeginOverlap
Star.OnEndOverlap
Star.OnBeginOverlap
Star.OnEndOverlap
Star.OnBeginOverlap
Star.OnEndOverlap
Star.OnBeginOverlap
Star.OnEndOverlap
Star.OnBeginOverlap
Star.OnEndOverlap
Star.OnBeginOverlap
Star.OnEndOverlap
Star.OnBeginOverlap
Star.OnEndOverlap
Star.OnBeginOverlap
Star.OnEndOverlap
Star.OnBeginOverlap
Star.OnEndOverlap
Star.OnBeginOverlap
Star.OnEndOverlap
Star.OnBeginOverlap
Star.OnEndOverlap
Star.OnBeginOverlap
Star.OnEndOverlap
Star.OnBeginOverlap
Star.OnEndOverlap
Star.OnBeginOverlap
Star.OnEndOverlap
Star.OnBeginOverlap
Star.OnEndOverlap
Star.OnBeginOverlap
Star.OnEndOverlap
Star.OnBeginOverlap
Star.OnEndOverlap
Star.OnBeginOverlap
Star.OnEndOverlap
Star.OnBeginOverlap
Star.OnEndOverlap
Star.OnBeginOverlap
Star.OnEndOverlap
Star.OnBeginOverlap
Star.OnEndOverlap
Star.OnBeginOverlap
Star.OnEndOverlap
Star.OnBeginOverlap
Star.OnEndOverlap
Star.OnBeginOverlap
Star.OnEndOverlap
Star.OnBeginOverlap
Star.OnEndOverlap
Star.OnBeginOverlap
Star.OnEndOverlap
Star.OnBeginOverlap
Star.OnEndOverlap
Star.OnBeginOverlap
Star.OnEndOverlap
Star.OnBeginOverlap
Star.OnEndOverlap
Star.OnBeginOverlap
Star.OnEndOverlap
Star.OnBeginOverlap
Star.OnEndOverlap
Star.OnBeginOverlap
Star.OnEndOverlap
Star.OnBeginOverlap
Star.OnEndOverlap
Star.OnBeginOverlap
Star.OnEndOverlap
Star.OnBeginOverlap
Star.OnEndOverlap
Star.OnBeginOverlap
Star.OnEndOverlap
Star.OnBeginOverlap
Star.OnEndOverlap
Star.OnBeginOverlap
Star.OnEndOverlap
Star.OnBeginOverlap
Star.OnEndOverlap
Star.OnBeginOverlap
Star.OnEndOverlap
Star.OnBeginOverlap
Star.OnEndOverlap
Star.OnBeginOverlap
Star.OnEndOverlap
Star.OnBeginOverlap
Star.OnEndOverlap
Star.OnBeginOverlap
Star.OnEndOverlap
Star.OnBeginOverlap
Star.OnEndOverlap
Star.OnBeginOverlap
Star.OnEndOverlap
Star.OnBeginOverlap
Star.OnEndOverlap
Star.OnBeginOverlap
Star.OnEndOverlap
Star.OnBeginOverlap
Star.OnEndOverlap
Star.OnBeginOverlap
Star.OnEndOverlap
Star.OnBeginOverlap
Star.OnEndOverlap
Star.OnBeginOverlap
Star.OnEndOverlap
Star.OnBeginOverlap
Star.OnEndOverlap
Star.OnBeginOverlap
Star.OnEndOverlap
Star.OnBeginOverlap
Star.OnEndOverlap
Star.OnBeginOverlap
Star.OnEndOverlap
Star.OnBeginOverlap
Star.OnEndOverlap
Star.OnBeginOverlap
Star.OnEndOverlap
Star.OnBeginOverlap
Star.OnEndOverlap
Star.OnBeginOverlap
Star.OnEndOverlap
Star.OnBeginOverlap
Star.OnEndOverlap
Star.OnBeginOverlap
Star.OnEndOverlap
Star.OnBeginOverlap
Star.OnEndOverlap
Star.OnBeginOverlap
Star.OnEndOverlap
Star.OnBeginOverlap
Star.OnEndOverlap
Star.OnBeginOverlap
Star.OnEndOverlap
Star.OnBeginOverlap
Star.OnEndOverlap
Star.OnBeginOverlap
Star.OnEndOverlap
Star.OnBeginOverlap
Star.OnEndOverlap
Star.OnBeginOverlap
Star.OnEndOverlap
Star.OnBeginOverlap
Star.OnEndOverlap
Star.OnBeginOverlap
Star.OnEndOverlap
Star.OnBeginOverlap
Star.OnEndOverlap
Star.OnBeginOverlap
Star.OnEndOverlap
Star.OnBeginOverlap
Star.OnEndOverlap
Star.OnBeginOverlap
Star.OnEndOverlap
Star.OnBeginOverlap
Star.OnEndOverlap
Star.OnBeginOverlap
Star.OnEndOverlap
Star.OnBeginOverlap
Star.OnEndOverlap
Star.OnBeginOverlap
Star.OnEndOverlap
Star.OnBeginOverlap
Star.OnEndOverlap
Star.OnBeginOverlap
Star.OnEndOverlap
Star.OnBeginOverlap
Star.OnEndOverlap
Star.OnBeginOverlap
Star.OnEndOverlap
Star.OnBeginOverlap
Star.OnEndOverlap
Star.OnBeginOverlap
Star.OnEndOverlap
Star.OnBeginOverlap
Star.OnEndOverlap
Star.OnBeginOverlap
Star.OnEndOverlap
Star.OnBeginOverlap
Star.OnEndOverlap
Star.OnBeginOverlap
Star.OnEndOverlap
Star.OnBeginOverlap
Star.OnEndOverlap
Star.OnBeginOverlap
Star.OnEndOverlap
Star.OnBeginOverlap
Star.OnEndOverlap
Star.OnBeginOverlap
Star.OnEndOverlap
Star.OnBeginOverlap
Star.OnEndOverlap
Star.OnBeginOverlap
Star.OnEndOverlap
Star.OnBeginOverlap
Star.OnEndOverlap
Star.OnBeginOverlap
Star.OnEndOverlap
Star.OnBeginOverlap
Star.OnEndOverlap
Star.OnBeginOverlap
Star.OnEndOverlap
Star.OnBeginOverlap
Star.OnEndOverlap
Star.OnBeginOverlap
Star.OnEndOverlap
Star.OnBeginOverlap
Star.OnEndOverlap
Star.OnBeginOverlap
Star.OnEndOverlap
Star.OnBeginOverlap
Star.OnEndOverlap
Star.OnBeginOverlap
Star.OnEndOverlap
Star.OnBeginOverlap
Star.OnEndOverlap
Star.OnBeginOverlap
Star.OnEndOverlap
Star.OnBeginOverlap
Star.OnEndOverlap
Star.OnBeginOverlap
Star.OnEndOverlap
Star.OnBeginOverlap
Star.OnEndOverlap
Star.OnBeginOverlap
Star.OnEndOverlap
Star.OnBeginOverlap
Star.OnEndOverlap
Star.OnBeginOverlap
Star.OnEndOverlap
Star.OnBeginOverlap
Star.OnEndOverlap
Star.OnBeginOverlap
Star.OnEndOverlap
Star.OnBeginOverlap
Star.OnEndOverlap
Star.OnBeginOverlap
Star.OnEndOverlap
Star.OnBeginOverlap
Star.OnEndOverlap
Star.OnBeginOverlap
Star.OnEndOverlap
Star.OnBeginOverlap
Star.OnEndOverlap
Star.OnBeginOverlap
Star.OnEndOverlap
Star.OnBeginOverlap
Star.OnEndOverlap
Star.OnBeginOverlap
Star.OnEndOverlap
Star.OnBeginOverlap
Star.OnEndOverlap
Star.OnBeginOverlap
Star.OnEndOverlap
Star.OnBeginOverlap
Star.OnEndOverlap
Star.OnBeginOverlap
Star.OnEndOverlap
Star.OnBeginOverlap
Star.OnEndOverlap
Star.OnBeginOverlap
Star.OnEndOverlap
Star.OnBeginOverlap
Star.OnEndOverlap
Star.OnBeginOverlap
Star.OnEndOverlap
Star.OnBeginOverlap
Star.OnEndOverlap
Star.OnBeginOverlap
Star.OnEndOverlap
Star.OnBeginOverlap
Star.OnEndOverlap
Star.OnBeginOverlap
Star.OnEndOverlap
Star.OnBeginOverlap
Star.OnEndOverlap
Star.OnBeginOverlap
Star.OnEndOverlap
Star.OnBeginOverlap
Star.OnEndOverlap
Star.OnBeginOverlap
Star.OnEndOverlap
Star.OnBeginOverlap
Star.OnEndOverlap
Star.OnBeginOverlap
Star.OnEndOverlap
Star.OnBeginOverlap
Star.OnEndOverlap
Star.OnBeginOverlap
Star.OnEndOverlap
Star.OnBeginOverlap
Star.OnEndOverlap
Star.OnBeginOverlap
Star.OnEndOverlap
Star.OnBeginOverlap
Star.OnEndOverlap
Star.OnBeginOverlap
Star.OnEndOverlap
Star.OnBeginOverlap
Star.OnEndOverlap
Star.OnBeginOverlap
Star.OnEndOverlap
Star.OnBeginOverlap
Star.OnEndOverlap
Star.OnBeginOverlap
Star.OnEndOverlap
Star.OnBeginOverlap
Star.OnEndOverlap
Star.OnBeginOverlap
Star.OnEndOverlap
Star.OnBeginOverlap
Star.OnEndOverlap
Star.OnBeginOverlap
Star.OnEndOverlap
Star.OnBeginOverlap
Star.OnEndOverlap
Star.OnBeginOverlap
Star.OnEndOverlap
Star.OnBeginOverlap
Star.OnEndOverlap
Star.OnBeginOverlap
Star.OnEndOverlap
Star.OnBeginOverlap
Star.OnEndOverlap
Star.OnBeginOverlap
Star.OnEndOverlap
Star.OnBeginOverlap
Star.OnEndOverlap
Star.OnBeginOverlap
Star.OnEndOverlap
Star.OnBeginOverlap
Star.OnEndOverlap
Star.OnBeginOverlap
Star.OnEndOverlap
Star.OnBeginOverlap
Star.OnEndOverlap
Star.OnBeginOverlap
Star.OnEndOverlap
Star.OnBeginOverlap
Star.OnEndOverlap
Star.OnBeginOverlap
Star.OnEndOverlap
Star.OnBeginOverlap
Star.OnEndOverlap
Star.OnBeginOverlap
Star.OnEndOverlap
Star.OnBeginOverlap
Star.OnEndOverlap
Star.OnBeginOverlap
Star.OnEndOverlap
Star.OnBeginOverlap
Star.OnEndOverlap
Star.OnBeginOverlap
Star.OnEndOverlap
Star.OnBeginOverlap
Star.OnEndOverlap
Star.OnBeginOverlap
Star.OnEndOverlap
Star.OnBeginOverlap
Star.OnEndOverlap
Star.OnBeginOverlap
Star.OnEndOverlap
Star.OnBeginOverlap
Star.OnEndOverlap
Star.OnBeginOverlap
Star.OnEndOverlap
Star.OnBeginOverlap
Star.OnEndOverlap
Star.OnBeginOverlap
Star.OnEndOverlap
Star.OnBeginOverlap
Star.OnEndOverlap
Star.OnBeginOverlap
Star.OnEndOverlap
Star.OnBeginOverlap
Star.OnEndOverlap
Star.OnBeginOverlap
Star.OnEndOverlap
Star.OnBeginOverlap
Star.OnEndOverlap
Star.OnBeginOverlap
Star.OnEndOverlap
Star.OnBeginOverlap
Star.OnEndOverlap
Star.OnBeginOverlap
Star.OnEndOverlap
Star.OnBeginOverlap
Star.OnEndOverlap
Star.OnBeginOverlap
Star.OnEndOverlap
Star.OnBeginOverlap
Star.OnEndOverlap
Star.OnBeginOverlap
Star.OnEndOverlap
Star.OnBeginOverlap
Star.OnEndOverlap
Star.OnBeginOverlap
Star.OnEndOverlap
Star.OnBeginOverlap
Star.OnEndOverlap
Star.OnBeginOverlap
Star.OnEndOverlap
Star.OnBeginOverlap
Star.OnEndOverlap
Star.OnBeginOverlap
Star.OnEndOverlap
Star.OnBeginOverlap
Star.OnEndOverlap
Star.OnBeginOverlap
Star.OnEndOverlap
Star.OnBeginOverlap
Star.OnEndOverlap
Star.OnBeginOverlap
Star.OnEndOverlap
Star.OnBeginOverlap
Star.OnEndOverlap
Star.OnBeginOverlap
Star.OnEndOverlap
Star.OnBeginOverlap
Star.OnEndOverlap
Star.OnBeginOverlap
Star.OnEndOverlap
Star.OnBeginOverlap
Star.OnEndOverlap
Star.OnBeginOverlap
Star.OnEndOverlap
Star.OnBeginOverlap
Star.OnEndOverlap
Star.OnBeginOverlap
Star.OnEndOverlap
Star.OnBeginOverlap
Star.OnEndOverlap
Star.OnBeginOverlap
Star.OnEndOverlap
Star.OnBeginOverlap
Star.OnEndOverlap
Star.OnBeginOverlap
Star.OnEndOverlap
Star.OnBeginOverlap
Star.OnEndOverlap
Star.OnBeginOverlap
Star.OnEndOverlap
Star.OnBeginOverlap
Star.OnEndOverlap
Star.OnBeginOverlap
Star.OnEndOverlap
Star.OnBeginOverlap
Star.OnEndOverlap
Star.OnBeginOverlap
Star.OnEndOverlap
Star.OnBeginOverlap
Star.OnEndOverlap
Star.OnBeginOverlap
Star.OnEndOverlap
Star.OnBeginOverlap
Star.OnEndOverlap
Star.OnBeginOverlap
Star.OnEndOverlap
Star.OnBeginOverlap
Star.OnEndOverlap
Star.OnBeginOverlap
Star.OnEndOverlap
Star.OnBeginOverlap
Star.OnEndOverlap
Star.OnBeginOverlap
Star.OnEndOverlap
Star.OnBeginOverlap
Star.OnEndOverlap
Star.OnBeginOverlap
Star.OnEndOverlap
Star.OnBeginOverlap
Star.OnEndOverlap
Star.OnBeginOverlap
Star.OnEndOverlap
Star.OnBeginOverlap
Star.OnEndOverlap
Star.OnBeginOverlap
Star.OnEndOverlap
Star.OnBeginOverlap
Star.OnEndOverlap
Star.OnBeginOverlap
Star.OnEndOverlap
Star.OnBeginOverlap
Star.OnEndOverlap
Star.OnBeginOverlap
Star.OnEndOverlap
Star.OnBeginOverlap
Star.OnEndOverlap
Star.OnBeginOverlap
Star.OnEndOverlap
Star.OnBeginOverlap
Star.OnEndOverlap
Star.OnBeginOverlap
Star.OnEndOverlap
Star.OnBeginOverlap
Star.OnEndOverlap
Star.OnBeginOverlap
Star.OnEndOverlap
Star.OnBeginOverlap
Star.OnEndOverlap
Star.OnBeginOverlap
Star.OnEndOverlap
Star.OnBeginOverlap
Star.OnEndOverlap
Star.OnBeginOverlap
Star.OnEndOverlap
Star.OnBeginOverlap
Star.OnEndOverlap
Star.OnBeginOverlap
Star.OnEndOverlap
Star.OnBeginOverlap
Star.OnEndOverlap
Star.OnBeginOverlap
Star.OnEndOverlap
Star.OnBeginOverlap
Star.OnEndOverlap
Star.OnBeginOverlap
Star.OnEndOverlap
Star.OnBeginOverlap
Star.OnEndOverlap
Star.OnBeginOverlap
Star.OnEndOverlap
Star.OnBeginOverlap
Star.OnEndOverlap
Star.OnBeginOverlap
Star.OnEndOverlap
Star.OnBeginOverlap
Star.OnEndOverlap
Star.OnBeginOverlap
Star.OnEndOverlap
Star.OnBeginOverlap
Star.OnEndOverlap
Star.OnBeginOverlap
Star.OnEndOverlap
Star.OnBeginOverlap
Star.OnEndOverlap
Star.OnBeginOverlap
Star.OnEndOverlap
Star.OnBeginOverlap
Star.OnEndOverlap
Star.OnBeginOverlap
Star.OnEndOverlap
Star.OnBeginOverlap
Star.OnEndOverlap
Star.OnBeginOverlap
Star.OnEndOverlap
Star.OnBeginOverlap
Star.OnEndOverlap
Star.OnBeginOverlap
Star.OnEndOverlap
Star.OnBeginOverlap
Star.OnEndOverlap
Star.OnBeginOverlap
Star.OnEndOverlap
Star.OnBeginOverlap
Star.OnEndOverlap
Star.OnBeginOverlap
Star.OnEndOverlap
Star.OnBeginOverlap
Star.OnEndOverlap
Star.OnBeginOverlap
Star.OnEndOverlap
Star.OnBeginOverlap
Star.OnEndOverlap
Star.OnBeginOverlap
Star.OnEndOverlap
Star.OnBeginOverlap
Star.OnEndOverlap
Star.OnBeginOverlap
Star.OnEndOverlap
Star.OnBeginOverlap
Star.OnEndOverlap
Star.OnBeginOverlap
Star.OnEndOverlap
Star.OnBeginOverlap
Star.OnEndOverlap
Star.OnBeginOverlap
Star.OnEndOverlap
Star.OnBeginOverlap
Star.OnEndOverlap
Star.OnBeginOverlap
Star.OnEndOverlap
Star.OnBeginOverlap
Star.OnEndOverlap
Star.OnBeginOverlap
Star.OnEndOverlap
Star.OnBeginOverlap
Star.OnEndOverlap
Star.OnBeginOverlap
Star.OnEndOverlap
Star.OnBeginOverlap
Star.OnEndOverlap
Star.OnBeginOverlap
Star.OnEndOverlap
Star.OnBeginOverlap
Star.OnEndOverlap
Star.OnBeginOverlap
Star.OnEndOverlap
Star.OnBeginOverlap
Star.OnEndOverlap
Star.OnBeginOverlap
Star.OnEndOverlap
Star.OnBeginOverlap
Star.OnEndOverlap
Star.OnBeginOverlap
Star.OnEndOverlap
Star.OnBeginOverlap
Star.OnEndOverlap
Star.OnBeginOverlap
Star.OnEndOverlap
Star.OnBeginOverlap
Star.OnEndOverlap
Star.OnBeginOverlap
Star.OnEndOverlap
Star.OnBeginOverlap
Star.OnEndOverlap
Star.OnBeginOverlap
Star.OnEndOverlap
Star.OnBeginOverlap
Star.OnEndOverlap
Star.OnBeginOverlap
Star.OnEndOverlap
Star.OnBeginOverlap
Star.OnEndOverlap
Star.OnBeginOverlap
Star.OnEndOverlap
Star.OnBeginOverlap
Star.OnEndOverlap
Star.OnBeginOverlap
Star.OnEndOverlap
Star.OnBeginOverlap
Star.OnEndOverlap
Star.OnBeginOverlap
Star.OnEndOverlap
Star.OnBeginOverlap
Star.OnEndOverlap
Star.OnBeginOverlap
Star.OnEndOverlap
Star.OnBeginOverlap
Star.OnEndOverlap
Star.OnBeginOverlap
Star.OnEndOverlap
Star.OnBeginOverlap
Star.OnEndOverlap
Star.OnBeginOverlap
Star.OnEndOverlap
Star.OnBeginOverlap
Star.OnEndOverlap
Star.OnBeginOverlap
Star.OnEndOverlap
Star.OnBeginOverlap
Star.OnEndOverlap
Star.OnBeginOverlap
Star.OnEndOverlap
Star.OnBeginOverlap
Star.OnEndOverlap
Star.OnBeginOverlap
Star.OnEndOverlap
Star.OnBeginOverlap
Star.OnEndOverlap
Star.OnBeginOverlap
Star.OnEndOverlap
Star.OnBeginOverlap
Star.OnEndOverlap
Star.OnBeginOverlap
Star.OnEndOverlap
Star.OnBeginOverlap
Star.OnEndOverlap
Star.OnBeginOverlap
Star.OnEndOverlap
Star.OnBeginOverlap
Star.OnEndOverlap
Star.OnBeginOverlap
Star.OnEndOverlap
Star.OnBeginOverlap
Star.OnEndOverlap
Star.OnBeginOverlap
Star.OnEndOverlap
Star.OnBeginOverlap
Star.OnEndOverlap
Star.OnBeginOverlap
Star.OnEndOverlap
Star.OnBeginOverlap
Star.OnEndOverlap
Star.OnBeginOverlap
Star.OnEndOverlap
Star.OnBeginOverlap
Star.OnEndOverlap
Star.OnBeginOverlap
Star.OnEndOverlap
Star.OnBeginOverlap
Star.OnEndOverlap
Star.OnBeginOverlap
Star.OnEndOverlap
Star.OnBeginOverlap
Star.OnEndOverlap
Star.OnBeginOverlap
Star.OnEndOverlap
Star.OnBeginOverlap
Star.OnEndOverlap
Star.OnBeginOverlap
Star.OnEndOverlap
Star.OnBeginOverlap
Star.OnEndOverlap
Star.OnBeginOverlap
Star.OnEndOverlap
Star.OnBeginOverlap
Star.OnEndOverlap
Star.OnBeginOverlap
Star.OnEndOverlap
Star.OnBeginOverlap
Star.OnEndOverlap
Star.OnBeginOverlap
Star.OnEndOverlap
Star.OnBeginOverlap
Star.OnEndOverlap
Star.OnBeginOverlap
Star.OnEndOverlap
Star.OnBeginOverlap
Star.OnEndOverlap
Star.OnBeginOverlap
Star.OnEndOverlap
Star.OnBeginOverlap
Star.OnEndOverlap
Star.OnBeginOverlap
Star.OnEndOverlap
Star.OnBeginOverlap
Star.OnEndOverlap
Star.OnBeginOverlap
Star.OnEndOverlap
Star.OnBeginOverlap
Star.OnEndOverlap
Star.OnBeginOverlap
Star.OnEndOverlap
Star.OnBeginOverlap
Star.OnEndOverlap
Star.OnBeginOverlap
Star.OnEndOverlap
Star.OnBeginOverlap
Star.OnEndOverlap
Star.OnBeginOverlap
Star.OnEndOverlap
Star.OnBeginOverlap
Star.OnEndOverlap
Star.OnBeginOverlap
Star.OnEndOverlap
Star.OnBeginOverlap
Star.OnEndOverlap
Star.OnBeginOverlap
Star.OnEndOverlap
Star.OnBeginOverlap
Star.OnEndOverlap
Star.OnBeginOverlap
Star.OnEndOverlap
Star.OnBeginOverlap
Star.OnEndOverlap
Star.OnBeginOverlap
Star.OnEndOverlap
Star.OnBeginOverlap
Star.OnEndOverlap
Star.OnBeginOverlap
Star.OnEndOverlap
Star.OnBeginOverlap
Star.OnEndOverlap
Star.OnBeginOverlap
Star.OnEndOverlap
Star.OnBeginOverlap
Star.OnEndOverlap
Star.OnBeginOverlap
Star.OnEndOverlap
Star.OnBeginOverlap
Star.OnEndOverlap
Star.OnBeginOverlap
Star.OnEndOverlap
Star.OnBeginOverlap
Star.OnEndOverlap
Star.OnBeginOverlap
Star.OnEndOverlap
Star.OnBeginOverlap
Star.OnEndOverlap
Star.OnBeginOverlap
Star.OnEndOverlap
Star.OnBeginOverlap
Star.OnEndOverlap
Star.OnBeginOverlap
Star.OnEndOverlap
Star.OnBeginOverlap
Star.OnEndOverlap
Star.OnBeginOverlap
Star.OnEndOverlap
Star.OnBeginOverlap
Star.OnEndOverlap
Star.OnBeginOverlap
Star.OnEndOverlap
Star.OnBeginOverlap
Star.OnEndOverlap
Star.OnBeginOverlap
Star.OnEndOverlap
Star.OnBeginOverlap
Star.OnEndOverlap
Star.OnBeginOverlap
Star.OnEndOverlap
Star.OnBeginOverlap
Star.OnEndOverlap
Star.OnBeginOverlap
Star.OnEndOverlap
Star.OnBeginOverlap
Star.OnEndOverlap
Star.OnBeginOverlap
Star.OnEndOverlap
Star.OnBeginOverlap
Star.OnEndOverlap
Star.OnBeginOverlap
Star.OnEndOverlap
Star.OnBeginOverlap
Star.OnEndOverlap
Star.OnBeginOverlap
Star.OnEndOverlap
Star.OnBeginOverlap
Star.OnEndOverlap
Star.OnBeginOverlap
Star.OnEndOverlap
Star.OnBeginOverlap
Star.OnEndOverlap
Star.OnBeginOverlap
Star.OnEndOverlap
Star.OnBeginOverlap
Star.OnEndOverlap
Star.OnBeginOverlap
Star.OnEndOverlap
Star.OnBeginOverlap
Star.OnEndOverlap
Star.OnBeginOverlap
Star.OnEndOverlap
Star.OnBeginOverlap
Star.OnEndOverlap
Star.OnBeginOverlap
Star.OnEndOverlap
Star.OnBeginOverlap
Star.OnEndOverlap
Star.OnBeginOverlap
Star.OnEndOverlap
Star.OnBeginOverlap
Star.OnEndOverlap
Star.OnBeginOverlap
Star.OnEndOverlap
Star.OnBeginOverlap
Star.OnEndOverlap
Star.OnBeginOverlap
Star.OnEndOverlap
Star.OnBeginOverlap
Star.OnEndOverlap
Star.OnBeginOverlap
Star.OnEndOverlap
Star.OnBeginOverlap
Star.OnEndOverlap
Star.OnBeginOverlap
Star.OnEndOverlap
Star.OnBeginOverlap
Star.OnEndOverlap
Star.OnBeginOverlap
Star.OnEndOverlap
Star.OnBeginOverlap
Star.OnEndOverlap
Star.OnBeginOverlap
Star.OnEndOverlap
Star.OnBeginOverlap
Star.OnEndOverlap
Star.OnBeginOverlap
Star.OnEndOverlap
Star.OnBeginOverlap
Star.OnEndOverlap
Star.OnBeginOverlap
Star.OnEndOverlap
Star.OnBeginOverlap
Star.OnEndOverlap
Star.OnBeginOverlap
Star.OnEndOverlap
Star.OnBeginOverlap
Star.OnEndOverlap
Star.OnBeginOverlap
Star.OnEndOverlap
Star.OnBeginOverlap
Star.OnEndOverlap
Star.OnBeginOverlap
Star.OnEndOverlap
Star.OnBeginOverlap
Star.OnEndOverlap
Star.OnBeginOverlap
Star.OnEndOverlap
Star.OnBeginOverlap
Star.OnEndOverlap
Star.OnBeginOverlap
Star.OnEndOverlap
Star.OnBeginOverlap
Star.OnEndOverlap
Star.OnBeginOverlap
Star.OnEndOverlap
Star.OnBeginOverlap
Star.OnEndOverlap
Star.OnBeginOverlap
Star.OnEndOverlap
Star.OnBeginOverlap
Star.OnEndOverlap
Star.OnBeginOverlap
Star.OnEndOverlap
Star.OnBeginOverlap
Star.OnEndOverlap
Star.OnBeginOverlap
Star.OnEndOverlap
Star.OnBeginOverlap
Star.OnEndOverlap
Star.OnBeginOverlap
Star.OnEndOverlap
Star.OnBeginOverlap
Star.OnEndOverlap
Star.OnBeginOverlap
Star.OnEndOverlap
Star.OnBeginOverlap
Star.OnEndOverlap
Star.OnBeginOverlap
Star.OnEndOverlap
Star.OnBeginOverlap
Star.OnEndOverlap
Star.OnBeginOverlap
Star.OnEndOverlap
Star.OnBeginOverlap
Star.OnEndOverlap
Star.OnBeginOverlap
Star.OnEndOverlap
Star.OnBeginOverlap
Star.OnEndOverlap
Star.OnBeginOverlap
Star.OnEndOverlap
Star.OnBeginOverlap
Star.OnEndOverlap
Star.OnBeginOverlap
Star.OnEndOverlap
Star.OnBeginOverlap
Star.OnEndOverlap
Star.OnBeginOverlap
Star.OnEndOverlap
Star.OnBeginOverlap
Star.OnEndOverlap
Star.OnBeginOverlap
Star.OnEndOverlap
Star.OnBeginOverlap
Star.OnEndOverlap
Star.OnBeginOverlap
Star.OnEndOverlap
Star.OnBeginOverlap
Star.OnEndOverlap
Star.OnBeginOverlap
Star.OnEndOverlap
Star.OnBeginOverlap
Star.OnEndOverlap
Star.OnBeginOverlap
Star.OnEndOverlap
Star.OnBeginOverlap
Star.OnEndOverlap
Star.OnBeginOverlap
Star.OnEndOverlap
Star.OnBeginOverlap
Star.OnEndOverlap
Star.OnBeginOverlap
Star.OnEndOverlap
Star.OnBeginOverlap
Star.OnEndOverlap
Star.OnBeginOverlap
Star.OnEndOverlap
Star.OnBeginOverlap
Star.OnEndOverlap
Star.OnBeginOverlap
Star.OnEndOverlap
Star.OnBeginOverlap
Star.OnEndOverlap
Star.OnBeginOverlap
Star.OnEndOverlap
Star.OnBeginOverlap
Star.OnEndOverlap
Star.OnBeginOverlap
Star.OnEndOverlap
Star.OnBeginOverlap
Star.OnEndOverlap
Star.OnBeginOverlap
Star.OnEndOverlap
Star.OnBeginOverlap
Star.OnEndOverlap
Star.OnBeginOverlap
Star.OnEndOverlap
Star.OnBeginOverlap
Star.OnEndOverlap
Star.OnBeginOverlap
Star.OnEndOverlap
Star.OnBeginOverlap
Star.OnEndOverlap
Star.OnBeginOverlap
Star.OnEndOverlap
Star.OnBeginOverlap
Star.OnEndOverlap
Star.OnBeginOverlap
Star.OnEndOverlap
Star.OnBeginOverlap
Star.OnEndOverlap
Star.OnBeginOverlap
Star.OnEndOverlap
Star.OnBeginOverlap
Star.OnEndOverlap
Star.OnBeginOverlap
Star.OnEndOverlap
Star.OnBeginOverlap
Star.OnEndOverlap
Star.OnBeginOverlap
Star.OnEndOverlap
Star.OnBeginOverlap
Star.OnEndOverlap
Star.OnBeginOverlap
Star.OnEndOverlap
Star.OnBeginOverlap
Star.OnEndOverlap
Star.OnBeginOverlap
Star.OnEndOverlap
Star.OnBeginOverlap
Star.OnEndOverlap
Star.OnBeginOverlap
Star.OnEndOverlap
Star.OnBeginOverlap
Star.OnEndOverlap
Star.OnBeginOverlap
Star.OnEndOverlap
Star.OnBeginOverlap
Star.OnEndOverlap
Star.OnBeginOverlap
Star.OnEndOverlap
Star.OnBeginOverlap
Star.OnEndOverlap
Star.OnBeginOverlap
Star.OnEndOverlap
Star.OnBeginOverlap
Star.OnEndOverlap
Star.OnBeginOverlap
Star.OnEndOverlap
Star.OnBeginOverlap
Star.OnEndOverlap
Star.OnBeginOverlap
Star.OnEndOverlap
Star.OnBeginOverlap
Star.OnEndOverlap
Star.OnBeginOverlap
Star.OnEndOverlap
Star.OnBeginOverlap
Star.OnEndOverlap
Star.OnBeginOverlap
Star.OnEndOverlap
Star.OnBeginOverlap
Star.OnEndOverlap
Star.OnBeginOverlap
Star.OnEndOverlap
Star.OnBeginOverlap
Star.OnEndOverlap
Star.OnBeginOverlap
Star.OnEndOverlap
Star.OnBeginOverlap
Star.OnEndOverlap
Star.OnBeginOverlap
Star.OnEndOverlap
Star.OnBeginOverlap
Star.OnEndOverlap
Star.OnBeginOverlap
Star.OnEndOverlap
Star.OnBeginOverlap
Star.OnEndOverlap
Star.OnBeginOverlap
Star.OnEndOverlap
Star.OnBeginOverlap
Star.OnEndOverlap
Star.OnBeginOverlap
Star.OnEndOverlap
Star.OnBeginOverlap
Star.OnEndOverlap
Star.OnBeginOverlap
Star.OnEndOverlap
Star.OnBeginOverlap
Star.OnEndOverlap
Star.OnBeginOverlap
Star.OnEndOverlap
Star.OnBeginOverlap
Star.OnEndOverlap
Star.OnBeginOverlap
Star.OnEndOverlap
Star.OnBeginOverlap
Star.OnEndOverlap
Star.OnBeginOverlap
Star.OnEndOverlap
Star.OnBeginOverlap
Star.OnEndOverlap
Star.OnBeginOverlap
Star.OnEndOverlap
Star.OnBeginOverlap
Star.OnEndOverlap
Star.OnBeginOverlap
Star.OnEndOverlap
Star.OnBeginOverlap
Star.OnEndOverlap
Star.OnBeginOverlap
Star.OnEndOverlap
Star.OnBeginOverlap
Star.OnEndOverlap
Star.OnBeginOverlap
Star.OnEndOverlap
Star.OnBeginOverlap
Star.OnEndOverlap
Star.OnBeginOverlap
Star.OnEndOverlap
Star.OnBeginOverlap
Star.OnEndOverlap
Star.OnBeginOverlap
Star.OnEndOverlap
Star.OnBeginOverlap
Star.OnEndOverlap
Star.OnBeginOverlap
Star.OnEndOverlap
Star.OnBeginOverlap
Star.OnEndOverlap
Star.OnBeginOverlap
Star.OnEndOverlap
Star.OnBeginOverlap
Star.OnEndOverlap
Star.OnBeginOverlap
Star.OnEndOverlap
Star.OnBeginOverlap
Star.OnEndOverlap
Star.OnBeginOverlap
Star.OnEndOverlap
Star.OnBeginOverlap
Star.OnEndOverlap
Star.OnBeginOverlap
Star.OnEndOverlap
Star.OnBeginOverlap
Star.OnEndOverlap
Star.OnBeginOverlap
Star.OnEndOverlap
Star.OnBeginOverlap
Star.OnEndOverlap
Star.OnBeginOverlap
Star.OnEndOverlap
Star.OnBeginOverlap
Star.OnEndOverlap
Star.OnBeginOverlap
Star.OnEndOverlap
Star.OnBeginOverlap
Star.OnEndOverlap
Star.OnBeginOverlap
Star.OnEndOverlap
Star.OnBeginOverlap
Star.OnEndOverlap
Star.OnBeginOverlap
Star.OnEndOverlap
Star.OnBeginOverlap
Star.OnEndOverlap
Star.OnBeginOverlap
Star.OnEndOverlap
Star.OnBeginOverlap
Star.OnEndOverlap
Star.OnBeginOverlap
Star.OnEndOverlap
Star.OnBeginOverlap
Star.OnEndOverlap
Star.OnBeginOverlap
Star.OnEndOverlap
Star.OnBeginOverlap
Star.OnEndOverlap
Star.OnBeginOverlap
Star.OnEndOverlap
Star.OnBeginOverlap
Star.OnEndOverlap
Star.OnBeginOverlap
Star.OnEndOverlap
Star.OnBeginOverlap
Star.OnEndOverlap
Star.OnBeginOverlap
Star.OnEndOverlap
Star.OnBeginOverlap
Star.OnEndOverlap
Star.OnBeginOverlap
Star.OnEndOverlap
Star.OnBeginOverlap
Star.OnEndOverlap
Star.OnBeginOverlap
Star.OnEndOverlap
Star.OnBeginOverlap
Star.OnEndOverlap
Star.OnBeginOverlap
Star.OnEndOverlap
Star.OnBeginOverlap
Star.OnEndOverlap
Star.OnBeginOverlap
Star.OnEndOverlap
Star.OnBeginOverlap
Star.OnEndOverlap
Star.OnBeginOverlap
Star.OnEndOverlap
Star.OnBeginOverlap
Star.OnEndOverlap
Star.OnBeginOverlap
Star.OnEndOverlap
Star.OnBeginOverlap
Star.OnEndOverlap
Star.OnBeginOverlap
Star.OnEndOverlap
Star.OnBeginOverlap
Star.OnEndOverlap
Star.OnBeginOverlap
Star.OnEndOverlap
Star.OnBeginOverlap
Star.OnEndOverlap
Star.OnBeginOverlap
Star.OnEndOverlap
Star.OnBeginOverlap
Star.OnEndOverlap
Star.OnBeginOverlap
Star.OnEndOverlap
Star.OnBeginOverlap
Star.OnEndOverlap
Star.OnBeginOverlap
Star.OnEndOverlap
Star.OnBeginOverlap
Star.OnEndOverlap
Star.OnBeginOverlap
Star.OnEndOverlap
Star.OnBeginOverlap
Star.OnEndOverlap
Star.OnBeginOverlap
Star.OnEndOverlap
Star.OnBeginOverlap
Star.OnEndOverlap
Star.OnBeginOverlap
Star.OnEndOverlap
Star.OnBeginOverlap
Star.OnEndOverlap
Star.OnBeginOverlap
Star.OnEndOverlap
Star.OnBeginOverlap
Star.OnEndOverlap
Star.OnBeginOverlap
Star.OnEndOverlap
Star.OnBeginOverlap
Star.OnEndOverlap
Star.OnBeginOverlap
Star.OnEndOverlap
Star.OnBeginOverlap
Star.OnEndOverlap
Star.OnBeginOverlap
Star.OnEndOverlap
Star.OnBeginOverlap
Star.OnEndOverlap
Star.OnBeginOverlap
Star.OnEndOverlap
Star.OnBeginOverlap
Star.OnEndOverlap
Star.OnBeginOverlap
Star.OnEndOverlap
Star.OnBeginOverlap
Star.OnEndOverlap
Star.OnBeginOverlap
Star.OnEndOverlap
Star.OnBeginOverlap
Star.OnEndOverlap
Star.OnBeginOverlap
Star.OnEndOverlap
Star.OnBeginOverlap
Star.OnEndOverlap
Star.OnBeginOverlap
Star.OnEndOverlap
Star.OnBeginOverlap
Star.OnEndOverlap
Star.OnBeginOverlap
Star.OnEndOverlap
Star.OnBeginOverlap
Star.OnEndOverlap
Star.OnBeginOverlap
Star.OnEndOverlap
Star.OnBeginOverlap
Star.OnEndOverlap
Star.OnBeginOverlap
Star.OnEndOverlap
Star.OnBeginOverlap
Star.OnEndOverlap
Star.OnBeginOverlap
Star.OnEndOverlap
Star.OnBeginOverlap
Star.OnEndOverlap
Star.OnBeginOverlap
Star.OnEndOverlap
Star.OnBeginOverlap
Star.OnEndOverlap
Star.OnBeginOverlap
Star.OnEndOverlap
Star.OnBeginOverlap
Star.OnEndOverlap
Star.OnBeginOverlap
Star.OnEndOverlap
Star.OnBeginOverlap
Star.OnEndOverlap
Star.OnBeginOverlap
Star.OnEndOverlap
Star.OnBeginOverlap
Star.OnEndOverlap
Star.OnBeginOverlap
Star.OnEndOverlap
Star.OnBeginOverlap
Star.OnEndOverlap
Star.OnBeginOverlap
Star.OnEndOverlap
Star.OnBeginOverlap
Star.OnEndOverlap
Star.OnBeginOverlap
Star.OnEndOverlap
Star.OnBeginOverlap
Star.OnEndOverlap
Star.OnBeginOverlap
Star.OnEndOverlap
Star.OnBeginOverlap
Star.OnEndOverlap
Star.OnBeginOverlap
Star.OnEndOverlap
Star.OnBeginOverlap
Star.OnEndOverlap
Star.OnBeginOverlap
Star.OnEndOverlap
Star.OnBeginOverlap
Star.OnEndOverlap
Star.OnBeginOverlap
Star.OnEndOverlap
Star.OnBeginOverlap
Star.OnEndOverlap
Star.OnBeginOverlap
Star.OnEndOverlap
Star.OnBeginOverlap
Star.OnEndOverlap
Star.OnBeginOverlap
Star.OnEndOverlap
Star.OnBeginOverlap
Star.OnEndOverlap
Star.OnBeginOverlap
Star.OnEndOverlap
Star.OnBeginOverlap
Star.OnEndOverlap
Star.OnBeginOverlap
Star.OnEndOverlap
Star.OnBeginOverlap
Star.OnEndOverlap
Star.OnBeginOverlap
Star.OnEndOverlap
Star.OnBeginOverlap
Star.OnEndOverlap
Star.OnBeginOverlap
Star.OnEndOverlap
Star.OnBeginOverlap
Star.OnEndOverlap
Star.OnBeginOverlap
Star.OnEndOverlap
Star.OnBeginOverlap
Star.OnEndOverlap
Star.OnBeginOverlap
Star.OnEndOverlap
Star.OnBeginOverlap
Star.OnEndOverlap
Star.OnBeginOverlap
Star.OnEndOverlap
Star.OnBeginOverlap
Star.OnEndOverlap
Star.OnBeginOverlap
Star.OnEndOverlap
Star.OnBeginOverlap
Star.OnEndOverlap
Star.OnBeginOverlap
Star.OnEndOverlap
Star.OnBeginOverlap
Star.OnEndOverlap
Star.OnBeginOverlap
Star.OnEndOverlap
Star.OnBeginOverlap
Star.OnEndOverlap
Star.OnBeginOverlap
Star.OnEndOverlap
Star.OnBeginOverlap
Star.OnEndOverlap
Star.OnBeginOverlap
Star.OnEndOverlap
Star.OnBeginOverlap
Star.OnEndOverlap
Star.OnBeginOverlap
Star.OnEndOverlap
Star.OnBeginOverlap
Star.OnEndOverlap
Star.OnBeginOverlap
Star.OnEndOverlap
Star.OnBeginOverlap
Star.OnEndOverlap
Star.OnBeginOverlap
Star.OnEndOverlap
Star.OnBeginOverlap
Star.OnEndOverlap
Star.OnBeginOverlap
Star.OnEndOverlap
Star.OnBeginOverlap
Star.OnEndOverlap
Star.OnBeginOverlap
Star.OnEndOverlap
Star.OnBeginOverlap
Star.OnEndOverlap
Star.OnBeginOverlap
Star.OnEndOverlap
Star.OnBeginOverlap
Star.OnEndOverlap
Star.OnBeginOverlap
Star.OnEndOverlap
Star.OnBeginOverlap
Star.OnEndOverlap
Star.OnBeginOverlap
Star.OnEndOverlap
Star.OnBeginOverlap
Star.OnEndOverlap
Star.OnBeginOverlap
Star.OnEndOverlap
Star.OnBeginOverlap
Star.OnEndOverlap
Star.OnBeginOverlap
Star.OnEndOverlap
Star.OnBeginOverlap
Star.OnEndOverlap
Star.OnBeginOverlap
Star.OnEndOverlap
Star.OnBeginOverlap
Star.OnEndOverlap
Star.OnBeginOverlap
Star.OnEndOverlap
Star.OnBeginOverlap
Star.OnEndOverlap
Star.OnBeginOverlap
Star.OnEndOverlap
Star.OnBeginOverlap
Star.OnEndOverlap
Star.OnBeginOverlap
Star.OnEndOverlap
Star.OnBeginOverlap
Star.OnEndOverlap
Star.OnBeginOverlap
Star.OnEndOverlap
Star.OnBeginOverlap
Star.OnEndOverlap
Star.OnBeginOverlap
Star.OnEndOverlap
Star.OnBeginOverlap
Star.OnEndOverlap
Star.OnBeginOverlap
Star.OnEndOverlap
Star.OnBeginOverlap
Star.OnEndOverlap
Star.OnBeginOverlap
Star.OnEndOverlap
Star.OnBeginOverlap
Star.OnEndOverlap
Star.OnBeginOverlap
Star.OnEndOverlap
Star.OnBeginOverlap
Star.OnEndOverlap
Star.OnBeginOverlap
Star.OnEndOverlap
Star.OnBeginOverlap
Star.OnEndOverlap
Star.OnBeginOverlap
Star.OnEndOverlap
Star.OnBeginOverlap
Star.OnEndOverlap
Star.OnBeginOverlap
Star.OnEndOverlap
Star.OnBeginOverlap
Star.OnEndOverlap
Star.OnBeginOverlap
Star.OnEndOverlap
Star.OnBeginOverlap
Star.OnEndOverlap
Star.OnBeginOverlap
Star.OnEndOverlap
Star.OnBeginOverlap
Star.OnEndOverlap
Star.OnBeginOverlap
Star.OnEndOverlap
Star.OnBeginOverlap
Star.OnEndOverlap
Star.OnBeginOverlap
Star.OnEndOverlap
Star.OnBeginOverlap
Star.OnEndOverlap
Star.OnBeginOverlap
Star.OnEndOverlap
Star.OnBeginOverlap
Star.OnEndOverlap
Star.OnBeginOverlap
Star.OnEndOverlap
Star.OnBeginOverlap
Star.OnEndOverlap
Star.OnBeginOverlap
Star.OnEndOverlap
Star.OnBeginOverlap
Star.OnEndOverlap
Star.OnBeginOverlap
Star.OnEndOverlap
Star.OnBeginOverlap
Star.OnEndOverlap
Star.OnBeginOverlap
Star.OnEndOverlap
Star.OnBeginOverlap
Star.OnEndOverlap
Star.OnBeginOverlap
Star.OnEndOverlap
Star.OnBeginOverlap
Star.OnEndOverlap
Star.OnBeginOverlap
Star.OnEndOverlap
Star.OnBeginOverlap
Star.OnEndOverlap
Star.OnBeginOverlap
Star.OnEndOverlap
Star.OnBeginOverlap
Star.OnEndOverlap
Star.OnBeginOverlap
Star.OnEndOverlap
Star.OnBeginOverlap
Star.OnEndOverlap
Star.OnBeginOverlap
Star.OnEndOverlap
Star.OnBeginOverlap
Star.OnEndOverlap
Star.OnBeginOverlap
Star.OnEndOverlap
Star.OnBeginOverlap

[2015.11.27-10.19.22:801][ 14]LogPhysics:Warning: PHYSX:  (1106) 8 : PxScene::lockWrite() detected after a PxScene::lockRead(), lock upgrading is not supported, behaviour will be undefined.
[2015.11.27-10.19.22:801][ 14]LogPhysics:Warning: PHYSX: ..\..\PhysX\src\NpScene.cpp (2946) 8 : PxScene::unlockWrite() called without matching call to PxScene::lockWrite(), behaviour will be undefined.
[2015.11.27-10.19.22:802][ 14]LogPhysics:Warning: PHYSX: ..\..\PhysX\src\NpScene.cpp (2946) 8 : PxScene::unlockWrite() called without matching call to PxScene::lockWrite(), behaviour will be undefined.
[2015.11.27-10.19.22:802][ 14]LogPhysics:Warning: PHYSX: ..\..\PhysX\src\NpScene.cpp (2946) 8 : PxScene::unlockWrite() called without matching call to PxScene::lockWrite(), behaviour will be undefined.
[2015.11.27-10.19.22:802][ 14]LogPhysics:Warning: PHYSX: ..\..\PhysX\src\NpScene.cpp (2946) 8 : PxScene::unlockWrite() called without matching call to PxScene::lockWrite(), behaviour will be undefined.
[2015.11.27-10.19.22:802][ 14]LogPhysics:Warning: PHYSX: ..\..\PhysX\src\NpScene.cpp (2946) 8 : PxScene::unlockWrite() called without matching call to PxScene::lockWrite(), behaviour will be undefined.
[2015.11.27-10.19.22:802][ 14]LogWindows: FPlatformMisc::RequestExit(1)
[2015.11.27-10.19.22:802][ 14]Log file closed, 11/27/15 11:19:22
