[2015.11.06-12.25.50:389][  0]Log file open, 11/06/15 13:25:50
[2015.11.06-12.25.50:389][  0]LogInit:Display: Running engine for game: SpaceGame
[2015.11.06-12.25.50:389][  0]LogInit:Display: RandInit(-34393393) SRandInit(-34393393).
[2015.11.06-12.25.50:389][  0]LogTaskGraph: Started task graph with 4 named threads and 7 total threads.
[2015.11.06-12.25.50:389][  0]LogStats: Stats thread started at 0.069901
[2015.11.06-12.25.50:389][  0]LogInit: Version: 4.9.2-2707645+++depot+UE4-Releases+4.9
[2015.11.06-12.25.50:389][  0]LogInit: API Version: 2672455
[2015.11.06-12.25.50:389][  0]LogInit: Compiled (64-bit): Sep 28 2015 10:25:44
[2015.11.06-12.25.50:389][  0]LogInit: Compiled with Visual C++: 18.00.21005.01
[2015.11.06-12.25.50:389][  0]LogInit: Build Configuration: Development
[2015.11.06-12.25.50:389][  0]LogInit: Branch Name: ++depot+UE4-Releases+4.9
[2015.11.06-12.25.50:389][  0]LogInit: Command line:  
[2015.11.06-12.25.50:389][  0]LogInit: Base directory: C:/Program Files/Epic Games/4.9/Engine/Binaries/Win64/
[2015.11.06-12.25.50:389][  0]LogInit: Rocket: 1
[2015.11.06-12.25.50:396][  0]LogInit: Using libcurl 7.41.0
[2015.11.06-12.25.50:396][  0]LogInit:  - built for x86_64-pc-win32
[2015.11.06-12.25.50:396][  0]LogInit:  - supports SSL with WinSSL
[2015.11.06-12.25.50:396][  0]LogInit:  - other features:
[2015.11.06-12.25.50:396][  0]LogInit:      CURL_VERSION_SSL
[2015.11.06-12.25.50:396][  0]LogInit:      CURL_VERSION_IPV6
[2015.11.06-12.25.50:396][  0]LogInit:      CURL_VERSION_ASYNCHDNS
[2015.11.06-12.25.50:396][  0]LogInit:      CURL_VERSION_LARGEFILE
[2015.11.06-12.25.50:396][  0]LogInit:      CURL_VERSION_IDN
[2015.11.06-12.25.50:396][  0]LogInit:  CurlRequestOptions (configurable via config and command line):
[2015.11.06-12.25.50:396][  0]LogInit:  - bVerifyPeer = true  - Libcurl will verify peer certificate
[2015.11.06-12.25.50:396][  0]LogInit:  - bUseHttpProxy = false  - Libcurl will NOT use HTTP proxy
[2015.11.06-12.25.50:396][  0]LogInit:  - bDontReuseConnections = false  - Libcurl will reuse connections
[2015.11.06-12.25.50:396][  0]LogInit:  - CertBundlePath = nullptr  - Libcurl will use whatever was configured at build time.
[2015.11.06-12.25.50:401][  0]LogInit: Presizing for 0 objects not considered by GC, pre-allocating 0 bytes.
[2015.11.06-12.25.50:406][  0]LogInit: Object subsystem initialized
[2015.11.06-12.25.50:408][  0]LogInit: Selected Device Profile: [Windows]
[2015.11.06-12.25.50:408][  0]LogInit: Applying CVar settings loaded from the selected device profile: [Windows]
[2015.11.06-12.25.50:414][  0]LogInit: Computer: SpellabbA332-11
[2015.11.06-12.25.50:414][  0]LogInit: User: Spellabbet
[2015.11.06-12.25.50:414][  0]LogInit: CPU Page size=4096, Cores=4
[2015.11.06-12.25.50:414][  0]LogInit: High frequency timer resolution =3.507524 MHz
[2015.11.06-12.25.50:414][  0]LogMemory: Memory total: Physical=15.9GB (16GB approx)
[2015.11.06-12.25.50:414][  0]LogMemory: Platform Memory Stats for Windows
[2015.11.06-12.25.50:414][  0]LogMemory: Process Physical Memory: 52.10 MB used, 52.10 MB peak
[2015.11.06-12.25.50:414][  0]LogMemory: Process Virtual Memory: 55.99 MB used, 55.99 MB peak
[2015.11.06-12.25.50:415][  0]LogMemory: Physical Memory: 5549.98 MB used, 16318.82 MB total
[2015.11.06-12.25.50:415][  0]LogMemory: Virtual Memory: 348.31 MB used, 134217728.00 MB total
[2015.11.06-12.25.50:441][  0]LogTextLocalizationManager: No translations for ('sv-SE') exist, falling back to 'en' for localization and internationalization data.
[2015.11.06-12.25.51:080][  0]LogD3D11RHI: Found D3D11 adapter 0: NVIDIA GeForce GTX 960 (Feature Level 11_0)
[2015.11.06-12.25.51:080][  0]LogD3D11RHI: Adapter has 1965MB of dedicated video memory, 0MB of dedicated system memory, and 2048MB of shared system memory, 1 output[s]
[2015.11.06-12.25.51:081][  0]LogD3D11RHI: Found D3D11 adapter 1: Microsoft Basic Render Driver (Feature Level 11_0)
[2015.11.06-12.25.51:081][  0]LogD3D11RHI: Adapter has 0MB of dedicated video memory, 0MB of dedicated system memory, and 256MB of shared system memory, 0 output[s]
[2015.11.06-12.25.51:081][  0]LogD3D11RHI: Chosen D3D11 Adapter Id = 0
[2015.11.06-12.25.51:084][  0]LogD3D11RHI: !Direct3DDevice
[2015.11.06-12.25.51:084][  0]LogRHI: Texture pool is 1361 MB (70% of 1945 MB)
[2015.11.06-12.25.51:093][  0]LogD3D11RHI: Async texture creation enabled
[2015.11.06-12.25.51:107][  0]LogShaderCompilers: Guid format shader working directory is 15 characters bigger than the processId version (../../../../../../Unreal project/SpaceGame/Project/SpaceGame/Intermediate/Shaders/WorkingDirectory/2456/).
[2015.11.06-12.25.51:108][  0]LogShaderCompilers: Cleaned the shader compiler working directory '../../../../../../Unreal project/SpaceGame/Project/SpaceGame/Intermediate/Shaders/tmp/9848141F43395E0EF1E8E9BEB60B6E91/'.
[2015.11.06-12.25.51:108][  0]LogShaderCompilers:Display: Using Local Shader Compiler.
[2015.11.06-12.25.52:025][  0]LogTemp:Display: Loaded TP AllDesktopTargetPlatform
[2015.11.06-12.25.52:029][  0]LogTemp:Display: Loaded TP WindowsClientTargetPlatform
[2015.11.06-12.25.52:034][  0]LogTemp:Display: Loaded TP WindowsNoEditorTargetPlatform
[2015.11.06-12.25.52:038][  0]LogTemp:Display: Loaded TP WindowsServerTargetPlatform
[2015.11.06-12.25.52:042][  0]LogTemp:Display: Loaded TP WindowsTargetPlatform
[2015.11.06-12.25.52:044][  0]LogTemp:Display: Loaded TP AndroidTargetPlatform
[2015.11.06-12.25.52:047][  0]LogTemp:Display: Loaded TP Android_ASTCTargetPlatform
[2015.11.06-12.25.52:050][  0]LogTemp:Display: Loaded TP Android_ATCTargetPlatform
[2015.11.06-12.25.52:052][  0]LogTemp:Display: Loaded TP Android_DXTTargetPlatform
[2015.11.06-12.25.52:055][  0]LogTemp:Display: Loaded TP Android_ETC1TargetPlatform
[2015.11.06-12.25.52:058][  0]LogTemp:Display: Loaded TP Android_ETC2TargetPlatform
[2015.11.06-12.25.52:061][  0]LogTemp:Display: Loaded TP Android_PVRTCTargetPlatform
[2015.11.06-12.25.52:061][  0]LogTemp:Display: Loaded TP HTML5TargetPlatform
[2015.11.06-12.25.52:077][  0]LogTemp:Display: Loaded TP IOSTargetPlatform
[2015.11.06-12.25.52:079][  0]LogTemp:Display: Loaded TP LinuxNoEditorTargetPlatform
[2015.11.06-12.25.52:082][  0]LogTemp:Display: Loaded TP LinuxServerTargetPlatform
[2015.11.06-12.25.52:085][  0]LogTemp:Display: Loaded TP LinuxTargetPlatform
[2015.11.06-12.25.52:085][  0]LogTargetPlatformManager:Display: Building Assets For Windows
[2015.11.06-12.25.52:146][  0]LogDerivedDataCache:Display: Max Cache Size: 512 MB
[2015.11.06-12.25.52:181][  0]LogDerivedDataCache: Loaded boot cache 0.03s 41MB C:/Users/Spellabbet/AppData/Local/UnrealEngine/4.9/DerivedDataCache/Boot.ddc.
[2015.11.06-12.25.52:181][  0]LogDerivedDataCache:Display: Loaded Boot cache: C:/Users/Spellabbet/AppData/Local/UnrealEngine/4.9/DerivedDataCache/Boot.ddc
[2015.11.06-12.25.52:181][  0]LogDerivedDataCache: FDerivedDataBackendGraph:  Pak pak cache file ../../../../../../Unreal project/SpaceGame/Project/SpaceGame/DerivedDataCache/DDC.ddp not found, will not use a pak cache.
[2015.11.06-12.25.52:181][  0]LogDerivedDataCache: Unable to find inner node Pak for hierarchical cache Hierarchy.
[2015.11.06-12.25.52:181][  0]LogDerivedDataCache: FDerivedDataBackendGraph:  CompressedPak pak cache file ../../../../../../Unreal project/SpaceGame/Project/SpaceGame/DerivedDataCache/Compressed.ddp not found, will not use a pak cache.
[2015.11.06-12.25.52:181][  0]LogDerivedDataCache: Unable to find inner node CompressedPak for hierarchical cache Hierarchy.
[2015.11.06-12.25.52:292][  0]LogDerivedDataCache:Display: Pak cache opened for reading ../../../Engine/DerivedDataCache/Compressed.ddp.
[2015.11.06-12.25.52:305][  0]LogDerivedDataCache: Using Local data cache path C:/Users/Spellabbet/AppData/Local/UnrealEngine/Common/DerivedDataCache: Writable
[2015.11.06-12.25.52:439][  0]LogInit: Selected Device Profile: [Windows]
[2015.11.06-12.25.52:441][  0]LogContentStreaming: Texture pool size is 0.000000MB
[2015.11.06-12.25.52:534][  0]LogMeshUtilities: No automatic mesh reduction module available
[2015.11.06-12.25.52:534][  0]LogMeshUtilities: No automatic mesh merging module available
[2015.11.06-12.25.52:713][  0]LogInit: WinSock: version 1.1 (2.2), MaxSocks=32767, MaxUdp=65467
[2015.11.06-12.25.53:252][  0]UdpMessaging: Initializing bridge on interface 0.0.0.0:0 to multicast group 230.0.0.1:6666.
[2015.11.06-12.25.53:349][  0]LogAssetRegistry: FAssetRegistry took 0.0105 seconds to start up
[2015.11.06-12.25.53:481][  0]SourceControl: Info Source control is disabled
[2015.11.06-12.25.53:487][  0]SourceControl: Info Source control is disabled
[2015.11.06-12.25.53:498][  0]SourceControl: Info Source control is disabled
[2015.11.06-12.25.53:505][  0]SourceControl: Info Source control is disabled
[2015.11.06-12.25.53:608][  0]LogLinker:Warning: Asset '../../../Engine/Plugins/Runtime/LeapMotionController/Content/LM_PassthroughMaterial.uasset' has been saved with empty engine version. The asset will be loaded but may be incompatible.
[2015.11.06-12.25.53:669][  0]LogObj: 28369 objects as part of root set at end of initial load.
[2015.11.06-12.25.53:669][  0]LogUObjectAllocator: 6043592 out of 0 bytes used by permanent object pool.
[2015.11.06-12.25.53:716][  0]LogEngine: Initializing Engine...
[2015.11.06-12.25.53:718][  0]LogHMD: Can't find Oculus library dev build: is proper Runtime installed? Version: 0.7.0.0
[2015.11.06-12.25.53:718][  0]LogHMD: SteamVR failed to initialize.  Err: 110
[2015.11.06-12.25.53:816][  0]LogAIModule: Creating AISystem for world NewWorld
[2015.11.06-12.25.53:821][  0]LogInit: XAudio2 using 'Speakers (4- High Definition Audio Device)' : 2 channels at 44.1 kHz using 16 bits per sample (channel mask 0x3)
[2015.11.06-12.25.53:831][  0]LogInit: FAudioDevice initialized.
[2015.11.06-12.25.53:849][  0]LogDerivedDataCache: Saved boot cache 0.02s 41MB C:/Users/Spellabbet/AppData/Local/UnrealEngine/4.9/DerivedDataCache/Boot.ddc.
[2015.11.06-12.25.53:852][  0]LogInit: Texture streaming: Enabled
[2015.11.06-12.25.53:857][  0]LogAnalytics: Creating configured Analytics provider AnalyticsET
[2015.11.06-12.25.53:857][  0]LogAnalytics: [UEEditor.Rocket.Release] APIServer = http://et2.epicgames.com/ET2/. AppVersion = 4.9.2-2707645+++depot+UE4-Releases+4.9
[2015.11.06-12.25.53:857][  0]LogAnalytics: [UEEditor.Rocket.Release] SetUserId 634ab0cb456977c100e99f821f1d4277|7ebf86fc13e44331864479a64887c1c8|060e5e79-a789-49c4-8abd-5d8b330400a7
[2015.11.06-12.25.53:857][  0]LogAnalytics: [UEEditor.Rocket.Release] AnalyticsET::StartSession
[2015.11.06-12.25.53:875][  0]LogInit: Transaction tracking system initialized
[2015.11.06-12.25.53:896][  0]BlueprintLog: New page: Editor Load
[2015.11.06-12.25.53:959][  0]LocalizationService: Info Localization service is disabled
[2015.11.06-12.25.54:014][  0]LogConsoleResponse:Display: 
[2015.11.06-12.25.54:104][  0]LogFileCache: Scanning file cache for directory 'C:/Unreal project/SpaceGame/Project/SpaceGame/Content/' took 0.01s
[2015.11.06-12.25.54:104][  0]LogCook:Display: Done creating registry. It took  0.00s.
[2015.11.06-12.25.54:155][  0]SourceControl: Info Source control is disabled
[2015.11.06-12.26.09:594][  0]LogWindowsTextInputMethodSystem:Display: IME system now deactivated.
[2015.11.06-12.26.09:600][  0]LogWindowsTextInputMethodSystem:Display: IME system now deactivated.
[2015.11.06-12.26.09:600][  0]Cmd: MAP LOAD FILE="../../../Engine/Content/Maps/Templates/Template_Default.umap" TEMPLATE=1 SHOWPROGRESS=1 FEATURELEVEL=3
[2015.11.06-12.26.09:601][  0]LightingResults: New page: Lighting Build
[2015.11.06-12.26.09:604][  0]MapCheck: New page: Map Check
[2015.11.06-12.26.09:604][  0]LightingResults: New page: Lighting Build
[2015.11.06-12.26.09:616][  0]LogParticles: Destroying 0 GPU particle simulations for FXSystem 0x000000604BDB1C60
[2015.11.06-12.26.09:810][  0]LogAIModule: Creating AISystem for world Untitled_1
[2015.11.06-12.26.09:815][  0]LogEditorServer: Finished looking for orphan Actors (0.000 secs)
[2015.11.06-12.26.09:819][  0]Cmd: MAP CHECKDEP NOCLEARLOG
[2015.11.06-12.26.09:854][  0]MapCheck: Info Map check complete: 0 Error(s), 0 Warning(s), took 34.768ms to complete.
[2015.11.06-12.26.09:854][  0]LogFileHelpers: Loading map 'Template_Default' took 0.254
[2015.11.06-12.26.09:856][  0]LogWindowsTextInputMethodSystem:Display: IME system now deactivated.
[2015.11.06-12.26.09:898][  0]LogCollectionManager: Loaded 0 collections in 0.001552 seconds
[2015.11.06-12.26.09:938][  0]LogFileCache: Scanning file cache for directory 'C:/Unreal project/SpaceGame/Project/SpaceGame/Saved/Collections/' took 0.01s
[2015.11.06-12.26.09:938][  0]LogFileCache: Scanning file cache for directory 'C:/Unreal project/SpaceGame/Project/SpaceGame/Content/Developers/Spellabbet/Collections/' took 0.01s
[2015.11.06-12.26.09:938][  0]LogFileCache: Scanning file cache for directory 'C:/Unreal project/SpaceGame/Project/SpaceGame/Content/Collections/' took 0.01s
[2015.11.06-12.26.09:938][  0]LogContentBrowser: Native class hierarchy populated in 0.0061 seconds. Added 1870 classes and 335 folders.
[2015.11.06-12.26.09:942][  0]LogCollectionManager: Rebuilt the GUID cache for 0 collections in 0.000002 seconds
[2015.11.06-12.26.09:948][  0]LogContentBrowser: Native class hierarchy updated for 'WidgetCarousel' in 0.0007 seconds. Added 0 classes and 0 folders.
[2015.11.06-12.26.09:977][  0]LogContentBrowser: Native class hierarchy updated for 'AddContentDialog' in 0.0007 seconds. Added 0 classes and 0 folders.
[2015.11.06-12.26.09:981][  0]LogContentBrowser: Native class hierarchy updated for 'SceneOutliner' in 0.0007 seconds. Added 1 classes and 2 folders.
[2015.11.06-12.26.09:998][  0]LogCrashTracker: Crashtracker disabled due to settings.
[2015.11.06-12.26.10:001][  0]LogUObjectGlobals:Warning: Failed to find object 'Class None.'
[2015.11.06-12.26.10:024][  0]LogStats:Warning: MetaData mismatch. Did you assign a stat to two groups? New //STATGROUP_Threads//SplashScreenThread///Thread_162c_0///####STATCAT_Advanced#### old //STATGROUP_Threads//SplashScreenThread///Thread_1688_0///####STATCAT_Advanced####
[2015.11.06-12.26.10:024][  0]LogLoad: Full Startup: 20.28 seconds (BP compile: 0.03 seconds)
[2015.11.06-12.26.10:078][  0]LogContentStreaming: Texture pool size now 1000 MB
[2015.11.06-12.26.10:181][  0]LogRenderer: Reallocating scene render targets to support 1208x576 (Frame:2).
[2015.11.06-12.26.10:276][  2]LogAssetRegistry: Asset discovery search completed in 16.9384 seconds
[2015.11.06-12.26.10:276][  2]LogCollectionManager: Rebuilt the object cache for 0 collections in 0.000001 seconds (found 0 objects)
[2015.11.06-12.26.10:276][  2]LogCollectionManager: Fixed up redirectors for 0 collections in 0.000017 seconds (updated 0 objects)
[2015.11.06-12.26.18:085][937]LogEditor: Attempting to add actor of class 'Star' to level at -780.00,-370.00,180.00
[2015.11.06-12.26.18:665][  6]LogEditor: Attempting to add actor of class 'Star' to level at -600.00,-380.00,320.00
[2015.11.06-12.27.06:363][950]Recompiling SpaceGame...
[2015.11.06-12.27.06:363][950]Launching UnrealBuildTool... [C:/Program Files/Epic Games/4.9/Engine/Binaries/DotNET/UnrealBuildTool.exe SpaceGame -ModuleWithSuffix SpaceGame 4393 Win64 Development -editorrecompile -canskiplink "C:/Unreal project/SpaceGame/Project/SpaceGame/SpaceGame.uproject" -rocket  -rocket]
[2015.11.06-12.27.06:364][950]Warning: Starting HotReload took  0.1s.
[2015.11.06-12.27.18:036][324]CompilerResultsLog: New page: Compilation - Nov 6, 2015, 2:27:18 PM
[2015.11.06-12.27.18:036][324]CompilerResultsLog: Info Compiling game modules for hot reload
[2015.11.06-12.27.18:036][324]CompilerResultsLog: Info Parsing headers for SpaceGameEditor
[2015.11.06-12.27.18:036][324]CompilerResultsLog: Info   Running UnrealHeaderTool "C:/Unreal project/SpaceGame/Project/SpaceGame/SpaceGame.uproject" "C:\Unreal project\SpaceGame\Project\SpaceGame\Intermediate\Build\Win64\SpaceGameEditor\Development\UnrealHeaderTool.manifest" -LogCmds="loginit warning, logexit warning, logdatabase error" -rocket -installed
[2015.11.06-12.27.18:036][324]CompilerResultsLog: Info Reflection code generated for SpaceGameEditor in 8,3609323 seconds
[2015.11.06-12.27.18:036][324]CompilerResultsLog: Info Performing 3 actions (4 in parallel)
[2015.11.06-12.27.18:036][324]CompilerResultsLog: Info Star.cpp
[2015.11.06-12.27.18:036][324]CompilerResultsLog: Info SpaceGame.generated.cpp
[2015.11.06-12.27.18:036][324]CompilerResultsLog: Info [3/3] Link UE4Editor-SpaceGame-4393.dll
[2015.11.06-12.27.18:036][324]CompilerResultsLog: Info    Creating library C:\Unreal project\SpaceGame\Project\SpaceGame\Intermediate/Build/Win64\UE4Editor\Development\UE4Editor-SpaceGame-4393.lib and object C:\Unreal project\SpaceGame\Project\SpaceGame\Intermediate/Build/Win64\UE4Editor\Development\UE4Editor-SpaceGame-4393.exp
[2015.11.06-12.27.18:036][324]CompilerResultsLog: Info -------- End Detailed Actions Stats -----------------------------------------------------------
[2015.11.06-12.27.18:036][324]CompilerResultsLog: Info Total build time: 11,64 seconds
[2015.11.06-12.27.18:036][324]LogMainFrame: MainFrame: Module compiling took 11.676 seconds
[2015.11.06-12.27.18:074][324]LogContentBrowser: Native class hierarchy updated for 'SpaceGame' in 0.0008 seconds. Added 3 classes and 2 folders.
[2015.11.06-12.27.18:075][324]Warning: HotReload successful (0 functions remapped  0 scriptstructs remapped)
[2015.11.06-12.27.18:116][324]LogContentBrowser: Native class hierarchy populated in 0.0068 seconds. Added 1871 classes and 337 folders.
[2015.11.06-12.27.19:390][475]LogPlayLevel: PlayLevel: No blueprints needed recompiling
[2015.11.06-12.27.19:390][475]PIE: New page: PIE session: Untitled_1 (Nov 6, 2015, 2:27:19 PM)
[2015.11.06-12.27.19:390][475]LogPlayLevel: Creating play world package: /Temp/UEDPIE_0_Untitled_1
[2015.11.06-12.27.19:392][475]LogPlayLevel: PIE: StaticDuplicateObject took: (0.001293s)
[2015.11.06-12.27.19:392][475]LogAIModule: Creating AISystem for world Untitled_1
[2015.11.06-12.27.19:393][475]LogPlayLevel: PIE: World Init took: (0.000826s)
[2015.11.06-12.27.19:393][475]LogPlayLevel: PIE: Created PIE world by copying editor world from /Temp/Untitled_1.Untitled_1 to /Temp/UEDPIE_0_Untitled_1.Untitled_1 (0.002382s)
[2015.11.06-12.27.19:407][475]LogInit: XAudio2 using 'Speakers (4- High Definition Audio Device)' : 2 channels at 44.1 kHz using 16 bits per sample (channel mask 0x3)
[2015.11.06-12.27.19:412][475]LogInit: FAudioDevice initialized.
[2015.11.06-12.27.19:459][475]LogWorld: Game class is 'GameMode'
[2015.11.06-12.27.19:461][475]LogWorld: Bringing World /Temp/UEDPIE_0_Untitled_1.Untitled_1 up for play (max tick rate 0) at 2015.11.06-13.27.19
[2015.11.06-12.27.19:461][475]LogActor:Warning: GameSession /Temp/UEDPIE_0_Untitled_1.Untitled_1:PersistentLevel.GameSession_0 has natively added scene component(s), but none of them were set as the actor's RootComponent - picking one arbitrarily
[2015.11.06-12.27.19:462][475]LogActor:Warning: GameNetworkManager /Temp/UEDPIE_0_Untitled_1.Untitled_1:PersistentLevel.GameNetworkManager_0 has natively added scene component(s), but none of them were set as the actor's RootComponent - picking one arbitrarily
[2015.11.06-12.27.19:462][475]LogWorld: Bringing up level for play took: 0.001884
[2015.11.06-12.27.19:463][475]PIE: Info Play in editor start time for /Temp/UEDPIE_0_Untitled_1 0.399
[2015.11.06-12.27.22:372][823]LogWindows:Error: Windows GetLastError: The operation completed successfully. (0)
[2015.11.06-12.27.22:524][823]LogCrashTracker: 


[2015.11.06-12.27.22:524][823]LogCrashTracker: 


[2015.11.06-12.27.22:524][823]LogWindows: === Critical error: ===
Fatal error: [File:D:\BuildFarm\buildmachine_++depot+UE4-Releases+4.9\Engine\Source\Runtime\CoreUObject\Private\Templates\Casts.cpp] [Line: 11] 
Cast of Package /Engine/Transient to Level failed




[2015.11.06-12.27.22:622][823]LogExit: Executing StaticShutdownAfterError
[2015.11.06-12.27.22:624][823]LogPhysics:Warning: PHYSX: ..\..\PhysX\src\NpScene.cpp (2946) 8 : PxScene::unlockWrite() called without matching call to PxScene::lockWrite(), behaviour will be undefined.
[2015.11.06-12.27.22:624][823]LogPhysics:Warning: PHYSX: ..\..\PhysX\src\NpScene.cpp (2946) 8 : PxScene::unlockWrite() called without matching call to PxScene::lockWrite(), behaviour will be undefined.
[2015.11.06-12.27.22:624][823]LogPhysics:Warning: PHYSX: ..\..\PhysX\src\NpScene.cpp (2946) 8 : PxScene::unlockWrite() called without matching call to PxScene::lockWrite(), behaviour will be undefined.
[2015.11.06-12.27.22:624][823]LogPhysics:Warning: PHYSX: ..\..\PhysX\src\NpScene.cpp (2946) 8 : PxScene::unlockWrite() called without matching call to PxScene::lockWrite(), behaviour will be undefined.
[2015.11.06-12.27.22:624][823]LogWindows: FPlatformMisc::RequestExit(1)
[2015.11.06-12.27.22:624][823]Log file closed, 11/06/15 13:27:22
