[2015.11.13-14.51.23:678][  0]Log file open, 11/13/15 15:51:23
[2015.11.13-14.51.23:678][  0]LogInit:Display: Running engine for game: SpaceGame
[2015.11.13-14.51.23:678][  0]LogInit:Display: RandInit(789036192) SRandInit(789036193).
[2015.11.13-14.51.23:678][  0]LogTaskGraph: Started task graph with 4 named threads and 7 total threads.
[2015.11.13-14.51.23:678][  0]LogStats: Stats thread started at 0.087172
[2015.11.13-14.51.23:678][  0]LogInit: Version: 4.9.2-2707645+++depot+UE4-Releases+4.9
[2015.11.13-14.51.23:678][  0]LogInit: API Version: 2672455
[2015.11.13-14.51.23:678][  0]LogInit: Compiled (64-bit): Sep 28 2015 10:25:44
[2015.11.13-14.51.23:678][  0]LogInit: Compiled with Visual C++: 18.00.21005.01
[2015.11.13-14.51.23:678][  0]LogInit: Build Configuration: Development
[2015.11.13-14.51.23:678][  0]LogInit: Branch Name: ++depot+UE4-Releases+4.9
[2015.11.13-14.51.23:678][  0]LogInit: Command line:  
[2015.11.13-14.51.23:678][  0]LogInit: Base directory: C:/Program Files/Epic Games/4.9/Engine/Binaries/Win64/
[2015.11.13-14.51.23:678][  0]LogInit: Rocket: 1
[2015.11.13-14.51.23:694][  0]LogInit: Using libcurl 7.41.0
[2015.11.13-14.51.23:694][  0]LogInit:  - built for x86_64-pc-win32
[2015.11.13-14.51.23:694][  0]LogInit:  - supports SSL with WinSSL
[2015.11.13-14.51.23:694][  0]LogInit:  - other features:
[2015.11.13-14.51.23:694][  0]LogInit:      CURL_VERSION_SSL
[2015.11.13-14.51.23:694][  0]LogInit:      CURL_VERSION_IPV6
[2015.11.13-14.51.23:694][  0]LogInit:      CURL_VERSION_ASYNCHDNS
[2015.11.13-14.51.23:694][  0]LogInit:      CURL_VERSION_LARGEFILE
[2015.11.13-14.51.23:694][  0]LogInit:      CURL_VERSION_IDN
[2015.11.13-14.51.23:694][  0]LogInit:  CurlRequestOptions (configurable via config and command line):
[2015.11.13-14.51.23:694][  0]LogInit:  - bVerifyPeer = true  - Libcurl will verify peer certificate
[2015.11.13-14.51.23:694][  0]LogInit:  - bUseHttpProxy = false  - Libcurl will NOT use HTTP proxy
[2015.11.13-14.51.23:694][  0]LogInit:  - bDontReuseConnections = false  - Libcurl will reuse connections
[2015.11.13-14.51.23:694][  0]LogInit:  - CertBundlePath = nullptr  - Libcurl will use whatever was configured at build time.
[2015.11.13-14.51.23:694][  0]LogInit: Presizing for 0 objects not considered by GC, pre-allocating 0 bytes.
[2015.11.13-14.51.23:694][  0]LogInit: Object subsystem initialized
[2015.11.13-14.51.23:710][  0]LogInit: Selected Device Profile: [Windows]
[2015.11.13-14.51.23:710][  0]LogInit: Applying CVar settings loaded from the selected device profile: [Windows]
[2015.11.13-14.51.23:717][  0]LogInit: Computer: SpellabbA333-07
[2015.11.13-14.51.23:717][  0]LogInit: User: Spellabbet
[2015.11.13-14.51.23:717][  0]LogInit: CPU Page size=4096, Cores=4
[2015.11.13-14.51.23:717][  0]LogInit: High frequency timer resolution =3.507521 MHz
[2015.11.13-14.51.23:717][  0]LogMemory: Memory total: Physical=15.9GB (16GB approx)
[2015.11.13-14.51.23:717][  0]LogMemory: Platform Memory Stats for Windows
[2015.11.13-14.51.23:717][  0]LogMemory: Process Physical Memory: 52.04 MB used, 52.04 MB peak
[2015.11.13-14.51.23:717][  0]LogMemory: Process Virtual Memory: 55.03 MB used, 55.03 MB peak
[2015.11.13-14.51.23:717][  0]LogMemory: Physical Memory: 2212.46 MB used, 16318.82 MB total
[2015.11.13-14.51.23:717][  0]LogMemory: Virtual Memory: 347.38 MB used, 134217728.00 MB total
[2015.11.13-14.51.23:742][  0]LogTextLocalizationManager: No translations for ('sv-SE') exist, falling back to 'en' for localization and internationalization data.
[2015.11.13-14.51.24:321][  0]LogD3D11RHI: Found D3D11 adapter 0: NVIDIA GeForce GTX 960 (Feature Level 11_0)
[2015.11.13-14.51.24:321][  0]LogD3D11RHI: Adapter has 1965MB of dedicated video memory, 0MB of dedicated system memory, and 2048MB of shared system memory, 1 output[s]
[2015.11.13-14.51.24:322][  0]LogD3D11RHI: Found D3D11 adapter 1: Microsoft Basic Render Driver (Feature Level 11_0)
[2015.11.13-14.51.24:322][  0]LogD3D11RHI: Adapter has 0MB of dedicated video memory, 0MB of dedicated system memory, and 256MB of shared system memory, 0 output[s]
[2015.11.13-14.51.24:322][  0]LogD3D11RHI: Chosen D3D11 Adapter Id = 0
[2015.11.13-14.51.24:324][  0]LogD3D11RHI: !Direct3DDevice
[2015.11.13-14.51.24:324][  0]LogRHI: Texture pool is 1361 MB (70% of 1945 MB)
[2015.11.13-14.51.24:332][  0]LogD3D11RHI: Async texture creation enabled
[2015.11.13-14.51.24:348][  0]LogShaderCompilers: Guid format shader working directory is 16 characters bigger than the processId version (../../../../../../Users/Spellabbet/Documents/GitHub/SpaceGame/Project/SpaceGame/Intermediate/Shaders/WorkingDirectory/372/).
[2015.11.13-14.51.24:348][  0]LogShaderCompilers: Cleaned the shader compiler working directory '../../../../../../Users/Spellabbet/Documents/GitHub/SpaceGame/Project/SpaceGame/Intermediate/Shaders/tmp/FDB135AD414F771432FD58A975BB299E/'.
[2015.11.13-14.51.24:348][  0]LogShaderCompilers:Display: Using Local Shader Compiler.
[2015.11.13-14.51.25:189][  0]LogTemp:Display: Loaded TP AllDesktopTargetPlatform
[2015.11.13-14.51.25:193][  0]LogTemp:Display: Loaded TP WindowsClientTargetPlatform
[2015.11.13-14.51.25:197][  0]LogTemp:Display: Loaded TP WindowsNoEditorTargetPlatform
[2015.11.13-14.51.25:201][  0]LogTemp:Display: Loaded TP WindowsServerTargetPlatform
[2015.11.13-14.51.25:204][  0]LogTemp:Display: Loaded TP WindowsTargetPlatform
[2015.11.13-14.51.25:207][  0]LogTemp:Display: Loaded TP AndroidTargetPlatform
[2015.11.13-14.51.25:209][  0]LogTemp:Display: Loaded TP Android_ASTCTargetPlatform
[2015.11.13-14.51.25:212][  0]LogTemp:Display: Loaded TP Android_ATCTargetPlatform
[2015.11.13-14.51.25:214][  0]LogTemp:Display: Loaded TP Android_DXTTargetPlatform
[2015.11.13-14.51.25:217][  0]LogTemp:Display: Loaded TP Android_ETC1TargetPlatform
[2015.11.13-14.51.25:219][  0]LogTemp:Display: Loaded TP Android_ETC2TargetPlatform
[2015.11.13-14.51.25:222][  0]LogTemp:Display: Loaded TP Android_PVRTCTargetPlatform
[2015.11.13-14.51.25:222][  0]LogTemp:Display: Loaded TP HTML5TargetPlatform
[2015.11.13-14.51.25:238][  0]LogTemp:Display: Loaded TP IOSTargetPlatform
[2015.11.13-14.51.25:240][  0]LogTemp:Display: Loaded TP LinuxNoEditorTargetPlatform
[2015.11.13-14.51.25:242][  0]LogTemp:Display: Loaded TP LinuxServerTargetPlatform
[2015.11.13-14.51.25:245][  0]LogTemp:Display: Loaded TP LinuxTargetPlatform
[2015.11.13-14.51.25:245][  0]LogTargetPlatformManager:Display: Building Assets For Windows
[2015.11.13-14.51.25:309][  0]LogDerivedDataCache:Display: Max Cache Size: 512 MB
[2015.11.13-14.51.25:342][  0]LogDerivedDataCache: Loaded boot cache 0.03s 41MB C:/Users/Spellabbet/AppData/Local/UnrealEngine/4.9/DerivedDataCache/Boot.ddc.
[2015.11.13-14.51.25:342][  0]LogDerivedDataCache:Display: Loaded Boot cache: C:/Users/Spellabbet/AppData/Local/UnrealEngine/4.9/DerivedDataCache/Boot.ddc
[2015.11.13-14.51.25:342][  0]LogDerivedDataCache: FDerivedDataBackendGraph:  Pak pak cache file ../../../../../../Users/Spellabbet/Documents/GitHub/SpaceGame/Project/SpaceGame/DerivedDataCache/DDC.ddp not found, will not use a pak cache.
[2015.11.13-14.51.25:342][  0]LogDerivedDataCache: Unable to find inner node Pak for hierarchical cache Hierarchy.
[2015.11.13-14.51.25:342][  0]LogDerivedDataCache: FDerivedDataBackendGraph:  CompressedPak pak cache file ../../../../../../Users/Spellabbet/Documents/GitHub/SpaceGame/Project/SpaceGame/DerivedDataCache/Compressed.ddp not found, will not use a pak cache.
[2015.11.13-14.51.25:342][  0]LogDerivedDataCache: Unable to find inner node CompressedPak for hierarchical cache Hierarchy.
[2015.11.13-14.51.25:447][  0]LogDerivedDataCache:Display: Pak cache opened for reading ../../../Engine/DerivedDataCache/Compressed.ddp.
[2015.11.13-14.51.25:459][  0]LogDerivedDataCache: Using Local data cache path C:/Users/Spellabbet/AppData/Local/UnrealEngine/Common/DerivedDataCache: Writable
[2015.11.13-14.51.25:587][  0]LogInit: Selected Device Profile: [Windows]
[2015.11.13-14.51.25:589][  0]LogContentStreaming: Texture pool size is 0.000000MB
[2015.11.13-14.51.25:680][  0]LogMeshUtilities: No automatic mesh reduction module available
[2015.11.13-14.51.25:680][  0]LogMeshUtilities: No automatic mesh merging module available
[2015.11.13-14.51.25:857][  0]LogInit: WinSock: version 1.1 (2.2), MaxSocks=32767, MaxUdp=65467
[2015.11.13-14.51.26:374][  0]UdpMessaging: Initializing bridge on interface 0.0.0.0:0 to multicast group 230.0.0.1:6666.
[2015.11.13-14.51.26:508][  0]LogAssetRegistry: FAssetRegistry took 0.0112 seconds to start up
[2015.11.13-14.51.26:632][  0]SourceControl: Info Source control is disabled
[2015.11.13-14.51.26:637][  0]SourceControl: Info Source control is disabled
[2015.11.13-14.51.26:647][  0]SourceControl: Info Source control is disabled
[2015.11.13-14.51.26:655][  0]SourceControl: Info Source control is disabled
[2015.11.13-14.51.26:774][  0]LogLinker:Warning: Asset '../../../Engine/Plugins/Runtime/LeapMotionController/Content/LM_PassthroughMaterial.uasset' has been saved with empty engine version. The asset will be loaded but may be incompatible.
[2015.11.13-14.51.26:839][  0]LogObj: 28410 objects as part of root set at end of initial load.
[2015.11.13-14.51.26:839][  0]LogUObjectAllocator: 6059544 out of 0 bytes used by permanent object pool.
[2015.11.13-14.51.26:883][  0]LogEngine: Initializing Engine...
[2015.11.13-14.51.26:885][  0]LogHMD: Can't find Oculus library dev build: is proper Runtime installed? Version: 0.7.0.0
[2015.11.13-14.51.26:885][  0]LogHMD: SteamVR failed to initialize.  Err: 110
[2015.11.13-14.51.26:975][  0]LogAIModule: Creating AISystem for world NewWorld
[2015.11.13-14.51.26:979][  0]LogInit: XAudio2 using 'Speakers (4- High Definition Audio Device)' : 2 channels at 44.1 kHz using 16 bits per sample (channel mask 0x3)
[2015.11.13-14.51.26:990][  0]LogInit: FAudioDevice initialized.
[2015.11.13-14.51.27:007][  0]LogDerivedDataCache: Saved boot cache 0.02s 41MB C:/Users/Spellabbet/AppData/Local/UnrealEngine/4.9/DerivedDataCache/Boot.ddc.
[2015.11.13-14.51.27:010][  0]LogInit: Texture streaming: Enabled
[2015.11.13-14.51.27:014][  0]LogAnalytics: Creating configured Analytics provider AnalyticsET
[2015.11.13-14.51.27:014][  0]LogAnalytics: [UEEditor.Rocket.Release] APIServer = http://et2.epicgames.com/ET2/. AppVersion = 4.9.2-2707645+++depot+UE4-Releases+4.9
[2015.11.13-14.51.27:014][  0]LogAnalytics: [UEEditor.Rocket.Release] SetUserId a56f99ce4ac584e8e6d851994b9dafce|4486cc34acf54390b5f34fc38c8b6486|060e5e79-a789-49c4-8abd-5d8b330400a7
[2015.11.13-14.51.27:014][  0]LogAnalytics: [UEEditor.Rocket.Release] AnalyticsET::StartSession
[2015.11.13-14.51.27:047][  0]LogInit: Transaction tracking system initialized
[2015.11.13-14.51.27:067][  0]BlueprintLog: New page: Editor Load
[2015.11.13-14.51.27:122][  0]LocalizationService: Info Localization service is disabled
[2015.11.13-14.51.27:178][  0]LogConsoleResponse:Display: 
[2015.11.13-14.51.27:262][  0]LogCook:Display: Done creating registry. It took  0.00s.
[2015.11.13-14.51.27:304][  0]LogFileCache: Scanning file cache for directory 'C:/Users/Spellabbet/Documents/GitHub/SpaceGame/Project/SpaceGame/Content/' took 0.01s
[2015.11.13-14.51.27:304][  0]SourceControl: Info Source control is disabled
[2015.11.13-14.51.33:831][  0]LogWindowsTextInputMethodSystem:Display: IME system now deactivated.
[2015.11.13-14.51.33:834][  0]LogWindowsTextInputMethodSystem:Display: IME system now deactivated.
[2015.11.13-14.51.36:143][  0]LogWindowsTextInputMethodSystem:Display: IME system now deactivated.
[2015.11.13-14.51.36:169][  0]LoadErrors: New page: Loading package: /Engine/BasicShapes/Cube
[2015.11.13-14.51.36:177][  0]LogWindowsTextInputMethodSystem:Display: IME system now deactivated.
[2015.11.13-14.51.36:177][  0]Cmd: MAP LOAD FILE="../../../Engine/Content/Maps/Templates/Template_Default.umap" TEMPLATE=1 SHOWPROGRESS=1 FEATURELEVEL=3
[2015.11.13-14.51.36:178][  0]LightingResults: New page: Lighting Build
[2015.11.13-14.51.36:181][  0]MapCheck: New page: Map Check
[2015.11.13-14.51.36:181][  0]LightingResults: New page: Lighting Build
[2015.11.13-14.51.36:191][  0]LogParticles: Destroying 0 GPU particle simulations for FXSystem 0x000000A078FEF240
[2015.11.13-14.51.36:391][  0]LogAIModule: Creating AISystem for world Untitled_1
[2015.11.13-14.51.36:395][  0]LogEditorServer: Finished looking for orphan Actors (0.000 secs)
[2015.11.13-14.51.36:399][  0]Cmd: MAP CHECKDEP NOCLEARLOG
[2015.11.13-14.51.36:437][  0]MapCheck: Info Map check complete: 0 Error(s), 0 Warning(s), took 37.505ms to complete.
[2015.11.13-14.51.36:437][  0]LogFileHelpers: Loading map 'Template_Default' took 0.260
[2015.11.13-14.51.36:439][  0]LogWindowsTextInputMethodSystem:Display: IME system now deactivated.
[2015.11.13-14.51.36:484][  0]LogCollectionManager: Loaded 0 collections in 0.001543 seconds
[2015.11.13-14.51.36:524][  0]LogFileCache: Scanning file cache for directory 'C:/Users/Spellabbet/Documents/GitHub/SpaceGame/Project/SpaceGame/Saved/Collections/' took 0.01s
[2015.11.13-14.51.36:524][  0]LogFileCache: Scanning file cache for directory 'C:/Users/Spellabbet/Documents/GitHub/SpaceGame/Project/SpaceGame/Content/Developers/Spellabbet/Collections/' took 0.01s
[2015.11.13-14.51.36:524][  0]LogFileCache: Scanning file cache for directory 'C:/Users/Spellabbet/Documents/GitHub/SpaceGame/Project/SpaceGame/Content/Collections/' took 0.01s
[2015.11.13-14.51.36:524][  0]LogContentBrowser: Native class hierarchy populated in 0.0065 seconds. Added 1873 classes and 335 folders.
[2015.11.13-14.51.36:528][  0]LogCollectionManager: Rebuilt the GUID cache for 0 collections in 0.000002 seconds
[2015.11.13-14.51.36:533][  0]LogContentBrowser: Native class hierarchy updated for 'WidgetCarousel' in 0.0007 seconds. Added 0 classes and 0 folders.
[2015.11.13-14.51.36:566][  0]LogContentBrowser: Native class hierarchy updated for 'AddContentDialog' in 0.0009 seconds. Added 0 classes and 0 folders.
[2015.11.13-14.51.36:573][  0]LogContentBrowser: Native class hierarchy updated for 'SceneOutliner' in 0.0007 seconds. Added 1 classes and 2 folders.
[2015.11.13-14.51.36:591][  0]LogCrashTracker: Crashtracker disabled due to settings.
[2015.11.13-14.51.36:594][  0]LogUObjectGlobals:Warning: Failed to find object 'Class None.'
[2015.11.13-14.51.36:615][  0]LogStats:Warning: MetaData mismatch. Did you assign a stat to two groups? New //STATGROUP_Threads//SplashScreenThread///Thread_f54_0///####STATCAT_Advanced#### old //STATGROUP_Threads//SplashScreenThread///Thread_9c4_0///####STATCAT_Advanced####
[2015.11.13-14.51.36:615][  0]LogLoad: Full Startup: 13.70 seconds (BP compile: 0.03 seconds)
[2015.11.13-14.51.36:665][  0]LogContentStreaming: Texture pool size now 1000 MB
[2015.11.13-14.51.36:772][  0]LogRenderer: Reallocating scene render targets to support 1208x576 (Frame:2).
[2015.11.13-14.51.36:940][  4]LogAssetRegistry: Asset discovery search completed in 10.4436 seconds
[2015.11.13-14.51.36:940][  4]LogCollectionManager: Rebuilt the object cache for 0 collections in 0.000001 seconds (found 0 objects)
[2015.11.13-14.51.36:940][  4]LogCollectionManager: Fixed up redirectors for 0 collections in 0.000024 seconds (updated 0 objects)
[2015.11.13-14.51.45:425][808]LogVSAccessor:Warning: Couldn't goto line number '0' in 'C:/Users/Spellabbet/Documents/GitHub/SpaceGame/Project/SpaceGame/Source/SpaceGame/Fleet.h'
[2015.11.13-14.51.45:447][808]LogVSAccessor:Warning: Couldn't goto line number '0' in 'C:/Users/Spellabbet/Documents/GitHub/SpaceGame/Project/SpaceGame/Source/SpaceGame/Fleet.cpp'
[2015.11.13-14.52.20:024][288]Recompiling SpaceGame...
[2015.11.13-14.52.20:024][288]Launching UnrealBuildTool... [C:/Program Files/Epic Games/4.9/Engine/Binaries/DotNET/UnrealBuildTool.exe SpaceGame -ModuleWithSuffix SpaceGame 4089 Win64 Development -editorrecompile -canskiplink "C:/Users/Spellabbet/Documents/GitHub/SpaceGame/Project/SpaceGame/SpaceGame.uproject" -rocket  -rocket]
[2015.11.13-14.52.20:025][288]Warning: Starting HotReload took  0.0s.
[2015.11.13-14.52.20:858][368]CompilerResultsLog: New page: Compilation - Nov 13, 2015, 4:52:20 PM
[2015.11.13-14.52.20:858][368]CompilerResultsLog: Info Compiling game modules for hot reload
[2015.11.13-14.52.20:858][368]CompilerResultsLog: Info Target is up to date.
[2015.11.13-14.52.20:858][368]LogMainFrame: MainFrame: Module compiling took 0.837 seconds
[2015.11.13-14.52.25:086][874]LogEditor: Attempting to add actor of class 'Fleet' to level at -1050.00,-790.00,170.00
[2015.11.13-14.52.25:315][897]LogEditor: Attempting to add actor of class 'Fleet' to level at -1010.00,-760.00,200.00
[2015.11.13-14.52.27:122][108]LogEditor: Attempting to add actor of class 'Fleet' to level at -1030.00,-620.00,100.00
[2015.11.13-14.52.27:677][171]LogEditor: Attempting to add actor of class 'Fleet' to level at -970.00,-510.00,150.00
[2015.11.13-14.52.29:933][437]Cmd: DELETE
[2015.11.13-14.52.29:933][437]Cmd: ACTOR DELETE
[2015.11.13-14.52.29:933][437]LogEditorActor: Deleted Actor: Fleet
[2015.11.13-14.52.29:948][437]LogEditorActor: Deleted 1 Actors (0.014 secs)
[2015.11.13-14.52.31:875][664]LogEditorActor: Deleted Actor: Fleet
[2015.11.13-14.52.31:884][664]LogEditorActor: Deleted 1 Actors (0.009 secs)
[2015.11.13-14.52.39:300][538]Recompiling SpaceGame...
[2015.11.13-14.52.39:300][538]Launching UnrealBuildTool... [C:/Program Files/Epic Games/4.9/Engine/Binaries/DotNET/UnrealBuildTool.exe SpaceGame -ModuleWithSuffix SpaceGame 4222 Win64 Development -editorrecompile -canskiplink "C:/Users/Spellabbet/Documents/GitHub/SpaceGame/Project/SpaceGame/SpaceGame.uproject" -rocket  -rocket]
[2015.11.13-14.52.39:301][538]Warning: Starting HotReload took  0.0s.
[2015.11.13-14.52.40:117][617]CompilerResultsLog: New page: Compilation - Nov 13, 2015, 4:52:40 PM
[2015.11.13-14.52.40:117][617]CompilerResultsLog: Info Compiling game modules for hot reload
[2015.11.13-14.52.40:117][617]CompilerResultsLog: Info Target is up to date.
[2015.11.13-14.52.40:117][617]LogMainFrame: MainFrame: Module compiling took 0.818 seconds
[2015.11.13-14.52.42:750][933]LogEditorViewport: Clicking on Actor (LMB): FleetBP_C (FleetBP)
[2015.11.13-14.52.49:202][700]LogEditor: Attempting to add actor of class 'Ship' to level at -1280.00,-990.00,110.00
[2015.11.13-14.52.49:350][717]LogEditor: Attempting to add actor of class 'Ship' to level at -1270.00,-1000.00,130.00
[2015.11.13-14.52.51:949][ 27]LogEditor: Attempting to add actor of class 'Ship' to level at -1160.00,-870.00,60.00
[2015.11.13-14.52.52:105][ 45]LogEditor: Attempting to add actor of class 'Ship' to level at -1090.00,-840.00,70.00
[2015.11.13-14.53.24:047][858]LogEditorViewport: Clicking on Actor (LMB): BP_Sky_Sphere_C (Sky Sphere)
[2015.11.13-14.53.24:965][965]Recompiling SpaceGame...
[2015.11.13-14.53.24:966][965]Launching UnrealBuildTool... [C:/Program Files/Epic Games/4.9/Engine/Binaries/DotNET/UnrealBuildTool.exe SpaceGame -ModuleWithSuffix SpaceGame 1920 Win64 Development -editorrecompile -canskiplink "C:/Users/Spellabbet/Documents/GitHub/SpaceGame/Project/SpaceGame/SpaceGame.uproject" -rocket  -rocket]
[2015.11.13-14.53.24:967][965]Warning: Starting HotReload took  0.0s.
[2015.11.13-14.53.25:768][ 43]CompilerResultsLog: New page: Compilation - Nov 13, 2015, 4:53:25 PM
[2015.11.13-14.53.25:768][ 43]CompilerResultsLog: Info Compiling game modules for hot reload
[2015.11.13-14.53.25:768][ 43]CompilerResultsLog: Info Target is up to date.
[2015.11.13-14.53.25:768][ 43]LogMainFrame: MainFrame: Module compiling took 0.806 seconds
[2015.11.13-14.53.27:349][231]LogPlayLevel: PlayLevel: No blueprints needed recompiling
[2015.11.13-14.53.27:349][231]PIE: New page: PIE session: Untitled_1 (Nov 13, 2015, 4:53:27 PM)
[2015.11.13-14.53.27:349][231]LogPlayLevel: Creating play world package: /Temp/UEDPIE_0_Untitled_1
[2015.11.13-14.53.27:351][231]LogPlayLevel: PIE: StaticDuplicateObject took: (0.002003s)
[2015.11.13-14.53.27:352][231]LogAIModule: Creating AISystem for world Untitled_1
[2015.11.13-14.53.27:352][231]LogPlayLevel: PIE: World Init took: (0.000840s)
[2015.11.13-14.53.27:353][231]LogPlayLevel: PIE: Created PIE world by copying editor world from /Temp/Untitled_1.Untitled_1 to /Temp/UEDPIE_0_Untitled_1.Untitled_1 (0.003345s)
[2015.11.13-14.53.27:367][231]LogInit: XAudio2 using 'Speakers (4- High Definition Audio Device)' : 2 channels at 44.1 kHz using 16 bits per sample (channel mask 0x3)
[2015.11.13-14.53.27:372][231]LogInit: FAudioDevice initialized.
[2015.11.13-14.53.27:415][231]LogWorld: Game class is 'GameMode'
[2015.11.13-14.53.27:417][231]LogWorld: Bringing World /Temp/UEDPIE_0_Untitled_1.Untitled_1 up for play (max tick rate 0) at 2015.11.13-15.53.27
[2015.11.13-14.53.27:417][231]LogActor:Warning: GameSession /Temp/UEDPIE_0_Untitled_1.Untitled_1:PersistentLevel.GameSession_0 has natively added scene component(s), but none of them were set as the actor's RootComponent - picking one arbitrarily
[2015.11.13-14.53.27:418][231]LogActor:Warning: GameNetworkManager /Temp/UEDPIE_0_Untitled_1.Untitled_1:PersistentLevel.GameNetworkManager_0 has natively added scene component(s), but none of them were set as the actor's RootComponent - picking one arbitrarily
[2015.11.13-14.53.27:418][231]LogWorld: Bringing up level for play took: 0.001935
[2015.11.13-14.53.27:419][231]PIE: Info Play in editor start time for /Temp/UEDPIE_0_Untitled_1 -0.549
[2015.11.13-14.53.29:501][480]LogSelection:Warning: PIE object was selected: "FleetBP_C /Temp/UEDPIE_0_Untitled_1.Untitled_1:PersistentLevel.FleetBP_2"
[2015.11.13-14.53.31:538][720]LogSelection:Warning: PIE object was selected: "FleetBP_C /Temp/UEDPIE_0_Untitled_1.Untitled_1:PersistentLevel.FleetBP2_5"
[2015.11.13-14.53.39:626][686]LogSelection:Warning: PIE object was selected: "BP_Sky_Sphere_C /Temp/UEDPIE_0_Untitled_1.Untitled_1:PersistentLevel.SkySphere"
[2015.11.13-14.53.41:536][895]LogEditorViewport: Clicking on Actor (LMB): FleetBP_C (FleetBP2)
[2015.11.13-14.53.41:536][895]LogSelection:Warning: PIE object was selected: "FleetBP_C /Temp/UEDPIE_0_Untitled_1.Untitled_1:PersistentLevel.FleetBP2_5"
[2015.11.13-14.54.01:358][732]Recompiling SpaceGame...
[2015.11.13-14.54.01:359][732]Launching UnrealBuildTool... [C:/Program Files/Epic Games/4.9/Engine/Binaries/DotNET/UnrealBuildTool.exe SpaceGame -ModuleWithSuffix SpaceGame 2139 Win64 Development -editorrecompile -canskiplink "C:/Users/Spellabbet/Documents/GitHub/SpaceGame/Project/SpaceGame/SpaceGame.uproject" -rocket  -rocket]
[2015.11.13-14.54.01:360][732]Warning: Starting HotReload took  0.0s.
[2015.11.13-14.54.02:183][804]CompilerResultsLog: New page: Compilation - Nov 13, 2015, 4:54:02 PM
[2015.11.13-14.54.02:183][804]CompilerResultsLog: Info Compiling game modules for hot reload
[2015.11.13-14.54.02:183][804]CompilerResultsLog: Info Target is up to date.
[2015.11.13-14.54.02:183][804]LogMainFrame: MainFrame: Module compiling took 0.826 seconds
[2015.11.13-14.54.03:554][947]LogParticles: Destroying 0 GPU particle simulations for FXSystem 0x000000A0033D1E40
[2015.11.13-14.54.15:770][406]LogEditorViewport: Clicking on Actor (LMB): StaticMeshActor (Floor)
[2015.11.13-14.54.18:829][767]LogEditorViewport: Clicking on Actor (LMB): StaticMeshActor (Floor)
[2015.11.13-14.54.19:356][829]LogEditorViewport: Clicking on Actor (LMB): StaticMeshActor (Floor)
[2015.11.13-14.54.40:446][122]Recompiling SpaceGame...
[2015.11.13-14.54.40:447][122]Launching UnrealBuildTool... [C:/Program Files/Epic Games/4.9/Engine/Binaries/DotNET/UnrealBuildTool.exe SpaceGame -ModuleWithSuffix SpaceGame 6736 Win64 Development -editorrecompile -canskiplink "C:/Users/Spellabbet/Documents/GitHub/SpaceGame/Project/SpaceGame/SpaceGame.uproject" -rocket  -rocket]
[2015.11.13-14.54.40:448][122]Warning: Starting HotReload took  0.0s.
[2015.11.13-14.54.43:547][475]CompilerResultsLog: New page: Compilation - Nov 13, 2015, 4:54:43 PM
[2015.11.13-14.54.43:547][475]CompilerResultsLog: Info Compiling game modules for hot reload
[2015.11.13-14.54.43:547][475]CompilerResultsLog: Info Performing 2 actions (4 in parallel)
[2015.11.13-14.54.43:547][475]CompilerResultsLog: Info Fleet.cpp
[2015.11.13-14.54.43:547][475]CompilerResultsLog: Info [2/2] Link UE4Editor-SpaceGame-6736.dll
[2015.11.13-14.54.43:547][475]CompilerResultsLog: Info    Creating library C:\Users\Spellabbet\Documents\GitHub\SpaceGame\Project\SpaceGame\Intermediate/Build/Win64\UE4Editor\Development\UE4Editor-SpaceGame-6736.lib and object C:\Users\Spellabbet\Documents\GitHub\SpaceGame\Project\SpaceGame\Intermediate/Build/Win64\UE4Editor\Development\UE4Editor-SpaceGame-6736.exp
[2015.11.13-14.54.43:547][475]CompilerResultsLog: Info -------- End Detailed Actions Stats -----------------------------------------------------------
[2015.11.13-14.54.43:547][475]CompilerResultsLog: Info Total build time: 3,07 seconds
[2015.11.13-14.54.43:547][475]LogMainFrame: MainFrame: Module compiling took 3.104 seconds
[2015.11.13-14.54.43:592][475]LogHotReload: Re-instancing Fleet after hot-reload.
[2015.11.13-14.54.43:622][475]LogUObjectGlobals:Warning: Guid is in use by SceneComponent /Temp/Untitled_1.Untitled_1:PersistentLevel.FleetBP_2.Root and SceneComponent /Temp/Untitled_1.Untitled_1:PersistentLevel.FleetBP_C_0.Root, which should never happen in the editor but could happen at runtime with duplicate level loading or PIE
[2015.11.13-14.54.43:622][475]LogUObjectGlobals:Warning: Guid is in use by StaticMeshComponent /Temp/Untitled_1.Untitled_1:PersistentLevel.FleetBP_2.Mesh and StaticMeshComponent /Temp/Untitled_1.Untitled_1:PersistentLevel.FleetBP_C_0.Mesh, which should never happen in the editor but could happen at runtime with duplicate level loading or PIE
[2015.11.13-14.54.43:622][475]LogUObjectGlobals:Warning: Guid is in use by BoxComponent /Temp/Untitled_1.Untitled_1:PersistentLevel.FleetBP_2.Box and BoxComponent /Temp/Untitled_1.Untitled_1:PersistentLevel.FleetBP_C_0.Box, which should never happen in the editor but could happen at runtime with duplicate level loading or PIE
[2015.11.13-14.54.43:622][475]LogUObjectGlobals:Warning: Guid is in use by SceneComponent /Temp/Untitled_1.Untitled_1:PersistentLevel.FleetBP2_5.Root and SceneComponent /Temp/Untitled_1.Untitled_1:PersistentLevel.FleetBP_C_1.Root, which should never happen in the editor but could happen at runtime with duplicate level loading or PIE
[2015.11.13-14.54.43:623][475]LogUObjectGlobals:Warning: Guid is in use by StaticMeshComponent /Temp/Untitled_1.Untitled_1:PersistentLevel.FleetBP2_5.Mesh and StaticMeshComponent /Temp/Untitled_1.Untitled_1:PersistentLevel.FleetBP_C_1.Mesh, which should never happen in the editor but could happen at runtime with duplicate level loading or PIE
[2015.11.13-14.54.43:623][475]LogUObjectGlobals:Warning: Guid is in use by BoxComponent /Temp/Untitled_1.Untitled_1:PersistentLevel.FleetBP2_5.Box and BoxComponent /Temp/Untitled_1.Untitled_1:PersistentLevel.FleetBP_C_1.Box, which should never happen in the editor but could happen at runtime with duplicate level loading or PIE
[2015.11.13-14.54.43:644][475]LogContentBrowser: Native class hierarchy updated for 'SpaceGame' in 0.0009 seconds. Added 6 classes and 2 folders.
[2015.11.13-14.54.43:645][475]Warning: HotReload successful (2 functions remapped  0 scriptstructs remapped)
[2015.11.13-14.54.43:699][475]LogContentBrowser: Native class hierarchy populated in 0.0069 seconds. Added 1874 classes and 337 folders.
[2015.11.13-14.54.46:851][850]LogPlayLevel: PlayLevel: No blueprints needed recompiling
[2015.11.13-14.54.46:851][850]PIE: New page: PIE session: Untitled_1 (Nov 13, 2015, 4:54:46 PM)
[2015.11.13-14.54.46:851][850]LogPlayLevel: Creating play world package: /Temp/UEDPIE_0_Untitled_1
[2015.11.13-14.54.46:853][850]LogPlayLevel: PIE: StaticDuplicateObject took: (0.002346s)
[2015.11.13-14.54.46:854][850]LogAIModule: Creating AISystem for world Untitled_1
[2015.11.13-14.54.46:854][850]LogPlayLevel: PIE: World Init took: (0.000717s)
[2015.11.13-14.54.46:854][850]LogPlayLevel: PIE: Created PIE world by copying editor world from /Temp/Untitled_1.Untitled_1 to /Temp/UEDPIE_0_Untitled_1.Untitled_1 (0.003285s)
[2015.11.13-14.54.46:868][850]LogInit: XAudio2 using 'Speakers (4- High Definition Audio Device)' : 2 channels at 44.1 kHz using 16 bits per sample (channel mask 0x3)
[2015.11.13-14.54.46:872][850]LogInit: FAudioDevice initialized.
[2015.11.13-14.54.46:908][850]LogWorld: Game class is 'GameMode'
[2015.11.13-14.54.46:910][850]LogWorld: Bringing World /Temp/UEDPIE_0_Untitled_1.Untitled_1 up for play (max tick rate 0) at 2015.11.13-15.54.46
[2015.11.13-14.54.46:910][850]LogActor:Warning: GameSession /Temp/UEDPIE_0_Untitled_1.Untitled_1:PersistentLevel.GameSession_1 has natively added scene component(s), but none of them were set as the actor's RootComponent - picking one arbitrarily
[2015.11.13-14.54.46:910][850]LogActor:Warning: GameNetworkManager /Temp/UEDPIE_0_Untitled_1.Untitled_1:PersistentLevel.GameNetworkManager_1 has natively added scene component(s), but none of them were set as the actor's RootComponent - picking one arbitrarily
[2015.11.13-14.54.46:911][850]LogWorld: Bringing up level for play took: 0.001869
[2015.11.13-14.54.46:912][850]PIE: Info Play in editor start time for /Temp/UEDPIE_0_Untitled_1 0.944
[2015.11.13-14.54.49:789][195]LogSelection:Warning: PIE object was selected: "StaticMeshActor /Temp/UEDPIE_0_Untitled_1.Untitled_1:PersistentLevel.Floor"
[2015.11.13-14.55.01:757][411]LogParticles: Destroying 0 GPU particle simulations for FXSystem 0x000000A003480400
[2015.11.13-14.55.03:558][626]LogEditorViewport: Clicking on Actor (LMB): FleetBP_C (FleetBP2)
[2015.11.13-14.55.06:491][972]Cmd: DELETE
[2015.11.13-14.55.06:491][972]Cmd: ACTOR DELETE
[2015.11.13-14.55.06:492][972]LogEditorActor: Deleted Actor: FleetBP_C
[2015.11.13-14.55.06:499][972]LogEditorActor: Deleted 1 Actors (0.009 secs)
[2015.11.13-14.55.06:941][ 25]LogEditorViewport: Clicking on Actor (LMB): FleetBP_C (FleetBP)
[2015.11.13-14.55.07:138][ 44]Cmd: DELETE
[2015.11.13-14.55.07:138][ 44]Cmd: ACTOR DELETE
[2015.11.13-14.55.07:138][ 44]LogEditorActor: Deleted Actor: FleetBP_C
[2015.11.13-14.55.07:147][ 44]LogEditorActor: Deleted 1 Actors (0.009 secs)
[2015.11.13-14.55.33:209][512]LogEditorViewport: Clicking on Actor (LMB): BP_Sky_Sphere_C (Sky Sphere)
[2015.11.13-14.55.36:780][937]LogEditorViewport: Clicking on Actor (LMB): FleetBP_C (FleetBP2)
[2015.11.13-14.55.37:266][990]LogEditorViewport: Clicking on Actor (LMB): FleetBP_C (FleetBP)
[2015.11.13-14.55.38:172][ 94]Cmd: DELETE
[2015.11.13-14.55.38:172][ 94]Cmd: ACTOR DELETE
[2015.11.13-14.55.38:173][ 94]LogEditorActor: Deleted Actor: FleetBP_C
[2015.11.13-14.55.38:182][ 94]LogEditorActor: Deleted 1 Actors (0.009 secs)
[2015.11.13-14.55.38:486][131]LogEditorViewport: Clicking on Actor (LMB): FleetBP_C (FleetBP2)
[2015.11.13-14.55.38:610][141]Cmd: DELETE
[2015.11.13-14.55.38:610][141]Cmd: ACTOR DELETE
[2015.11.13-14.55.38:611][141]LogEditorActor: Deleted Actor: FleetBP_C
[2015.11.13-14.55.38:620][141]LogEditorActor: Deleted 1 Actors (0.009 secs)
[2015.11.13-14.55.40:524][366]LogLinker:Warning: Asset '../../../Engine/Content/ArtTools/RenderToTexture/Macros/RenderToTextureMacros.uasset' has been saved with empty engine version. The asset will be loaded but may be incompatible.
[2015.11.13-14.55.40:925][366]LogContentBrowser: Native class hierarchy updated for 'BlueprintGraph' in 0.0011 seconds. Added 107 classes and 0 folders.
[2015.11.13-14.55.46:301][948]Recompiling SpaceGame...
[2015.11.13-14.55.46:301][948]Launching UnrealBuildTool... [C:/Program Files/Epic Games/4.9/Engine/Binaries/DotNET/UnrealBuildTool.exe SpaceGame -ModuleWithSuffix SpaceGame 7226 Win64 Development -editorrecompile -canskiplink "C:/Users/Spellabbet/Documents/GitHub/SpaceGame/Project/SpaceGame/SpaceGame.uproject" -rocket  -rocket]
[2015.11.13-14.55.46:302][948]Warning: Starting HotReload took  0.0s.
[2015.11.13-14.55.49:323][292]CompilerResultsLog: New page: Compilation - Nov 13, 2015, 4:55:49 PM
[2015.11.13-14.55.49:324][292]CompilerResultsLog: Info Compiling game modules for hot reload
[2015.11.13-14.55.49:324][292]CompilerResultsLog: Info Performing 2 actions (4 in parallel)
[2015.11.13-14.55.49:324][292]CompilerResultsLog: Info Fleet.cpp
[2015.11.13-14.55.49:324][292]CompilerResultsLog: Info [2/2] Link UE4Editor-SpaceGame-7226.dll
[2015.11.13-14.55.49:324][292]CompilerResultsLog: Info    Creating library C:\Users\Spellabbet\Documents\GitHub\SpaceGame\Project\SpaceGame\Intermediate/Build/Win64\UE4Editor\Development\UE4Editor-SpaceGame-7226.lib and object C:\Users\Spellabbet\Documents\GitHub\SpaceGame\Project\SpaceGame\Intermediate/Build/Win64\UE4Editor\Development\UE4Editor-SpaceGame-7226.exp
[2015.11.13-14.55.49:324][292]CompilerResultsLog: Info -------- End Detailed Actions Stats -----------------------------------------------------------
[2015.11.13-14.55.49:324][292]CompilerResultsLog: Info Total build time: 3,00 seconds
[2015.11.13-14.55.49:324][292]LogMainFrame: MainFrame: Module compiling took 3.025 seconds
[2015.11.13-14.55.49:342][292]LogParticles: Destroying 0 GPU particle simulations for FXSystem 0x000000A028B0F060
[2015.11.13-14.55.49:420][292]LogHotReload: Re-instancing Fleet after hot-reload.
[2015.11.13-14.55.49:497][292]LogContentBrowser: Native class hierarchy updated for 'SpaceGame' in 0.0008 seconds. Added 6 classes and 2 folders.
[2015.11.13-14.55.49:499][292]Warning: HotReload successful (2 functions remapped  0 scriptstructs remapped)
[2015.11.13-14.55.49:865][292]LogContentBrowser: Native class hierarchy populated in 0.0073 seconds. Added 1874 classes and 337 folders.
[2015.11.13-14.56.31:476][145]LogEditorViewport: Clicking on Actor (LMB): BP_Sky_Sphere_C (Sky Sphere)
[2015.11.13-14.56.49:392][276]MapCheck: New page: Map Check
[2015.11.13-14.56.49:408][276]Cmd: MAP REBUILD ALLVISIBLE
[2015.11.13-14.56.49:409][276]LogEditorServer: Rebuildmap Clear paths rebuilt
[2015.11.13-14.56.49:470][276]MapCheck:Warning: Warning WorldSettings_1 Hierarchical LOD System is disabled or no HLOD level settings available, unable to build LOD actors. 
[2015.11.13-14.56.49:470][276]LogStats:          STAT_HLOD_BuildClusters - 50.874 ms
[2015.11.13-14.56.49:477][276]LightingResults: New page: Lighting Build - Nov 13, 2015, 4:56:49 PM
[2015.11.13-14.57.00:815][276]LogStaticLightingSystem:Warning: No importance volume found, so the scene bounding box was used.  You can optimize your scene's quality and lighting build times by adding importance volumes.
[2015.11.13-14.57.00:815][276]LogStaticLightingSystem: Running Lightmass w/ ImmediateImport mode ENABLED
[2015.11.13-14.57.00:815][276]LogStaticLightingSystem: Running Lightmass w/ ImmediateProcess mode ENABLED
[2015.11.13-14.57.00:815][276]LogStaticLightingSystem: Running Lightmass w/ Sorting mode ENABLED
[2015.11.13-14.57.00:815][276]LogStaticLightingSystem: Running Lightmass w/ Mapping paddings ENABLED
[2015.11.13-14.57.00:815][276]LogStaticLightingSystem: Running Lightmass w/ Mapping debug paddings DISABLED
[2015.11.13-14.57.01:097][276]LogEditorBuildUtils: Build time 0:00:11
[2015.11.13-14.57.01:112][276]LogMaterial: Missing cached shader map for material FLightmassMaterialRenderer DefaultMaterial, compiling. 
[2015.11.13-14.57.01:130][276]LogMaterial: Missing cached shader map for material FLightmassMaterialRenderer DefaultMaterial, compiling. 
[2015.11.13-14.57.06:278][284]LogEditorViewport: Clicking on Component (LMB): StaticMeshComponent (Mesh)
[2015.11.13-14.57.06:644][326]LogEditorViewport: Clicking on Actor (LMB): BP_Sky_Sphere_C (Sky Sphere)
[2015.11.13-14.57.07:133][382]LogEditorViewport: Clicking on Actor (LMB): FleetBP_C (FleetBP)
[2015.11.13-14.57.07:534][425]Cmd: DELETE
[2015.11.13-14.57.07:534][425]Cmd: ACTOR DELETE
[2015.11.13-14.57.07:534][425]LogEditorActor: Deleted Actor: FleetBP_C
[2015.11.13-14.57.07:558][425]LogEditorActor: Deleted 1 Actors (0.024 secs)
[2015.11.13-14.57.07:645][436]Job is a success!
[2015.11.13-14.57.07:707][437]LogTexture:Display: Building textures: HQ_Lightmap0_1 (AutoDXT)
[2015.11.13-14.57.07:724][437]LogTexture:Display: Building textures: LQ_Lightmap_1_2 (DXT1)
[2015.11.13-14.57.07:725][437]LogTexture:Display: Building textures: HQ_Lightmap1_2 (AutoDXT)
[2015.11.13-14.57.07:725][437]LogTexture:Display: Building textures: LQ_Lightmap_0_1 (DXT1)
[2015.11.13-14.57.07:735][437]LogTexture:Display: Building textures: ShadowMapTexture2D_0 (G8)
[2015.11.13-14.57.07:737][437]LogTexture:Display: Building textures: ShadowMapTexture2D_3 (G8)
[2015.11.13-14.57.07:827][437]Lightmass on SpellabbA333-07: 964 ms total, 196 ms importing, 0 ms setup, 278 ms photons, 273 ms processing, 0 ms extra exporting [2/2 mappings]. Threads: 1.75 sec total, 193 ms processing.
[2015.11.13-14.57.07:900][437]LogStaticLightingSystem: Illumination: 18.3 sec (35 ms encoding lightmaps)
[2015.11.13-14.57.07:900][437]LogStaticLightingSystem: Lightmap texture memory:  0.1 MB (0.1 MB streaming, 0.0 MB non-streaming), 4 textures
[2015.11.13-14.57.07:900][437]LogStaticLightingSystem: Shadowmap texture memory: 0.0 MB (0.0 MB streaming, 0.0 MB non-streaming), 2 textures
[2015.11.13-14.57.08:822][438]Cmd: MAP CHECK NOTIFYRESULTS
[2015.11.13-14.57.08:822][438]MapCheck: New page: Untitled_1 - Nov 13, 2015, 4:57:08 PM
[2015.11.13-14.57.08:862][438]MapCheck: Info Map check complete: 0 Error(s), 0 Warning(s), took 39.344ms to complete.
[2015.11.13-14.57.08:863][438]LogEditorViewport: Clicking Background
[2015.11.13-14.58.11:165][924]BlueprintLog: New page: Compile FleetBP
[2015.11.13-14.58.11:196][924]LogUObjectGlobals:Warning: Guid is in use by SceneComponent /Temp/Untitled_1.Untitled_1:PersistentLevel.FleetBP_8.Root and SceneComponent /Temp/Untitled_1.Untitled_1:PersistentLevel.FleetBP_C_0.Root, which should never happen in the editor but could happen at runtime with duplicate level loading or PIE
[2015.11.13-14.58.11:196][924]LogUObjectGlobals:Warning: Guid is in use by StaticMeshComponent /Temp/Untitled_1.Untitled_1:PersistentLevel.FleetBP_8.Mesh and StaticMeshComponent /Temp/Untitled_1.Untitled_1:PersistentLevel.FleetBP_C_0.Mesh, which should never happen in the editor but could happen at runtime with duplicate level loading or PIE
[2015.11.13-14.58.11:196][924]LogUObjectGlobals:Warning: Guid is in use by BoxComponent /Temp/Untitled_1.Untitled_1:PersistentLevel.FleetBP_8.Box and BoxComponent /Temp/Untitled_1.Untitled_1:PersistentLevel.FleetBP_C_0.Box, which should never happen in the editor but could happen at runtime with duplicate level loading or PIE
[2015.11.13-14.58.11:298][924]LogParticles: Destroying 0 GPU particle simulations for FXSystem 0x000000A032826AC0
[2015.11.13-14.58.11:304][924]BlueprintEditorCompileResults: Info [0408.39] Compile of FleetBP successful! [in 138 ms]
[2015.11.13-14.58.14:885][343]LogEditorViewport: Clicking on Actor (LMB): BP_Sky_Sphere_C (Sky Sphere)
[2015.11.13-14.58.15:293][389]LogEditorViewport: Clicking on Actor (LMB): FleetBP_C (FleetBP)
[2015.11.13-14.58.16:037][473]Cmd: DELETE
[2015.11.13-14.58.16:037][473]Cmd: ACTOR DELETE
[2015.11.13-14.58.16:037][473]LogEditorActor: Deleted Actor: FleetBP_C
[2015.11.13-14.58.16:058][473]LogEditorActor: Deleted 1 Actors (0.021 secs)
[2015.11.13-14.58.35:872][836]LogEditorViewport: Clicking on Actor (LMB): BP_Sky_Sphere_C (Sky Sphere)
[2015.11.13-14.58.37:274][  2]LogEditorViewport: Clicking on Actor (LMB): FleetBP_C (FleetBP)
[2015.11.13-14.58.37:840][ 65]LogEditorViewport: Clicking on Actor (LMB): BP_Sky_Sphere_C (Sky Sphere)
[2015.11.13-14.58.38:228][109]LogEditorViewport: Clicking on Component (LMB): StaticMeshComponent (Sky Sphere mesh)
[2015.11.13-14.58.39:757][289]LogEditorViewport: Clicking on Actor (LMB): FleetBP_C (FleetBP)
[2015.11.13-14.59.37:417][536]LogEditorViewport: Clicking on Actor (LMB): BP_Sky_Sphere_C (Sky Sphere)
[2015.11.13-14.59.38:039][608]LogEditorViewport: Clicking on Actor (LMB): FleetBP_C (FleetBP)
[2015.11.13-14.59.42:069][ 79]LogEditorViewport: Clicking on Actor (LMB): BP_Sky_Sphere_C (Sky Sphere)
[2015.11.13-14.59.42:408][117]LogEditorViewport: Clicking on Actor (LMB): BP_Sky_Sphere_C (Sky Sphere)
[2015.11.13-14.59.42:885][173]LogEditorViewport: Clicking on Actor (LMB): FleetBP_C (FleetBP2)
[2015.11.13-14.59.57:732][940]Cmd: DELETE
[2015.11.13-14.59.57:732][940]Cmd: ACTOR DELETE
[2015.11.13-14.59.57:732][940]LogEditorActor: Deleted Actor: FleetBP_C
[2015.11.13-14.59.57:751][940]LogParticles: Destroying 0 GPU particle simulations for FXSystem 0x000000A0330A4720
[2015.11.13-14.59.57:754][940]LogEditorActor: Deleted 1 Actors (0.022 secs)
[2015.11.13-14.59.58:238][998]LogEditorViewport: Clicking on Actor (LMB): FleetBP_C (FleetBP2)
[2015.11.13-14.59.58:690][ 47]Cmd: DELETE
[2015.11.13-14.59.58:690][ 47]Cmd: ACTOR DELETE
[2015.11.13-14.59.58:691][ 47]LogEditorActor: Deleted Actor: FleetBP_C
[2015.11.13-14.59.58:711][ 47]LogEditorActor: Deleted 1 Actors (0.020 secs)
[2015.11.13-15.01.25:914][753]Recompiling SpaceGame...
[2015.11.13-15.01.25:915][753]Launching UnrealBuildTool... [C:/Program Files/Epic Games/4.9/Engine/Binaries/DotNET/UnrealBuildTool.exe SpaceGame -ModuleWithSuffix SpaceGame 8277 Win64 Development -editorrecompile -canskiplink "C:/Users/Spellabbet/Documents/GitHub/SpaceGame/Project/SpaceGame/SpaceGame.uproject" -rocket  -rocket]
[2015.11.13-15.01.25:916][753]Warning: Starting HotReload took  0.0s.
[2015.11.13-15.01.29:136][120]CompilerResultsLog: New page: Compilation - Nov 13, 2015, 5:01:29 PM
[2015.11.13-15.01.29:136][120]CompilerResultsLog: Info Compiling game modules for hot reload
[2015.11.13-15.01.29:136][120]CompilerResultsLog: Info Performing 2 actions (4 in parallel)
[2015.11.13-15.01.29:136][120]CompilerResultsLog: Info Fleet.cpp
[2015.11.13-15.01.29:136][120]CompilerResultsLog: Info [2/2] Link UE4Editor-SpaceGame-8277.dll
[2015.11.13-15.01.29:136][120]CompilerResultsLog: Info    Creating library C:\Users\Spellabbet\Documents\GitHub\SpaceGame\Project\SpaceGame\Intermediate/Build/Win64\UE4Editor\Development\UE4Editor-SpaceGame-8277.lib and object C:\Users\Spellabbet\Documents\GitHub\SpaceGame\Project\SpaceGame\Intermediate/Build/Win64\UE4Editor\Development\UE4Editor-SpaceGame-8277.exp
[2015.11.13-15.01.29:136][120]CompilerResultsLog: Info -------- End Detailed Actions Stats -----------------------------------------------------------
[2015.11.13-15.01.29:136][120]CompilerResultsLog: Info Total build time: 3,19 seconds
[2015.11.13-15.01.29:136][120]LogMainFrame: MainFrame: Module compiling took 3.225 seconds
[2015.11.13-15.01.29:274][120]LogContentBrowser: Native class hierarchy updated for 'SpaceGame' in 0.0009 seconds. Added 6 classes and 2 folders.
[2015.11.13-15.01.29:276][120]Warning: HotReload successful (2 functions remapped  0 scriptstructs remapped)
[2015.11.13-15.01.29:637][120]LogContentBrowser: Native class hierarchy populated in 0.0069 seconds. Added 1874 classes and 337 folders.
[2015.11.13-15.01.30:250][190]LogPlayLevel: PlayLevel: No blueprints needed recompiling
[2015.11.13-15.01.30:250][190]PIE: New page: PIE session: Untitled_1 (Nov 13, 2015, 5:01:30 PM)
[2015.11.13-15.01.30:250][190]LogPlayLevel: Creating play world package: /Temp/UEDPIE_0_Untitled_1
[2015.11.13-15.01.30:252][190]LogPlayLevel: PIE: StaticDuplicateObject took: (0.001522s)
[2015.11.13-15.01.30:252][190]LogAIModule: Creating AISystem for world Untitled_1
[2015.11.13-15.01.30:253][190]LogPlayLevel: PIE: World Init took: (0.000766s)
[2015.11.13-15.01.30:253][190]LogPlayLevel: PIE: Created PIE world by copying editor world from /Temp/Untitled_1.Untitled_1 to /Temp/UEDPIE_0_Untitled_1.Untitled_1 (0.002536s)
[2015.11.13-15.01.30:307][190]LogInit: XAudio2 using 'Speakers (4- High Definition Audio Device)' : 2 channels at 44.1 kHz using 16 bits per sample (channel mask 0x3)
[2015.11.13-15.01.30:312][190]LogInit: FAudioDevice initialized.
[2015.11.13-15.01.30:343][190]LogWorld: Game class is 'GameMode'
[2015.11.13-15.01.30:346][190]LogWorld: Bringing World /Temp/UEDPIE_0_Untitled_1.Untitled_1 up for play (max tick rate 0) at 2015.11.13-16.01.30
[2015.11.13-15.01.30:346][190]LogActor:Warning: GameSession /Temp/UEDPIE_0_Untitled_1.Untitled_1:PersistentLevel.GameSession_2 has natively added scene component(s), but none of them were set as the actor's RootComponent - picking one arbitrarily
[2015.11.13-15.01.30:346][190]LogActor:Warning: GameNetworkManager /Temp/UEDPIE_0_Untitled_1.Untitled_1:PersistentLevel.GameNetworkManager_2 has natively added scene component(s), but none of them were set as the actor's RootComponent - picking one arbitrarily
[2015.11.13-15.01.30:346][190]LogWorld: Bringing up level for play took: 0.001545
[2015.11.13-15.01.31:151][190]LogCrashTracker: 


[2015.11.13-15.01.31:159][190]LogCrashTracker: 


[2015.11.13-15.01.31:159][190]LogWindows: === Critical error: ===
Fatal error!



[2015.11.13-15.01.31:255][190]LogExit: Executing StaticShutdownAfterError
[2015.11.13-15.01.31:260][190]LogPhysics:Warning: PHYSX: ..\..\PhysX\src\NpScene.cpp (2946) 8 : PxScene::unlockWrite() called without matching call to PxScene::lockWrite(), behaviour will be undefined.
[2015.11.13-15.01.31:260][190]LogPhysics:Warning: PHYSX: ..\..\PhysX\src\NpScene.cpp (2946) 8 : PxScene::unlockWrite() called without matching call to PxScene::lockWrite(), behaviour will be undefined.
[2015.11.13-15.01.31:260][190]LogPhysics:Warning: PHYSX: ..\..\PhysX\src\NpScene.cpp (2946) 8 : PxScene::unlockWrite() called without matching call to PxScene::lockWrite(), behaviour will be undefined.
[2015.11.13-15.01.31:261][190]LogPhysics:Warning: PHYSX: ..\..\PhysX\src\NpScene.cpp (2946) 8 : PxScene::unlockWrite() called without matching call to PxScene::lockWrite(), behaviour will be undefined.
[2015.11.13-15.01.31:261][190]LogPhysics:Warning: PHYSX: ..\..\PhysX\src\NpScene.cpp (2946) 8 : PxScene::unlockWrite() called without matching call to PxScene::lockWrite(), behaviour will be undefined.
[2015.11.13-15.01.31:261][190]LogPhysics:Warning: PHYSX: ..\..\PhysX\src\NpScene.cpp (2946) 8 : PxScene::unlockWrite() called without matching call to PxScene::lockWrite(), behaviour will be undefined.
[2015.11.13-15.01.31:261][190]LogWindows: FPlatformMisc::RequestExit(1)
[2015.11.13-15.01.31:261][190]Log file closed, 11/13/15 16:01:31
