[2015.11.06-12.27.56:610][  0]Log file open, 11/06/15 13:27:56
[2015.11.06-12.27.56:610][  0]LogInit:Display: Running engine for game: SpaceGame
[2015.11.06-12.27.56:610][  0]LogInit:Display: RandInit(408265771) SRandInit(408265771).
[2015.11.06-12.27.56:610][  0]LogTaskGraph: Started task graph with 4 named threads and 7 total threads.
[2015.11.06-12.27.56:610][  0]LogStats: Stats thread started at 0.070975
[2015.11.06-12.27.56:610][  0]LogInit: Version: 4.9.2-2707645+++depot+UE4-Releases+4.9
[2015.11.06-12.27.56:610][  0]LogInit: API Version: 2672455
[2015.11.06-12.27.56:610][  0]LogInit: Compiled (64-bit): Sep 28 2015 10:25:44
[2015.11.06-12.27.56:610][  0]LogInit: Compiled with Visual C++: 18.00.21005.01
[2015.11.06-12.27.56:610][  0]LogInit: Build Configuration: Development
[2015.11.06-12.27.56:610][  0]LogInit: Branch Name: ++depot+UE4-Releases+4.9
[2015.11.06-12.27.56:610][  0]LogInit: Command line:  
[2015.11.06-12.27.56:610][  0]LogInit: Base directory: C:/Program Files/Epic Games/4.9/Engine/Binaries/Win64/
[2015.11.06-12.27.56:610][  0]LogInit: Rocket: 1
[2015.11.06-12.27.56:617][  0]LogInit: Using libcurl 7.41.0
[2015.11.06-12.27.56:617][  0]LogInit:  - built for x86_64-pc-win32
[2015.11.06-12.27.56:617][  0]LogInit:  - supports SSL with WinSSL
[2015.11.06-12.27.56:617][  0]LogInit:  - other features:
[2015.11.06-12.27.56:617][  0]LogInit:      CURL_VERSION_SSL
[2015.11.06-12.27.56:617][  0]LogInit:      CURL_VERSION_IPV6
[2015.11.06-12.27.56:617][  0]LogInit:      CURL_VERSION_ASYNCHDNS
[2015.11.06-12.27.56:617][  0]LogInit:      CURL_VERSION_LARGEFILE
[2015.11.06-12.27.56:617][  0]LogInit:      CURL_VERSION_IDN
[2015.11.06-12.27.56:617][  0]LogInit:  CurlRequestOptions (configurable via config and command line):
[2015.11.06-12.27.56:617][  0]LogInit:  - bVerifyPeer = true  - Libcurl will verify peer certificate
[2015.11.06-12.27.56:617][  0]LogInit:  - bUseHttpProxy = false  - Libcurl will NOT use HTTP proxy
[2015.11.06-12.27.56:617][  0]LogInit:  - bDontReuseConnections = false  - Libcurl will reuse connections
[2015.11.06-12.27.56:617][  0]LogInit:  - CertBundlePath = nullptr  - Libcurl will use whatever was configured at build time.
[2015.11.06-12.27.56:622][  0]LogInit: Presizing for 0 objects not considered by GC, pre-allocating 0 bytes.
[2015.11.06-12.27.56:628][  0]LogInit: Object subsystem initialized
[2015.11.06-12.27.56:629][  0]LogInit: Selected Device Profile: [Windows]
[2015.11.06-12.27.56:629][  0]LogInit: Applying CVar settings loaded from the selected device profile: [Windows]
[2015.11.06-12.27.56:636][  0]LogInit: Computer: SpellabbA332-11
[2015.11.06-12.27.56:636][  0]LogInit: User: Spellabbet
[2015.11.06-12.27.56:636][  0]LogInit: CPU Page size=4096, Cores=4
[2015.11.06-12.27.56:636][  0]LogInit: High frequency timer resolution =3.507524 MHz
[2015.11.06-12.27.56:636][  0]LogMemory: Memory total: Physical=15.9GB (16GB approx)
[2015.11.06-12.27.56:636][  0]LogMemory: Platform Memory Stats for Windows
[2015.11.06-12.27.56:636][  0]LogMemory: Process Physical Memory: 52.11 MB used, 52.11 MB peak
[2015.11.06-12.27.56:636][  0]LogMemory: Process Virtual Memory: 56.00 MB used, 56.00 MB peak
[2015.11.06-12.27.56:636][  0]LogMemory: Physical Memory: 5610.41 MB used, 16318.82 MB total
[2015.11.06-12.27.56:636][  0]LogMemory: Virtual Memory: 348.31 MB used, 134217728.00 MB total
[2015.11.06-12.27.56:663][  0]LogTextLocalizationManager: No translations for ('sv-SE') exist, falling back to 'en' for localization and internationalization data.
[2015.11.06-12.27.57:315][  0]LogD3D11RHI: Found D3D11 adapter 0: NVIDIA GeForce GTX 960 (Feature Level 11_0)
[2015.11.06-12.27.57:315][  0]LogD3D11RHI: Adapter has 1965MB of dedicated video memory, 0MB of dedicated system memory, and 2048MB of shared system memory, 1 output[s]
[2015.11.06-12.27.57:316][  0]LogD3D11RHI: Found D3D11 adapter 1: Microsoft Basic Render Driver (Feature Level 11_0)
[2015.11.06-12.27.57:316][  0]LogD3D11RHI: Adapter has 0MB of dedicated video memory, 0MB of dedicated system memory, and 256MB of shared system memory, 0 output[s]
[2015.11.06-12.27.57:316][  0]LogD3D11RHI: Chosen D3D11 Adapter Id = 0
[2015.11.06-12.27.57:318][  0]LogD3D11RHI: !Direct3DDevice
[2015.11.06-12.27.57:318][  0]LogRHI: Texture pool is 1361 MB (70% of 1945 MB)
[2015.11.06-12.27.57:327][  0]LogD3D11RHI: Async texture creation enabled
[2015.11.06-12.27.57:342][  0]LogShaderCompilers: Guid format shader working directory is 15 characters bigger than the processId version (../../../../../../Unreal project/SpaceGame/Project/SpaceGame/Intermediate/Shaders/WorkingDirectory/5956/).
[2015.11.06-12.27.57:342][  0]LogShaderCompilers: Cleaned the shader compiler working directory '../../../../../../Unreal project/SpaceGame/Project/SpaceGame/Intermediate/Shaders/tmp/2E9C897A415DC43A67D37D86EAFDFF97/'.
[2015.11.06-12.27.57:342][  0]LogShaderCompilers:Display: Using Local Shader Compiler.
[2015.11.06-12.27.58:291][  0]LogTemp:Display: Loaded TP AllDesktopTargetPlatform
[2015.11.06-12.27.58:295][  0]LogTemp:Display: Loaded TP WindowsClientTargetPlatform
[2015.11.06-12.27.58:299][  0]LogTemp:Display: Loaded TP WindowsNoEditorTargetPlatform
[2015.11.06-12.27.58:303][  0]LogTemp:Display: Loaded TP WindowsServerTargetPlatform
[2015.11.06-12.27.58:307][  0]LogTemp:Display: Loaded TP WindowsTargetPlatform
[2015.11.06-12.27.58:310][  0]LogTemp:Display: Loaded TP AndroidTargetPlatform
[2015.11.06-12.27.58:312][  0]LogTemp:Display: Loaded TP Android_ASTCTargetPlatform
[2015.11.06-12.27.58:315][  0]LogTemp:Display: Loaded TP Android_ATCTargetPlatform
[2015.11.06-12.27.58:318][  0]LogTemp:Display: Loaded TP Android_DXTTargetPlatform
[2015.11.06-12.27.58:320][  0]LogTemp:Display: Loaded TP Android_ETC1TargetPlatform
[2015.11.06-12.27.58:323][  0]LogTemp:Display: Loaded TP Android_ETC2TargetPlatform
[2015.11.06-12.27.58:326][  0]LogTemp:Display: Loaded TP Android_PVRTCTargetPlatform
[2015.11.06-12.27.58:326][  0]LogTemp:Display: Loaded TP HTML5TargetPlatform
[2015.11.06-12.27.58:342][  0]LogTemp:Display: Loaded TP IOSTargetPlatform
[2015.11.06-12.27.58:344][  0]LogTemp:Display: Loaded TP LinuxNoEditorTargetPlatform
[2015.11.06-12.27.58:347][  0]LogTemp:Display: Loaded TP LinuxServerTargetPlatform
[2015.11.06-12.27.58:350][  0]LogTemp:Display: Loaded TP LinuxTargetPlatform
[2015.11.06-12.27.58:351][  0]LogTargetPlatformManager:Display: Building Assets For Windows
[2015.11.06-12.27.58:415][  0]LogDerivedDataCache:Display: Max Cache Size: 512 MB
[2015.11.06-12.27.58:450][  0]LogDerivedDataCache: Loaded boot cache 0.04s 41MB C:/Users/Spellabbet/AppData/Local/UnrealEngine/4.9/DerivedDataCache/Boot.ddc.
[2015.11.06-12.27.58:450][  0]LogDerivedDataCache:Display: Loaded Boot cache: C:/Users/Spellabbet/AppData/Local/UnrealEngine/4.9/DerivedDataCache/Boot.ddc
[2015.11.06-12.27.58:450][  0]LogDerivedDataCache: FDerivedDataBackendGraph:  Pak pak cache file ../../../../../../Unreal project/SpaceGame/Project/SpaceGame/DerivedDataCache/DDC.ddp not found, will not use a pak cache.
[2015.11.06-12.27.58:450][  0]LogDerivedDataCache: Unable to find inner node Pak for hierarchical cache Hierarchy.
[2015.11.06-12.27.58:450][  0]LogDerivedDataCache: FDerivedDataBackendGraph:  CompressedPak pak cache file ../../../../../../Unreal project/SpaceGame/Project/SpaceGame/DerivedDataCache/Compressed.ddp not found, will not use a pak cache.
[2015.11.06-12.27.58:450][  0]LogDerivedDataCache: Unable to find inner node CompressedPak for hierarchical cache Hierarchy.
[2015.11.06-12.27.58:564][  0]LogDerivedDataCache:Display: Pak cache opened for reading ../../../Engine/DerivedDataCache/Compressed.ddp.
[2015.11.06-12.27.58:576][  0]LogDerivedDataCache: Using Local data cache path C:/Users/Spellabbet/AppData/Local/UnrealEngine/Common/DerivedDataCache: Writable
[2015.11.06-12.27.58:725][  0]LogInit: Selected Device Profile: [Windows]
[2015.11.06-12.27.58:728][  0]LogContentStreaming: Texture pool size is 0.000000MB
[2015.11.06-12.27.58:824][  0]LogMeshUtilities: No automatic mesh reduction module available
[2015.11.06-12.27.58:824][  0]LogMeshUtilities: No automatic mesh merging module available
[2015.11.06-12.27.59:009][  0]LogInit: WinSock: version 1.1 (2.2), MaxSocks=32767, MaxUdp=65467
[2015.11.06-12.27.59:560][  0]UdpMessaging: Initializing bridge on interface 0.0.0.0:0 to multicast group 230.0.0.1:6666.
[2015.11.06-12.27.59:657][  0]LogAssetRegistry: FAssetRegistry took 0.0111 seconds to start up
[2015.11.06-12.27.59:779][  0]SourceControl: Info Source control is disabled
[2015.11.06-12.27.59:787][  0]SourceControl: Info Source control is disabled
[2015.11.06-12.27.59:794][  0]SourceControl: Info Source control is disabled
[2015.11.06-12.27.59:802][  0]SourceControl: Info Source control is disabled
[2015.11.06-12.27.59:904][  0]LogLinker:Warning: Asset '../../../Engine/Plugins/Runtime/LeapMotionController/Content/LM_PassthroughMaterial.uasset' has been saved with empty engine version. The asset will be loaded but may be incompatible.
[2015.11.06-12.27.59:962][  0]LogObj: 28369 objects as part of root set at end of initial load.
[2015.11.06-12.27.59:962][  0]LogUObjectAllocator: 6043592 out of 0 bytes used by permanent object pool.
[2015.11.06-12.28.00:009][  0]LogEngine: Initializing Engine...
[2015.11.06-12.28.00:011][  0]LogHMD: Can't find Oculus library dev build: is proper Runtime installed? Version: 0.7.0.0
[2015.11.06-12.28.00:012][  0]LogHMD: SteamVR failed to initialize.  Err: 110
[2015.11.06-12.28.00:108][  0]LogAIModule: Creating AISystem for world NewWorld
[2015.11.06-12.28.00:112][  0]LogInit: XAudio2 using 'Speakers (4- High Definition Audio Device)' : 2 channels at 44.1 kHz using 16 bits per sample (channel mask 0x3)
[2015.11.06-12.28.00:123][  0]LogInit: FAudioDevice initialized.
[2015.11.06-12.28.00:140][  0]LogDerivedDataCache: Saved boot cache 0.02s 41MB C:/Users/Spellabbet/AppData/Local/UnrealEngine/4.9/DerivedDataCache/Boot.ddc.
[2015.11.06-12.28.00:143][  0]LogInit: Texture streaming: Enabled
[2015.11.06-12.28.00:147][  0]LogAnalytics: Creating configured Analytics provider AnalyticsET
[2015.11.06-12.28.00:147][  0]LogAnalytics: [UEEditor.Rocket.Release] APIServer = http://et2.epicgames.com/ET2/. AppVersion = 4.9.2-2707645+++depot+UE4-Releases+4.9
[2015.11.06-12.28.00:147][  0]LogAnalytics: [UEEditor.Rocket.Release] SetUserId 634ab0cb456977c100e99f821f1d4277|7ebf86fc13e44331864479a64887c1c8|060e5e79-a789-49c4-8abd-5d8b330400a7
[2015.11.06-12.28.00:147][  0]LogAnalytics: [UEEditor.Rocket.Release] AnalyticsET::StartSession
[2015.11.06-12.28.00:164][  0]LogInit: Transaction tracking system initialized
[2015.11.06-12.28.00:184][  0]BlueprintLog: New page: Editor Load
[2015.11.06-12.28.00:242][  0]LocalizationService: Info Localization service is disabled
[2015.11.06-12.28.00:295][  0]LogConsoleResponse:Display: 
[2015.11.06-12.28.00:382][  0]LogCook:Display: Done creating registry. It took  0.00s.
[2015.11.06-12.28.00:421][  0]LogFileCache: Scanning file cache for directory 'C:/Unreal project/SpaceGame/Project/SpaceGame/Content/' took 0.01s
[2015.11.06-12.28.00:421][  0]SourceControl: Info Source control is disabled
[2015.11.06-12.28.00:421][  0]Cmd: MAP LOAD FILE="../../../Engine/Content/Maps/Templates/Template_Default.umap" TEMPLATE=1 SHOWPROGRESS=1 FEATURELEVEL=3
[2015.11.06-12.28.00:422][  0]LightingResults: New page: Lighting Build
[2015.11.06-12.28.00:424][  0]MapCheck: New page: Map Check
[2015.11.06-12.28.00:424][  0]LightingResults: New page: Lighting Build
[2015.11.06-12.28.00:434][  0]LogParticles: Destroying 0 GPU particle simulations for FXSystem 0x000000CBE2AADC60
[2015.11.06-12.28.00:625][  0]LogAIModule: Creating AISystem for world Untitled_1
[2015.11.06-12.28.00:628][  0]LogEditorServer: Finished looking for orphan Actors (0.000 secs)
[2015.11.06-12.28.00:632][  0]Cmd: MAP CHECKDEP NOCLEARLOG
[2015.11.06-12.28.00:662][  0]MapCheck: Info Map check complete: 0 Error(s), 0 Warning(s), took 29.81ms to complete.
[2015.11.06-12.28.00:662][  0]LogFileHelpers: Loading map 'Template_Default' took 0.241
[2015.11.06-12.28.00:749][  0]LogCollectionManager: Loaded 0 collections in 0.001717 seconds
[2015.11.06-12.28.00:794][  0]LogFileCache: Scanning file cache for directory 'C:/Unreal project/SpaceGame/Project/SpaceGame/Saved/Collections/' took 0.01s
[2015.11.06-12.28.00:794][  0]LogFileCache: Scanning file cache for directory 'C:/Unreal project/SpaceGame/Project/SpaceGame/Content/Developers/Spellabbet/Collections/' took 0.01s
[2015.11.06-12.28.00:794][  0]LogFileCache: Scanning file cache for directory 'C:/Unreal project/SpaceGame/Project/SpaceGame/Content/Collections/' took 0.01s
[2015.11.06-12.28.00:794][  0]LogContentBrowser: Native class hierarchy populated in 0.0114 seconds. Added 1870 classes and 335 folders.
[2015.11.06-12.28.00:800][  0]LogCollectionManager: Rebuilt the GUID cache for 0 collections in 0.000003 seconds
[2015.11.06-12.28.00:807][  0]LogContentBrowser: Native class hierarchy updated for 'WidgetCarousel' in 0.0008 seconds. Added 0 classes and 0 folders.
[2015.11.06-12.28.00:843][  0]LogContentBrowser: Native class hierarchy updated for 'AddContentDialog' in 0.0012 seconds. Added 0 classes and 0 folders.
[2015.11.06-12.28.00:848][  0]LogContentBrowser: Native class hierarchy updated for 'SceneOutliner' in 0.0010 seconds. Added 1 classes and 2 folders.
[2015.11.06-12.28.00:870][  0]LogCrashTracker: Crashtracker disabled due to settings.
[2015.11.06-12.28.00:874][  0]LogUObjectGlobals:Warning: Failed to find object 'Class None.'
[2015.11.06-12.28.00:896][  0]LogLoad: Full Startup: 4.95 seconds (BP compile: 0.03 seconds)
[2015.11.06-12.28.01:293][  0]LogContentStreaming: Texture pool size now 1000 MB
[2015.11.06-12.28.01:409][  0]LogRenderer: Reallocating scene render targets to support 1208x576 (Frame:2).
[2015.11.06-12.28.01:915][  2]LogAssetRegistry: Asset discovery search completed in 2.2699 seconds
[2015.11.06-12.28.01:915][  2]LogCollectionManager: Rebuilt the object cache for 0 collections in 0.000001 seconds (found 0 objects)
[2015.11.06-12.28.01:915][  2]LogCollectionManager: Fixed up redirectors for 0 collections in 0.000018 seconds (updated 0 objects)
[2015.11.06-12.28.02:615][  8]LogEditorViewport: Clicking on Actor (LMB): StaticMeshActor (Floor)
[2015.11.06-12.28.05:319][321]LogEditor: Attempting to add actor of class 'Star' to level at -780.00,-390.00,350.00
[2015.11.06-12.28.05:649][360]LogEditor: Attempting to add actor of class 'Star' to level at -590.00,-340.00,450.00
[2015.11.06-12.35.10:036][789]Recompiling SpaceGame...
[2015.11.06-12.35.10:036][789]Launching UnrealBuildTool... [C:/Program Files/Epic Games/4.9/Engine/Binaries/DotNET/UnrealBuildTool.exe SpaceGame -ModuleWithSuffix SpaceGame 5410 Win64 Development -editorrecompile -canskiplink "C:/Unreal project/SpaceGame/Project/SpaceGame/SpaceGame.uproject" -rocket  -rocket]
[2015.11.06-12.35.10:037][789]Warning: Starting HotReload took  0.0s.
[2015.11.06-12.35.12:316][ 43]CompilerResultsLog: New page: Compilation - Nov 6, 2015, 2:35:12 PM
[2015.11.06-12.35.12:316][ 43]CompilerResultsLog: Info Compiling game modules for hot reload
[2015.11.06-12.35.12:316][ 43]CompilerResultsLog: Info Performing 2 actions (4 in parallel)
[2015.11.06-12.35.12:316][ 43]CompilerResultsLog: Info Star.cpp
[2015.11.06-12.35.12:317][ 43]CompilerResultsLog:Error: Error C:\Unreal project\SpaceGame\Project\SpaceGame\Source\SpaceGame\Star.cpp(38)  : error C2440: '=' : cannot convert from 'AActor *' to 'AFleet *'
[2015.11.06-12.35.12:317][ 43]CompilerResultsLog: Info         Cast from base to derived requires dynamic_cast or static_cast
[2015.11.06-12.35.12:317][ 43]CompilerResultsLog: Info -------- End Detailed Actions Stats -----------------------------------------------------------
[2015.11.06-12.35.12:317][ 43]CompilerResultsLog: Info ERROR: UBT ERROR: Failed to produce item: C:\Unreal project\SpaceGame\Project\SpaceGame\Binaries\Win64\UE4Editor-SpaceGame-5410.dll
[2015.11.06-12.35.12:317][ 43]CompilerResultsLog: Info Total build time: 2,25 seconds
[2015.11.06-12.35.12:317][ 43]LogMainFrame: MainFrame: Module compiling took 2.283 seconds
[2015.11.06-12.35.12:317][ 43]Warning: HotReload failed, recompile failed
[2015.11.06-12.37.22:472][201]Recompiling SpaceGame...
[2015.11.06-12.37.22:472][201]Launching UnrealBuildTool... [C:/Program Files/Epic Games/4.9/Engine/Binaries/DotNET/UnrealBuildTool.exe SpaceGame -ModuleWithSuffix SpaceGame 6687 Win64 Development -editorrecompile -canskiplink "C:/Unreal project/SpaceGame/Project/SpaceGame/SpaceGame.uproject" -rocket  -rocket]
[2015.11.06-12.37.22:473][201]Warning: Starting HotReload took  0.0s.
[2015.11.06-12.37.25:440][538]CompilerResultsLog: New page: Compilation - Nov 6, 2015, 2:37:25 PM
[2015.11.06-12.37.25:440][538]CompilerResultsLog: Info Compiling game modules for hot reload
[2015.11.06-12.37.25:440][538]CompilerResultsLog: Info Performing 2 actions (4 in parallel)
[2015.11.06-12.37.25:440][538]CompilerResultsLog: Info Star.cpp
[2015.11.06-12.37.25:440][538]CompilerResultsLog: Info [2/2] Link UE4Editor-SpaceGame-6687.dll
[2015.11.06-12.37.25:440][538]CompilerResultsLog: Info    Creating library C:\Unreal project\SpaceGame\Project\SpaceGame\Intermediate/Build/Win64\UE4Editor\Development\UE4Editor-SpaceGame-6687.lib and object C:\Unreal project\SpaceGame\Project\SpaceGame\Intermediate/Build/Win64\UE4Editor\Development\UE4Editor-SpaceGame-6687.exp
[2015.11.06-12.37.25:440][538]CompilerResultsLog: Info -------- End Detailed Actions Stats -----------------------------------------------------------
[2015.11.06-12.37.25:440][538]CompilerResultsLog: Info Total build time: 2,94 seconds
[2015.11.06-12.37.25:440][538]LogMainFrame: MainFrame: Module compiling took 2.970 seconds
[2015.11.06-12.37.25:541][538]LogContentBrowser: Native class hierarchy updated for 'SpaceGame' in 0.0008 seconds. Added 3 classes and 2 folders.
[2015.11.06-12.37.25:542][538]Warning: HotReload successful (0 functions remapped  0 scriptstructs remapped)
[2015.11.06-12.37.25:584][538]LogContentBrowser: Native class hierarchy populated in 0.0070 seconds. Added 1871 classes and 337 folders.
[2015.11.06-12.37.28:846][927]LogPlayLevel: PlayLevel: No blueprints needed recompiling
[2015.11.06-12.37.28:846][927]PIE: New page: PIE session: Untitled_1 (Nov 6, 2015, 2:37:28 PM)
[2015.11.06-12.37.28:846][927]LogPlayLevel: Creating play world package: /Temp/UEDPIE_0_Untitled_1
[2015.11.06-12.37.28:847][927]LogPlayLevel: PIE: StaticDuplicateObject took: (0.001171s)
[2015.11.06-12.37.28:849][927]LogAIModule: Creating AISystem for world Untitled_1
[2015.11.06-12.37.28:849][927]LogPlayLevel: PIE: World Init took: (0.001413s)
[2015.11.06-12.37.28:849][927]LogPlayLevel: PIE: Created PIE world by copying editor world from /Temp/Untitled_1.Untitled_1 to /Temp/UEDPIE_0_Untitled_1.Untitled_1 (0.002935s)
[2015.11.06-12.37.28:863][927]LogInit: XAudio2 using 'Speakers (4- High Definition Audio Device)' : 2 channels at 44.1 kHz using 16 bits per sample (channel mask 0x3)
[2015.11.06-12.37.28:868][927]LogInit: FAudioDevice initialized.
[2015.11.06-12.37.28:912][927]LogWorld: Game class is 'GameMode'
[2015.11.06-12.37.28:914][927]LogWorld: Bringing World /Temp/UEDPIE_0_Untitled_1.Untitled_1 up for play (max tick rate 0) at 2015.11.06-13.37.28
[2015.11.06-12.37.28:914][927]LogActor:Warning: GameSession /Temp/UEDPIE_0_Untitled_1.Untitled_1:PersistentLevel.GameSession_0 has natively added scene component(s), but none of them were set as the actor's RootComponent - picking one arbitrarily
[2015.11.06-12.37.28:914][927]LogActor:Warning: GameNetworkManager /Temp/UEDPIE_0_Untitled_1.Untitled_1:PersistentLevel.GameNetworkManager_0 has natively added scene component(s), but none of them were set as the actor's RootComponent - picking one arbitrarily
[2015.11.06-12.37.28:914][927]LogWorld: Bringing up level for play took: 0.001448
[2015.11.06-12.37.28:916][927]PIE: Info Play in editor start time for /Temp/UEDPIE_0_Untitled_1 -0.149
[2015.11.06-12.37.31:830][276]LogTemp:Warning: hejsan
[2015.11.06-12.37.39:388][176]LogTemp:Warning: hejsan
[2015.11.06-12.37.42:389][536]LogTemp:Warning: hejsan
[2015.11.06-12.37.44:954][838]LogParticles: Destroying 0 GPU particle simulations for FXSystem 0x000000CB918C0A40
[2015.11.06-12.38.10:071][103]Recompiling SpaceGame...
[2015.11.06-12.38.10:071][103]Launching UnrealBuildTool... [C:/Program Files/Epic Games/4.9/Engine/Binaries/DotNET/UnrealBuildTool.exe SpaceGame -ModuleWithSuffix SpaceGame 9664 Win64 Development -editorrecompile -canskiplink "C:/Unreal project/SpaceGame/Project/SpaceGame/SpaceGame.uproject" -rocket  -rocket]
[2015.11.06-12.38.10:072][103]Warning: Starting HotReload took  0.0s.
[2015.11.06-12.38.12:983][433]CompilerResultsLog: New page: Compilation - Nov 6, 2015, 2:38:12 PM
[2015.11.06-12.38.12:983][433]CompilerResultsLog: Info Compiling game modules for hot reload
[2015.11.06-12.38.12:983][433]CompilerResultsLog: Info Performing 2 actions (4 in parallel)
[2015.11.06-12.38.12:983][433]CompilerResultsLog: Info Star.cpp
[2015.11.06-12.38.12:983][433]CompilerResultsLog: Info [2/2] Link UE4Editor-SpaceGame-9664.dll
[2015.11.06-12.38.12:983][433]CompilerResultsLog: Info    Creating library C:\Unreal project\SpaceGame\Project\SpaceGame\Intermediate/Build/Win64\UE4Editor\Development\UE4Editor-SpaceGame-9664.lib and object C:\Unreal project\SpaceGame\Project\SpaceGame\Intermediate/Build/Win64\UE4Editor\Development\UE4Editor-SpaceGame-9664.exp
[2015.11.06-12.38.12:983][433]CompilerResultsLog: Info -------- End Detailed Actions Stats -----------------------------------------------------------
[2015.11.06-12.38.12:983][433]CompilerResultsLog: Info Total build time: 2,88 seconds
[2015.11.06-12.38.12:983][433]LogMainFrame: MainFrame: Module compiling took 2.914 seconds
[2015.11.06-12.38.13:031][433]LogContentBrowser: Native class hierarchy updated for 'SpaceGame' in 0.0008 seconds. Added 3 classes and 2 folders.
[2015.11.06-12.38.13:033][433]Warning: HotReload successful (0 functions remapped  0 scriptstructs remapped)
[2015.11.06-12.38.13:075][433]LogContentBrowser: Native class hierarchy populated in 0.0067 seconds. Added 1871 classes and 337 folders.
[2015.11.06-12.38.23:332][662]LogPlayLevel: PlayLevel: No blueprints needed recompiling
[2015.11.06-12.38.23:332][662]PIE: New page: PIE session: Untitled_1 (Nov 6, 2015, 2:38:23 PM)
[2015.11.06-12.38.23:332][662]LogPlayLevel: Creating play world package: /Temp/UEDPIE_0_Untitled_1
[2015.11.06-12.38.23:334][662]LogPlayLevel: PIE: StaticDuplicateObject took: (0.001393s)
[2015.11.06-12.38.23:335][662]LogAIModule: Creating AISystem for world Untitled_1
[2015.11.06-12.38.23:336][662]LogPlayLevel: PIE: World Init took: (0.001811s)
[2015.11.06-12.38.23:336][662]LogPlayLevel: PIE: Created PIE world by copying editor world from /Temp/Untitled_1.Untitled_1 to /Temp/UEDPIE_0_Untitled_1.Untitled_1 (0.003414s)
[2015.11.06-12.38.23:347][662]LogInit: XAudio2 using 'Speakers (4- High Definition Audio Device)' : 2 channels at 44.1 kHz using 16 bits per sample (channel mask 0x3)
[2015.11.06-12.38.23:352][662]LogInit: FAudioDevice initialized.
[2015.11.06-12.38.23:384][662]LogWorld: Game class is 'GameMode'
[2015.11.06-12.38.23:387][662]LogWorld: Bringing World /Temp/UEDPIE_0_Untitled_1.Untitled_1 up for play (max tick rate 0) at 2015.11.06-13.38.23
[2015.11.06-12.38.23:387][662]LogActor:Warning: GameSession /Temp/UEDPIE_0_Untitled_1.Untitled_1:PersistentLevel.GameSession_1 has natively added scene component(s), but none of them were set as the actor's RootComponent - picking one arbitrarily
[2015.11.06-12.38.23:387][662]LogActor:Warning: GameNetworkManager /Temp/UEDPIE_0_Untitled_1.Untitled_1:PersistentLevel.GameNetworkManager_1 has natively added scene component(s), but none of them were set as the actor's RootComponent - picking one arbitrarily
[2015.11.06-12.38.23:387][662]LogWorld: Bringing up level for play took: 0.001429
[2015.11.06-12.38.23:388][662]PIE: Info Play in editor start time for /Temp/UEDPIE_0_Untitled_1 0.323
[2015.11.06-12.38.24:583][800]LogParticles: Destroying 0 GPU particle simulations for FXSystem 0x000000CBEE2CC900
[2015.11.06-12.38.31:537][629]LogPlayLevel: PlayLevel: No blueprints needed recompiling
[2015.11.06-12.38.31:537][629]PIE: New page: PIE session: Untitled_1 (Nov 6, 2015, 2:38:31 PM)
[2015.11.06-12.38.31:537][629]LogPlayLevel: Creating play world package: /Temp/UEDPIE_0_Untitled_1
[2015.11.06-12.38.31:539][629]LogPlayLevel: PIE: StaticDuplicateObject took: (0.001384s)
[2015.11.06-12.38.31:540][629]LogAIModule: Creating AISystem for world Untitled_1
[2015.11.06-12.38.31:540][629]LogPlayLevel: PIE: World Init took: (0.000991s)
[2015.11.06-12.38.31:540][629]LogPlayLevel: PIE: Created PIE world by copying editor world from /Temp/Untitled_1.Untitled_1 to /Temp/UEDPIE_0_Untitled_1.Untitled_1 (0.002580s)
[2015.11.06-12.38.31:551][629]LogInit: XAudio2 using 'Speakers (4- High Definition Audio Device)' : 2 channels at 44.1 kHz using 16 bits per sample (channel mask 0x3)
[2015.11.06-12.38.31:555][629]LogInit: FAudioDevice initialized.
[2015.11.06-12.38.31:593][629]LogWorld: Game class is 'GameMode'
[2015.11.06-12.38.31:595][629]LogWorld: Bringing World /Temp/UEDPIE_0_Untitled_1.Untitled_1 up for play (max tick rate 0) at 2015.11.06-13.38.31
[2015.11.06-12.38.31:595][629]LogActor:Warning: GameSession /Temp/UEDPIE_0_Untitled_1.Untitled_1:PersistentLevel.GameSession_2 has natively added scene component(s), but none of them were set as the actor's RootComponent - picking one arbitrarily
[2015.11.06-12.38.31:595][629]LogActor:Warning: GameNetworkManager /Temp/UEDPIE_0_Untitled_1.Untitled_1:PersistentLevel.GameNetworkManager_2 has natively added scene component(s), but none of them were set as the actor's RootComponent - picking one arbitrarily
[2015.11.06-12.38.31:596][629]LogWorld: Bringing up level for play took: 0.001550
[2015.11.06-12.38.31:597][629]PIE: Info Play in editor start time for /Temp/UEDPIE_0_Untitled_1 0.532
[2015.11.06-12.38.34:522][980]LogTemp:Warning: hejsan
[2015.11.06-12.38.37:524][340]LogTemp:Warning: hejsan
[2015.11.06-12.38.40:524][700]LogTemp:Warning: hejsan
[2015.11.06-12.38.41:404][800]LogParticles: Destroying 0 GPU particle simulations for FXSystem 0x000000CBEE2CDA80
[2015.11.06-12.39.05:976][  1]Cmd: OBJ SAVEPACKAGE PACKAGE="/Temp/Untitled_1" FILE="../../../../../../Unreal project/SpaceGame/Project/SpaceGame/Saved/Autosaves/Temp/Untitled_1_Auto1.umap" SILENT=true AUTOSAVING=true KEEPDIRTY=false
[2015.11.06-12.39.05:996][  1]LogSavePackage: Save=17.104658ms
[2015.11.06-12.39.05:996][  1]LogSavePackage: Moving '../../../../../../Unreal project/SpaceGame/Project/SpaceGame/Saved/Untitled_1_Auto14ACC1EC24C474FBB0134978B5E0FE43F.tmp' to '../../../../../../Unreal project/SpaceGame/Project/SpaceGame/Saved/Autosaves/Temp/Untitled_1_Auto1.umap'
[2015.11.06-12.39.05:997][  1]LogSavePackage: Total save time: 21.132570ms
[2015.11.06-12.39.05:997][  1]LogSavePackage:Warning: Finished SavePackage ../../../../../../Unreal project/SpaceGame/Project/SpaceGame/Saved/Autosaves/Temp/Untitled_1_Auto1.umap
[2015.11.06-12.39.06:000][  1]LogFileHelpers: Editor autosave (incl. sublevels) for '/Temp/Untitled_1' took 0.037
[2015.11.06-12.39.06:000][  1]LogFileHelpers: Editor autosave (incl. sublevels) for all levels took 0.037
[2015.11.06-12.39.51:530][165]Recompiling SpaceGame...
[2015.11.06-12.39.51:530][165]Launching UnrealBuildTool... [C:/Program Files/Epic Games/4.9/Engine/Binaries/DotNET/UnrealBuildTool.exe SpaceGame -ModuleWithSuffix SpaceGame 5416 Win64 Development -editorrecompile -canskiplink "C:/Unreal project/SpaceGame/Project/SpaceGame/SpaceGame.uproject" -rocket  -rocket]
[2015.11.06-12.39.51:531][165]Warning: Starting HotReload took  0.0s.
[2015.11.06-12.39.53:754][413]CompilerResultsLog: New page: Compilation - Nov 6, 2015, 2:39:53 PM
[2015.11.06-12.39.53:754][413]CompilerResultsLog: Info Compiling game modules for hot reload
[2015.11.06-12.39.53:754][413]CompilerResultsLog: Info Performing 2 actions (4 in parallel)
[2015.11.06-12.39.53:754][413]CompilerResultsLog: Info Star.cpp
[2015.11.06-12.39.53:754][413]CompilerResultsLog:Error: Error C:\Unreal project\SpaceGame\Project\SpaceGame\Source\SpaceGame\Star.cpp(45)  : error C2065: 'L12' : undeclared identifier
[2015.11.06-12.39.53:754][413]CompilerResultsLog: Info -------- End Detailed Actions Stats -----------------------------------------------------------
[2015.11.06-12.39.53:754][413]CompilerResultsLog: Info ERROR: UBT ERROR: Failed to produce item: C:\Unreal project\SpaceGame\Project\SpaceGame\Binaries\Win64\UE4Editor-SpaceGame-5416.dll
[2015.11.06-12.39.53:754][413]CompilerResultsLog: Info Total build time: 2,19 seconds
[2015.11.06-12.39.53:754][413]LogMainFrame: MainFrame: Module compiling took 2.227 seconds
[2015.11.06-12.39.53:754][413]Warning: HotReload failed, recompile failed
[2015.11.06-12.40.11:165][715]Recompiling SpaceGame...
[2015.11.06-12.40.11:165][715]Launching UnrealBuildTool... [C:/Program Files/Epic Games/4.9/Engine/Binaries/DotNET/UnrealBuildTool.exe SpaceGame -ModuleWithSuffix SpaceGame 973 Win64 Development -editorrecompile -canskiplink "C:/Unreal project/SpaceGame/Project/SpaceGame/SpaceGame.uproject" -rocket  -rocket]
[2015.11.06-12.40.11:166][715]Warning: Starting HotReload took  0.0s.
[2015.11.06-12.40.13:383][962]CompilerResultsLog: New page: Compilation - Nov 6, 2015, 2:40:13 PM
[2015.11.06-12.40.13:383][962]CompilerResultsLog: Info Compiling game modules for hot reload
[2015.11.06-12.40.13:383][962]CompilerResultsLog: Info Performing 2 actions (4 in parallel)
[2015.11.06-12.40.13:383][962]CompilerResultsLog: Info Star.cpp
[2015.11.06-12.40.13:383][962]CompilerResultsLog:Error: Error C:\Unreal project\SpaceGame\Project\SpaceGame\Source\SpaceGame\Star.cpp(45)  : error C2338: Formatting string must be a TCHAR array.
[2015.11.06-12.40.13:383][962]CompilerResultsLog: Info -------- End Detailed Actions Stats -----------------------------------------------------------
[2015.11.06-12.40.13:383][962]CompilerResultsLog: Info ERROR: UBT ERROR: Failed to produce item: C:\Unreal project\SpaceGame\Project\SpaceGame\Binaries\Win64\UE4Editor-SpaceGame-973.dll
[2015.11.06-12.40.13:383][962]CompilerResultsLog: Info Total build time: 2,19 seconds
[2015.11.06-12.40.13:383][962]LogMainFrame: MainFrame: Module compiling took 2.220 seconds
[2015.11.06-12.40.13:383][962]Warning: HotReload failed, recompile failed
[2015.11.06-12.41.47:524][989]Recompiling SpaceGame...
[2015.11.06-12.41.47:524][989]Launching UnrealBuildTool... [C:/Program Files/Epic Games/4.9/Engine/Binaries/DotNET/UnrealBuildTool.exe SpaceGame -ModuleWithSuffix SpaceGame 8112 Win64 Development -editorrecompile -canskiplink "C:/Unreal project/SpaceGame/Project/SpaceGame/SpaceGame.uproject" -rocket  -rocket]
[2015.11.06-12.41.47:525][989]Warning: Starting HotReload took  0.0s.
[2015.11.06-12.41.49:795][242]CompilerResultsLog: New page: Compilation - Nov 6, 2015, 2:41:49 PM
[2015.11.06-12.41.49:795][242]CompilerResultsLog: Info Compiling game modules for hot reload
[2015.11.06-12.41.49:795][242]CompilerResultsLog: Info Performing 2 actions (4 in parallel)
[2015.11.06-12.41.49:795][242]CompilerResultsLog: Info Star.cpp
[2015.11.06-12.41.49:795][242]CompilerResultsLog:Error: Error C:\Unreal project\SpaceGame\Project\SpaceGame\Source\SpaceGame\Star.cpp(45)  : error C2065: 'Ltemp' : undeclared identifier
[2015.11.06-12.41.49:795][242]CompilerResultsLog: Info -------- End Detailed Actions Stats -----------------------------------------------------------
[2015.11.06-12.41.49:795][242]CompilerResultsLog: Info ERROR: UBT ERROR: Failed to produce item: C:\Unreal project\SpaceGame\Project\SpaceGame\Binaries\Win64\UE4Editor-SpaceGame-8112.dll
[2015.11.06-12.41.49:795][242]CompilerResultsLog: Info Total build time: 2,24 seconds
[2015.11.06-12.41.49:795][242]LogMainFrame: MainFrame: Module compiling took 2.273 seconds
[2015.11.06-12.41.49:795][242]Warning: HotReload failed, recompile failed
[2015.11.06-12.42.19:575][317]Recompiling SpaceGame...
[2015.11.06-12.42.19:575][317]Launching UnrealBuildTool... [C:/Program Files/Epic Games/4.9/Engine/Binaries/DotNET/UnrealBuildTool.exe SpaceGame -ModuleWithSuffix SpaceGame 7110 Win64 Development -editorrecompile -canskiplink "C:/Unreal project/SpaceGame/Project/SpaceGame/SpaceGame.uproject" -rocket  -rocket]
[2015.11.06-12.42.19:576][317]Warning: Starting HotReload took  0.0s.
[2015.11.06-12.42.21:773][562]CompilerResultsLog: New page: Compilation - Nov 6, 2015, 2:42:21 PM
[2015.11.06-12.42.21:773][562]CompilerResultsLog: Info Compiling game modules for hot reload
[2015.11.06-12.42.21:773][562]CompilerResultsLog: Info Performing 2 actions (4 in parallel)
[2015.11.06-12.42.21:773][562]CompilerResultsLog: Info Star.cpp
[2015.11.06-12.42.21:773][562]CompilerResultsLog:Error: Error C:\Unreal project\SpaceGame\Project\SpaceGame\Source\SpaceGame\Star.cpp(45)  : error C2065: 'Ltemp' : undeclared identifier
[2015.11.06-12.42.21:774][562]CompilerResultsLog: Info -------- End Detailed Actions Stats -----------------------------------------------------------
[2015.11.06-12.42.21:774][562]CompilerResultsLog: Info ERROR: UBT ERROR: Failed to produce item: C:\Unreal project\SpaceGame\Project\SpaceGame\Binaries\Win64\UE4Editor-SpaceGame-7110.dll
[2015.11.06-12.42.21:774][562]CompilerResultsLog: Info Total build time: 2,17 seconds
[2015.11.06-12.42.21:774][562]LogMainFrame: MainFrame: Module compiling took 2.200 seconds
[2015.11.06-12.42.21:774][562]Warning: HotReload failed, recompile failed
[2015.11.06-12.44.18:101][659]Recompiling SpaceGame...
[2015.11.06-12.44.18:101][659]Launching UnrealBuildTool... [C:/Program Files/Epic Games/4.9/Engine/Binaries/DotNET/UnrealBuildTool.exe SpaceGame -ModuleWithSuffix SpaceGame 2049 Win64 Development -editorrecompile -canskiplink "C:/Unreal project/SpaceGame/Project/SpaceGame/SpaceGame.uproject" -rocket  -rocket]
[2015.11.06-12.44.18:103][659]Warning: Starting HotReload took  0.0s.
[2015.11.06-12.44.20:353][911]CompilerResultsLog: New page: Compilation - Nov 6, 2015, 2:44:20 PM
[2015.11.06-12.44.20:353][911]CompilerResultsLog: Info Compiling game modules for hot reload
[2015.11.06-12.44.20:353][911]CompilerResultsLog: Info Performing 2 actions (4 in parallel)
[2015.11.06-12.44.20:353][911]CompilerResultsLog: Info Star.cpp
[2015.11.06-12.44.20:353][911]CompilerResultsLog:Error: Error C:\Unreal project\SpaceGame\Project\SpaceGame\Source\SpaceGame\Star.cpp(45)  : error C4002: too many actual parameters for macro 'TEXT'
[2015.11.06-12.44.20:353][911]CompilerResultsLog: Info -------- End Detailed Actions Stats -----------------------------------------------------------
[2015.11.06-12.44.20:353][911]CompilerResultsLog: Info ERROR: UBT ERROR: Failed to produce item: C:\Unreal project\SpaceGame\Project\SpaceGame\Binaries\Win64\UE4Editor-SpaceGame-2049.dll
[2015.11.06-12.44.20:353][911]CompilerResultsLog: Info Total build time: 2,22 seconds
[2015.11.06-12.44.20:353][911]LogMainFrame: MainFrame: Module compiling took 2.254 seconds
[2015.11.06-12.44.20:353][911]Warning: HotReload failed, recompile failed
[2015.11.06-12.45.24:130][959]Recompiling SpaceGame...
[2015.11.06-12.45.24:130][959]Launching UnrealBuildTool... [C:/Program Files/Epic Games/4.9/Engine/Binaries/DotNET/UnrealBuildTool.exe SpaceGame -ModuleWithSuffix SpaceGame 5318 Win64 Development -editorrecompile -canskiplink "C:/Unreal project/SpaceGame/Project/SpaceGame/SpaceGame.uproject" -rocket  -rocket]
[2015.11.06-12.45.24:131][959]Warning: Starting HotReload took  0.0s.
[2015.11.06-12.45.26:331][204]CompilerResultsLog: New page: Compilation - Nov 6, 2015, 2:45:26 PM
[2015.11.06-12.45.26:331][204]CompilerResultsLog: Info Compiling game modules for hot reload
[2015.11.06-12.45.26:331][204]CompilerResultsLog: Info Performing 2 actions (4 in parallel)
[2015.11.06-12.45.26:331][204]CompilerResultsLog: Info Star.cpp
[2015.11.06-12.45.26:331][204]CompilerResultsLog:Error: Error C:\Unreal project\SpaceGame\Project\SpaceGame\Source\SpaceGame\Star.cpp(45)  : error C4002: too many actual parameters for macro 'TEXT'
[2015.11.06-12.45.26:331][204]CompilerResultsLog: Info -------- End Detailed Actions Stats -----------------------------------------------------------
[2015.11.06-12.45.26:331][204]CompilerResultsLog: Info ERROR: UBT ERROR: Failed to produce item: C:\Unreal project\SpaceGame\Project\SpaceGame\Binaries\Win64\UE4Editor-SpaceGame-5318.dll
[2015.11.06-12.45.26:331][204]CompilerResultsLog: Info Total build time: 2,17 seconds
[2015.11.06-12.45.26:331][204]LogMainFrame: MainFrame: Module compiling took 2.204 seconds
[2015.11.06-12.45.26:331][204]Warning: HotReload failed, recompile failed
[2015.11.06-12.47.05:726][549]Recompiling SpaceGame...
[2015.11.06-12.47.05:726][549]Launching UnrealBuildTool... [C:/Program Files/Epic Games/4.9/Engine/Binaries/DotNET/UnrealBuildTool.exe SpaceGame -ModuleWithSuffix SpaceGame 7048 Win64 Development -editorrecompile -canskiplink "C:/Unreal project/SpaceGame/Project/SpaceGame/SpaceGame.uproject" -rocket  -rocket]
[2015.11.06-12.47.05:727][549]Warning: Starting HotReload took  0.0s.
[2015.11.06-12.47.15:233][671]CompilerResultsLog: New page: Compilation - Nov 6, 2015, 2:47:15 PM
[2015.11.06-12.47.15:234][671]CompilerResultsLog: Info Compiling game modules for hot reload
[2015.11.06-12.47.15:234][671]CompilerResultsLog: Info Parsing headers for SpaceGameEditor
[2015.11.06-12.47.15:234][671]CompilerResultsLog: Info   Running UnrealHeaderTool "C:/Unreal project/SpaceGame/Project/SpaceGame/SpaceGame.uproject" "C:\Unreal project\SpaceGame\Project\SpaceGame\Intermediate\Build\Win64\SpaceGameEditor\Development\UnrealHeaderTool.manifest" -LogCmds="loginit warning, logexit warning, logdatabase error" -rocket -installed
[2015.11.06-12.47.15:234][671]CompilerResultsLog: Info Reflection code generated for SpaceGameEditor in 7,133292 seconds
[2015.11.06-12.47.15:234][671]CompilerResultsLog: Info Performing 3 actions (4 in parallel)
[2015.11.06-12.47.15:234][671]CompilerResultsLog: Info Star.cpp
[2015.11.06-12.47.15:234][671]CompilerResultsLog: Info SpaceGame.generated.cpp
[2015.11.06-12.47.15:234][671]CompilerResultsLog:Error: Error c:\unreal project\spacegame\project\spacegame\source\spacegame\Star.h(27)  : error C2071: 'AStar::YourLog' : illegal storage class
[2015.11.06-12.47.15:234][671]CompilerResultsLog:Error: Error C:\Unreal project\SpaceGame\Project\SpaceGame\Source\SpaceGame\Star.cpp(45)  : error C4002: too many actual parameters for macro 'TEXT'
[2015.11.06-12.47.15:234][671]CompilerResultsLog:Error: Error C:\Unreal project\SpaceGame\Project\SpaceGame\Source\SpaceGame\Star.h(27)  : error C2071: 'AStar::YourLog' : illegal storage class
[2015.11.06-12.47.15:234][671]CompilerResultsLog: Info -------- End Detailed Actions Stats -----------------------------------------------------------
[2015.11.06-12.47.15:234][671]CompilerResultsLog: Info ERROR: UBT ERROR: Failed to produce item: C:\Unreal project\SpaceGame\Project\SpaceGame\Binaries\Win64\UE4Editor-SpaceGame-7048.dll
[2015.11.06-12.47.15:234][671]CompilerResultsLog: Info Total build time: 9,48 seconds
[2015.11.06-12.47.15:234][671]LogMainFrame: MainFrame: Module compiling took 9.510 seconds
[2015.11.06-12.47.15:234][671]Warning: HotReload failed, recompile failed
[2015.11.06-12.48.34:374][728]Recompiling SpaceGame...
[2015.11.06-12.48.34:374][728]Launching UnrealBuildTool... [C:/Program Files/Epic Games/4.9/Engine/Binaries/DotNET/UnrealBuildTool.exe SpaceGame -ModuleWithSuffix SpaceGame 6883 Win64 Development -editorrecompile -canskiplink "C:/Unreal project/SpaceGame/Project/SpaceGame/SpaceGame.uproject" -rocket  -rocket]
[2015.11.06-12.48.34:375][728]Warning: Starting HotReload took  0.0s.
[2015.11.06-12.48.36:592][975]CompilerResultsLog: New page: Compilation - Nov 6, 2015, 2:48:36 PM
[2015.11.06-12.48.36:592][975]CompilerResultsLog: Info Compiling game modules for hot reload
[2015.11.06-12.48.36:592][975]CompilerResultsLog: Info Performing 3 actions (4 in parallel)
[2015.11.06-12.48.36:592][975]CompilerResultsLog: Info SpaceGame.generated.cpp
[2015.11.06-12.48.36:592][975]CompilerResultsLog: Info Star.cpp
[2015.11.06-12.48.36:592][975]CompilerResultsLog:Error: Error c:\unreal project\spacegame\project\spacegame\source\spacegame\Star.h(27)  : error C2071: 'AStar::YourLog' : illegal storage class
[2015.11.06-12.48.36:592][975]CompilerResultsLog:Error: Error C:\Unreal project\SpaceGame\Project\SpaceGame\Source\SpaceGame\Star.h(27)  : error C2071: 'AStar::YourLog' : illegal storage class
[2015.11.06-12.48.36:592][975]CompilerResultsLog: Info -------- End Detailed Actions Stats -----------------------------------------------------------
[2015.11.06-12.48.36:592][975]CompilerResultsLog: Info ERROR: UBT ERROR: Failed to produce item: C:\Unreal project\SpaceGame\Project\SpaceGame\Binaries\Win64\UE4Editor-SpaceGame-6883.dll
[2015.11.06-12.48.36:592][975]CompilerResultsLog: Info Total build time: 2,19 seconds
[2015.11.06-12.48.36:592][975]LogMainFrame: MainFrame: Module compiling took 2.221 seconds
[2015.11.06-12.48.36:592][975]Warning: HotReload failed, recompile failed
[2015.11.06-12.49.06:338][803]Recompiling SpaceGame...
[2015.11.06-12.49.06:338][803]Launching UnrealBuildTool... [C:/Program Files/Epic Games/4.9/Engine/Binaries/DotNET/UnrealBuildTool.exe SpaceGame -ModuleWithSuffix SpaceGame 237 Win64 Development -editorrecompile -canskiplink "C:/Unreal project/SpaceGame/Project/SpaceGame/SpaceGame.uproject" -rocket  -rocket]
[2015.11.06-12.49.06:339][803]Warning: Starting HotReload took  0.0s.
[2015.11.06-12.49.17:895][169]CompilerResultsLog: New page: Compilation - Nov 6, 2015, 2:49:17 PM
[2015.11.06-12.49.17:896][169]CompilerResultsLog: Info Compiling game modules for hot reload
[2015.11.06-12.49.17:896][169]CompilerResultsLog: Info Parsing headers for SpaceGameEditor
[2015.11.06-12.49.17:896][169]CompilerResultsLog: Info   Running UnrealHeaderTool "C:/Unreal project/SpaceGame/Project/SpaceGame/SpaceGame.uproject" "C:\Unreal project\SpaceGame\Project\SpaceGame\Intermediate\Build\Win64\SpaceGameEditor\Development\UnrealHeaderTool.manifest" -LogCmds="loginit warning, logexit warning, logdatabase error" -rocket -installed
[2015.11.06-12.49.17:896][169]CompilerResultsLog: Info Reflection code generated for SpaceGameEditor in 8,3871967 seconds
[2015.11.06-12.49.17:896][169]CompilerResultsLog: Info Performing 3 actions (4 in parallel)
[2015.11.06-12.49.17:896][169]CompilerResultsLog: Info Star.cpp
[2015.11.06-12.49.17:896][169]CompilerResultsLog: Info SpaceGame.generated.cpp
[2015.11.06-12.49.17:896][169]CompilerResultsLog: Info [3/3] Link UE4Editor-SpaceGame-237.dll
[2015.11.06-12.49.17:896][169]CompilerResultsLog: Info    Creating library C:\Unreal project\SpaceGame\Project\SpaceGame\Intermediate/Build/Win64\UE4Editor\Development\UE4Editor-SpaceGame-237.lib and object C:\Unreal project\SpaceGame\Project\SpaceGame\Intermediate/Build/Win64\UE4Editor\Development\UE4Editor-SpaceGame-237.exp
[2015.11.06-12.49.17:896][169]CompilerResultsLog: Info -------- End Detailed Actions Stats -----------------------------------------------------------
[2015.11.06-12.49.17:896][169]CompilerResultsLog: Info Total build time: 11,53 seconds
[2015.11.06-12.49.17:896][169]LogMainFrame: MainFrame: Module compiling took 11.560 seconds
[2015.11.06-12.49.17:927][169]LogContentBrowser: Native class hierarchy updated for 'SpaceGame' in 0.0009 seconds. Added 3 classes and 2 folders.
[2015.11.06-12.49.17:928][169]Warning: HotReload successful (0 functions remapped  0 scriptstructs remapped)
[2015.11.06-12.49.17:971][169]LogContentBrowser: Native class hierarchy populated in 0.0068 seconds. Added 1871 classes and 337 folders.
[2015.11.06-12.49.19:072][300]LogPlayLevel: PlayLevel: No blueprints needed recompiling
[2015.11.06-12.49.19:072][300]PIE: New page: PIE session: Untitled_1 (Nov 6, 2015, 2:49:19 PM)
[2015.11.06-12.49.19:072][300]LogPlayLevel: Creating play world package: /Temp/UEDPIE_0_Untitled_1
[2015.11.06-12.49.19:073][300]LogPlayLevel: PIE: StaticDuplicateObject took: (0.001391s)
[2015.11.06-12.49.19:075][300]LogAIModule: Creating AISystem for world Untitled_1
[2015.11.06-12.49.19:075][300]LogPlayLevel: PIE: World Init took: (0.001531s)
[2015.11.06-12.49.19:075][300]LogPlayLevel: PIE: Created PIE world by copying editor world from /Temp/Untitled_1.Untitled_1 to /Temp/UEDPIE_0_Untitled_1.Untitled_1 (0.003133s)
[2015.11.06-12.49.19:089][300]LogInit: XAudio2 using 'Speakers (4- High Definition Audio Device)' : 2 channels at 44.1 kHz using 16 bits per sample (channel mask 0x3)
[2015.11.06-12.49.19:094][300]LogInit: FAudioDevice initialized.
[2015.11.06-12.49.19:132][300]LogWorld: Game class is 'GameMode'
[2015.11.06-12.49.19:134][300]LogWorld: Bringing World /Temp/UEDPIE_0_Untitled_1.Untitled_1 up for play (max tick rate 0) at 2015.11.06-13.49.19
[2015.11.06-12.49.19:134][300]LogActor:Warning: GameSession /Temp/UEDPIE_0_Untitled_1.Untitled_1:PersistentLevel.GameSession_3 has natively added scene component(s), but none of them were set as the actor's RootComponent - picking one arbitrarily
[2015.11.06-12.49.19:135][300]LogActor:Warning: GameNetworkManager /Temp/UEDPIE_0_Untitled_1.Untitled_1:PersistentLevel.GameNetworkManager_3 has natively added scene component(s), but none of them were set as the actor's RootComponent - picking one arbitrarily
[2015.11.06-12.49.19:135][300]LogWorld: Bringing up level for play took: 0.001636
[2015.11.06-12.49.19:136][300]PIE: Info Play in editor start time for /Temp/UEDPIE_0_Untitled_1 0.071
[2015.11.06-12.49.22:053][650]LogTemp:Warning: ヨË Text text text
[2015.11.06-12.49.25:062][ 10]LogTemp:Warning: 㨘Ë Text text text
[2015.11.06-12.49.27:890][344]LogParticles: Destroying 0 GPU particle simulations for FXSystem 0x000000CBF066ECA0
[2015.11.06-12.50.03:051][876]Recompiling SpaceGame...
[2015.11.06-12.50.03:051][876]Launching UnrealBuildTool... [C:/Program Files/Epic Games/4.9/Engine/Binaries/DotNET/UnrealBuildTool.exe SpaceGame -ModuleWithSuffix SpaceGame 9382 Win64 Development -editorrecompile -canskiplink "C:/Unreal project/SpaceGame/Project/SpaceGame/SpaceGame.uproject" -rocket  -rocket]
[2015.11.06-12.50.03:052][876]Warning: Starting HotReload took  0.0s.
[2015.11.06-12.50.04:066][977]LogPlayLevel: PlayLevel: No blueprints needed recompiling
[2015.11.06-12.50.04:066][977]PIE: New page: PIE session: Untitled_1 (Nov 6, 2015, 2:50:04 PM)
[2015.11.06-12.50.04:067][977]LogPlayLevel: Creating play world package: /Temp/UEDPIE_0_Untitled_1
[2015.11.06-12.50.04:068][977]LogPlayLevel: PIE: StaticDuplicateObject took: (0.001316s)
[2015.11.06-12.50.04:068][977]LogAIModule: Creating AISystem for world Untitled_1
[2015.11.06-12.50.04:069][977]LogPlayLevel: PIE: World Init took: (0.000658s)
[2015.11.06-12.50.04:069][977]LogPlayLevel: PIE: Created PIE world by copying editor world from /Temp/Untitled_1.Untitled_1 to /Temp/UEDPIE_0_Untitled_1.Untitled_1 (0.002172s)
[2015.11.06-12.50.04:082][977]LogInit: XAudio2 using 'Speakers (4- High Definition Audio Device)' : 2 channels at 44.1 kHz using 16 bits per sample (channel mask 0x3)
[2015.11.06-12.50.04:086][977]LogInit: FAudioDevice initialized.
[2015.11.06-12.50.04:123][977]LogWorld: Game class is 'GameMode'
[2015.11.06-12.50.04:124][977]LogWorld: Bringing World /Temp/UEDPIE_0_Untitled_1.Untitled_1 up for play (max tick rate 0) at 2015.11.06-13.50.04
[2015.11.06-12.50.04:124][977]LogActor:Warning: GameSession /Temp/UEDPIE_0_Untitled_1.Untitled_1:PersistentLevel.GameSession_4 has natively added scene component(s), but none of them were set as the actor's RootComponent - picking one arbitrarily
[2015.11.06-12.50.04:125][977]LogActor:Warning: GameNetworkManager /Temp/UEDPIE_0_Untitled_1.Untitled_1:PersistentLevel.GameNetworkManager_4 has natively added scene component(s), but none of them were set as the actor's RootComponent - picking one arbitrarily
[2015.11.06-12.50.04:125][977]LogWorld: Bringing up level for play took: 0.001426
[2015.11.06-12.50.04:126][977]PIE: Info Play in editor start time for /Temp/UEDPIE_0_Untitled_1 -0.938
[2015.11.06-12.50.05:993][201]CompilerResultsLog: New page: Compilation - Nov 6, 2015, 2:50:05 PM
[2015.11.06-12.50.05:993][201]CompilerResultsLog: Info Compiling game modules for hot reload
[2015.11.06-12.50.05:993][201]CompilerResultsLog: Info Performing 2 actions (4 in parallel)
[2015.11.06-12.50.05:993][201]CompilerResultsLog: Info Star.cpp
[2015.11.06-12.50.05:993][201]CompilerResultsLog: Info [2/2] Link UE4Editor-SpaceGame-9382.dll
[2015.11.06-12.50.05:993][201]CompilerResultsLog: Info    Creating library C:\Unreal project\SpaceGame\Project\SpaceGame\Intermediate/Build/Win64\UE4Editor\Development\UE4Editor-SpaceGame-9382.lib and object C:\Unreal project\SpaceGame\Project\SpaceGame\Intermediate/Build/Win64\UE4Editor\Development\UE4Editor-SpaceGame-9382.exp
[2015.11.06-12.50.05:993][201]CompilerResultsLog: Info -------- End Detailed Actions Stats -----------------------------------------------------------
[2015.11.06-12.50.05:993][201]CompilerResultsLog: Info Total build time: 2,91 seconds
[2015.11.06-12.50.05:993][201]LogMainFrame: MainFrame: Module compiling took 2.943 seconds
[2015.11.06-12.50.06:037][201]LogContentBrowser: Native class hierarchy updated for 'SpaceGame' in 0.0010 seconds. Added 3 classes and 2 folders.
[2015.11.06-12.50.06:038][201]Warning: HotReload successful (0 functions remapped  0 scriptstructs remapped)
[2015.11.06-12.50.06:080][201]LogContentBrowser: Native class hierarchy populated in 0.0069 seconds. Added 1871 classes and 337 folders.
[2015.11.06-12.50.07:052][318]LogTemp:Warning:  Text text text
[2015.11.06-12.50.10:051][678]LogTemp:Warning:  Text text text
[2015.11.06-12.50.13:051][ 38]LogTemp:Warning:  Text text text
[2015.11.06-12.50.16:052][398]LogTemp:Warning:  Text text text
[2015.11.06-12.50.19:080][756]LogParticles: Destroying 0 GPU particle simulations for FXSystem 0x000000CBF066E700
[2015.11.06-12.50.38:191][ 20]Recompiling SpaceGame...
[2015.11.06-12.50.38:191][ 20]Launching UnrealBuildTool... [C:/Program Files/Epic Games/4.9/Engine/Binaries/DotNET/UnrealBuildTool.exe SpaceGame -ModuleWithSuffix SpaceGame 614 Win64 Development -editorrecompile -canskiplink "C:/Unreal project/SpaceGame/Project/SpaceGame/SpaceGame.uproject" -rocket  -rocket]
[2015.11.06-12.50.38:192][ 20]Warning: Starting HotReload took  0.0s.
[2015.11.06-12.50.41:106][351]CompilerResultsLog: New page: Compilation - Nov 6, 2015, 2:50:41 PM
[2015.11.06-12.50.41:107][351]CompilerResultsLog: Info Compiling game modules for hot reload
[2015.11.06-12.50.41:107][351]CompilerResultsLog: Info Performing 2 actions (4 in parallel)
[2015.11.06-12.50.41:107][351]CompilerResultsLog: Info Star.cpp
[2015.11.06-12.50.41:107][351]CompilerResultsLog: Info [2/2] Link UE4Editor-SpaceGame-614.dll
[2015.11.06-12.50.41:107][351]CompilerResultsLog: Info    Creating library C:\Unreal project\SpaceGame\Project\SpaceGame\Intermediate/Build/Win64\UE4Editor\Development\UE4Editor-SpaceGame-614.lib and object C:\Unreal project\SpaceGame\Project\SpaceGame\Intermediate/Build/Win64\UE4Editor\Development\UE4Editor-SpaceGame-614.exp
[2015.11.06-12.50.41:107][351]CompilerResultsLog: Info -------- End Detailed Actions Stats -----------------------------------------------------------
[2015.11.06-12.50.41:107][351]CompilerResultsLog: Info Total build time: 2,89 seconds
[2015.11.06-12.50.41:107][351]LogMainFrame: MainFrame: Module compiling took 2.922 seconds
[2015.11.06-12.50.41:151][351]LogContentBrowser: Native class hierarchy updated for 'SpaceGame' in 0.0008 seconds. Added 3 classes and 2 folders.
[2015.11.06-12.50.41:152][351]Warning: HotReload successful (0 functions remapped  0 scriptstructs remapped)
[2015.11.06-12.50.41:193][351]LogContentBrowser: Native class hierarchy populated in 0.0069 seconds. Added 1871 classes and 337 folders.
[2015.11.06-12.50.41:718][413]LogPlayLevel: PlayLevel: No blueprints needed recompiling
[2015.11.06-12.50.41:718][413]PIE: New page: PIE session: Untitled_1 (Nov 6, 2015, 2:50:41 PM)
[2015.11.06-12.50.41:718][413]LogPlayLevel: Creating play world package: /Temp/UEDPIE_0_Untitled_1
[2015.11.06-12.50.41:720][413]LogPlayLevel: PIE: StaticDuplicateObject took: (0.001205s)
[2015.11.06-12.50.41:720][413]LogAIModule: Creating AISystem for world Untitled_1
[2015.11.06-12.50.41:721][413]LogPlayLevel: PIE: World Init took: (0.000911s)
[2015.11.06-12.50.41:721][413]LogPlayLevel: PIE: Created PIE world by copying editor world from /Temp/Untitled_1.Untitled_1 to /Temp/UEDPIE_0_Untitled_1.Untitled_1 (0.002321s)
[2015.11.06-12.50.41:732][413]LogInit: XAudio2 using 'Speakers (4- High Definition Audio Device)' : 2 channels at 44.1 kHz using 16 bits per sample (channel mask 0x3)
[2015.11.06-12.50.41:737][413]LogInit: FAudioDevice initialized.
[2015.11.06-12.50.41:769][413]LogWorld: Game class is 'GameMode'
[2015.11.06-12.50.41:772][413]LogWorld: Bringing World /Temp/UEDPIE_0_Untitled_1.Untitled_1 up for play (max tick rate 0) at 2015.11.06-13.50.41
[2015.11.06-12.50.41:772][413]LogActor:Warning: GameSession /Temp/UEDPIE_0_Untitled_1.Untitled_1:PersistentLevel.GameSession_5 has natively added scene component(s), but none of them were set as the actor's RootComponent - picking one arbitrarily
[2015.11.06-12.50.41:772][413]LogActor:Warning: GameNetworkManager /Temp/UEDPIE_0_Untitled_1.Untitled_1:PersistentLevel.GameNetworkManager_5 has natively added scene component(s), but none of them were set as the actor's RootComponent - picking one arbitrarily
[2015.11.06-12.50.41:772][413]LogWorld: Bringing up level for play took: 0.001674
[2015.11.06-12.50.41:773][413]PIE: Info Play in editor start time for /Temp/UEDPIE_0_Untitled_1 0.709
[2015.11.06-12.50.44:698][764]LogTemp:Warning: 3 Text text text
[2015.11.06-12.50.46:856][ 17]LogParticles: Destroying 0 GPU particle simulations for FXSystem 0x000000CB84F4BF60
[2015.11.06-12.52.39:269][549]Recompiling SpaceGame...
[2015.11.06-12.52.39:269][549]Launching UnrealBuildTool... [C:/Program Files/Epic Games/4.9/Engine/Binaries/DotNET/UnrealBuildTool.exe SpaceGame -ModuleWithSuffix SpaceGame 1225 Win64 Development -editorrecompile -canskiplink "C:/Unreal project/SpaceGame/Project/SpaceGame/SpaceGame.uproject" -rocket  -rocket]
[2015.11.06-12.52.39:270][549]Warning: Starting HotReload took  0.0s.
[2015.11.06-12.52.49:283][731]CompilerResultsLog: New page: Compilation - Nov 6, 2015, 2:52:49 PM
[2015.11.06-12.52.49:283][731]CompilerResultsLog: Info Compiling game modules for hot reload
[2015.11.06-12.52.49:283][731]CompilerResultsLog: Info Parsing headers for SpaceGameEditor
[2015.11.06-12.52.49:283][731]CompilerResultsLog: Info   Running UnrealHeaderTool "C:/Unreal project/SpaceGame/Project/SpaceGame/SpaceGame.uproject" "C:\Unreal project\SpaceGame\Project\SpaceGame\Intermediate\Build\Win64\SpaceGameEditor\Development\UnrealHeaderTool.manifest" -LogCmds="loginit warning, logexit warning, logdatabase error" -rocket -installed
[2015.11.06-12.52.49:283][731]CompilerResultsLog: Info Reflection code generated for SpaceGameEditor in 6,957635 seconds
[2015.11.06-12.52.49:283][731]CompilerResultsLog: Info Performing 4 actions (4 in parallel)
[2015.11.06-12.52.49:283][731]CompilerResultsLog: Info Fleet.cpp
[2015.11.06-12.52.49:283][731]CompilerResultsLog: Info Star.cpp
[2015.11.06-12.52.49:283][731]CompilerResultsLog: Info SpaceGame.generated.cpp
[2015.11.06-12.52.49:283][731]CompilerResultsLog: Info [4/4] Link UE4Editor-SpaceGame-1225.dll
[2015.11.06-12.52.49:283][731]CompilerResultsLog: Info    Creating library C:\Unreal project\SpaceGame\Project\SpaceGame\Intermediate/Build/Win64\UE4Editor\Development\UE4Editor-SpaceGame-1225.lib and object C:\Unreal project\SpaceGame\Project\SpaceGame\Intermediate/Build/Win64\UE4Editor\Development\UE4Editor-SpaceGame-1225.exp
[2015.11.06-12.52.49:283][731]CompilerResultsLog: Info -------- End Detailed Actions Stats -----------------------------------------------------------
[2015.11.06-12.52.49:283][731]CompilerResultsLog: Info Total build time: 9,98 seconds
[2015.11.06-12.52.49:283][731]LogMainFrame: MainFrame: Module compiling took 10.016 seconds
[2015.11.06-12.52.49:357][731]LogContentBrowser: Native class hierarchy updated for 'SpaceGame' in 0.0009 seconds. Added 3 classes and 2 folders.
[2015.11.06-12.52.49:358][731]Warning: HotReload successful (0 functions remapped  0 scriptstructs remapped)
[2015.11.06-12.52.49:401][731]LogContentBrowser: Native class hierarchy populated in 0.0073 seconds. Added 1871 classes and 337 folders.
[2015.11.06-12.52.52:119][ 56]LogPlayLevel: PlayLevel: No blueprints needed recompiling
[2015.11.06-12.52.52:119][ 56]PIE: New page: PIE session: Untitled_1 (Nov 6, 2015, 2:52:52 PM)
[2015.11.06-12.52.52:119][ 56]LogPlayLevel: Creating play world package: /Temp/UEDPIE_0_Untitled_1
[2015.11.06-12.52.52:120][ 56]LogPlayLevel: PIE: StaticDuplicateObject took: (0.001169s)
[2015.11.06-12.52.52:122][ 56]LogAIModule: Creating AISystem for world Untitled_1
[2015.11.06-12.52.52:122][ 56]LogPlayLevel: PIE: World Init took: (0.001378s)
[2015.11.06-12.52.52:122][ 56]LogPlayLevel: PIE: Created PIE world by copying editor world from /Temp/Untitled_1.Untitled_1 to /Temp/UEDPIE_0_Untitled_1.Untitled_1 (0.002790s)
[2015.11.06-12.52.52:133][ 56]LogInit: XAudio2 using 'Speakers (4- High Definition Audio Device)' : 2 channels at 44.1 kHz using 16 bits per sample (channel mask 0x3)
[2015.11.06-12.52.52:138][ 56]LogInit: FAudioDevice initialized.
[2015.11.06-12.52.52:173][ 56]LogWorld: Game class is 'GameMode'
[2015.11.06-12.52.52:175][ 56]LogWorld: Bringing World /Temp/UEDPIE_0_Untitled_1.Untitled_1 up for play (max tick rate 0) at 2015.11.06-13.52.52
[2015.11.06-12.52.52:175][ 56]LogActor:Warning: GameSession /Temp/UEDPIE_0_Untitled_1.Untitled_1:PersistentLevel.GameSession_6 has natively added scene component(s), but none of them were set as the actor's RootComponent - picking one arbitrarily
[2015.11.06-12.52.52:175][ 56]LogActor:Warning: GameNetworkManager /Temp/UEDPIE_0_Untitled_1.Untitled_1:PersistentLevel.GameNetworkManager_6 has natively added scene component(s), but none of them were set as the actor's RootComponent - picking one arbitrarily
[2015.11.06-12.52.52:176][ 56]LogWorld: Bringing up level for play took: 0.001456
[2015.11.06-12.52.52:177][ 56]PIE: Info Play in editor start time for /Temp/UEDPIE_0_Untitled_1 -0.888
[2015.11.06-12.53.04:848][571]LogParticles: Destroying 0 GPU particle simulations for FXSystem 0x000000CBF16784A0
[2015.11.06-12.53.06:352][750]LogPlayLevel: PlayLevel: No blueprints needed recompiling
[2015.11.06-12.53.06:352][750]PIE: New page: PIE session: Untitled_1 (Nov 6, 2015, 2:53:06 PM)
[2015.11.06-12.53.06:352][750]LogPlayLevel: Creating play world package: /Temp/UEDPIE_0_Untitled_1
[2015.11.06-12.53.06:354][750]LogPlayLevel: PIE: StaticDuplicateObject took: (0.001380s)
[2015.11.06-12.53.06:354][750]LogAIModule: Creating AISystem for world Untitled_1
[2015.11.06-12.53.06:354][750]LogPlayLevel: PIE: World Init took: (0.000603s)
[2015.11.06-12.53.06:355][750]LogPlayLevel: PIE: Created PIE world by copying editor world from /Temp/Untitled_1.Untitled_1 to /Temp/UEDPIE_0_Untitled_1.Untitled_1 (0.002144s)
[2015.11.06-12.53.06:369][750]LogInit: XAudio2 using 'Speakers (4- High Definition Audio Device)' : 2 channels at 44.1 kHz using 16 bits per sample (channel mask 0x3)
[2015.11.06-12.53.06:374][750]LogInit: FAudioDevice initialized.
[2015.11.06-12.53.06:409][750]LogWorld: Game class is 'GameMode'
[2015.11.06-12.53.06:411][750]LogWorld: Bringing World /Temp/UEDPIE_0_Untitled_1.Untitled_1 up for play (max tick rate 0) at 2015.11.06-13.53.06
[2015.11.06-12.53.06:412][750]LogActor:Warning: GameSession /Temp/UEDPIE_0_Untitled_1.Untitled_1:PersistentLevel.GameSession_7 has natively added scene component(s), but none of them were set as the actor's RootComponent - picking one arbitrarily
[2015.11.06-12.53.06:412][750]LogActor:Warning: GameNetworkManager /Temp/UEDPIE_0_Untitled_1.Untitled_1:PersistentLevel.GameNetworkManager_7 has natively added scene component(s), but none of them were set as the actor's RootComponent - picking one arbitrarily
[2015.11.06-12.53.06:412][750]LogWorld: Bringing up level for play took: 0.001316
[2015.11.06-12.53.06:413][750]PIE: Info Play in editor start time for /Temp/UEDPIE_0_Untitled_1 -0.651
[2015.11.06-12.53.15:196][291]LogParticles: Destroying 0 GPU particle simulations for FXSystem 0x000000CBF167BE20
[2015.11.06-12.53.21:377][525]Recompiling SpaceGame...
[2015.11.06-12.53.21:378][525]Launching UnrealBuildTool... [C:/Program Files/Epic Games/4.9/Engine/Binaries/DotNET/UnrealBuildTool.exe SpaceGame -ModuleWithSuffix SpaceGame 5139 Win64 Development -editorrecompile -canskiplink "C:/Unreal project/SpaceGame/Project/SpaceGame/SpaceGame.uproject" -rocket  -rocket]
[2015.11.06-12.53.21:379][525]Warning: Starting HotReload took  0.0s.
[2015.11.06-12.53.24:399][869]CompilerResultsLog: New page: Compilation - Nov 6, 2015, 2:53:24 PM
[2015.11.06-12.53.24:399][869]CompilerResultsLog: Info Compiling game modules for hot reload
[2015.11.06-12.53.24:399][869]CompilerResultsLog: Info Performing 2 actions (4 in parallel)
[2015.11.06-12.53.24:399][869]CompilerResultsLog: Info Star.cpp
[2015.11.06-12.53.24:399][869]CompilerResultsLog: Info [2/2] Link UE4Editor-SpaceGame-5139.dll
[2015.11.06-12.53.24:399][869]CompilerResultsLog: Info    Creating library C:\Unreal project\SpaceGame\Project\SpaceGame\Intermediate/Build/Win64\UE4Editor\Development\UE4Editor-SpaceGame-5139.lib and object C:\Unreal project\SpaceGame\Project\SpaceGame\Intermediate/Build/Win64\UE4Editor\Development\UE4Editor-SpaceGame-5139.exp
[2015.11.06-12.53.24:399][869]CompilerResultsLog: Info -------- End Detailed Actions Stats -----------------------------------------------------------
[2015.11.06-12.53.24:399][869]CompilerResultsLog: Info Total build time: 3,00 seconds
[2015.11.06-12.53.24:399][869]LogMainFrame: MainFrame: Module compiling took 3.024 seconds
[2015.11.06-12.53.24:432][869]LogContentBrowser: Native class hierarchy updated for 'SpaceGame' in 0.0008 seconds. Added 3 classes and 2 folders.
[2015.11.06-12.53.24:432][869]Warning: HotReload successful (0 functions remapped  0 scriptstructs remapped)
[2015.11.06-12.53.24:472][869]LogContentBrowser: Native class hierarchy populated in 0.0068 seconds. Added 1871 classes and 337 folders.
[2015.11.06-12.53.27:499][231]LogPlayLevel: PlayLevel: No blueprints needed recompiling
[2015.11.06-12.53.27:499][231]PIE: New page: PIE session: Untitled_1 (Nov 6, 2015, 2:53:27 PM)
[2015.11.06-12.53.27:500][231]LogPlayLevel: Creating play world package: /Temp/UEDPIE_0_Untitled_1
[2015.11.06-12.53.27:501][231]LogPlayLevel: PIE: StaticDuplicateObject took: (0.001311s)
[2015.11.06-12.53.27:502][231]LogAIModule: Creating AISystem for world Untitled_1
[2015.11.06-12.53.27:502][231]LogPlayLevel: PIE: World Init took: (0.001218s)
[2015.11.06-12.53.27:502][231]LogPlayLevel: PIE: Created PIE world by copying editor world from /Temp/Untitled_1.Untitled_1 to /Temp/UEDPIE_0_Untitled_1.Untitled_1 (0.002730s)
[2015.11.06-12.53.27:514][231]LogInit: XAudio2 using 'Speakers (4- High Definition Audio Device)' : 2 channels at 44.1 kHz using 16 bits per sample (channel mask 0x3)
[2015.11.06-12.53.27:519][231]LogInit: FAudioDevice initialized.
[2015.11.06-12.53.27:551][231]LogWorld: Game class is 'GameMode'
[2015.11.06-12.53.27:554][231]LogWorld: Bringing World /Temp/UEDPIE_0_Untitled_1.Untitled_1 up for play (max tick rate 0) at 2015.11.06-13.53.27
[2015.11.06-12.53.27:554][231]LogActor:Warning: GameSession /Temp/UEDPIE_0_Untitled_1.Untitled_1:PersistentLevel.GameSession_8 has natively added scene component(s), but none of them were set as the actor's RootComponent - picking one arbitrarily
[2015.11.06-12.53.27:554][231]LogActor:Warning: GameNetworkManager /Temp/UEDPIE_0_Untitled_1.Untitled_1:PersistentLevel.GameNetworkManager_8 has natively added scene component(s), but none of them were set as the actor's RootComponent - picking one arbitrarily
[2015.11.06-12.53.27:554][231]LogWorld: Bringing up level for play took: 0.001492
[2015.11.06-12.53.27:555][231]PIE: Info Play in editor start time for /Temp/UEDPIE_0_Untitled_1 0.491
[2015.11.06-12.53.30:481][582]LogTemp:Warning: 1 Text text text
[2015.11.06-12.53.33:481][942]LogTemp:Warning: 2 Text text text
[2015.11.06-12.53.36:480][302]LogTemp:Warning: 3 Text text text
[2015.11.06-12.53.37:302][395]LogParticles: Destroying 0 GPU particle simulations for FXSystem 0x000000CBF069C7C0
[2015.11.06-12.53.59:604][574]Recompiling SpaceGame...
[2015.11.06-12.53.59:605][574]Launching UnrealBuildTool... [C:/Program Files/Epic Games/4.9/Engine/Binaries/DotNET/UnrealBuildTool.exe SpaceGame -ModuleWithSuffix SpaceGame 1825 Win64 Development -editorrecompile -canskiplink "C:/Unreal project/SpaceGame/Project/SpaceGame/SpaceGame.uproject" -rocket  -rocket]
[2015.11.06-12.53.59:605][574]Warning: Starting HotReload took  0.0s.
[2015.11.06-12.54.02:528][913]CompilerResultsLog: New page: Compilation - Nov 6, 2015, 2:54:02 PM
[2015.11.06-12.54.02:528][913]CompilerResultsLog: Info Compiling game modules for hot reload
[2015.11.06-12.54.02:528][913]CompilerResultsLog: Info Performing 2 actions (4 in parallel)
[2015.11.06-12.54.02:528][913]CompilerResultsLog: Info Star.cpp
[2015.11.06-12.54.02:528][913]CompilerResultsLog: Info [2/2] Link UE4Editor-SpaceGame-1825.dll
[2015.11.06-12.54.02:528][913]CompilerResultsLog: Info    Creating library C:\Unreal project\SpaceGame\Project\SpaceGame\Intermediate/Build/Win64\UE4Editor\Development\UE4Editor-SpaceGame-1825.lib and object C:\Unreal project\SpaceGame\Project\SpaceGame\Intermediate/Build/Win64\UE4Editor\Development\UE4Editor-SpaceGame-1825.exp
[2015.11.06-12.54.02:528][913]CompilerResultsLog: Info -------- End Detailed Actions Stats -----------------------------------------------------------
[2015.11.06-12.54.02:528][913]CompilerResultsLog: Info Total build time: 2,90 seconds
[2015.11.06-12.54.02:528][913]LogMainFrame: MainFrame: Module compiling took 2.927 seconds
[2015.11.06-12.54.02:566][913]LogContentBrowser: Native class hierarchy updated for 'SpaceGame' in 0.0009 seconds. Added 3 classes and 2 folders.
[2015.11.06-12.54.02:567][913]Warning: HotReload successful (0 functions remapped  0 scriptstructs remapped)
[2015.11.06-12.54.02:607][913]LogContentBrowser: Native class hierarchy populated in 0.0066 seconds. Added 1871 classes and 337 folders.
[2015.11.06-12.54.06:703][403]LogPlayLevel: PlayLevel: No blueprints needed recompiling
[2015.11.06-12.54.06:703][403]PIE: New page: PIE session: Untitled_1 (Nov 6, 2015, 2:54:06 PM)
[2015.11.06-12.54.06:703][403]LogPlayLevel: Creating play world package: /Temp/UEDPIE_0_Untitled_1
[2015.11.06-12.54.06:705][403]LogPlayLevel: PIE: StaticDuplicateObject took: (0.001241s)
[2015.11.06-12.54.06:705][403]LogAIModule: Creating AISystem for world Untitled_1
[2015.11.06-12.54.06:705][403]LogPlayLevel: PIE: World Init took: (0.000814s)
[2015.11.06-12.54.06:706][403]LogPlayLevel: PIE: Created PIE world by copying editor world from /Temp/Untitled_1.Untitled_1 to /Temp/UEDPIE_0_Untitled_1.Untitled_1 (0.002256s)
[2015.11.06-12.54.06:718][403]LogInit: XAudio2 using 'Speakers (4- High Definition Audio Device)' : 2 channels at 44.1 kHz using 16 bits per sample (channel mask 0x3)
[2015.11.06-12.54.06:722][403]LogInit: FAudioDevice initialized.
[2015.11.06-12.54.06:755][403]LogWorld: Game class is 'GameMode'
[2015.11.06-12.54.06:758][403]LogWorld: Bringing World /Temp/UEDPIE_0_Untitled_1.Untitled_1 up for play (max tick rate 0) at 2015.11.06-13.54.06
[2015.11.06-12.54.06:758][403]LogActor:Warning: GameSession /Temp/UEDPIE_0_Untitled_1.Untitled_1:PersistentLevel.GameSession_9 has natively added scene component(s), but none of them were set as the actor's RootComponent - picking one arbitrarily
[2015.11.06-12.54.06:758][403]LogActor:Warning: GameNetworkManager /Temp/UEDPIE_0_Untitled_1.Untitled_1:PersistentLevel.GameNetworkManager_9 has natively added scene component(s), but none of them were set as the actor's RootComponent - picking one arbitrarily
[2015.11.06-12.54.06:758][403]LogWorld: Bringing up level for play took: 0.001462
[2015.11.06-12.54.06:760][403]PIE: Info Play in editor start time for /Temp/UEDPIE_0_Untitled_1 -0.306
[2015.11.06-12.54.09:685][754]LogTemp:Warning: Number of ships in fleet: 1
[2015.11.06-12.54.12:692][114]LogTemp:Warning: Number of ships in fleet: 2
[2015.11.06-12.54.15:693][473]LogTemp:Warning: Number of ships in fleet: 3
[2015.11.06-12.54.18:693][833]LogTemp:Warning: Number of ships in fleet: 4
[2015.11.06-12.54.21:488][162]LogParticles: Destroying 0 GPU particle simulations for FXSystem 0x000000CBEE27D6C0
[2015.11.06-12.55.02:426][566]Recompiling SpaceGame...
[2015.11.06-12.55.02:426][566]Launching UnrealBuildTool... [C:/Program Files/Epic Games/4.9/Engine/Binaries/DotNET/UnrealBuildTool.exe SpaceGame -ModuleWithSuffix SpaceGame 2439 Win64 Development -editorrecompile -canskiplink "C:/Unreal project/SpaceGame/Project/SpaceGame/SpaceGame.uproject" -rocket  -rocket]
[2015.11.06-12.55.02:427][566]Warning: Starting HotReload took  0.0s.
[2015.11.06-12.55.05:347][897]CompilerResultsLog: New page: Compilation - Nov 6, 2015, 2:55:05 PM
[2015.11.06-12.55.05:347][897]CompilerResultsLog: Info Compiling game modules for hot reload
[2015.11.06-12.55.05:347][897]CompilerResultsLog: Info Performing 2 actions (4 in parallel)
[2015.11.06-12.55.05:347][897]CompilerResultsLog: Info Star.cpp
[2015.11.06-12.55.05:347][897]CompilerResultsLog: Info [2/2] Link UE4Editor-SpaceGame-2439.dll
[2015.11.06-12.55.05:347][897]CompilerResultsLog: Info    Creating library C:\Unreal project\SpaceGame\Project\SpaceGame\Intermediate/Build/Win64\UE4Editor\Development\UE4Editor-SpaceGame-2439.lib and object C:\Unreal project\SpaceGame\Project\SpaceGame\Intermediate/Build/Win64\UE4Editor\Development\UE4Editor-SpaceGame-2439.exp
[2015.11.06-12.55.05:347][897]CompilerResultsLog: Info -------- End Detailed Actions Stats -----------------------------------------------------------
[2015.11.06-12.55.05:347][897]CompilerResultsLog: Info Total build time: 2,90 seconds
[2015.11.06-12.55.05:347][897]LogMainFrame: MainFrame: Module compiling took 2.923 seconds
[2015.11.06-12.55.05:391][897]LogContentBrowser: Native class hierarchy updated for 'SpaceGame' in 0.0009 seconds. Added 3 classes and 2 folders.
[2015.11.06-12.55.05:391][897]Warning: HotReload successful (0 functions remapped  0 scriptstructs remapped)
[2015.11.06-12.55.05:432][897]LogContentBrowser: Native class hierarchy populated in 0.0070 seconds. Added 1871 classes and 337 folders.
[2015.11.06-12.55.06:876][ 69]LogPlayLevel: PlayLevel: No blueprints needed recompiling
[2015.11.06-12.55.06:876][ 69]PIE: New page: PIE session: Untitled_1 (Nov 6, 2015, 2:55:06 PM)
[2015.11.06-12.55.06:876][ 69]LogPlayLevel: Creating play world package: /Temp/UEDPIE_0_Untitled_1
[2015.11.06-12.55.06:878][ 69]LogPlayLevel: PIE: StaticDuplicateObject took: (0.001326s)
[2015.11.06-12.55.06:878][ 69]LogAIModule: Creating AISystem for world Untitled_1
[2015.11.06-12.55.06:879][ 69]LogPlayLevel: PIE: World Init took: (0.000817s)
[2015.11.06-12.55.06:879][ 69]LogPlayLevel: PIE: Created PIE world by copying editor world from /Temp/Untitled_1.Untitled_1 to /Temp/UEDPIE_0_Untitled_1.Untitled_1 (0.002343s)
[2015.11.06-12.55.06:891][ 69]LogInit: XAudio2 using 'Speakers (4- High Definition Audio Device)' : 2 channels at 44.1 kHz using 16 bits per sample (channel mask 0x3)
[2015.11.06-12.55.06:896][ 69]LogInit: FAudioDevice initialized.
[2015.11.06-12.55.06:929][ 69]LogWorld: Game class is 'GameMode'
[2015.11.06-12.55.06:931][ 69]LogWorld: Bringing World /Temp/UEDPIE_0_Untitled_1.Untitled_1 up for play (max tick rate 0) at 2015.11.06-13.55.06
[2015.11.06-12.55.06:931][ 69]LogActor:Warning: GameSession /Temp/UEDPIE_0_Untitled_1.Untitled_1:PersistentLevel.GameSession_10 has natively added scene component(s), but none of them were set as the actor's RootComponent - picking one arbitrarily
[2015.11.06-12.55.06:931][ 69]LogActor:Warning: GameNetworkManager /Temp/UEDPIE_0_Untitled_1.Untitled_1:PersistentLevel.GameNetworkManager_10 has natively added scene component(s), but none of them were set as the actor's RootComponent - picking one arbitrarily
[2015.11.06-12.55.06:931][ 69]LogWorld: Bringing up level for play took: 0.001433
[2015.11.06-12.55.06:933][ 69]PIE: Info Play in editor start time for /Temp/UEDPIE_0_Untitled_1 -0.132
[2015.11.06-12.55.09:860][420]LogTemp: Number of ships in fleet: 1
[2015.11.06-12.55.12:860][780]LogTemp: Number of ships in fleet: 2
[2015.11.06-12.55.15:860][140]LogTemp: Number of ships in fleet: 3
[2015.11.06-12.55.18:860][500]LogTemp: Number of ships in fleet: 4
[2015.11.06-12.55.20:091][642]LogParticles: Destroying 0 GPU particle simulations for FXSystem 0x000000CBD2643920
[2015.11.06-13.01.40:456][206]LogEditorViewport: Clicking on Actor (LMB): Star (Star1)
[2015.11.06-13.01.41:079][280]Cmd: DELETE
[2015.11.06-13.01.41:079][280]Cmd: ACTOR DELETE
[2015.11.06-13.01.41:079][280]LogEditorActor: Deleted Actor: Star
[2015.11.06-13.01.41:088][280]LogEditorActor: Deleted 1 Actors (0.009 secs)
[2015.11.06-13.02.26:455][653]LogVSAccessor:Warning: Couldn't goto line number '0' in 'C:/Unreal project/SpaceGame/Project/SpaceGame/Source/SpaceGame/Star.h'
[2015.11.06-13.02.26:552][653]LogVSAccessor:Warning: Couldn't goto line number '0' in 'C:/Unreal project/SpaceGame/Project/SpaceGame/Source/SpaceGame/Star.cpp'
[2015.11.06-13.03.08:403][779]Cmd: OBJ SAVEPACKAGE PACKAGE="/Temp/Untitled_1" FILE="../../../../../../Unreal project/SpaceGame/Project/SpaceGame/Saved/Autosaves/Temp/Untitled_1_Auto2.umap" SILENT=true AUTOSAVING=true KEEPDIRTY=false
[2015.11.06-13.03.08:423][779]LogSavePackage: Save=16.563251ms
[2015.11.06-13.03.08:423][779]LogSavePackage: Moving '../../../../../../Unreal project/SpaceGame/Project/SpaceGame/Saved/Untitled_1_Auto2FAF593AA4279160DDB3B799141AA0EC7.tmp' to '../../../../../../Unreal project/SpaceGame/Project/SpaceGame/Saved/Autosaves/Temp/Untitled_1_Auto2.umap'
[2015.11.06-13.03.08:424][779]LogSavePackage: Total save time: 20.341702ms
[2015.11.06-13.03.08:424][779]LogSavePackage:Warning: Finished SavePackage ../../../../../../Unreal project/SpaceGame/Project/SpaceGame/Saved/Autosaves/Temp/Untitled_1_Auto2.umap
[2015.11.06-13.03.08:425][779]LogFileHelpers: Editor autosave (incl. sublevels) for '/Temp/Untitled_1' took 0.034
[2015.11.06-13.03.08:425][779]LogFileHelpers: Editor autosave (incl. sublevels) for all levels took 0.034
[2015.11.06-13.03.24:969][148]LogWindowsTextInputMethodSystem:Display: IME system now deactivated.
[2015.11.06-13.03.25:201][149]Cmd: QUIT_EDITOR
[2015.11.06-13.03.26:101][149]LogExit: Preparing to exit.
[2015.11.06-13.03.26:725][149]LogExit: Editor shut down
[2015.11.06-13.03.26:725][149]LogExit: Transaction tracking system shut down
[2015.11.06-13.03.26:727][149]LogParticles: Destroying 0 GPU particle simulations for FXSystem 0x000000CBD24476A0
[2015.11.06-13.03.26:727][149]LogParticles: Destroying 0 GPU particle simulations for FXSystem 0x000000CBD1A43880
[2015.11.06-13.03.26:727][149]LogParticles: Destroying 0 GPU particle simulations for FXSystem 0x000000CBF1709F80
[2015.11.06-13.03.26:727][149]LogParticles: Destroying 0 GPU particle simulations for FXSystem 0x000000CBF1709DA0
[2015.11.06-13.03.26:842][149]LogExit: Object subsystem successfully closed.
[2015.11.06-13.03.26:860][149]LogD3D11RHI: Shutdown
[2015.11.06-13.03.26:860][149]LogD3D11RHI: CleanupD3DDevice
[2015.11.06-13.03.26:894][149]LogD3D11RHI: ~FD3D11DynamicRHI
[2015.11.06-13.03.26:910][149]LogModuleManager: Shutting down and abandoning module CrashTracker (198)
[2015.11.06-13.03.26:910][149]LogModuleManager: Shutting down and abandoning module SceneOutliner (197)
[2015.11.06-13.03.26:910][149]LogModuleManager: Shutting down and abandoning module SuperSearch (196)
[2015.11.06-13.03.26:910][149]LogModuleManager: Shutting down and abandoning module WidgetCarousel (195)
[2015.11.06-13.03.26:910][149]LogModuleManager: Shutting down and abandoning module AddContentDialog (194)
[2015.11.06-13.03.26:911][149]LogModuleManager: Shutting down and abandoning module EditorWidgets (193)
[2015.11.06-13.03.26:911][149]LogModuleManager: Shutting down and abandoning module CollectionManager (192)
[2015.11.06-13.03.26:911][149]LogModuleManager: Shutting down and abandoning module StatsViewer (191)
[2015.11.06-13.03.26:911][149]LogModuleManager: Shutting down and abandoning module FoliageEdit (190)
[2015.11.06-13.03.26:911][149]LogModuleManager: Shutting down and abandoning module LandscapeEditor (189)
[2015.11.06-13.03.26:911][149]LogModuleManager: Shutting down and abandoning module ActorPickerMode (188)
[2015.11.06-13.03.26:911][149]LogModuleManager: Shutting down and abandoning module GeometryMode (187)
[2015.11.06-13.03.26:911][149]LogModuleManager: Shutting down and abandoning module TextureAlignMode (186)
[2015.11.06-13.03.26:911][149]LogModuleManager: Shutting down and abandoning module BspMode (185)
[2015.11.06-13.03.26:911][149]LogModuleManager: Shutting down and abandoning module PlacementMode (184)
[2015.11.06-13.03.26:911][149]LogModuleManager: Shutting down and abandoning module AutomationWorker (183)
[2015.11.06-13.03.26:912][149]LogModuleManager: Shutting down and abandoning module CharacterAI (182)
[2015.11.06-13.03.26:912][149]LogModuleManager: Shutting down and abandoning module SmartSnapping (181)
[2015.11.06-13.03.26:912][149]LogModuleManager: Shutting down and abandoning module ViewportSnapping (180)
[2015.11.06-13.03.26:912][149]LogModuleManager: Shutting down and abandoning module LogVisualizer (179)
[2015.11.06-13.03.26:912][149]LogModuleManager: Shutting down and abandoning module GameProjectGeneration (178)
[2015.11.06-13.03.26:912][149]LogModuleManager: Shutting down and abandoning module IntroTutorials (177)
[2015.11.06-13.03.26:912][149]LogModuleManager: Shutting down and abandoning module EditorLiveStreaming (176)
[2015.11.06-13.03.26:912][149]LogModuleManager: Shutting down and abandoning module IOSPlatformEditor (175)
[2015.11.06-13.03.26:912][149]LogModuleManager: Shutting down and abandoning module HTML5PlatformEditor (174)
[2015.11.06-13.03.26:912][149]LogModuleManager: Shutting down and abandoning module AndroidDeviceDetection (173)
[2015.11.06-13.03.27:443][149]LogModuleManager: Shutting down and abandoning module AndroidPlatformEditor (172)
[2015.11.06-13.03.27:443][149]LogModuleManager: Shutting down and abandoning module IOSRuntimeSettings (171)
[2015.11.06-13.03.27:443][149]LogModuleManager: Shutting down and abandoning module AndroidRuntimeSettings (170)
[2015.11.06-13.03.27:443][149]LogModuleManager: Shutting down and abandoning module MergeActors (169)
[2015.11.06-13.03.27:443][149]LogModuleManager: Shutting down and abandoning module SizeMap (168)
[2015.11.06-13.03.27:443][149]LogModuleManager: Shutting down and abandoning module TreeMap (167)
[2015.11.06-13.03.27:443][149]LogModuleManager: Shutting down and abandoning module ReferenceViewer (166)
[2015.11.06-13.03.27:443][149]LogModuleManager: Shutting down and abandoning module LocalizationService (165)
[2015.11.06-13.03.27:443][149]LogModuleManager: Shutting down and abandoning module LocalizationDashboard (164)
[2015.11.06-13.03.27:443][149]LogModuleManager: Shutting down and abandoning module HardwareTargeting (163)
[2015.11.06-13.03.27:443][149]LogModuleManager: Shutting down and abandoning module DeviceProfileEditor (162)
[2015.11.06-13.03.27:443][149]LogModuleManager: Shutting down and abandoning module UndoHistory (161)
[2015.11.06-13.03.27:443][149]LogModuleManager: Shutting down and abandoning module GameplayTagsEditor (160)
[2015.11.06-13.03.27:443][149]LogModuleManager: Shutting down and abandoning module UserFeedback (159)
[2015.11.06-13.03.27:443][149]LogModuleManager: Shutting down and abandoning module XmlParser (158)
[2015.11.06-13.03.27:443][149]LogModuleManager: Shutting down and abandoning module Blutility (157)
[2015.11.06-13.03.27:443][149]LogModuleManager: Shutting down and abandoning module ProjectTargetPlatformEditor (156)
[2015.11.06-13.03.27:443][149]LogModuleManager: Shutting down and abandoning module ProjectSettingsViewer (155)
[2015.11.06-13.03.27:443][149]LogModuleManager: Shutting down and abandoning module InputBindingEditor (154)
[2015.11.06-13.03.27:443][149]LogModuleManager: Shutting down and abandoning module EditorSettingsViewer (153)
[2015.11.06-13.03.27:443][149]LogModuleManager: Shutting down and abandoning module SettingsEditor (152)
[2015.11.06-13.03.27:443][149]LogModuleManager: Shutting down and abandoning module ProjectLauncher (151)
[2015.11.06-13.03.27:443][149]LogModuleManager: Shutting down and abandoning module SessionFrontend (150)
[2015.11.06-13.03.27:443][149]LogModuleManager: Shutting down and abandoning module ProfilerClient (149)
[2015.11.06-13.03.27:443][149]LogModuleManager: Shutting down and abandoning module TargetDeviceServices (148)
[2015.11.06-13.03.27:443][149]LogModuleManager: Shutting down and abandoning module DeviceManager (147)
[2015.11.06-13.03.27:443][149]LogModuleManager: Shutting down and abandoning module AutomationController (146)
[2015.11.06-13.03.27:443][149]LogModuleManager: Shutting down and abandoning module AutomationWindow (145)
[2015.11.06-13.03.27:443][149]LogModuleManager: Shutting down and abandoning module Layers (144)
[2015.11.06-13.03.27:443][149]LogModuleManager: Shutting down and abandoning module ComponentVisualizers (143)
[2015.11.06-13.03.27:443][149]LogModuleManager: Shutting down and abandoning module DetailCustomizations (142)
[2015.11.06-13.03.27:443][149]LogModuleManager: Shutting down and abandoning module PackagesDialog (141)
[2015.11.06-13.03.27:444][149]LogModuleManager: Shutting down and abandoning module Persona (140)
[2015.11.06-13.03.27:444][149]LogModuleManager: Shutting down and abandoning module Kismet (139)
[2015.11.06-13.03.27:444][149]LogModuleManager: Shutting down and abandoning module GraphEditor (138)
[2015.11.06-13.03.27:444][149]LogModuleManager: Shutting down and abandoning module ClassViewer (137)
[2015.11.06-13.03.27:445][149]LogModuleManager: Shutting down and abandoning module Toolbox (136)
[2015.11.06-13.03.27:445][149]LogModuleManager: Shutting down and abandoning module ModuleUI (135)
[2015.11.06-13.03.27:445][149]LogModuleManager: Shutting down and abandoning module MovieSceneTools (134)
[2015.11.06-13.03.27:445][149]LogModuleManager: Shutting down and abandoning module OutputLog (133)
[2015.11.06-13.03.27:445][149]LogModuleManager: Shutting down and abandoning module GammaUI (132)
[2015.11.06-13.03.27:445][149]LogModuleManager: Shutting down and abandoning module Documentation (131)
[2015.11.06-13.03.27:445][149]LogModuleManager: Shutting down and abandoning module GameLiveStreaming (130)
[2015.11.06-13.03.27:445][149]LogModuleManager: Shutting down and abandoning module StreamingPauseRendering (129)
[2015.11.06-13.03.27:445][149]LogModuleManager: Shutting down and abandoning module AnalyticsET (128)
[2015.11.06-13.03.27:445][149]LogModuleManager: Shutting down and abandoning module Analytics (127)
[2015.11.06-13.03.27:445][149]LogModuleManager: Shutting down and abandoning module AITestSuite (126)
[2015.11.06-13.03.27:445][149]LogModuleManager: Shutting down and abandoning module GameplayDebugger (125)
[2015.11.06-13.03.27:445][149]LogModuleManager: Shutting down and abandoning module AIModule (124)
[2015.11.06-13.03.27:445][149]LogModuleManager: Shutting down and abandoning module ProfilerService (123)
[2015.11.06-13.03.27:664][149]LogModuleManager: Shutting down and abandoning module TaskGraph (122)
[2015.11.06-13.03.27:664][149]LogModuleManager: Shutting down and abandoning module SlateRemote (121)
[2015.11.06-13.03.27:664][149]LogModuleManager: Shutting down and abandoning module SteamVRController (120)
[2015.11.06-13.03.27:664][149]LogModuleManager: Shutting down and abandoning module SteamVR (119)
[2015.11.06-13.03.27:664][149]LogModuleManager: Shutting down and abandoning module ProceduralMeshComponent (118)
[2015.11.06-13.03.27:664][149]LogModuleManager: Shutting down and abandoning module OculusRift (117)
[2015.11.06-13.03.27:664][149]LogModuleManager: Shutting down and abandoning module OculusLibrary (116)
[2015.11.06-13.03.27:664][149]LogModuleManager: Shutting down and abandoning module LeapMotionController (115)
[2015.11.06-13.03.27:673][149]LogModuleManager: Shutting down and abandoning module CustomMeshComponent (114)
[2015.11.06-13.03.27:673][149]LogModuleManager: Shutting down and abandoning module CableComponent (113)
[2015.11.06-13.03.27:673][149]LogModuleManager: Shutting down and abandoning module ArchVisCharacter (112)
[2015.11.06-13.03.27:673][149]LogModuleManager: Shutting down and abandoning module MessagingDebugger (111)
[2015.11.06-13.03.27:673][149]LogModuleManager: Shutting down and abandoning module MediaPlayerEditor (110)
[2015.11.06-13.03.27:673][149]LogModuleManager: Shutting down and abandoning module HTML5Networking (109)
[2015.11.06-13.03.27:673][149]LogModuleManager: Shutting down and abandoning module SpeedTreeImporter (108)
[2015.11.06-13.03.27:673][149]LogModuleManager: Shutting down and abandoning module PluginBrowser (107)
[2015.11.06-13.03.27:673][149]LogModuleManager: Shutting down and abandoning module EpicSurvey (106)
[2015.11.06-13.03.27:673][149]LogModuleManager: Shutting down and abandoning module DesktopPlatform (105)
[2015.11.06-13.03.27:673][149]LogModuleManager: Shutting down and abandoning module VisualStudioSourceCodeAccess (104)
[2015.11.06-13.03.27:673][149]LogModuleManager: Shutting down and abandoning module UObjectPlugin (103)
[2015.11.06-13.03.27:673][149]LogModuleManager: Shutting down and abandoning module SubversionSourceControl (102)
[2015.11.06-13.03.27:673][149]LogModuleManager: Shutting down and abandoning module PerforceSourceControl (101)
[2015.11.06-13.03.27:673][149]LogModuleManager: Shutting down and abandoning module SourceControl (100)
[2015.11.06-13.03.27:673][149]LogModuleManager: Shutting down and abandoning module GitSourceControl (99)
[2015.11.06-13.03.27:673][149]LogModuleManager: Shutting down and abandoning module LightPropagationVolumeEditor (98)
[2015.11.06-13.03.27:673][149]LogModuleManager: Shutting down and abandoning module PaperTiledImporter (97)
[2015.11.06-13.03.27:673][149]LogModuleManager: Shutting down and abandoning module PaperSpriteSheetImporter (96)
[2015.11.06-13.03.27:673][149]LogModuleManager: Shutting down and abandoning module MeshPaint (95)
[2015.11.06-13.03.27:673][149]LogModuleManager: Shutting down and abandoning module SlateReflector (94)
[2015.11.06-13.03.27:673][149]LogModuleManager: Shutting down and abandoning module HotReload (93)
[2015.11.06-13.03.27:673][149]LogModuleManager: Shutting down and abandoning module MainFrame (92)
[2015.11.06-13.03.27:673][149]LogModuleManager: Shutting down and abandoning module LevelEditor (91)
[2015.11.06-13.03.27:674][149]LogModuleManager: Shutting down and abandoning module DirectoryWatcher (90)
[2015.11.06-13.03.27:675][149]LogModuleManager: Shutting down and abandoning module AssetRegistry (89)
[2015.11.06-13.03.27:723][149]LogModuleManager: Shutting down and abandoning module ContentBrowser (88)
[2015.11.06-13.03.27:723][149]LogModuleManager: Shutting down and abandoning module Paper2DEditor (87)
[2015.11.06-13.03.27:723][149]LogModuleManager: Shutting down and abandoning module SpaceGame (86)
[2015.11.06-13.03.27:723][149]LogModuleManager: Shutting down and abandoning module UdpMessaging (85)
[2015.11.06-13.03.27:824][149]LogModuleManager: Shutting down and abandoning module LightPropagationVolumeRuntime (84)
[2015.11.06-13.03.27:824][149]LogModuleManager: Shutting down and abandoning module Paper2D (83)
[2015.11.06-13.03.27:824][149]LogModuleManager: Shutting down and abandoning module WindowsMoviePlayer (82)
[2015.11.06-13.03.27:980][149]LogModuleManager: Shutting down and abandoning module Media (81)
[2015.11.06-13.03.27:980][149]LogModuleManager: Shutting down and abandoning module WmfMedia (80)
[2015.11.06-13.03.27:980][149]LogModuleManager: Shutting down and abandoning module OnlineBlueprintSupport (79)
[2015.11.06-13.03.27:980][149]LogModuleManager: Shutting down and abandoning module GameplayTasksEditor (78)
[2015.11.06-13.03.27:980][149]LogModuleManager: Shutting down and abandoning module PropertyEditor (77)
[2015.11.06-13.03.27:980][149]LogModuleManager: Shutting down and abandoning module BehaviorTreeEditor (76)
[2015.11.06-13.03.27:980][149]LogModuleManager: Shutting down and abandoning module FunctionalTesting (75)
[2015.11.06-13.03.27:980][149]LogModuleManager: Shutting down and abandoning module CollisionAnalyzer (74)
[2015.11.06-13.03.27:980][149]LogModuleManager: Shutting down and abandoning module WorkspaceMenuStructure (73)
[2015.11.06-13.03.27:980][149]LogModuleManager: Shutting down and abandoning module MessageLog (72)
[2015.11.06-13.03.27:980][149]LogModuleManager: Shutting down and abandoning module Sequencer (71)
[2015.11.06-13.03.27:980][149]LogModuleManager: Shutting down and abandoning module AssetTools (70)
[2015.11.06-13.03.27:980][149]LogModuleManager: Shutting down and abandoning module UMGEditor (69)
[2015.11.06-13.03.27:980][149]LogModuleManager: Shutting down and abandoning module UMG (68)
[2015.11.06-13.03.27:980][149]LogModuleManager: Shutting down and abandoning module Slate (67)
[2015.11.06-13.03.27:980][149]LogModuleManager: Shutting down and abandoning module EditorStyle (66)
[2015.11.06-13.03.27:982][149]LogModuleManager: Shutting down and abandoning module SessionServices (65)
[2015.11.06-13.03.27:982][149]LogModuleManager: Shutting down and abandoning module SourceCodeAccess (64)
[2015.11.06-13.03.27:982][149]LogModuleManager: Shutting down and abandoning module HeadMountedDisplay (63)
[2015.11.06-13.03.27:982][149]LogModuleManager: Shutting down and abandoning module XAudio2 (62)
[2015.11.06-13.03.27:982][149]LogModuleManager: Shutting down and abandoning module Networking (60)
[2015.11.06-13.03.27:982][149]LogModuleManager: Shutting down and abandoning module Core (59)
[2015.11.06-13.03.27:982][149]LogModuleManager: Shutting down and abandoning module KismetCompiler (58)
[2015.11.06-13.03.27:982][149]LogModuleManager: Shutting down and abandoning module PhysXFormats (57)
[2015.11.06-13.03.27:982][149]LogModuleManager: Shutting down and abandoning module MeshUtilities (56)
[2015.11.06-13.03.27:982][149]LogModuleManager: Shutting down and abandoning module CookingStats (55)
[2015.11.06-13.03.27:982][149]LogModuleManager: Shutting down and abandoning module DerivedDataCache (54)
[2015.11.06-13.03.28:006][149]LogDerivedDataCache: Shutdown
[2015.11.06-13.03.28:006][149]LogModuleManager: Shutting down and abandoning module ShaderFormatOpenGL (53)
[2015.11.06-13.03.28:006][149]LogModuleManager: Shutting down and abandoning module ShaderFormatD3D (52)
[2015.11.06-13.03.28:006][149]LogModuleManager: Shutting down and abandoning module MetalShaderFormat (51)
[2015.11.06-13.03.28:006][149]LogModuleManager: Shutting down and abandoning module TextureFormatUncompressed (50)
[2015.11.06-13.03.28:006][149]LogModuleManager: Shutting down and abandoning module TextureFormatPVR (49)
[2015.11.06-13.03.28:006][149]LogModuleManager: Shutting down and abandoning module TextureFormatIntelISPCTexComp (48)
[2015.11.06-13.03.28:006][149]LogModuleManager: Shutting down and abandoning module TextureFormatDXT (47)
[2015.11.06-13.03.28:006][149]LogModuleManager: Shutting down and abandoning module ImageWrapper (46)
[2015.11.06-13.03.28:006][149]LogModuleManager: Shutting down and abandoning module TextureFormatASTC (45)
[2015.11.06-13.03.28:006][149]LogModuleManager: Shutting down and abandoning module TextureFormatAndroid (44)
[2015.11.06-13.03.28:006][149]LogModuleManager: Shutting down and abandoning module AudioFormatOpus (43)
[2015.11.06-13.03.28:006][149]LogModuleManager: Shutting down and abandoning module AudioFormatOgg (42)
[2015.11.06-13.03.28:006][149]LogModuleManager: Shutting down and abandoning module AudioFormatADPCM (41)
[2015.11.06-13.03.28:006][149]LogModuleManager: Shutting down and abandoning module LinuxTargetPlatform (40)
[2015.11.06-13.03.28:006][149]LogModuleManager: Shutting down and abandoning module LinuxServerTargetPlatform (39)
[2015.11.06-13.03.28:006][149]LogModuleManager: Shutting down and abandoning module LinuxNoEditorTargetPlatform (38)
[2015.11.06-13.03.28:006][149]LogModuleManager: Shutting down and abandoning module Messaging (37)
[2015.11.06-13.03.28:006][149]LogModuleManager: Shutting down and abandoning module IOSTargetPlatform (36)
[2015.11.06-13.03.28:006][149]LogModuleManager: Shutting down and abandoning module HTML5TargetPlatform (35)
[2015.11.06-13.03.28:006][149]LogModuleManager: Shutting down and abandoning module Android_PVRTCTargetPlatform (34)
[2015.11.06-13.03.28:006][149]LogModuleManager: Shutting down and abandoning module Android_ETC2TargetPlatform (33)
[2015.11.06-13.03.28:006][149]LogModuleManager: Shutting down and abandoning module Android_ETC1TargetPlatform (32)
[2015.11.06-13.03.28:006][149]LogModuleManager: Shutting down and abandoning module Android_DXTTargetPlatform (31)
[2015.11.06-13.03.28:006][149]LogModuleManager: Shutting down and abandoning module Android_ATCTargetPlatform (30)
[2015.11.06-13.03.28:006][149]LogModuleManager: Shutting down and abandoning module Android_ASTCTargetPlatform (29)
[2015.11.06-13.03.28:006][149]LogModuleManager: Shutting down and abandoning module AndroidTargetPlatform (28)
[2015.11.06-13.03.28:006][149]LogModuleManager: Shutting down and abandoning module WindowsTargetPlatform (27)
[2015.11.06-13.03.28:006][149]LogModuleManager: Shutting down and abandoning module WindowsServerTargetPlatform (26)
[2015.11.06-13.03.28:006][149]LogModuleManager: Shutting down and abandoning module WindowsNoEditorTargetPlatform (25)
[2015.11.06-13.03.28:006][149]LogModuleManager: Shutting down and abandoning module WindowsClientTargetPlatform (24)
[2015.11.06-13.03.28:006][149]LogModuleManager: Shutting down and abandoning module AllDesktopTargetPlatform (23)
[2015.11.06-13.03.28:006][149]LogModuleManager: Shutting down and abandoning module TargetPlatform (22)
[2015.11.06-13.03.28:006][149]LogModuleManager: Shutting down and abandoning module InputCore (21)
[2015.11.06-13.03.28:006][149]LogModuleManager: Shutting down and abandoning module Settings (20)
[2015.11.06-13.03.28:006][149]LogModuleManager: Shutting down and abandoning module OnlineSubsystem (18)
[2015.11.06-13.03.28:006][149]LogModuleManager: Shutting down and abandoning module HTTP (17)
[2015.11.06-13.03.30:009][149]LogModuleManager: Shutting down and abandoning module XMPP (16)
[2015.11.06-13.03.30:009][149]LogModuleManager: Shutting down and abandoning module ExampleDeviceProfileSelector (15)
[2015.11.06-13.03.30:009][149]LogModuleManager: Shutting down and abandoning module TextureCompressor (14)
[2015.11.06-13.03.30:009][149]LogModuleManager: Shutting down and abandoning module ShaderCore (13)
[2015.11.06-13.03.30:009][149]LogModuleManager: Shutting down and abandoning module Landscape (12)
[2015.11.06-13.03.30:009][149]LogModuleManager: Shutting down and abandoning module SlateRHIRenderer (11)
[2015.11.06-13.03.30:010][149]LogModuleManager: Shutting down and abandoning module OpenGLDrv (10)
[2015.11.06-13.03.30:010][149]LogModuleManager: Shutting down and abandoning module D3D11RHI (9)
[2015.11.06-13.03.30:010][149]LogModuleManager: Shutting down and abandoning module AnimGraphRuntime (8)
[2015.11.06-13.03.30:010][149]LogModuleManager: Shutting down and abandoning module Renderer (7)
[2015.11.06-13.03.30:010][149]LogModuleManager: Shutting down and abandoning module Engine (6)
[2015.11.06-13.03.30:010][149]LogModuleManager: Shutting down and abandoning module CoreUObject (5)
[2015.11.06-13.03.30:010][149]LogModuleManager: Shutting down and abandoning module NetworkFile (4)
[2015.11.06-13.03.30:010][149]LogModuleManager: Shutting down and abandoning module StreamingFile (3)
[2015.11.06-13.03.30:010][149]LogModuleManager: Shutting down and abandoning module SandboxFile (2)
[2015.11.06-13.03.30:010][149]LogModuleManager: Shutting down and abandoning module PakFile (1)
[2015.11.06-13.03.30:011][149]LogExit: Exiting.
[2015.11.06-13.03.30:021][149]Log file closed, 11/06/15 14:03:30
