[2015.11.27-12.22.35:825][  0]Log file open, 11/27/15 13:22:35
[2015.11.27-12.22.35:825][  0]LogInit:Display: Running engine without a game
[2015.11.27-12.22.35:825][  0]LogInit:Display: Loading recent project file: ../../../../../../Users/Spellabbet/Documents/Unreal Projects/SpaceGame/Project/SpaceGame/SpaceGame.uproject
[2015.11.27-12.22.35:825][  0]LogInit:Display: RandInit(-1450110562) SRandInit(-1450110560).
[2015.11.27-12.22.35:825][  0]LogTaskGraph: Started task graph with 4 named threads and 7 total threads.
[2015.11.27-12.22.35:825][  0]LogStats: Stats thread started at 0.069918
[2015.11.27-12.22.35:825][  0]LogInit: Version: 4.9.2-2707645+++depot+UE4-Releases+4.9
[2015.11.27-12.22.35:825][  0]LogInit: API Version: 2672455
[2015.11.27-12.22.35:825][  0]LogInit: Compiled (64-bit): Sep 28 2015 10:25:44
[2015.11.27-12.22.35:825][  0]LogInit: Compiled with Visual C++: 18.00.21005.01
[2015.11.27-12.22.35:825][  0]LogInit: Build Configuration: Development
[2015.11.27-12.22.35:825][  0]LogInit: Branch Name: ++depot+UE4-Releases+4.9
[2015.11.27-12.22.35:825][  0]LogInit: Command line: 
[2015.11.27-12.22.35:825][  0]LogInit: Base directory: C:/Program Files/Epic Games/4.9/Engine/Binaries/Win64/
[2015.11.27-12.22.35:825][  0]LogInit: Rocket: 1
[2015.11.27-12.22.35:837][  0]LogInit: Using libcurl 7.41.0
[2015.11.27-12.22.35:837][  0]LogInit:  - built for x86_64-pc-win32
[2015.11.27-12.22.35:837][  0]LogInit:  - supports SSL with WinSSL
[2015.11.27-12.22.35:837][  0]LogInit:  - other features:
[2015.11.27-12.22.35:837][  0]LogInit:      CURL_VERSION_SSL
[2015.11.27-12.22.35:837][  0]LogInit:      CURL_VERSION_IPV6
[2015.11.27-12.22.35:837][  0]LogInit:      CURL_VERSION_ASYNCHDNS
[2015.11.27-12.22.35:837][  0]LogInit:      CURL_VERSION_LARGEFILE
[2015.11.27-12.22.35:837][  0]LogInit:      CURL_VERSION_IDN
[2015.11.27-12.22.35:838][  0]LogInit:  CurlRequestOptions (configurable via config and command line):
[2015.11.27-12.22.35:838][  0]LogInit:  - bVerifyPeer = true  - Libcurl will verify peer certificate
[2015.11.27-12.22.35:838][  0]LogInit:  - bUseHttpProxy = false  - Libcurl will NOT use HTTP proxy
[2015.11.27-12.22.35:838][  0]LogInit:  - bDontReuseConnections = false  - Libcurl will reuse connections
[2015.11.27-12.22.35:838][  0]LogInit:  - CertBundlePath = nullptr  - Libcurl will use whatever was configured at build time.
[2015.11.27-12.22.35:846][  0]LogInit: Presizing for 0 objects not considered by GC, pre-allocating 0 bytes.
[2015.11.27-12.22.35:855][  0]LogInit: Object subsystem initialized
[2015.11.27-12.22.35:857][  0]LogInit: Selected Device Profile: [Windows]
[2015.11.27-12.22.35:857][  0]LogInit: Applying CVar settings loaded from the selected device profile: [Windows]
[2015.11.27-12.22.35:867][  0]LogInit: Computer: SpellabbA332-09
[2015.11.27-12.22.35:867][  0]LogInit: User: Spellabbet
[2015.11.27-12.22.35:867][  0]LogInit: CPU Page size=4096, Cores=4
[2015.11.27-12.22.35:867][  0]LogInit: High frequency timer resolution =3.507519 MHz
[2015.11.27-12.22.35:867][  0]LogMemory: Memory total: Physical=15.9GB (16GB approx)
[2015.11.27-12.22.35:867][  0]LogMemory: Platform Memory Stats for Windows
[2015.11.27-12.22.35:867][  0]LogMemory: Process Physical Memory: 52.13 MB used, 52.13 MB peak
[2015.11.27-12.22.35:867][  0]LogMemory: Process Virtual Memory: 57.01 MB used, 57.01 MB peak
[2015.11.27-12.22.35:867][  0]LogMemory: Physical Memory: 4695.73 MB used, 16318.82 MB total
[2015.11.27-12.22.35:867][  0]LogMemory: Virtual Memory: 349.31 MB used, 134217728.00 MB total
[2015.11.27-12.22.35:895][  0]LogTextLocalizationManager: No translations for ('sv-SE') exist, falling back to 'en' for localization and internationalization data.
[2015.11.27-12.22.36:571][  0]LogD3D11RHI: Found D3D11 adapter 0: NVIDIA GeForce GTX 960 (Feature Level 11_0)
[2015.11.27-12.22.36:571][  0]LogD3D11RHI: Adapter has 1965MB of dedicated video memory, 0MB of dedicated system memory, and 2048MB of shared system memory, 1 output[s]
[2015.11.27-12.22.36:571][  0]LogD3D11RHI: Found D3D11 adapter 1: Microsoft Basic Render Driver (Feature Level 11_0)
[2015.11.27-12.22.36:571][  0]LogD3D11RHI: Adapter has 0MB of dedicated video memory, 0MB of dedicated system memory, and 256MB of shared system memory, 0 output[s]
[2015.11.27-12.22.36:571][  0]LogD3D11RHI: Chosen D3D11 Adapter Id = 0
[2015.11.27-12.22.36:574][  0]LogD3D11RHI: !Direct3DDevice
[2015.11.27-12.22.36:574][  0]LogRHI: Texture pool is 1361 MB (70% of 1945 MB)
[2015.11.27-12.22.36:584][  0]LogD3D11RHI: Async texture creation enabled
[2015.11.27-12.22.36:599][  0]LogShaderCompilers: Guid format shader working directory is 15 characters bigger than the processId version (../../../../../../Users/Spellabbet/Documents/Unreal Projects/SpaceGame/Project/SpaceGame/Intermediate/Shaders/WorkingDirectory/5492/).
[2015.11.27-12.22.36:600][  0]LogShaderCompilers: Cleaned the shader compiler working directory '../../../../../../Users/Spellabbet/Documents/Unreal Projects/SpaceGame/Project/SpaceGame/Intermediate/Shaders/tmp/4248A2F347DF01BC0397288C89A5295D/'.
[2015.11.27-12.22.36:600][  0]LogShaderCompilers:Display: Using Local Shader Compiler.
[2015.11.27-12.22.37:623][  0]LogTemp:Display: Loaded TP AllDesktopTargetPlatform
[2015.11.27-12.22.37:627][  0]LogTemp:Display: Loaded TP WindowsClientTargetPlatform
[2015.11.27-12.22.37:631][  0]LogTemp:Display: Loaded TP WindowsNoEditorTargetPlatform
[2015.11.27-12.22.37:636][  0]LogTemp:Display: Loaded TP WindowsServerTargetPlatform
[2015.11.27-12.22.37:640][  0]LogTemp:Display: Loaded TP WindowsTargetPlatform
[2015.11.27-12.22.37:642][  0]LogTemp:Display: Loaded TP AndroidTargetPlatform
[2015.11.27-12.22.37:645][  0]LogTemp:Display: Loaded TP Android_ASTCTargetPlatform
[2015.11.27-12.22.37:648][  0]LogTemp:Display: Loaded TP Android_ATCTargetPlatform
[2015.11.27-12.22.37:652][  0]LogTemp:Display: Loaded TP Android_DXTTargetPlatform
[2015.11.27-12.22.37:656][  0]LogTemp:Display: Loaded TP Android_ETC1TargetPlatform
[2015.11.27-12.22.37:660][  0]LogTemp:Display: Loaded TP Android_ETC2TargetPlatform
[2015.11.27-12.22.37:665][  0]LogTemp:Display: Loaded TP Android_PVRTCTargetPlatform
[2015.11.27-12.22.37:665][  0]LogTemp:Display: Loaded TP HTML5TargetPlatform
[2015.11.27-12.22.37:684][  0]LogTemp:Display: Loaded TP IOSTargetPlatform
[2015.11.27-12.22.37:688][  0]LogTemp:Display: Loaded TP LinuxNoEditorTargetPlatform
[2015.11.27-12.22.37:693][  0]LogTemp:Display: Loaded TP LinuxServerTargetPlatform
[2015.11.27-12.22.37:698][  0]LogTemp:Display: Loaded TP LinuxTargetPlatform
[2015.11.27-12.22.37:698][  0]LogTargetPlatformManager:Display: Building Assets For Windows
[2015.11.27-12.22.37:777][  0]LogDerivedDataCache:Display: Max Cache Size: 512 MB
[2015.11.27-12.22.37:815][  0]LogDerivedDataCache: Loaded boot cache 0.04s 41MB C:/Users/Spellabbet/AppData/Local/UnrealEngine/4.9/DerivedDataCache/Boot.ddc.
[2015.11.27-12.22.37:815][  0]LogDerivedDataCache:Display: Loaded Boot cache: C:/Users/Spellabbet/AppData/Local/UnrealEngine/4.9/DerivedDataCache/Boot.ddc
[2015.11.27-12.22.37:815][  0]LogDerivedDataCache: FDerivedDataBackendGraph:  Pak pak cache file ../../../../../../Users/Spellabbet/Documents/Unreal Projects/SpaceGame/Project/SpaceGame/DerivedDataCache/DDC.ddp not found, will not use a pak cache.
[2015.11.27-12.22.37:815][  0]LogDerivedDataCache: Unable to find inner node Pak for hierarchical cache Hierarchy.
[2015.11.27-12.22.37:815][  0]LogDerivedDataCache: FDerivedDataBackendGraph:  CompressedPak pak cache file ../../../../../../Users/Spellabbet/Documents/Unreal Projects/SpaceGame/Project/SpaceGame/DerivedDataCache/Compressed.ddp not found, will not use a pak cache.
[2015.11.27-12.22.37:815][  0]LogDerivedDataCache: Unable to find inner node CompressedPak for hierarchical cache Hierarchy.
[2015.11.27-12.22.37:941][  0]LogDerivedDataCache:Display: Pak cache opened for reading ../../../Engine/DerivedDataCache/Compressed.ddp.
[2015.11.27-12.22.37:953][  0]LogDerivedDataCache: Using Local data cache path C:/Users/Spellabbet/AppData/Local/UnrealEngine/Common/DerivedDataCache: Writable
[2015.11.27-12.22.38:101][  0]LogInit: Selected Device Profile: [Windows]
[2015.11.27-12.22.38:103][  0]LogContentStreaming: Texture pool size is 0.000000MB
[2015.11.27-12.22.38:211][  0]LogMeshUtilities: No automatic mesh reduction module available
[2015.11.27-12.22.38:211][  0]LogMeshUtilities: No automatic mesh merging module available
[2015.11.27-12.22.38:401][  0]LogInit: WinSock: version 1.1 (2.2), MaxSocks=32767, MaxUdp=65467
[2015.11.27-12.22.38:996][  0]UdpMessaging: Initializing bridge on interface 0.0.0.0:0 to multicast group 230.0.0.1:6666.
[2015.11.27-12.22.39:096][  0]LogAssetRegistry: FAssetRegistry took 0.0110 seconds to start up
[2015.11.27-12.22.39:263][  0]SourceControl: Info Source control is disabled
[2015.11.27-12.22.39:270][  0]SourceControl: Info Source control is disabled
[2015.11.27-12.22.39:281][  0]SourceControl: Info Source control is disabled
[2015.11.27-12.22.39:292][  0]SourceControl: Info Source control is disabled
[2015.11.27-12.22.39:419][  0]LogLinker:Warning: Asset '../../../Engine/Plugins/Runtime/LeapMotionController/Content/LM_PassthroughMaterial.uasset' has been saved with empty engine version. The asset will be loaded but may be incompatible.
[2015.11.27-12.22.39:482][  0]LogObj: 28437 objects as part of root set at end of initial load.
[2015.11.27-12.22.39:482][  0]LogUObjectAllocator: 6068432 out of 0 bytes used by permanent object pool.
[2015.11.27-12.22.39:528][  0]LogEngine: Initializing Engine...
[2015.11.27-12.22.39:529][  0]LogHMD: Can't find Oculus library dev build: is proper Runtime installed? Version: 0.7.0.0
[2015.11.27-12.22.39:530][  0]LogHMD: SteamVR failed to initialize.  Err: 110
[2015.11.27-12.22.39:625][  0]LogAIModule: Creating AISystem for world NewWorld
[2015.11.27-12.22.39:629][  0]LogInit: XAudio2 using 'Speakers (4- High Definition Audio Device)' : 2 channels at 44.1 kHz using 16 bits per sample (channel mask 0x3)
[2015.11.27-12.22.39:640][  0]LogInit: FAudioDevice initialized.
[2015.11.27-12.22.39:661][  0]LogDerivedDataCache: Saved boot cache 0.02s 41MB C:/Users/Spellabbet/AppData/Local/UnrealEngine/4.9/DerivedDataCache/Boot.ddc.
[2015.11.27-12.22.39:665][  0]LogInit: Texture streaming: Enabled
[2015.11.27-12.22.39:671][  0]LogAnalytics: Creating configured Analytics provider AnalyticsET
[2015.11.27-12.22.39:671][  0]LogAnalytics: [UEEditor.Rocket.Release] APIServer = http://et2.epicgames.com/ET2/. AppVersion = 4.9.2-2707645+++depot+UE4-Releases+4.9
[2015.11.27-12.22.39:671][  0]LogAnalytics: [UEEditor.Rocket.Release] SetUserId 634ab0cb456977c100e99f821f1d4277|7ebf86fc13e44331864479a64887c1c8|060e5e79-a789-49c4-8abd-5d8b330400a7
[2015.11.27-12.22.39:671][  0]LogAnalytics: [UEEditor.Rocket.Release] AnalyticsET::StartSession
[2015.11.27-12.22.39:688][  0]LogInit: Transaction tracking system initialized
[2015.11.27-12.22.39:713][  0]BlueprintLog: New page: Editor Load
[2015.11.27-12.22.39:802][  0]LocalizationService: Info Localization service is disabled
[2015.11.27-12.22.39:872][  0]LogConsoleResponse:Display: 
[2015.11.27-12.22.39:979][  0]LogCook:Display: Done creating registry. It took  0.00s.
[2015.11.27-12.22.40:028][  0]LogFileCache: Scanning file cache for directory 'C:/Users/Spellabbet/Documents/Unreal Projects/SpaceGame/Project/SpaceGame/Content/' took 0.01s
[2015.11.27-12.22.40:028][  0]SourceControl: Info Source control is disabled
[2015.11.27-12.22.40:029][  0]Cmd: MAP LOAD FILE="../../../Engine/Content/Maps/Templates/Template_Default.umap" TEMPLATE=1 SHOWPROGRESS=1 FEATURELEVEL=3
[2015.11.27-12.22.40:029][  0]LightingResults: New page: Lighting Build
[2015.11.27-12.22.40:031][  0]MapCheck: New page: Map Check
[2015.11.27-12.22.40:031][  0]LightingResults: New page: Lighting Build
[2015.11.27-12.22.40:041][  0]LogParticles: Destroying 0 GPU particle simulations for FXSystem 0x000000D7C2BA2160
[2015.11.27-12.22.40:269][  0]LogAIModule: Creating AISystem for world Untitled_1
[2015.11.27-12.22.40:272][  0]LogEditorServer: Finished looking for orphan Actors (0.000 secs)
[2015.11.27-12.22.40:276][  0]Cmd: MAP CHECKDEP NOCLEARLOG
[2015.11.27-12.22.40:313][  0]MapCheck: Info Map check complete: 0 Error(s), 0 Warning(s), took 36.478ms to complete.
[2015.11.27-12.22.40:313][  0]LogFileHelpers: Loading map 'Template_Default' took 0.284
[2015.11.27-12.22.40:402][  0]LogCollectionManager: Loaded 0 collections in 0.001848 seconds
[2015.11.27-12.22.40:446][  0]LogFileCache: Scanning file cache for directory 'C:/Users/Spellabbet/Documents/Unreal Projects/SpaceGame/Project/SpaceGame/Saved/Collections/' took 0.01s
[2015.11.27-12.22.40:446][  0]LogFileCache: Scanning file cache for directory 'C:/Users/Spellabbet/Documents/Unreal Projects/SpaceGame/Project/SpaceGame/Content/Developers/Spellabbet/Collections/' took 0.01s
[2015.11.27-12.22.40:446][  0]LogFileCache: Scanning file cache for directory 'C:/Users/Spellabbet/Documents/Unreal Projects/SpaceGame/Project/SpaceGame/Content/Collections/' took 0.01s
[2015.11.27-12.22.40:446][  0]LogContentBrowser: Native class hierarchy populated in 0.0098 seconds. Added 1875 classes and 335 folders.
[2015.11.27-12.22.40:450][  0]LogCollectionManager: Rebuilt the GUID cache for 0 collections in 0.000002 seconds
[2015.11.27-12.22.40:456][  0]LogContentBrowser: Native class hierarchy updated for 'WidgetCarousel' in 0.0009 seconds. Added 0 classes and 0 folders.
[2015.11.27-12.22.40:488][  0]LogContentBrowser: Native class hierarchy updated for 'AddContentDialog' in 0.0009 seconds. Added 0 classes and 0 folders.
[2015.11.27-12.22.40:499][  0]LogContentBrowser: Native class hierarchy updated for 'SceneOutliner' in 0.0014 seconds. Added 1 classes and 2 folders.
[2015.11.27-12.22.40:552][  0]LogCrashTracker: Crashtracker disabled due to settings.
[2015.11.27-12.22.40:556][  0]LogUObjectGlobals:Warning: Failed to find object 'Class None.'
[2015.11.27-12.22.40:578][  0]LogLoad: Full Startup: 5.54 seconds (BP compile: 0.04 seconds)
[2015.11.27-12.22.40:630][  0]LogContentStreaming: Texture pool size now 1000 MB
[2015.11.27-12.22.40:742][  0]LogRenderer: Reallocating scene render targets to support 1076x556 (Frame:2).
[2015.11.27-12.22.40:895][  3]LogAssetRegistry: Asset discovery search completed in 1.8096 seconds
[2015.11.27-12.22.40:895][  3]LogCollectionManager: Rebuilt the object cache for 0 collections in 0.000001 seconds (found 0 objects)
[2015.11.27-12.22.40:895][  3]LogCollectionManager: Fixed up redirectors for 0 collections in 0.000027 seconds (updated 0 objects)
[2015.11.27-12.30.32:591][956]Recompiling SpaceGame...
[2015.11.27-12.30.32:591][956]Launching UnrealBuildTool... [C:/Program Files/Epic Games/4.9/Engine/Binaries/DotNET/UnrealBuildTool.exe SpaceGame -ModuleWithSuffix SpaceGame 6635 Win64 Development -editorrecompile -canskiplink "C:/Users/Spellabbet/Documents/Unreal Projects/SpaceGame/Project/SpaceGame/SpaceGame.uproject" -rocket  -rocket]
[2015.11.27-12.30.32:592][956]Warning: Starting HotReload took  0.0s.
[2015.11.27-12.30.37:315][498]LogAIModule: Creating AISystem for world Untitled
[2015.11.27-12.30.37:340][498]Cmd: MAP LOAD FILE="../../../../../../Users/Spellabbet/Documents/Unreal Projects/SpaceGame/Project/SpaceGame/Content/Maps/Untitled.umap" TEMPLATE=0 SHOWPROGRESS=1 FEATURELEVEL=3
[2015.11.27-12.30.37:340][498]LightingResults: New page: Lighting Build
[2015.11.27-12.30.37:356][498]LoadErrors: New page: Loading map: Untitled.umap
[2015.11.27-12.30.37:357][498]MapCheck: New page: Map Check
[2015.11.27-12.30.37:357][498]LightingResults: New page: Lighting Build
[2015.11.27-12.30.37:367][498]LogParticles: Destroying 0 GPU particle simulations for FXSystem 0x000000D7C2FAE840
[2015.11.27-12.30.37:408][498]LogEditorServer: Finished looking for orphan Actors (0.000 secs)
[2015.11.27-12.30.37:449][498]Cmd: MAP CHECKDEP NOCLEARLOG
[2015.11.27-12.30.37:478][498]MapCheck: Info Map check complete: 0 Error(s), 0 Warning(s), took 28.979ms to complete.
[2015.11.27-12.30.37:478][498]LogFileHelpers: Loading map 'Untitled' took 0.139
[2015.11.27-12.30.44:059][279]CompilerResultsLog: New page: Compilation - Nov 27, 2015, 2:30:44 PM
[2015.11.27-12.30.44:060][279]CompilerResultsLog: Info Compiling game modules for hot reload
[2015.11.27-12.30.44:060][279]CompilerResultsLog: Info Parsing headers for SpaceGameEditor
[2015.11.27-12.30.44:060][279]CompilerResultsLog: Info   Running UnrealHeaderTool "C:/Users/Spellabbet/Documents/Unreal Projects/SpaceGame/Project/SpaceGame/SpaceGame.uproject" "C:\Users\Spellabbet\Documents\Unreal Projects\SpaceGame\Project\SpaceGame\Intermediate\Build\Win64\SpaceGameEditor\Development\UnrealHeaderTool.manifest" -LogCmds="loginit warning, logexit warning, logdatabase error" -rocket -installed
[2015.11.27-12.30.44:060][279]CompilerResultsLog: Info Reflection code generated for SpaceGameEditor in 7,5370077 seconds
[2015.11.27-12.30.44:060][279]CompilerResultsLog: Info Performing 7 actions (4 in parallel)
[2015.11.27-12.30.44:060][279]CompilerResultsLog: Info Link.cpp
[2015.11.27-12.30.44:060][279]CompilerResultsLog: Info MousePawn.cpp
[2015.11.27-12.30.44:060][279]CompilerResultsLog: Info Combat.cpp
[2015.11.27-12.30.44:060][279]CompilerResultsLog: Info Fleet.cpp
[2015.11.27-12.30.44:060][279]CompilerResultsLog: Info Star.cpp
[2015.11.27-12.30.44:060][279]CompilerResultsLog: Info SpaceGame.generated.cpp
[2015.11.27-12.30.44:060][279]CompilerResultsLog: Info [7/7] Link UE4Editor-SpaceGame-6635.dll
[2015.11.27-12.30.44:060][279]CompilerResultsLog: Info    Creating library C:\Users\Spellabbet\Documents\Unreal Projects\SpaceGame\Project\SpaceGame\Intermediate/Build/Win64\UE4Editor\Development\UE4Editor-SpaceGame-6635.lib and object C:\Users\Spellabbet\Documents\Unreal Projects\SpaceGame\Project\SpaceGame\Intermediate/Build/Win64\UE4Editor\Development\UE4Editor-SpaceGame-6635.exp
[2015.11.27-12.30.44:060][279]CompilerResultsLog: Info -------- End Detailed Actions Stats -----------------------------------------------------------
[2015.11.27-12.30.44:060][279]CompilerResultsLog: Info Total build time: 11,43 seconds
[2015.11.27-12.30.44:060][279]LogMainFrame: MainFrame: Module compiling took 11.473 seconds
[2015.11.27-12.30.44:092][279]LogClass: Could not find existing class Fleet in package /Script/SpaceGame for HotReload, assuming new class
[2015.11.27-12.30.44:092][279]LogClass: Function OnBeginOverlap is new.
[2015.11.27-12.30.44:092][279]LogClass: Function OnEndOverlap is new.
[2015.11.27-12.30.44:095][279]LogClass: FleetState HotReload.
[2015.11.27-12.30.44:095][279]LogClass: OwnedBy HotReload.
[2015.11.27-12.30.44:096][279]LogHotReload: Re-instancing Fleet after hot-reload.
[2015.11.27-12.30.44:116][279]LogContentBrowser: Native class hierarchy updated for 'SpaceGame' in 0.0010 seconds. Added 8 classes and 2 folders.
[2015.11.27-12.30.44:117][279]Warning: HotReload successful (5 functions remapped  0 scriptstructs remapped)
[2015.11.27-12.30.44:182][279]LogContentBrowser: Native class hierarchy populated in 0.0069 seconds. Added 1876 classes and 337 folders.
[2015.11.27-12.30.45:674][456]LogBlueprintUserMessages: Early PlayInEditor Detection: Level '/Game/Maps/Untitled.Untitled:PersistentLevel' has LevelScriptBlueprint '/Game/Maps/Untitled.Untitled:PersistentLevel.Untitled' with GeneratedClass '/Game/Maps/Untitled.Untitled_C' with ClassGeneratedBy '/Game/Maps/Untitled.Untitled:PersistentLevel.Untitled'
[2015.11.27-12.30.45:674][456]LogPlayLevel: PlayLevel: No blueprints needed recompiling
[2015.11.27-12.30.45:674][456]PIE: New page: PIE session: Untitled (Nov 27, 2015, 2:30:45 PM)
[2015.11.27-12.30.45:674][456]LogPlayLevel: Creating play world package: /Game/Maps/UEDPIE_0_Untitled
[2015.11.27-12.30.45:678][456]LogPlayLevel: PIE: StaticDuplicateObject took: (0.003556s)
[2015.11.27-12.30.45:679][456]LogAIModule: Creating AISystem for world Untitled
[2015.11.27-12.30.45:679][456]LogPlayLevel: PIE: World Init took: (0.000872s)
[2015.11.27-12.30.45:679][456]LogPlayLevel: PIE: Created PIE world by copying editor world from /Game/Maps/Untitled.Untitled to /Game/Maps/UEDPIE_0_Untitled.Untitled (0.004699s)
[2015.11.27-12.30.45:693][456]LogInit: XAudio2 using 'Speakers (4- High Definition Audio Device)' : 2 channels at 44.1 kHz using 16 bits per sample (channel mask 0x3)
[2015.11.27-12.30.45:697][456]LogInit: FAudioDevice initialized.
[2015.11.27-12.30.45:778][456]LogWorld: Game class is 'GameModeBP_C'
[2015.11.27-12.30.45:780][456]LogWorld: Bringing World /Game/Maps/UEDPIE_0_Untitled.Untitled up for play (max tick rate 0) at 2015.11.27-13.30.45
[2015.11.27-12.30.45:780][456]LogActor:Warning: GameSession /Game/Maps/UEDPIE_0_Untitled.Untitled:PersistentLevel.GameSession_0 has natively added scene component(s), but none of them were set as the actor's RootComponent - picking one arbitrarily
[2015.11.27-12.30.45:780][456]LogActor:Warning: GameNetworkManager /Game/Maps/UEDPIE_0_Untitled.Untitled:PersistentLevel.GameNetworkManager_0 has natively added scene component(s), but none of them were set as the actor's RootComponent - picking one arbitrarily
[2015.11.27-12.30.45:781][456]LogWorld: Bringing up level for play took: 0.001712
[2015.11.27-12.30.45:782][456]PIE: Info Play in editor start time for /Game/Maps/UEDPIE_0_Untitled -0.187
[2015.11.27-12.30.45:782][456]LogBlueprintUserMessages: Late PlayInEditor Detection: Level '/Game/Maps/Untitled.Untitled:PersistentLevel' has LevelScriptBlueprint '/Game/Maps/Untitled.Untitled:PersistentLevel.Untitled' with GeneratedClass '/Game/Maps/Untitled.Untitled_C' with ClassGeneratedBy '/Game/Maps/Untitled.Untitled:PersistentLevel.Untitled'
[2015.11.27-12.30.47:559][652]LogCrashTracker: 


[2015.11.27-12.30.47:559][652]LogCrashTracker: 


[2015.11.27-12.30.47:559][652]LogWindows: === Critical error: ===
Fatal error!



[2015.11.27-12.30.47:663][652]LogExit: Executing StaticShutdownAfterError
[2015.11.27-12.30.47:665][652]LogOutputDevice:Warning: 

Script Stack:
MouseControllerBP_C.ExecuteUbergraph_MouseControllerBP
MouseControllerBP_C.InpActEvt_RightMouseButton_K2Node_InputKeyEvent_3

[2015.11.27-12.30.47:666][652]LogPhysics:Warning: PHYSX: ..\..\PhysX\src\NpScene.cpp (2946) 8 : PxScene::unlockWrite() called without matching call to PxScene::lockWrite(), behaviour will be undefined.
[2015.11.27-12.30.47:666][652]LogPhysics:Warning: PHYSX: ..\..\PhysX\src\NpScene.cpp (2946) 8 : PxScene::unlockWrite() called without matching call to PxScene::lockWrite(), behaviour will be undefined.
[2015.11.27-12.30.47:666][652]LogPhysics:Warning: PHYSX: ..\..\PhysX\src\NpScene.cpp (2946) 8 : PxScene::unlockWrite() called without matching call to PxScene::lockWrite(), behaviour will be undefined.
[2015.11.27-12.30.47:666][652]LogPhysics:Warning: PHYSX: ..\..\PhysX\src\NpScene.cpp (2946) 8 : PxScene::unlockWrite() called without matching call to PxScene::lockWrite(), behaviour will be undefined.
[2015.11.27-12.30.47:666][652]LogWindows: FPlatformMisc::RequestExit(1)
[2015.11.27-12.30.47:666][652]Log file closed, 11/27/15 13:30:47
