[2015.11.27-11.48.49:400][  0]Log file open, 11/27/15 12:48:49
[2015.11.27-11.48.49:400][  0]LogInit:Display: Running engine without a game
[2015.11.27-11.48.49:400][  0]LogInit:Display: Loading recent project file: ../../../../../../Users/Spellabbet/Documents/Unreal Projects/SpaceGame/Project/SpaceGame/SpaceGame.uproject
[2015.11.27-11.48.49:400][  0]LogInit:Display: RandInit(31099241) SRandInit(31099243).
[2015.11.27-11.48.49:400][  0]LogTaskGraph: Started task graph with 4 named threads and 7 total threads.
[2015.11.27-11.48.49:400][  0]LogStats: Stats thread started at 0.069615
[2015.11.27-11.48.49:400][  0]LogInit: Version: 4.9.2-2707645+++depot+UE4-Releases+4.9
[2015.11.27-11.48.49:400][  0]LogInit: API Version: 2672455
[2015.11.27-11.48.49:400][  0]LogInit: Compiled (64-bit): Sep 28 2015 10:25:44
[2015.11.27-11.48.49:400][  0]LogInit: Compiled with Visual C++: 18.00.21005.01
[2015.11.27-11.48.49:400][  0]LogInit: Build Configuration: Development
[2015.11.27-11.48.49:400][  0]LogInit: Branch Name: ++depot+UE4-Releases+4.9
[2015.11.27-11.48.49:400][  0]LogInit: Command line: 
[2015.11.27-11.48.49:400][  0]LogInit: Base directory: C:/Program Files/Epic Games/4.9/Engine/Binaries/Win64/
[2015.11.27-11.48.49:400][  0]LogInit: Rocket: 1
[2015.11.27-11.48.49:407][  0]LogInit: Using libcurl 7.41.0
[2015.11.27-11.48.49:407][  0]LogInit:  - built for x86_64-pc-win32
[2015.11.27-11.48.49:407][  0]LogInit:  - supports SSL with WinSSL
[2015.11.27-11.48.49:407][  0]LogInit:  - other features:
[2015.11.27-11.48.49:407][  0]LogInit:      CURL_VERSION_SSL
[2015.11.27-11.48.49:407][  0]LogInit:      CURL_VERSION_IPV6
[2015.11.27-11.48.49:407][  0]LogInit:      CURL_VERSION_ASYNCHDNS
[2015.11.27-11.48.49:407][  0]LogInit:      CURL_VERSION_LARGEFILE
[2015.11.27-11.48.49:407][  0]LogInit:      CURL_VERSION_IDN
[2015.11.27-11.48.49:407][  0]LogInit:  CurlRequestOptions (configurable via config and command line):
[2015.11.27-11.48.49:407][  0]LogInit:  - bVerifyPeer = true  - Libcurl will verify peer certificate
[2015.11.27-11.48.49:407][  0]LogInit:  - bUseHttpProxy = false  - Libcurl will NOT use HTTP proxy
[2015.11.27-11.48.49:407][  0]LogInit:  - bDontReuseConnections = false  - Libcurl will reuse connections
[2015.11.27-11.48.49:407][  0]LogInit:  - CertBundlePath = nullptr  - Libcurl will use whatever was configured at build time.
[2015.11.27-11.48.49:415][  0]LogInit: Presizing for 0 objects not considered by GC, pre-allocating 0 bytes.
[2015.11.27-11.48.49:420][  0]LogInit: Object subsystem initialized
[2015.11.27-11.48.49:422][  0]LogInit: Selected Device Profile: [Windows]
[2015.11.27-11.48.49:422][  0]LogInit: Applying CVar settings loaded from the selected device profile: [Windows]
[2015.11.27-11.48.49:429][  0]LogInit: Computer: SpellabbA332-09
[2015.11.27-11.48.49:429][  0]LogInit: User: Spellabbet
[2015.11.27-11.48.49:429][  0]LogInit: CPU Page size=4096, Cores=4
[2015.11.27-11.48.49:429][  0]LogInit: High frequency timer resolution =3.507519 MHz
[2015.11.27-11.48.49:429][  0]LogMemory: Memory total: Physical=15.9GB (16GB approx)
[2015.11.27-11.48.49:429][  0]LogMemory: Platform Memory Stats for Windows
[2015.11.27-11.48.49:429][  0]LogMemory: Process Physical Memory: 52.16 MB used, 52.16 MB peak
[2015.11.27-11.48.49:429][  0]LogMemory: Process Virtual Memory: 55.07 MB used, 55.07 MB peak
[2015.11.27-11.48.49:429][  0]LogMemory: Physical Memory: 4252.75 MB used, 16318.82 MB total
[2015.11.27-11.48.49:429][  0]LogMemory: Virtual Memory: 347.38 MB used, 134217728.00 MB total
[2015.11.27-11.48.49:457][  0]LogTextLocalizationManager: No translations for ('sv-SE') exist, falling back to 'en' for localization and internationalization data.
[2015.11.27-11.48.50:064][  0]LogD3D11RHI: Found D3D11 adapter 0: NVIDIA GeForce GTX 960 (Feature Level 11_0)
[2015.11.27-11.48.50:064][  0]LogD3D11RHI: Adapter has 1965MB of dedicated video memory, 0MB of dedicated system memory, and 2048MB of shared system memory, 1 output[s]
[2015.11.27-11.48.50:065][  0]LogD3D11RHI: Found D3D11 adapter 1: Microsoft Basic Render Driver (Feature Level 11_0)
[2015.11.27-11.48.50:065][  0]LogD3D11RHI: Adapter has 0MB of dedicated video memory, 0MB of dedicated system memory, and 256MB of shared system memory, 0 output[s]
[2015.11.27-11.48.50:065][  0]LogD3D11RHI: Chosen D3D11 Adapter Id = 0
[2015.11.27-11.48.50:067][  0]LogD3D11RHI: !Direct3DDevice
[2015.11.27-11.48.50:067][  0]LogRHI: Texture pool is 1361 MB (70% of 1945 MB)
[2015.11.27-11.48.50:077][  0]LogD3D11RHI: Async texture creation enabled
[2015.11.27-11.48.50:091][  0]LogShaderCompilers: Guid format shader working directory is 15 characters bigger than the processId version (../../../../../../Users/Spellabbet/Documents/Unreal Projects/SpaceGame/Project/SpaceGame/Intermediate/Shaders/WorkingDirectory/5788/).
[2015.11.27-11.48.50:092][  0]LogShaderCompilers: Cleaned the shader compiler working directory '../../../../../../Users/Spellabbet/Documents/Unreal Projects/SpaceGame/Project/SpaceGame/Intermediate/Shaders/tmp/194B41034A6391788ED0AEAA6606C115/'.
[2015.11.27-11.48.50:092][  0]LogShaderCompilers:Display: Using Local Shader Compiler.
[2015.11.27-11.48.51:017][  0]LogTemp:Display: Loaded TP AllDesktopTargetPlatform
[2015.11.27-11.48.51:021][  0]LogTemp:Display: Loaded TP WindowsClientTargetPlatform
[2015.11.27-11.48.51:025][  0]LogTemp:Display: Loaded TP WindowsNoEditorTargetPlatform
[2015.11.27-11.48.51:030][  0]LogTemp:Display: Loaded TP WindowsServerTargetPlatform
[2015.11.27-11.48.51:034][  0]LogTemp:Display: Loaded TP WindowsTargetPlatform
[2015.11.27-11.48.51:036][  0]LogTemp:Display: Loaded TP AndroidTargetPlatform
[2015.11.27-11.48.51:039][  0]LogTemp:Display: Loaded TP Android_ASTCTargetPlatform
[2015.11.27-11.48.51:042][  0]LogTemp:Display: Loaded TP Android_ATCTargetPlatform
[2015.11.27-11.48.51:045][  0]LogTemp:Display: Loaded TP Android_DXTTargetPlatform
[2015.11.27-11.48.51:050][  0]LogTemp:Display: Loaded TP Android_ETC1TargetPlatform
[2015.11.27-11.48.51:054][  0]LogTemp:Display: Loaded TP Android_ETC2TargetPlatform
[2015.11.27-11.48.51:058][  0]LogTemp:Display: Loaded TP Android_PVRTCTargetPlatform
[2015.11.27-11.48.51:059][  0]LogTemp:Display: Loaded TP HTML5TargetPlatform
[2015.11.27-11.48.51:075][  0]LogTemp:Display: Loaded TP IOSTargetPlatform
[2015.11.27-11.48.51:077][  0]LogTemp:Display: Loaded TP LinuxNoEditorTargetPlatform
[2015.11.27-11.48.51:080][  0]LogTemp:Display: Loaded TP LinuxServerTargetPlatform
[2015.11.27-11.48.51:083][  0]LogTemp:Display: Loaded TP LinuxTargetPlatform
[2015.11.27-11.48.51:083][  0]LogTargetPlatformManager:Display: Building Assets For Windows
[2015.11.27-11.48.51:173][  0]LogDerivedDataCache:Display: Max Cache Size: 512 MB
[2015.11.27-11.48.51:207][  0]LogDerivedDataCache: Loaded boot cache 0.03s 41MB C:/Users/Spellabbet/AppData/Local/UnrealEngine/4.9/DerivedDataCache/Boot.ddc.
[2015.11.27-11.48.51:207][  0]LogDerivedDataCache:Display: Loaded Boot cache: C:/Users/Spellabbet/AppData/Local/UnrealEngine/4.9/DerivedDataCache/Boot.ddc
[2015.11.27-11.48.51:207][  0]LogDerivedDataCache: FDerivedDataBackendGraph:  Pak pak cache file ../../../../../../Users/Spellabbet/Documents/Unreal Projects/SpaceGame/Project/SpaceGame/DerivedDataCache/DDC.ddp not found, will not use a pak cache.
[2015.11.27-11.48.51:207][  0]LogDerivedDataCache: Unable to find inner node Pak for hierarchical cache Hierarchy.
[2015.11.27-11.48.51:207][  0]LogDerivedDataCache: FDerivedDataBackendGraph:  CompressedPak pak cache file ../../../../../../Users/Spellabbet/Documents/Unreal Projects/SpaceGame/Project/SpaceGame/DerivedDataCache/Compressed.ddp not found, will not use a pak cache.
[2015.11.27-11.48.51:207][  0]LogDerivedDataCache: Unable to find inner node CompressedPak for hierarchical cache Hierarchy.
[2015.11.27-11.48.51:325][  0]LogDerivedDataCache:Display: Pak cache opened for reading ../../../Engine/DerivedDataCache/Compressed.ddp.
[2015.11.27-11.48.51:337][  0]LogDerivedDataCache: Using Local data cache path C:/Users/Spellabbet/AppData/Local/UnrealEngine/Common/DerivedDataCache: Writable
[2015.11.27-11.48.51:523][  0]LogInit: Selected Device Profile: [Windows]
[2015.11.27-11.48.51:525][  0]LogContentStreaming: Texture pool size is 0.000000MB
[2015.11.27-11.48.51:629][  0]LogMeshUtilities: No automatic mesh reduction module available
[2015.11.27-11.48.51:629][  0]LogMeshUtilities: No automatic mesh merging module available
[2015.11.27-11.48.51:821][  0]LogInit: WinSock: version 1.1 (2.2), MaxSocks=32767, MaxUdp=65467
[2015.11.27-11.48.52:432][  0]UdpMessaging: Initializing bridge on interface 0.0.0.0:0 to multicast group 230.0.0.1:6666.
[2015.11.27-11.48.52:552][  0]LogAssetRegistry: FAssetRegistry took 0.0106 seconds to start up
[2015.11.27-11.48.52:723][  0]SourceControl: Info Source control is disabled
[2015.11.27-11.48.52:729][  0]SourceControl: Info Source control is disabled
[2015.11.27-11.48.52:745][  0]SourceControl: Info Source control is disabled
[2015.11.27-11.48.52:762][  0]SourceControl: Info Source control is disabled
[2015.11.27-11.48.52:996][  0]LogLinker:Warning: Asset '../../../Engine/Plugins/Runtime/LeapMotionController/Content/LM_PassthroughMaterial.uasset' has been saved with empty engine version. The asset will be loaded but may be incompatible.
[2015.11.27-11.48.53:109][  0]LogObj: 28437 objects as part of root set at end of initial load.
[2015.11.27-11.48.53:109][  0]LogUObjectAllocator: 6068432 out of 0 bytes used by permanent object pool.
[2015.11.27-11.48.53:164][  0]LogEngine: Initializing Engine...
[2015.11.27-11.48.53:166][  0]LogHMD: Can't find Oculus library dev build: is proper Runtime installed? Version: 0.7.0.0
[2015.11.27-11.48.53:167][  0]LogHMD: SteamVR failed to initialize.  Err: 110
[2015.11.27-11.48.53:260][  0]LogAIModule: Creating AISystem for world NewWorld
[2015.11.27-11.48.53:265][  0]LogInit: XAudio2 using 'Speakers (4- High Definition Audio Device)' : 2 channels at 44.1 kHz using 16 bits per sample (channel mask 0x3)
[2015.11.27-11.48.53:274][  0]LogInit: FAudioDevice initialized.
[2015.11.27-11.48.53:291][  0]LogDerivedDataCache: Saved boot cache 0.02s 41MB C:/Users/Spellabbet/AppData/Local/UnrealEngine/4.9/DerivedDataCache/Boot.ddc.
[2015.11.27-11.48.53:294][  0]LogInit: Texture streaming: Enabled
[2015.11.27-11.48.53:299][  0]LogAnalytics: Creating configured Analytics provider AnalyticsET
[2015.11.27-11.48.53:299][  0]LogAnalytics: [UEEditor.Rocket.Release] APIServer = http://et2.epicgames.com/ET2/. AppVersion = 4.9.2-2707645+++depot+UE4-Releases+4.9
[2015.11.27-11.48.53:299][  0]LogAnalytics: [UEEditor.Rocket.Release] SetUserId 634ab0cb456977c100e99f821f1d4277|7ebf86fc13e44331864479a64887c1c8|060e5e79-a789-49c4-8abd-5d8b330400a7
[2015.11.27-11.48.53:299][  0]LogAnalytics: [UEEditor.Rocket.Release] AnalyticsET::StartSession
[2015.11.27-11.48.53:315][  0]LogInit: Transaction tracking system initialized
[2015.11.27-11.48.53:336][  0]BlueprintLog: New page: Editor Load
[2015.11.27-11.48.53:400][  0]LocalizationService: Info Localization service is disabled
[2015.11.27-11.48.53:481][  0]LogConsoleResponse:Display: 
[2015.11.27-11.48.53:583][  0]LogCook:Display: Done creating registry. It took  0.00s.
[2015.11.27-11.48.53:654][  0]LogFileCache: Scanning file cache for directory 'C:/Users/Spellabbet/Documents/Unreal Projects/SpaceGame/Project/SpaceGame/Content/' took 0.01s
[2015.11.27-11.48.53:654][  0]SourceControl: Info Source control is disabled
[2015.11.27-11.48.53:655][  0]Cmd: MAP LOAD FILE="../../../Engine/Content/Maps/Templates/Template_Default.umap" TEMPLATE=1 SHOWPROGRESS=1 FEATURELEVEL=3
[2015.11.27-11.48.53:655][  0]LightingResults: New page: Lighting Build
[2015.11.27-11.48.53:659][  0]MapCheck: New page: Map Check
[2015.11.27-11.48.53:659][  0]LightingResults: New page: Lighting Build
[2015.11.27-11.48.53:669][  0]LogParticles: Destroying 0 GPU particle simulations for FXSystem 0x00000054DF73A160
[2015.11.27-11.48.53:915][  0]LogAIModule: Creating AISystem for world Untitled_1
[2015.11.27-11.48.53:918][  0]LogEditorServer: Finished looking for orphan Actors (0.000 secs)
[2015.11.27-11.48.53:922][  0]Cmd: MAP CHECKDEP NOCLEARLOG
[2015.11.27-11.48.53:951][  0]MapCheck: Info Map check complete: 0 Error(s), 0 Warning(s), took 28.187ms to complete.
[2015.11.27-11.48.53:951][  0]LogFileHelpers: Loading map 'Template_Default' took 0.296
[2015.11.27-11.48.54:045][  0]LogCollectionManager: Loaded 0 collections in 0.002220 seconds
[2015.11.27-11.48.54:086][  0]LogFileCache: Scanning file cache for directory 'C:/Users/Spellabbet/Documents/Unreal Projects/SpaceGame/Project/SpaceGame/Saved/Collections/' took 0.01s
[2015.11.27-11.48.54:086][  0]LogFileCache: Scanning file cache for directory 'C:/Users/Spellabbet/Documents/Unreal Projects/SpaceGame/Project/SpaceGame/Content/Developers/Spellabbet/Collections/' took 0.01s
[2015.11.27-11.48.54:086][  0]LogFileCache: Scanning file cache for directory 'C:/Users/Spellabbet/Documents/Unreal Projects/SpaceGame/Project/SpaceGame/Content/Collections/' took 0.01s
[2015.11.27-11.48.54:086][  0]LogContentBrowser: Native class hierarchy populated in 0.0066 seconds. Added 1875 classes and 335 folders.
[2015.11.27-11.48.54:090][  0]LogCollectionManager: Rebuilt the GUID cache for 0 collections in 0.000002 seconds
[2015.11.27-11.48.54:095][  0]LogContentBrowser: Native class hierarchy updated for 'WidgetCarousel' in 0.0009 seconds. Added 0 classes and 0 folders.
[2015.11.27-11.48.54:130][  0]LogContentBrowser: Native class hierarchy updated for 'AddContentDialog' in 0.0009 seconds. Added 0 classes and 0 folders.
[2015.11.27-11.48.54:138][  0]LogContentBrowser: Native class hierarchy updated for 'SceneOutliner' in 0.0009 seconds. Added 1 classes and 2 folders.
[2015.11.27-11.48.54:183][  0]LogCrashTracker: Crashtracker disabled due to settings.
[2015.11.27-11.48.54:187][  0]LogUObjectGlobals:Warning: Failed to find object 'Class None.'
[2015.11.27-11.48.54:209][  0]LogLoad: Full Startup: 5.88 seconds (BP compile: 0.04 seconds)
[2015.11.27-11.48.54:594][  0]LogContentStreaming: Texture pool size now 1000 MB
[2015.11.27-11.48.54:698][  0]LogRenderer: Reallocating scene render targets to support 1076x556 (Frame:2).
[2015.11.27-11.48.55:228][  2]LogAssetRegistry: Asset discovery search completed in 2.6869 seconds
[2015.11.27-11.48.55:228][  2]LogCollectionManager: Rebuilt the object cache for 0 collections in 0.000001 seconds (found 0 objects)
[2015.11.27-11.48.55:228][  2]LogCollectionManager: Fixed up redirectors for 0 collections in 0.000025 seconds (updated 0 objects)
[2015.11.27-11.49.49:972][171]Recompiling SpaceGame...
[2015.11.27-11.49.49:972][171]Launching UnrealBuildTool... [C:/Program Files/Epic Games/4.9/Engine/Binaries/DotNET/UnrealBuildTool.exe SpaceGame -ModuleWithSuffix SpaceGame 9041 Win64 Development -editorrecompile -canskiplink "C:/Users/Spellabbet/Documents/Unreal Projects/SpaceGame/Project/SpaceGame/SpaceGame.uproject" -rocket  -rocket]
[2015.11.27-11.49.49:973][171]Warning: Starting HotReload took  0.0s.
[2015.11.27-11.49.53:205][539]CompilerResultsLog: New page: Compilation - Nov 27, 2015, 1:49:53 PM
[2015.11.27-11.49.53:205][539]CompilerResultsLog: Info Compiling game modules for hot reload
[2015.11.27-11.49.53:205][539]CompilerResultsLog: Info Performing 2 actions (4 in parallel)
[2015.11.27-11.49.53:205][539]CompilerResultsLog: Info Fleet.cpp
[2015.11.27-11.49.53:205][539]CompilerResultsLog: Info [2/2] Link UE4Editor-SpaceGame-9041.dll
[2015.11.27-11.49.53:205][539]CompilerResultsLog: Info    Creating library C:\Users\Spellabbet\Documents\Unreal Projects\SpaceGame\Project\SpaceGame\Intermediate/Build/Win64\UE4Editor\Development\UE4Editor-SpaceGame-9041.lib and object C:\Users\Spellabbet\Documents\Unreal Projects\SpaceGame\Project\SpaceGame\Intermediate/Build/Win64\UE4Editor\Development\UE4Editor-SpaceGame-9041.exp
[2015.11.27-11.49.53:205][539]CompilerResultsLog: Info -------- End Detailed Actions Stats -----------------------------------------------------------
[2015.11.27-11.49.53:205][539]CompilerResultsLog: Info Total build time: 3,20 seconds
[2015.11.27-11.49.53:205][539]LogMainFrame: MainFrame: Module compiling took 3.236 seconds
[2015.11.27-11.49.53:253][539]LogClass: FleetState HotReload.
[2015.11.27-11.49.53:253][539]LogClass: OwnedBy HotReload.
[2015.11.27-11.49.53:256][539]LogContentBrowser: Native class hierarchy updated for 'SpaceGame' in 0.0010 seconds. Added 8 classes and 2 folders.
[2015.11.27-11.49.53:257][539]Warning: HotReload successful (7 functions remapped  0 scriptstructs remapped)
[2015.11.27-11.49.53:312][539]LogContentBrowser: Native class hierarchy populated in 0.0069 seconds. Added 1876 classes and 337 folders.
[2015.11.27-11.49.54:632][694]LogPlayLevel: PlayLevel: No blueprints needed recompiling
[2015.11.27-11.49.54:632][694]PIE: New page: PIE session: Untitled_1 (Nov 27, 2015, 1:49:54 PM)
[2015.11.27-11.49.54:632][694]LogPlayLevel: Creating play world package: /Temp/UEDPIE_0_Untitled_1
[2015.11.27-11.49.54:634][694]LogPlayLevel: PIE: StaticDuplicateObject took: (0.001426s)
[2015.11.27-11.49.54:635][694]LogAIModule: Creating AISystem for world Untitled_1
[2015.11.27-11.49.54:635][694]LogPlayLevel: PIE: World Init took: (0.000729s)
[2015.11.27-11.49.54:635][694]LogPlayLevel: PIE: Created PIE world by copying editor world from /Temp/Untitled_1.Untitled_1 to /Temp/UEDPIE_0_Untitled_1.Untitled_1 (0.002428s)
[2015.11.27-11.49.54:653][694]LogInit: XAudio2 using 'Speakers (4- High Definition Audio Device)' : 2 channels at 44.1 kHz using 16 bits per sample (channel mask 0x3)
[2015.11.27-11.49.54:661][694]LogInit: FAudioDevice initialized.
[2015.11.27-11.49.54:738][694]LogWorld: Game class is 'GameModeBP_C'
[2015.11.27-11.49.54:740][694]LogWorld: Bringing World /Temp/UEDPIE_0_Untitled_1.Untitled_1 up for play (max tick rate 0) at 2015.11.27-12.49.54
[2015.11.27-11.49.54:740][694]LogActor:Warning: GameSession /Temp/UEDPIE_0_Untitled_1.Untitled_1:PersistentLevel.GameSession_0 has natively added scene component(s), but none of them were set as the actor's RootComponent - picking one arbitrarily
[2015.11.27-11.49.54:740][694]LogActor:Warning: GameNetworkManager /Temp/UEDPIE_0_Untitled_1.Untitled_1:PersistentLevel.GameNetworkManager_0 has natively added scene component(s), but none of them were set as the actor's RootComponent - picking one arbitrarily
[2015.11.27-11.49.54:740][694]LogWorld: Bringing up level for play took: 0.001365
[2015.11.27-11.49.54:742][694]PIE: Info Play in editor start time for /Temp/UEDPIE_0_Untitled_1 0.773
[2015.11.27-11.49.55:463][773]LogParticles: Destroying 0 GPU particle simulations for FXSystem 0x00000054F80D9A80
[2015.11.27-11.49.56:955][945]LogAIModule: Creating AISystem for world Untitled
[2015.11.27-11.49.56:970][945]Cmd: MAP LOAD FILE="../../../../../../Users/Spellabbet/Documents/Unreal Projects/SpaceGame/Project/SpaceGame/Content/Maps/Untitled.umap" TEMPLATE=0 SHOWPROGRESS=1 FEATURELEVEL=3
[2015.11.27-11.49.56:970][945]LightingResults: New page: Lighting Build
[2015.11.27-11.49.56:984][945]LoadErrors: New page: Loading map: Untitled.umap
[2015.11.27-11.49.56:984][945]MapCheck: New page: Map Check
[2015.11.27-11.49.56:984][945]LightingResults: New page: Lighting Build
[2015.11.27-11.49.56:993][945]LogParticles: Destroying 0 GPU particle simulations for FXSystem 0x00000054D0C76A20
[2015.11.27-11.49.57:023][945]LogEditorServer: Finished looking for orphan Actors (0.000 secs)
[2015.11.27-11.49.57:049][945]Cmd: MAP CHECKDEP NOCLEARLOG
[2015.11.27-11.49.57:087][945]MapCheck: Info Map check complete: 0 Error(s), 0 Warning(s), took 38.64ms to complete.
[2015.11.27-11.49.57:088][945]LogFileHelpers: Loading map 'Untitled' took 0.118
[2015.11.27-11.49.58:027][ 51]LogBlueprintUserMessages: Early PlayInEditor Detection: Level '/Game/Maps/Untitled.Untitled:PersistentLevel' has LevelScriptBlueprint '/Game/Maps/Untitled.Untitled:PersistentLevel.Untitled' with GeneratedClass '/Game/Maps/Untitled.Untitled_C' with ClassGeneratedBy '/Game/Maps/Untitled.Untitled:PersistentLevel.Untitled'
[2015.11.27-11.49.58:027][ 51]LogPlayLevel: PlayLevel: No blueprints needed recompiling
[2015.11.27-11.49.58:027][ 51]PIE: New page: PIE session: Untitled (Nov 27, 2015, 1:49:58 PM)
[2015.11.27-11.49.58:027][ 51]LogPlayLevel: Creating play world package: /Game/Maps/UEDPIE_0_Untitled
[2015.11.27-11.49.58:031][ 51]LogPlayLevel: PIE: StaticDuplicateObject took: (0.004143s)
[2015.11.27-11.49.58:032][ 51]LogAIModule: Creating AISystem for world Untitled
[2015.11.27-11.49.58:032][ 51]LogPlayLevel: PIE: World Init took: (0.000789s)
[2015.11.27-11.49.58:032][ 51]LogPlayLevel: PIE: Created PIE world by copying editor world from /Game/Maps/Untitled.Untitled to /Game/Maps/UEDPIE_0_Untitled.Untitled (0.005256s)
[2015.11.27-11.49.58:050][ 51]LogInit: XAudio2 using 'Speakers (4- High Definition Audio Device)' : 2 channels at 44.1 kHz using 16 bits per sample (channel mask 0x3)
[2015.11.27-11.49.58:057][ 51]LogInit: FAudioDevice initialized.
[2015.11.27-11.49.58:092][ 51]LogWorld: Game class is 'GameModeBP_C'
[2015.11.27-11.49.58:094][ 51]LogWorld: Bringing World /Game/Maps/UEDPIE_0_Untitled.Untitled up for play (max tick rate 0) at 2015.11.27-12.49.58
[2015.11.27-11.49.58:094][ 51]LogActor:Warning: GameSession /Game/Maps/UEDPIE_0_Untitled.Untitled:PersistentLevel.GameSession_1 has natively added scene component(s), but none of them were set as the actor's RootComponent - picking one arbitrarily
[2015.11.27-11.49.58:094][ 51]LogActor:Warning: GameNetworkManager /Game/Maps/UEDPIE_0_Untitled.Untitled:PersistentLevel.GameNetworkManager_1 has natively added scene component(s), but none of them were set as the actor's RootComponent - picking one arbitrarily
[2015.11.27-11.49.58:094][ 51]LogWorld: Bringing up level for play took: 0.001608
[2015.11.27-11.49.58:095][ 51]PIE: Info Play in editor start time for /Game/Maps/UEDPIE_0_Untitled 0.125
[2015.11.27-11.49.58:095][ 51]LogBlueprintUserMessages: Late PlayInEditor Detection: Level '/Game/Maps/Untitled.Untitled:PersistentLevel' has LevelScriptBlueprint '/Game/Maps/Untitled.Untitled:PersistentLevel.Untitled' with GeneratedClass '/Game/Maps/Untitled.Untitled_C' with ClassGeneratedBy '/Game/Maps/Untitled.Untitled:PersistentLevel.Untitled'
[2015.11.27-11.49.59:783][227]LogCrashTracker: 


[2015.11.27-11.49.59:783][227]LogCrashTracker: 


[2015.11.27-11.49.59:783][227]LogWindows: === Critical error: ===
Fatal error!



[2015.11.27-11.49.59:883][227]LogExit: Executing StaticShutdownAfterError
[2015.11.27-11.49.59:885][227]LogOutputDevice:Warning: 

Script Stack:
MouseControllerBP_C.ExecuteUbergraph_MouseControllerBP
MouseControllerBP_C.InpActEvt_RightMouseButton_K2Node_InputKeyEvent_3

[2015.11.27-11.49.59:886][227]LogPhysics:Warning: PHYSX: ..\..\PhysX\src\NpScene.cpp (2946) 8 : PxScene::unlockWrite() called without matching call to PxScene::lockWrite(), behaviour will be undefined.
[2015.11.27-11.49.59:886][227]LogPhysics:Warning: PHYSX: ..\..\PhysX\src\NpScene.cpp (2946) 8 : PxScene::unlockWrite() called without matching call to PxScene::lockWrite(), behaviour will be undefined.
[2015.11.27-11.49.59:886][227]LogPhysics:Warning: PHYSX: ..\..\PhysX\src\NpScene.cpp (2946) 8 : PxScene::unlockWrite() called without matching call to PxScene::lockWrite(), behaviour will be undefined.
[2015.11.27-11.49.59:886][227]LogPhysics:Warning: PHYSX: ..\..\PhysX\src\NpScene.cpp (2946) 8 : PxScene::unlockWrite() called without matching call to PxScene::lockWrite(), behaviour will be undefined.
[2015.11.27-11.49.59:886][227]LogWindows: FPlatformMisc::RequestExit(1)
[2015.11.27-11.49.59:886][227]Log file closed, 11/27/15 12:49:59
