[2015.11.27-10.45.29:073][  0]Log file open, 11/27/15 11:45:29
[2015.11.27-10.45.29:073][  0]LogInit:Display: Running engine without a game
[2015.11.27-10.45.29:073][  0]LogInit:Display: Loading recent project file: ../../../../../../Users/Spellabbet/Documents/Unreal Projects/SpaceGame/Project/SpaceGame/SpaceGame.uproject
[2015.11.27-10.45.29:073][  0]LogInit:Display: RandInit(-413143783) SRandInit(-413143782).
[2015.11.27-10.45.29:073][  0]LogTaskGraph: Started task graph with 4 named threads and 7 total threads.
[2015.11.27-10.45.29:073][  0]LogStats: Stats thread started at 0.069877
[2015.11.27-10.45.29:073][  0]LogInit: Version: 4.9.2-2707645+++depot+UE4-Releases+4.9
[2015.11.27-10.45.29:073][  0]LogInit: API Version: 2672455
[2015.11.27-10.45.29:073][  0]LogInit: Compiled (64-bit): Sep 28 2015 10:25:44
[2015.11.27-10.45.29:073][  0]LogInit: Compiled with Visual C++: 18.00.21005.01
[2015.11.27-10.45.29:073][  0]LogInit: Build Configuration: Development
[2015.11.27-10.45.29:073][  0]LogInit: Branch Name: ++depot+UE4-Releases+4.9
[2015.11.27-10.45.29:073][  0]LogInit: Command line: 
[2015.11.27-10.45.29:073][  0]LogInit: Base directory: C:/Program Files/Epic Games/4.9/Engine/Binaries/Win64/
[2015.11.27-10.45.29:073][  0]LogInit: Rocket: 1
[2015.11.27-10.45.29:080][  0]LogInit: Using libcurl 7.41.0
[2015.11.27-10.45.29:080][  0]LogInit:  - built for x86_64-pc-win32
[2015.11.27-10.45.29:080][  0]LogInit:  - supports SSL with WinSSL
[2015.11.27-10.45.29:080][  0]LogInit:  - other features:
[2015.11.27-10.45.29:080][  0]LogInit:      CURL_VERSION_SSL
[2015.11.27-10.45.29:080][  0]LogInit:      CURL_VERSION_IPV6
[2015.11.27-10.45.29:080][  0]LogInit:      CURL_VERSION_ASYNCHDNS
[2015.11.27-10.45.29:080][  0]LogInit:      CURL_VERSION_LARGEFILE
[2015.11.27-10.45.29:080][  0]LogInit:      CURL_VERSION_IDN
[2015.11.27-10.45.29:080][  0]LogInit:  CurlRequestOptions (configurable via config and command line):
[2015.11.27-10.45.29:080][  0]LogInit:  - bVerifyPeer = true  - Libcurl will verify peer certificate
[2015.11.27-10.45.29:080][  0]LogInit:  - bUseHttpProxy = false  - Libcurl will NOT use HTTP proxy
[2015.11.27-10.45.29:080][  0]LogInit:  - bDontReuseConnections = false  - Libcurl will reuse connections
[2015.11.27-10.45.29:080][  0]LogInit:  - CertBundlePath = nullptr  - Libcurl will use whatever was configured at build time.
[2015.11.27-10.45.29:085][  0]LogInit: Presizing for 0 objects not considered by GC, pre-allocating 0 bytes.
[2015.11.27-10.45.29:091][  0]LogInit: Object subsystem initialized
[2015.11.27-10.45.29:092][  0]LogInit: Selected Device Profile: [Windows]
[2015.11.27-10.45.29:092][  0]LogInit: Applying CVar settings loaded from the selected device profile: [Windows]
[2015.11.27-10.45.29:099][  0]LogInit: Computer: SpellabbA332-09
[2015.11.27-10.45.29:099][  0]LogInit: User: Spellabbet
[2015.11.27-10.45.29:099][  0]LogInit: CPU Page size=4096, Cores=4
[2015.11.27-10.45.29:099][  0]LogInit: High frequency timer resolution =3.507519 MHz
[2015.11.27-10.45.29:099][  0]LogMemory: Memory total: Physical=15.9GB (16GB approx)
[2015.11.27-10.45.29:099][  0]LogMemory: Platform Memory Stats for Windows
[2015.11.27-10.45.29:099][  0]LogMemory: Process Physical Memory: 52.11 MB used, 52.11 MB peak
[2015.11.27-10.45.29:099][  0]LogMemory: Process Virtual Memory: 57.00 MB used, 57.00 MB peak
[2015.11.27-10.45.29:099][  0]LogMemory: Physical Memory: 4025.21 MB used, 16318.82 MB total
[2015.11.27-10.45.29:099][  0]LogMemory: Virtual Memory: 349.31 MB used, 134217728.00 MB total
[2015.11.27-10.45.29:126][  0]LogTextLocalizationManager: No translations for ('sv-SE') exist, falling back to 'en' for localization and internationalization data.
[2015.11.27-10.45.29:767][  0]LogD3D11RHI: Found D3D11 adapter 0: NVIDIA GeForce GTX 960 (Feature Level 11_0)
[2015.11.27-10.45.29:767][  0]LogD3D11RHI: Adapter has 1965MB of dedicated video memory, 0MB of dedicated system memory, and 2048MB of shared system memory, 1 output[s]
[2015.11.27-10.45.29:768][  0]LogD3D11RHI: Found D3D11 adapter 1: Microsoft Basic Render Driver (Feature Level 11_0)
[2015.11.27-10.45.29:768][  0]LogD3D11RHI: Adapter has 0MB of dedicated video memory, 0MB of dedicated system memory, and 256MB of shared system memory, 0 output[s]
[2015.11.27-10.45.29:768][  0]LogD3D11RHI: Chosen D3D11 Adapter Id = 0
[2015.11.27-10.45.29:770][  0]LogD3D11RHI: !Direct3DDevice
[2015.11.27-10.45.29:770][  0]LogRHI: Texture pool is 1361 MB (70% of 1945 MB)
[2015.11.27-10.45.29:780][  0]LogD3D11RHI: Async texture creation enabled
[2015.11.27-10.45.29:795][  0]LogShaderCompilers: Guid format shader working directory is 15 characters bigger than the processId version (../../../../../../Users/Spellabbet/Documents/Unreal Projects/SpaceGame/Project/SpaceGame/Intermediate/Shaders/WorkingDirectory/3368/).
[2015.11.27-10.45.29:795][  0]LogShaderCompilers: Cleaned the shader compiler working directory '../../../../../../Users/Spellabbet/Documents/Unreal Projects/SpaceGame/Project/SpaceGame/Intermediate/Shaders/tmp/83CEF02F4431459722692692CC4B9087/'.
[2015.11.27-10.45.29:795][  0]LogShaderCompilers:Display: Using Local Shader Compiler.
[2015.11.27-10.45.30:687][  0]LogTemp:Display: Loaded TP AllDesktopTargetPlatform
[2015.11.27-10.45.30:691][  0]LogTemp:Display: Loaded TP WindowsClientTargetPlatform
[2015.11.27-10.45.30:696][  0]LogTemp:Display: Loaded TP WindowsNoEditorTargetPlatform
[2015.11.27-10.45.30:700][  0]LogTemp:Display: Loaded TP WindowsServerTargetPlatform
[2015.11.27-10.45.30:704][  0]LogTemp:Display: Loaded TP WindowsTargetPlatform
[2015.11.27-10.45.30:707][  0]LogTemp:Display: Loaded TP AndroidTargetPlatform
[2015.11.27-10.45.30:709][  0]LogTemp:Display: Loaded TP Android_ASTCTargetPlatform
[2015.11.27-10.45.30:712][  0]LogTemp:Display: Loaded TP Android_ATCTargetPlatform
[2015.11.27-10.45.30:714][  0]LogTemp:Display: Loaded TP Android_DXTTargetPlatform
[2015.11.27-10.45.30:717][  0]LogTemp:Display: Loaded TP Android_ETC1TargetPlatform
[2015.11.27-10.45.30:720][  0]LogTemp:Display: Loaded TP Android_ETC2TargetPlatform
[2015.11.27-10.45.30:723][  0]LogTemp:Display: Loaded TP Android_PVRTCTargetPlatform
[2015.11.27-10.45.30:723][  0]LogTemp:Display: Loaded TP HTML5TargetPlatform
[2015.11.27-10.45.30:739][  0]LogTemp:Display: Loaded TP IOSTargetPlatform
[2015.11.27-10.45.30:742][  0]LogTemp:Display: Loaded TP LinuxNoEditorTargetPlatform
[2015.11.27-10.45.30:744][  0]LogTemp:Display: Loaded TP LinuxServerTargetPlatform
[2015.11.27-10.45.30:747][  0]LogTemp:Display: Loaded TP LinuxTargetPlatform
[2015.11.27-10.45.30:747][  0]LogTargetPlatformManager:Display: Building Assets For Windows
[2015.11.27-10.45.30:835][  0]LogDerivedDataCache:Display: Max Cache Size: 512 MB
[2015.11.27-10.45.30:875][  0]LogDerivedDataCache: Loaded boot cache 0.04s 41MB C:/Users/Spellabbet/AppData/Local/UnrealEngine/4.9/DerivedDataCache/Boot.ddc.
[2015.11.27-10.45.30:875][  0]LogDerivedDataCache:Display: Loaded Boot cache: C:/Users/Spellabbet/AppData/Local/UnrealEngine/4.9/DerivedDataCache/Boot.ddc
[2015.11.27-10.45.30:875][  0]LogDerivedDataCache: FDerivedDataBackendGraph:  Pak pak cache file ../../../../../../Users/Spellabbet/Documents/Unreal Projects/SpaceGame/Project/SpaceGame/DerivedDataCache/DDC.ddp not found, will not use a pak cache.
[2015.11.27-10.45.30:875][  0]LogDerivedDataCache: Unable to find inner node Pak for hierarchical cache Hierarchy.
[2015.11.27-10.45.30:875][  0]LogDerivedDataCache: FDerivedDataBackendGraph:  CompressedPak pak cache file ../../../../../../Users/Spellabbet/Documents/Unreal Projects/SpaceGame/Project/SpaceGame/DerivedDataCache/Compressed.ddp not found, will not use a pak cache.
[2015.11.27-10.45.30:875][  0]LogDerivedDataCache: Unable to find inner node CompressedPak for hierarchical cache Hierarchy.
[2015.11.27-10.45.30:984][  0]LogDerivedDataCache:Display: Pak cache opened for reading ../../../Engine/DerivedDataCache/Compressed.ddp.
[2015.11.27-10.45.30:996][  0]LogDerivedDataCache: Using Local data cache path C:/Users/Spellabbet/AppData/Local/UnrealEngine/Common/DerivedDataCache: Writable
[2015.11.27-10.45.31:134][  0]LogInit: Selected Device Profile: [Windows]
[2015.11.27-10.45.31:136][  0]LogContentStreaming: Texture pool size is 0.000000MB
[2015.11.27-10.45.31:237][  0]LogMeshUtilities: No automatic mesh reduction module available
[2015.11.27-10.45.31:237][  0]LogMeshUtilities: No automatic mesh merging module available
[2015.11.27-10.45.31:427][  0]LogInit: WinSock: version 1.1 (2.2), MaxSocks=32767, MaxUdp=65467
[2015.11.27-10.45.32:004][  0]UdpMessaging: Initializing bridge on interface 0.0.0.0:0 to multicast group 230.0.0.1:6666.
[2015.11.27-10.45.32:120][  0]LogAssetRegistry: FAssetRegistry took 0.0105 seconds to start up
[2015.11.27-10.45.32:282][  0]SourceControl: Info Source control is disabled
[2015.11.27-10.45.32:288][  0]SourceControl: Info Source control is disabled
[2015.11.27-10.45.32:302][  0]SourceControl: Info Source control is disabled
[2015.11.27-10.45.32:316][  0]SourceControl: Info Source control is disabled
[2015.11.27-10.45.32:500][  0]LogLinker:Warning: Asset '../../../Engine/Plugins/Runtime/LeapMotionController/Content/LM_PassthroughMaterial.uasset' has been saved with empty engine version. The asset will be loaded but may be incompatible.
[2015.11.27-10.45.32:597][  0]LogObj: 28436 objects as part of root set at end of initial load.
[2015.11.27-10.45.32:597][  0]LogUObjectAllocator: 6068304 out of 0 bytes used by permanent object pool.
[2015.11.27-10.45.32:644][  0]LogEngine: Initializing Engine...
[2015.11.27-10.45.32:645][  0]LogHMD: Can't find Oculus library dev build: is proper Runtime installed? Version: 0.7.0.0
[2015.11.27-10.45.32:646][  0]LogHMD: SteamVR failed to initialize.  Err: 110
[2015.11.27-10.45.32:747][  0]LogAIModule: Creating AISystem for world NewWorld
[2015.11.27-10.45.32:752][  0]LogInit: XAudio2 using 'Speakers (4- High Definition Audio Device)' : 2 channels at 44.1 kHz using 16 bits per sample (channel mask 0x3)
[2015.11.27-10.45.32:761][  0]LogInit: FAudioDevice initialized.
[2015.11.27-10.45.32:779][  0]LogDerivedDataCache: Saved boot cache 0.02s 41MB C:/Users/Spellabbet/AppData/Local/UnrealEngine/4.9/DerivedDataCache/Boot.ddc.
[2015.11.27-10.45.32:782][  0]LogInit: Texture streaming: Enabled
[2015.11.27-10.45.32:786][  0]LogAnalytics: Creating configured Analytics provider AnalyticsET
[2015.11.27-10.45.32:786][  0]LogAnalytics: [UEEditor.Rocket.Release] APIServer = http://et2.epicgames.com/ET2/. AppVersion = 4.9.2-2707645+++depot+UE4-Releases+4.9
[2015.11.27-10.45.32:786][  0]LogAnalytics: [UEEditor.Rocket.Release] SetUserId 634ab0cb456977c100e99f821f1d4277|7ebf86fc13e44331864479a64887c1c8|060e5e79-a789-49c4-8abd-5d8b330400a7
[2015.11.27-10.45.32:786][  0]LogAnalytics: [UEEditor.Rocket.Release] AnalyticsET::StartSession
[2015.11.27-10.45.32:802][  0]LogInit: Transaction tracking system initialized
[2015.11.27-10.45.32:833][  0]BlueprintLog: New page: Editor Load
[2015.11.27-10.45.32:894][  0]LocalizationService: Info Localization service is disabled
[2015.11.27-10.45.32:972][  0]LogConsoleResponse:Display: 
[2015.11.27-10.45.33:061][  0]LogCook:Display: Done creating registry. It took  0.00s.
[2015.11.27-10.45.33:121][  0]LogFileCache: Scanning file cache for directory 'C:/Users/Spellabbet/Documents/Unreal Projects/SpaceGame/Project/SpaceGame/Content/' took 0.01s
[2015.11.27-10.45.33:121][  0]SourceControl: Info Source control is disabled
[2015.11.27-10.45.33:122][  0]Cmd: MAP LOAD FILE="../../../Engine/Content/Maps/Templates/Template_Default.umap" TEMPLATE=1 SHOWPROGRESS=1 FEATURELEVEL=3
[2015.11.27-10.45.33:122][  0]LightingResults: New page: Lighting Build
[2015.11.27-10.45.33:124][  0]MapCheck: New page: Map Check
[2015.11.27-10.45.33:124][  0]LightingResults: New page: Lighting Build
[2015.11.27-10.45.33:132][  0]LogParticles: Destroying 0 GPU particle simulations for FXSystem 0x000000E674952160
[2015.11.27-10.45.33:358][  0]LogAIModule: Creating AISystem for world Untitled_1
[2015.11.27-10.45.33:363][  0]LogEditorServer: Finished looking for orphan Actors (0.000 secs)
[2015.11.27-10.45.33:367][  0]Cmd: MAP CHECKDEP NOCLEARLOG
[2015.11.27-10.45.33:406][  0]MapCheck: Info Map check complete: 0 Error(s), 0 Warning(s), took 39.254ms to complete.
[2015.11.27-10.45.33:406][  0]LogFileHelpers: Loading map 'Template_Default' took 0.285
[2015.11.27-10.45.33:501][  0]LogCollectionManager: Loaded 0 collections in 0.001674 seconds
[2015.11.27-10.45.33:545][  0]LogFileCache: Scanning file cache for directory 'C:/Users/Spellabbet/Documents/Unreal Projects/SpaceGame/Project/SpaceGame/Saved/Collections/' took 0.01s
[2015.11.27-10.45.33:545][  0]LogFileCache: Scanning file cache for directory 'C:/Users/Spellabbet/Documents/Unreal Projects/SpaceGame/Project/SpaceGame/Content/Developers/Spellabbet/Collections/' took 0.01s
[2015.11.27-10.45.33:545][  0]LogFileCache: Scanning file cache for directory 'C:/Users/Spellabbet/Documents/Unreal Projects/SpaceGame/Project/SpaceGame/Content/Collections/' took 0.01s
[2015.11.27-10.45.33:545][  0]LogContentBrowser: Native class hierarchy populated in 0.0112 seconds. Added 1875 classes and 335 folders.
[2015.11.27-10.45.33:551][  0]LogCollectionManager: Rebuilt the GUID cache for 0 collections in 0.000002 seconds
[2015.11.27-10.45.33:560][  0]LogContentBrowser: Native class hierarchy updated for 'WidgetCarousel' in 0.0015 seconds. Added 0 classes and 0 folders.
[2015.11.27-10.45.33:598][  0]LogContentBrowser: Native class hierarchy updated for 'AddContentDialog' in 0.0009 seconds. Added 0 classes and 0 folders.
[2015.11.27-10.45.33:605][  0]LogContentBrowser: Native class hierarchy updated for 'SceneOutliner' in 0.0009 seconds. Added 1 classes and 2 folders.
[2015.11.27-10.45.33:650][  0]LogCrashTracker: Crashtracker disabled due to settings.
[2015.11.27-10.45.33:654][  0]LogUObjectGlobals:Warning: Failed to find object 'Class None.'
[2015.11.27-10.45.33:676][  0]LogLoad: Full Startup: 5.51 seconds (BP compile: 0.05 seconds)
[2015.11.27-10.45.33:738][  0]LogContentStreaming: Texture pool size now 1000 MB
[2015.11.27-10.45.33:851][  0]LogRenderer: Reallocating scene render targets to support 1076x556 (Frame:2).
[2015.11.27-10.45.34:005][  2]LogAssetRegistry: Asset discovery search completed in 1.8957 seconds
[2015.11.27-10.45.34:005][  2]LogCollectionManager: Rebuilt the object cache for 0 collections in 0.000001 seconds (found 0 objects)
[2015.11.27-10.45.34:005][  2]LogCollectionManager: Fixed up redirectors for 0 collections in 0.000036 seconds (updated 0 objects)
[2015.11.27-10.46.39:343][400]Recompiling SpaceGame...
[2015.11.27-10.46.39:344][400]Launching UnrealBuildTool... [C:/Program Files/Epic Games/4.9/Engine/Binaries/DotNET/UnrealBuildTool.exe SpaceGame -ModuleWithSuffix SpaceGame 3148 Win64 Development -editorrecompile -canskiplink "C:/Users/Spellabbet/Documents/Unreal Projects/SpaceGame/Project/SpaceGame/SpaceGame.uproject" -rocket  -rocket]
[2015.11.27-10.46.39:345][400]Warning: Starting HotReload took  0.0s.
[2015.11.27-10.46.42:534][762]CompilerResultsLog: New page: Compilation - Nov 27, 2015, 12:46:42 PM
[2015.11.27-10.46.42:534][762]CompilerResultsLog: Info Compiling game modules for hot reload
[2015.11.27-10.46.42:534][762]CompilerResultsLog: Info Performing 2 actions (4 in parallel)
[2015.11.27-10.46.42:534][762]CompilerResultsLog: Info Star.cpp
[2015.11.27-10.46.42:534][762]CompilerResultsLog: Info [2/2] Link UE4Editor-SpaceGame-3148.dll
[2015.11.27-10.46.42:534][762]CompilerResultsLog: Info    Creating library C:\Users\Spellabbet\Documents\Unreal Projects\SpaceGame\Project\SpaceGame\Intermediate/Build/Win64\UE4Editor\Development\UE4Editor-SpaceGame-3148.lib and object C:\Users\Spellabbet\Documents\Unreal Projects\SpaceGame\Project\SpaceGame\Intermediate/Build/Win64\UE4Editor\Development\UE4Editor-SpaceGame-3148.exp
[2015.11.27-10.46.42:534][762]CompilerResultsLog: Info -------- End Detailed Actions Stats -----------------------------------------------------------
[2015.11.27-10.46.42:534][762]CompilerResultsLog: Info Total build time: 3,15 seconds
[2015.11.27-10.46.42:534][762]LogMainFrame: MainFrame: Module compiling took 3.194 seconds
[2015.11.27-10.46.42:582][762]LogClass: OwnedBy HotReload.
[2015.11.27-10.46.42:586][762]LogContentBrowser: Native class hierarchy updated for 'SpaceGame' in 0.0010 seconds. Added 8 classes and 2 folders.
[2015.11.27-10.46.42:587][762]Warning: HotReload successful (7 functions remapped  0 scriptstructs remapped)
[2015.11.27-10.46.42:653][762]LogContentBrowser: Native class hierarchy populated in 0.0067 seconds. Added 1876 classes and 337 folders.
[2015.11.27-10.46.48:382][442]LogLinker:Warning: Asset '../../../Engine/Content/ArtTools/RenderToTexture/Macros/RenderToTextureMacros.uasset' has been saved with empty engine version. The asset will be loaded but may be incompatible.
[2015.11.27-10.46.48:798][442]LogContentBrowser: Native class hierarchy updated for 'BlueprintGraph' in 0.0018 seconds. Added 107 classes and 0 folders.
[2015.11.27-10.46.58:465][471]BlueprintLog: New page: Compile StarBlueprint
[2015.11.27-10.46.58:524][471]BlueprintEditorCompileResults: Info [0090.36] Compile of StarBlueprint successful! [in 58 ms]
[2015.11.27-10.47.02:644][952]LogAIModule: Creating AISystem for world Untitled
[2015.11.27-10.47.04:187][952]LogSavePackage: Save=16.562134ms
[2015.11.27-10.47.04:187][952]LogSavePackage: Moving '../../../../../../Users/Spellabbet/Documents/Unreal Projects/SpaceGame/Project/SpaceGame/Saved/StarBlueprint59496E1D4FB1E2E4373B76AB7424C972.tmp' to '../../../../../../Users/Spellabbet/Documents/Unreal Projects/SpaceGame/Project/SpaceGame/Content/Blueprints/StarBlueprint.uasset'
[2015.11.27-10.47.04:189][952]LogSavePackage: Total save time: 23.347270ms
[2015.11.27-10.47.04:189][952]LogSavePackage:Warning: Finished SavePackage ../../../../../../Users/Spellabbet/Documents/Unreal Projects/SpaceGame/Project/SpaceGame/Content/Blueprints/StarBlueprint.uasset
[2015.11.27-10.47.04:190][952]Cmd: MAP LOAD FILE="../../../../../../Users/Spellabbet/Documents/Unreal Projects/SpaceGame/Project/SpaceGame/Content/Maps/Untitled.umap" TEMPLATE=0 SHOWPROGRESS=1 FEATURELEVEL=3
[2015.11.27-10.47.04:191][952]LightingResults: New page: Lighting Build
[2015.11.27-10.47.04:205][952]LoadErrors: New page: Loading map: Untitled.umap
[2015.11.27-10.47.04:205][952]MapCheck: New page: Map Check
[2015.11.27-10.47.04:205][952]LightingResults: New page: Lighting Build
[2015.11.27-10.47.04:226][952]LogParticles: Destroying 0 GPU particle simulations for FXSystem 0x000000E602B41E40
[2015.11.27-10.47.04:226][952]LogParticles: Destroying 0 GPU particle simulations for FXSystem 0x000000E66228EC00
[2015.11.27-10.47.04:279][952]LogEditorServer: Finished looking for orphan Actors (0.000 secs)
[2015.11.27-10.47.04:306][952]Cmd: MAP CHECKDEP NOCLEARLOG
[2015.11.27-10.47.04:342][952]MapCheck: Info Map check complete: 0 Error(s), 0 Warning(s), took 35.881ms to complete.
[2015.11.27-10.47.04:342][952]LogFileHelpers: Loading map 'Untitled' took 0.153
[2015.11.27-10.47.05:830][125]LogBlueprintUserMessages: Early PlayInEditor Detection: Level '/Game/Maps/Untitled.Untitled:PersistentLevel' has LevelScriptBlueprint '/Game/Maps/Untitled.Untitled:PersistentLevel.Untitled' with GeneratedClass '/Game/Maps/Untitled.Untitled_C' with ClassGeneratedBy '/Game/Maps/Untitled.Untitled:PersistentLevel.Untitled'
[2015.11.27-10.47.05:831][125]LogPlayLevel: PlayLevel: No blueprints needed recompiling
[2015.11.27-10.47.05:831][125]PIE: New page: PIE session: Untitled (Nov 27, 2015, 12:47:05 PM)
[2015.11.27-10.47.05:831][125]LogPlayLevel: Creating play world package: /Game/Maps/UEDPIE_0_Untitled
[2015.11.27-10.47.05:834][125]LogPlayLevel: PIE: StaticDuplicateObject took: (0.002874s)
[2015.11.27-10.47.05:834][125]LogAIModule: Creating AISystem for world Untitled
[2015.11.27-10.47.05:835][125]LogPlayLevel: PIE: World Init took: (0.000821s)
[2015.11.27-10.47.05:835][125]LogPlayLevel: PIE: Created PIE world by copying editor world from /Game/Maps/Untitled.Untitled to /Game/Maps/UEDPIE_0_Untitled.Untitled (0.003899s)
[2015.11.27-10.47.05:858][125]LogInit: XAudio2 using 'Speakers (4- High Definition Audio Device)' : 2 channels at 44.1 kHz using 16 bits per sample (channel mask 0x3)
[2015.11.27-10.47.05:862][125]LogInit: FAudioDevice initialized.
[2015.11.27-10.47.05:914][125]LogLinker:Warning: Can't find file '/Game/Blueprints/GameModeBP'
[2015.11.27-10.47.05:914][125]LogLinker:Warning: Can't find file '/Game/Blueprints/GameModeBP'
[2015.11.27-10.47.05:914][125]LogUObjectGlobals:Warning: Failed to find object 'Class /Game/Blueprints/GameModeBP.GameModeBP_C'
[2015.11.27-10.47.05:914][125]LogWorld: Game class is 'GameMode'
[2015.11.27-10.47.05:917][125]LogWorld: Bringing World /Game/Maps/UEDPIE_0_Untitled.Untitled up for play (max tick rate 0) at 2015.11.27-11.47.05
[2015.11.27-10.47.05:917][125]LogActor:Warning: GameSession /Game/Maps/UEDPIE_0_Untitled.Untitled:PersistentLevel.GameSession_0 has natively added scene component(s), but none of them were set as the actor's RootComponent - picking one arbitrarily
[2015.11.27-10.47.05:917][125]LogActor:Warning: GameNetworkManager /Game/Maps/UEDPIE_0_Untitled.Untitled:PersistentLevel.GameNetworkManager_0 has natively added scene component(s), but none of them were set as the actor's RootComponent - picking one arbitrarily
[2015.11.27-10.47.05:917][125]LogWorld: Bringing up level for play took: 0.001638
[2015.11.27-10.47.05:918][125]PIE: Info Play in editor start time for /Game/Maps/UEDPIE_0_Untitled -0.051
[2015.11.27-10.47.05:918][125]LogBlueprintUserMessages: Late PlayInEditor Detection: Level '/Game/Maps/Untitled.Untitled:PersistentLevel' has LevelScriptBlueprint '/Game/Maps/Untitled.Untitled:PersistentLevel.Untitled' with GeneratedClass '/Game/Maps/Untitled.Untitled_C' with ClassGeneratedBy '/Game/Maps/Untitled.Untitled:PersistentLevel.Untitled'
[2015.11.27-10.47.10:179][633]LogBlueprintUserMessages: Early EndPlayMap Detection: Level '/Game/Maps/Untitled.Untitled:PersistentLevel' has LevelScriptBlueprint '/Game/Maps/Untitled.Untitled:PersistentLevel.Untitled' with GeneratedClass '/Game/Maps/Untitled.Untitled_C' with ClassGeneratedBy '/Game/Maps/Untitled.Untitled:PersistentLevel.Untitled'
[2015.11.27-10.47.10:210][633]LogBlueprintUserMessages: Late EndPlayMap Detection: Level '/Game/Maps/Untitled.Untitled:PersistentLevel' has LevelScriptBlueprint '/Game/Maps/Untitled.Untitled:PersistentLevel.Untitled' with GeneratedClass '/Game/Maps/Untitled.Untitled_C' with ClassGeneratedBy '/Game/Maps/Untitled.Untitled:PersistentLevel.Untitled'
[2015.11.27-10.47.10:235][633]LogParticles: Destroying 0 GPU particle simulations for FXSystem 0x000000E60086F1A0
[2015.11.27-10.47.14:556][149]LogLinker:Warning: Can't find file '/Game/Blueprints/GameModeBP'
[2015.11.27-10.47.14:556][149]LogLinker:Warning: Can't find file '/Game/Blueprints/GameModeBP'
[2015.11.27-10.47.14:556][149]LogUObjectGlobals:Warning: Failed to find object 'Object /Game/Blueprints/GameModeBP.GameModeBP_C'
[2015.11.27-10.47.14:556][149]LogLinker:Warning: Can't find file '/Game/Blueprints/GameModeBP'
[2015.11.27-10.47.14:556][149]LogUObjectGlobals:Warning: Failed to find object 'Object /Game/Blueprints/GameModeBP.GameModeBP_C'
[2015.11.27-10.47.41:250][243]LogActor:Warning: GameNetworkManager /Engine/Transient.World_3:PersistentLevel.GameNetworkManager_1 has natively added scene component(s), but none of them were set as the actor's RootComponent - picking one arbitrarily
[2015.11.27-10.47.46:768][881]LogSlate:Warning: Prevented a slow task dialog from being summoned while a context menu was open
[2015.11.27-10.47.48:018][ 23]BlueprintLog: New page: Compile GameModeBP
[2015.11.27-10.47.48:080][ 23]BlueprintEditorCompileResults: Info [0139.91] Compile of GameModeBP successful! [in 62 ms]
[2015.11.27-10.47.50:641][306]LogSavePackage: Save=58.897186ms
[2015.11.27-10.47.50:641][306]LogSavePackage: Moving '../../../../../../Users/Spellabbet/Documents/Unreal Projects/SpaceGame/Project/SpaceGame/Saved/Untitled87DB0B9D4348CC6D52B2BB948AD16E3D.tmp' to '../../../../../../Users/Spellabbet/Documents/Unreal Projects/SpaceGame/Project/SpaceGame/Content/Maps/Untitled.umap'
[2015.11.27-10.47.50:642][306]LogSavePackage: Total save time: 65.484177ms
[2015.11.27-10.47.50:642][306]LogSavePackage:Warning: Finished SavePackage ../../../../../../Users/Spellabbet/Documents/Unreal Projects/SpaceGame/Project/SpaceGame/Content/Maps/Untitled.umap
[2015.11.27-10.47.52:839][564]LogBlueprintUserMessages: Early PlayInEditor Detection: Level '/Game/Maps/Untitled.Untitled:PersistentLevel' has LevelScriptBlueprint '/Game/Maps/Untitled.Untitled:PersistentLevel.Untitled' with GeneratedClass '/Game/Maps/Untitled.Untitled_C' with ClassGeneratedBy '/Game/Maps/Untitled.Untitled:PersistentLevel.Untitled'
[2015.11.27-10.47.52:839][564]LogPlayLevel: PlayLevel: No blueprints needed recompiling
[2015.11.27-10.47.52:839][564]PIE: New page: PIE session: Untitled (Nov 27, 2015, 12:47:52 PM)
[2015.11.27-10.47.52:839][564]LogPlayLevel: Creating play world package: /Game/Maps/UEDPIE_0_Untitled
[2015.11.27-10.47.52:843][564]LogPlayLevel: PIE: StaticDuplicateObject took: (0.003423s)
[2015.11.27-10.47.52:844][564]LogAIModule: Creating AISystem for world Untitled
[2015.11.27-10.47.52:844][564]LogPlayLevel: PIE: World Init took: (0.000917s)
[2015.11.27-10.47.52:844][564]LogPlayLevel: PIE: Created PIE world by copying editor world from /Game/Maps/Untitled.Untitled to /Game/Maps/UEDPIE_0_Untitled.Untitled (0.004618s)
[2015.11.27-10.47.52:864][564]LogParticles: Destroying 0 GPU particle simulations for FXSystem 0x000000E662042700
[2015.11.27-10.47.52:873][564]LogInit: XAudio2 using 'Speakers (4- High Definition Audio Device)' : 2 channels at 44.1 kHz using 16 bits per sample (channel mask 0x3)
[2015.11.27-10.47.52:879][564]LogInit: FAudioDevice initialized.
[2015.11.27-10.47.52:911][564]LogWorld: Game class is 'GameModeBP_C'
[2015.11.27-10.47.52:913][564]LogWorld: Bringing World /Game/Maps/UEDPIE_0_Untitled.Untitled up for play (max tick rate 0) at 2015.11.27-11.47.52
[2015.11.27-10.47.52:913][564]LogActor:Warning: GameSession /Game/Maps/UEDPIE_0_Untitled.Untitled:PersistentLevel.GameSession_1 has natively added scene component(s), but none of them were set as the actor's RootComponent - picking one arbitrarily
[2015.11.27-10.47.52:913][564]LogActor:Warning: GameNetworkManager /Game/Maps/UEDPIE_0_Untitled.Untitled:PersistentLevel.GameNetworkManager_2 has natively added scene component(s), but none of them were set as the actor's RootComponent - picking one arbitrarily
[2015.11.27-10.47.52:913][564]LogWorld: Bringing up level for play took: 0.001708
[2015.11.27-10.47.52:914][564]PIE: Info Play in editor start time for /Game/Maps/UEDPIE_0_Untitled 0.945
[2015.11.27-10.47.52:914][564]LogBlueprintUserMessages: Late PlayInEditor Detection: Level '/Game/Maps/Untitled.Untitled:PersistentLevel' has LevelScriptBlueprint '/Game/Maps/Untitled.Untitled:PersistentLevel.Untitled' with GeneratedClass '/Game/Maps/Untitled.Untitled_C' with ClassGeneratedBy '/Game/Maps/Untitled.Untitled:PersistentLevel.Untitled'
[2015.11.27-10.47.53:641][651]LogBlueprintUserMessages: [MouseControllerBP_C_0] clicked
[2015.11.27-10.47.53:641][651]LogBlueprintUserMessages: [MouseControllerBP_C_0] StarBlueprint
[2015.11.27-10.47.54:749][784]LogBlueprintUserMessages: [MouseControllerBP_C_0] StarBlueprint2
[2015.11.27-10.47.56:800][ 30]LogBlueprintUserMessages: Early EndPlayMap Detection: Level '/Game/Maps/Untitled.Untitled:PersistentLevel' has LevelScriptBlueprint '/Game/Maps/Untitled.Untitled:PersistentLevel.Untitled' with GeneratedClass '/Game/Maps/Untitled.Untitled_C' with ClassGeneratedBy '/Game/Maps/Untitled.Untitled:PersistentLevel.Untitled'
[2015.11.27-10.47.56:833][ 30]LogBlueprintUserMessages: Late EndPlayMap Detection: Level '/Game/Maps/Untitled.Untitled:PersistentLevel' has LevelScriptBlueprint '/Game/Maps/Untitled.Untitled:PersistentLevel.Untitled' with GeneratedClass '/Game/Maps/Untitled.Untitled_C' with ClassGeneratedBy '/Game/Maps/Untitled.Untitled:PersistentLevel.Untitled'
[2015.11.27-10.47.56:850][ 30]LogParticles: Destroying 0 GPU particle simulations for FXSystem 0x000000E6227AAFC0
[2015.11.27-10.48.42:858][220]LogProperty:Warning: ObjectProperty /Script/Engine.EdGraphPin:LinkedTo.LinkedTo: unresolved reference to 'EdGraphPin'K2Node_DynamicCast_478.EdGraphPin_21973''
[2015.11.27-10.48.57:429][915]BlueprintLog: New page: Compile MouseControllerBP
[2015.11.27-10.48.57:492][915]BlueprintEditorCompileResults: Info [0209.33] Compile of MouseControllerBP successful! [in 62 ms]
[2015.11.27-10.49.43:412][ 16]LogProperty:Warning: ObjectProperty /Script/Engine.EdGraphPin:LinkedTo.LinkedTo: unresolved reference to 'EdGraphPin'K2Node_CallFunction_2295.EdGraphPin_21965''
[2015.11.27-10.50.22:256][555]BlueprintLog: New page: Compile MouseControllerBP
[2015.11.27-10.50.22:317][555]BlueprintEditorCompileResults: Info [0294.15] Compile of MouseControllerBP successful! [in 60 ms]
[2015.11.27-10.50.25:925][949]LogBlueprintUserMessages: Early PlayInEditor Detection: Level '/Game/Maps/Untitled.Untitled:PersistentLevel' has LevelScriptBlueprint '/Game/Maps/Untitled.Untitled:PersistentLevel.Untitled' with GeneratedClass '/Game/Maps/Untitled.Untitled_C' with ClassGeneratedBy '/Game/Maps/Untitled.Untitled:PersistentLevel.Untitled'
[2015.11.27-10.50.25:925][949]LogPlayLevel: PlayLevel: No blueprints needed recompiling
[2015.11.27-10.50.25:926][949]PIE: New page: PIE session: Untitled (Nov 27, 2015, 12:50:25 PM)
[2015.11.27-10.50.25:926][949]LogPlayLevel: Creating play world package: /Game/Maps/UEDPIE_0_Untitled
[2015.11.27-10.50.25:929][949]LogPlayLevel: PIE: StaticDuplicateObject took: (0.002903s)
[2015.11.27-10.50.25:929][949]LogAIModule: Creating AISystem for world Untitled
[2015.11.27-10.50.25:929][949]LogPlayLevel: PIE: World Init took: (0.000641s)
[2015.11.27-10.50.25:929][949]LogPlayLevel: PIE: Created PIE world by copying editor world from /Game/Maps/Untitled.Untitled to /Game/Maps/UEDPIE_0_Untitled.Untitled (0.003788s)
[2015.11.27-10.50.25:953][949]LogParticles: Destroying 0 GPU particle simulations for FXSystem 0x000000E61D31D9E0
[2015.11.27-10.50.25:958][949]LogInit: XAudio2 using 'Speakers (4- High Definition Audio Device)' : 2 channels at 44.1 kHz using 16 bits per sample (channel mask 0x3)
[2015.11.27-10.50.25:963][949]LogInit: FAudioDevice initialized.
[2015.11.27-10.50.26:003][949]LogWorld: Game class is 'GameModeBP_C'
[2015.11.27-10.50.26:005][949]LogWorld: Bringing World /Game/Maps/UEDPIE_0_Untitled.Untitled up for play (max tick rate 0) at 2015.11.27-11.50.26
[2015.11.27-10.50.26:005][949]LogActor:Warning: GameSession /Game/Maps/UEDPIE_0_Untitled.Untitled:PersistentLevel.GameSession_2 has natively added scene component(s), but none of them were set as the actor's RootComponent - picking one arbitrarily
[2015.11.27-10.50.26:005][949]LogActor:Warning: GameNetworkManager /Game/Maps/UEDPIE_0_Untitled.Untitled:PersistentLevel.GameNetworkManager_3 has natively added scene component(s), but none of them were set as the actor's RootComponent - picking one arbitrarily
[2015.11.27-10.50.26:005][949]LogWorld: Bringing up level for play took: 0.001568
[2015.11.27-10.50.26:006][949]PIE: Info Play in editor start time for /Game/Maps/UEDPIE_0_Untitled 0.037
[2015.11.27-10.50.26:006][949]LogBlueprintUserMessages: Late PlayInEditor Detection: Level '/Game/Maps/Untitled.Untitled:PersistentLevel' has LevelScriptBlueprint '/Game/Maps/Untitled.Untitled:PersistentLevel.Untitled' with GeneratedClass '/Game/Maps/Untitled.Untitled_C' with ClassGeneratedBy '/Game/Maps/Untitled.Untitled:PersistentLevel.Untitled'
[2015.11.27-10.50.26:534][ 12]LogBlueprintUserMessages: [MouseControllerBP_C_0] deselected
[2015.11.27-10.50.31:009][549]LogBlueprintUserMessages: [MouseControllerBP_C_0] deselected
[2015.11.27-10.50.33:451][842]LogBlueprintUserMessages: [MouseControllerBP_C_0] deselected
[2015.11.27-10.50.34:194][931]LogBlueprintUserMessages: Early EndPlayMap Detection: Level '/Game/Maps/Untitled.Untitled:PersistentLevel' has LevelScriptBlueprint '/Game/Maps/Untitled.Untitled:PersistentLevel.Untitled' with GeneratedClass '/Game/Maps/Untitled.Untitled_C' with ClassGeneratedBy '/Game/Maps/Untitled.Untitled:PersistentLevel.Untitled'
[2015.11.27-10.50.34:227][931]LogBlueprintUserMessages: Late EndPlayMap Detection: Level '/Game/Maps/Untitled.Untitled:PersistentLevel' has LevelScriptBlueprint '/Game/Maps/Untitled.Untitled:PersistentLevel.Untitled' with GeneratedClass '/Game/Maps/Untitled.Untitled_C' with ClassGeneratedBy '/Game/Maps/Untitled.Untitled:PersistentLevel.Untitled'
[2015.11.27-10.50.34:268][932]LogParticles: Destroying 0 GPU particle simulations for FXSystem 0x000000E60F1EA0C0
[2015.11.27-10.50.39:476][283]LogEditorViewport: Clicking on Actor (LMB): StaticMeshActor (Floor)
[2015.11.27-10.50.45:500][932]BlueprintLog: New page: Compile MouseControllerBP
[2015.11.27-10.50.45:565][932]BlueprintEditorCompileResults: Info [0317.40] Compile of MouseControllerBP successful! [in 65 ms]
[2015.11.27-10.50.45:975][970]LogSavePackage: Save=35.906860ms
[2015.11.27-10.50.45:975][970]LogSavePackage: Moving '../../../../../../Users/Spellabbet/Documents/Unreal Projects/SpaceGame/Project/SpaceGame/Saved/MouseControllerBPE82D652F4857BF8CBFA3A48F592F84A4.tmp' to '../../../../../../Users/Spellabbet/Documents/Unreal Projects/SpaceGame/Project/SpaceGame/Content/Blueprints/MouseControllerBP.uasset'
[2015.11.27-10.50.45:977][970]LogSavePackage: Total save time: 44.824276ms
[2015.11.27-10.50.45:977][970]LogSavePackage:Warning: Finished SavePackage ../../../../../../Users/Spellabbet/Documents/Unreal Projects/SpaceGame/Project/SpaceGame/Content/Blueprints/MouseControllerBP.uasset
[2015.11.27-10.50.48:285][232]LogParticles: Destroying 0 GPU particle simulations for FXSystem 0x000000E632168F40
[2015.11.27-10.50.48:353][232]LogSavePackage: Save=62.149628ms
[2015.11.27-10.50.48:353][232]LogSavePackage: Moving '../../../../../../Users/Spellabbet/Documents/Unreal Projects/SpaceGame/Project/SpaceGame/Saved/UntitledC6A879D64BA9B0E116F787B42D954785.tmp' to '../../../../../../Users/Spellabbet/Documents/Unreal Projects/SpaceGame/Project/SpaceGame/Content/Maps/Untitled.umap'
[2015.11.27-10.50.48:354][232]LogSavePackage: Total save time: 66.212617ms
[2015.11.27-10.50.48:354][232]LogSavePackage:Warning: Finished SavePackage ../../../../../../Users/Spellabbet/Documents/Unreal Projects/SpaceGame/Project/SpaceGame/Content/Maps/Untitled.umap
[2015.11.27-11.00.48:794][416]LogFileHelpers: Editor autosave (incl. sublevels) for '/Game/Maps/Untitled' took 0.029
[2015.11.27-11.00.48:800][416]OBJ SavePackage: Generating thumbnails for [0] asset(s) in package [/Game/Blueprints/GameModeBP] ([1] browsable assets)...
[2015.11.27-11.00.48:800][416]OBJ SavePackage: Finished generating thumbnails for package [/Game/Blueprints/GameModeBP]
[2015.11.27-11.00.48:811][416]LogSavePackage: Save=9.483912ms
[2015.11.27-11.00.48:811][416]LogSavePackage: Moving '../../../../../../Users/Spellabbet/Documents/Unreal Projects/SpaceGame/Project/SpaceGame/Saved/GameModeBP_Auto10027E501488D8166E0ECAB8D0C001BF9.tmp' to '../../../../../../Users/Spellabbet/Documents/Unreal Projects/SpaceGame/Project/SpaceGame/Saved/Autosaves/Game/Blueprints/GameModeBP_Auto1.uasset'
[2015.11.27-11.00.48:812][416]LogSavePackage: Total save time: 10.511134ms
[2015.11.27-11.00.48:812][416]LogSavePackage:Warning: Finished SavePackage ../../../../../../Users/Spellabbet/Documents/Unreal Projects/SpaceGame/Project/SpaceGame/Saved/Autosaves/Game/Blueprints/GameModeBP_Auto1.uasset
[2015.11.27-11.00.48:812][416]LogFileHelpers: Auto-saving content packages took 0.018
[2015.11.27-11.04.55:322][259]Recompiling SpaceGame...
[2015.11.27-11.04.55:322][259]Launching UnrealBuildTool... [C:/Program Files/Epic Games/4.9/Engine/Binaries/DotNET/UnrealBuildTool.exe SpaceGame -ModuleWithSuffix SpaceGame 7797 Win64 Development -editorrecompile -canskiplink "C:/Users/Spellabbet/Documents/Unreal Projects/SpaceGame/Project/SpaceGame/SpaceGame.uproject" -rocket  -rocket]
[2015.11.27-11.04.55:323][259]Warning: Starting HotReload took  0.0s.
[2015.11.27-11.05.02:677][120]CompilerResultsLog: New page: Compilation - Nov 27, 2015, 1:05:02 PM
[2015.11.27-11.05.02:677][120]CompilerResultsLog: Info Compiling game modules for hot reload
[2015.11.27-11.05.02:677][120]CompilerResultsLog: Info Parsing headers for SpaceGameEditor
[2015.11.27-11.05.02:677][120]CompilerResultsLog: Info   Running UnrealHeaderTool "C:/Users/Spellabbet/Documents/Unreal Projects/SpaceGame/Project/SpaceGame/SpaceGame.uproject" "C:\Users\Spellabbet\Documents\Unreal Projects\SpaceGame\Project\SpaceGame\Intermediate\Build\Win64\SpaceGameEditor\Development\UnrealHeaderTool.manifest" -LogCmds="loginit warning, logexit warning, logdatabase error" -rocket -installed
[2015.11.27-11.05.02:677][120]CompilerResultsLog:Error: Error C:/Users/Spellabbet/Documents/Unreal Projects/SpaceGame/Project/SpaceGame/Source/SpaceGame/Star.h(25)  : Unrecognized type 'OwnedBy' - type must be a UCLASS, USTRUCT or UENUM
[2015.11.27-11.05.02:677][120]CompilerResultsLog: Info LogCompile:Error: Circular dependency detected for filename C:\Users\Spellabbet\Documents\Unreal Projects\SpaceGame\Project\SpaceGame\Source\SpaceGame\Fleet.h!
[2015.11.27-11.05.02:677][120]CompilerResultsLog: Info The class definition range is invalid. Most probably caused by previous parsing error.
[2015.11.27-11.05.02:677][120]CompilerResultsLog:Error: Error Error: Failed to generate code for SpaceGameEditor - error code: OtherCompilationError (5) 
[2015.11.27-11.05.02:677][120]CompilerResultsLog: Info UnrealHeaderTool failed for target 'SpaceGameEditor' (platform: Win64, module info: C:\Users\Spellabbet\Documents\Unreal Projects\SpaceGame\Project\SpaceGame\Intermediate\Build\Win64\SpaceGameEditor\Development\UnrealHeaderTool.manifest).
[2015.11.27-11.05.02:677][120]LogMainFrame: MainFrame: Module compiling took 7.358 seconds
[2015.11.27-11.05.02:677][120]Warning: HotReload failed, recompile failed
[2015.11.27-11.06.47:631][925]Recompiling SpaceGame...
[2015.11.27-11.06.47:631][925]Launching UnrealBuildTool... [C:/Program Files/Epic Games/4.9/Engine/Binaries/DotNET/UnrealBuildTool.exe SpaceGame -ModuleWithSuffix SpaceGame 4864 Win64 Development -editorrecompile -canskiplink "C:/Users/Spellabbet/Documents/Unreal Projects/SpaceGame/Project/SpaceGame/SpaceGame.uproject" -rocket  -rocket]
[2015.11.27-11.06.47:632][925]Warning: Starting HotReload took  0.0s.
[2015.11.27-11.06.54:811][766]CompilerResultsLog: New page: Compilation - Nov 27, 2015, 1:06:54 PM
[2015.11.27-11.06.54:812][766]CompilerResultsLog: Info Compiling game modules for hot reload
[2015.11.27-11.06.54:812][766]CompilerResultsLog: Info Parsing headers for SpaceGameEditor
[2015.11.27-11.06.54:812][766]CompilerResultsLog: Info   Running UnrealHeaderTool "C:/Users/Spellabbet/Documents/Unreal Projects/SpaceGame/Project/SpaceGame/SpaceGame.uproject" "C:\Users\Spellabbet\Documents\Unreal Projects\SpaceGame\Project\SpaceGame\Intermediate\Build\Win64\SpaceGameEditor\Development\UnrealHeaderTool.manifest" -LogCmds="loginit warning, logexit warning, logdatabase error" -rocket -installed
[2015.11.27-11.06.54:812][766]CompilerResultsLog:Error: Error C:/Users/Spellabbet/Documents/Unreal Projects/SpaceGame/Project/SpaceGame/Source/SpaceGame/Star.h(25)  : Unrecognized type 'OwnedBy' - type must be a UCLASS, USTRUCT or UENUM
[2015.11.27-11.06.54:812][766]CompilerResultsLog: Info LogCompile:Error: Circular dependency detected for filename C:\Users\Spellabbet\Documents\Unreal Projects\SpaceGame\Project\SpaceGame\Source\SpaceGame\Fleet.h!
[2015.11.27-11.06.54:812][766]CompilerResultsLog: Info The class definition range is invalid. Most probably caused by previous parsing error.
[2015.11.27-11.06.54:812][766]CompilerResultsLog:Error: Error Error: Failed to generate code for SpaceGameEditor - error code: OtherCompilationError (5) 
[2015.11.27-11.06.54:812][766]CompilerResultsLog: Info UnrealHeaderTool failed for target 'SpaceGameEditor' (platform: Win64, module info: C:\Users\Spellabbet\Documents\Unreal Projects\SpaceGame\Project\SpaceGame\Intermediate\Build\Win64\SpaceGameEditor\Development\UnrealHeaderTool.manifest).
[2015.11.27-11.06.54:812][766]LogMainFrame: MainFrame: Module compiling took 7.183 seconds
[2015.11.27-11.06.54:812][766]Warning: HotReload failed, recompile failed
[2015.11.27-11.08.22:150][494]Recompiling SpaceGame...
[2015.11.27-11.08.22:150][494]Launching UnrealBuildTool... [C:/Program Files/Epic Games/4.9/Engine/Binaries/DotNET/UnrealBuildTool.exe SpaceGame -ModuleWithSuffix SpaceGame 1197 Win64 Development -editorrecompile -canskiplink "C:/Users/Spellabbet/Documents/Unreal Projects/SpaceGame/Project/SpaceGame/SpaceGame.uproject" -rocket  -rocket]
[2015.11.27-11.08.22:152][494]Warning: Starting HotReload took  0.0s.
[2015.11.27-11.08.29:611][369]CompilerResultsLog: New page: Compilation - Nov 27, 2015, 1:08:29 PM
[2015.11.27-11.08.29:611][369]CompilerResultsLog: Info Compiling game modules for hot reload
[2015.11.27-11.08.29:611][369]CompilerResultsLog: Info Parsing headers for SpaceGameEditor
[2015.11.27-11.08.29:611][369]CompilerResultsLog: Info   Running UnrealHeaderTool "C:/Users/Spellabbet/Documents/Unreal Projects/SpaceGame/Project/SpaceGame/SpaceGame.uproject" "C:\Users\Spellabbet\Documents\Unreal Projects\SpaceGame\Project\SpaceGame\Intermediate\Build\Win64\SpaceGameEditor\Development\UnrealHeaderTool.manifest" -LogCmds="loginit warning, logexit warning, logdatabase error" -rocket -installed
[2015.11.27-11.08.29:611][369]CompilerResultsLog:Error: Error C:/Users/Spellabbet/Documents/Unreal Projects/SpaceGame/Project/SpaceGame/Source/SpaceGame/Star.h(25)  : Unrecognized type 'OwnedBy' - type must be a UCLASS, USTRUCT or UENUM
[2015.11.27-11.08.29:612][369]CompilerResultsLog: Info LogCompile:Error: Circular dependency detected for filename C:\Users\Spellabbet\Documents\Unreal Projects\SpaceGame\Project\SpaceGame\Source\SpaceGame\Fleet.h!
[2015.11.27-11.08.29:612][369]CompilerResultsLog: Info The class definition range is invalid. Most probably caused by previous parsing error.
[2015.11.27-11.08.29:612][369]CompilerResultsLog:Error: Error Error: Failed to generate code for SpaceGameEditor - error code: OtherCompilationError (5) 
[2015.11.27-11.08.29:612][369]CompilerResultsLog: Info UnrealHeaderTool failed for target 'SpaceGameEditor' (platform: Win64, module info: C:\Users\Spellabbet\Documents\Unreal Projects\SpaceGame\Project\SpaceGame\Intermediate\Build\Win64\SpaceGameEditor\Development\UnrealHeaderTool.manifest).
[2015.11.27-11.08.29:612][369]LogMainFrame: MainFrame: Module compiling took 7.463 seconds
[2015.11.27-11.08.29:612][369]Warning: HotReload failed, recompile failed
[2015.11.27-11.09.02:260][399]Recompiling SpaceGame...
[2015.11.27-11.09.02:261][399]Launching UnrealBuildTool... [C:/Program Files/Epic Games/4.9/Engine/Binaries/DotNET/UnrealBuildTool.exe SpaceGame -ModuleWithSuffix SpaceGame 6837 Win64 Development -editorrecompile -canskiplink "C:/Users/Spellabbet/Documents/Unreal Projects/SpaceGame/Project/SpaceGame/SpaceGame.uproject" -rocket  -rocket]
[2015.11.27-11.09.02:262][399]Warning: Starting HotReload took  0.0s.
[2015.11.27-11.09.11:144][441]CompilerResultsLog: New page: Compilation - Nov 27, 2015, 1:09:11 PM
[2015.11.27-11.09.11:145][441]CompilerResultsLog: Info Compiling game modules for hot reload
[2015.11.27-11.09.11:145][441]CompilerResultsLog: Info Parsing headers for SpaceGameEditor
[2015.11.27-11.09.11:145][441]CompilerResultsLog: Info   Running UnrealHeaderTool "C:/Users/Spellabbet/Documents/Unreal Projects/SpaceGame/Project/SpaceGame/SpaceGame.uproject" "C:\Users\Spellabbet\Documents\Unreal Projects\SpaceGame\Project\SpaceGame\Intermediate\Build\Win64\SpaceGameEditor\Development\UnrealHeaderTool.manifest" -LogCmds="loginit warning, logexit warning, logdatabase error" -rocket -installed
[2015.11.27-11.09.11:145][441]CompilerResultsLog:Error: Error C:/Users/Spellabbet/Documents/Unreal Projects/SpaceGame/Project/SpaceGame/Source/SpaceGame/Star.h(25)  : Unrecognized type 'OwnedBy' - type must be a UCLASS, USTRUCT or UENUM
[2015.11.27-11.09.11:145][441]CompilerResultsLog: Info LogCompile:Error: Circular dependency detected for filename C:\Users\Spellabbet\Documents\Unreal Projects\SpaceGame\Project\SpaceGame\Source\SpaceGame\Fleet.h!
[2015.11.27-11.09.11:145][441]CompilerResultsLog: Info The class definition range is invalid. Most probably caused by previous parsing error.
[2015.11.27-11.09.11:145][441]CompilerResultsLog:Error: Error Error: Failed to generate code for SpaceGameEditor - error code: OtherCompilationError (5) 
[2015.11.27-11.09.11:145][441]CompilerResultsLog: Info UnrealHeaderTool failed for target 'SpaceGameEditor' (platform: Win64, module info: C:\Users\Spellabbet\Documents\Unreal Projects\SpaceGame\Project\SpaceGame\Intermediate\Build\Win64\SpaceGameEditor\Development\UnrealHeaderTool.manifest).
[2015.11.27-11.09.11:145][441]LogMainFrame: MainFrame: Module compiling took 8.887 seconds
[2015.11.27-11.09.11:145][441]Warning: HotReload failed, recompile failed
[2015.11.27-11.09.20:756][850]Recompiling SpaceGame...
[2015.11.27-11.09.20:756][850]Launching UnrealBuildTool... [C:/Program Files/Epic Games/4.9/Engine/Binaries/DotNET/UnrealBuildTool.exe SpaceGame -ModuleWithSuffix SpaceGame 7695 Win64 Development -editorrecompile -canskiplink "C:/Users/Spellabbet/Documents/Unreal Projects/SpaceGame/Project/SpaceGame/SpaceGame.uproject" -rocket  -rocket]
[2015.11.27-11.09.20:757][850]Warning: Starting HotReload took  0.0s.
[2015.11.27-11.09.29:359][852]CompilerResultsLog: New page: Compilation - Nov 27, 2015, 1:09:29 PM
[2015.11.27-11.09.29:359][852]CompilerResultsLog: Info Compiling game modules for hot reload
[2015.11.27-11.09.29:359][852]CompilerResultsLog: Info Parsing headers for SpaceGameEditor
[2015.11.27-11.09.29:359][852]CompilerResultsLog: Info   Running UnrealHeaderTool "C:/Users/Spellabbet/Documents/Unreal Projects/SpaceGame/Project/SpaceGame/SpaceGame.uproject" "C:\Users\Spellabbet\Documents\Unreal Projects\SpaceGame\Project\SpaceGame\Intermediate\Build\Win64\SpaceGameEditor\Development\UnrealHeaderTool.manifest" -LogCmds="loginit warning, logexit warning, logdatabase error" -rocket -installed
[2015.11.27-11.09.29:359][852]CompilerResultsLog:Error: Error C:/Users/Spellabbet/Documents/Unreal Projects/SpaceGame/Project/SpaceGame/Source/SpaceGame/Star.h(25)  : Unrecognized type 'OwnedBy' - type must be a UCLASS, USTRUCT or UENUM
[2015.11.27-11.09.29:359][852]CompilerResultsLog: Info LogCompile:Error: Circular dependency detected for filename C:\Users\Spellabbet\Documents\Unreal Projects\SpaceGame\Project\SpaceGame\Source\SpaceGame\Fleet.h!
[2015.11.27-11.09.29:359][852]CompilerResultsLog: Info The class definition range is invalid. Most probably caused by previous parsing error.
[2015.11.27-11.09.29:359][852]CompilerResultsLog:Error: Error Error: Failed to generate code for SpaceGameEditor - error code: OtherCompilationError (5) 
[2015.11.27-11.09.29:359][852]CompilerResultsLog: Info UnrealHeaderTool failed for target 'SpaceGameEditor' (platform: Win64, module info: C:\Users\Spellabbet\Documents\Unreal Projects\SpaceGame\Project\SpaceGame\Intermediate\Build\Win64\SpaceGameEditor\Development\UnrealHeaderTool.manifest).
[2015.11.27-11.09.29:359][852]LogMainFrame: MainFrame: Module compiling took 8.606 seconds
[2015.11.27-11.09.29:359][852]Warning: HotReload failed, recompile failed
[2015.11.27-11.10.11:798][648]Recompiling SpaceGame...
[2015.11.27-11.10.11:799][648]Launching UnrealBuildTool... [C:/Program Files/Epic Games/4.9/Engine/Binaries/DotNET/UnrealBuildTool.exe SpaceGame -ModuleWithSuffix SpaceGame 2015 Win64 Development -editorrecompile -canskiplink "C:/Users/Spellabbet/Documents/Unreal Projects/SpaceGame/Project/SpaceGame/SpaceGame.uproject" -rocket  -rocket]
[2015.11.27-11.10.11:800][648]Warning: Starting HotReload took  0.0s.
[2015.11.27-11.10.19:057][499]CompilerResultsLog: New page: Compilation - Nov 27, 2015, 1:10:19 PM
[2015.11.27-11.10.19:057][499]CompilerResultsLog: Info Compiling game modules for hot reload
[2015.11.27-11.10.19:057][499]CompilerResultsLog: Info Parsing headers for SpaceGameEditor
[2015.11.27-11.10.19:057][499]CompilerResultsLog: Info   Running UnrealHeaderTool "C:/Users/Spellabbet/Documents/Unreal Projects/SpaceGame/Project/SpaceGame/SpaceGame.uproject" "C:\Users\Spellabbet\Documents\Unreal Projects\SpaceGame\Project\SpaceGame\Intermediate\Build\Win64\SpaceGameEditor\Development\UnrealHeaderTool.manifest" -LogCmds="loginit warning, logexit warning, logdatabase error" -rocket -installed
[2015.11.27-11.10.19:058][499]CompilerResultsLog:Error: Error C:/Users/Spellabbet/Documents/Unreal Projects/SpaceGame/Project/SpaceGame/Source/SpaceGame/Star.h(25)  : Unrecognized type 'OwnedBy' - type must be a UCLASS, USTRUCT or UENUM
[2015.11.27-11.10.19:058][499]CompilerResultsLog: Info LogCompile:Error: Circular dependency detected for filename C:\Users\Spellabbet\Documents\Unreal Projects\SpaceGame\Project\SpaceGame\Source\SpaceGame\Fleet.h!
[2015.11.27-11.10.19:058][499]CompilerResultsLog: Info The class definition range is invalid. Most probably caused by previous parsing error.
[2015.11.27-11.10.19:058][499]CompilerResultsLog:Error: Error Error: Failed to generate code for SpaceGameEditor - error code: OtherCompilationError (5) 
[2015.11.27-11.10.19:058][499]CompilerResultsLog: Info UnrealHeaderTool failed for target 'SpaceGameEditor' (platform: Win64, module info: C:\Users\Spellabbet\Documents\Unreal Projects\SpaceGame\Project\SpaceGame\Intermediate\Build\Win64\SpaceGameEditor\Development\UnrealHeaderTool.manifest).
[2015.11.27-11.10.19:058][499]LogMainFrame: MainFrame: Module compiling took 7.261 seconds
[2015.11.27-11.10.19:058][499]Warning: HotReload failed, recompile failed
[2015.11.27-11.11.07:178][577]LogSavePackage: Save=68.467201ms
[2015.11.27-11.11.07:178][577]LogSavePackage: Moving '../../../../../../Users/Spellabbet/Documents/Unreal Projects/SpaceGame/Project/SpaceGame/Saved/UntitledEFA556C946863620218EA1A8713F7275.tmp' to '../../../../../../Users/Spellabbet/Documents/Unreal Projects/SpaceGame/Project/SpaceGame/Content/Maps/Untitled.umap'
[2015.11.27-11.11.07:179][577]LogSavePackage: Total save time: 76.556962ms
[2015.11.27-11.11.07:179][577]LogSavePackage:Warning: Finished SavePackage ../../../../../../Users/Spellabbet/Documents/Unreal Projects/SpaceGame/Project/SpaceGame/Content/Maps/Untitled.umap
[2015.11.27-11.11.09:257][661]Cmd: OBJ SAVEPACKAGE PACKAGE="/Game/Blueprints/GameModeBP" FILE="../../../../../../Users/Spellabbet/Documents/Unreal Projects/SpaceGame/Project/SpaceGame/Content/Blueprints/GameModeBP.uasset" SILENT=true
[2015.11.27-11.11.09:269][661]LogSavePackage: Save=10.348910ms
[2015.11.27-11.11.09:269][661]LogSavePackage: Moving '../../../../../../Users/Spellabbet/Documents/Unreal Projects/SpaceGame/Project/SpaceGame/Saved/GameModeBPCD32F0654061989C6B8329A119F4DB2F.tmp' to '../../../../../../Users/Spellabbet/Documents/Unreal Projects/SpaceGame/Project/SpaceGame/Content/Blueprints/GameModeBP.uasset'
[2015.11.27-11.11.09:271][661]LogSavePackage: Total save time: 12.444694ms
[2015.11.27-11.11.09:271][661]LogSavePackage:Warning: Finished SavePackage ../../../../../../Users/Spellabbet/Documents/Unreal Projects/SpaceGame/Project/SpaceGame/Content/Blueprints/GameModeBP.uasset
[2015.11.27-11.11.09:349][661]LogWindowsTextInputMethodSystem:Display: IME system now deactivated.
[2015.11.27-11.11.09:582][662]Cmd: QUIT_EDITOR
[2015.11.27-11.11.10:436][662]LogExit: Preparing to exit.
[2015.11.27-11.11.11:123][662]LogExit: Editor shut down
[2015.11.27-11.11.11:123][662]LogExit: Transaction tracking system shut down
[2015.11.27-11.11.11:124][662]LogParticles: Destroying 0 GPU particle simulations for FXSystem 0x000000E60012F880
[2015.11.27-11.11.11:126][662]LogParticles: Destroying 0 GPU particle simulations for FXSystem 0x000000E61D5B2FC0
[2015.11.27-11.11.11:128][662]LogParticles: Destroying 0 GPU particle simulations for FXSystem 0x000000E61D31F2E0
[2015.11.27-11.11.11:263][662]LogExit: Object subsystem successfully closed.
[2015.11.27-11.11.11:284][662]LogD3D11RHI: Shutdown
[2015.11.27-11.11.11:284][662]LogD3D11RHI: CleanupD3DDevice
[2015.11.27-11.11.11:320][662]LogD3D11RHI: ~FD3D11DynamicRHI
[2015.11.27-11.11.11:332][662]LogModuleManager: Shutting down and abandoning module BlueprintGraph (199)
[2015.11.27-11.11.11:332][662]LogModuleManager: Shutting down and abandoning module CrashTracker (198)
[2015.11.27-11.11.11:332][662]LogModuleManager: Shutting down and abandoning module SceneOutliner (197)
[2015.11.27-11.11.11:332][662]LogModuleManager: Shutting down and abandoning module SuperSearch (196)
[2015.11.27-11.11.11:332][662]LogModuleManager: Shutting down and abandoning module WidgetCarousel (195)
[2015.11.27-11.11.11:332][662]LogModuleManager: Shutting down and abandoning module AddContentDialog (194)
[2015.11.27-11.11.11:333][662]LogModuleManager: Shutting down and abandoning module EditorWidgets (193)
[2015.11.27-11.11.11:333][662]LogModuleManager: Shutting down and abandoning module CollectionManager (192)
[2015.11.27-11.11.11:333][662]LogModuleManager: Shutting down and abandoning module StatsViewer (191)
[2015.11.27-11.11.11:333][662]LogModuleManager: Shutting down and abandoning module FoliageEdit (190)
[2015.11.27-11.11.11:333][662]LogModuleManager: Shutting down and abandoning module LandscapeEditor (189)
[2015.11.27-11.11.11:334][662]LogModuleManager: Shutting down and abandoning module ActorPickerMode (188)
[2015.11.27-11.11.11:334][662]LogModuleManager: Shutting down and abandoning module GeometryMode (187)
[2015.11.27-11.11.11:334][662]LogModuleManager: Shutting down and abandoning module TextureAlignMode (186)
[2015.11.27-11.11.11:334][662]LogModuleManager: Shutting down and abandoning module BspMode (185)
[2015.11.27-11.11.11:334][662]LogModuleManager: Shutting down and abandoning module PlacementMode (184)
[2015.11.27-11.11.11:334][662]LogModuleManager: Shutting down and abandoning module AutomationWorker (183)
[2015.11.27-11.11.11:334][662]LogModuleManager: Shutting down and abandoning module CharacterAI (182)
[2015.11.27-11.11.11:334][662]LogModuleManager: Shutting down and abandoning module SmartSnapping (181)
[2015.11.27-11.11.11:334][662]LogModuleManager: Shutting down and abandoning module ViewportSnapping (180)
[2015.11.27-11.11.11:334][662]LogModuleManager: Shutting down and abandoning module LogVisualizer (179)
[2015.11.27-11.11.11:334][662]LogModuleManager: Shutting down and abandoning module GameProjectGeneration (178)
[2015.11.27-11.11.11:334][662]LogModuleManager: Shutting down and abandoning module IntroTutorials (177)
[2015.11.27-11.11.11:334][662]LogModuleManager: Shutting down and abandoning module EditorLiveStreaming (176)
[2015.11.27-11.11.11:334][662]LogModuleManager: Shutting down and abandoning module IOSPlatformEditor (175)
[2015.11.27-11.11.11:334][662]LogModuleManager: Shutting down and abandoning module HTML5PlatformEditor (174)
[2015.11.27-11.11.11:334][662]LogModuleManager: Shutting down and abandoning module AndroidDeviceDetection (173)
[2015.11.27-11.11.12:000][662]LogModuleManager: Shutting down and abandoning module AndroidPlatformEditor (172)
[2015.11.27-11.11.12:000][662]LogModuleManager: Shutting down and abandoning module IOSRuntimeSettings (171)
[2015.11.27-11.11.12:000][662]LogModuleManager: Shutting down and abandoning module AndroidRuntimeSettings (170)
[2015.11.27-11.11.12:000][662]LogModuleManager: Shutting down and abandoning module MergeActors (169)
[2015.11.27-11.11.12:000][662]LogModuleManager: Shutting down and abandoning module SizeMap (168)
[2015.11.27-11.11.12:000][662]LogModuleManager: Shutting down and abandoning module TreeMap (167)
[2015.11.27-11.11.12:000][662]LogModuleManager: Shutting down and abandoning module ReferenceViewer (166)
[2015.11.27-11.11.12:000][662]LogModuleManager: Shutting down and abandoning module LocalizationService (165)
[2015.11.27-11.11.12:000][662]LogModuleManager: Shutting down and abandoning module LocalizationDashboard (164)
[2015.11.27-11.11.12:000][662]LogModuleManager: Shutting down and abandoning module HardwareTargeting (163)
[2015.11.27-11.11.12:000][662]LogModuleManager: Shutting down and abandoning module DeviceProfileEditor (162)
[2015.11.27-11.11.12:000][662]LogModuleManager: Shutting down and abandoning module UndoHistory (161)
[2015.11.27-11.11.12:000][662]LogModuleManager: Shutting down and abandoning module GameplayTagsEditor (160)
[2015.11.27-11.11.12:000][662]LogModuleManager: Shutting down and abandoning module UserFeedback (159)
[2015.11.27-11.11.12:000][662]LogModuleManager: Shutting down and abandoning module XmlParser (158)
[2015.11.27-11.11.12:000][662]LogModuleManager: Shutting down and abandoning module Blutility (157)
[2015.11.27-11.11.12:000][662]LogModuleManager: Shutting down and abandoning module ProjectTargetPlatformEditor (156)
[2015.11.27-11.11.12:000][662]LogModuleManager: Shutting down and abandoning module ProjectSettingsViewer (155)
[2015.11.27-11.11.12:000][662]LogModuleManager: Shutting down and abandoning module InputBindingEditor (154)
[2015.11.27-11.11.12:000][662]LogModuleManager: Shutting down and abandoning module EditorSettingsViewer (153)
[2015.11.27-11.11.12:000][662]LogModuleManager: Shutting down and abandoning module SettingsEditor (152)
[2015.11.27-11.11.12:000][662]LogModuleManager: Shutting down and abandoning module ProjectLauncher (151)
[2015.11.27-11.11.12:000][662]LogModuleManager: Shutting down and abandoning module SessionFrontend (150)
[2015.11.27-11.11.12:000][662]LogModuleManager: Shutting down and abandoning module ProfilerClient (149)
[2015.11.27-11.11.12:000][662]LogModuleManager: Shutting down and abandoning module TargetDeviceServices (148)
[2015.11.27-11.11.12:000][662]LogModuleManager: Shutting down and abandoning module DeviceManager (147)
[2015.11.27-11.11.12:000][662]LogModuleManager: Shutting down and abandoning module AutomationController (146)
[2015.11.27-11.11.12:000][662]LogModuleManager: Shutting down and abandoning module AutomationWindow (145)
[2015.11.27-11.11.12:000][662]LogModuleManager: Shutting down and abandoning module Layers (144)
[2015.11.27-11.11.12:000][662]LogModuleManager: Shutting down and abandoning module ComponentVisualizers (143)
[2015.11.27-11.11.12:000][662]LogModuleManager: Shutting down and abandoning module DetailCustomizations (142)
[2015.11.27-11.11.12:000][662]LogModuleManager: Shutting down and abandoning module PackagesDialog (141)
[2015.11.27-11.11.12:001][662]LogModuleManager: Shutting down and abandoning module Persona (140)
[2015.11.27-11.11.12:001][662]LogModuleManager: Shutting down and abandoning module Kismet (139)
[2015.11.27-11.11.12:001][662]LogModuleManager: Shutting down and abandoning module GraphEditor (138)
[2015.11.27-11.11.12:001][662]LogModuleManager: Shutting down and abandoning module ClassViewer (137)
[2015.11.27-11.11.12:002][662]LogModuleManager: Shutting down and abandoning module Toolbox (136)
[2015.11.27-11.11.12:002][662]LogModuleManager: Shutting down and abandoning module ModuleUI (135)
[2015.11.27-11.11.12:002][662]LogModuleManager: Shutting down and abandoning module MovieSceneTools (134)
[2015.11.27-11.11.12:002][662]LogModuleManager: Shutting down and abandoning module OutputLog (133)
[2015.11.27-11.11.12:002][662]LogModuleManager: Shutting down and abandoning module GammaUI (132)
[2015.11.27-11.11.12:002][662]LogModuleManager: Shutting down and abandoning module Documentation (131)
[2015.11.27-11.11.12:002][662]LogModuleManager: Shutting down and abandoning module GameLiveStreaming (130)
[2015.11.27-11.11.12:002][662]LogModuleManager: Shutting down and abandoning module StreamingPauseRendering (129)
[2015.11.27-11.11.12:002][662]LogModuleManager: Shutting down and abandoning module AnalyticsET (128)
[2015.11.27-11.11.12:002][662]LogModuleManager: Shutting down and abandoning module Analytics (127)
[2015.11.27-11.11.12:002][662]LogModuleManager: Shutting down and abandoning module AITestSuite (126)
[2015.11.27-11.11.12:002][662]LogModuleManager: Shutting down and abandoning module GameplayDebugger (125)
[2015.11.27-11.11.12:002][662]LogModuleManager: Shutting down and abandoning module AIModule (124)
[2015.11.27-11.11.12:002][662]LogModuleManager: Shutting down and abandoning module ProfilerService (123)
[2015.11.27-11.11.12:247][662]LogModuleManager: Shutting down and abandoning module TaskGraph (122)
[2015.11.27-11.11.12:247][662]LogModuleManager: Shutting down and abandoning module SlateRemote (121)
[2015.11.27-11.11.12:247][662]LogModuleManager: Shutting down and abandoning module SteamVRController (120)
[2015.11.27-11.11.12:247][662]LogModuleManager: Shutting down and abandoning module SteamVR (119)
[2015.11.27-11.11.12:247][662]LogModuleManager: Shutting down and abandoning module ProceduralMeshComponent (118)
[2015.11.27-11.11.12:247][662]LogModuleManager: Shutting down and abandoning module OculusRift (117)
[2015.11.27-11.11.12:247][662]LogModuleManager: Shutting down and abandoning module OculusLibrary (116)
[2015.11.27-11.11.12:247][662]LogModuleManager: Shutting down and abandoning module LeapMotionController (115)
[2015.11.27-11.11.12:253][662]LogModuleManager: Shutting down and abandoning module CustomMeshComponent (114)
[2015.11.27-11.11.12:253][662]LogModuleManager: Shutting down and abandoning module CableComponent (113)
[2015.11.27-11.11.12:253][662]LogModuleManager: Shutting down and abandoning module ArchVisCharacter (112)
[2015.11.27-11.11.12:253][662]LogModuleManager: Shutting down and abandoning module MessagingDebugger (111)
[2015.11.27-11.11.12:253][662]LogModuleManager: Shutting down and abandoning module MediaPlayerEditor (110)
[2015.11.27-11.11.12:253][662]LogModuleManager: Shutting down and abandoning module HTML5Networking (109)
[2015.11.27-11.11.12:253][662]LogModuleManager: Shutting down and abandoning module SpeedTreeImporter (108)
[2015.11.27-11.11.12:253][662]LogModuleManager: Shutting down and abandoning module PluginBrowser (107)
[2015.11.27-11.11.12:253][662]LogModuleManager: Shutting down and abandoning module EpicSurvey (106)
[2015.11.27-11.11.12:253][662]LogModuleManager: Shutting down and abandoning module DesktopPlatform (105)
[2015.11.27-11.11.12:253][662]LogModuleManager: Shutting down and abandoning module VisualStudioSourceCodeAccess (104)
[2015.11.27-11.11.12:253][662]LogModuleManager: Shutting down and abandoning module UObjectPlugin (103)
[2015.11.27-11.11.12:253][662]LogModuleManager: Shutting down and abandoning module SubversionSourceControl (102)
[2015.11.27-11.11.12:253][662]LogModuleManager: Shutting down and abandoning module PerforceSourceControl (101)
[2015.11.27-11.11.12:253][662]LogModuleManager: Shutting down and abandoning module SourceControl (100)
[2015.11.27-11.11.12:253][662]LogModuleManager: Shutting down and abandoning module GitSourceControl (99)
[2015.11.27-11.11.12:253][662]LogModuleManager: Shutting down and abandoning module LightPropagationVolumeEditor (98)
[2015.11.27-11.11.12:253][662]LogModuleManager: Shutting down and abandoning module PaperTiledImporter (97)
[2015.11.27-11.11.12:253][662]LogModuleManager: Shutting down and abandoning module PaperSpriteSheetImporter (96)
[2015.11.27-11.11.12:253][662]LogModuleManager: Shutting down and abandoning module MeshPaint (95)
[2015.11.27-11.11.12:253][662]LogModuleManager: Shutting down and abandoning module SlateReflector (94)
[2015.11.27-11.11.12:253][662]LogModuleManager: Shutting down and abandoning module HotReload (93)
[2015.11.27-11.11.12:253][662]LogModuleManager: Shutting down and abandoning module MainFrame (92)
[2015.11.27-11.11.12:253][662]LogModuleManager: Shutting down and abandoning module LevelEditor (91)
[2015.11.27-11.11.12:254][662]LogModuleManager: Shutting down and abandoning module DirectoryWatcher (90)
[2015.11.27-11.11.12:255][662]LogModuleManager: Shutting down and abandoning module AssetRegistry (89)
[2015.11.27-11.11.12:364][662]LogModuleManager: Shutting down and abandoning module ContentBrowser (88)
[2015.11.27-11.11.12:364][662]LogModuleManager: Shutting down and abandoning module Paper2DEditor (87)
[2015.11.27-11.11.12:364][662]LogModuleManager: Shutting down and abandoning module SpaceGame (86)
[2015.11.27-11.11.12:364][662]LogModuleManager: Shutting down and abandoning module UdpMessaging (85)
[2015.11.27-11.11.12:465][662]LogModuleManager: Shutting down and abandoning module LightPropagationVolumeRuntime (84)
[2015.11.27-11.11.12:465][662]LogModuleManager: Shutting down and abandoning module Paper2D (83)
[2015.11.27-11.11.12:465][662]LogModuleManager: Shutting down and abandoning module WindowsMoviePlayer (82)
[2015.11.27-11.11.12:467][662]LogModuleManager: Shutting down and abandoning module Media (81)
[2015.11.27-11.11.12:467][662]LogModuleManager: Shutting down and abandoning module WmfMedia (80)
[2015.11.27-11.11.12:467][662]LogModuleManager: Shutting down and abandoning module OnlineBlueprintSupport (79)
[2015.11.27-11.11.12:467][662]LogModuleManager: Shutting down and abandoning module GameplayTasksEditor (78)
[2015.11.27-11.11.12:467][662]LogModuleManager: Shutting down and abandoning module PropertyEditor (77)
[2015.11.27-11.11.12:467][662]LogModuleManager: Shutting down and abandoning module BehaviorTreeEditor (76)
[2015.11.27-11.11.12:467][662]LogModuleManager: Shutting down and abandoning module FunctionalTesting (75)
[2015.11.27-11.11.12:467][662]LogModuleManager: Shutting down and abandoning module CollisionAnalyzer (74)
[2015.11.27-11.11.12:467][662]LogModuleManager: Shutting down and abandoning module WorkspaceMenuStructure (73)
[2015.11.27-11.11.12:467][662]LogModuleManager: Shutting down and abandoning module MessageLog (72)
[2015.11.27-11.11.12:467][662]LogModuleManager: Shutting down and abandoning module Sequencer (71)
[2015.11.27-11.11.12:467][662]LogModuleManager: Shutting down and abandoning module AssetTools (70)
[2015.11.27-11.11.12:467][662]LogModuleManager: Shutting down and abandoning module UMGEditor (69)
[2015.11.27-11.11.12:467][662]LogModuleManager: Shutting down and abandoning module UMG (68)
[2015.11.27-11.11.12:467][662]LogModuleManager: Shutting down and abandoning module Slate (67)
[2015.11.27-11.11.12:467][662]LogModuleManager: Shutting down and abandoning module EditorStyle (66)
[2015.11.27-11.11.12:469][662]LogModuleManager: Shutting down and abandoning module SessionServices (65)
[2015.11.27-11.11.12:469][662]LogModuleManager: Shutting down and abandoning module SourceCodeAccess (64)
[2015.11.27-11.11.12:469][662]LogModuleManager: Shutting down and abandoning module HeadMountedDisplay (63)
[2015.11.27-11.11.12:469][662]LogModuleManager: Shutting down and abandoning module XAudio2 (62)
[2015.11.27-11.11.12:469][662]LogModuleManager: Shutting down and abandoning module Networking (60)
[2015.11.27-11.11.12:469][662]LogModuleManager: Shutting down and abandoning module Core (59)
[2015.11.27-11.11.12:469][662]LogModuleManager: Shutting down and abandoning module KismetCompiler (58)
[2015.11.27-11.11.12:469][662]LogModuleManager: Shutting down and abandoning module PhysXFormats (57)
[2015.11.27-11.11.12:469][662]LogModuleManager: Shutting down and abandoning module MeshUtilities (56)
[2015.11.27-11.11.12:469][662]LogModuleManager: Shutting down and abandoning module CookingStats (55)
[2015.11.27-11.11.12:469][662]LogModuleManager: Shutting down and abandoning module DerivedDataCache (54)
[2015.11.27-11.11.12:486][662]LogDerivedDataCache: Shutdown
[2015.11.27-11.11.12:486][662]LogModuleManager: Shutting down and abandoning module ShaderFormatOpenGL (53)
[2015.11.27-11.11.12:486][662]LogModuleManager: Shutting down and abandoning module ShaderFormatD3D (52)
[2015.11.27-11.11.12:486][662]LogModuleManager: Shutting down and abandoning module MetalShaderFormat (51)
[2015.11.27-11.11.12:486][662]LogModuleManager: Shutting down and abandoning module TextureFormatUncompressed (50)
[2015.11.27-11.11.12:486][662]LogModuleManager: Shutting down and abandoning module TextureFormatPVR (49)
[2015.11.27-11.11.12:486][662]LogModuleManager: Shutting down and abandoning module TextureFormatIntelISPCTexComp (48)
[2015.11.27-11.11.12:486][662]LogModuleManager: Shutting down and abandoning module TextureFormatDXT (47)
[2015.11.27-11.11.12:486][662]LogModuleManager: Shutting down and abandoning module ImageWrapper (46)
[2015.11.27-11.11.12:486][662]LogModuleManager: Shutting down and abandoning module TextureFormatASTC (45)
[2015.11.27-11.11.12:486][662]LogModuleManager: Shutting down and abandoning module TextureFormatAndroid (44)
[2015.11.27-11.11.12:486][662]LogModuleManager: Shutting down and abandoning module AudioFormatOpus (43)
[2015.11.27-11.11.12:486][662]LogModuleManager: Shutting down and abandoning module AudioFormatOgg (42)
[2015.11.27-11.11.12:486][662]LogModuleManager: Shutting down and abandoning module AudioFormatADPCM (41)
[2015.11.27-11.11.12:486][662]LogModuleManager: Shutting down and abandoning module LinuxTargetPlatform (40)
[2015.11.27-11.11.12:486][662]LogModuleManager: Shutting down and abandoning module LinuxServerTargetPlatform (39)
[2015.11.27-11.11.12:486][662]LogModuleManager: Shutting down and abandoning module LinuxNoEditorTargetPlatform (38)
[2015.11.27-11.11.12:486][662]LogModuleManager: Shutting down and abandoning module Messaging (37)
[2015.11.27-11.11.12:486][662]LogModuleManager: Shutting down and abandoning module IOSTargetPlatform (36)
[2015.11.27-11.11.12:486][662]LogModuleManager: Shutting down and abandoning module HTML5TargetPlatform (35)
[2015.11.27-11.11.12:486][662]LogModuleManager: Shutting down and abandoning module Android_PVRTCTargetPlatform (34)
[2015.11.27-11.11.12:486][662]LogModuleManager: Shutting down and abandoning module Android_ETC2TargetPlatform (33)
[2015.11.27-11.11.12:486][662]LogModuleManager: Shutting down and abandoning module Android_ETC1TargetPlatform (32)
[2015.11.27-11.11.12:486][662]LogModuleManager: Shutting down and abandoning module Android_DXTTargetPlatform (31)
[2015.11.27-11.11.12:486][662]LogModuleManager: Shutting down and abandoning module Android_ATCTargetPlatform (30)
[2015.11.27-11.11.12:486][662]LogModuleManager: Shutting down and abandoning module Android_ASTCTargetPlatform (29)
[2015.11.27-11.11.12:486][662]LogModuleManager: Shutting down and abandoning module AndroidTargetPlatform (28)
[2015.11.27-11.11.12:486][662]LogModuleManager: Shutting down and abandoning module WindowsTargetPlatform (27)
[2015.11.27-11.11.12:486][662]LogModuleManager: Shutting down and abandoning module WindowsServerTargetPlatform (26)
[2015.11.27-11.11.12:486][662]LogModuleManager: Shutting down and abandoning module WindowsNoEditorTargetPlatform (25)
[2015.11.27-11.11.12:486][662]LogModuleManager: Shutting down and abandoning module WindowsClientTargetPlatform (24)
[2015.11.27-11.11.12:486][662]LogModuleManager: Shutting down and abandoning module AllDesktopTargetPlatform (23)
[2015.11.27-11.11.12:486][662]LogModuleManager: Shutting down and abandoning module TargetPlatform (22)
[2015.11.27-11.11.12:486][662]LogModuleManager: Shutting down and abandoning module InputCore (21)
[2015.11.27-11.11.12:486][662]LogModuleManager: Shutting down and abandoning module Settings (20)
[2015.11.27-11.11.12:486][662]LogModuleManager: Shutting down and abandoning module OnlineSubsystem (18)
[2015.11.27-11.11.12:486][662]LogModuleManager: Shutting down and abandoning module HTTP (17)
[2015.11.27-11.11.13:488][662]LogModuleManager: Shutting down and abandoning module XMPP (16)
[2015.11.27-11.11.13:488][662]LogModuleManager: Shutting down and abandoning module ExampleDeviceProfileSelector (15)
[2015.11.27-11.11.13:488][662]LogModuleManager: Shutting down and abandoning module TextureCompressor (14)
[2015.11.27-11.11.13:488][662]LogModuleManager: Shutting down and abandoning module ShaderCore (13)
[2015.11.27-11.11.13:488][662]LogModuleManager: Shutting down and abandoning module Landscape (12)
[2015.11.27-11.11.13:488][662]LogModuleManager: Shutting down and abandoning module SlateRHIRenderer (11)
[2015.11.27-11.11.13:489][662]LogModuleManager: Shutting down and abandoning module OpenGLDrv (10)
[2015.11.27-11.11.13:489][662]LogModuleManager: Shutting down and abandoning module D3D11RHI (9)
[2015.11.27-11.11.13:489][662]LogModuleManager: Shutting down and abandoning module AnimGraphRuntime (8)
[2015.11.27-11.11.13:489][662]LogModuleManager: Shutting down and abandoning module Renderer (7)
[2015.11.27-11.11.13:489][662]LogModuleManager: Shutting down and abandoning module Engine (6)
[2015.11.27-11.11.13:489][662]LogModuleManager: Shutting down and abandoning module CoreUObject (5)
[2015.11.27-11.11.13:489][662]LogModuleManager: Shutting down and abandoning module NetworkFile (4)
[2015.11.27-11.11.13:489][662]LogModuleManager: Shutting down and abandoning module StreamingFile (3)
[2015.11.27-11.11.13:489][662]LogModuleManager: Shutting down and abandoning module SandboxFile (2)
[2015.11.27-11.11.13:489][662]LogModuleManager: Shutting down and abandoning module PakFile (1)
[2015.11.27-11.11.13:490][662]LogExit: Exiting.
[2015.11.27-11.11.13:491][662]Log file closed, 11/27/15 12:11:13
