[2015.11.13-15.01.48:336][  0]Log file open, 11/13/15 16:01:48
[2015.11.13-15.01.48:336][  0]LogInit:Display: Running engine for game: SpaceGame
[2015.11.13-15.01.48:336][  0]LogInit:Display: RandInit(-1314827997) SRandInit(-1314827996).
[2015.11.13-15.01.48:336][  0]LogTaskGraph: Started task graph with 4 named threads and 7 total threads.
[2015.11.13-15.01.48:336][  0]LogStats: Stats thread started at 0.069667
[2015.11.13-15.01.48:336][  0]LogInit: Version: 4.9.2-2707645+++depot+UE4-Releases+4.9
[2015.11.13-15.01.48:336][  0]LogInit: API Version: 2672455
[2015.11.13-15.01.48:336][  0]LogInit: Compiled (64-bit): Sep 28 2015 10:25:44
[2015.11.13-15.01.48:336][  0]LogInit: Compiled with Visual C++: 18.00.21005.01
[2015.11.13-15.01.48:336][  0]LogInit: Build Configuration: Development
[2015.11.13-15.01.48:336][  0]LogInit: Branch Name: ++depot+UE4-Releases+4.9
[2015.11.13-15.01.48:336][  0]LogInit: Command line:  
[2015.11.13-15.01.48:336][  0]LogInit: Base directory: C:/Program Files/Epic Games/4.9/Engine/Binaries/Win64/
[2015.11.13-15.01.48:336][  0]LogInit: Rocket: 1
[2015.11.13-15.01.48:343][  0]LogInit: Using libcurl 7.41.0
[2015.11.13-15.01.48:343][  0]LogInit:  - built for x86_64-pc-win32
[2015.11.13-15.01.48:343][  0]LogInit:  - supports SSL with WinSSL
[2015.11.13-15.01.48:343][  0]LogInit:  - other features:
[2015.11.13-15.01.48:343][  0]LogInit:      CURL_VERSION_SSL
[2015.11.13-15.01.48:343][  0]LogInit:      CURL_VERSION_IPV6
[2015.11.13-15.01.48:343][  0]LogInit:      CURL_VERSION_ASYNCHDNS
[2015.11.13-15.01.48:343][  0]LogInit:      CURL_VERSION_LARGEFILE
[2015.11.13-15.01.48:343][  0]LogInit:      CURL_VERSION_IDN
[2015.11.13-15.01.48:343][  0]LogInit:  CurlRequestOptions (configurable via config and command line):
[2015.11.13-15.01.48:343][  0]LogInit:  - bVerifyPeer = true  - Libcurl will verify peer certificate
[2015.11.13-15.01.48:343][  0]LogInit:  - bUseHttpProxy = false  - Libcurl will NOT use HTTP proxy
[2015.11.13-15.01.48:343][  0]LogInit:  - bDontReuseConnections = false  - Libcurl will reuse connections
[2015.11.13-15.01.48:343][  0]LogInit:  - CertBundlePath = nullptr  - Libcurl will use whatever was configured at build time.
[2015.11.13-15.01.48:348][  0]LogInit: Presizing for 0 objects not considered by GC, pre-allocating 0 bytes.
[2015.11.13-15.01.48:353][  0]LogInit: Object subsystem initialized
[2015.11.13-15.01.48:354][  0]LogInit: Selected Device Profile: [Windows]
[2015.11.13-15.01.48:354][  0]LogInit: Applying CVar settings loaded from the selected device profile: [Windows]
[2015.11.13-15.01.48:362][  0]LogInit: Computer: SpellabbA333-07
[2015.11.13-15.01.48:362][  0]LogInit: User: Spellabbet
[2015.11.13-15.01.48:362][  0]LogInit: CPU Page size=4096, Cores=4
[2015.11.13-15.01.48:362][  0]LogInit: High frequency timer resolution =3.507521 MHz
[2015.11.13-15.01.48:362][  0]LogMemory: Memory total: Physical=15.9GB (16GB approx)
[2015.11.13-15.01.48:362][  0]LogMemory: Platform Memory Stats for Windows
[2015.11.13-15.01.48:362][  0]LogMemory: Process Physical Memory: 52.02 MB used, 52.02 MB peak
[2015.11.13-15.01.48:362][  0]LogMemory: Process Virtual Memory: 55.03 MB used, 55.03 MB peak
[2015.11.13-15.01.48:362][  0]LogMemory: Physical Memory: 3871.13 MB used, 16318.82 MB total
[2015.11.13-15.01.48:362][  0]LogMemory: Virtual Memory: 347.38 MB used, 134217728.00 MB total
[2015.11.13-15.01.48:388][  0]LogTextLocalizationManager: No translations for ('sv-SE') exist, falling back to 'en' for localization and internationalization data.
[2015.11.13-15.01.48:996][  0]LogD3D11RHI: Found D3D11 adapter 0: NVIDIA GeForce GTX 960 (Feature Level 11_0)
[2015.11.13-15.01.48:996][  0]LogD3D11RHI: Adapter has 1965MB of dedicated video memory, 0MB of dedicated system memory, and 2048MB of shared system memory, 1 output[s]
[2015.11.13-15.01.48:997][  0]LogD3D11RHI: Found D3D11 adapter 1: Microsoft Basic Render Driver (Feature Level 11_0)
[2015.11.13-15.01.48:997][  0]LogD3D11RHI: Adapter has 0MB of dedicated video memory, 0MB of dedicated system memory, and 256MB of shared system memory, 0 output[s]
[2015.11.13-15.01.48:997][  0]LogD3D11RHI: Chosen D3D11 Adapter Id = 0
[2015.11.13-15.01.49:000][  0]LogD3D11RHI: !Direct3DDevice
[2015.11.13-15.01.49:000][  0]LogRHI: Texture pool is 1361 MB (70% of 1945 MB)
[2015.11.13-15.01.49:009][  0]LogD3D11RHI: Async texture creation enabled
[2015.11.13-15.01.49:023][  0]LogShaderCompilers: Guid format shader working directory is 15 characters bigger than the processId version (../../../../../../Users/Spellabbet/Documents/GitHub/SpaceGame/Project/SpaceGame/Intermediate/Shaders/WorkingDirectory/5136/).
[2015.11.13-15.01.49:023][  0]LogShaderCompilers: Cleaned the shader compiler working directory '../../../../../../Users/Spellabbet/Documents/GitHub/SpaceGame/Project/SpaceGame/Intermediate/Shaders/tmp/2919EAE548DF9E1F31F4D9B558EC2569/'.
[2015.11.13-15.01.49:023][  0]LogShaderCompilers:Display: Using Local Shader Compiler.
[2015.11.13-15.01.49:904][  0]LogTemp:Display: Loaded TP AllDesktopTargetPlatform
[2015.11.13-15.01.49:908][  0]LogTemp:Display: Loaded TP WindowsClientTargetPlatform
[2015.11.13-15.01.49:913][  0]LogTemp:Display: Loaded TP WindowsNoEditorTargetPlatform
[2015.11.13-15.01.49:917][  0]LogTemp:Display: Loaded TP WindowsServerTargetPlatform
[2015.11.13-15.01.49:921][  0]LogTemp:Display: Loaded TP WindowsTargetPlatform
[2015.11.13-15.01.49:924][  0]LogTemp:Display: Loaded TP AndroidTargetPlatform
[2015.11.13-15.01.49:926][  0]LogTemp:Display: Loaded TP Android_ASTCTargetPlatform
[2015.11.13-15.01.49:929][  0]LogTemp:Display: Loaded TP Android_ATCTargetPlatform
[2015.11.13-15.01.49:931][  0]LogTemp:Display: Loaded TP Android_DXTTargetPlatform
[2015.11.13-15.01.49:934][  0]LogTemp:Display: Loaded TP Android_ETC1TargetPlatform
[2015.11.13-15.01.49:937][  0]LogTemp:Display: Loaded TP Android_ETC2TargetPlatform
[2015.11.13-15.01.49:940][  0]LogTemp:Display: Loaded TP Android_PVRTCTargetPlatform
[2015.11.13-15.01.49:940][  0]LogTemp:Display: Loaded TP HTML5TargetPlatform
[2015.11.13-15.01.49:956][  0]LogTemp:Display: Loaded TP IOSTargetPlatform
[2015.11.13-15.01.49:958][  0]LogTemp:Display: Loaded TP LinuxNoEditorTargetPlatform
[2015.11.13-15.01.49:960][  0]LogTemp:Display: Loaded TP LinuxServerTargetPlatform
[2015.11.13-15.01.49:963][  0]LogTemp:Display: Loaded TP LinuxTargetPlatform
[2015.11.13-15.01.49:963][  0]LogTargetPlatformManager:Display: Building Assets For Windows
[2015.11.13-15.01.50:034][  0]LogDerivedDataCache:Display: Max Cache Size: 512 MB
[2015.11.13-15.01.50:069][  0]LogDerivedDataCache: Loaded boot cache 0.03s 41MB C:/Users/Spellabbet/AppData/Local/UnrealEngine/4.9/DerivedDataCache/Boot.ddc.
[2015.11.13-15.01.50:069][  0]LogDerivedDataCache:Display: Loaded Boot cache: C:/Users/Spellabbet/AppData/Local/UnrealEngine/4.9/DerivedDataCache/Boot.ddc
[2015.11.13-15.01.50:069][  0]LogDerivedDataCache: FDerivedDataBackendGraph:  Pak pak cache file ../../../../../../Users/Spellabbet/Documents/GitHub/SpaceGame/Project/SpaceGame/DerivedDataCache/DDC.ddp not found, will not use a pak cache.
[2015.11.13-15.01.50:069][  0]LogDerivedDataCache: Unable to find inner node Pak for hierarchical cache Hierarchy.
[2015.11.13-15.01.50:069][  0]LogDerivedDataCache: FDerivedDataBackendGraph:  CompressedPak pak cache file ../../../../../../Users/Spellabbet/Documents/GitHub/SpaceGame/Project/SpaceGame/DerivedDataCache/Compressed.ddp not found, will not use a pak cache.
[2015.11.13-15.01.50:069][  0]LogDerivedDataCache: Unable to find inner node CompressedPak for hierarchical cache Hierarchy.
[2015.11.13-15.01.50:178][  0]LogDerivedDataCache:Display: Pak cache opened for reading ../../../Engine/DerivedDataCache/Compressed.ddp.
[2015.11.13-15.01.50:190][  0]LogDerivedDataCache: Using Local data cache path C:/Users/Spellabbet/AppData/Local/UnrealEngine/Common/DerivedDataCache: Writable
[2015.11.13-15.01.50:327][  0]LogInit: Selected Device Profile: [Windows]
[2015.11.13-15.01.50:329][  0]LogContentStreaming: Texture pool size is 0.000000MB
[2015.11.13-15.01.50:425][  0]LogMeshUtilities: No automatic mesh reduction module available
[2015.11.13-15.01.50:425][  0]LogMeshUtilities: No automatic mesh merging module available
[2015.11.13-15.01.50:606][  0]LogInit: WinSock: version 1.1 (2.2), MaxSocks=32767, MaxUdp=65467
[2015.11.13-15.01.51:146][  0]UdpMessaging: Initializing bridge on interface 0.0.0.0:0 to multicast group 230.0.0.1:6666.
[2015.11.13-15.01.51:250][  0]LogAssetRegistry: FAssetRegistry took 0.0106 seconds to start up
[2015.11.13-15.01.51:393][  0]SourceControl: Info Source control is disabled
[2015.11.13-15.01.51:399][  0]SourceControl: Info Source control is disabled
[2015.11.13-15.01.51:409][  0]SourceControl: Info Source control is disabled
[2015.11.13-15.01.51:419][  0]SourceControl: Info Source control is disabled
[2015.11.13-15.01.51:555][  0]LogLinker:Warning: Asset '../../../Engine/Plugins/Runtime/LeapMotionController/Content/LM_PassthroughMaterial.uasset' has been saved with empty engine version. The asset will be loaded but may be incompatible.
[2015.11.13-15.01.51:628][  0]LogObj: 28410 objects as part of root set at end of initial load.
[2015.11.13-15.01.51:628][  0]LogUObjectAllocator: 6059544 out of 0 bytes used by permanent object pool.
[2015.11.13-15.01.51:674][  0]LogEngine: Initializing Engine...
[2015.11.13-15.01.51:676][  0]LogHMD: Can't find Oculus library dev build: is proper Runtime installed? Version: 0.7.0.0
[2015.11.13-15.01.51:676][  0]LogHMD: SteamVR failed to initialize.  Err: 110
[2015.11.13-15.01.51:769][  0]LogAIModule: Creating AISystem for world NewWorld
[2015.11.13-15.01.51:774][  0]LogInit: XAudio2 using 'Speakers (4- High Definition Audio Device)' : 2 channels at 44.1 kHz using 16 bits per sample (channel mask 0x3)
[2015.11.13-15.01.51:783][  0]LogInit: FAudioDevice initialized.
[2015.11.13-15.01.51:801][  0]LogDerivedDataCache: Saved boot cache 0.02s 41MB C:/Users/Spellabbet/AppData/Local/UnrealEngine/4.9/DerivedDataCache/Boot.ddc.
[2015.11.13-15.01.51:804][  0]LogInit: Texture streaming: Enabled
[2015.11.13-15.01.51:808][  0]LogAnalytics: Creating configured Analytics provider AnalyticsET
[2015.11.13-15.01.51:808][  0]LogAnalytics: [UEEditor.Rocket.Release] APIServer = http://et2.epicgames.com/ET2/. AppVersion = 4.9.2-2707645+++depot+UE4-Releases+4.9
[2015.11.13-15.01.51:808][  0]LogAnalytics: [UEEditor.Rocket.Release] SetUserId a56f99ce4ac584e8e6d851994b9dafce|4486cc34acf54390b5f34fc38c8b6486|060e5e79-a789-49c4-8abd-5d8b330400a7
[2015.11.13-15.01.51:808][  0]LogAnalytics: [UEEditor.Rocket.Release] AnalyticsET::StartSession
[2015.11.13-15.01.51:825][  0]LogInit: Transaction tracking system initialized
[2015.11.13-15.01.51:847][  0]BlueprintLog: New page: Editor Load
[2015.11.13-15.01.51:904][  0]LocalizationService: Info Localization service is disabled
[2015.11.13-15.01.51:964][  0]LogConsoleResponse:Display: 
[2015.11.13-15.01.52:048][  0]LogCook:Display: Done creating registry. It took  0.00s.
[2015.11.13-15.01.52:094][  0]LogFileCache: Scanning file cache for directory 'C:/Users/Spellabbet/Documents/GitHub/SpaceGame/Project/SpaceGame/Content/' took 0.01s
[2015.11.13-15.01.52:094][  0]SourceControl: Info Source control is disabled
[2015.11.13-15.01.52:094][  0]Cmd: MAP LOAD FILE="../../../Engine/Content/Maps/Templates/Template_Default.umap" TEMPLATE=1 SHOWPROGRESS=1 FEATURELEVEL=3
[2015.11.13-15.01.52:094][  0]LightingResults: New page: Lighting Build
[2015.11.13-15.01.52:097][  0]MapCheck: New page: Map Check
[2015.11.13-15.01.52:097][  0]LightingResults: New page: Lighting Build
[2015.11.13-15.01.52:105][  0]LogParticles: Destroying 0 GPU particle simulations for FXSystem 0x000000E3C3002AC0
[2015.11.13-15.01.52:295][  0]LogAIModule: Creating AISystem for world Untitled_1
[2015.11.13-15.01.52:299][  0]LogEditorServer: Finished looking for orphan Actors (0.000 secs)
[2015.11.13-15.01.52:303][  0]Cmd: MAP CHECKDEP NOCLEARLOG
[2015.11.13-15.01.52:332][  0]MapCheck: Info Map check complete: 0 Error(s), 0 Warning(s), took 28.978ms to complete.
[2015.11.13-15.01.52:332][  0]LogFileHelpers: Loading map 'Template_Default' took 0.239
[2015.11.13-15.01.52:425][  0]LogCollectionManager: Loaded 0 collections in 0.002735 seconds
[2015.11.13-15.01.52:465][  0]LogFileCache: Scanning file cache for directory 'C:/Users/Spellabbet/Documents/GitHub/SpaceGame/Project/SpaceGame/Saved/Collections/' took 0.01s
[2015.11.13-15.01.52:466][  0]LogFileCache: Scanning file cache for directory 'C:/Users/Spellabbet/Documents/GitHub/SpaceGame/Project/SpaceGame/Content/Developers/Spellabbet/Collections/' took 0.01s
[2015.11.13-15.01.52:466][  0]LogFileCache: Scanning file cache for directory 'C:/Users/Spellabbet/Documents/GitHub/SpaceGame/Project/SpaceGame/Content/Collections/' took 0.01s
[2015.11.13-15.01.52:466][  0]LogContentBrowser: Native class hierarchy populated in 0.0064 seconds. Added 1873 classes and 335 folders.
[2015.11.13-15.01.52:470][  0]LogCollectionManager: Rebuilt the GUID cache for 0 collections in 0.000002 seconds
[2015.11.13-15.01.52:476][  0]LogContentBrowser: Native class hierarchy updated for 'WidgetCarousel' in 0.0008 seconds. Added 0 classes and 0 folders.
[2015.11.13-15.01.52:505][  0]LogContentBrowser: Native class hierarchy updated for 'AddContentDialog' in 0.0008 seconds. Added 0 classes and 0 folders.
[2015.11.13-15.01.52:515][  0]LogContentBrowser: Native class hierarchy updated for 'SceneOutliner' in 0.0012 seconds. Added 1 classes and 2 folders.
[2015.11.13-15.01.52:539][  0]LogCrashTracker: Crashtracker disabled due to settings.
[2015.11.13-15.01.52:542][  0]LogUObjectGlobals:Warning: Failed to find object 'Class None.'
[2015.11.13-15.01.52:565][  0]LogLoad: Full Startup: 4.96 seconds (BP compile: 0.03 seconds)
[2015.11.13-15.01.52:618][  0]LogContentStreaming: Texture pool size now 1000 MB
[2015.11.13-15.01.52:765][  0]LogRenderer: Reallocating scene render targets to support 1208x576 (Frame:2).
[2015.11.13-15.01.52:830][  2]LogAssetRegistry: Asset discovery search completed in 1.5914 seconds
[2015.11.13-15.01.52:830][  2]LogCollectionManager: Rebuilt the object cache for 0 collections in 0.000001 seconds (found 0 objects)
[2015.11.13-15.01.52:830][  2]LogCollectionManager: Fixed up redirectors for 0 collections in 0.000024 seconds (updated 0 objects)
[2015.11.13-15.02.05:106][458]LogLinker:Warning: Asset '../../../Engine/Content/ArtTools/RenderToTexture/Macros/RenderToTextureMacros.uasset' has been saved with empty engine version. The asset will be loaded but may be incompatible.
[2015.11.13-15.02.05:492][458]LogContentBrowser: Native class hierarchy updated for 'BlueprintGraph' in 0.0010 seconds. Added 107 classes and 0 folders.
[2015.11.13-15.02.27:944][773]BlueprintLog: New page: Compile FleetBP
[2015.11.13-15.02.27:976][773]LogUObjectGlobals:Warning: Guid is in use by SceneComponent /Temp/Untitled_1.Untitled_1:PersistentLevel.FleetBP_2.Root and SceneComponent /Temp/Untitled_1.Untitled_1:PersistentLevel.FleetBP_C_0.Root, which should never happen in the editor but could happen at runtime with duplicate level loading or PIE
[2015.11.13-15.02.27:976][773]LogUObjectGlobals:Warning: Guid is in use by StaticMeshComponent /Temp/Untitled_1.Untitled_1:PersistentLevel.FleetBP_2.Mesh and StaticMeshComponent /Temp/Untitled_1.Untitled_1:PersistentLevel.FleetBP_C_0.Mesh, which should never happen in the editor but could happen at runtime with duplicate level loading or PIE
[2015.11.13-15.02.27:976][773]LogUObjectGlobals:Warning: Guid is in use by BoxComponent /Temp/Untitled_1.Untitled_1:PersistentLevel.FleetBP_2.Box and BoxComponent /Temp/Untitled_1.Untitled_1:PersistentLevel.FleetBP_C_0.Box, which should never happen in the editor but could happen at runtime with duplicate level loading or PIE
[2015.11.13-15.02.28:084][773]LogParticles: Destroying 0 GPU particle simulations for FXSystem 0x000000E3DDFE3060
[2015.11.13-15.02.28:092][773]BlueprintEditorCompileResults: Info [0040.49] Compile of FleetBP successful! [in 148 ms]
[2015.11.13-15.02.30:272][ 24]LogEditorViewport: Clicking on Actor (LMB): BP_Sky_Sphere_C (Sky Sphere)
[2015.11.13-15.02.30:934][101]LogEditorViewport: Clicking on Actor (LMB): FleetBP_C (FleetBP)
[2015.11.13-15.02.31:505][164]LogEditorViewport: Clicking on Actor (LMB): BP_Sky_Sphere_C (Sky Sphere)
[2015.11.13-15.02.42:246][438]LogEditorViewport: Clicking on Actor (LMB): BP_Sky_Sphere_C (Sky Sphere)
[2015.11.13-15.02.42:618][480]LogEditorViewport: Clicking on Actor (LMB): FleetBP_C (FleetBP)
[2015.11.13-15.02.43:264][552]LogEditorViewport: Clicking on Actor (LMB): FleetBP_C (FleetBP2)
[2015.11.13-15.02.43:699][599]LogEditorViewport: Clicking on Actor (LMB): FleetBP_C (FleetBP)
[2015.11.13-15.02.44:295][665]LogEditorViewport: Clicking on Actor (LMB): BP_Sky_Sphere_C (Sky Sphere)
[2015.11.13-15.02.50:523][408]Recompiling SpaceGame...
[2015.11.13-15.02.50:523][408]Launching UnrealBuildTool... [C:/Program Files/Epic Games/4.9/Engine/Binaries/DotNET/UnrealBuildTool.exe SpaceGame -ModuleWithSuffix SpaceGame 4392 Win64 Development -editorrecompile -canskiplink "C:/Users/Spellabbet/Documents/GitHub/SpaceGame/Project/SpaceGame/SpaceGame.uproject" -rocket  -rocket]
[2015.11.13-15.02.50:524][408]Warning: Starting HotReload took  0.0s.
[2015.11.13-15.02.53:565][754]CompilerResultsLog: New page: Compilation - Nov 13, 2015, 5:02:53 PM
[2015.11.13-15.02.53:565][754]CompilerResultsLog: Info Compiling game modules for hot reload
[2015.11.13-15.02.53:566][754]CompilerResultsLog: Info Performing 2 actions (4 in parallel)
[2015.11.13-15.02.53:566][754]CompilerResultsLog: Info Fleet.cpp
[2015.11.13-15.02.53:566][754]CompilerResultsLog: Info [2/2] Link UE4Editor-SpaceGame-4392.dll
[2015.11.13-15.02.53:566][754]CompilerResultsLog: Info    Creating library C:\Users\Spellabbet\Documents\GitHub\SpaceGame\Project\SpaceGame\Intermediate/Build/Win64\UE4Editor\Development\UE4Editor-SpaceGame-4392.lib and object C:\Users\Spellabbet\Documents\GitHub\SpaceGame\Project\SpaceGame\Intermediate/Build/Win64\UE4Editor\Development\UE4Editor-SpaceGame-4392.exp
[2015.11.13-15.02.53:566][754]CompilerResultsLog: Info -------- End Detailed Actions Stats -----------------------------------------------------------
[2015.11.13-15.02.53:566][754]CompilerResultsLog: Info Total build time: 3,01 seconds
[2015.11.13-15.02.53:566][754]LogMainFrame: MainFrame: Module compiling took 3.045 seconds
[2015.11.13-15.02.53:681][754]LogContentBrowser: Native class hierarchy updated for 'SpaceGame' in 0.0009 seconds. Added 6 classes and 2 folders.
[2015.11.13-15.02.53:683][754]Warning: HotReload successful (2 functions remapped  0 scriptstructs remapped)
[2015.11.13-15.02.54:062][754]LogContentBrowser: Native class hierarchy populated in 0.0067 seconds. Added 1874 classes and 337 folders.
[2015.11.13-15.02.56:734][ 66]LogPlayLevel: PlayLevel: No blueprints needed recompiling
[2015.11.13-15.02.56:734][ 66]PIE: New page: PIE session: Untitled_1 (Nov 13, 2015, 5:02:56 PM)
[2015.11.13-15.02.56:734][ 66]LogPlayLevel: Creating play world package: /Temp/UEDPIE_0_Untitled_1
[2015.11.13-15.02.56:736][ 66]LogPlayLevel: PIE: StaticDuplicateObject took: (0.001446s)
[2015.11.13-15.02.56:737][ 66]LogAIModule: Creating AISystem for world Untitled_1
[2015.11.13-15.02.56:737][ 66]LogPlayLevel: PIE: World Init took: (0.001214s)
[2015.11.13-15.02.56:737][ 66]LogPlayLevel: PIE: Created PIE world by copying editor world from /Temp/Untitled_1.Untitled_1 to /Temp/UEDPIE_0_Untitled_1.Untitled_1 (0.002863s)
[2015.11.13-15.02.56:798][ 66]LogInit: XAudio2 using 'Speakers (4- High Definition Audio Device)' : 2 channels at 44.1 kHz using 16 bits per sample (channel mask 0x3)
[2015.11.13-15.02.56:803][ 66]LogInit: FAudioDevice initialized.
[2015.11.13-15.02.56:850][ 66]LogWorld: Game class is 'GameMode'
[2015.11.13-15.02.56:852][ 66]LogWorld: Bringing World /Temp/UEDPIE_0_Untitled_1.Untitled_1 up for play (max tick rate 0) at 2015.11.13-16.02.56
[2015.11.13-15.02.56:852][ 66]LogActor:Warning: GameSession /Temp/UEDPIE_0_Untitled_1.Untitled_1:PersistentLevel.GameSession_0 has natively added scene component(s), but none of them were set as the actor's RootComponent - picking one arbitrarily
[2015.11.13-15.02.56:852][ 66]LogActor:Warning: GameNetworkManager /Temp/UEDPIE_0_Untitled_1.Untitled_1:PersistentLevel.GameNetworkManager_0 has natively added scene component(s), but none of them were set as the actor's RootComponent - picking one arbitrarily
[2015.11.13-15.02.56:853][ 66]LogWorld: Bringing up level for play took: 0.001856
[2015.11.13-15.02.57:014][ 66]LogCrashTracker: 


[2015.11.13-15.02.57:014][ 66]LogCrashTracker: 


[2015.11.13-15.02.57:014][ 66]LogWindows: === Critical error: ===
Fatal error!



[2015.11.13-15.02.57:111][ 66]LogExit: Executing StaticShutdownAfterError
[2015.11.13-15.02.57:115][ 66]LogPhysics:Warning: PHYSX: ..\..\PhysX\src\NpScene.cpp (2946) 8 : PxScene::unlockWrite() called without matching call to PxScene::lockWrite(), behaviour will be undefined.
[2015.11.13-15.02.57:115][ 66]LogPhysics:Warning: PHYSX: ..\..\PhysX\src\NpScene.cpp (2946) 8 : PxScene::unlockWrite() called without matching call to PxScene::lockWrite(), behaviour will be undefined.
[2015.11.13-15.02.57:115][ 66]LogPhysics:Warning: PHYSX: ..\..\PhysX\src\NpScene.cpp (2946) 8 : PxScene::unlockWrite() called without matching call to PxScene::lockWrite(), behaviour will be undefined.
[2015.11.13-15.02.57:115][ 66]LogPhysics:Warning: PHYSX: ..\..\PhysX\src\NpScene.cpp (2946) 8 : PxScene::unlockWrite() called without matching call to PxScene::lockWrite(), behaviour will be undefined.
[2015.11.13-15.02.57:115][ 66]LogPhysics:Warning: PHYSX: ..\..\PhysX\src\NpScene.cpp (2946) 8 : PxScene::unlockWrite() called without matching call to PxScene::lockWrite(), behaviour will be undefined.
[2015.11.13-15.02.57:115][ 66]LogPhysics:Warning: PHYSX: ..\..\PhysX\src\NpScene.cpp (2946) 8 : PxScene::unlockWrite() called without matching call to PxScene::lockWrite(), behaviour will be undefined.
[2015.11.13-15.02.57:115][ 66]LogWindows: FPlatformMisc::RequestExit(1)
[2015.11.13-15.02.57:115][ 66]Log file closed, 11/13/15 16:02:57
