[2015.11.27-12.33.31:693][  0]Log file open, 11/27/15 13:33:31
[2015.11.27-12.33.31:693][  0]LogInit:Display: Running engine without a game
[2015.11.27-12.33.31:693][  0]LogInit:Display: Loading recent project file: ../../../../../../Users/Spellabbet/Documents/Unreal Projects/SpaceGame/Project/SpaceGame/SpaceGame.uproject
[2015.11.27-12.33.31:693][  0]LogInit:Display: RandInit(850197676) SRandInit(850197677).
[2015.11.27-12.33.31:693][  0]LogTaskGraph: Started task graph with 4 named threads and 7 total threads.
[2015.11.27-12.33.31:693][  0]LogStats: Stats thread started at 0.072119
[2015.11.27-12.33.31:693][  0]LogInit: Version: 4.9.2-2707645+++depot+UE4-Releases+4.9
[2015.11.27-12.33.31:693][  0]LogInit: API Version: 2672455
[2015.11.27-12.33.31:693][  0]LogInit: Compiled (64-bit): Sep 28 2015 10:25:44
[2015.11.27-12.33.31:693][  0]LogInit: Compiled with Visual C++: 18.00.21005.01
[2015.11.27-12.33.31:693][  0]LogInit: Build Configuration: Development
[2015.11.27-12.33.31:693][  0]LogInit: Branch Name: ++depot+UE4-Releases+4.9
[2015.11.27-12.33.31:693][  0]LogInit: Command line: 
[2015.11.27-12.33.31:693][  0]LogInit: Base directory: C:/Program Files/Epic Games/4.9/Engine/Binaries/Win64/
[2015.11.27-12.33.31:693][  0]LogInit: Rocket: 1
[2015.11.27-12.33.31:705][  0]LogInit: Using libcurl 7.41.0
[2015.11.27-12.33.31:705][  0]LogInit:  - built for x86_64-pc-win32
[2015.11.27-12.33.31:705][  0]LogInit:  - supports SSL with WinSSL
[2015.11.27-12.33.31:705][  0]LogInit:  - other features:
[2015.11.27-12.33.31:705][  0]LogInit:      CURL_VERSION_SSL
[2015.11.27-12.33.31:705][  0]LogInit:      CURL_VERSION_IPV6
[2015.11.27-12.33.31:705][  0]LogInit:      CURL_VERSION_ASYNCHDNS
[2015.11.27-12.33.31:705][  0]LogInit:      CURL_VERSION_LARGEFILE
[2015.11.27-12.33.31:705][  0]LogInit:      CURL_VERSION_IDN
[2015.11.27-12.33.31:705][  0]LogInit:  CurlRequestOptions (configurable via config and command line):
[2015.11.27-12.33.31:705][  0]LogInit:  - bVerifyPeer = true  - Libcurl will verify peer certificate
[2015.11.27-12.33.31:705][  0]LogInit:  - bUseHttpProxy = false  - Libcurl will NOT use HTTP proxy
[2015.11.27-12.33.31:705][  0]LogInit:  - bDontReuseConnections = false  - Libcurl will reuse connections
[2015.11.27-12.33.31:705][  0]LogInit:  - CertBundlePath = nullptr  - Libcurl will use whatever was configured at build time.
[2015.11.27-12.33.31:713][  0]LogInit: Presizing for 0 objects not considered by GC, pre-allocating 0 bytes.
[2015.11.27-12.33.31:722][  0]LogInit: Object subsystem initialized
[2015.11.27-12.33.31:723][  0]LogInit: Selected Device Profile: [Windows]
[2015.11.27-12.33.31:723][  0]LogInit: Applying CVar settings loaded from the selected device profile: [Windows]
[2015.11.27-12.33.31:734][  0]LogInit: Computer: SpellabbA332-09
[2015.11.27-12.33.31:734][  0]LogInit: User: Spellabbet
[2015.11.27-12.33.31:734][  0]LogInit: CPU Page size=4096, Cores=4
[2015.11.27-12.33.31:734][  0]LogInit: High frequency timer resolution =3.507519 MHz
[2015.11.27-12.33.31:734][  0]LogMemory: Memory total: Physical=15.9GB (16GB approx)
[2015.11.27-12.33.31:734][  0]LogMemory: Platform Memory Stats for Windows
[2015.11.27-12.33.31:734][  0]LogMemory: Process Physical Memory: 52.08 MB used, 52.08 MB peak
[2015.11.27-12.33.31:734][  0]LogMemory: Process Virtual Memory: 57.00 MB used, 57.00 MB peak
[2015.11.27-12.33.31:734][  0]LogMemory: Physical Memory: 3858.27 MB used, 16318.82 MB total
[2015.11.27-12.33.31:734][  0]LogMemory: Virtual Memory: 349.31 MB used, 134217728.00 MB total
[2015.11.27-12.33.31:766][  0]LogTextLocalizationManager: No translations for ('sv-SE') exist, falling back to 'en' for localization and internationalization data.
[2015.11.27-12.33.32:477][  0]LogD3D11RHI: Found D3D11 adapter 0: NVIDIA GeForce GTX 960 (Feature Level 11_0)
[2015.11.27-12.33.32:477][  0]LogD3D11RHI: Adapter has 1965MB of dedicated video memory, 0MB of dedicated system memory, and 2048MB of shared system memory, 1 output[s]
[2015.11.27-12.33.32:478][  0]LogD3D11RHI: Found D3D11 adapter 1: Microsoft Basic Render Driver (Feature Level 11_0)
[2015.11.27-12.33.32:478][  0]LogD3D11RHI: Adapter has 0MB of dedicated video memory, 0MB of dedicated system memory, and 256MB of shared system memory, 0 output[s]
[2015.11.27-12.33.32:478][  0]LogD3D11RHI: Chosen D3D11 Adapter Id = 0
[2015.11.27-12.33.32:480][  0]LogD3D11RHI: !Direct3DDevice
[2015.11.27-12.33.32:480][  0]LogRHI: Texture pool is 1361 MB (70% of 1945 MB)
[2015.11.27-12.33.32:490][  0]LogD3D11RHI: Async texture creation enabled
[2015.11.27-12.33.32:506][  0]LogShaderCompilers: Guid format shader working directory is 15 characters bigger than the processId version (../../../../../../Users/Spellabbet/Documents/Unreal Projects/SpaceGame/Project/SpaceGame/Intermediate/Shaders/WorkingDirectory/5888/).
[2015.11.27-12.33.32:506][  0]LogShaderCompilers: Cleaned the shader compiler working directory '../../../../../../Users/Spellabbet/Documents/Unreal Projects/SpaceGame/Project/SpaceGame/Intermediate/Shaders/tmp/A2FCFD324A7F5C6ABD6693A3689F024C/'.
[2015.11.27-12.33.32:506][  0]LogShaderCompilers:Display: Using Local Shader Compiler.
[2015.11.27-12.33.33:602][  0]LogTemp:Display: Loaded TP AllDesktopTargetPlatform
[2015.11.27-12.33.33:606][  0]LogTemp:Display: Loaded TP WindowsClientTargetPlatform
[2015.11.27-12.33.33:611][  0]LogTemp:Display: Loaded TP WindowsNoEditorTargetPlatform
[2015.11.27-12.33.33:615][  0]LogTemp:Display: Loaded TP WindowsServerTargetPlatform
[2015.11.27-12.33.33:619][  0]LogTemp:Display: Loaded TP WindowsTargetPlatform
[2015.11.27-12.33.33:622][  0]LogTemp:Display: Loaded TP AndroidTargetPlatform
[2015.11.27-12.33.33:624][  0]LogTemp:Display: Loaded TP Android_ASTCTargetPlatform
[2015.11.27-12.33.33:627][  0]LogTemp:Display: Loaded TP Android_ATCTargetPlatform
[2015.11.27-12.33.33:630][  0]LogTemp:Display: Loaded TP Android_DXTTargetPlatform
[2015.11.27-12.33.33:633][  0]LogTemp:Display: Loaded TP Android_ETC1TargetPlatform
[2015.11.27-12.33.33:635][  0]LogTemp:Display: Loaded TP Android_ETC2TargetPlatform
[2015.11.27-12.33.33:638][  0]LogTemp:Display: Loaded TP Android_PVRTCTargetPlatform
[2015.11.27-12.33.33:639][  0]LogTemp:Display: Loaded TP HTML5TargetPlatform
[2015.11.27-12.33.33:656][  0]LogTemp:Display: Loaded TP IOSTargetPlatform
[2015.11.27-12.33.33:658][  0]LogTemp:Display: Loaded TP LinuxNoEditorTargetPlatform
[2015.11.27-12.33.33:661][  0]LogTemp:Display: Loaded TP LinuxServerTargetPlatform
[2015.11.27-12.33.33:664][  0]LogTemp:Display: Loaded TP LinuxTargetPlatform
[2015.11.27-12.33.33:664][  0]LogTargetPlatformManager:Display: Building Assets For Windows
[2015.11.27-12.33.33:731][  0]LogDerivedDataCache:Display: Max Cache Size: 512 MB
[2015.11.27-12.33.33:767][  0]LogDerivedDataCache: Loaded boot cache 0.04s 41MB C:/Users/Spellabbet/AppData/Local/UnrealEngine/4.9/DerivedDataCache/Boot.ddc.
[2015.11.27-12.33.33:767][  0]LogDerivedDataCache:Display: Loaded Boot cache: C:/Users/Spellabbet/AppData/Local/UnrealEngine/4.9/DerivedDataCache/Boot.ddc
[2015.11.27-12.33.33:768][  0]LogDerivedDataCache: FDerivedDataBackendGraph:  Pak pak cache file ../../../../../../Users/Spellabbet/Documents/Unreal Projects/SpaceGame/Project/SpaceGame/DerivedDataCache/DDC.ddp not found, will not use a pak cache.
[2015.11.27-12.33.33:768][  0]LogDerivedDataCache: Unable to find inner node Pak for hierarchical cache Hierarchy.
[2015.11.27-12.33.33:768][  0]LogDerivedDataCache: FDerivedDataBackendGraph:  CompressedPak pak cache file ../../../../../../Users/Spellabbet/Documents/Unreal Projects/SpaceGame/Project/SpaceGame/DerivedDataCache/Compressed.ddp not found, will not use a pak cache.
[2015.11.27-12.33.33:768][  0]LogDerivedDataCache: Unable to find inner node CompressedPak for hierarchical cache Hierarchy.
[2015.11.27-12.33.33:903][  0]LogDerivedDataCache:Display: Pak cache opened for reading ../../../Engine/DerivedDataCache/Compressed.ddp.
[2015.11.27-12.33.33:915][  0]LogDerivedDataCache: Using Local data cache path C:/Users/Spellabbet/AppData/Local/UnrealEngine/Common/DerivedDataCache: Writable
[2015.11.27-12.33.34:084][  0]LogInit: Selected Device Profile: [Windows]
[2015.11.27-12.33.34:086][  0]LogContentStreaming: Texture pool size is 0.000000MB
[2015.11.27-12.33.34:207][  0]LogMeshUtilities: No automatic mesh reduction module available
[2015.11.27-12.33.34:207][  0]LogMeshUtilities: No automatic mesh merging module available
[2015.11.27-12.33.34:410][  0]LogInit: WinSock: version 1.1 (2.2), MaxSocks=32767, MaxUdp=65467
[2015.11.27-12.33.34:978][  0]UdpMessaging: Initializing bridge on interface 0.0.0.0:0 to multicast group 230.0.0.1:6666.
[2015.11.27-12.33.35:093][  0]LogAssetRegistry: FAssetRegistry took 0.0113 seconds to start up
[2015.11.27-12.33.35:247][  0]SourceControl: Info Source control is disabled
[2015.11.27-12.33.35:254][  0]SourceControl: Info Source control is disabled
[2015.11.27-12.33.35:263][  0]SourceControl: Info Source control is disabled
[2015.11.27-12.33.35:274][  0]SourceControl: Info Source control is disabled
[2015.11.27-12.33.35:397][  0]LogLinker:Warning: Asset '../../../Engine/Plugins/Runtime/LeapMotionController/Content/LM_PassthroughMaterial.uasset' has been saved with empty engine version. The asset will be loaded but may be incompatible.
[2015.11.27-12.33.35:461][  0]LogObj: 28437 objects as part of root set at end of initial load.
[2015.11.27-12.33.35:461][  0]LogUObjectAllocator: 6068432 out of 0 bytes used by permanent object pool.
[2015.11.27-12.33.35:516][  0]LogEngine: Initializing Engine...
[2015.11.27-12.33.35:517][  0]LogHMD: Can't find Oculus library dev build: is proper Runtime installed? Version: 0.7.0.0
[2015.11.27-12.33.35:518][  0]LogHMD: SteamVR failed to initialize.  Err: 110
[2015.11.27-12.33.35:627][  0]LogAIModule: Creating AISystem for world NewWorld
[2015.11.27-12.33.35:632][  0]LogInit: XAudio2 using 'Speakers (4- High Definition Audio Device)' : 2 channels at 44.1 kHz using 16 bits per sample (channel mask 0x3)
[2015.11.27-12.33.35:644][  0]LogInit: FAudioDevice initialized.
[2015.11.27-12.33.35:665][  0]LogDerivedDataCache: Saved boot cache 0.02s 41MB C:/Users/Spellabbet/AppData/Local/UnrealEngine/4.9/DerivedDataCache/Boot.ddc.
[2015.11.27-12.33.35:668][  0]LogInit: Texture streaming: Enabled
[2015.11.27-12.33.35:673][  0]LogAnalytics: Creating configured Analytics provider AnalyticsET
[2015.11.27-12.33.35:673][  0]LogAnalytics: [UEEditor.Rocket.Release] APIServer = http://et2.epicgames.com/ET2/. AppVersion = 4.9.2-2707645+++depot+UE4-Releases+4.9
[2015.11.27-12.33.35:673][  0]LogAnalytics: [UEEditor.Rocket.Release] SetUserId 634ab0cb456977c100e99f821f1d4277|7ebf86fc13e44331864479a64887c1c8|060e5e79-a789-49c4-8abd-5d8b330400a7
[2015.11.27-12.33.35:673][  0]LogAnalytics: [UEEditor.Rocket.Release] AnalyticsET::StartSession
[2015.11.27-12.33.35:693][  0]LogInit: Transaction tracking system initialized
[2015.11.27-12.33.35:719][  0]BlueprintLog: New page: Editor Load
[2015.11.27-12.33.35:790][  0]LocalizationService: Info Localization service is disabled
[2015.11.27-12.33.35:857][  0]LogConsoleResponse:Display: 
[2015.11.27-12.33.35:964][  0]LogCook:Display: Done creating registry. It took  0.00s.
[2015.11.27-12.33.36:022][  0]LogFileCache: Scanning file cache for directory 'C:/Users/Spellabbet/Documents/Unreal Projects/SpaceGame/Project/SpaceGame/Content/' took 0.01s
[2015.11.27-12.33.36:022][  0]SourceControl: Info Source control is disabled
[2015.11.27-12.33.36:023][  0]Cmd: MAP LOAD FILE="../../../Engine/Content/Maps/Templates/Template_Default.umap" TEMPLATE=1 SHOWPROGRESS=1 FEATURELEVEL=3
[2015.11.27-12.33.36:023][  0]LightingResults: New page: Lighting Build
[2015.11.27-12.33.36:026][  0]MapCheck: New page: Map Check
[2015.11.27-12.33.36:026][  0]LightingResults: New page: Lighting Build
[2015.11.27-12.33.36:037][  0]LogParticles: Destroying 0 GPU particle simulations for FXSystem 0x000000EF8F5A2160
[2015.11.27-12.33.36:293][  0]LogAIModule: Creating AISystem for world Untitled_1
[2015.11.27-12.33.36:298][  0]LogEditorServer: Finished looking for orphan Actors (0.000 secs)
[2015.11.27-12.33.36:302][  0]Cmd: MAP CHECKDEP NOCLEARLOG
[2015.11.27-12.33.36:344][  0]MapCheck: Info Map check complete: 0 Error(s), 0 Warning(s), took 41.121ms to complete.
[2015.11.27-12.33.36:344][  0]LogFileHelpers: Loading map 'Template_Default' took 0.321
[2015.11.27-12.33.36:441][  0]LogCollectionManager: Loaded 0 collections in 0.001947 seconds
[2015.11.27-12.33.36:482][  0]LogFileCache: Scanning file cache for directory 'C:/Users/Spellabbet/Documents/Unreal Projects/SpaceGame/Project/SpaceGame/Saved/Collections/' took 0.01s
[2015.11.27-12.33.36:482][  0]LogFileCache: Scanning file cache for directory 'C:/Users/Spellabbet/Documents/Unreal Projects/SpaceGame/Project/SpaceGame/Content/Developers/Spellabbet/Collections/' took 0.01s
[2015.11.27-12.33.36:482][  0]LogFileCache: Scanning file cache for directory 'C:/Users/Spellabbet/Documents/Unreal Projects/SpaceGame/Project/SpaceGame/Content/Collections/' took 0.01s
[2015.11.27-12.33.36:482][  0]LogContentBrowser: Native class hierarchy populated in 0.0079 seconds. Added 1875 classes and 335 folders.
[2015.11.27-12.33.36:486][  0]LogCollectionManager: Rebuilt the GUID cache for 0 collections in 0.000002 seconds
[2015.11.27-12.33.36:494][  0]LogContentBrowser: Native class hierarchy updated for 'WidgetCarousel' in 0.0014 seconds. Added 0 classes and 0 folders.
[2015.11.27-12.33.36:538][  0]LogContentBrowser: Native class hierarchy updated for 'AddContentDialog' in 0.0009 seconds. Added 0 classes and 0 folders.
[2015.11.27-12.33.36:549][  0]LogContentBrowser: Native class hierarchy updated for 'SceneOutliner' in 0.0013 seconds. Added 1 classes and 2 folders.
[2015.11.27-12.33.36:600][  0]LogCrashTracker: Crashtracker disabled due to settings.
[2015.11.27-12.33.36:604][  0]LogUObjectGlobals:Warning: Failed to find object 'Class None.'
[2015.11.27-12.33.36:626][  0]LogLoad: Full Startup: 5.77 seconds (BP compile: 0.05 seconds)
[2015.11.27-12.33.36:689][  0]LogContentStreaming: Texture pool size now 1000 MB
[2015.11.27-12.33.36:811][  0]LogRenderer: Reallocating scene render targets to support 1076x556 (Frame:2).
[2015.11.27-12.33.37:321][  2]LogAssetRegistry: Asset discovery search completed in 2.2399 seconds
[2015.11.27-12.33.37:321][  2]LogCollectionManager: Rebuilt the object cache for 0 collections in 0.000001 seconds (found 0 objects)
[2015.11.27-12.33.37:321][  2]LogCollectionManager: Fixed up redirectors for 0 collections in 0.000045 seconds (updated 0 objects)
[2015.11.27-12.33.41:476][223]LogAIModule: Creating AISystem for world Untitled
[2015.11.27-12.33.41:499][223]Cmd: MAP LOAD FILE="../../../../../../Users/Spellabbet/Documents/Unreal Projects/SpaceGame/Project/SpaceGame/Content/Maps/Untitled.umap" TEMPLATE=0 SHOWPROGRESS=1 FEATURELEVEL=3
[2015.11.27-12.33.41:499][223]LightingResults: New page: Lighting Build
[2015.11.27-12.33.41:516][223]LoadErrors: New page: Loading map: Untitled.umap
[2015.11.27-12.33.41:517][223]MapCheck: New page: Map Check
[2015.11.27-12.33.41:517][223]LightingResults: New page: Lighting Build
[2015.11.27-12.33.41:526][223]LogParticles: Destroying 0 GPU particle simulations for FXSystem 0x000000EF8127EA20
[2015.11.27-12.33.41:555][223]LogEditorServer: Finished looking for orphan Actors (0.000 secs)
[2015.11.27-12.33.41:582][223]Cmd: MAP CHECKDEP NOCLEARLOG
[2015.11.27-12.33.41:617][223]MapCheck: Info Map check complete: 0 Error(s), 0 Warning(s), took 35.166ms to complete.
[2015.11.27-12.33.41:617][223]LogFileHelpers: Loading map 'Untitled' took 0.119
[2015.11.27-12.33.42:316][297]Recompiling SpaceGame...
[2015.11.27-12.33.42:316][297]Launching UnrealBuildTool... [C:/Program Files/Epic Games/4.9/Engine/Binaries/DotNET/UnrealBuildTool.exe SpaceGame -ModuleWithSuffix SpaceGame 801 Win64 Development -editorrecompile -canskiplink "C:/Users/Spellabbet/Documents/Unreal Projects/SpaceGame/Project/SpaceGame/SpaceGame.uproject" -rocket  -rocket]
[2015.11.27-12.33.42:317][297]Warning: Starting HotReload took  0.0s.
[2015.11.27-12.33.53:879][662]CompilerResultsLog: New page: Compilation - Nov 27, 2015, 2:33:53 PM
[2015.11.27-12.33.53:879][662]CompilerResultsLog: Info Compiling game modules for hot reload
[2015.11.27-12.33.53:879][662]CompilerResultsLog: Info Parsing headers for SpaceGameEditor
[2015.11.27-12.33.53:879][662]CompilerResultsLog: Info   Running UnrealHeaderTool "C:/Users/Spellabbet/Documents/Unreal Projects/SpaceGame/Project/SpaceGame/SpaceGame.uproject" "C:\Users\Spellabbet\Documents\Unreal Projects\SpaceGame\Project\SpaceGame\Intermediate\Build\Win64\SpaceGameEditor\Development\UnrealHeaderTool.manifest" -LogCmds="loginit warning, logexit warning, logdatabase error" -rocket -installed
[2015.11.27-12.33.53:879][662]CompilerResultsLog: Info Reflection code generated for SpaceGameEditor in 7,8321454 seconds
[2015.11.27-12.33.53:880][662]CompilerResultsLog: Info Performing 7 actions (4 in parallel)
[2015.11.27-12.33.53:880][662]CompilerResultsLog: Info Combat.cpp
[2015.11.27-12.33.53:880][662]CompilerResultsLog: Info Link.cpp
[2015.11.27-12.33.53:880][662]CompilerResultsLog: Info MousePawn.cpp
[2015.11.27-12.33.53:880][662]CompilerResultsLog: Info Fleet.cpp
[2015.11.27-12.33.53:880][662]CompilerResultsLog: Info Star.cpp
[2015.11.27-12.33.53:880][662]CompilerResultsLog: Info SpaceGame.generated.cpp
[2015.11.27-12.33.53:880][662]CompilerResultsLog: Info [7/7] Link UE4Editor-SpaceGame-801.dll
[2015.11.27-12.33.53:880][662]CompilerResultsLog: Info    Creating library C:\Users\Spellabbet\Documents\Unreal Projects\SpaceGame\Project\SpaceGame\Intermediate/Build/Win64\UE4Editor\Development\UE4Editor-SpaceGame-801.lib and object C:\Users\Spellabbet\Documents\Unreal Projects\SpaceGame\Project\SpaceGame\Intermediate/Build/Win64\UE4Editor\Development\UE4Editor-SpaceGame-801.exp
[2015.11.27-12.33.53:880][662]CompilerResultsLog: Info -------- End Detailed Actions Stats -----------------------------------------------------------
[2015.11.27-12.33.53:880][662]CompilerResultsLog: Info Total build time: 11,53 seconds
[2015.11.27-12.33.53:880][662]LogMainFrame: MainFrame: Module compiling took 11.567 seconds
[2015.11.27-12.33.53:988][662]LogClass: Could not find existing class Fleet in package /Script/SpaceGame for HotReload, assuming new class
[2015.11.27-12.33.53:988][662]LogClass: Function OnBeginOverlap is new.
[2015.11.27-12.33.53:988][662]LogClass: Function OnEndOverlap is new.
[2015.11.27-12.33.53:994][662]LogClass: FleetState HotReload.
[2015.11.27-12.33.53:995][662]LogClass: OwnedBy HotReload.
[2015.11.27-12.33.53:996][662]LogHotReload: Re-instancing Fleet after hot-reload.
[2015.11.27-12.33.54:015][662]LogContentBrowser: Native class hierarchy updated for 'SpaceGame' in 0.0010 seconds. Added 8 classes and 2 folders.
[2015.11.27-12.33.54:016][662]Warning: HotReload successful (5 functions remapped  0 scriptstructs remapped)
[2015.11.27-12.33.54:070][662]LogContentBrowser: Native class hierarchy populated in 0.0068 seconds. Added 1876 classes and 337 folders.
[2015.11.27-12.34.41:598][363]LogBlueprintUserMessages: Early PlayInEditor Detection: Level '/Game/Maps/Untitled.Untitled:PersistentLevel' has LevelScriptBlueprint '/Game/Maps/Untitled.Untitled:PersistentLevel.Untitled' with GeneratedClass '/Game/Maps/Untitled.Untitled_C' with ClassGeneratedBy '/Game/Maps/Untitled.Untitled:PersistentLevel.Untitled'
[2015.11.27-12.34.41:598][363]LogPlayLevel: PlayLevel: No blueprints needed recompiling
[2015.11.27-12.34.41:598][363]PIE: New page: PIE session: Untitled (Nov 27, 2015, 2:34:41 PM)
[2015.11.27-12.34.41:598][363]LogPlayLevel: Creating play world package: /Game/Maps/UEDPIE_0_Untitled
[2015.11.27-12.34.41:601][363]LogPlayLevel: PIE: StaticDuplicateObject took: (0.003256s)
[2015.11.27-12.34.41:602][363]LogAIModule: Creating AISystem for world Untitled
[2015.11.27-12.34.41:602][363]LogPlayLevel: PIE: World Init took: (0.000832s)
[2015.11.27-12.34.41:603][363]LogPlayLevel: PIE: Created PIE world by copying editor world from /Game/Maps/Untitled.Untitled to /Game/Maps/UEDPIE_0_Untitled.Untitled (0.004578s)
[2015.11.27-12.34.41:617][363]LogInit: XAudio2 using 'Speakers (4- High Definition Audio Device)' : 2 channels at 44.1 kHz using 16 bits per sample (channel mask 0x3)
[2015.11.27-12.34.41:622][363]LogInit: FAudioDevice initialized.
[2015.11.27-12.34.41:702][363]LogWorld: Game class is 'GameModeBP_C'
[2015.11.27-12.34.41:704][363]LogWorld: Bringing World /Game/Maps/UEDPIE_0_Untitled.Untitled up for play (max tick rate 0) at 2015.11.27-13.34.41
[2015.11.27-12.34.41:704][363]LogActor:Warning: GameSession /Game/Maps/UEDPIE_0_Untitled.Untitled:PersistentLevel.GameSession_0 has natively added scene component(s), but none of them were set as the actor's RootComponent - picking one arbitrarily
[2015.11.27-12.34.41:705][363]LogActor:Warning: GameNetworkManager /Game/Maps/UEDPIE_0_Untitled.Untitled:PersistentLevel.GameNetworkManager_0 has natively added scene component(s), but none of them were set as the actor's RootComponent - picking one arbitrarily
[2015.11.27-12.34.41:705][363]LogWorld: Bringing up level for play took: 0.001753
[2015.11.27-12.34.41:706][363]PIE: Info Play in editor start time for /Game/Maps/UEDPIE_0_Untitled -0.264
[2015.11.27-12.34.41:706][363]LogBlueprintUserMessages: Late PlayInEditor Detection: Level '/Game/Maps/Untitled.Untitled:PersistentLevel' has LevelScriptBlueprint '/Game/Maps/Untitled.Untitled:PersistentLevel.Untitled' with GeneratedClass '/Game/Maps/Untitled.Untitled_C' with ClassGeneratedBy '/Game/Maps/Untitled.Untitled:PersistentLevel.Untitled'
[2015.11.27-12.34.43:179][536]LogTemp:Warning: MyCharacter's Location is 0
[2015.11.27-12.34.45:220][781]LogTemp:Warning: MyCharacter's Location is 0
[2015.11.27-12.34.46:887][981]LogTemp:Warning: MyCharacter's Location is 0
[2015.11.27-12.34.48:088][125]LogBlueprintUserMessages: Early EndPlayMap Detection: Level '/Game/Maps/Untitled.Untitled:PersistentLevel' has LevelScriptBlueprint '/Game/Maps/Untitled.Untitled:PersistentLevel.Untitled' with GeneratedClass '/Game/Maps/Untitled.Untitled_C' with ClassGeneratedBy '/Game/Maps/Untitled.Untitled:PersistentLevel.Untitled'
[2015.11.27-12.34.48:121][125]LogBlueprintUserMessages: Late EndPlayMap Detection: Level '/Game/Maps/Untitled.Untitled:PersistentLevel' has LevelScriptBlueprint '/Game/Maps/Untitled.Untitled:PersistentLevel.Untitled' with GeneratedClass '/Game/Maps/Untitled.Untitled_C' with ClassGeneratedBy '/Game/Maps/Untitled.Untitled:PersistentLevel.Untitled'
[2015.11.27-12.34.48:141][126]LogParticles: Destroying 0 GPU particle simulations for FXSystem 0x000000EF9C24E0C0
[2015.11.27-12.34.57:038][334]Recompiling SpaceGame...
[2015.11.27-12.34.57:038][334]Launching UnrealBuildTool... [C:/Program Files/Epic Games/4.9/Engine/Binaries/DotNET/UnrealBuildTool.exe SpaceGame -ModuleWithSuffix SpaceGame 9234 Win64 Development -editorrecompile -canskiplink "C:/Users/Spellabbet/Documents/Unreal Projects/SpaceGame/Project/SpaceGame/SpaceGame.uproject" -rocket  -rocket]
[2015.11.27-12.34.57:039][334]Warning: Starting HotReload took  0.0s.
[2015.11.27-12.35.00:528][734]CompilerResultsLog: New page: Compilation - Nov 27, 2015, 2:35:00 PM
[2015.11.27-12.35.00:528][734]CompilerResultsLog: Info Compiling game modules for hot reload
[2015.11.27-12.35.00:528][734]CompilerResultsLog: Info Performing 2 actions (4 in parallel)
[2015.11.27-12.35.00:529][734]CompilerResultsLog: Info Fleet.cpp
[2015.11.27-12.35.00:529][734]CompilerResultsLog: Info [2/2] Link UE4Editor-SpaceGame-9234.dll
[2015.11.27-12.35.00:529][734]CompilerResultsLog: Info    Creating library C:\Users\Spellabbet\Documents\Unreal Projects\SpaceGame\Project\SpaceGame\Intermediate/Build/Win64\UE4Editor\Development\UE4Editor-SpaceGame-9234.lib and object C:\Users\Spellabbet\Documents\Unreal Projects\SpaceGame\Project\SpaceGame\Intermediate/Build/Win64\UE4Editor\Development\UE4Editor-SpaceGame-9234.exp
[2015.11.27-12.35.00:529][734]CompilerResultsLog: Info -------- End Detailed Actions Stats -----------------------------------------------------------
[2015.11.27-12.35.00:529][734]CompilerResultsLog: Info Total build time: 3,46 seconds
[2015.11.27-12.35.00:529][734]LogMainFrame: MainFrame: Module compiling took 3.492 seconds
[2015.11.27-12.35.00:589][734]LogClass: FleetState HotReload.
[2015.11.27-12.35.00:589][734]LogClass: OwnedBy HotReload.
[2015.11.27-12.35.00:592][734]LogContentBrowser: Native class hierarchy updated for 'SpaceGame' in 0.0010 seconds. Added 8 classes and 2 folders.
[2015.11.27-12.35.00:593][734]Warning: HotReload successful (7 functions remapped  0 scriptstructs remapped)
[2015.11.27-12.35.00:661][734]LogContentBrowser: Native class hierarchy populated in 0.0069 seconds. Added 1876 classes and 337 folders.
[2015.11.27-12.35.16:430][623]LogBlueprintUserMessages: Early PlayInEditor Detection: Level '/Game/Maps/Untitled.Untitled:PersistentLevel' has LevelScriptBlueprint '/Game/Maps/Untitled.Untitled:PersistentLevel.Untitled' with GeneratedClass '/Game/Maps/Untitled.Untitled_C' with ClassGeneratedBy '/Game/Maps/Untitled.Untitled:PersistentLevel.Untitled'
[2015.11.27-12.35.16:430][623]LogPlayLevel: PlayLevel: No blueprints needed recompiling
[2015.11.27-12.35.16:430][623]PIE: New page: PIE session: Untitled (Nov 27, 2015, 2:35:16 PM)
[2015.11.27-12.35.16:430][623]LogPlayLevel: Creating play world package: /Game/Maps/UEDPIE_0_Untitled
[2015.11.27-12.35.16:433][623]LogPlayLevel: PIE: StaticDuplicateObject took: (0.002572s)
[2015.11.27-12.35.16:433][623]LogAIModule: Creating AISystem for world Untitled
[2015.11.27-12.35.16:433][623]LogPlayLevel: PIE: World Init took: (0.000602s)
[2015.11.27-12.35.16:434][623]LogPlayLevel: PIE: Created PIE world by copying editor world from /Game/Maps/Untitled.Untitled to /Game/Maps/UEDPIE_0_Untitled.Untitled (0.003376s)
[2015.11.27-12.35.16:449][623]LogInit: XAudio2 using 'Speakers (4- High Definition Audio Device)' : 2 channels at 44.1 kHz using 16 bits per sample (channel mask 0x3)
[2015.11.27-12.35.16:455][623]LogInit: FAudioDevice initialized.
[2015.11.27-12.35.16:495][623]LogWorld: Game class is 'GameModeBP_C'
[2015.11.27-12.35.16:497][623]LogWorld: Bringing World /Game/Maps/UEDPIE_0_Untitled.Untitled up for play (max tick rate 0) at 2015.11.27-13.35.16
[2015.11.27-12.35.16:497][623]LogActor:Warning: GameSession /Game/Maps/UEDPIE_0_Untitled.Untitled:PersistentLevel.GameSession_1 has natively added scene component(s), but none of them were set as the actor's RootComponent - picking one arbitrarily
[2015.11.27-12.35.16:497][623]LogActor:Warning: GameNetworkManager /Game/Maps/UEDPIE_0_Untitled.Untitled:PersistentLevel.GameNetworkManager_1 has natively added scene component(s), but none of them were set as the actor's RootComponent - picking one arbitrarily
[2015.11.27-12.35.16:498][623]LogWorld: Bringing up level for play took: 0.001733
[2015.11.27-12.35.16:498][623]PIE: Info Play in editor start time for /Game/Maps/UEDPIE_0_Untitled 0.529
[2015.11.27-12.35.16:498][623]LogBlueprintUserMessages: Late PlayInEditor Detection: Level '/Game/Maps/Untitled.Untitled:PersistentLevel' has LevelScriptBlueprint '/Game/Maps/Untitled.Untitled:PersistentLevel.Untitled' with GeneratedClass '/Game/Maps/Untitled.Untitled_C' with ClassGeneratedBy '/Game/Maps/Untitled.Untitled:PersistentLevel.Untitled'
[2015.11.27-12.35.17:758][774]LogTemp:Warning: MyCharacter's Location is 0
[2015.11.27-12.35.24:551][589]LogBlueprintUserMessages: Early EndPlayMap Detection: Level '/Game/Maps/Untitled.Untitled:PersistentLevel' has LevelScriptBlueprint '/Game/Maps/Untitled.Untitled:PersistentLevel.Untitled' with GeneratedClass '/Game/Maps/Untitled.Untitled_C' with ClassGeneratedBy '/Game/Maps/Untitled.Untitled:PersistentLevel.Untitled'
[2015.11.27-12.35.24:584][589]LogBlueprintUserMessages: Late EndPlayMap Detection: Level '/Game/Maps/Untitled.Untitled:PersistentLevel' has LevelScriptBlueprint '/Game/Maps/Untitled.Untitled:PersistentLevel.Untitled' with GeneratedClass '/Game/Maps/Untitled.Untitled_C' with ClassGeneratedBy '/Game/Maps/Untitled.Untitled:PersistentLevel.Untitled'
[2015.11.27-12.35.24:595][589]LogParticles: Destroying 0 GPU particle simulations for FXSystem 0x000000EFFDFD25C0
[2015.11.27-12.35.27:972][993]LogEditorViewport: Clicking on Actor (LMB): StarBlueprint_C (StarBlueprint)
[2015.11.27-12.36.02:076][491]Recompiling SpaceGame...
[2015.11.27-12.36.02:076][491]Launching UnrealBuildTool... [C:/Program Files/Epic Games/4.9/Engine/Binaries/DotNET/UnrealBuildTool.exe SpaceGame -ModuleWithSuffix SpaceGame 853 Win64 Development -editorrecompile -canskiplink "C:/Users/Spellabbet/Documents/Unreal Projects/SpaceGame/Project/SpaceGame/SpaceGame.uproject" -rocket  -rocket]
[2015.11.27-12.36.02:078][491]Warning: Starting HotReload took  0.0s.
[2015.11.27-12.36.05:324][862]CompilerResultsLog: New page: Compilation - Nov 27, 2015, 2:36:05 PM
[2015.11.27-12.36.05:324][862]CompilerResultsLog: Info Compiling game modules for hot reload
[2015.11.27-12.36.05:324][862]CompilerResultsLog: Info Performing 2 actions (4 in parallel)
[2015.11.27-12.36.05:324][862]CompilerResultsLog: Info Fleet.cpp
[2015.11.27-12.36.05:324][862]CompilerResultsLog: Info [2/2] Link UE4Editor-SpaceGame-853.dll
[2015.11.27-12.36.05:324][862]CompilerResultsLog: Info    Creating library C:\Users\Spellabbet\Documents\Unreal Projects\SpaceGame\Project\SpaceGame\Intermediate/Build/Win64\UE4Editor\Development\UE4Editor-SpaceGame-853.lib and object C:\Users\Spellabbet\Documents\Unreal Projects\SpaceGame\Project\SpaceGame\Intermediate/Build/Win64\UE4Editor\Development\UE4Editor-SpaceGame-853.exp
[2015.11.27-12.36.05:324][862]CompilerResultsLog: Info -------- End Detailed Actions Stats -----------------------------------------------------------
[2015.11.27-12.36.05:324][862]CompilerResultsLog: Info Total build time: 3,21 seconds
[2015.11.27-12.36.05:324][862]LogMainFrame: MainFrame: Module compiling took 3.249 seconds
[2015.11.27-12.36.05:407][862]LogClass: FleetState HotReload.
[2015.11.27-12.36.05:407][862]LogClass: OwnedBy HotReload.
[2015.11.27-12.36.05:409][862]LogContentBrowser: Native class hierarchy updated for 'SpaceGame' in 0.0010 seconds. Added 8 classes and 2 folders.
[2015.11.27-12.36.05:410][862]Warning: HotReload successful (7 functions remapped  0 scriptstructs remapped)
[2015.11.27-12.36.05:466][862]LogContentBrowser: Native class hierarchy populated in 0.0069 seconds. Added 1876 classes and 337 folders.
[2015.11.27-12.36.07:383][ 90]LogBlueprintUserMessages: Early PlayInEditor Detection: Level '/Game/Maps/Untitled.Untitled:PersistentLevel' has LevelScriptBlueprint '/Game/Maps/Untitled.Untitled:PersistentLevel.Untitled' with GeneratedClass '/Game/Maps/Untitled.Untitled_C' with ClassGeneratedBy '/Game/Maps/Untitled.Untitled:PersistentLevel.Untitled'
[2015.11.27-12.36.07:383][ 90]LogPlayLevel: PlayLevel: No blueprints needed recompiling
[2015.11.27-12.36.07:383][ 90]PIE: New page: PIE session: Untitled (Nov 27, 2015, 2:36:07 PM)
[2015.11.27-12.36.07:383][ 90]LogPlayLevel: Creating play world package: /Game/Maps/UEDPIE_0_Untitled
[2015.11.27-12.36.07:386][ 90]LogPlayLevel: PIE: StaticDuplicateObject took: (0.002673s)
[2015.11.27-12.36.07:387][ 90]LogAIModule: Creating AISystem for world Untitled
[2015.11.27-12.36.07:387][ 90]LogPlayLevel: PIE: World Init took: (0.000781s)
[2015.11.27-12.36.07:387][ 90]LogPlayLevel: PIE: Created PIE world by copying editor world from /Game/Maps/Untitled.Untitled to /Game/Maps/UEDPIE_0_Untitled.Untitled (0.003694s)
[2015.11.27-12.36.07:407][ 90]LogInit: XAudio2 using 'Speakers (4- High Definition Audio Device)' : 2 channels at 44.1 kHz using 16 bits per sample (channel mask 0x3)
[2015.11.27-12.36.07:412][ 90]LogInit: FAudioDevice initialized.
[2015.11.27-12.36.07:446][ 90]LogWorld: Game class is 'GameModeBP_C'
[2015.11.27-12.36.07:449][ 90]LogWorld: Bringing World /Game/Maps/UEDPIE_0_Untitled.Untitled up for play (max tick rate 0) at 2015.11.27-13.36.07
[2015.11.27-12.36.07:449][ 90]LogActor:Warning: GameSession /Game/Maps/UEDPIE_0_Untitled.Untitled:PersistentLevel.GameSession_2 has natively added scene component(s), but none of them were set as the actor's RootComponent - picking one arbitrarily
[2015.11.27-12.36.07:450][ 90]LogActor:Warning: GameNetworkManager /Game/Maps/UEDPIE_0_Untitled.Untitled:PersistentLevel.GameNetworkManager_2 has natively added scene component(s), but none of them were set as the actor's RootComponent - picking one arbitrarily
[2015.11.27-12.36.07:450][ 90]LogWorld: Bringing up level for play took: 0.002436
[2015.11.27-12.36.07:451][ 90]PIE: Info Play in editor start time for /Game/Maps/UEDPIE_0_Untitled -0.518
[2015.11.27-12.36.07:451][ 90]LogBlueprintUserMessages: Late PlayInEditor Detection: Level '/Game/Maps/Untitled.Untitled:PersistentLevel' has LevelScriptBlueprint '/Game/Maps/Untitled.Untitled:PersistentLevel.Untitled' with GeneratedClass '/Game/Maps/Untitled.Untitled_C' with ClassGeneratedBy '/Game/Maps/Untitled.Untitled:PersistentLevel.Untitled'
[2015.11.27-12.36.08:598][225]LogTemp:Warning: MyCharacter's Location is 0
[2015.11.27-12.36.08:959][225]LogCrashTracker: 


[2015.11.27-12.36.08:959][225]LogCrashTracker: 


[2015.11.27-12.36.08:959][225]LogWindows: === Critical error: ===
Fatal error!



[2015.11.27-12.36.09:055][225]LogExit: Executing StaticShutdownAfterError
[2015.11.27-12.36.09:056][225]LogOutputDevice:Warning: 

Script Stack:
MouseControllerBP_C.ExecuteUbergraph_MouseControllerBP
MouseControllerBP_C.InpActEvt_RightMouseButton_K2Node_InputKeyEvent_3

[2015.11.27-12.36.09:057][225]LogPhysics:Warning: PHYSX: ..\..\PhysX\src\NpScene.cpp (2946) 8 : PxScene::unlockWrite() called without matching call to PxScene::lockWrite(), behaviour will be undefined.
[2015.11.27-12.36.09:058][225]LogPhysics:Warning: PHYSX: ..\..\PhysX\src\NpScene.cpp (2946) 8 : PxScene::unlockWrite() called without matching call to PxScene::lockWrite(), behaviour will be undefined.
[2015.11.27-12.36.09:058][225]LogPhysics:Warning: PHYSX: ..\..\PhysX\src\NpScene.cpp (2946) 8 : PxScene::unlockWrite() called without matching call to PxScene::lockWrite(), behaviour will be undefined.
[2015.11.27-12.36.09:058][225]LogPhysics:Warning: PHYSX: ..\..\PhysX\src\NpScene.cpp (2946) 8 : PxScene::unlockWrite() called without matching call to PxScene::lockWrite(), behaviour will be undefined.
[2015.11.27-12.36.09:058][225]LogWindows: FPlatformMisc::RequestExit(1)
[2015.11.27-12.36.09:058][225]Log file closed, 11/27/15 13:36:09
