[2015.11.27-12.44.50:352][  0]Log file open, 11/27/15 13:44:50
[2015.11.27-12.44.50:352][  0]LogInit:Display: Running engine without a game
[2015.11.27-12.44.50:352][  0]LogInit:Display: Loading recent project file: ../../../../../../Users/Spellabbet/Documents/Unreal Projects/SpaceGame/Project/SpaceGame/SpaceGame.uproject
[2015.11.27-12.44.50:352][  0]LogInit:Display: RandInit(-1063910604) SRandInit(-1063910603).
[2015.11.27-12.44.50:352][  0]LogTaskGraph: Started task graph with 4 named threads and 7 total threads.
[2015.11.27-12.44.50:352][  0]LogStats: Stats thread started at 0.069602
[2015.11.27-12.44.50:352][  0]LogInit: Version: 4.9.2-2707645+++depot+UE4-Releases+4.9
[2015.11.27-12.44.50:352][  0]LogInit: API Version: 2672455
[2015.11.27-12.44.50:352][  0]LogInit: Compiled (64-bit): Sep 28 2015 10:25:44
[2015.11.27-12.44.50:352][  0]LogInit: Compiled with Visual C++: 18.00.21005.01
[2015.11.27-12.44.50:352][  0]LogInit: Build Configuration: Development
[2015.11.27-12.44.50:352][  0]LogInit: Branch Name: ++depot+UE4-Releases+4.9
[2015.11.27-12.44.50:352][  0]LogInit: Command line: 
[2015.11.27-12.44.50:352][  0]LogInit: Base directory: C:/Program Files/Epic Games/4.9/Engine/Binaries/Win64/
[2015.11.27-12.44.50:352][  0]LogInit: Rocket: 1
[2015.11.27-12.44.50:362][  0]LogInit: Using libcurl 7.41.0
[2015.11.27-12.44.50:362][  0]LogInit:  - built for x86_64-pc-win32
[2015.11.27-12.44.50:362][  0]LogInit:  - supports SSL with WinSSL
[2015.11.27-12.44.50:362][  0]LogInit:  - other features:
[2015.11.27-12.44.50:362][  0]LogInit:      CURL_VERSION_SSL
[2015.11.27-12.44.50:362][  0]LogInit:      CURL_VERSION_IPV6
[2015.11.27-12.44.50:362][  0]LogInit:      CURL_VERSION_ASYNCHDNS
[2015.11.27-12.44.50:362][  0]LogInit:      CURL_VERSION_LARGEFILE
[2015.11.27-12.44.50:362][  0]LogInit:      CURL_VERSION_IDN
[2015.11.27-12.44.50:362][  0]LogInit:  CurlRequestOptions (configurable via config and command line):
[2015.11.27-12.44.50:362][  0]LogInit:  - bVerifyPeer = true  - Libcurl will verify peer certificate
[2015.11.27-12.44.50:362][  0]LogInit:  - bUseHttpProxy = false  - Libcurl will NOT use HTTP proxy
[2015.11.27-12.44.50:362][  0]LogInit:  - bDontReuseConnections = false  - Libcurl will reuse connections
[2015.11.27-12.44.50:362][  0]LogInit:  - CertBundlePath = nullptr  - Libcurl will use whatever was configured at build time.
[2015.11.27-12.44.50:367][  0]LogInit: Presizing for 0 objects not considered by GC, pre-allocating 0 bytes.
[2015.11.27-12.44.50:372][  0]LogInit: Object subsystem initialized
[2015.11.27-12.44.50:373][  0]LogInit: Selected Device Profile: [Windows]
[2015.11.27-12.44.50:373][  0]LogInit: Applying CVar settings loaded from the selected device profile: [Windows]
[2015.11.27-12.44.50:380][  0]LogInit: Computer: SpellabbA332-09
[2015.11.27-12.44.50:380][  0]LogInit: User: Spellabbet
[2015.11.27-12.44.50:380][  0]LogInit: CPU Page size=4096, Cores=4
[2015.11.27-12.44.50:380][  0]LogInit: High frequency timer resolution =3.507519 MHz
[2015.11.27-12.44.50:380][  0]LogMemory: Memory total: Physical=15.9GB (16GB approx)
[2015.11.27-12.44.50:380][  0]LogMemory: Platform Memory Stats for Windows
[2015.11.27-12.44.50:380][  0]LogMemory: Process Physical Memory: 52.08 MB used, 52.08 MB peak
[2015.11.27-12.44.50:380][  0]LogMemory: Process Virtual Memory: 56.98 MB used, 56.98 MB peak
[2015.11.27-12.44.50:380][  0]LogMemory: Physical Memory: 4137.54 MB used, 16318.82 MB total
[2015.11.27-12.44.50:380][  0]LogMemory: Virtual Memory: 349.31 MB used, 134217728.00 MB total
[2015.11.27-12.44.50:407][  0]LogTextLocalizationManager: No translations for ('sv-SE') exist, falling back to 'en' for localization and internationalization data.
[2015.11.27-12.44.51:038][  0]LogD3D11RHI: Found D3D11 adapter 0: NVIDIA GeForce GTX 960 (Feature Level 11_0)
[2015.11.27-12.44.51:038][  0]LogD3D11RHI: Adapter has 1965MB of dedicated video memory, 0MB of dedicated system memory, and 2048MB of shared system memory, 1 output[s]
[2015.11.27-12.44.51:041][  0]LogD3D11RHI: Found D3D11 adapter 1: Microsoft Basic Render Driver (Feature Level 11_0)
[2015.11.27-12.44.51:041][  0]LogD3D11RHI: Adapter has 0MB of dedicated video memory, 0MB of dedicated system memory, and 256MB of shared system memory, 0 output[s]
[2015.11.27-12.44.51:041][  0]LogD3D11RHI: Chosen D3D11 Adapter Id = 0
[2015.11.27-12.44.51:043][  0]LogD3D11RHI: !Direct3DDevice
[2015.11.27-12.44.51:044][  0]LogRHI: Texture pool is 1361 MB (70% of 1945 MB)
[2015.11.27-12.44.51:056][  0]LogD3D11RHI: Async texture creation enabled
[2015.11.27-12.44.51:072][  0]LogShaderCompilers: Guid format shader working directory is 15 characters bigger than the processId version (../../../../../../Users/Spellabbet/Documents/Unreal Projects/SpaceGame/Project/SpaceGame/Intermediate/Shaders/WorkingDirectory/4592/).
[2015.11.27-12.44.51:072][  0]LogShaderCompilers: Cleaned the shader compiler working directory '../../../../../../Users/Spellabbet/Documents/Unreal Projects/SpaceGame/Project/SpaceGame/Intermediate/Shaders/tmp/444D91D446252285BF53AB92343FCAB5/'.
[2015.11.27-12.44.51:072][  0]LogShaderCompilers:Display: Using Local Shader Compiler.
[2015.11.27-12.44.51:967][  0]LogTemp:Display: Loaded TP AllDesktopTargetPlatform
[2015.11.27-12.44.51:971][  0]LogTemp:Display: Loaded TP WindowsClientTargetPlatform
[2015.11.27-12.44.51:975][  0]LogTemp:Display: Loaded TP WindowsNoEditorTargetPlatform
[2015.11.27-12.44.51:979][  0]LogTemp:Display: Loaded TP WindowsServerTargetPlatform
[2015.11.27-12.44.51:983][  0]LogTemp:Display: Loaded TP WindowsTargetPlatform
[2015.11.27-12.44.51:986][  0]LogTemp:Display: Loaded TP AndroidTargetPlatform
[2015.11.27-12.44.51:989][  0]LogTemp:Display: Loaded TP Android_ASTCTargetPlatform
[2015.11.27-12.44.51:991][  0]LogTemp:Display: Loaded TP Android_ATCTargetPlatform
[2015.11.27-12.44.51:994][  0]LogTemp:Display: Loaded TP Android_DXTTargetPlatform
[2015.11.27-12.44.51:997][  0]LogTemp:Display: Loaded TP Android_ETC1TargetPlatform
[2015.11.27-12.44.52:000][  0]LogTemp:Display: Loaded TP Android_ETC2TargetPlatform
[2015.11.27-12.44.52:004][  0]LogTemp:Display: Loaded TP Android_PVRTCTargetPlatform
[2015.11.27-12.44.52:004][  0]LogTemp:Display: Loaded TP HTML5TargetPlatform
[2015.11.27-12.44.52:023][  0]LogTemp:Display: Loaded TP IOSTargetPlatform
[2015.11.27-12.44.52:025][  0]LogTemp:Display: Loaded TP LinuxNoEditorTargetPlatform
[2015.11.27-12.44.52:028][  0]LogTemp:Display: Loaded TP LinuxServerTargetPlatform
[2015.11.27-12.44.52:031][  0]LogTemp:Display: Loaded TP LinuxTargetPlatform
[2015.11.27-12.44.52:031][  0]LogTargetPlatformManager:Display: Building Assets For Windows
[2015.11.27-12.44.52:100][  0]LogDerivedDataCache:Display: Max Cache Size: 512 MB
[2015.11.27-12.44.52:135][  0]LogDerivedDataCache: Loaded boot cache 0.03s 41MB C:/Users/Spellabbet/AppData/Local/UnrealEngine/4.9/DerivedDataCache/Boot.ddc.
[2015.11.27-12.44.52:135][  0]LogDerivedDataCache:Display: Loaded Boot cache: C:/Users/Spellabbet/AppData/Local/UnrealEngine/4.9/DerivedDataCache/Boot.ddc
[2015.11.27-12.44.52:135][  0]LogDerivedDataCache: FDerivedDataBackendGraph:  Pak pak cache file ../../../../../../Users/Spellabbet/Documents/Unreal Projects/SpaceGame/Project/SpaceGame/DerivedDataCache/DDC.ddp not found, will not use a pak cache.
[2015.11.27-12.44.52:135][  0]LogDerivedDataCache: Unable to find inner node Pak for hierarchical cache Hierarchy.
[2015.11.27-12.44.52:135][  0]LogDerivedDataCache: FDerivedDataBackendGraph:  CompressedPak pak cache file ../../../../../../Users/Spellabbet/Documents/Unreal Projects/SpaceGame/Project/SpaceGame/DerivedDataCache/Compressed.ddp not found, will not use a pak cache.
[2015.11.27-12.44.52:135][  0]LogDerivedDataCache: Unable to find inner node CompressedPak for hierarchical cache Hierarchy.
[2015.11.27-12.44.52:245][  0]LogDerivedDataCache:Display: Pak cache opened for reading ../../../Engine/DerivedDataCache/Compressed.ddp.
[2015.11.27-12.44.52:257][  0]LogDerivedDataCache: Using Local data cache path C:/Users/Spellabbet/AppData/Local/UnrealEngine/Common/DerivedDataCache: Writable
[2015.11.27-12.44.52:395][  0]LogInit: Selected Device Profile: [Windows]
[2015.11.27-12.44.52:397][  0]LogContentStreaming: Texture pool size is 0.000000MB
[2015.11.27-12.44.52:498][  0]LogMeshUtilities: No automatic mesh reduction module available
[2015.11.27-12.44.52:498][  0]LogMeshUtilities: No automatic mesh merging module available
[2015.11.27-12.44.52:679][  0]LogInit: WinSock: version 1.1 (2.2), MaxSocks=32767, MaxUdp=65467
[2015.11.27-12.44.53:207][  0]UdpMessaging: Initializing bridge on interface 0.0.0.0:0 to multicast group 230.0.0.1:6666.
[2015.11.27-12.44.53:305][  0]LogAssetRegistry: FAssetRegistry took 0.0106 seconds to start up
[2015.11.27-12.44.53:437][  0]SourceControl: Info Source control is disabled
[2015.11.27-12.44.53:442][  0]SourceControl: Info Source control is disabled
[2015.11.27-12.44.53:455][  0]SourceControl: Info Source control is disabled
[2015.11.27-12.44.53:465][  0]SourceControl: Info Source control is disabled
[2015.11.27-12.44.53:580][  0]LogLinker:Warning: Asset '../../../Engine/Plugins/Runtime/LeapMotionController/Content/LM_PassthroughMaterial.uasset' has been saved with empty engine version. The asset will be loaded but may be incompatible.
[2015.11.27-12.44.53:635][  0]LogObj: 28439 objects as part of root set at end of initial load.
[2015.11.27-12.44.53:635][  0]LogUObjectAllocator: 6068720 out of 0 bytes used by permanent object pool.
[2015.11.27-12.44.53:681][  0]LogEngine: Initializing Engine...
[2015.11.27-12.44.53:682][  0]LogHMD: Can't find Oculus library dev build: is proper Runtime installed? Version: 0.7.0.0
[2015.11.27-12.44.53:683][  0]LogHMD: SteamVR failed to initialize.  Err: 110
[2015.11.27-12.44.53:775][  0]LogAIModule: Creating AISystem for world NewWorld
[2015.11.27-12.44.53:780][  0]LogInit: XAudio2 using 'Speakers (4- High Definition Audio Device)' : 2 channels at 44.1 kHz using 16 bits per sample (channel mask 0x3)
[2015.11.27-12.44.53:790][  0]LogInit: FAudioDevice initialized.
[2015.11.27-12.44.53:808][  0]LogDerivedDataCache: Saved boot cache 0.02s 41MB C:/Users/Spellabbet/AppData/Local/UnrealEngine/4.9/DerivedDataCache/Boot.ddc.
[2015.11.27-12.44.53:813][  0]LogInit: Texture streaming: Enabled
[2015.11.27-12.44.53:817][  0]LogAnalytics: Creating configured Analytics provider AnalyticsET
[2015.11.27-12.44.53:817][  0]LogAnalytics: [UEEditor.Rocket.Release] APIServer = http://et2.epicgames.com/ET2/. AppVersion = 4.9.2-2707645+++depot+UE4-Releases+4.9
[2015.11.27-12.44.53:817][  0]LogAnalytics: [UEEditor.Rocket.Release] SetUserId 634ab0cb456977c100e99f821f1d4277|7ebf86fc13e44331864479a64887c1c8|060e5e79-a789-49c4-8abd-5d8b330400a7
[2015.11.27-12.44.53:817][  0]LogAnalytics: [UEEditor.Rocket.Release] AnalyticsET::StartSession
[2015.11.27-12.44.53:833][  0]LogInit: Transaction tracking system initialized
[2015.11.27-12.44.53:853][  0]BlueprintLog: New page: Editor Load
[2015.11.27-12.44.53:910][  0]LocalizationService: Info Localization service is disabled
[2015.11.27-12.44.53:974][  0]LogConsoleResponse:Display: 
[2015.11.27-12.44.54:072][  0]LogCook:Display: Done creating registry. It took  0.00s.
[2015.11.27-12.44.54:114][  0]LogFileCache: Scanning file cache for directory 'C:/Users/Spellabbet/Documents/Unreal Projects/SpaceGame/Project/SpaceGame/Content/' took 0.01s
[2015.11.27-12.44.54:114][  0]SourceControl: Info Source control is disabled
[2015.11.27-12.44.54:114][  0]Cmd: MAP LOAD FILE="../../../Engine/Content/Maps/Templates/Template_Default.umap" TEMPLATE=1 SHOWPROGRESS=1 FEATURELEVEL=3
[2015.11.27-12.44.54:114][  0]LightingResults: New page: Lighting Build
[2015.11.27-12.44.54:117][  0]MapCheck: New page: Map Check
[2015.11.27-12.44.54:117][  0]LightingResults: New page: Lighting Build
[2015.11.27-12.44.54:126][  0]LogParticles: Destroying 0 GPU particle simulations for FXSystem 0x00000059EEF7A160
[2015.11.27-12.44.54:312][  0]LogAIModule: Creating AISystem for world Untitled_1
[2015.11.27-12.44.54:315][  0]LogEditorServer: Finished looking for orphan Actors (0.000 secs)
[2015.11.27-12.44.54:318][  0]Cmd: MAP CHECKDEP NOCLEARLOG
[2015.11.27-12.44.54:349][  0]MapCheck: Info Map check complete: 0 Error(s), 0 Warning(s), took 30.37ms to complete.
[2015.11.27-12.44.54:349][  0]LogFileHelpers: Loading map 'Template_Default' took 0.235
[2015.11.27-12.44.54:437][  0]LogCollectionManager: Loaded 0 collections in 0.001445 seconds
[2015.11.27-12.44.54:477][  0]LogFileCache: Scanning file cache for directory 'C:/Users/Spellabbet/Documents/Unreal Projects/SpaceGame/Project/SpaceGame/Saved/Collections/' took 0.01s
[2015.11.27-12.44.54:477][  0]LogFileCache: Scanning file cache for directory 'C:/Users/Spellabbet/Documents/Unreal Projects/SpaceGame/Project/SpaceGame/Content/Developers/Spellabbet/Collections/' took 0.01s
[2015.11.27-12.44.54:477][  0]LogFileCache: Scanning file cache for directory 'C:/Users/Spellabbet/Documents/Unreal Projects/SpaceGame/Project/SpaceGame/Content/Collections/' took 0.01s
[2015.11.27-12.44.54:477][  0]LogContentBrowser: Native class hierarchy populated in 0.0062 seconds. Added 1875 classes and 335 folders.
[2015.11.27-12.44.54:481][  0]LogCollectionManager: Rebuilt the GUID cache for 0 collections in 0.000002 seconds
[2015.11.27-12.44.54:487][  0]LogContentBrowser: Native class hierarchy updated for 'WidgetCarousel' in 0.0008 seconds. Added 0 classes and 0 folders.
[2015.11.27-12.44.54:515][  0]LogContentBrowser: Native class hierarchy updated for 'AddContentDialog' in 0.0010 seconds. Added 0 classes and 0 folders.
[2015.11.27-12.44.54:522][  0]LogContentBrowser: Native class hierarchy updated for 'SceneOutliner' in 0.0009 seconds. Added 1 classes and 2 folders.
[2015.11.27-12.44.54:567][  0]LogCrashTracker: Crashtracker disabled due to settings.
[2015.11.27-12.44.54:570][  0]LogUObjectGlobals:Warning: Failed to find object 'Class None.'
[2015.11.27-12.44.54:593][  0]LogLoad: Full Startup: 4.94 seconds (BP compile: 0.03 seconds)
[2015.11.27-12.44.54:981][  0]LogContentStreaming: Texture pool size now 1000 MB
[2015.11.27-12.44.55:090][  0]LogRenderer: Reallocating scene render targets to support 1076x556 (Frame:2).
[2015.11.27-12.44.55:934][  3]LogAssetRegistry: Asset discovery search completed in 2.6396 seconds
[2015.11.27-12.44.55:934][  3]LogCollectionManager: Rebuilt the object cache for 0 collections in 0.000001 seconds (found 0 objects)
[2015.11.27-12.44.55:934][  3]LogCollectionManager: Fixed up redirectors for 0 collections in 0.000035 seconds (updated 0 objects)
[2015.11.27-12.46.56:268][364]Recompiling SpaceGame...
[2015.11.27-12.46.56:268][364]Launching UnrealBuildTool... [C:/Program Files/Epic Games/4.9/Engine/Binaries/DotNET/UnrealBuildTool.exe SpaceGame -ModuleWithSuffix SpaceGame 8410 Win64 Development -editorrecompile -canskiplink "C:/Users/Spellabbet/Documents/Unreal Projects/SpaceGame/Project/SpaceGame/SpaceGame.uproject" -rocket  -rocket]
[2015.11.27-12.46.56:269][364]Warning: Starting HotReload took  0.0s.
[2015.11.27-12.46.59:358][722]CompilerResultsLog: New page: Compilation - Nov 27, 2015, 2:46:59 PM
[2015.11.27-12.46.59:358][722]CompilerResultsLog: Info Compiling game modules for hot reload
[2015.11.27-12.46.59:358][722]CompilerResultsLog: Info Performing 2 actions (4 in parallel)
[2015.11.27-12.46.59:358][722]CompilerResultsLog: Info MousePawn.cpp
[2015.11.27-12.46.59:358][722]CompilerResultsLog: Info [2/2] Link UE4Editor-SpaceGame-8410.dll
[2015.11.27-12.46.59:358][722]CompilerResultsLog: Info    Creating library C:\Users\Spellabbet\Documents\Unreal Projects\SpaceGame\Project\SpaceGame\Intermediate/Build/Win64\UE4Editor\Development\UE4Editor-SpaceGame-8410.lib and object C:\Users\Spellabbet\Documents\Unreal Projects\SpaceGame\Project\SpaceGame\Intermediate/Build/Win64\UE4Editor\Development\UE4Editor-SpaceGame-8410.exp
[2015.11.27-12.46.59:358][722]CompilerResultsLog: Info -------- End Detailed Actions Stats -----------------------------------------------------------
[2015.11.27-12.46.59:358][722]CompilerResultsLog: Info Total build time: 3,06 seconds
[2015.11.27-12.46.59:358][722]LogMainFrame: MainFrame: Module compiling took 3.092 seconds
[2015.11.27-12.46.59:405][722]LogClass: FleetState HotReload.
[2015.11.27-12.46.59:405][722]LogClass: OwnedBy HotReload.
[2015.11.27-12.46.59:407][722]LogContentBrowser: Native class hierarchy updated for 'SpaceGame' in 0.0010 seconds. Added 8 classes and 2 folders.
[2015.11.27-12.46.59:409][722]Warning: HotReload successful (7 functions remapped  0 scriptstructs remapped)
[2015.11.27-12.46.59:464][722]LogContentBrowser: Native class hierarchy populated in 0.0068 seconds. Added 1876 classes and 337 folders.
[2015.11.27-12.47.18:275][ 34]LogAIModule: Creating AISystem for world Untitled
[2015.11.27-12.47.18:290][ 34]Cmd: MAP LOAD FILE="../../../../../../Users/Spellabbet/Documents/Unreal Projects/SpaceGame/Project/SpaceGame/Content/Maps/Untitled.umap" TEMPLATE=0 SHOWPROGRESS=1 FEATURELEVEL=3
[2015.11.27-12.47.18:290][ 34]LightingResults: New page: Lighting Build
[2015.11.27-12.47.18:305][ 34]LoadErrors: New page: Loading map: Untitled.umap
[2015.11.27-12.47.18:305][ 34]MapCheck: New page: Map Check
[2015.11.27-12.47.18:305][ 34]LightingResults: New page: Lighting Build
[2015.11.27-12.47.18:315][ 34]LogParticles: Destroying 0 GPU particle simulations for FXSystem 0x00000059DC4E6840
[2015.11.27-12.47.18:359][ 34]LogEditorServer: Finished looking for orphan Actors (0.000 secs)
[2015.11.27-12.47.18:400][ 34]Cmd: MAP CHECKDEP NOCLEARLOG
[2015.11.27-12.47.18:429][ 34]MapCheck: Info Map check complete: 0 Error(s), 0 Warning(s), took 29.258ms to complete.
[2015.11.27-12.47.18:429][ 34]LogFileHelpers: Loading map 'Untitled' took 0.140
[2015.11.27-12.47.19:128][111]LogBlueprintUserMessages: Early PlayInEditor Detection: Level '/Game/Maps/Untitled.Untitled:PersistentLevel' has LevelScriptBlueprint '/Game/Maps/Untitled.Untitled:PersistentLevel.Untitled' with GeneratedClass '/Game/Maps/Untitled.Untitled_C' with ClassGeneratedBy '/Game/Maps/Untitled.Untitled:PersistentLevel.Untitled'
[2015.11.27-12.47.19:128][111]LogPlayLevel: PlayLevel: No blueprints needed recompiling
[2015.11.27-12.47.19:128][111]PIE: New page: PIE session: Untitled (Nov 27, 2015, 2:47:19 PM)
[2015.11.27-12.47.19:128][111]LogPlayLevel: Creating play world package: /Game/Maps/UEDPIE_0_Untitled
[2015.11.27-12.47.19:132][111]LogPlayLevel: PIE: StaticDuplicateObject took: (0.003655s)
[2015.11.27-12.47.19:133][111]LogAIModule: Creating AISystem for world Untitled
[2015.11.27-12.47.19:133][111]LogPlayLevel: PIE: World Init took: (0.000635s)
[2015.11.27-12.47.19:133][111]LogPlayLevel: PIE: Created PIE world by copying editor world from /Game/Maps/Untitled.Untitled to /Game/Maps/UEDPIE_0_Untitled.Untitled (0.004596s)
[2015.11.27-12.47.19:150][111]LogInit: XAudio2 using 'Speakers (4- High Definition Audio Device)' : 2 channels at 44.1 kHz using 16 bits per sample (channel mask 0x3)
[2015.11.27-12.47.19:156][111]LogInit: FAudioDevice initialized.
[2015.11.27-12.47.19:236][111]LogWorld: Game class is 'GameModeBP_C'
[2015.11.27-12.47.19:239][111]LogWorld: Bringing World /Game/Maps/UEDPIE_0_Untitled.Untitled up for play (max tick rate 0) at 2015.11.27-13.47.19
[2015.11.27-12.47.19:239][111]LogActor:Warning: GameSession /Game/Maps/UEDPIE_0_Untitled.Untitled:PersistentLevel.GameSession_0 has natively added scene component(s), but none of them were set as the actor's RootComponent - picking one arbitrarily
[2015.11.27-12.47.19:239][111]LogActor:Warning: GameNetworkManager /Game/Maps/UEDPIE_0_Untitled.Untitled:PersistentLevel.GameNetworkManager_0 has natively added scene component(s), but none of them were set as the actor's RootComponent - picking one arbitrarily
[2015.11.27-12.47.19:239][111]LogWorld: Bringing up level for play took: 0.001818
[2015.11.27-12.47.19:241][111]PIE: Info Play in editor start time for /Game/Maps/UEDPIE_0_Untitled -0.729
[2015.11.27-12.47.19:241][111]LogBlueprintUserMessages: Late PlayInEditor Detection: Level '/Game/Maps/Untitled.Untitled:PersistentLevel' has LevelScriptBlueprint '/Game/Maps/Untitled.Untitled:PersistentLevel.Untitled' with GeneratedClass '/Game/Maps/Untitled.Untitled_C' with ClassGeneratedBy '/Game/Maps/Untitled.Untitled:PersistentLevel.Untitled'
[2015.11.27-12.47.23:040][566]LogBlueprintUserMessages: Early EndPlayMap Detection: Level '/Game/Maps/Untitled.Untitled:PersistentLevel' has LevelScriptBlueprint '/Game/Maps/Untitled.Untitled:PersistentLevel.Untitled' with GeneratedClass '/Game/Maps/Untitled.Untitled_C' with ClassGeneratedBy '/Game/Maps/Untitled.Untitled:PersistentLevel.Untitled'
[2015.11.27-12.47.23:072][566]LogBlueprintUserMessages: Late EndPlayMap Detection: Level '/Game/Maps/Untitled.Untitled:PersistentLevel' has LevelScriptBlueprint '/Game/Maps/Untitled.Untitled:PersistentLevel.Untitled' with GeneratedClass '/Game/Maps/Untitled.Untitled_C' with ClassGeneratedBy '/Game/Maps/Untitled.Untitled:PersistentLevel.Untitled'
[2015.11.27-12.47.23:093][567]LogParticles: Destroying 0 GPU particle simulations for FXSystem 0x00000059FB7211C0
[2015.11.27-12.49.00:208][449]LogEditorViewport: Clicking on Actor (LMB): StarBlueprint_C (StarBlueprint)
[2015.11.27-12.49.04:546][955]LogBlueprintUserMessages: Early PlayInEditor Detection: Level '/Game/Maps/Untitled.Untitled:PersistentLevel' has LevelScriptBlueprint '/Game/Maps/Untitled.Untitled:PersistentLevel.Untitled' with GeneratedClass '/Game/Maps/Untitled.Untitled_C' with ClassGeneratedBy '/Game/Maps/Untitled.Untitled:PersistentLevel.Untitled'
[2015.11.27-12.49.04:546][955]LogPlayLevel: PlayLevel: No blueprints needed recompiling
[2015.11.27-12.49.04:546][955]PIE: New page: PIE session: Untitled (Nov 27, 2015, 2:49:04 PM)
[2015.11.27-12.49.04:546][955]LogPlayLevel: Creating play world package: /Game/Maps/UEDPIE_0_Untitled
[2015.11.27-12.49.04:549][955]LogPlayLevel: PIE: StaticDuplicateObject took: (0.002628s)
[2015.11.27-12.49.04:549][955]LogAIModule: Creating AISystem for world Untitled
[2015.11.27-12.49.04:550][955]LogPlayLevel: PIE: World Init took: (0.000740s)
[2015.11.27-12.49.04:550][955]LogPlayLevel: PIE: Created PIE world by copying editor world from /Game/Maps/Untitled.Untitled to /Game/Maps/UEDPIE_0_Untitled.Untitled (0.003593s)
[2015.11.27-12.49.04:564][955]LogInit: XAudio2 using 'Speakers (4- High Definition Audio Device)' : 2 channels at 44.1 kHz using 16 bits per sample (channel mask 0x3)
[2015.11.27-12.49.04:569][955]LogInit: FAudioDevice initialized.
[2015.11.27-12.49.04:602][955]LogWorld: Game class is 'GameModeBP_C'
[2015.11.27-12.49.04:605][955]LogWorld: Bringing World /Game/Maps/UEDPIE_0_Untitled.Untitled up for play (max tick rate 0) at 2015.11.27-13.49.04
[2015.11.27-12.49.04:605][955]LogActor:Warning: GameSession /Game/Maps/UEDPIE_0_Untitled.Untitled:PersistentLevel.GameSession_1 has natively added scene component(s), but none of them were set as the actor's RootComponent - picking one arbitrarily
[2015.11.27-12.49.04:605][955]LogActor:Warning: GameNetworkManager /Game/Maps/UEDPIE_0_Untitled.Untitled:PersistentLevel.GameNetworkManager_1 has natively added scene component(s), but none of them were set as the actor's RootComponent - picking one arbitrarily
[2015.11.27-12.49.04:606][955]LogWorld: Bringing up level for play took: 0.002222
[2015.11.27-12.49.04:607][955]PIE: Info Play in editor start time for /Game/Maps/UEDPIE_0_Untitled 0.637
[2015.11.27-12.49.04:607][955]LogBlueprintUserMessages: Late PlayInEditor Detection: Level '/Game/Maps/Untitled.Untitled:PersistentLevel' has LevelScriptBlueprint '/Game/Maps/Untitled.Untitled:PersistentLevel.Untitled' with GeneratedClass '/Game/Maps/Untitled.Untitled_C' with ClassGeneratedBy '/Game/Maps/Untitled.Untitled:PersistentLevel.Untitled'
[2015.11.27-12.49.07:525][305]LogSpawn:Warning: SpawnActor failed because no class was specified
[2015.11.27-12.49.07:789][305]LogCrashTracker: 


[2015.11.27-12.49.07:789][305]LogCrashTracker: 


[2015.11.27-12.49.07:789][305]LogWindows: === Critical error: ===
Fatal error!



[2015.11.27-12.49.07:889][305]LogExit: Executing StaticShutdownAfterError
[2015.11.27-12.49.07:893][305]LogPhysics:Warning: PHYSX: ..\..\PhysX\src\NpScene.cpp (2946) 8 : PxScene::unlockWrite() called without matching call to PxScene::lockWrite(), behaviour will be undefined.
[2015.11.27-12.49.07:893][305]LogPhysics:Warning: PHYSX: ..\..\PhysX\src\NpScene.cpp (2946) 8 : PxScene::unlockWrite() called without matching call to PxScene::lockWrite(), behaviour will be undefined.
[2015.11.27-12.49.07:893][305]LogPhysics:Warning: PHYSX: ..\..\PhysX\src\NpScene.cpp (2946) 8 : PxScene::unlockWrite() called without matching call to PxScene::lockWrite(), behaviour will be undefined.
[2015.11.27-12.49.07:893][305]LogPhysics:Warning: PHYSX: ..\..\PhysX\src\NpScene.cpp (2946) 8 : PxScene::unlockWrite() called without matching call to PxScene::lockWrite(), behaviour will be undefined.
[2015.11.27-12.49.07:893][305]LogWindows: FPlatformMisc::RequestExit(1)
[2015.11.27-12.49.07:893][305]Log file closed, 11/27/15 13:49:07
