[2015.11.27-12.19.58:812][  0]Log file open, 11/27/15 13:19:58
[2015.11.27-12.19.58:812][  0]LogInit:Display: Running engine without a game
[2015.11.27-12.19.58:812][  0]LogInit:Display: Loading recent project file: ../../../../../../Users/Spellabbet/Documents/Unreal Projects/SpaceGame/Project/SpaceGame/SpaceGame.uproject
[2015.11.27-12.19.58:812][  0]LogInit:Display: RandInit(-2000444993) SRandInit(-2000444992).
[2015.11.27-12.19.58:812][  0]LogTaskGraph: Started task graph with 4 named threads and 7 total threads.
[2015.11.27-12.19.58:812][  0]LogStats: Stats thread started at 0.070036
[2015.11.27-12.19.58:812][  0]LogInit: Version: 4.9.2-2707645+++depot+UE4-Releases+4.9
[2015.11.27-12.19.58:812][  0]LogInit: API Version: 2672455
[2015.11.27-12.19.58:812][  0]LogInit: Compiled (64-bit): Sep 28 2015 10:25:44
[2015.11.27-12.19.58:812][  0]LogInit: Compiled with Visual C++: 18.00.21005.01
[2015.11.27-12.19.58:812][  0]LogInit: Build Configuration: Development
[2015.11.27-12.19.58:812][  0]LogInit: Branch Name: ++depot+UE4-Releases+4.9
[2015.11.27-12.19.58:812][  0]LogInit: Command line: 
[2015.11.27-12.19.58:812][  0]LogInit: Base directory: C:/Program Files/Epic Games/4.9/Engine/Binaries/Win64/
[2015.11.27-12.19.58:812][  0]LogInit: Rocket: 1
[2015.11.27-12.19.58:824][  0]LogInit: Using libcurl 7.41.0
[2015.11.27-12.19.58:824][  0]LogInit:  - built for x86_64-pc-win32
[2015.11.27-12.19.58:824][  0]LogInit:  - supports SSL with WinSSL
[2015.11.27-12.19.58:824][  0]LogInit:  - other features:
[2015.11.27-12.19.58:824][  0]LogInit:      CURL_VERSION_SSL
[2015.11.27-12.19.58:824][  0]LogInit:      CURL_VERSION_IPV6
[2015.11.27-12.19.58:824][  0]LogInit:      CURL_VERSION_ASYNCHDNS
[2015.11.27-12.19.58:824][  0]LogInit:      CURL_VERSION_LARGEFILE
[2015.11.27-12.19.58:824][  0]LogInit:      CURL_VERSION_IDN
[2015.11.27-12.19.58:824][  0]LogInit:  CurlRequestOptions (configurable via config and command line):
[2015.11.27-12.19.58:824][  0]LogInit:  - bVerifyPeer = true  - Libcurl will verify peer certificate
[2015.11.27-12.19.58:824][  0]LogInit:  - bUseHttpProxy = false  - Libcurl will NOT use HTTP proxy
[2015.11.27-12.19.58:824][  0]LogInit:  - bDontReuseConnections = false  - Libcurl will reuse connections
[2015.11.27-12.19.58:824][  0]LogInit:  - CertBundlePath = nullptr  - Libcurl will use whatever was configured at build time.
[2015.11.27-12.19.58:831][  0]LogInit: Presizing for 0 objects not considered by GC, pre-allocating 0 bytes.
[2015.11.27-12.19.58:838][  0]LogInit: Object subsystem initialized
[2015.11.27-12.19.58:840][  0]LogInit: Selected Device Profile: [Windows]
[2015.11.27-12.19.58:840][  0]LogInit: Applying CVar settings loaded from the selected device profile: [Windows]
[2015.11.27-12.19.58:847][  0]LogInit: Computer: SpellabbA332-09
[2015.11.27-12.19.58:847][  0]LogInit: User: Spellabbet
[2015.11.27-12.19.58:847][  0]LogInit: CPU Page size=4096, Cores=4
[2015.11.27-12.19.58:847][  0]LogInit: High frequency timer resolution =3.507519 MHz
[2015.11.27-12.19.58:847][  0]LogMemory: Memory total: Physical=15.9GB (16GB approx)
[2015.11.27-12.19.58:847][  0]LogMemory: Platform Memory Stats for Windows
[2015.11.27-12.19.58:847][  0]LogMemory: Process Physical Memory: 52.08 MB used, 52.08 MB peak
[2015.11.27-12.19.58:847][  0]LogMemory: Process Virtual Memory: 55.08 MB used, 55.08 MB peak
[2015.11.27-12.19.58:847][  0]LogMemory: Physical Memory: 3544.13 MB used, 16318.82 MB total
[2015.11.27-12.19.58:847][  0]LogMemory: Virtual Memory: 347.38 MB used, 134217728.00 MB total
[2015.11.27-12.19.58:875][  0]LogTextLocalizationManager: No translations for ('sv-SE') exist, falling back to 'en' for localization and internationalization data.
[2015.11.27-12.19.59:508][  0]LogD3D11RHI: Found D3D11 adapter 0: NVIDIA GeForce GTX 960 (Feature Level 11_0)
[2015.11.27-12.19.59:508][  0]LogD3D11RHI: Adapter has 1965MB of dedicated video memory, 0MB of dedicated system memory, and 2048MB of shared system memory, 1 output[s]
[2015.11.27-12.19.59:509][  0]LogD3D11RHI: Found D3D11 adapter 1: Microsoft Basic Render Driver (Feature Level 11_0)
[2015.11.27-12.19.59:509][  0]LogD3D11RHI: Adapter has 0MB of dedicated video memory, 0MB of dedicated system memory, and 256MB of shared system memory, 0 output[s]
[2015.11.27-12.19.59:509][  0]LogD3D11RHI: Chosen D3D11 Adapter Id = 0
[2015.11.27-12.19.59:511][  0]LogD3D11RHI: !Direct3DDevice
[2015.11.27-12.19.59:511][  0]LogRHI: Texture pool is 1361 MB (70% of 1945 MB)
[2015.11.27-12.19.59:524][  0]LogD3D11RHI: Async texture creation enabled
[2015.11.27-12.19.59:541][  0]LogShaderCompilers: Guid format shader working directory is 15 characters bigger than the processId version (../../../../../../Users/Spellabbet/Documents/Unreal Projects/SpaceGame/Project/SpaceGame/Intermediate/Shaders/WorkingDirectory/1792/).
[2015.11.27-12.19.59:541][  0]LogShaderCompilers: Cleaned the shader compiler working directory '../../../../../../Users/Spellabbet/Documents/Unreal Projects/SpaceGame/Project/SpaceGame/Intermediate/Shaders/tmp/2855E2254EB5E74B61F779BEED334DB4/'.
[2015.11.27-12.19.59:541][  0]LogShaderCompilers:Display: Using Local Shader Compiler.
[2015.11.27-12.20.00:439][  0]LogTemp:Display: Loaded TP AllDesktopTargetPlatform
[2015.11.27-12.20.00:443][  0]LogTemp:Display: Loaded TP WindowsClientTargetPlatform
[2015.11.27-12.20.00:447][  0]LogTemp:Display: Loaded TP WindowsNoEditorTargetPlatform
[2015.11.27-12.20.00:451][  0]LogTemp:Display: Loaded TP WindowsServerTargetPlatform
[2015.11.27-12.20.00:455][  0]LogTemp:Display: Loaded TP WindowsTargetPlatform
[2015.11.27-12.20.00:458][  0]LogTemp:Display: Loaded TP AndroidTargetPlatform
[2015.11.27-12.20.00:460][  0]LogTemp:Display: Loaded TP Android_ASTCTargetPlatform
[2015.11.27-12.20.00:463][  0]LogTemp:Display: Loaded TP Android_ATCTargetPlatform
[2015.11.27-12.20.00:465][  0]LogTemp:Display: Loaded TP Android_DXTTargetPlatform
[2015.11.27-12.20.00:468][  0]LogTemp:Display: Loaded TP Android_ETC1TargetPlatform
[2015.11.27-12.20.00:470][  0]LogTemp:Display: Loaded TP Android_ETC2TargetPlatform
[2015.11.27-12.20.00:473][  0]LogTemp:Display: Loaded TP Android_PVRTCTargetPlatform
[2015.11.27-12.20.00:474][  0]LogTemp:Display: Loaded TP HTML5TargetPlatform
[2015.11.27-12.20.00:489][  0]LogTemp:Display: Loaded TP IOSTargetPlatform
[2015.11.27-12.20.00:493][  0]LogTemp:Display: Loaded TP LinuxNoEditorTargetPlatform
[2015.11.27-12.20.00:497][  0]LogTemp:Display: Loaded TP LinuxServerTargetPlatform
[2015.11.27-12.20.00:502][  0]LogTemp:Display: Loaded TP LinuxTargetPlatform
[2015.11.27-12.20.00:502][  0]LogTargetPlatformManager:Display: Building Assets For Windows
[2015.11.27-12.20.00:571][  0]LogDerivedDataCache:Display: Max Cache Size: 512 MB
[2015.11.27-12.20.00:605][  0]LogDerivedDataCache: Loaded boot cache 0.03s 41MB C:/Users/Spellabbet/AppData/Local/UnrealEngine/4.9/DerivedDataCache/Boot.ddc.
[2015.11.27-12.20.00:605][  0]LogDerivedDataCache:Display: Loaded Boot cache: C:/Users/Spellabbet/AppData/Local/UnrealEngine/4.9/DerivedDataCache/Boot.ddc
[2015.11.27-12.20.00:605][  0]LogDerivedDataCache: FDerivedDataBackendGraph:  Pak pak cache file ../../../../../../Users/Spellabbet/Documents/Unreal Projects/SpaceGame/Project/SpaceGame/DerivedDataCache/DDC.ddp not found, will not use a pak cache.
[2015.11.27-12.20.00:605][  0]LogDerivedDataCache: Unable to find inner node Pak for hierarchical cache Hierarchy.
[2015.11.27-12.20.00:605][  0]LogDerivedDataCache: FDerivedDataBackendGraph:  CompressedPak pak cache file ../../../../../../Users/Spellabbet/Documents/Unreal Projects/SpaceGame/Project/SpaceGame/DerivedDataCache/Compressed.ddp not found, will not use a pak cache.
[2015.11.27-12.20.00:605][  0]LogDerivedDataCache: Unable to find inner node CompressedPak for hierarchical cache Hierarchy.
[2015.11.27-12.20.00:718][  0]LogDerivedDataCache:Display: Pak cache opened for reading ../../../Engine/DerivedDataCache/Compressed.ddp.
[2015.11.27-12.20.00:730][  0]LogDerivedDataCache: Using Local data cache path C:/Users/Spellabbet/AppData/Local/UnrealEngine/Common/DerivedDataCache: Writable
[2015.11.27-12.20.00:873][  0]LogInit: Selected Device Profile: [Windows]
[2015.11.27-12.20.00:874][  0]LogContentStreaming: Texture pool size is 0.000000MB
[2015.11.27-12.20.00:971][  0]LogMeshUtilities: No automatic mesh reduction module available
[2015.11.27-12.20.00:971][  0]LogMeshUtilities: No automatic mesh merging module available
[2015.11.27-12.20.01:149][  0]LogInit: WinSock: version 1.1 (2.2), MaxSocks=32767, MaxUdp=65467
[2015.11.27-12.20.01:673][  0]UdpMessaging: Initializing bridge on interface 0.0.0.0:0 to multicast group 230.0.0.1:6666.
[2015.11.27-12.20.01:771][  0]LogAssetRegistry: FAssetRegistry took 0.0104 seconds to start up
[2015.11.27-12.20.01:926][  0]SourceControl: Info Source control is disabled
[2015.11.27-12.20.01:933][  0]SourceControl: Info Source control is disabled
[2015.11.27-12.20.01:941][  0]SourceControl: Info Source control is disabled
[2015.11.27-12.20.01:948][  0]SourceControl: Info Source control is disabled
[2015.11.27-12.20.02:052][  0]LogLinker:Warning: Asset '../../../Engine/Plugins/Runtime/LeapMotionController/Content/LM_PassthroughMaterial.uasset' has been saved with empty engine version. The asset will be loaded but may be incompatible.
[2015.11.27-12.20.02:109][  0]LogObj: 28437 objects as part of root set at end of initial load.
[2015.11.27-12.20.02:109][  0]LogUObjectAllocator: 6068432 out of 0 bytes used by permanent object pool.
[2015.11.27-12.20.02:156][  0]LogEngine: Initializing Engine...
[2015.11.27-12.20.02:158][  0]LogHMD: Can't find Oculus library dev build: is proper Runtime installed? Version: 0.7.0.0
[2015.11.27-12.20.02:158][  0]LogHMD: SteamVR failed to initialize.  Err: 110
[2015.11.27-12.20.02:267][  0]LogAIModule: Creating AISystem for world NewWorld
[2015.11.27-12.20.02:271][  0]LogInit: XAudio2 using 'Speakers (4- High Definition Audio Device)' : 2 channels at 44.1 kHz using 16 bits per sample (channel mask 0x3)
[2015.11.27-12.20.02:281][  0]LogInit: FAudioDevice initialized.
[2015.11.27-12.20.02:298][  0]LogDerivedDataCache: Saved boot cache 0.02s 41MB C:/Users/Spellabbet/AppData/Local/UnrealEngine/4.9/DerivedDataCache/Boot.ddc.
[2015.11.27-12.20.02:302][  0]LogInit: Texture streaming: Enabled
[2015.11.27-12.20.02:306][  0]LogAnalytics: Creating configured Analytics provider AnalyticsET
[2015.11.27-12.20.02:306][  0]LogAnalytics: [UEEditor.Rocket.Release] APIServer = http://et2.epicgames.com/ET2/. AppVersion = 4.9.2-2707645+++depot+UE4-Releases+4.9
[2015.11.27-12.20.02:306][  0]LogAnalytics: [UEEditor.Rocket.Release] SetUserId 634ab0cb456977c100e99f821f1d4277|7ebf86fc13e44331864479a64887c1c8|060e5e79-a789-49c4-8abd-5d8b330400a7
[2015.11.27-12.20.02:306][  0]LogAnalytics: [UEEditor.Rocket.Release] AnalyticsET::StartSession
[2015.11.27-12.20.02:324][  0]LogInit: Transaction tracking system initialized
[2015.11.27-12.20.02:347][  0]BlueprintLog: New page: Editor Load
[2015.11.27-12.20.02:403][  0]LocalizationService: Info Localization service is disabled
[2015.11.27-12.20.02:466][  0]LogConsoleResponse:Display: 
[2015.11.27-12.20.02:557][  0]LogCook:Display: Done creating registry. It took  0.00s.
[2015.11.27-12.20.02:599][  0]LogFileCache: Scanning file cache for directory 'C:/Users/Spellabbet/Documents/Unreal Projects/SpaceGame/Project/SpaceGame/Content/' took 0.01s
[2015.11.27-12.20.02:599][  0]SourceControl: Info Source control is disabled
[2015.11.27-12.20.02:599][  0]Cmd: MAP LOAD FILE="../../../Engine/Content/Maps/Templates/Template_Default.umap" TEMPLATE=1 SHOWPROGRESS=1 FEATURELEVEL=3
[2015.11.27-12.20.02:599][  0]LightingResults: New page: Lighting Build
[2015.11.27-12.20.02:601][  0]MapCheck: New page: Map Check
[2015.11.27-12.20.02:601][  0]LightingResults: New page: Lighting Build
[2015.11.27-12.20.02:610][  0]LogParticles: Destroying 0 GPU particle simulations for FXSystem 0x000000E93A68A160
[2015.11.27-12.20.02:808][  0]LogAIModule: Creating AISystem for world Untitled_1
[2015.11.27-12.20.02:811][  0]LogEditorServer: Finished looking for orphan Actors (0.000 secs)
[2015.11.27-12.20.02:815][  0]Cmd: MAP CHECKDEP NOCLEARLOG
[2015.11.27-12.20.02:843][  0]MapCheck: Info Map check complete: 0 Error(s), 0 Warning(s), took 27.874ms to complete.
[2015.11.27-12.20.02:843][  0]LogFileHelpers: Loading map 'Template_Default' took 0.244
[2015.11.27-12.20.02:935][  0]LogCollectionManager: Loaded 0 collections in 0.003364 seconds
[2015.11.27-12.20.02:980][  0]LogFileCache: Scanning file cache for directory 'C:/Users/Spellabbet/Documents/Unreal Projects/SpaceGame/Project/SpaceGame/Saved/Collections/' took 0.01s
[2015.11.27-12.20.02:980][  0]LogFileCache: Scanning file cache for directory 'C:/Users/Spellabbet/Documents/Unreal Projects/SpaceGame/Project/SpaceGame/Content/Developers/Spellabbet/Collections/' took 0.01s
[2015.11.27-12.20.02:980][  0]LogFileCache: Scanning file cache for directory 'C:/Users/Spellabbet/Documents/Unreal Projects/SpaceGame/Project/SpaceGame/Content/Collections/' took 0.01s
[2015.11.27-12.20.02:980][  0]LogContentBrowser: Native class hierarchy populated in 0.0107 seconds. Added 1875 classes and 335 folders.
[2015.11.27-12.20.02:984][  0]LogCollectionManager: Rebuilt the GUID cache for 0 collections in 0.000002 seconds
[2015.11.27-12.20.02:989][  0]LogContentBrowser: Native class hierarchy updated for 'WidgetCarousel' in 0.0009 seconds. Added 0 classes and 0 folders.
[2015.11.27-12.20.03:019][  0]LogContentBrowser: Native class hierarchy updated for 'AddContentDialog' in 0.0009 seconds. Added 0 classes and 0 folders.
[2015.11.27-12.20.03:026][  0]LogContentBrowser: Native class hierarchy updated for 'SceneOutliner' in 0.0009 seconds. Added 1 classes and 2 folders.
[2015.11.27-12.20.03:067][  0]LogCrashTracker: Crashtracker disabled due to settings.
[2015.11.27-12.20.03:070][  0]LogUObjectGlobals:Warning: Failed to find object 'Class None.'
[2015.11.27-12.20.03:093][  0]LogLoad: Full Startup: 4.95 seconds (BP compile: 0.03 seconds)
[2015.11.27-12.20.03:145][  0]LogContentStreaming: Texture pool size now 1000 MB
[2015.11.27-12.20.03:251][  0]LogRenderer: Reallocating scene render targets to support 1076x556 (Frame:2).
[2015.11.27-12.20.03:789][  2]LogAssetRegistry: Asset discovery search completed in 2.0281 seconds
[2015.11.27-12.20.03:789][  2]LogCollectionManager: Rebuilt the object cache for 0 collections in 0.000000 seconds (found 0 objects)
[2015.11.27-12.20.03:789][  2]LogCollectionManager: Fixed up redirectors for 0 collections in 0.000029 seconds (updated 0 objects)
[2015.11.27-12.20.10:007][315]LogAIModule: Creating AISystem for world Untitled
[2015.11.27-12.20.10:029][315]Cmd: MAP LOAD FILE="../../../../../../Users/Spellabbet/Documents/Unreal Projects/SpaceGame/Project/SpaceGame/Content/Maps/Untitled.umap" TEMPLATE=0 SHOWPROGRESS=1 FEATURELEVEL=3
[2015.11.27-12.20.10:029][315]LightingResults: New page: Lighting Build
[2015.11.27-12.20.10:043][315]LoadErrors: New page: Loading map: Untitled.umap
[2015.11.27-12.20.10:044][315]MapCheck: New page: Map Check
[2015.11.27-12.20.10:044][315]LightingResults: New page: Lighting Build
[2015.11.27-12.20.10:053][315]LogParticles: Destroying 0 GPU particle simulations for FXSystem 0x000000E92EB52A20
[2015.11.27-12.20.10:082][315]LogEditorServer: Finished looking for orphan Actors (0.000 secs)
[2015.11.27-12.20.10:108][315]Cmd: MAP CHECKDEP NOCLEARLOG
[2015.11.27-12.20.10:138][315]MapCheck: Info Map check complete: 0 Error(s), 0 Warning(s), took 29.757ms to complete.
[2015.11.27-12.20.10:138][315]LogFileHelpers: Loading map 'Untitled' took 0.110
[2015.11.27-12.20.11:340][450]LogBlueprintUserMessages: Early PlayInEditor Detection: Level '/Game/Maps/Untitled.Untitled:PersistentLevel' has LevelScriptBlueprint '/Game/Maps/Untitled.Untitled:PersistentLevel.Untitled' with GeneratedClass '/Game/Maps/Untitled.Untitled_C' with ClassGeneratedBy '/Game/Maps/Untitled.Untitled:PersistentLevel.Untitled'
[2015.11.27-12.20.11:340][450]LogPlayLevel: PlayLevel: No blueprints needed recompiling
[2015.11.27-12.20.11:340][450]PIE: New page: PIE session: Untitled (Nov 27, 2015, 2:20:11 PM)
[2015.11.27-12.20.11:340][450]LogPlayLevel: Creating play world package: /Game/Maps/UEDPIE_0_Untitled
[2015.11.27-12.20.11:343][450]LogPlayLevel: PIE: StaticDuplicateObject took: (0.002931s)
[2015.11.27-12.20.11:344][450]LogAIModule: Creating AISystem for world Untitled
[2015.11.27-12.20.11:344][450]LogPlayLevel: PIE: World Init took: (0.000807s)
[2015.11.27-12.20.11:344][450]LogPlayLevel: PIE: Created PIE world by copying editor world from /Game/Maps/Untitled.Untitled to /Game/Maps/UEDPIE_0_Untitled.Untitled (0.004131s)
[2015.11.27-12.20.11:358][450]LogInit: XAudio2 using 'Speakers (4- High Definition Audio Device)' : 2 channels at 44.1 kHz using 16 bits per sample (channel mask 0x3)
[2015.11.27-12.20.11:363][450]LogInit: FAudioDevice initialized.
[2015.11.27-12.20.11:440][450]LogWorld: Game class is 'GameModeBP_C'
[2015.11.27-12.20.11:443][450]LogWorld: Bringing World /Game/Maps/UEDPIE_0_Untitled.Untitled up for play (max tick rate 0) at 2015.11.27-13.20.11
[2015.11.27-12.20.11:443][450]LogActor:Warning: GameSession /Game/Maps/UEDPIE_0_Untitled.Untitled:PersistentLevel.GameSession_0 has natively added scene component(s), but none of them were set as the actor's RootComponent - picking one arbitrarily
[2015.11.27-12.20.11:443][450]LogActor:Warning: GameNetworkManager /Game/Maps/UEDPIE_0_Untitled.Untitled:PersistentLevel.GameNetworkManager_0 has natively added scene component(s), but none of them were set as the actor's RootComponent - picking one arbitrarily
[2015.11.27-12.20.11:443][450]LogWorld: Bringing up level for play took: 0.001668
[2015.11.27-12.20.11:444][450]PIE: Info Play in editor start time for /Game/Maps/UEDPIE_0_Untitled -0.525
[2015.11.27-12.20.11:444][450]LogBlueprintUserMessages: Late PlayInEditor Detection: Level '/Game/Maps/Untitled.Untitled:PersistentLevel' has LevelScriptBlueprint '/Game/Maps/Untitled.Untitled:PersistentLevel.Untitled' with GeneratedClass '/Game/Maps/Untitled.Untitled_C' with ClassGeneratedBy '/Game/Maps/Untitled.Untitled:PersistentLevel.Untitled'
[2015.11.27-12.20.12:564][567]LogCrashTracker: 


[2015.11.27-12.20.12:564][567]LogCrashTracker: 


[2015.11.27-12.20.12:564][567]LogWindows: === Critical error: ===
Fatal error!



[2015.11.27-12.20.12:678][567]LogExit: Executing StaticShutdownAfterError
[2015.11.27-12.20.12:679][567]LogOutputDevice:Warning: 

Script Stack:
MouseControllerBP_C.ExecuteUbergraph_MouseControllerBP
MouseControllerBP_C.InpActEvt_RightMouseButton_K2Node_InputKeyEvent_3

[2015.11.27-12.20.12:681][567]LogPhysics:Warning: PHYSX: ..\..\PhysX\src\NpScene.cpp (2946) 8 : PxScene::unlockWrite() called without matching call to PxScene::lockWrite(), behaviour will be undefined.
[2015.11.27-12.20.12:681][567]LogPhysics:Warning: PHYSX: ..\..\PhysX\src\NpScene.cpp (2946) 8 : PxScene::unlockWrite() called without matching call to PxScene::lockWrite(), behaviour will be undefined.
[2015.11.27-12.20.12:681][567]LogPhysics:Warning: PHYSX: ..\..\PhysX\src\NpScene.cpp (2946) 8 : PxScene::unlockWrite() called without matching call to PxScene::lockWrite(), behaviour will be undefined.
[2015.11.27-12.20.12:681][567]LogPhysics:Warning: PHYSX: ..\..\PhysX\src\NpScene.cpp (2946) 8 : PxScene::unlockWrite() called without matching call to PxScene::lockWrite(), behaviour will be undefined.
[2015.11.27-12.20.12:681][567]LogWindows: FPlatformMisc::RequestExit(1)
[2015.11.27-12.20.12:681][567]Log file closed, 11/27/15 13:20:12
