[2015.11.27-11.50.06:191][  0]Log file open, 11/27/15 12:50:06
[2015.11.27-11.50.06:191][  0]LogInit:Display: Running engine without a game
[2015.11.27-11.50.06:191][  0]LogInit:Display: Loading recent project file: ../../../../../../Users/Spellabbet/Documents/Unreal Projects/SpaceGame/Project/SpaceGame/SpaceGame.uproject
[2015.11.27-11.50.06:191][  0]LogInit:Display: RandInit(300493877) SRandInit(300493878).
[2015.11.27-11.50.06:191][  0]LogTaskGraph: Started task graph with 4 named threads and 7 total threads.
[2015.11.27-11.50.06:191][  0]LogStats: Stats thread started at 0.070192
[2015.11.27-11.50.06:191][  0]LogInit: Version: 4.9.2-2707645+++depot+UE4-Releases+4.9
[2015.11.27-11.50.06:191][  0]LogInit: API Version: 2672455
[2015.11.27-11.50.06:191][  0]LogInit: Compiled (64-bit): Sep 28 2015 10:25:44
[2015.11.27-11.50.06:191][  0]LogInit: Compiled with Visual C++: 18.00.21005.01
[2015.11.27-11.50.06:191][  0]LogInit: Build Configuration: Development
[2015.11.27-11.50.06:191][  0]LogInit: Branch Name: ++depot+UE4-Releases+4.9
[2015.11.27-11.50.06:191][  0]LogInit: Command line: 
[2015.11.27-11.50.06:191][  0]LogInit: Base directory: C:/Program Files/Epic Games/4.9/Engine/Binaries/Win64/
[2015.11.27-11.50.06:191][  0]LogInit: Rocket: 1
[2015.11.27-11.50.06:199][  0]LogInit: Using libcurl 7.41.0
[2015.11.27-11.50.06:199][  0]LogInit:  - built for x86_64-pc-win32
[2015.11.27-11.50.06:199][  0]LogInit:  - supports SSL with WinSSL
[2015.11.27-11.50.06:199][  0]LogInit:  - other features:
[2015.11.27-11.50.06:199][  0]LogInit:      CURL_VERSION_SSL
[2015.11.27-11.50.06:199][  0]LogInit:      CURL_VERSION_IPV6
[2015.11.27-11.50.06:199][  0]LogInit:      CURL_VERSION_ASYNCHDNS
[2015.11.27-11.50.06:199][  0]LogInit:      CURL_VERSION_LARGEFILE
[2015.11.27-11.50.06:199][  0]LogInit:      CURL_VERSION_IDN
[2015.11.27-11.50.06:199][  0]LogInit:  CurlRequestOptions (configurable via config and command line):
[2015.11.27-11.50.06:199][  0]LogInit:  - bVerifyPeer = true  - Libcurl will verify peer certificate
[2015.11.27-11.50.06:199][  0]LogInit:  - bUseHttpProxy = false  - Libcurl will NOT use HTTP proxy
[2015.11.27-11.50.06:199][  0]LogInit:  - bDontReuseConnections = false  - Libcurl will reuse connections
[2015.11.27-11.50.06:199][  0]LogInit:  - CertBundlePath = nullptr  - Libcurl will use whatever was configured at build time.
[2015.11.27-11.50.06:204][  0]LogInit: Presizing for 0 objects not considered by GC, pre-allocating 0 bytes.
[2015.11.27-11.50.06:209][  0]LogInit: Object subsystem initialized
[2015.11.27-11.50.06:211][  0]LogInit: Selected Device Profile: [Windows]
[2015.11.27-11.50.06:211][  0]LogInit: Applying CVar settings loaded from the selected device profile: [Windows]
[2015.11.27-11.50.06:219][  0]LogInit: Computer: SpellabbA332-09
[2015.11.27-11.50.06:219][  0]LogInit: User: Spellabbet
[2015.11.27-11.50.06:219][  0]LogInit: CPU Page size=4096, Cores=4
[2015.11.27-11.50.06:219][  0]LogInit: High frequency timer resolution =3.507519 MHz
[2015.11.27-11.50.06:219][  0]LogMemory: Memory total: Physical=15.9GB (16GB approx)
[2015.11.27-11.50.06:219][  0]LogMemory: Platform Memory Stats for Windows
[2015.11.27-11.50.06:219][  0]LogMemory: Process Physical Memory: 52.12 MB used, 52.12 MB peak
[2015.11.27-11.50.06:219][  0]LogMemory: Process Virtual Memory: 55.04 MB used, 55.04 MB peak
[2015.11.27-11.50.06:219][  0]LogMemory: Physical Memory: 4276.10 MB used, 16318.82 MB total
[2015.11.27-11.50.06:219][  0]LogMemory: Virtual Memory: 347.38 MB used, 134217728.00 MB total
[2015.11.27-11.50.06:245][  0]LogTextLocalizationManager: No translations for ('sv-SE') exist, falling back to 'en' for localization and internationalization data.
[2015.11.27-11.50.06:900][  0]LogD3D11RHI: Found D3D11 adapter 0: NVIDIA GeForce GTX 960 (Feature Level 11_0)
[2015.11.27-11.50.06:900][  0]LogD3D11RHI: Adapter has 1965MB of dedicated video memory, 0MB of dedicated system memory, and 2048MB of shared system memory, 1 output[s]
[2015.11.27-11.50.06:901][  0]LogD3D11RHI: Found D3D11 adapter 1: Microsoft Basic Render Driver (Feature Level 11_0)
[2015.11.27-11.50.06:901][  0]LogD3D11RHI: Adapter has 0MB of dedicated video memory, 0MB of dedicated system memory, and 256MB of shared system memory, 0 output[s]
[2015.11.27-11.50.06:901][  0]LogD3D11RHI: Chosen D3D11 Adapter Id = 0
[2015.11.27-11.50.06:904][  0]LogD3D11RHI: !Direct3DDevice
[2015.11.27-11.50.06:904][  0]LogRHI: Texture pool is 1361 MB (70% of 1945 MB)
[2015.11.27-11.50.06:916][  0]LogD3D11RHI: Async texture creation enabled
[2015.11.27-11.50.06:931][  0]LogShaderCompilers: Guid format shader working directory is 15 characters bigger than the processId version (../../../../../../Users/Spellabbet/Documents/Unreal Projects/SpaceGame/Project/SpaceGame/Intermediate/Shaders/WorkingDirectory/5544/).
[2015.11.27-11.50.06:931][  0]LogShaderCompilers: Cleaned the shader compiler working directory '../../../../../../Users/Spellabbet/Documents/Unreal Projects/SpaceGame/Project/SpaceGame/Intermediate/Shaders/tmp/507CB82047FD6633C64E7397E61EC8E6/'.
[2015.11.27-11.50.06:931][  0]LogShaderCompilers:Display: Using Local Shader Compiler.
[2015.11.27-11.50.07:857][  0]LogTemp:Display: Loaded TP AllDesktopTargetPlatform
[2015.11.27-11.50.07:862][  0]LogTemp:Display: Loaded TP WindowsClientTargetPlatform
[2015.11.27-11.50.07:868][  0]LogTemp:Display: Loaded TP WindowsNoEditorTargetPlatform
[2015.11.27-11.50.07:873][  0]LogTemp:Display: Loaded TP WindowsServerTargetPlatform
[2015.11.27-11.50.07:878][  0]LogTemp:Display: Loaded TP WindowsTargetPlatform
[2015.11.27-11.50.07:881][  0]LogTemp:Display: Loaded TP AndroidTargetPlatform
[2015.11.27-11.50.07:884][  0]LogTemp:Display: Loaded TP Android_ASTCTargetPlatform
[2015.11.27-11.50.07:887][  0]LogTemp:Display: Loaded TP Android_ATCTargetPlatform
[2015.11.27-11.50.07:890][  0]LogTemp:Display: Loaded TP Android_DXTTargetPlatform
[2015.11.27-11.50.07:893][  0]LogTemp:Display: Loaded TP Android_ETC1TargetPlatform
[2015.11.27-11.50.07:896][  0]LogTemp:Display: Loaded TP Android_ETC2TargetPlatform
[2015.11.27-11.50.07:899][  0]LogTemp:Display: Loaded TP Android_PVRTCTargetPlatform
[2015.11.27-11.50.07:899][  0]LogTemp:Display: Loaded TP HTML5TargetPlatform
[2015.11.27-11.50.07:916][  0]LogTemp:Display: Loaded TP IOSTargetPlatform
[2015.11.27-11.50.07:919][  0]LogTemp:Display: Loaded TP LinuxNoEditorTargetPlatform
[2015.11.27-11.50.07:921][  0]LogTemp:Display: Loaded TP LinuxServerTargetPlatform
[2015.11.27-11.50.07:924][  0]LogTemp:Display: Loaded TP LinuxTargetPlatform
[2015.11.27-11.50.07:924][  0]LogTargetPlatformManager:Display: Building Assets For Windows
[2015.11.27-11.50.08:018][  0]LogDerivedDataCache:Display: Max Cache Size: 512 MB
[2015.11.27-11.50.08:051][  0]LogDerivedDataCache: Loaded boot cache 0.03s 41MB C:/Users/Spellabbet/AppData/Local/UnrealEngine/4.9/DerivedDataCache/Boot.ddc.
[2015.11.27-11.50.08:051][  0]LogDerivedDataCache:Display: Loaded Boot cache: C:/Users/Spellabbet/AppData/Local/UnrealEngine/4.9/DerivedDataCache/Boot.ddc
[2015.11.27-11.50.08:051][  0]LogDerivedDataCache: FDerivedDataBackendGraph:  Pak pak cache file ../../../../../../Users/Spellabbet/Documents/Unreal Projects/SpaceGame/Project/SpaceGame/DerivedDataCache/DDC.ddp not found, will not use a pak cache.
[2015.11.27-11.50.08:052][  0]LogDerivedDataCache: Unable to find inner node Pak for hierarchical cache Hierarchy.
[2015.11.27-11.50.08:052][  0]LogDerivedDataCache: FDerivedDataBackendGraph:  CompressedPak pak cache file ../../../../../../Users/Spellabbet/Documents/Unreal Projects/SpaceGame/Project/SpaceGame/DerivedDataCache/Compressed.ddp not found, will not use a pak cache.
[2015.11.27-11.50.08:052][  0]LogDerivedDataCache: Unable to find inner node CompressedPak for hierarchical cache Hierarchy.
[2015.11.27-11.50.08:161][  0]LogDerivedDataCache:Display: Pak cache opened for reading ../../../Engine/DerivedDataCache/Compressed.ddp.
[2015.11.27-11.50.08:173][  0]LogDerivedDataCache: Using Local data cache path C:/Users/Spellabbet/AppData/Local/UnrealEngine/Common/DerivedDataCache: Writable
[2015.11.27-11.50.08:323][  0]LogInit: Selected Device Profile: [Windows]
[2015.11.27-11.50.08:325][  0]LogContentStreaming: Texture pool size is 0.000000MB
[2015.11.27-11.50.08:432][  0]LogMeshUtilities: No automatic mesh reduction module available
[2015.11.27-11.50.08:432][  0]LogMeshUtilities: No automatic mesh merging module available
[2015.11.27-11.50.08:627][  0]LogInit: WinSock: version 1.1 (2.2), MaxSocks=32767, MaxUdp=65467
[2015.11.27-11.50.09:226][  0]UdpMessaging: Initializing bridge on interface 0.0.0.0:0 to multicast group 230.0.0.1:6666.
[2015.11.27-11.50.09:357][  0]LogAssetRegistry: FAssetRegistry took 0.0111 seconds to start up
[2015.11.27-11.50.09:538][  0]SourceControl: Info Source control is disabled
[2015.11.27-11.50.09:544][  0]SourceControl: Info Source control is disabled
[2015.11.27-11.50.09:563][  0]SourceControl: Info Source control is disabled
[2015.11.27-11.50.09:579][  0]SourceControl: Info Source control is disabled
[2015.11.27-11.50.09:797][  0]LogLinker:Warning: Asset '../../../Engine/Plugins/Runtime/LeapMotionController/Content/LM_PassthroughMaterial.uasset' has been saved with empty engine version. The asset will be loaded but may be incompatible.
[2015.11.27-11.50.09:910][  0]LogObj: 28437 objects as part of root set at end of initial load.
[2015.11.27-11.50.09:910][  0]LogUObjectAllocator: 6068432 out of 0 bytes used by permanent object pool.
[2015.11.27-11.50.09:958][  0]LogEngine: Initializing Engine...
[2015.11.27-11.50.09:959][  0]LogHMD: Can't find Oculus library dev build: is proper Runtime installed? Version: 0.7.0.0
[2015.11.27-11.50.09:960][  0]LogHMD: SteamVR failed to initialize.  Err: 110
[2015.11.27-11.50.10:055][  0]LogAIModule: Creating AISystem for world NewWorld
[2015.11.27-11.50.10:060][  0]LogInit: XAudio2 using 'Speakers (4- High Definition Audio Device)' : 2 channels at 44.1 kHz using 16 bits per sample (channel mask 0x3)
[2015.11.27-11.50.10:070][  0]LogInit: FAudioDevice initialized.
[2015.11.27-11.50.10:089][  0]LogDerivedDataCache: Saved boot cache 0.02s 41MB C:/Users/Spellabbet/AppData/Local/UnrealEngine/4.9/DerivedDataCache/Boot.ddc.
[2015.11.27-11.50.10:093][  0]LogInit: Texture streaming: Enabled
[2015.11.27-11.50.10:098][  0]LogAnalytics: Creating configured Analytics provider AnalyticsET
[2015.11.27-11.50.10:098][  0]LogAnalytics: [UEEditor.Rocket.Release] APIServer = http://et2.epicgames.com/ET2/. AppVersion = 4.9.2-2707645+++depot+UE4-Releases+4.9
[2015.11.27-11.50.10:098][  0]LogAnalytics: [UEEditor.Rocket.Release] SetUserId 634ab0cb456977c100e99f821f1d4277|7ebf86fc13e44331864479a64887c1c8|060e5e79-a789-49c4-8abd-5d8b330400a7
[2015.11.27-11.50.10:098][  0]LogAnalytics: [UEEditor.Rocket.Release] AnalyticsET::StartSession
[2015.11.27-11.50.10:113][  0]LogInit: Transaction tracking system initialized
[2015.11.27-11.50.10:135][  0]BlueprintLog: New page: Editor Load
[2015.11.27-11.50.10:191][  0]LocalizationService: Info Localization service is disabled
[2015.11.27-11.50.10:270][  0]LogConsoleResponse:Display: 
[2015.11.27-11.50.10:375][  0]LogCook:Display: Done creating registry. It took  0.00s.
[2015.11.27-11.50.10:449][  0]LogFileCache: Scanning file cache for directory 'C:/Users/Spellabbet/Documents/Unreal Projects/SpaceGame/Project/SpaceGame/Content/' took 0.01s
[2015.11.27-11.50.10:449][  0]SourceControl: Info Source control is disabled
[2015.11.27-11.50.10:449][  0]Cmd: MAP LOAD FILE="../../../Engine/Content/Maps/Templates/Template_Default.umap" TEMPLATE=1 SHOWPROGRESS=1 FEATURELEVEL=3
[2015.11.27-11.50.10:450][  0]LightingResults: New page: Lighting Build
[2015.11.27-11.50.10:452][  0]MapCheck: New page: Map Check
[2015.11.27-11.50.10:452][  0]LightingResults: New page: Lighting Build
[2015.11.27-11.50.10:463][  0]LogParticles: Destroying 0 GPU particle simulations for FXSystem 0x000000D2A4BE6160
[2015.11.27-11.50.10:699][  0]LogAIModule: Creating AISystem for world Untitled_1
[2015.11.27-11.50.10:702][  0]LogEditorServer: Finished looking for orphan Actors (0.000 secs)
[2015.11.27-11.50.10:706][  0]Cmd: MAP CHECKDEP NOCLEARLOG
[2015.11.27-11.50.10:738][  0]MapCheck: Info Map check complete: 0 Error(s), 0 Warning(s), took 31.634ms to complete.
[2015.11.27-11.50.10:738][  0]LogFileHelpers: Loading map 'Template_Default' took 0.288
[2015.11.27-11.50.10:832][  0]LogCollectionManager: Loaded 0 collections in 0.001678 seconds
[2015.11.27-11.50.10:873][  0]LogFileCache: Scanning file cache for directory 'C:/Users/Spellabbet/Documents/Unreal Projects/SpaceGame/Project/SpaceGame/Saved/Collections/' took 0.01s
[2015.11.27-11.50.10:873][  0]LogFileCache: Scanning file cache for directory 'C:/Users/Spellabbet/Documents/Unreal Projects/SpaceGame/Project/SpaceGame/Content/Developers/Spellabbet/Collections/' took 0.01s
[2015.11.27-11.50.10:873][  0]LogFileCache: Scanning file cache for directory 'C:/Users/Spellabbet/Documents/Unreal Projects/SpaceGame/Project/SpaceGame/Content/Collections/' took 0.01s
[2015.11.27-11.50.10:873][  0]LogContentBrowser: Native class hierarchy populated in 0.0066 seconds. Added 1875 classes and 335 folders.
[2015.11.27-11.50.10:877][  0]LogCollectionManager: Rebuilt the GUID cache for 0 collections in 0.000002 seconds
[2015.11.27-11.50.10:882][  0]LogContentBrowser: Native class hierarchy updated for 'WidgetCarousel' in 0.0009 seconds. Added 0 classes and 0 folders.
[2015.11.27-11.50.10:914][  0]LogContentBrowser: Native class hierarchy updated for 'AddContentDialog' in 0.0009 seconds. Added 0 classes and 0 folders.
[2015.11.27-11.50.10:922][  0]LogContentBrowser: Native class hierarchy updated for 'SceneOutliner' in 0.0009 seconds. Added 1 classes and 2 folders.
[2015.11.27-11.50.10:970][  0]LogCrashTracker: Crashtracker disabled due to settings.
[2015.11.27-11.50.10:973][  0]LogUObjectGlobals:Warning: Failed to find object 'Class None.'
[2015.11.27-11.50.10:996][  0]LogLoad: Full Startup: 5.86 seconds (BP compile: 0.04 seconds)
[2015.11.27-11.50.11:383][  0]LogContentStreaming: Texture pool size now 1000 MB
[2015.11.27-11.50.11:486][  0]LogRenderer: Reallocating scene render targets to support 1076x556 (Frame:2).
[2015.11.27-11.50.12:338][  3]LogAssetRegistry: Asset discovery search completed in 2.9926 seconds
[2015.11.27-11.50.12:338][  3]LogCollectionManager: Rebuilt the object cache for 0 collections in 0.000001 seconds (found 0 objects)
[2015.11.27-11.50.12:338][  3]LogCollectionManager: Fixed up redirectors for 0 collections in 0.000039 seconds (updated 0 objects)
[2015.11.27-11.52.36:346][436]Recompiling SpaceGame...
[2015.11.27-11.52.36:347][436]Launching UnrealBuildTool... [C:/Program Files/Epic Games/4.9/Engine/Binaries/DotNET/UnrealBuildTool.exe SpaceGame -ModuleWithSuffix SpaceGame 6072 Win64 Development -editorrecompile -canskiplink "C:/Users/Spellabbet/Documents/Unreal Projects/SpaceGame/Project/SpaceGame/SpaceGame.uproject" -rocket  -rocket]
[2015.11.27-11.52.36:348][436]Warning: Starting HotReload took  0.0s.
[2015.11.27-11.52.39:628][805]CompilerResultsLog: New page: Compilation - Nov 27, 2015, 1:52:39 PM
[2015.11.27-11.52.39:628][805]CompilerResultsLog: Info Compiling game modules for hot reload
[2015.11.27-11.52.39:628][805]CompilerResultsLog: Info Performing 2 actions (4 in parallel)
[2015.11.27-11.52.39:628][805]CompilerResultsLog: Info Fleet.cpp
[2015.11.27-11.52.39:628][805]CompilerResultsLog: Info [2/2] Link UE4Editor-SpaceGame-6072.dll
[2015.11.27-11.52.39:628][805]CompilerResultsLog: Info    Creating library C:\Users\Spellabbet\Documents\Unreal Projects\SpaceGame\Project\SpaceGame\Intermediate/Build/Win64\UE4Editor\Development\UE4Editor-SpaceGame-6072.lib and object C:\Users\Spellabbet\Documents\Unreal Projects\SpaceGame\Project\SpaceGame\Intermediate/Build/Win64\UE4Editor\Development\UE4Editor-SpaceGame-6072.exp
[2015.11.27-11.52.39:628][805]CompilerResultsLog: Info -------- End Detailed Actions Stats -----------------------------------------------------------
[2015.11.27-11.52.39:628][805]CompilerResultsLog: Info Total build time: 3,25 seconds
[2015.11.27-11.52.39:628][805]LogMainFrame: MainFrame: Module compiling took 3.284 seconds
[2015.11.27-11.52.39:705][805]LogClass: FleetState HotReload.
[2015.11.27-11.52.39:705][805]LogClass: OwnedBy HotReload.
[2015.11.27-11.52.39:707][805]LogContentBrowser: Native class hierarchy updated for 'SpaceGame' in 0.0010 seconds. Added 8 classes and 2 folders.
[2015.11.27-11.52.39:708][805]Warning: HotReload successful (7 functions remapped  0 scriptstructs remapped)
[2015.11.27-11.52.39:763][805]LogContentBrowser: Native class hierarchy populated in 0.0068 seconds. Added 1876 classes and 337 folders.
[2015.11.27-11.52.41:149][969]LogPlayLevel: PlayLevel: No blueprints needed recompiling
[2015.11.27-11.52.41:149][969]PIE: New page: PIE session: Untitled_1 (Nov 27, 2015, 1:52:41 PM)
[2015.11.27-11.52.41:149][969]LogPlayLevel: Creating play world package: /Temp/UEDPIE_0_Untitled_1
[2015.11.27-11.52.41:150][969]LogPlayLevel: PIE: StaticDuplicateObject took: (0.001401s)
[2015.11.27-11.52.41:151][969]LogAIModule: Creating AISystem for world Untitled_1
[2015.11.27-11.52.41:151][969]LogPlayLevel: PIE: World Init took: (0.001036s)
[2015.11.27-11.52.41:152][969]LogPlayLevel: PIE: Created PIE world by copying editor world from /Temp/Untitled_1.Untitled_1 to /Temp/UEDPIE_0_Untitled_1.Untitled_1 (0.002732s)
[2015.11.27-11.52.41:167][969]LogInit: XAudio2 using 'Speakers (4- High Definition Audio Device)' : 2 channels at 44.1 kHz using 16 bits per sample (channel mask 0x3)
[2015.11.27-11.52.41:172][969]LogInit: FAudioDevice initialized.
[2015.11.27-11.52.41:249][969]LogWorld: Game class is 'GameModeBP_C'
[2015.11.27-11.52.41:252][969]LogWorld: Bringing World /Temp/UEDPIE_0_Untitled_1.Untitled_1 up for play (max tick rate 0) at 2015.11.27-12.52.41
[2015.11.27-11.52.41:252][969]LogActor:Warning: GameSession /Temp/UEDPIE_0_Untitled_1.Untitled_1:PersistentLevel.GameSession_0 has natively added scene component(s), but none of them were set as the actor's RootComponent - picking one arbitrarily
[2015.11.27-11.52.41:252][969]LogActor:Warning: GameNetworkManager /Temp/UEDPIE_0_Untitled_1.Untitled_1:PersistentLevel.GameNetworkManager_0 has natively added scene component(s), but none of them were set as the actor's RootComponent - picking one arbitrarily
[2015.11.27-11.52.41:252][969]LogWorld: Bringing up level for play took: 0.001840
[2015.11.27-11.52.41:254][969]PIE: Info Play in editor start time for /Temp/UEDPIE_0_Untitled_1 -0.715
[2015.11.27-11.52.42:438][104]LogParticles: Destroying 0 GPU particle simulations for FXSystem 0x000000D294DE9DA0
[2015.11.27-11.52.43:832][264]LogAIModule: Creating AISystem for world Untitled
[2015.11.27-11.52.43:850][264]Cmd: MAP LOAD FILE="../../../../../../Users/Spellabbet/Documents/Unreal Projects/SpaceGame/Project/SpaceGame/Content/Maps/Untitled.umap" TEMPLATE=0 SHOWPROGRESS=1 FEATURELEVEL=3
[2015.11.27-11.52.43:850][264]LightingResults: New page: Lighting Build
[2015.11.27-11.52.43:870][264]LoadErrors: New page: Loading map: Untitled.umap
[2015.11.27-11.52.43:870][264]MapCheck: New page: Map Check
[2015.11.27-11.52.43:870][264]LightingResults: New page: Lighting Build
[2015.11.27-11.52.43:880][264]LogParticles: Destroying 0 GPU particle simulations for FXSystem 0x000000D2965BAA20
[2015.11.27-11.52.43:926][264]LogEditorServer: Finished looking for orphan Actors (0.000 secs)
[2015.11.27-11.52.43:956][264]Cmd: MAP CHECKDEP NOCLEARLOG
[2015.11.27-11.52.43:988][264]MapCheck: Info Map check complete: 0 Error(s), 0 Warning(s), took 32.578ms to complete.
[2015.11.27-11.52.43:988][264]LogFileHelpers: Loading map 'Untitled' took 0.140
[2015.11.27-11.52.44:695][342]LogBlueprintUserMessages: Early PlayInEditor Detection: Level '/Game/Maps/Untitled.Untitled:PersistentLevel' has LevelScriptBlueprint '/Game/Maps/Untitled.Untitled:PersistentLevel.Untitled' with GeneratedClass '/Game/Maps/Untitled.Untitled_C' with ClassGeneratedBy '/Game/Maps/Untitled.Untitled:PersistentLevel.Untitled'
[2015.11.27-11.52.44:695][342]LogPlayLevel: PlayLevel: No blueprints needed recompiling
[2015.11.27-11.52.44:696][342]PIE: New page: PIE session: Untitled (Nov 27, 2015, 1:52:44 PM)
[2015.11.27-11.52.44:696][342]LogPlayLevel: Creating play world package: /Game/Maps/UEDPIE_0_Untitled
[2015.11.27-11.52.44:698][342]LogPlayLevel: PIE: StaticDuplicateObject took: (0.002497s)
[2015.11.27-11.52.44:699][342]LogAIModule: Creating AISystem for world Untitled
[2015.11.27-11.52.44:699][342]LogPlayLevel: PIE: World Init took: (0.000954s)
[2015.11.27-11.52.44:699][342]LogPlayLevel: PIE: Created PIE world by copying editor world from /Game/Maps/Untitled.Untitled to /Game/Maps/UEDPIE_0_Untitled.Untitled (0.003751s)
[2015.11.27-11.52.44:713][342]LogInit: XAudio2 using 'Speakers (4- High Definition Audio Device)' : 2 channels at 44.1 kHz using 16 bits per sample (channel mask 0x3)
[2015.11.27-11.52.44:717][342]LogInit: FAudioDevice initialized.
[2015.11.27-11.52.44:751][342]LogWorld: Game class is 'GameModeBP_C'
[2015.11.27-11.52.44:753][342]LogWorld: Bringing World /Game/Maps/UEDPIE_0_Untitled.Untitled up for play (max tick rate 0) at 2015.11.27-12.52.44
[2015.11.27-11.52.44:753][342]LogActor:Warning: GameSession /Game/Maps/UEDPIE_0_Untitled.Untitled:PersistentLevel.GameSession_1 has natively added scene component(s), but none of them were set as the actor's RootComponent - picking one arbitrarily
[2015.11.27-11.52.44:753][342]LogActor:Warning: GameNetworkManager /Game/Maps/UEDPIE_0_Untitled.Untitled:PersistentLevel.GameNetworkManager_1 has natively added scene component(s), but none of them were set as the actor's RootComponent - picking one arbitrarily
[2015.11.27-11.52.44:753][342]LogWorld: Bringing up level for play took: 0.001444
[2015.11.27-11.52.44:754][342]PIE: Info Play in editor start time for /Game/Maps/UEDPIE_0_Untitled 0.784
[2015.11.27-11.52.44:754][342]LogBlueprintUserMessages: Late PlayInEditor Detection: Level '/Game/Maps/Untitled.Untitled:PersistentLevel' has LevelScriptBlueprint '/Game/Maps/Untitled.Untitled:PersistentLevel.Untitled' with GeneratedClass '/Game/Maps/Untitled.Untitled_C' with ClassGeneratedBy '/Game/Maps/Untitled.Untitled:PersistentLevel.Untitled'
[2015.11.27-11.52.46:295][511]LogCrashTracker: 


[2015.11.27-11.52.46:295][511]LogCrashTracker: 


[2015.11.27-11.52.46:295][511]LogWindows: === Critical error: ===
Fatal error!



[2015.11.27-11.52.46:395][511]LogExit: Executing StaticShutdownAfterError
[2015.11.27-11.52.46:397][511]LogOutputDevice:Warning: 

Script Stack:
MouseControllerBP_C.ExecuteUbergraph_MouseControllerBP
MouseControllerBP_C.InpActEvt_RightMouseButton_K2Node_InputKeyEvent_3

[2015.11.27-11.52.46:398][511]LogPhysics:Warning: PHYSX: ..\..\PhysX\src\NpScene.cpp (2946) 8 : PxScene::unlockWrite() called without matching call to PxScene::lockWrite(), behaviour will be undefined.
[2015.11.27-11.52.46:398][511]LogPhysics:Warning: PHYSX: ..\..\PhysX\src\NpScene.cpp (2946) 8 : PxScene::unlockWrite() called without matching call to PxScene::lockWrite(), behaviour will be undefined.
[2015.11.27-11.52.46:398][511]LogPhysics:Warning: PHYSX: ..\..\PhysX\src\NpScene.cpp (2946) 8 : PxScene::unlockWrite() called without matching call to PxScene::lockWrite(), behaviour will be undefined.
[2015.11.27-11.52.46:398][511]LogPhysics:Warning: PHYSX: ..\..\PhysX\src\NpScene.cpp (2946) 8 : PxScene::unlockWrite() called without matching call to PxScene::lockWrite(), behaviour will be undefined.
[2015.11.27-11.52.46:398][511]LogWindows: FPlatformMisc::RequestExit(1)
[2015.11.27-11.52.46:398][511]Log file closed, 11/27/15 12:52:46
