[2015.11.27-11.11.17:010][  0]Log file open, 11/27/15 12:11:17
[2015.11.27-11.11.17:010][  0]LogInit:Display: Running engine without a game
[2015.11.27-11.11.17:010][  0]LogInit:Display: Loading recent project file: ../../../../../../Users/Spellabbet/Documents/Unreal Projects/SpaceGame/Project/SpaceGame/SpaceGame.uproject
[2015.11.27-11.11.17:010][  0]LogInit:Display: RandInit(721178388) SRandInit(721178389).
[2015.11.27-11.11.17:010][  0]LogTaskGraph: Started task graph with 4 named threads and 7 total threads.
[2015.11.27-11.11.17:010][  0]LogStats: Stats thread started at 0.069987
[2015.11.27-11.11.17:010][  0]LogInit: Version: 4.9.2-2707645+++depot+UE4-Releases+4.9
[2015.11.27-11.11.17:010][  0]LogInit: API Version: 2672455
[2015.11.27-11.11.17:010][  0]LogInit: Compiled (64-bit): Sep 28 2015 10:25:44
[2015.11.27-11.11.17:010][  0]LogInit: Compiled with Visual C++: 18.00.21005.01
[2015.11.27-11.11.17:010][  0]LogInit: Build Configuration: Development
[2015.11.27-11.11.17:010][  0]LogInit: Branch Name: ++depot+UE4-Releases+4.9
[2015.11.27-11.11.17:010][  0]LogInit: Command line: 
[2015.11.27-11.11.17:010][  0]LogInit: Base directory: C:/Program Files/Epic Games/4.9/Engine/Binaries/Win64/
[2015.11.27-11.11.17:010][  0]LogInit: Rocket: 1
[2015.11.27-11.11.17:017][  0]LogInit: Using libcurl 7.41.0
[2015.11.27-11.11.17:017][  0]LogInit:  - built for x86_64-pc-win32
[2015.11.27-11.11.17:017][  0]LogInit:  - supports SSL with WinSSL
[2015.11.27-11.11.17:017][  0]LogInit:  - other features:
[2015.11.27-11.11.17:017][  0]LogInit:      CURL_VERSION_SSL
[2015.11.27-11.11.17:017][  0]LogInit:      CURL_VERSION_IPV6
[2015.11.27-11.11.17:017][  0]LogInit:      CURL_VERSION_ASYNCHDNS
[2015.11.27-11.11.17:017][  0]LogInit:      CURL_VERSION_LARGEFILE
[2015.11.27-11.11.17:017][  0]LogInit:      CURL_VERSION_IDN
[2015.11.27-11.11.17:017][  0]LogInit:  CurlRequestOptions (configurable via config and command line):
[2015.11.27-11.11.17:017][  0]LogInit:  - bVerifyPeer = true  - Libcurl will verify peer certificate
[2015.11.27-11.11.17:017][  0]LogInit:  - bUseHttpProxy = false  - Libcurl will NOT use HTTP proxy
[2015.11.27-11.11.17:017][  0]LogInit:  - bDontReuseConnections = false  - Libcurl will reuse connections
[2015.11.27-11.11.17:017][  0]LogInit:  - CertBundlePath = nullptr  - Libcurl will use whatever was configured at build time.
[2015.11.27-11.11.17:022][  0]LogInit: Presizing for 0 objects not considered by GC, pre-allocating 0 bytes.
[2015.11.27-11.11.17:028][  0]LogInit: Object subsystem initialized
[2015.11.27-11.11.17:029][  0]LogInit: Selected Device Profile: [Windows]
[2015.11.27-11.11.17:029][  0]LogInit: Applying CVar settings loaded from the selected device profile: [Windows]
[2015.11.27-11.11.17:038][  0]LogInit: Computer: SpellabbA332-09
[2015.11.27-11.11.17:038][  0]LogInit: User: Spellabbet
[2015.11.27-11.11.17:038][  0]LogInit: CPU Page size=4096, Cores=4
[2015.11.27-11.11.17:038][  0]LogInit: High frequency timer resolution =3.507519 MHz
[2015.11.27-11.11.17:038][  0]LogMemory: Memory total: Physical=15.9GB (16GB approx)
[2015.11.27-11.11.17:038][  0]LogMemory: Platform Memory Stats for Windows
[2015.11.27-11.11.17:038][  0]LogMemory: Process Physical Memory: 52.16 MB used, 52.16 MB peak
[2015.11.27-11.11.17:038][  0]LogMemory: Process Virtual Memory: 55.07 MB used, 55.07 MB peak
[2015.11.27-11.11.17:038][  0]LogMemory: Physical Memory: 2839.06 MB used, 16318.82 MB total
[2015.11.27-11.11.17:038][  0]LogMemory: Virtual Memory: 347.38 MB used, 134217728.00 MB total
[2015.11.27-11.11.17:065][  0]LogTextLocalizationManager: No translations for ('sv-SE') exist, falling back to 'en' for localization and internationalization data.
[2015.11.27-11.11.17:720][  0]LogD3D11RHI: Found D3D11 adapter 0: NVIDIA GeForce GTX 960 (Feature Level 11_0)
[2015.11.27-11.11.17:720][  0]LogD3D11RHI: Adapter has 1965MB of dedicated video memory, 0MB of dedicated system memory, and 2048MB of shared system memory, 1 output[s]
[2015.11.27-11.11.17:721][  0]LogD3D11RHI: Found D3D11 adapter 1: Microsoft Basic Render Driver (Feature Level 11_0)
[2015.11.27-11.11.17:721][  0]LogD3D11RHI: Adapter has 0MB of dedicated video memory, 0MB of dedicated system memory, and 256MB of shared system memory, 0 output[s]
[2015.11.27-11.11.17:721][  0]LogD3D11RHI: Chosen D3D11 Adapter Id = 0
[2015.11.27-11.11.17:724][  0]LogD3D11RHI: !Direct3DDevice
[2015.11.27-11.11.17:724][  0]LogRHI: Texture pool is 1361 MB (70% of 1945 MB)
[2015.11.27-11.11.17:733][  0]LogD3D11RHI: Async texture creation enabled
[2015.11.27-11.11.17:749][  0]LogShaderCompilers: Guid format shader working directory is 15 characters bigger than the processId version (../../../../../../Users/Spellabbet/Documents/Unreal Projects/SpaceGame/Project/SpaceGame/Intermediate/Shaders/WorkingDirectory/6088/).
[2015.11.27-11.11.17:749][  0]LogShaderCompilers: Cleaned the shader compiler working directory '../../../../../../Users/Spellabbet/Documents/Unreal Projects/SpaceGame/Project/SpaceGame/Intermediate/Shaders/tmp/5A7B5784467C84B3B150FFAE9B7F94D5/'.
[2015.11.27-11.11.17:749][  0]LogShaderCompilers:Display: Using Local Shader Compiler.
[2015.11.27-11.11.18:672][  0]LogTemp:Display: Loaded TP AllDesktopTargetPlatform
[2015.11.27-11.11.18:676][  0]LogTemp:Display: Loaded TP WindowsClientTargetPlatform
[2015.11.27-11.11.18:680][  0]LogTemp:Display: Loaded TP WindowsNoEditorTargetPlatform
[2015.11.27-11.11.18:684][  0]LogTemp:Display: Loaded TP WindowsServerTargetPlatform
[2015.11.27-11.11.18:688][  0]LogTemp:Display: Loaded TP WindowsTargetPlatform
[2015.11.27-11.11.18:690][  0]LogTemp:Display: Loaded TP AndroidTargetPlatform
[2015.11.27-11.11.18:693][  0]LogTemp:Display: Loaded TP Android_ASTCTargetPlatform
[2015.11.27-11.11.18:695][  0]LogTemp:Display: Loaded TP Android_ATCTargetPlatform
[2015.11.27-11.11.18:698][  0]LogTemp:Display: Loaded TP Android_DXTTargetPlatform
[2015.11.27-11.11.18:701][  0]LogTemp:Display: Loaded TP Android_ETC1TargetPlatform
[2015.11.27-11.11.18:703][  0]LogTemp:Display: Loaded TP Android_ETC2TargetPlatform
[2015.11.27-11.11.18:706][  0]LogTemp:Display: Loaded TP Android_PVRTCTargetPlatform
[2015.11.27-11.11.18:707][  0]LogTemp:Display: Loaded TP HTML5TargetPlatform
[2015.11.27-11.11.18:724][  0]LogTemp:Display: Loaded TP IOSTargetPlatform
[2015.11.27-11.11.18:726][  0]LogTemp:Display: Loaded TP LinuxNoEditorTargetPlatform
[2015.11.27-11.11.18:729][  0]LogTemp:Display: Loaded TP LinuxServerTargetPlatform
[2015.11.27-11.11.18:732][  0]LogTemp:Display: Loaded TP LinuxTargetPlatform
[2015.11.27-11.11.18:732][  0]LogTargetPlatformManager:Display: Building Assets For Windows
[2015.11.27-11.11.18:821][  0]LogDerivedDataCache:Display: Max Cache Size: 512 MB
[2015.11.27-11.11.18:857][  0]LogDerivedDataCache: Loaded boot cache 0.04s 41MB C:/Users/Spellabbet/AppData/Local/UnrealEngine/4.9/DerivedDataCache/Boot.ddc.
[2015.11.27-11.11.18:857][  0]LogDerivedDataCache:Display: Loaded Boot cache: C:/Users/Spellabbet/AppData/Local/UnrealEngine/4.9/DerivedDataCache/Boot.ddc
[2015.11.27-11.11.18:857][  0]LogDerivedDataCache: FDerivedDataBackendGraph:  Pak pak cache file ../../../../../../Users/Spellabbet/Documents/Unreal Projects/SpaceGame/Project/SpaceGame/DerivedDataCache/DDC.ddp not found, will not use a pak cache.
[2015.11.27-11.11.18:857][  0]LogDerivedDataCache: Unable to find inner node Pak for hierarchical cache Hierarchy.
[2015.11.27-11.11.18:857][  0]LogDerivedDataCache: FDerivedDataBackendGraph:  CompressedPak pak cache file ../../../../../../Users/Spellabbet/Documents/Unreal Projects/SpaceGame/Project/SpaceGame/DerivedDataCache/Compressed.ddp not found, will not use a pak cache.
[2015.11.27-11.11.18:857][  0]LogDerivedDataCache: Unable to find inner node CompressedPak for hierarchical cache Hierarchy.
[2015.11.27-11.11.18:979][  0]LogDerivedDataCache:Display: Pak cache opened for reading ../../../Engine/DerivedDataCache/Compressed.ddp.
[2015.11.27-11.11.18:991][  0]LogDerivedDataCache: Using Local data cache path C:/Users/Spellabbet/AppData/Local/UnrealEngine/Common/DerivedDataCache: Writable
[2015.11.27-11.11.19:128][  0]LogInit: Selected Device Profile: [Windows]
[2015.11.27-11.11.19:130][  0]LogContentStreaming: Texture pool size is 0.000000MB
[2015.11.27-11.11.19:238][  0]LogMeshUtilities: No automatic mesh reduction module available
[2015.11.27-11.11.19:238][  0]LogMeshUtilities: No automatic mesh merging module available
[2015.11.27-11.11.19:426][  0]LogInit: WinSock: version 1.1 (2.2), MaxSocks=32767, MaxUdp=65467
[2015.11.27-11.11.20:002][  0]UdpMessaging: Initializing bridge on interface 0.0.0.0:0 to multicast group 230.0.0.1:6666.
[2015.11.27-11.11.20:118][  0]LogAssetRegistry: FAssetRegistry took 0.0113 seconds to start up
[2015.11.27-11.11.20:277][  0]SourceControl: Info Source control is disabled
[2015.11.27-11.11.20:283][  0]SourceControl: Info Source control is disabled
[2015.11.27-11.11.20:308][  0]SourceControl: Info Source control is disabled
[2015.11.27-11.11.20:323][  0]SourceControl: Info Source control is disabled
[2015.11.27-11.11.20:523][  0]LogLinker:Warning: Asset '../../../Engine/Plugins/Runtime/LeapMotionController/Content/LM_PassthroughMaterial.uasset' has been saved with empty engine version. The asset will be loaded but may be incompatible.
[2015.11.27-11.11.20:620][  0]LogObj: 28436 objects as part of root set at end of initial load.
[2015.11.27-11.11.20:620][  0]LogUObjectAllocator: 6068304 out of 0 bytes used by permanent object pool.
[2015.11.27-11.11.20:665][  0]LogEngine: Initializing Engine...
[2015.11.27-11.11.20:667][  0]LogHMD: Can't find Oculus library dev build: is proper Runtime installed? Version: 0.7.0.0
[2015.11.27-11.11.20:667][  0]LogHMD: SteamVR failed to initialize.  Err: 110
[2015.11.27-11.11.20:768][  0]LogAIModule: Creating AISystem for world NewWorld
[2015.11.27-11.11.20:773][  0]LogInit: XAudio2 using 'Speakers (4- High Definition Audio Device)' : 2 channels at 44.1 kHz using 16 bits per sample (channel mask 0x3)
[2015.11.27-11.11.20:783][  0]LogInit: FAudioDevice initialized.
[2015.11.27-11.11.20:800][  0]LogDerivedDataCache: Saved boot cache 0.02s 41MB C:/Users/Spellabbet/AppData/Local/UnrealEngine/4.9/DerivedDataCache/Boot.ddc.
[2015.11.27-11.11.20:803][  0]LogInit: Texture streaming: Enabled
[2015.11.27-11.11.20:807][  0]LogAnalytics: Creating configured Analytics provider AnalyticsET
[2015.11.27-11.11.20:807][  0]LogAnalytics: [UEEditor.Rocket.Release] APIServer = http://et2.epicgames.com/ET2/. AppVersion = 4.9.2-2707645+++depot+UE4-Releases+4.9
[2015.11.27-11.11.20:807][  0]LogAnalytics: [UEEditor.Rocket.Release] SetUserId 634ab0cb456977c100e99f821f1d4277|7ebf86fc13e44331864479a64887c1c8|060e5e79-a789-49c4-8abd-5d8b330400a7
[2015.11.27-11.11.20:807][  0]LogAnalytics: [UEEditor.Rocket.Release] AnalyticsET::StartSession
[2015.11.27-11.11.20:824][  0]LogInit: Transaction tracking system initialized
[2015.11.27-11.11.20:843][  0]BlueprintLog: New page: Editor Load
[2015.11.27-11.11.20:899][  0]LocalizationService: Info Localization service is disabled
[2015.11.27-11.11.20:975][  0]LogConsoleResponse:Display: 
[2015.11.27-11.11.21:072][  0]LogCook:Display: Done creating registry. It took  0.00s.
[2015.11.27-11.11.21:127][  0]LogFileCache: Scanning file cache for directory 'C:/Users/Spellabbet/Documents/Unreal Projects/SpaceGame/Project/SpaceGame/Content/' took 0.01s
[2015.11.27-11.11.21:127][  0]SourceControl: Info Source control is disabled
[2015.11.27-11.11.21:127][  0]Cmd: MAP LOAD FILE="../../../Engine/Content/Maps/Templates/Template_Default.umap" TEMPLATE=1 SHOWPROGRESS=1 FEATURELEVEL=3
[2015.11.27-11.11.21:127][  0]LightingResults: New page: Lighting Build
[2015.11.27-11.11.21:129][  0]MapCheck: New page: Map Check
[2015.11.27-11.11.21:129][  0]LightingResults: New page: Lighting Build
[2015.11.27-11.11.21:138][  0]LogParticles: Destroying 0 GPU particle simulations for FXSystem 0x0000005C77622160
[2015.11.27-11.11.21:340][  0]LogAIModule: Creating AISystem for world Untitled_1
[2015.11.27-11.11.21:343][  0]LogEditorServer: Finished looking for orphan Actors (0.000 secs)
[2015.11.27-11.11.21:347][  0]Cmd: MAP CHECKDEP NOCLEARLOG
[2015.11.27-11.11.21:387][  0]MapCheck: Info Map check complete: 0 Error(s), 0 Warning(s), took 40.305ms to complete.
[2015.11.27-11.11.21:387][  0]LogFileHelpers: Loading map 'Template_Default' took 0.261
[2015.11.27-11.11.21:483][  0]LogCollectionManager: Loaded 0 collections in 0.002547 seconds
[2015.11.27-11.11.21:526][  0]LogFileCache: Scanning file cache for directory 'C:/Users/Spellabbet/Documents/Unreal Projects/SpaceGame/Project/SpaceGame/Saved/Collections/' took 0.01s
[2015.11.27-11.11.21:526][  0]LogFileCache: Scanning file cache for directory 'C:/Users/Spellabbet/Documents/Unreal Projects/SpaceGame/Project/SpaceGame/Content/Developers/Spellabbet/Collections/' took 0.01s
[2015.11.27-11.11.21:526][  0]LogFileCache: Scanning file cache for directory 'C:/Users/Spellabbet/Documents/Unreal Projects/SpaceGame/Project/SpaceGame/Content/Collections/' took 0.01s
[2015.11.27-11.11.21:526][  0]LogContentBrowser: Native class hierarchy populated in 0.0100 seconds. Added 1875 classes and 335 folders.
[2015.11.27-11.11.21:530][  0]LogCollectionManager: Rebuilt the GUID cache for 0 collections in 0.000002 seconds
[2015.11.27-11.11.21:536][  0]LogContentBrowser: Native class hierarchy updated for 'WidgetCarousel' in 0.0009 seconds. Added 0 classes and 0 folders.
[2015.11.27-11.11.21:567][  0]LogContentBrowser: Native class hierarchy updated for 'AddContentDialog' in 0.0009 seconds. Added 0 classes and 0 folders.
[2015.11.27-11.11.21:575][  0]LogContentBrowser: Native class hierarchy updated for 'SceneOutliner' in 0.0009 seconds. Added 1 classes and 2 folders.
[2015.11.27-11.11.21:622][  0]LogCrashTracker: Crashtracker disabled due to settings.
[2015.11.27-11.11.21:626][  0]LogUObjectGlobals:Warning: Failed to find object 'Class None.'
[2015.11.27-11.11.21:648][  0]LogLoad: Full Startup: 5.58 seconds (BP compile: 0.03 seconds)
[2015.11.27-11.11.22:030][  0]LogContentStreaming: Texture pool size now 1000 MB
[2015.11.27-11.11.22:139][  0]LogRenderer: Reallocating scene render targets to support 1076x556 (Frame:2).
[2015.11.27-11.11.22:989][  3]LogAssetRegistry: Asset discovery search completed in 2.8823 seconds
[2015.11.27-11.11.22:989][  3]LogCollectionManager: Rebuilt the object cache for 0 collections in 0.000001 seconds (found 0 objects)
[2015.11.27-11.11.22:989][  3]LogCollectionManager: Fixed up redirectors for 0 collections in 0.000025 seconds (updated 0 objects)
[2015.11.27-11.11.35:215][494]LogVSAccessor:Warning: Couldn't access Visual Studio
[2015.11.27-11.11.35:218][494]Recompiling SpaceGame...
[2015.11.27-11.11.35:218][494]Launching UnrealBuildTool... [C:/Program Files/Epic Games/4.9/Engine/Binaries/DotNET/UnrealBuildTool.exe SpaceGame -ModuleWithSuffix SpaceGame 9039 Win64 Development -editorrecompile -canskiplink "C:/Users/Spellabbet/Documents/Unreal Projects/SpaceGame/Project/SpaceGame/SpaceGame.uproject" -rocket  -rocket]
[2015.11.27-11.11.35:219][494]Warning: Starting HotReload took  0.0s.
[2015.11.27-11.11.41:906][278]CompilerResultsLog: New page: Compilation - Nov 27, 2015, 1:11:41 PM
[2015.11.27-11.11.41:906][278]CompilerResultsLog: Info Compiling game modules for hot reload
[2015.11.27-11.11.41:906][278]CompilerResultsLog: Info Parsing headers for SpaceGameEditor
[2015.11.27-11.11.41:906][278]CompilerResultsLog: Info   Running UnrealHeaderTool "C:/Users/Spellabbet/Documents/Unreal Projects/SpaceGame/Project/SpaceGame/SpaceGame.uproject" "C:\Users\Spellabbet\Documents\Unreal Projects\SpaceGame\Project\SpaceGame\Intermediate\Build\Win64\SpaceGameEditor\Development\UnrealHeaderTool.manifest" -LogCmds="loginit warning, logexit warning, logdatabase error" -rocket -installed
[2015.11.27-11.11.41:906][278]CompilerResultsLog:Error: Error C:/Users/Spellabbet/Documents/Unreal Projects/SpaceGame/Project/SpaceGame/Source/SpaceGame/Star.h(25)  : Unrecognized type 'OwnedBy' - type must be a UCLASS, USTRUCT or UENUM
[2015.11.27-11.11.41:906][278]CompilerResultsLog: Info LogCompile:Error: Circular dependency detected for filename C:\Users\Spellabbet\Documents\Unreal Projects\SpaceGame\Project\SpaceGame\Source\SpaceGame\Fleet.h!
[2015.11.27-11.11.41:906][278]CompilerResultsLog: Info The class definition range is invalid. Most probably caused by previous parsing error.
[2015.11.27-11.11.41:906][278]CompilerResultsLog:Error: Error Error: Failed to generate code for SpaceGameEditor - error code: OtherCompilationError (5) 
[2015.11.27-11.11.41:906][278]CompilerResultsLog: Info UnrealHeaderTool failed for target 'SpaceGameEditor' (platform: Win64, module info: C:\Users\Spellabbet\Documents\Unreal Projects\SpaceGame\Project\SpaceGame\Intermediate\Build\Win64\SpaceGameEditor\Development\UnrealHeaderTool.manifest).
[2015.11.27-11.11.41:906][278]LogMainFrame: MainFrame: Module compiling took 6.692 seconds
[2015.11.27-11.11.41:907][278]Warning: HotReload failed, recompile failed
[2015.11.27-11.11.46:839][780]LogVSAccessor:Warning: Visual Studio is open but could not be queried - it may be blocked by a modal operation
[2015.11.27-11.11.56:550][927]Recompiling SpaceGame...
[2015.11.27-11.11.56:551][927]Launching UnrealBuildTool... [C:/Program Files/Epic Games/4.9/Engine/Binaries/DotNET/UnrealBuildTool.exe SpaceGame -ModuleWithSuffix SpaceGame 1478 Win64 Development -editorrecompile -canskiplink "C:/Users/Spellabbet/Documents/Unreal Projects/SpaceGame/Project/SpaceGame/SpaceGame.uproject" -rocket  -rocket]
[2015.11.27-11.11.56:552][927]Warning: Starting HotReload took  0.0s.
[2015.11.27-11.12.04:916][622]CompilerResultsLog: New page: Compilation - Nov 27, 2015, 1:12:04 PM
[2015.11.27-11.12.04:917][622]CompilerResultsLog: Info Compiling game modules for hot reload
[2015.11.27-11.12.04:917][622]CompilerResultsLog: Info Parsing headers for SpaceGameEditor
[2015.11.27-11.12.04:917][622]CompilerResultsLog: Info   Running UnrealHeaderTool "C:/Users/Spellabbet/Documents/Unreal Projects/SpaceGame/Project/SpaceGame/SpaceGame.uproject" "C:\Users\Spellabbet\Documents\Unreal Projects\SpaceGame\Project\SpaceGame\Intermediate\Build\Win64\SpaceGameEditor\Development\UnrealHeaderTool.manifest" -LogCmds="loginit warning, logexit warning, logdatabase error" -rocket -installed
[2015.11.27-11.12.04:917][622]CompilerResultsLog:Error: Error C:/Users/Spellabbet/Documents/Unreal Projects/SpaceGame/Project/SpaceGame/Source/SpaceGame/Star.h(24)  : Unrecognized type 'OwnedBy' - type must be a UCLASS, USTRUCT or UENUM
[2015.11.27-11.12.04:917][622]CompilerResultsLog: Info LogCompile:Error: Circular dependency detected for filename C:\Users\Spellabbet\Documents\Unreal Projects\SpaceGame\Project\SpaceGame\Source\SpaceGame\Fleet.h!
[2015.11.27-11.12.04:917][622]CompilerResultsLog: Info The class definition range is invalid. Most probably caused by previous parsing error.
[2015.11.27-11.12.04:917][622]CompilerResultsLog:Error: Error Error: Failed to generate code for SpaceGameEditor - error code: OtherCompilationError (5) 
[2015.11.27-11.12.04:917][622]CompilerResultsLog: Info UnrealHeaderTool failed for target 'SpaceGameEditor' (platform: Win64, module info: C:\Users\Spellabbet\Documents\Unreal Projects\SpaceGame\Project\SpaceGame\Intermediate\Build\Win64\SpaceGameEditor\Development\UnrealHeaderTool.manifest).
[2015.11.27-11.12.04:917][622]LogMainFrame: MainFrame: Module compiling took 8.369 seconds
[2015.11.27-11.12.04:917][622]Warning: HotReload failed, recompile failed
[2015.11.27-11.13.37:102][928]Recompiling SpaceGame...
[2015.11.27-11.13.37:102][928]Launching UnrealBuildTool... [C:/Program Files/Epic Games/4.9/Engine/Binaries/DotNET/UnrealBuildTool.exe SpaceGame -ModuleWithSuffix SpaceGame 1393 Win64 Development -editorrecompile -canskiplink "C:/Users/Spellabbet/Documents/Unreal Projects/SpaceGame/Project/SpaceGame/SpaceGame.uproject" -rocket  -rocket]
[2015.11.27-11.13.37:103][928]Warning: Starting HotReload took  0.0s.
[2015.11.27-11.13.49:657][406]CompilerResultsLog: New page: Compilation - Nov 27, 2015, 1:13:49 PM
[2015.11.27-11.13.49:657][406]CompilerResultsLog: Info Compiling game modules for hot reload
[2015.11.27-11.13.49:657][406]CompilerResultsLog: Info Parsing headers for SpaceGameEditor
[2015.11.27-11.13.49:657][406]CompilerResultsLog: Info   Running UnrealHeaderTool "C:/Users/Spellabbet/Documents/Unreal Projects/SpaceGame/Project/SpaceGame/SpaceGame.uproject" "C:\Users\Spellabbet\Documents\Unreal Projects\SpaceGame\Project\SpaceGame\Intermediate\Build\Win64\SpaceGameEditor\Development\UnrealHeaderTool.manifest" -LogCmds="loginit warning, logexit warning, logdatabase error" -rocket -installed
[2015.11.27-11.13.49:657][406]CompilerResultsLog: Info Reflection code generated for SpaceGameEditor in 9,1792349 seconds
[2015.11.27-11.13.49:657][406]CompilerResultsLog: Info Performing 7 actions (4 in parallel)
[2015.11.27-11.13.49:657][406]CompilerResultsLog: Info Link.cpp
[2015.11.27-11.13.49:657][406]CompilerResultsLog: Info MousePawn.cpp
[2015.11.27-11.13.49:657][406]CompilerResultsLog: Info Combat.cpp
[2015.11.27-11.13.49:657][406]CompilerResultsLog: Info Fleet.cpp
[2015.11.27-11.13.49:657][406]CompilerResultsLog:Error: Error C:\Users\Spellabbet\Documents\Unreal Projects\SpaceGame\Project\SpaceGame\Source\SpaceGame\Fleet.cpp(106)  : error C2039: 'SetDestinations' : is not a member of 'AFleet'
[2015.11.27-11.13.49:657][406]CompilerResultsLog: Info          c:\users\spellabbet\documents\unreal projects\spacegame\project\spacegame\source\spacegame\Fleet.h(16)  : see declaration of 'AFleet'
[2015.11.27-11.13.49:657][406]CompilerResultsLog:Error: Error C:\Users\Spellabbet\Documents\Unreal Projects\SpaceGame\Project\SpaceGame\Source\SpaceGame\Fleet.cpp(106)  : error C2065: 'AStar' : undeclared identifier
[2015.11.27-11.13.49:657][406]CompilerResultsLog:Error: Error C:\Users\Spellabbet\Documents\Unreal Projects\SpaceGame\Project\SpaceGame\Source\SpaceGame\Fleet.cpp(106)  : error C2059: syntax error : '>'
[2015.11.27-11.13.49:657][406]CompilerResultsLog:Error: Error C:\Users\Spellabbet\Documents\Unreal Projects\SpaceGame\Project\SpaceGame\Source\SpaceGame\MousePawn.cpp(51)  : error C2039: 'GetFleet' : is not a member of 'AStar'
[2015.11.27-11.13.49:657][406]CompilerResultsLog: Info          c:\users\spellabbet\documents\unreal projects\spacegame\project\spacegame\source\spacegame\Star.h(8)  : see declaration of 'AStar'
[2015.11.27-11.13.49:657][406]CompilerResultsLog:Error: Error C:\Users\Spellabbet\Documents\Unreal Projects\SpaceGame\Project\SpaceGame\Source\SpaceGame\MousePawn.cpp(51)  : error C2227: left of '->SetDestinations' must point to class/struct/union/generic type
[2015.11.27-11.13.49:657][406]CompilerResultsLog:Error: Error C:\Users\Spellabbet\Documents\Unreal Projects\SpaceGame\Project\SpaceGame\Source\SpaceGame\Fleet.cpp(106)  : error C2976: 'TArray' : too few template arguments
[2015.11.27-11.13.49:657][406]CompilerResultsLog: Info          C:\Program Files\Epic Games\4.9\Engine\Source\Runtime\Core\Public\Containers\Array.h(383)  : see declaration of 'TArray'
[2015.11.27-11.13.49:658][406]CompilerResultsLog: Info Star.cpp
[2015.11.27-11.13.49:658][406]CompilerResultsLog: Info SpaceGame.generated.cpp
[2015.11.27-11.13.49:658][406]CompilerResultsLog: Info -------- End Detailed Actions Stats -----------------------------------------------------------
[2015.11.27-11.13.49:658][406]CompilerResultsLog: Info ERROR: UBT ERROR: Failed to produce item: C:\Users\Spellabbet\Documents\Unreal Projects\SpaceGame\Project\SpaceGame\Binaries\Win64\UE4Editor-SpaceGame-1393.dll
[2015.11.27-11.13.49:658][406]CompilerResultsLog: Info Total build time: 12,53 seconds
[2015.11.27-11.13.49:658][406]LogMainFrame: MainFrame: Module compiling took 12.558 seconds
[2015.11.27-11.13.49:658][406]Warning: HotReload failed, recompile failed
[2015.11.27-11.19.25:448][280]Recompiling SpaceGame...
[2015.11.27-11.19.25:448][280]Launching UnrealBuildTool... [C:/Program Files/Epic Games/4.9/Engine/Binaries/DotNET/UnrealBuildTool.exe SpaceGame -ModuleWithSuffix SpaceGame 1276 Win64 Development -editorrecompile -canskiplink "C:/Users/Spellabbet/Documents/Unreal Projects/SpaceGame/Project/SpaceGame/SpaceGame.uproject" -rocket  -rocket]
[2015.11.27-11.19.25:449][280]Warning: Starting HotReload took  0.0s.
[2015.11.27-11.19.36:014][529]CompilerResultsLog: New page: Compilation - Nov 27, 2015, 1:19:36 PM
[2015.11.27-11.19.36:014][529]CompilerResultsLog: Info Compiling game modules for hot reload
[2015.11.27-11.19.36:014][529]CompilerResultsLog: Info Parsing headers for SpaceGameEditor
[2015.11.27-11.19.36:014][529]CompilerResultsLog: Info   Running UnrealHeaderTool "C:/Users/Spellabbet/Documents/Unreal Projects/SpaceGame/Project/SpaceGame/SpaceGame.uproject" "C:\Users\Spellabbet\Documents\Unreal Projects\SpaceGame\Project\SpaceGame\Intermediate\Build\Win64\SpaceGameEditor\Development\UnrealHeaderTool.manifest" -LogCmds="loginit warning, logexit warning, logdatabase error" -rocket -installed
[2015.11.27-11.19.36:014][529]CompilerResultsLog: Info Reflection code generated for SpaceGameEditor in 7,5594584 seconds
[2015.11.27-11.19.36:014][529]CompilerResultsLog: Info Performing 7 actions (4 in parallel)
[2015.11.27-11.19.36:014][529]CompilerResultsLog: Info Combat.cpp
[2015.11.27-11.19.36:014][529]CompilerResultsLog: Info Link.cpp
[2015.11.27-11.19.36:014][529]CompilerResultsLog: Info Fleet.cpp
[2015.11.27-11.19.36:014][529]CompilerResultsLog: Info MousePawn.cpp
[2015.11.27-11.19.36:014][529]CompilerResultsLog:Error: Error C:\Users\Spellabbet\Documents\Unreal Projects\SpaceGame\Project\SpaceGame\Source\SpaceGame\MousePawn.cpp(51)  : error C2039: 'GetFleet' : is not a member of 'AStar'
[2015.11.27-11.19.36:014][529]CompilerResultsLog: Info          c:\users\spellabbet\documents\unreal projects\spacegame\project\spacegame\source\spacegame\Star.h(8)  : see declaration of 'AStar'
[2015.11.27-11.19.36:014][529]CompilerResultsLog:Error: Error C:\Users\Spellabbet\Documents\Unreal Projects\SpaceGame\Project\SpaceGame\Source\SpaceGame\MousePawn.cpp(51)  : error C2227: left of '->SetDestinations' must point to class/struct/union/generic type
[2015.11.27-11.19.36:014][529]CompilerResultsLog:Error: Error C:\Users\Spellabbet\Documents\Unreal Projects\SpaceGame\Project\SpaceGame\Source\SpaceGame\Fleet.cpp(16)  : error C2679: binary '=' : no operator found which takes a right-hand operand of type 'TArray<FVector *,FDefaultAllocator>' (or there is no acceptable conversion)
[2015.11.27-11.19.36:014][529]CompilerResultsLog: Info          C:\Program Files\Epic Games\4.9\Engine\Source\Runtime\Core\Public\Containers\Array.h(562) : could be 'TArray<FVector,FDefaultAllocator> &TArray<FVector,FDefaultAllocator>::operator =(TArray<FVector,FDefaultAllocator> &&)'
[2015.11.27-11.19.36:015][529]CompilerResultsLog: Info          C:\Program Files\Epic Games\4.9\Engine\Source\Runtime\Core\Public\Containers\Array.h(454) : or       'TArray<FVector,FDefaultAllocator> &TArray<FVector,FDefaultAllocator>::operator =(const TArray<FVector,FDefaultAllocator> &)'
[2015.11.27-11.19.36:015][529]CompilerResultsLog: Info         while trying to match the argument list '(TArray<FVector,FDefaultAllocator>, TArray<FVector *,FDefaultAllocator>)'
[2015.11.27-11.19.36:015][529]CompilerResultsLog: Info Star.cpp
[2015.11.27-11.19.36:015][529]CompilerResultsLog: Info SpaceGame.generated.cpp
[2015.11.27-11.19.36:015][529]CompilerResultsLog: Info -------- End Detailed Actions Stats -----------------------------------------------------------
[2015.11.27-11.19.36:015][529]CompilerResultsLog: Info ERROR: UBT ERROR: Failed to produce item: C:\Users\Spellabbet\Documents\Unreal Projects\SpaceGame\Project\SpaceGame\Binaries\Win64\UE4Editor-SpaceGame-1276.dll
[2015.11.27-11.19.36:015][529]CompilerResultsLog: Info Total build time: 10,54 seconds
[2015.11.27-11.19.36:015][529]LogMainFrame: MainFrame: Module compiling took 10.570 seconds
[2015.11.27-11.19.36:015][529]Warning: HotReload failed, recompile failed
[2015.11.27-11.20.13:330][390]Recompiling SpaceGame...
[2015.11.27-11.20.13:330][390]Launching UnrealBuildTool... [C:/Program Files/Epic Games/4.9/Engine/Binaries/DotNET/UnrealBuildTool.exe SpaceGame -ModuleWithSuffix SpaceGame 1927 Win64 Development -editorrecompile -canskiplink "C:/Users/Spellabbet/Documents/Unreal Projects/SpaceGame/Project/SpaceGame/SpaceGame.uproject" -rocket  -rocket]
[2015.11.27-11.20.13:331][390]Warning: Starting HotReload took  0.0s.
[2015.11.27-11.20.24:951][606]CompilerResultsLog: New page: Compilation - Nov 27, 2015, 1:20:24 PM
[2015.11.27-11.20.24:952][606]CompilerResultsLog: Info Compiling game modules for hot reload
[2015.11.27-11.20.24:952][606]CompilerResultsLog: Info Parsing headers for SpaceGameEditor
[2015.11.27-11.20.24:952][606]CompilerResultsLog: Info   Running UnrealHeaderTool "C:/Users/Spellabbet/Documents/Unreal Projects/SpaceGame/Project/SpaceGame/SpaceGame.uproject" "C:\Users\Spellabbet\Documents\Unreal Projects\SpaceGame\Project\SpaceGame\Intermediate\Build\Win64\SpaceGameEditor\Development\UnrealHeaderTool.manifest" -LogCmds="loginit warning, logexit warning, logdatabase error" -rocket -installed
[2015.11.27-11.20.24:952][606]CompilerResultsLog: Info Reflection code generated for SpaceGameEditor in 8,4948472 seconds
[2015.11.27-11.20.24:952][606]CompilerResultsLog: Info Performing 6 actions (4 in parallel)
[2015.11.27-11.20.24:952][606]CompilerResultsLog: Info Fleet.cpp
[2015.11.27-11.20.24:952][606]CompilerResultsLog: Info Link.cpp
[2015.11.27-11.20.24:952][606]CompilerResultsLog: Info Star.cpp
[2015.11.27-11.20.24:952][606]CompilerResultsLog: Info MousePawn.cpp
[2015.11.27-11.20.24:952][606]CompilerResultsLog:Error: Error C:\Users\Spellabbet\Documents\Unreal Projects\SpaceGame\Project\SpaceGame\Source\SpaceGame\MousePawn.cpp(51)  : error C2664: 'void AFleet::SetDestinations(TArray<FVector,FDefaultAllocator>)' : cannot convert argument 1 from 'FVector' to 'TArray<FVector,FDefaultAllocator>'
[2015.11.27-11.20.24:952][606]CompilerResultsLog: Info         No user-defined-conversion operator available that can perform this conversion, or the operator cannot be called
[2015.11.27-11.20.24:952][606]CompilerResultsLog:Error: Error C:\Users\Spellabbet\Documents\Unreal Projects\SpaceGame\Project\SpaceGame\Source\SpaceGame\Fleet.cpp(16)  : error C2679: binary '=' : no operator found which takes a right-hand operand of type 'TArray<FVector *,FDefaultAllocator>' (or there is no acceptable conversion)
[2015.11.27-11.20.24:952][606]CompilerResultsLog: Info          C:\Program Files\Epic Games\4.9\Engine\Source\Runtime\Core\Public\Containers\Array.h(562) : could be 'TArray<FVector,FDefaultAllocator> &TArray<FVector,FDefaultAllocator>::operator =(TArray<FVector,FDefaultAllocator> &&)'
[2015.11.27-11.20.24:952][606]CompilerResultsLog: Info          C:\Program Files\Epic Games\4.9\Engine\Source\Runtime\Core\Public\Containers\Array.h(454) : or       'TArray<FVector,FDefaultAllocator> &TArray<FVector,FDefaultAllocator>::operator =(const TArray<FVector,FDefaultAllocator> &)'
[2015.11.27-11.20.24:952][606]CompilerResultsLog: Info         while trying to match the argument list '(TArray<FVector,FDefaultAllocator>, TArray<FVector *,FDefaultAllocator>)'
[2015.11.27-11.20.24:952][606]CompilerResultsLog: Info SpaceGame.generated.cpp
[2015.11.27-11.20.24:952][606]CompilerResultsLog: Info -------- End Detailed Actions Stats -----------------------------------------------------------
[2015.11.27-11.20.24:952][606]CompilerResultsLog: Info ERROR: UBT ERROR: Failed to produce item: C:\Users\Spellabbet\Documents\Unreal Projects\SpaceGame\Project\SpaceGame\Binaries\Win64\UE4Editor-SpaceGame-1927.dll
[2015.11.27-11.20.24:952][606]CompilerResultsLog: Info Total build time: 11,59 seconds
[2015.11.27-11.20.24:952][606]LogMainFrame: MainFrame: Module compiling took 11.625 seconds
[2015.11.27-11.20.24:952][606]Warning: HotReload failed, recompile failed
[2015.11.27-11.23.42:710][715]Recompiling SpaceGame...
[2015.11.27-11.23.42:710][715]Launching UnrealBuildTool... [C:/Program Files/Epic Games/4.9/Engine/Binaries/DotNET/UnrealBuildTool.exe SpaceGame -ModuleWithSuffix SpaceGame 1296 Win64 Development -editorrecompile -canskiplink "C:/Users/Spellabbet/Documents/Unreal Projects/SpaceGame/Project/SpaceGame/SpaceGame.uproject" -rocket  -rocket]
[2015.11.27-11.23.42:711][715]Warning: Starting HotReload took  0.0s.
[2015.11.27-11.23.45:139][987]CompilerResultsLog: New page: Compilation - Nov 27, 2015, 1:23:45 PM
[2015.11.27-11.23.45:139][987]CompilerResultsLog: Info Compiling game modules for hot reload
[2015.11.27-11.23.45:139][987]CompilerResultsLog: Info Performing 3 actions (4 in parallel)
[2015.11.27-11.23.45:139][987]CompilerResultsLog: Info MousePawn.cpp
[2015.11.27-11.23.45:139][987]CompilerResultsLog: Info Fleet.cpp
[2015.11.27-11.23.45:139][987]CompilerResultsLog:Error: Error C:\Users\Spellabbet\Documents\Unreal Projects\SpaceGame\Project\SpaceGame\Source\SpaceGame\MousePawn.cpp(53)  : error C2146: syntax error : missing ';' before identifier 'selectedStar'
[2015.11.27-11.23.45:139][987]CompilerResultsLog:Error: Error C:\Users\Spellabbet\Documents\Unreal Projects\SpaceGame\Project\SpaceGame\Source\SpaceGame\Fleet.cpp(16)  : error C2679: binary '=' : no operator found which takes a right-hand operand of type 'TArray<FVector *,FDefaultAllocator>' (or there is no acceptable conversion)
[2015.11.27-11.23.45:139][987]CompilerResultsLog: Info          C:\Program Files\Epic Games\4.9\Engine\Source\Runtime\Core\Public\Containers\Array.h(562) : could be 'TArray<FVector,FDefaultAllocator> &TArray<FVector,FDefaultAllocator>::operator =(TArray<FVector,FDefaultAllocator> &&)'
[2015.11.27-11.23.45:139][987]CompilerResultsLog: Info          C:\Program Files\Epic Games\4.9\Engine\Source\Runtime\Core\Public\Containers\Array.h(454) : or       'TArray<FVector,FDefaultAllocator> &TArray<FVector,FDefaultAllocator>::operator =(const TArray<FVector,FDefaultAllocator> &)'
[2015.11.27-11.23.45:139][987]CompilerResultsLog: Info         while trying to match the argument list '(TArray<FVector,FDefaultAllocator>, TArray<FVector *,FDefaultAllocator>)'
[2015.11.27-11.23.45:139][987]CompilerResultsLog: Info -------- End Detailed Actions Stats -----------------------------------------------------------
[2015.11.27-11.23.45:139][987]CompilerResultsLog: Info ERROR: UBT ERROR: Failed to produce item: C:\Users\Spellabbet\Documents\Unreal Projects\SpaceGame\Project\SpaceGame\Binaries\Win64\UE4Editor-SpaceGame-1296.dll
[2015.11.27-11.23.45:139][987]CompilerResultsLog: Info Total build time: 2,39 seconds
[2015.11.27-11.23.45:139][987]LogMainFrame: MainFrame: Module compiling took 2.432 seconds
[2015.11.27-11.23.45:139][987]Warning: HotReload failed, recompile failed
[2015.11.27-11.24.09:835][618]Recompiling SpaceGame...
[2015.11.27-11.24.09:835][618]Launching UnrealBuildTool... [C:/Program Files/Epic Games/4.9/Engine/Binaries/DotNET/UnrealBuildTool.exe SpaceGame -ModuleWithSuffix SpaceGame 6787 Win64 Development -editorrecompile -canskiplink "C:/Users/Spellabbet/Documents/Unreal Projects/SpaceGame/Project/SpaceGame/SpaceGame.uproject" -rocket  -rocket]
[2015.11.27-11.24.09:836][618]Warning: Starting HotReload took  0.0s.
[2015.11.27-11.24.12:139][866]CompilerResultsLog: New page: Compilation - Nov 27, 2015, 1:24:12 PM
[2015.11.27-11.24.12:139][866]CompilerResultsLog: Info Compiling game modules for hot reload
[2015.11.27-11.24.12:139][866]CompilerResultsLog: Info Performing 3 actions (4 in parallel)
[2015.11.27-11.24.12:139][866]CompilerResultsLog: Info Fleet.cpp
[2015.11.27-11.24.12:139][866]CompilerResultsLog: Info MousePawn.cpp
[2015.11.27-11.24.12:139][866]CompilerResultsLog:Error: Error C:\Users\Spellabbet\Documents\Unreal Projects\SpaceGame\Project\SpaceGame\Source\SpaceGame\Fleet.cpp(16)  : error C2679: binary '=' : no operator found which takes a right-hand operand of type 'TArray<FVector *,FDefaultAllocator>' (or there is no acceptable conversion)
[2015.11.27-11.24.12:139][866]CompilerResultsLog: Info          C:\Program Files\Epic Games\4.9\Engine\Source\Runtime\Core\Public\Containers\Array.h(562) : could be 'TArray<FVector,FDefaultAllocator> &TArray<FVector,FDefaultAllocator>::operator =(TArray<FVector,FDefaultAllocator> &&)'
[2015.11.27-11.24.12:139][866]CompilerResultsLog: Info          C:\Program Files\Epic Games\4.9\Engine\Source\Runtime\Core\Public\Containers\Array.h(454) : or       'TArray<FVector,FDefaultAllocator> &TArray<FVector,FDefaultAllocator>::operator =(const TArray<FVector,FDefaultAllocator> &)'
[2015.11.27-11.24.12:140][866]CompilerResultsLog: Info         while trying to match the argument list '(TArray<FVector,FDefaultAllocator>, TArray<FVector *,FDefaultAllocator>)'
[2015.11.27-11.24.12:140][866]CompilerResultsLog: Info -------- End Detailed Actions Stats -----------------------------------------------------------
[2015.11.27-11.24.12:140][866]CompilerResultsLog: Info ERROR: UBT ERROR: Failed to produce item: C:\Users\Spellabbet\Documents\Unreal Projects\SpaceGame\Project\SpaceGame\Binaries\Win64\UE4Editor-SpaceGame-6787.dll
[2015.11.27-11.24.12:140][866]CompilerResultsLog: Info Total build time: 2,28 seconds
[2015.11.27-11.24.12:140][866]LogMainFrame: MainFrame: Module compiling took 2.308 seconds
[2015.11.27-11.24.12:140][866]Warning: HotReload failed, recompile failed
[2015.11.27-11.24.31:355][719]Recompiling SpaceGame...
[2015.11.27-11.24.31:355][719]Launching UnrealBuildTool... [C:/Program Files/Epic Games/4.9/Engine/Binaries/DotNET/UnrealBuildTool.exe SpaceGame -ModuleWithSuffix SpaceGame 6416 Win64 Development -editorrecompile -canskiplink "C:/Users/Spellabbet/Documents/Unreal Projects/SpaceGame/Project/SpaceGame/SpaceGame.uproject" -rocket  -rocket]
[2015.11.27-11.24.31:357][719]Warning: Starting HotReload took  0.0s.
[2015.11.27-11.24.34:696][100]CompilerResultsLog: New page: Compilation - Nov 27, 2015, 1:24:34 PM
[2015.11.27-11.24.34:696][100]CompilerResultsLog: Info Compiling game modules for hot reload
[2015.11.27-11.24.34:696][100]CompilerResultsLog: Info Performing 2 actions (4 in parallel)
[2015.11.27-11.24.34:696][100]CompilerResultsLog: Info Fleet.cpp
[2015.11.27-11.24.34:696][100]CompilerResultsLog: Info [2/2] Link UE4Editor-SpaceGame-6416.dll
[2015.11.27-11.24.34:697][100]CompilerResultsLog: Info    Creating library C:\Users\Spellabbet\Documents\Unreal Projects\SpaceGame\Project\SpaceGame\Intermediate/Build/Win64\UE4Editor\Development\UE4Editor-SpaceGame-6416.lib and object C:\Users\Spellabbet\Documents\Unreal Projects\SpaceGame\Project\SpaceGame\Intermediate/Build/Win64\UE4Editor\Development\UE4Editor-SpaceGame-6416.exp
[2015.11.27-11.24.34:697][100]CompilerResultsLog: Info -------- End Detailed Actions Stats -----------------------------------------------------------
[2015.11.27-11.24.34:697][100]CompilerResultsLog: Info Total build time: 3,31 seconds
[2015.11.27-11.24.34:697][100]LogMainFrame: MainFrame: Module compiling took 3.344 seconds
[2015.11.27-11.24.34:822][100]LogClass: Could not find existing class Fleet in package /Script/SpaceGame for HotReload, assuming new class
[2015.11.27-11.24.34:822][100]LogClass: Function OnBeginOverlap is new.
[2015.11.27-11.24.34:822][100]LogClass: Function OnEndOverlap is new.
[2015.11.27-11.24.34:825][100]LogClass: OwnedBy HotReload.
[2015.11.27-11.24.34:827][100]LogHotReload: Re-instancing Fleet after hot-reload.
[2015.11.27-11.24.34:846][100]LogContentBrowser: Native class hierarchy updated for 'SpaceGame' in 0.0010 seconds. Added 8 classes and 2 folders.
[2015.11.27-11.24.34:848][100]Warning: HotReload successful (5 functions remapped  0 scriptstructs remapped)
[2015.11.27-11.24.34:902][100]LogContentBrowser: Native class hierarchy populated in 0.0071 seconds. Added 1876 classes and 337 folders.
[2015.11.27-11.32.58:377][ 92]Recompiling SpaceGame...
[2015.11.27-11.32.58:377][ 92]Launching UnrealBuildTool... [C:/Program Files/Epic Games/4.9/Engine/Binaries/DotNET/UnrealBuildTool.exe SpaceGame -ModuleWithSuffix SpaceGame 5368 Win64 Development -editorrecompile -canskiplink "C:/Users/Spellabbet/Documents/Unreal Projects/SpaceGame/Project/SpaceGame/SpaceGame.uproject" -rocket  -rocket]
[2015.11.27-11.32.58:378][ 92]Warning: Starting HotReload took  0.0s.
[2015.11.27-11.33.10:602][266]CompilerResultsLog: New page: Compilation - Nov 27, 2015, 1:33:10 PM
[2015.11.27-11.33.10:602][266]CompilerResultsLog: Info Compiling game modules for hot reload
[2015.11.27-11.33.10:602][266]CompilerResultsLog: Info Parsing headers for SpaceGameEditor
[2015.11.27-11.33.10:602][266]CompilerResultsLog: Info   Running UnrealHeaderTool "C:/Users/Spellabbet/Documents/Unreal Projects/SpaceGame/Project/SpaceGame/SpaceGame.uproject" "C:\Users\Spellabbet\Documents\Unreal Projects\SpaceGame\Project\SpaceGame\Intermediate\Build\Win64\SpaceGameEditor\Development\UnrealHeaderTool.manifest" -LogCmds="loginit warning, logexit warning, logdatabase error" -rocket -installed
[2015.11.27-11.33.10:602][266]CompilerResultsLog: Info Reflection code generated for SpaceGameEditor in 8,3147888 seconds
[2015.11.27-11.33.10:602][266]CompilerResultsLog: Info Performing 7 actions (4 in parallel)
[2015.11.27-11.33.10:602][266]CompilerResultsLog: Info Combat.cpp
[2015.11.27-11.33.10:603][266]CompilerResultsLog: Info Fleet.cpp
[2015.11.27-11.33.10:603][266]CompilerResultsLog: Info MousePawn.cpp
[2015.11.27-11.33.10:603][266]CompilerResultsLog: Info Link.cpp
[2015.11.27-11.33.10:603][266]CompilerResultsLog: Info Star.cpp
[2015.11.27-11.33.10:603][266]CompilerResultsLog: Info SpaceGame.generated.cpp
[2015.11.27-11.33.10:603][266]CompilerResultsLog: Info [7/7] Link UE4Editor-SpaceGame-5368.dll
[2015.11.27-11.33.10:603][266]CompilerResultsLog: Info    Creating library C:\Users\Spellabbet\Documents\Unreal Projects\SpaceGame\Project\SpaceGame\Intermediate/Build/Win64\UE4Editor\Development\UE4Editor-SpaceGame-5368.lib and object C:\Users\Spellabbet\Documents\Unreal Projects\SpaceGame\Project\SpaceGame\Intermediate/Build/Win64\UE4Editor\Development\UE4Editor-SpaceGame-5368.exp
[2015.11.27-11.33.10:603][266]CompilerResultsLog: Info -------- End Detailed Actions Stats -----------------------------------------------------------
[2015.11.27-11.33.10:603][266]CompilerResultsLog: Info Total build time: 12,19 seconds
[2015.11.27-11.33.10:603][266]LogMainFrame: MainFrame: Module compiling took 12.228 seconds
[2015.11.27-11.33.10:656][266]LogClass: Could not find existing enum FleetState for HotReload. Assuming new
[2015.11.27-11.33.10:656][266]LogClass: OwnedBy HotReload.
[2015.11.27-11.33.10:658][266]LogContentBrowser: Native class hierarchy updated for 'SpaceGame' in 0.0010 seconds. Added 8 classes and 2 folders.
[2015.11.27-11.33.10:659][266]Warning: HotReload successful (7 functions remapped  0 scriptstructs remapped)
[2015.11.27-11.33.10:714][266]LogContentBrowser: Native class hierarchy populated in 0.0068 seconds. Added 1876 classes and 337 folders.
[2015.11.27-11.33.16:912][618]Recompiling SpaceGame...
[2015.11.27-11.33.16:912][618]Launching UnrealBuildTool... [C:/Program Files/Epic Games/4.9/Engine/Binaries/DotNET/UnrealBuildTool.exe SpaceGame -ModuleWithSuffix SpaceGame 2325 Win64 Development -editorrecompile -canskiplink "C:/Users/Spellabbet/Documents/Unreal Projects/SpaceGame/Project/SpaceGame/SpaceGame.uproject" -rocket  -rocket]
[2015.11.27-11.33.16:913][618]Warning: Starting HotReload took  0.0s.
[2015.11.27-11.33.17:790][704]CompilerResultsLog: New page: Compilation - Nov 27, 2015, 1:33:17 PM
[2015.11.27-11.33.17:790][704]CompilerResultsLog: Info Compiling game modules for hot reload
[2015.11.27-11.33.17:791][704]CompilerResultsLog: Info Target is up to date.
[2015.11.27-11.33.17:791][704]LogMainFrame: MainFrame: Module compiling took 0.880 seconds
[2015.11.27-11.33.58:199][184]Recompiling SpaceGame...
[2015.11.27-11.33.58:200][184]Launching UnrealBuildTool... [C:/Program Files/Epic Games/4.9/Engine/Binaries/DotNET/UnrealBuildTool.exe SpaceGame -ModuleWithSuffix SpaceGame 3973 Win64 Development -editorrecompile -canskiplink "C:/Users/Spellabbet/Documents/Unreal Projects/SpaceGame/Project/SpaceGame/SpaceGame.uproject" -rocket  -rocket]
[2015.11.27-11.33.58:200][184]Warning: Starting HotReload took  0.0s.
[2015.11.27-11.34.09:211][291]CompilerResultsLog: New page: Compilation - Nov 27, 2015, 1:34:09 PM
[2015.11.27-11.34.09:211][291]CompilerResultsLog: Info Compiling game modules for hot reload
[2015.11.27-11.34.09:211][291]CompilerResultsLog: Info Parsing headers for SpaceGameEditor
[2015.11.27-11.34.09:211][291]CompilerResultsLog: Info   Running UnrealHeaderTool "C:/Users/Spellabbet/Documents/Unreal Projects/SpaceGame/Project/SpaceGame/SpaceGame.uproject" "C:\Users\Spellabbet\Documents\Unreal Projects\SpaceGame\Project\SpaceGame\Intermediate\Build\Win64\SpaceGameEditor\Development\UnrealHeaderTool.manifest" -LogCmds="loginit warning, logexit warning, logdatabase error" -rocket -installed
[2015.11.27-11.34.09:211][291]CompilerResultsLog: Info Reflection code generated for SpaceGameEditor in 7,510607 seconds
[2015.11.27-11.34.09:211][291]CompilerResultsLog: Info Performing 7 actions (4 in parallel)
[2015.11.27-11.34.09:211][291]CompilerResultsLog: Info Combat.cpp
[2015.11.27-11.34.09:211][291]CompilerResultsLog: Info Fleet.cpp
[2015.11.27-11.34.09:211][291]CompilerResultsLog: Info MousePawn.cpp
[2015.11.27-11.34.09:211][291]CompilerResultsLog: Info Link.cpp
[2015.11.27-11.34.09:211][291]CompilerResultsLog: Info SpaceGame.generated.cpp
[2015.11.27-11.34.09:211][291]CompilerResultsLog: Info Star.cpp
[2015.11.27-11.34.09:211][291]CompilerResultsLog: Info [7/7] Link UE4Editor-SpaceGame-3973.dll
[2015.11.27-11.34.09:211][291]CompilerResultsLog: Info    Creating library C:\Users\Spellabbet\Documents\Unreal Projects\SpaceGame\Project\SpaceGame\Intermediate/Build/Win64\UE4Editor\Development\UE4Editor-SpaceGame-3973.lib and object C:\Users\Spellabbet\Documents\Unreal Projects\SpaceGame\Project\SpaceGame\Intermediate/Build/Win64\UE4Editor\Development\UE4Editor-SpaceGame-3973.exp
[2015.11.27-11.34.09:211][291]CompilerResultsLog: Info -------- End Detailed Actions Stats -----------------------------------------------------------
[2015.11.27-11.34.09:211][291]CompilerResultsLog: Info Total build time: 10,98 seconds
[2015.11.27-11.34.09:211][291]LogMainFrame: MainFrame: Module compiling took 11.014 seconds
[2015.11.27-11.34.09:300][291]LogClass: FleetState HotReload.
[2015.11.27-11.34.09:300][291]LogClass: OwnedBy HotReload.
[2015.11.27-11.34.09:303][291]LogContentBrowser: Native class hierarchy updated for 'SpaceGame' in 0.0010 seconds. Added 8 classes and 2 folders.
[2015.11.27-11.34.09:303][291]Warning: HotReload successful (7 functions remapped  0 scriptstructs remapped)
[2015.11.27-11.34.09:358][291]LogContentBrowser: Native class hierarchy populated in 0.0070 seconds. Added 1876 classes and 337 folders.
[2015.11.27-11.37.03:778][536]LogVSAccessor:Warning: Visual Studio is open but could not be queried - it may be blocked by a modal operation
[2015.11.27-11.37.05:115][537]LogVSAccessor:Warning: Couldn't goto line number '0' in 'C:/Users/Spellabbet/Documents/Unreal Projects/SpaceGame/Project/SpaceGame/Source/SpaceGame/Ship.h'
[2015.11.27-11.37.05:184][537]LogVSAccessor:Warning: Couldn't goto line number '0' in 'C:/Users/Spellabbet/Documents/Unreal Projects/SpaceGame/Project/SpaceGame/Source/SpaceGame/Ship.cpp'
[2015.11.27-11.41.05:821][364]Recompiling SpaceGame...
[2015.11.27-11.41.05:822][364]Launching UnrealBuildTool... [C:/Program Files/Epic Games/4.9/Engine/Binaries/DotNET/UnrealBuildTool.exe SpaceGame -ModuleWithSuffix SpaceGame 1537 Win64 Development -editorrecompile -canskiplink "C:/Users/Spellabbet/Documents/Unreal Projects/SpaceGame/Project/SpaceGame/SpaceGame.uproject" -rocket  -rocket]
[2015.11.27-11.41.05:823][364]Warning: Starting HotReload took  0.0s.
[2015.11.27-11.41.08:448][372]CompilerResultsLog: New page: Compilation - Nov 27, 2015, 1:41:08 PM
[2015.11.27-11.41.08:448][372]CompilerResultsLog: Info Compiling game modules for hot reload
[2015.11.27-11.41.08:448][372]CompilerResultsLog: Info Performing 2 actions (4 in parallel)
[2015.11.27-11.41.08:448][372]CompilerResultsLog: Info Fleet.cpp
[2015.11.27-11.41.08:448][372]CompilerResultsLog:Error: Error C:\Users\Spellabbet\Documents\Unreal Projects\SpaceGame\Project\SpaceGame\Source\SpaceGame\Fleet.cpp(47)  : error C3867: 'TArray<FVector,FDefaultAllocator>::Num': function call missing argument list; use '&TArray<FVector,FDefaultAllocator>::Num' to create a pointer to member
[2015.11.27-11.41.08:448][372]CompilerResultsLog:Error: Error C:\Users\Spellabbet\Documents\Unreal Projects\SpaceGame\Project\SpaceGame\Source\SpaceGame\Fleet.cpp(47)  : error C2296: '>' : illegal, left operand has type 'int32 (__cdecl TArray<FVector,FDefaultAllocator>::* )(void) const'
[2015.11.27-11.41.08:448][372]CompilerResultsLog:Error: Error C:\Users\Spellabbet\Documents\Unreal Projects\SpaceGame\Project\SpaceGame\Source\SpaceGame\Fleet.cpp(47)  : error C2297: '>' : illegal, right operand has type 'int32 (__cdecl TArray<FVector,FDefaultAllocator>::* )(void) const'
[2015.11.27-11.41.08:448][372]CompilerResultsLog: Info -------- End Detailed Actions Stats -----------------------------------------------------------
[2015.11.27-11.41.08:448][372]CompilerResultsLog: Info ERROR: UBT ERROR: Failed to produce item: C:\Users\Spellabbet\Documents\Unreal Projects\SpaceGame\Project\SpaceGame\Binaries\Win64\UE4Editor-SpaceGame-1537.dll
[2015.11.27-11.41.08:448][372]CompilerResultsLog: Info Total build time: 2,40 seconds
[2015.11.27-11.41.08:448][372]LogMainFrame: MainFrame: Module compiling took 2.630 seconds
[2015.11.27-11.41.08:448][372]Warning: HotReload failed, recompile failed
[2015.11.27-11.41.47:159][391]Recompiling SpaceGame...
[2015.11.27-11.41.47:159][391]Launching UnrealBuildTool... [C:/Program Files/Epic Games/4.9/Engine/Binaries/DotNET/UnrealBuildTool.exe SpaceGame -ModuleWithSuffix SpaceGame 6266 Win64 Development -editorrecompile -canskiplink "C:/Users/Spellabbet/Documents/Unreal Projects/SpaceGame/Project/SpaceGame/SpaceGame.uproject" -rocket  -rocket]
[2015.11.27-11.41.47:160][391]Warning: Starting HotReload took  0.0s.
[2015.11.27-11.41.50:375][758]CompilerResultsLog: New page: Compilation - Nov 27, 2015, 1:41:50 PM
[2015.11.27-11.41.50:375][758]CompilerResultsLog: Info Compiling game modules for hot reload
[2015.11.27-11.41.50:375][758]CompilerResultsLog: Info Performing 2 actions (4 in parallel)
[2015.11.27-11.41.50:375][758]CompilerResultsLog: Info Fleet.cpp
[2015.11.27-11.41.50:376][758]CompilerResultsLog: Info [2/2] Link UE4Editor-SpaceGame-6266.dll
[2015.11.27-11.41.50:376][758]CompilerResultsLog: Info    Creating library C:\Users\Spellabbet\Documents\Unreal Projects\SpaceGame\Project\SpaceGame\Intermediate/Build/Win64\UE4Editor\Development\UE4Editor-SpaceGame-6266.lib and object C:\Users\Spellabbet\Documents\Unreal Projects\SpaceGame\Project\SpaceGame\Intermediate/Build/Win64\UE4Editor\Development\UE4Editor-SpaceGame-6266.exp
[2015.11.27-11.41.50:376][758]CompilerResultsLog: Info -------- End Detailed Actions Stats -----------------------------------------------------------
[2015.11.27-11.41.50:376][758]CompilerResultsLog: Info Total build time: 3,19 seconds
[2015.11.27-11.41.50:376][758]LogMainFrame: MainFrame: Module compiling took 3.219 seconds
[2015.11.27-11.41.50:426][758]LogClass: FleetState HotReload.
[2015.11.27-11.41.50:426][758]LogClass: OwnedBy HotReload.
[2015.11.27-11.41.50:429][758]LogContentBrowser: Native class hierarchy updated for 'SpaceGame' in 0.0010 seconds. Added 8 classes and 2 folders.
[2015.11.27-11.41.50:429][758]Warning: HotReload successful (7 functions remapped  0 scriptstructs remapped)
[2015.11.27-11.41.50:484][758]LogContentBrowser: Native class hierarchy populated in 0.0069 seconds. Added 1876 classes and 337 folders.
[2015.11.27-11.43.24:519][743]Recompiling SpaceGame...
[2015.11.27-11.43.24:519][743]Launching UnrealBuildTool... [C:/Program Files/Epic Games/4.9/Engine/Binaries/DotNET/UnrealBuildTool.exe SpaceGame -ModuleWithSuffix SpaceGame 918 Win64 Development -editorrecompile -canskiplink "C:/Users/Spellabbet/Documents/Unreal Projects/SpaceGame/Project/SpaceGame/SpaceGame.uproject" -rocket  -rocket]
[2015.11.27-11.43.24:520][743]Warning: Starting HotReload took  0.0s.
[2015.11.27-11.43.26:872][  6]CompilerResultsLog: New page: Compilation - Nov 27, 2015, 1:43:26 PM
[2015.11.27-11.43.26:872][  6]CompilerResultsLog: Info Compiling game modules for hot reload
[2015.11.27-11.43.26:872][  6]CompilerResultsLog: Info Performing 2 actions (4 in parallel)
[2015.11.27-11.43.26:872][  6]CompilerResultsLog: Info Fleet.cpp
[2015.11.27-11.43.26:872][  6]CompilerResultsLog:Error: Error c:\program files\epic games\4.9\engine\source\runtime\core\public\Misc/OutputDevice.h(377)  : error C2665: 'CheckVA' : none of the 11 overloads could convert all the argument types
[2015.11.27-11.43.26:872][  6]CompilerResultsLog: Info          c:\program files\epic games\4.9\engine\source\runtime\core\public\Misc/OutputDevice.h(98) : could be 'bool CheckVA(bool)'
[2015.11.27-11.43.26:872][  6]CompilerResultsLog: Info          c:\program files\epic games\4.9\engine\source\runtime\core\public\Misc/OutputDevice.h(97) : or       'void *CheckVA(ANSICHAR *)'
[2015.11.27-11.43.26:872][  6]CompilerResultsLog: Info          c:\program files\epic games\4.9\engine\source\runtime\core\public\Misc/OutputDevice.h(96) : or       'TCHAR CheckVA(TCHAR)'
[2015.11.27-11.43.26:873][  6]CompilerResultsLog: Info          c:\program files\epic games\4.9\engine\source\runtime\core\public\Misc/OutputDevice.h(95) : or       'long CheckVA(unsigned long)'
[2015.11.27-11.43.26:873][  6]CompilerResultsLog: Info          c:\program files\epic games\4.9\engine\source\runtime\core\public\Misc/OutputDevice.h(94) : or       'long CheckVA(long)'
[2015.11.27-11.43.26:873][  6]CompilerResultsLog: Info          c:\program files\epic games\4.9\engine\source\runtime\core\public\Misc/OutputDevice.h(93) : or       'double CheckVA(double)'
[2015.11.27-11.43.26:873][  6]CompilerResultsLog: Info          c:\program files\epic games\4.9\engine\source\runtime\core\public\Misc/OutputDevice.h(92) : or       'int64 CheckVA(int64)'
[2015.11.27-11.43.26:873][  6]CompilerResultsLog: Info          c:\program files\epic games\4.9\engine\source\runtime\core\public\Misc/OutputDevice.h(91) : or       'uint64 CheckVA(uint64)'
[2015.11.27-11.43.26:873][  6]CompilerResultsLog: Info          c:\program files\epic games\4.9\engine\source\runtime\core\public\Misc/OutputDevice.h(90) : or       'int32 CheckVA(int32)'
[2015.11.27-11.43.26:873][  6]CompilerResultsLog: Info          c:\program files\epic games\4.9\engine\source\runtime\core\public\Misc/OutputDevice.h(89) : or       'uint8 CheckVA(uint8)'
[2015.11.27-11.43.26:873][  6]CompilerResultsLog: Info          c:\program files\epic games\4.9\engine\source\runtime\core\public\Misc/OutputDevice.h(88) : or       'uint32 CheckVA(uint32)'
[2015.11.27-11.43.26:873][  6]CompilerResultsLog: Info         while trying to match the argument list '(FString)'
[2015.11.27-11.43.26:873][  6]CompilerResultsLog: Info          C:\Users\Spellabbet\Documents\Unreal Projects\SpaceGame\Project\SpaceGame\Source\SpaceGame\Fleet.cpp(57)  : see reference to function template instantiation 'void FMsg::Logf_Internal<FString>(const ANSICHAR *,int32,const FName &,ELogVerbosity::Type,const TCHAR *,T1)' being compiled
[2015.11.27-11.43.26:873][  6]CompilerResultsLog: Info         with
[2015.11.27-11.43.26:873][  6]CompilerResultsLog: Info         [
[2015.11.27-11.43.26:873][  6]CompilerResultsLog: Info             T1=FString
[2015.11.27-11.43.26:873][  6]CompilerResultsLog: Info         ]
[2015.11.27-11.43.26:873][  6]CompilerResultsLog: Info -------- End Detailed Actions Stats -----------------------------------------------------------
[2015.11.27-11.43.26:873][  6]CompilerResultsLog: Info ERROR: UBT ERROR: Failed to produce item: C:\Users\Spellabbet\Documents\Unreal Projects\SpaceGame\Project\SpaceGame\Binaries\Win64\UE4Editor-SpaceGame-918.dll
[2015.11.27-11.43.26:873][  6]CompilerResultsLog: Info Total build time: 2,32 seconds
[2015.11.27-11.43.26:873][  6]LogMainFrame: MainFrame: Module compiling took 2.357 seconds
[2015.11.27-11.43.26:873][  6]Warning: HotReload failed, recompile failed
[2015.11.27-11.44.20:897][846]Recompiling SpaceGame...
[2015.11.27-11.44.20:897][846]Launching UnrealBuildTool... [C:/Program Files/Epic Games/4.9/Engine/Binaries/DotNET/UnrealBuildTool.exe SpaceGame -ModuleWithSuffix SpaceGame 1373 Win64 Development -editorrecompile -canskiplink "C:/Users/Spellabbet/Documents/Unreal Projects/SpaceGame/Project/SpaceGame/SpaceGame.uproject" -rocket  -rocket]
[2015.11.27-11.44.20:898][846]Warning: Starting HotReload took  0.0s.
[2015.11.27-11.44.23:999][199]CompilerResultsLog: New page: Compilation - Nov 27, 2015, 1:44:23 PM
[2015.11.27-11.44.23:999][199]CompilerResultsLog: Info Compiling game modules for hot reload
[2015.11.27-11.44.23:999][199]CompilerResultsLog: Info Performing 2 actions (4 in parallel)
[2015.11.27-11.44.23:999][199]CompilerResultsLog: Info Fleet.cpp
[2015.11.27-11.44.23:999][199]CompilerResultsLog: Info [2/2] Link UE4Editor-SpaceGame-1373.dll
[2015.11.27-11.44.23:999][199]CompilerResultsLog: Info    Creating library C:\Users\Spellabbet\Documents\Unreal Projects\SpaceGame\Project\SpaceGame\Intermediate/Build/Win64\UE4Editor\Development\UE4Editor-SpaceGame-1373.lib and object C:\Users\Spellabbet\Documents\Unreal Projects\SpaceGame\Project\SpaceGame\Intermediate/Build/Win64\UE4Editor\Development\UE4Editor-SpaceGame-1373.exp
[2015.11.27-11.44.23:999][199]CompilerResultsLog: Info -------- End Detailed Actions Stats -----------------------------------------------------------
[2015.11.27-11.44.23:999][199]CompilerResultsLog: Info Total build time: 3,08 seconds
[2015.11.27-11.44.23:999][199]LogMainFrame: MainFrame: Module compiling took 3.104 seconds
[2015.11.27-11.44.24:080][199]LogClass: FleetState HotReload.
[2015.11.27-11.44.24:080][199]LogClass: OwnedBy HotReload.
[2015.11.27-11.44.24:083][199]LogContentBrowser: Native class hierarchy updated for 'SpaceGame' in 0.0010 seconds. Added 8 classes and 2 folders.
[2015.11.27-11.44.24:084][199]Warning: HotReload successful (7 functions remapped  0 scriptstructs remapped)
[2015.11.27-11.44.24:142][199]LogContentBrowser: Native class hierarchy populated in 0.0100 seconds. Added 1876 classes and 337 folders.
[2015.11.27-11.44.25:453][354]LogPlayLevel: PlayLevel: No blueprints needed recompiling
[2015.11.27-11.44.25:453][354]PIE: New page: PIE session: Untitled_1 (Nov 27, 2015, 1:44:25 PM)
[2015.11.27-11.44.25:454][354]LogPlayLevel: Creating play world package: /Temp/UEDPIE_0_Untitled_1
[2015.11.27-11.44.25:455][354]LogPlayLevel: PIE: StaticDuplicateObject took: (0.001215s)
[2015.11.27-11.44.25:456][354]LogAIModule: Creating AISystem for world Untitled_1
[2015.11.27-11.44.25:456][354]LogPlayLevel: PIE: World Init took: (0.001025s)
[2015.11.27-11.44.25:456][354]LogPlayLevel: PIE: Created PIE world by copying editor world from /Temp/Untitled_1.Untitled_1 to /Temp/UEDPIE_0_Untitled_1.Untitled_1 (0.002553s)
[2015.11.27-11.44.25:470][354]LogInit: XAudio2 using 'Speakers (4- High Definition Audio Device)' : 2 channels at 44.1 kHz using 16 bits per sample (channel mask 0x3)
[2015.11.27-11.44.25:475][354]LogInit: FAudioDevice initialized.
[2015.11.27-11.44.25:558][354]LogWorld: Game class is 'GameModeBP_C'
[2015.11.27-11.44.25:560][354]LogWorld: Bringing World /Temp/UEDPIE_0_Untitled_1.Untitled_1 up for play (max tick rate 0) at 2015.11.27-12.44.25
[2015.11.27-11.44.25:560][354]LogActor:Warning: GameSession /Temp/UEDPIE_0_Untitled_1.Untitled_1:PersistentLevel.GameSession_0 has natively added scene component(s), but none of them were set as the actor's RootComponent - picking one arbitrarily
[2015.11.27-11.44.25:560][354]LogActor:Warning: GameNetworkManager /Temp/UEDPIE_0_Untitled_1.Untitled_1:PersistentLevel.GameNetworkManager_0 has natively added scene component(s), but none of them were set as the actor's RootComponent - picking one arbitrarily
[2015.11.27-11.44.25:560][354]LogWorld: Bringing up level for play took: 0.001351
[2015.11.27-11.44.25:562][354]PIE: Info Play in editor start time for /Temp/UEDPIE_0_Untitled_1 -0.408
[2015.11.27-11.44.27:986][637]LogParticles: Destroying 0 GPU particle simulations for FXSystem 0x0000005C00BFC720
[2015.11.27-11.44.30:134][890]LogAIModule: Creating AISystem for world Untitled
[2015.11.27-11.44.30:149][890]Cmd: MAP LOAD FILE="../../../../../../Users/Spellabbet/Documents/Unreal Projects/SpaceGame/Project/SpaceGame/Content/Maps/Untitled.umap" TEMPLATE=0 SHOWPROGRESS=1 FEATURELEVEL=3
[2015.11.27-11.44.30:149][890]LightingResults: New page: Lighting Build
[2015.11.27-11.44.30:164][890]LoadErrors: New page: Loading map: Untitled.umap
[2015.11.27-11.44.30:164][890]MapCheck: New page: Map Check
[2015.11.27-11.44.30:164][890]LightingResults: New page: Lighting Build
[2015.11.27-11.44.30:174][890]LogParticles: Destroying 0 GPU particle simulations for FXSystem 0x0000005C68E1E700
[2015.11.27-11.44.30:204][890]LogEditorServer: Finished looking for orphan Actors (0.000 secs)
[2015.11.27-11.44.30:230][890]Cmd: MAP CHECKDEP NOCLEARLOG
[2015.11.27-11.44.30:261][890]MapCheck: Info Map check complete: 0 Error(s), 0 Warning(s), took 30.198ms to complete.
[2015.11.27-11.44.30:261][890]LogFileHelpers: Loading map 'Untitled' took 0.113
[2015.11.27-11.44.31:433][ 25]LogBlueprintUserMessages: Early PlayInEditor Detection: Level '/Game/Maps/Untitled.Untitled:PersistentLevel' has LevelScriptBlueprint '/Game/Maps/Untitled.Untitled:PersistentLevel.Untitled' with GeneratedClass '/Game/Maps/Untitled.Untitled_C' with ClassGeneratedBy '/Game/Maps/Untitled.Untitled:PersistentLevel.Untitled'
[2015.11.27-11.44.31:433][ 25]LogPlayLevel: PlayLevel: No blueprints needed recompiling
[2015.11.27-11.44.31:433][ 25]PIE: New page: PIE session: Untitled (Nov 27, 2015, 1:44:31 PM)
[2015.11.27-11.44.31:433][ 25]LogPlayLevel: Creating play world package: /Game/Maps/UEDPIE_0_Untitled
[2015.11.27-11.44.31:436][ 25]LogPlayLevel: PIE: StaticDuplicateObject took: (0.002910s)
[2015.11.27-11.44.31:436][ 25]LogAIModule: Creating AISystem for world Untitled
[2015.11.27-11.44.31:436][ 25]LogPlayLevel: PIE: World Init took: (0.000609s)
[2015.11.27-11.44.31:436][ 25]LogPlayLevel: PIE: Created PIE world by copying editor world from /Game/Maps/Untitled.Untitled to /Game/Maps/UEDPIE_0_Untitled.Untitled (0.003750s)
[2015.11.27-11.44.31:455][ 25]LogInit: XAudio2 using 'Speakers (4- High Definition Audio Device)' : 2 channels at 44.1 kHz using 16 bits per sample (channel mask 0x3)
[2015.11.27-11.44.31:461][ 25]LogInit: FAudioDevice initialized.
[2015.11.27-11.44.31:499][ 25]LogWorld: Game class is 'GameModeBP_C'
[2015.11.27-11.44.31:501][ 25]LogWorld: Bringing World /Game/Maps/UEDPIE_0_Untitled.Untitled up for play (max tick rate 0) at 2015.11.27-12.44.31
[2015.11.27-11.44.31:501][ 25]LogActor:Warning: GameSession /Game/Maps/UEDPIE_0_Untitled.Untitled:PersistentLevel.GameSession_1 has natively added scene component(s), but none of them were set as the actor's RootComponent - picking one arbitrarily
[2015.11.27-11.44.31:501][ 25]LogActor:Warning: GameNetworkManager /Game/Maps/UEDPIE_0_Untitled.Untitled:PersistentLevel.GameNetworkManager_1 has natively added scene component(s), but none of them were set as the actor's RootComponent - picking one arbitrarily
[2015.11.27-11.44.31:501][ 25]LogWorld: Bringing up level for play took: 0.001757
[2015.11.27-11.44.31:502][ 25]PIE: Info Play in editor start time for /Game/Maps/UEDPIE_0_Untitled -0.467
[2015.11.27-11.44.31:502][ 25]LogBlueprintUserMessages: Late PlayInEditor Detection: Level '/Game/Maps/Untitled.Untitled:PersistentLevel' has LevelScriptBlueprint '/Game/Maps/Untitled.Untitled:PersistentLevel.Untitled' with GeneratedClass '/Game/Maps/Untitled.Untitled_C' with ClassGeneratedBy '/Game/Maps/Untitled.Untitled:PersistentLevel.Untitled'
[2015.11.27-11.44.34:018][309]LogCrashTracker: 


[2015.11.27-11.44.34:018][309]LogCrashTracker: 


[2015.11.27-11.44.34:018][309]LogWindows: === Critical error: ===
Fatal error!



[2015.11.27-11.44.34:118][309]LogExit: Executing StaticShutdownAfterError
[2015.11.27-11.44.34:120][309]LogOutputDevice:Warning: 

Script Stack:
MouseControllerBP_C.ExecuteUbergraph_MouseControllerBP
MouseControllerBP_C.InpActEvt_RightMouseButton_K2Node_InputKeyEvent_3

[2015.11.27-11.44.34:121][309]LogPhysics:Warning: PHYSX: ..\..\PhysX\src\NpScene.cpp (2946) 8 : PxScene::unlockWrite() called without matching call to PxScene::lockWrite(), behaviour will be undefined.
[2015.11.27-11.44.34:121][309]LogPhysics:Warning: PHYSX: ..\..\PhysX\src\NpScene.cpp (2946) 8 : PxScene::unlockWrite() called without matching call to PxScene::lockWrite(), behaviour will be undefined.
[2015.11.27-11.44.34:121][309]LogPhysics:Warning: PHYSX: ..\..\PhysX\src\NpScene.cpp (2946) 8 : PxScene::unlockWrite() called without matching call to PxScene::lockWrite(), behaviour will be undefined.
[2015.11.27-11.44.34:122][309]LogPhysics:Warning: PHYSX: ..\..\PhysX\src\NpScene.cpp (2946) 8 : PxScene::unlockWrite() called without matching call to PxScene::lockWrite(), behaviour will be undefined.
[2015.11.27-11.44.34:122][309]LogWindows: FPlatformMisc::RequestExit(1)
[2015.11.27-11.44.34:122][309]Log file closed, 11/27/15 12:44:34
