[2015.11.20-16.01.57:679][  0]Log file open, 11/20/15 17:01:57
[2015.11.20-16.01.57:679][  0]LogInit:Display: Running engine for game: SpaceGame
[2015.11.20-16.01.57:679][  0]LogInit:Display: RandInit(1995072265) SRandInit(1995072265).
[2015.11.20-16.01.57:679][  0]LogTaskGraph: Started task graph with 4 named threads and 7 total threads.
[2015.11.20-16.01.57:679][  0]LogStats: Stats thread started at 0.067898
[2015.11.20-16.01.57:679][  0]LogInit: Version: 4.9.2-2707645+++depot+UE4-Releases+4.9
[2015.11.20-16.01.57:679][  0]LogInit: API Version: 2672455
[2015.11.20-16.01.57:679][  0]LogInit: Compiled (64-bit): Sep 28 2015 10:25:44
[2015.11.20-16.01.57:679][  0]LogInit: Compiled with Visual C++: 18.00.21005.01
[2015.11.20-16.01.57:679][  0]LogInit: Build Configuration: Development
[2015.11.20-16.01.57:679][  0]LogInit: Branch Name: ++depot+UE4-Releases+4.9
[2015.11.20-16.01.57:679][  0]LogInit: Command line:  
[2015.11.20-16.01.57:679][  0]LogInit: Base directory: C:/Program Files/Epic Games/4.9/Engine/Binaries/Win64/
[2015.11.20-16.01.57:679][  0]LogInit: Rocket: 1
[2015.11.20-16.01.57:687][  0]LogInit: Using libcurl 7.41.0
[2015.11.20-16.01.57:687][  0]LogInit:  - built for x86_64-pc-win32
[2015.11.20-16.01.57:687][  0]LogInit:  - supports SSL with WinSSL
[2015.11.20-16.01.57:687][  0]LogInit:  - other features:
[2015.11.20-16.01.57:687][  0]LogInit:      CURL_VERSION_SSL
[2015.11.20-16.01.57:687][  0]LogInit:      CURL_VERSION_IPV6
[2015.11.20-16.01.57:687][  0]LogInit:      CURL_VERSION_ASYNCHDNS
[2015.11.20-16.01.57:687][  0]LogInit:      CURL_VERSION_LARGEFILE
[2015.11.20-16.01.57:687][  0]LogInit:      CURL_VERSION_IDN
[2015.11.20-16.01.57:687][  0]LogInit:  CurlRequestOptions (configurable via config and command line):
[2015.11.20-16.01.57:687][  0]LogInit:  - bVerifyPeer = true  - Libcurl will verify peer certificate
[2015.11.20-16.01.57:687][  0]LogInit:  - bUseHttpProxy = false  - Libcurl will NOT use HTTP proxy
[2015.11.20-16.01.57:687][  0]LogInit:  - bDontReuseConnections = false  - Libcurl will reuse connections
[2015.11.20-16.01.57:687][  0]LogInit:  - CertBundlePath = nullptr  - Libcurl will use whatever was configured at build time.
[2015.11.20-16.01.57:692][  0]LogInit: Presizing for 0 objects not considered by GC, pre-allocating 0 bytes.
[2015.11.20-16.01.57:697][  0]LogInit: Object subsystem initialized
[2015.11.20-16.01.57:698][  0]LogInit: Selected Device Profile: [Windows]
[2015.11.20-16.01.57:698][  0]LogInit: Applying CVar settings loaded from the selected device profile: [Windows]
[2015.11.20-16.01.57:706][  0]LogInit: Computer: SpellabbA333-07
[2015.11.20-16.01.57:706][  0]LogInit: User: Spellabbet
[2015.11.20-16.01.57:706][  0]LogInit: CPU Page size=4096, Cores=4
[2015.11.20-16.01.57:706][  0]LogInit: High frequency timer resolution =3.507517 MHz
[2015.11.20-16.01.57:706][  0]LogMemory: Memory total: Physical=15.9GB (16GB approx)
[2015.11.20-16.01.57:706][  0]LogMemory: Platform Memory Stats for Windows
[2015.11.20-16.01.57:706][  0]LogMemory: Process Physical Memory: 52.03 MB used, 52.03 MB peak
[2015.11.20-16.01.57:706][  0]LogMemory: Process Virtual Memory: 55.03 MB used, 55.03 MB peak
[2015.11.20-16.01.57:706][  0]LogMemory: Physical Memory: 4108.04 MB used, 16318.82 MB total
[2015.11.20-16.01.57:706][  0]LogMemory: Virtual Memory: 347.38 MB used, 134217728.00 MB total
[2015.11.20-16.01.57:731][  0]LogTextLocalizationManager: No translations for ('sv-SE') exist, falling back to 'en' for localization and internationalization data.
[2015.11.20-16.01.58:342][  0]LogD3D11RHI: Found D3D11 adapter 0: NVIDIA GeForce GTX 960 (Feature Level 11_0)
[2015.11.20-16.01.58:342][  0]LogD3D11RHI: Adapter has 1965MB of dedicated video memory, 0MB of dedicated system memory, and 2048MB of shared system memory, 1 output[s]
[2015.11.20-16.01.58:343][  0]LogD3D11RHI: Found D3D11 adapter 1: Microsoft Basic Render Driver (Feature Level 11_0)
[2015.11.20-16.01.58:343][  0]LogD3D11RHI: Adapter has 0MB of dedicated video memory, 0MB of dedicated system memory, and 256MB of shared system memory, 0 output[s]
[2015.11.20-16.01.58:343][  0]LogD3D11RHI: Chosen D3D11 Adapter Id = 0
[2015.11.20-16.01.58:345][  0]LogD3D11RHI: !Direct3DDevice
[2015.11.20-16.01.58:345][  0]LogRHI: Texture pool is 1361 MB (70% of 1945 MB)
[2015.11.20-16.01.58:354][  0]LogD3D11RHI: Async texture creation enabled
[2015.11.20-16.01.58:369][  0]LogShaderCompilers: Guid format shader working directory is 15 characters bigger than the processId version (../../../../../../Users/Spellabbet/Documents/GitHub/SpaceGame/Project/SpaceGame/Intermediate/Shaders/WorkingDirectory/2352/).
[2015.11.20-16.01.58:370][  0]LogShaderCompilers: Cleaned the shader compiler working directory '../../../../../../Users/Spellabbet/Documents/GitHub/SpaceGame/Project/SpaceGame/Intermediate/Shaders/tmp/0C83108141B7A9298752978967FE06B6/'.
[2015.11.20-16.01.58:370][  0]LogShaderCompilers:Display: Using Local Shader Compiler.
[2015.11.20-16.01.59:258][  0]LogTemp:Display: Loaded TP AllDesktopTargetPlatform
[2015.11.20-16.01.59:262][  0]LogTemp:Display: Loaded TP WindowsClientTargetPlatform
[2015.11.20-16.01.59:267][  0]LogTemp:Display: Loaded TP WindowsNoEditorTargetPlatform
[2015.11.20-16.01.59:271][  0]LogTemp:Display: Loaded TP WindowsServerTargetPlatform
[2015.11.20-16.01.59:275][  0]LogTemp:Display: Loaded TP WindowsTargetPlatform
[2015.11.20-16.01.59:278][  0]LogTemp:Display: Loaded TP AndroidTargetPlatform
[2015.11.20-16.01.59:280][  0]LogTemp:Display: Loaded TP Android_ASTCTargetPlatform
[2015.11.20-16.01.59:283][  0]LogTemp:Display: Loaded TP Android_ATCTargetPlatform
[2015.11.20-16.01.59:285][  0]LogTemp:Display: Loaded TP Android_DXTTargetPlatform
[2015.11.20-16.01.59:288][  0]LogTemp:Display: Loaded TP Android_ETC1TargetPlatform
[2015.11.20-16.01.59:290][  0]LogTemp:Display: Loaded TP Android_ETC2TargetPlatform
[2015.11.20-16.01.59:293][  0]LogTemp:Display: Loaded TP Android_PVRTCTargetPlatform
[2015.11.20-16.01.59:293][  0]LogTemp:Display: Loaded TP HTML5TargetPlatform
[2015.11.20-16.01.59:309][  0]LogTemp:Display: Loaded TP IOSTargetPlatform
[2015.11.20-16.01.59:311][  0]LogTemp:Display: Loaded TP LinuxNoEditorTargetPlatform
[2015.11.20-16.01.59:314][  0]LogTemp:Display: Loaded TP LinuxServerTargetPlatform
[2015.11.20-16.01.59:317][  0]LogTemp:Display: Loaded TP LinuxTargetPlatform
[2015.11.20-16.01.59:317][  0]LogTargetPlatformManager:Display: Building Assets For Windows
[2015.11.20-16.01.59:400][  0]LogDerivedDataCache:Display: Max Cache Size: 512 MB
[2015.11.20-16.01.59:436][  0]LogDerivedDataCache: Loaded boot cache 0.04s 41MB C:/Users/Spellabbet/AppData/Local/UnrealEngine/4.9/DerivedDataCache/Boot.ddc.
[2015.11.20-16.01.59:436][  0]LogDerivedDataCache:Display: Loaded Boot cache: C:/Users/Spellabbet/AppData/Local/UnrealEngine/4.9/DerivedDataCache/Boot.ddc
[2015.11.20-16.01.59:436][  0]LogDerivedDataCache: FDerivedDataBackendGraph:  Pak pak cache file ../../../../../../Users/Spellabbet/Documents/GitHub/SpaceGame/Project/SpaceGame/DerivedDataCache/DDC.ddp not found, will not use a pak cache.
[2015.11.20-16.01.59:436][  0]LogDerivedDataCache: Unable to find inner node Pak for hierarchical cache Hierarchy.
[2015.11.20-16.01.59:436][  0]LogDerivedDataCache: FDerivedDataBackendGraph:  CompressedPak pak cache file ../../../../../../Users/Spellabbet/Documents/GitHub/SpaceGame/Project/SpaceGame/DerivedDataCache/Compressed.ddp not found, will not use a pak cache.
[2015.11.20-16.01.59:436][  0]LogDerivedDataCache: Unable to find inner node CompressedPak for hierarchical cache Hierarchy.
[2015.11.20-16.01.59:546][  0]LogDerivedDataCache:Display: Pak cache opened for reading ../../../Engine/DerivedDataCache/Compressed.ddp.
[2015.11.20-16.01.59:558][  0]LogDerivedDataCache: Using Local data cache path C:/Users/Spellabbet/AppData/Local/UnrealEngine/Common/DerivedDataCache: Writable
[2015.11.20-16.01.59:706][  0]LogInit: Selected Device Profile: [Windows]
[2015.11.20-16.01.59:708][  0]LogContentStreaming: Texture pool size is 0.000000MB
[2015.11.20-16.01.59:810][  0]LogMeshUtilities: No automatic mesh reduction module available
[2015.11.20-16.01.59:810][  0]LogMeshUtilities: No automatic mesh merging module available
[2015.11.20-16.02.00:004][  0]LogInit: WinSock: version 1.1 (2.2), MaxSocks=32767, MaxUdp=65467
[2015.11.20-16.02.00:575][  0]UdpMessaging: Initializing bridge on interface 0.0.0.0:0 to multicast group 230.0.0.1:6666.
[2015.11.20-16.02.00:692][  0]LogAssetRegistry: FAssetRegistry took 0.0106 seconds to start up
[2015.11.20-16.02.00:852][  0]SourceControl: Info Source control is disabled
[2015.11.20-16.02.00:858][  0]SourceControl: Info Source control is disabled
[2015.11.20-16.02.00:872][  0]SourceControl: Info Source control is disabled
[2015.11.20-16.02.00:886][  0]SourceControl: Info Source control is disabled
[2015.11.20-16.02.01:072][  0]LogLinker:Warning: Asset '../../../Engine/Plugins/Runtime/LeapMotionController/Content/LM_PassthroughMaterial.uasset' has been saved with empty engine version. The asset will be loaded but may be incompatible.
[2015.11.20-16.02.01:169][  0]LogObj: 28428 objects as part of root set at end of initial load.
[2015.11.20-16.02.01:169][  0]LogUObjectAllocator: 6064712 out of 0 bytes used by permanent object pool.
[2015.11.20-16.02.01:216][  0]LogEngine: Initializing Engine...
[2015.11.20-16.02.01:218][  0]LogHMD: Can't find Oculus library dev build: is proper Runtime installed? Version: 0.7.0.0
[2015.11.20-16.02.01:219][  0]LogHMD: SteamVR failed to initialize.  Err: 110
[2015.11.20-16.02.01:319][  0]LogAIModule: Creating AISystem for world NewWorld
[2015.11.20-16.02.01:324][  0]LogInit: XAudio2 using 'Speakers (4- High Definition Audio Device)' : 2 channels at 44.1 kHz using 16 bits per sample (channel mask 0x3)
[2015.11.20-16.02.01:335][  0]LogInit: FAudioDevice initialized.
[2015.11.20-16.02.01:353][  0]LogDerivedDataCache: Saved boot cache 0.02s 41MB C:/Users/Spellabbet/AppData/Local/UnrealEngine/4.9/DerivedDataCache/Boot.ddc.
[2015.11.20-16.02.01:357][  0]LogInit: Texture streaming: Enabled
[2015.11.20-16.02.01:362][  0]LogAnalytics: Creating configured Analytics provider AnalyticsET
[2015.11.20-16.02.01:362][  0]LogAnalytics: [UEEditor.Rocket.Release] APIServer = http://et2.epicgames.com/ET2/. AppVersion = 4.9.2-2707645+++depot+UE4-Releases+4.9
[2015.11.20-16.02.01:362][  0]LogAnalytics: [UEEditor.Rocket.Release] SetUserId a56f99ce4ac584e8e6d851994b9dafce|4486cc34acf54390b5f34fc38c8b6486|060e5e79-a789-49c4-8abd-5d8b330400a7
[2015.11.20-16.02.01:362][  0]LogAnalytics: [UEEditor.Rocket.Release] AnalyticsET::StartSession
[2015.11.20-16.02.01:379][  0]LogInit: Transaction tracking system initialized
[2015.11.20-16.02.01:401][  0]BlueprintLog: New page: Editor Load
[2015.11.20-16.02.01:461][  0]LocalizationService: Info Localization service is disabled
[2015.11.20-16.02.01:534][  0]LogConsoleResponse:Display: 
[2015.11.20-16.02.01:626][  0]LogCook:Display: Done creating registry. It took  0.00s.
[2015.11.20-16.02.01:682][  0]LogFileCache: Scanning file cache for directory 'C:/Users/Spellabbet/Documents/GitHub/SpaceGame/Project/SpaceGame/Content/' took 0.01s
[2015.11.20-16.02.01:682][  0]SourceControl: Info Source control is disabled
[2015.11.20-16.02.01:682][  0]Cmd: MAP LOAD FILE="../../../Engine/Content/Maps/Templates/Template_Default.umap" TEMPLATE=1 SHOWPROGRESS=1 FEATURELEVEL=3
[2015.11.20-16.02.01:683][  0]LightingResults: New page: Lighting Build
[2015.11.20-16.02.01:685][  0]MapCheck: New page: Map Check
[2015.11.20-16.02.01:685][  0]LightingResults: New page: Lighting Build
[2015.11.20-16.02.01:695][  0]LogParticles: Destroying 0 GPU particle simulations for FXSystem 0x000000D61C152160
[2015.11.20-16.02.01:911][  0]LogAIModule: Creating AISystem for world Untitled_1
[2015.11.20-16.02.01:915][  0]LogEditorServer: Finished looking for orphan Actors (0.000 secs)
[2015.11.20-16.02.01:918][  0]Cmd: MAP CHECKDEP NOCLEARLOG
[2015.11.20-16.02.01:952][  0]MapCheck: Info Map check complete: 0 Error(s), 0 Warning(s), took 34.254ms to complete.
[2015.11.20-16.02.01:952][  0]LogFileHelpers: Loading map 'Template_Default' took 0.270
[2015.11.20-16.02.02:047][  0]LogCollectionManager: Loaded 0 collections in 0.001822 seconds
[2015.11.20-16.02.02:089][  0]LogFileCache: Scanning file cache for directory 'C:/Users/Spellabbet/Documents/GitHub/SpaceGame/Project/SpaceGame/Saved/Collections/' took 0.01s
[2015.11.20-16.02.02:089][  0]LogFileCache: Scanning file cache for directory 'C:/Users/Spellabbet/Documents/GitHub/SpaceGame/Project/SpaceGame/Content/Developers/Spellabbet/Collections/' took 0.01s
[2015.11.20-16.02.02:089][  0]LogFileCache: Scanning file cache for directory 'C:/Users/Spellabbet/Documents/GitHub/SpaceGame/Project/SpaceGame/Content/Collections/' took 0.01s
[2015.11.20-16.02.02:089][  0]LogContentBrowser: Native class hierarchy populated in 0.0068 seconds. Added 1874 classes and 335 folders.
[2015.11.20-16.02.02:094][  0]LogCollectionManager: Rebuilt the GUID cache for 0 collections in 0.000002 seconds
[2015.11.20-16.02.02:100][  0]LogContentBrowser: Native class hierarchy updated for 'WidgetCarousel' in 0.0008 seconds. Added 0 classes and 0 folders.
[2015.11.20-16.02.02:133][  0]LogContentBrowser: Native class hierarchy updated for 'AddContentDialog' in 0.0009 seconds. Added 0 classes and 0 folders.
[2015.11.20-16.02.02:140][  0]LogContentBrowser: Native class hierarchy updated for 'SceneOutliner' in 0.0011 seconds. Added 1 classes and 2 folders.
[2015.11.20-16.02.02:162][  0]LogCrashTracker: Crashtracker disabled due to settings.
[2015.11.20-16.02.02:165][  0]LogUObjectGlobals:Warning: Failed to find object 'Class None.'
[2015.11.20-16.02.02:187][  0]LogLoad: Full Startup: 5.38 seconds (BP compile: 0.04 seconds)
[2015.11.20-16.02.02:246][  0]LogContentStreaming: Texture pool size now 1000 MB
[2015.11.20-16.02.02:372][  0]LogRenderer: Reallocating scene render targets to support 1208x576 (Frame:2).
[2015.11.20-16.02.02:506][  2]LogAssetRegistry: Asset discovery search completed in 1.8255 seconds
[2015.11.20-16.02.02:509][  2]LogCollectionManager: Rebuilt the object cache for 0 collections in 0.000001 seconds (found 0 objects)
[2015.11.20-16.02.02:509][  2]LogCollectionManager: Fixed up redirectors for 0 collections in 0.002533 seconds (updated 0 objects)
[2015.11.20-16.02.12:675][245]LogEditorViewport: Clicking on Actor (LMB): BP_Sky_Sphere_C (Sky Sphere)
[2015.11.20-16.02.13:838][382]LogEditorViewport: Clicking on Actor (LMB): BP_Sky_Sphere_C (Sky Sphere)
[2015.11.20-16.02.29:225][191]LogEditorViewport: Clicking on Actor (LMB): BP_Sky_Sphere_C (Sky Sphere)
[2015.11.20-16.02.30:318][320]LogEditorViewport: Clicking on Actor (LMB): FleetBP_C (FleetBP)
[2015.11.20-16.02.40:403][394]LogEditorViewport: Clicking on Actor (LMB): BP_Sky_Sphere_C (Sky Sphere)
[2015.11.20-16.02.42:001][582]Recompiling SpaceGame...
[2015.11.20-16.02.42:002][582]Launching UnrealBuildTool... [C:/Program Files/Epic Games/4.9/Engine/Binaries/DotNET/UnrealBuildTool.exe SpaceGame -ModuleWithSuffix SpaceGame 1744 Win64 Development -editorrecompile -canskiplink "C:/Users/Spellabbet/Documents/GitHub/SpaceGame/Project/SpaceGame/SpaceGame.uproject" -rocket  -rocket]
[2015.11.20-16.02.42:003][582]Warning: Starting HotReload took  0.0s.
[2015.11.20-16.02.43:293][716]LogEditorViewport: Clicking on Actor (LMB): BP_Sky_Sphere_C (Sky Sphere)
[2015.11.20-16.02.45:211][945]CompilerResultsLog: New page: Compilation - Nov 20, 2015, 6:02:45 PM
[2015.11.20-16.02.45:211][945]CompilerResultsLog: Info Compiling game modules for hot reload
[2015.11.20-16.02.45:211][945]CompilerResultsLog: Info Performing 2 actions (4 in parallel)
[2015.11.20-16.02.45:211][945]CompilerResultsLog: Info Star.cpp
[2015.11.20-16.02.45:211][945]CompilerResultsLog: Info [2/2] Link UE4Editor-SpaceGame-1744.dll
[2015.11.20-16.02.45:211][945]CompilerResultsLog: Info    Creating library C:\Users\Spellabbet\Documents\GitHub\SpaceGame\Project\SpaceGame\Intermediate/Build/Win64\UE4Editor\Development\UE4Editor-SpaceGame-1744.lib and object C:\Users\Spellabbet\Documents\GitHub\SpaceGame\Project\SpaceGame\Intermediate/Build/Win64\UE4Editor\Development\UE4Editor-SpaceGame-1744.exp
[2015.11.20-16.02.45:212][945]CompilerResultsLog: Info -------- End Detailed Actions Stats -----------------------------------------------------------
[2015.11.20-16.02.45:212][945]CompilerResultsLog: Info Total build time: 3,18 seconds
[2015.11.20-16.02.45:212][945]LogMainFrame: MainFrame: Module compiling took 3.213 seconds
[2015.11.20-16.02.45:312][945]LogClass: OwnedBy HotReload.
[2015.11.20-16.02.45:314][945]LogContentBrowser: Native class hierarchy updated for 'SpaceGame' in 0.0009 seconds. Added 7 classes and 2 folders.
[2015.11.20-16.02.45:315][945]Warning: HotReload successful (4 functions remapped  0 scriptstructs remapped)
[2015.11.20-16.02.45:369][945]LogContentBrowser: Native class hierarchy populated in 0.0067 seconds. Added 1875 classes and 337 folders.
[2015.11.20-16.02.46:602][ 92]LogEditorViewport: Clicking on Actor (LMB): FleetBP_C (FleetBP)
[2015.11.20-16.02.47:668][213]LogPlayLevel: PlayLevel: No blueprints needed recompiling
[2015.11.20-16.02.47:668][213]PIE: New page: PIE session: Untitled_1 (Nov 20, 2015, 6:02:47 PM)
[2015.11.20-16.02.47:669][213]LogPlayLevel: Creating play world package: /Temp/UEDPIE_0_Untitled_1
[2015.11.20-16.02.47:670][213]LogPlayLevel: PIE: StaticDuplicateObject took: (0.001678s)
[2015.11.20-16.02.47:671][213]LogAIModule: Creating AISystem for world Untitled_1
[2015.11.20-16.02.47:671][213]LogPlayLevel: PIE: World Init took: (0.000777s)
[2015.11.20-16.02.47:671][213]LogPlayLevel: PIE: Created PIE world by copying editor world from /Temp/Untitled_1.Untitled_1 to /Temp/UEDPIE_0_Untitled_1.Untitled_1 (0.002746s)
[2015.11.20-16.02.47:686][213]LogInit: XAudio2 using 'Speakers (4- High Definition Audio Device)' : 2 channels at 44.1 kHz using 16 bits per sample (channel mask 0x3)
[2015.11.20-16.02.47:691][213]LogInit: FAudioDevice initialized.
[2015.11.20-16.02.47:740][213]LogWorld: Game class is 'GameMode'
[2015.11.20-16.02.47:742][213]LogWorld: Bringing World /Temp/UEDPIE_0_Untitled_1.Untitled_1 up for play (max tick rate 0) at 2015.11.20-17.02.47
[2015.11.20-16.02.47:743][213]LogActor:Warning: GameSession /Temp/UEDPIE_0_Untitled_1.Untitled_1:PersistentLevel.GameSession_0 has natively added scene component(s), but none of them were set as the actor's RootComponent - picking one arbitrarily
[2015.11.20-16.02.47:743][213]LogActor:Warning: GameNetworkManager /Temp/UEDPIE_0_Untitled_1.Untitled_1:PersistentLevel.GameNetworkManager_0 has natively added scene component(s), but none of them were set as the actor's RootComponent - picking one arbitrarily
[2015.11.20-16.02.47:743][213]LogWorld: Bringing up level for play took: 0.001985
[2015.11.20-16.02.47:745][213]PIE: Info Play in editor start time for /Temp/UEDPIE_0_Untitled_1 -0.239
[2015.11.20-16.02.51:500][662]LogSelection:Warning: PIE object was selected: "FleetBP_C /Temp/UEDPIE_0_Untitled_1.Untitled_1:PersistentLevel.FleetBP_2"
[2015.11.20-16.02.54:300][943]LogEditorViewport: Clicking on Actor (LMB): FleetBP_C (FleetBP)
[2015.11.20-16.02.54:300][943]LogSelection:Warning: PIE object was selected: "FleetBP_C /Temp/UEDPIE_0_Untitled_1.Untitled_1:PersistentLevel.FleetBP_2"
[2015.11.20-16.03.05:506][ 64]LogEditorViewport: Clicking on Actor (LMB): FleetBP_C (FleetBP8)
[2015.11.20-16.03.05:506][ 64]LogSelection:Warning: PIE object was selected: "FleetBP_C /Temp/UEDPIE_0_Untitled_1.Untitled_1:PersistentLevel.FleetBP_C_8"
[2015.11.20-16.03.09:393][432]LogEditorViewport: Clicking on Actor (LMB): BP_Sky_Sphere_C (Sky Sphere)
[2015.11.20-16.03.09:393][432]LogSelection:Warning: PIE object was selected: "BP_Sky_Sphere_C /Temp/UEDPIE_0_Untitled_1.Untitled_1:PersistentLevel.SkySphere"
[2015.11.20-16.03.12:401][768]LogEditorViewport: Clicking on Actor (LMB): BP_Sky_Sphere_C (Sky Sphere)
[2015.11.20-16.03.12:401][768]LogSelection:Warning: PIE object was selected: "BP_Sky_Sphere_C /Temp/UEDPIE_0_Untitled_1.Untitled_1:PersistentLevel.SkySphere"
[2015.11.20-16.03.14:796][ 42]LogParticles: Destroying 0 GPU particle simulations for FXSystem 0x000000D644205A80
[2015.11.20-16.03.18:054][210]LogWindowsTextInputMethodSystem:Display: IME system now deactivated.
[2015.11.20-16.03.18:286][211]Cmd: QUIT_EDITOR
[2015.11.20-16.03.19:513][211]LogExit: Preparing to exit.
[2015.11.20-16.03.19:707][211]LogExit: Editor shut down
[2015.11.20-16.03.19:707][211]LogExit: Transaction tracking system shut down
[2015.11.20-16.03.19:708][211]LogParticles: Destroying 0 GPU particle simulations for FXSystem 0x000000D60DB234C0
[2015.11.20-16.03.19:708][211]LogParticles: Destroying 0 GPU particle simulations for FXSystem 0x000000D627E9B880
[2015.11.20-16.03.19:708][211]LogParticles: Destroying 0 GPU particle simulations for FXSystem 0x000000D627CE7600
[2015.11.20-16.03.19:809][211]LogExit: Object subsystem successfully closed.
[2015.11.20-16.03.19:820][211]LogD3D11RHI: Shutdown
[2015.11.20-16.03.19:820][211]LogD3D11RHI: CleanupD3DDevice
[2015.11.20-16.03.19:855][211]LogD3D11RHI: ~FD3D11DynamicRHI
[2015.11.20-16.03.19:868][211]LogModuleManager: Shutting down and abandoning module CrashTracker (198)
[2015.11.20-16.03.19:868][211]LogModuleManager: Shutting down and abandoning module SceneOutliner (197)
[2015.11.20-16.03.19:868][211]LogModuleManager: Shutting down and abandoning module SuperSearch (196)
[2015.11.20-16.03.19:868][211]LogModuleManager: Shutting down and abandoning module WidgetCarousel (195)
[2015.11.20-16.03.19:868][211]LogModuleManager: Shutting down and abandoning module AddContentDialog (194)
[2015.11.20-16.03.19:869][211]LogModuleManager: Shutting down and abandoning module EditorWidgets (193)
[2015.11.20-16.03.19:869][211]LogModuleManager: Shutting down and abandoning module CollectionManager (192)
[2015.11.20-16.03.19:869][211]LogModuleManager: Shutting down and abandoning module StatsViewer (191)
[2015.11.20-16.03.19:869][211]LogModuleManager: Shutting down and abandoning module FoliageEdit (190)
[2015.11.20-16.03.19:869][211]LogModuleManager: Shutting down and abandoning module LandscapeEditor (189)
[2015.11.20-16.03.19:869][211]LogModuleManager: Shutting down and abandoning module ActorPickerMode (188)
[2015.11.20-16.03.19:869][211]LogModuleManager: Shutting down and abandoning module GeometryMode (187)
[2015.11.20-16.03.19:869][211]LogModuleManager: Shutting down and abandoning module TextureAlignMode (186)
[2015.11.20-16.03.19:869][211]LogModuleManager: Shutting down and abandoning module BspMode (185)
[2015.11.20-16.03.19:869][211]LogModuleManager: Shutting down and abandoning module PlacementMode (184)
[2015.11.20-16.03.19:869][211]LogModuleManager: Shutting down and abandoning module AutomationWorker (183)
[2015.11.20-16.03.19:869][211]LogModuleManager: Shutting down and abandoning module CharacterAI (182)
[2015.11.20-16.03.19:869][211]LogModuleManager: Shutting down and abandoning module SmartSnapping (181)
[2015.11.20-16.03.19:869][211]LogModuleManager: Shutting down and abandoning module ViewportSnapping (180)
[2015.11.20-16.03.19:869][211]LogModuleManager: Shutting down and abandoning module LogVisualizer (179)
[2015.11.20-16.03.19:869][211]LogModuleManager: Shutting down and abandoning module GameProjectGeneration (178)
[2015.11.20-16.03.19:869][211]LogModuleManager: Shutting down and abandoning module IntroTutorials (177)
[2015.11.20-16.03.19:869][211]LogModuleManager: Shutting down and abandoning module EditorLiveStreaming (176)
[2015.11.20-16.03.19:869][211]LogModuleManager: Shutting down and abandoning module IOSPlatformEditor (175)
[2015.11.20-16.03.19:869][211]LogModuleManager: Shutting down and abandoning module HTML5PlatformEditor (174)
[2015.11.20-16.03.19:869][211]LogModuleManager: Shutting down and abandoning module AndroidDeviceDetection (173)
[2015.11.20-16.03.20:554][211]LogModuleManager: Shutting down and abandoning module AndroidPlatformEditor (172)
[2015.11.20-16.03.20:554][211]LogModuleManager: Shutting down and abandoning module IOSRuntimeSettings (171)
[2015.11.20-16.03.20:554][211]LogModuleManager: Shutting down and abandoning module AndroidRuntimeSettings (170)
[2015.11.20-16.03.20:554][211]LogModuleManager: Shutting down and abandoning module MergeActors (169)
[2015.11.20-16.03.20:554][211]LogModuleManager: Shutting down and abandoning module SizeMap (168)
[2015.11.20-16.03.20:554][211]LogModuleManager: Shutting down and abandoning module TreeMap (167)
[2015.11.20-16.03.20:554][211]LogModuleManager: Shutting down and abandoning module ReferenceViewer (166)
[2015.11.20-16.03.20:554][211]LogModuleManager: Shutting down and abandoning module LocalizationService (165)
[2015.11.20-16.03.20:554][211]LogModuleManager: Shutting down and abandoning module LocalizationDashboard (164)
[2015.11.20-16.03.20:554][211]LogModuleManager: Shutting down and abandoning module HardwareTargeting (163)
[2015.11.20-16.03.20:554][211]LogModuleManager: Shutting down and abandoning module DeviceProfileEditor (162)
[2015.11.20-16.03.20:554][211]LogModuleManager: Shutting down and abandoning module UndoHistory (161)
[2015.11.20-16.03.20:554][211]LogModuleManager: Shutting down and abandoning module GameplayTagsEditor (160)
[2015.11.20-16.03.20:554][211]LogModuleManager: Shutting down and abandoning module UserFeedback (159)
[2015.11.20-16.03.20:554][211]LogModuleManager: Shutting down and abandoning module XmlParser (158)
[2015.11.20-16.03.20:554][211]LogModuleManager: Shutting down and abandoning module Blutility (157)
[2015.11.20-16.03.20:554][211]LogModuleManager: Shutting down and abandoning module ProjectTargetPlatformEditor (156)
[2015.11.20-16.03.20:554][211]LogModuleManager: Shutting down and abandoning module ProjectSettingsViewer (155)
[2015.11.20-16.03.20:554][211]LogModuleManager: Shutting down and abandoning module InputBindingEditor (154)
[2015.11.20-16.03.20:554][211]LogModuleManager: Shutting down and abandoning module EditorSettingsViewer (153)
[2015.11.20-16.03.20:554][211]LogModuleManager: Shutting down and abandoning module SettingsEditor (152)
[2015.11.20-16.03.20:554][211]LogModuleManager: Shutting down and abandoning module ProjectLauncher (151)
[2015.11.20-16.03.20:554][211]LogModuleManager: Shutting down and abandoning module SessionFrontend (150)
[2015.11.20-16.03.20:554][211]LogModuleManager: Shutting down and abandoning module ProfilerClient (149)
[2015.11.20-16.03.20:554][211]LogModuleManager: Shutting down and abandoning module TargetDeviceServices (148)
[2015.11.20-16.03.20:554][211]LogModuleManager: Shutting down and abandoning module DeviceManager (147)
[2015.11.20-16.03.20:554][211]LogModuleManager: Shutting down and abandoning module AutomationController (146)
[2015.11.20-16.03.20:554][211]LogModuleManager: Shutting down and abandoning module AutomationWindow (145)
[2015.11.20-16.03.20:554][211]LogModuleManager: Shutting down and abandoning module Layers (144)
[2015.11.20-16.03.20:554][211]LogModuleManager: Shutting down and abandoning module ComponentVisualizers (143)
[2015.11.20-16.03.20:554][211]LogModuleManager: Shutting down and abandoning module DetailCustomizations (142)
[2015.11.20-16.03.20:554][211]LogModuleManager: Shutting down and abandoning module PackagesDialog (141)
[2015.11.20-16.03.20:555][211]LogModuleManager: Shutting down and abandoning module Persona (140)
[2015.11.20-16.03.20:555][211]LogModuleManager: Shutting down and abandoning module Kismet (139)
[2015.11.20-16.03.20:555][211]LogModuleManager: Shutting down and abandoning module GraphEditor (138)
[2015.11.20-16.03.20:555][211]LogModuleManager: Shutting down and abandoning module ClassViewer (137)
[2015.11.20-16.03.20:555][211]LogModuleManager: Shutting down and abandoning module Toolbox (136)
[2015.11.20-16.03.20:555][211]LogModuleManager: Shutting down and abandoning module ModuleUI (135)
[2015.11.20-16.03.20:555][211]LogModuleManager: Shutting down and abandoning module MovieSceneTools (134)
[2015.11.20-16.03.20:555][211]LogModuleManager: Shutting down and abandoning module OutputLog (133)
[2015.11.20-16.03.20:555][211]LogModuleManager: Shutting down and abandoning module GammaUI (132)
[2015.11.20-16.03.20:555][211]LogModuleManager: Shutting down and abandoning module Documentation (131)
[2015.11.20-16.03.20:555][211]LogModuleManager: Shutting down and abandoning module GameLiveStreaming (130)
[2015.11.20-16.03.20:555][211]LogModuleManager: Shutting down and abandoning module StreamingPauseRendering (129)
[2015.11.20-16.03.20:555][211]LogModuleManager: Shutting down and abandoning module AnalyticsET (128)
[2015.11.20-16.03.20:555][211]LogModuleManager: Shutting down and abandoning module Analytics (127)
[2015.11.20-16.03.20:555][211]LogModuleManager: Shutting down and abandoning module AITestSuite (126)
[2015.11.20-16.03.20:555][211]LogModuleManager: Shutting down and abandoning module GameplayDebugger (125)
[2015.11.20-16.03.20:555][211]LogModuleManager: Shutting down and abandoning module AIModule (124)
[2015.11.20-16.03.20:555][211]LogModuleManager: Shutting down and abandoning module ProfilerService (123)
[2015.11.20-16.03.20:762][211]LogModuleManager: Shutting down and abandoning module TaskGraph (122)
[2015.11.20-16.03.20:762][211]LogModuleManager: Shutting down and abandoning module SlateRemote (121)
[2015.11.20-16.03.20:762][211]LogModuleManager: Shutting down and abandoning module SteamVRController (120)
[2015.11.20-16.03.20:762][211]LogModuleManager: Shutting down and abandoning module SteamVR (119)
[2015.11.20-16.03.20:762][211]LogModuleManager: Shutting down and abandoning module ProceduralMeshComponent (118)
[2015.11.20-16.03.20:762][211]LogModuleManager: Shutting down and abandoning module OculusRift (117)
[2015.11.20-16.03.20:762][211]LogModuleManager: Shutting down and abandoning module OculusLibrary (116)
[2015.11.20-16.03.20:762][211]LogModuleManager: Shutting down and abandoning module LeapMotionController (115)
[2015.11.20-16.03.20:768][211]LogModuleManager: Shutting down and abandoning module CustomMeshComponent (114)
[2015.11.20-16.03.20:768][211]LogModuleManager: Shutting down and abandoning module CableComponent (113)
[2015.11.20-16.03.20:768][211]LogModuleManager: Shutting down and abandoning module ArchVisCharacter (112)
[2015.11.20-16.03.20:768][211]LogModuleManager: Shutting down and abandoning module MessagingDebugger (111)
[2015.11.20-16.03.20:768][211]LogModuleManager: Shutting down and abandoning module MediaPlayerEditor (110)
[2015.11.20-16.03.20:768][211]LogModuleManager: Shutting down and abandoning module HTML5Networking (109)
[2015.11.20-16.03.20:768][211]LogModuleManager: Shutting down and abandoning module SpeedTreeImporter (108)
[2015.11.20-16.03.20:768][211]LogModuleManager: Shutting down and abandoning module PluginBrowser (107)
[2015.11.20-16.03.20:768][211]LogModuleManager: Shutting down and abandoning module EpicSurvey (106)
[2015.11.20-16.03.20:768][211]LogModuleManager: Shutting down and abandoning module DesktopPlatform (105)
[2015.11.20-16.03.20:768][211]LogModuleManager: Shutting down and abandoning module VisualStudioSourceCodeAccess (104)
[2015.11.20-16.03.20:768][211]LogModuleManager: Shutting down and abandoning module UObjectPlugin (103)
[2015.11.20-16.03.20:768][211]LogModuleManager: Shutting down and abandoning module SubversionSourceControl (102)
[2015.11.20-16.03.20:768][211]LogModuleManager: Shutting down and abandoning module PerforceSourceControl (101)
[2015.11.20-16.03.20:768][211]LogModuleManager: Shutting down and abandoning module SourceControl (100)
[2015.11.20-16.03.20:768][211]LogModuleManager: Shutting down and abandoning module GitSourceControl (99)
[2015.11.20-16.03.20:768][211]LogModuleManager: Shutting down and abandoning module LightPropagationVolumeEditor (98)
[2015.11.20-16.03.20:768][211]LogModuleManager: Shutting down and abandoning module PaperTiledImporter (97)
[2015.11.20-16.03.20:768][211]LogModuleManager: Shutting down and abandoning module PaperSpriteSheetImporter (96)
[2015.11.20-16.03.20:768][211]LogModuleManager: Shutting down and abandoning module MeshPaint (95)
[2015.11.20-16.03.20:768][211]LogModuleManager: Shutting down and abandoning module SlateReflector (94)
[2015.11.20-16.03.20:768][211]LogModuleManager: Shutting down and abandoning module HotReload (93)
[2015.11.20-16.03.20:768][211]LogModuleManager: Shutting down and abandoning module MainFrame (92)
[2015.11.20-16.03.20:768][211]LogModuleManager: Shutting down and abandoning module LevelEditor (91)
[2015.11.20-16.03.20:769][211]LogModuleManager: Shutting down and abandoning module DirectoryWatcher (90)
[2015.11.20-16.03.20:770][211]LogModuleManager: Shutting down and abandoning module AssetRegistry (89)
[2015.11.20-16.03.20:887][211]LogModuleManager: Shutting down and abandoning module ContentBrowser (88)
[2015.11.20-16.03.20:888][211]LogModuleManager: Shutting down and abandoning module Paper2DEditor (87)
[2015.11.20-16.03.20:888][211]LogModuleManager: Shutting down and abandoning module SpaceGame (86)
[2015.11.20-16.03.20:888][211]LogModuleManager: Shutting down and abandoning module UdpMessaging (85)
[2015.11.20-16.03.20:989][211]LogModuleManager: Shutting down and abandoning module LightPropagationVolumeRuntime (84)
[2015.11.20-16.03.20:989][211]LogModuleManager: Shutting down and abandoning module Paper2D (83)
[2015.11.20-16.03.20:989][211]LogModuleManager: Shutting down and abandoning module WindowsMoviePlayer (82)
[2015.11.20-16.03.20:991][211]LogModuleManager: Shutting down and abandoning module Media (81)
[2015.11.20-16.03.20:991][211]LogModuleManager: Shutting down and abandoning module WmfMedia (80)
[2015.11.20-16.03.20:991][211]LogModuleManager: Shutting down and abandoning module OnlineBlueprintSupport (79)
[2015.11.20-16.03.20:991][211]LogModuleManager: Shutting down and abandoning module GameplayTasksEditor (78)
[2015.11.20-16.03.20:991][211]LogModuleManager: Shutting down and abandoning module PropertyEditor (77)
[2015.11.20-16.03.20:991][211]LogModuleManager: Shutting down and abandoning module BehaviorTreeEditor (76)
[2015.11.20-16.03.20:991][211]LogModuleManager: Shutting down and abandoning module FunctionalTesting (75)
[2015.11.20-16.03.20:991][211]LogModuleManager: Shutting down and abandoning module CollisionAnalyzer (74)
[2015.11.20-16.03.20:991][211]LogModuleManager: Shutting down and abandoning module WorkspaceMenuStructure (73)
[2015.11.20-16.03.20:991][211]LogModuleManager: Shutting down and abandoning module MessageLog (72)
[2015.11.20-16.03.20:991][211]LogModuleManager: Shutting down and abandoning module Sequencer (71)
[2015.11.20-16.03.20:991][211]LogModuleManager: Shutting down and abandoning module AssetTools (70)
[2015.11.20-16.03.20:991][211]LogModuleManager: Shutting down and abandoning module UMGEditor (69)
[2015.11.20-16.03.20:991][211]LogModuleManager: Shutting down and abandoning module UMG (68)
[2015.11.20-16.03.20:991][211]LogModuleManager: Shutting down and abandoning module Slate (67)
[2015.11.20-16.03.20:991][211]LogModuleManager: Shutting down and abandoning module EditorStyle (66)
[2015.11.20-16.03.20:993][211]LogModuleManager: Shutting down and abandoning module SessionServices (65)
[2015.11.20-16.03.20:993][211]LogModuleManager: Shutting down and abandoning module SourceCodeAccess (64)
[2015.11.20-16.03.20:993][211]LogModuleManager: Shutting down and abandoning module HeadMountedDisplay (63)
[2015.11.20-16.03.20:993][211]LogModuleManager: Shutting down and abandoning module XAudio2 (62)
[2015.11.20-16.03.20:993][211]LogModuleManager: Shutting down and abandoning module Networking (60)
[2015.11.20-16.03.20:993][211]LogModuleManager: Shutting down and abandoning module Core (59)
[2015.11.20-16.03.20:993][211]LogModuleManager: Shutting down and abandoning module KismetCompiler (58)
[2015.11.20-16.03.20:993][211]LogModuleManager: Shutting down and abandoning module PhysXFormats (57)
[2015.11.20-16.03.20:993][211]LogModuleManager: Shutting down and abandoning module MeshUtilities (56)
[2015.11.20-16.03.20:993][211]LogModuleManager: Shutting down and abandoning module CookingStats (55)
[2015.11.20-16.03.20:993][211]LogModuleManager: Shutting down and abandoning module DerivedDataCache (54)
[2015.11.20-16.03.21:113][211]LogDerivedDataCache: Shutdown
[2015.11.20-16.03.21:113][211]LogModuleManager: Shutting down and abandoning module ShaderFormatOpenGL (53)
[2015.11.20-16.03.21:113][211]LogModuleManager: Shutting down and abandoning module ShaderFormatD3D (52)
[2015.11.20-16.03.21:113][211]LogModuleManager: Shutting down and abandoning module MetalShaderFormat (51)
[2015.11.20-16.03.21:113][211]LogModuleManager: Shutting down and abandoning module TextureFormatUncompressed (50)
[2015.11.20-16.03.21:113][211]LogModuleManager: Shutting down and abandoning module TextureFormatPVR (49)
[2015.11.20-16.03.21:113][211]LogModuleManager: Shutting down and abandoning module TextureFormatIntelISPCTexComp (48)
[2015.11.20-16.03.21:113][211]LogModuleManager: Shutting down and abandoning module TextureFormatDXT (47)
[2015.11.20-16.03.21:113][211]LogModuleManager: Shutting down and abandoning module ImageWrapper (46)
[2015.11.20-16.03.21:113][211]LogModuleManager: Shutting down and abandoning module TextureFormatASTC (45)
[2015.11.20-16.03.21:113][211]LogModuleManager: Shutting down and abandoning module TextureFormatAndroid (44)
[2015.11.20-16.03.21:113][211]LogModuleManager: Shutting down and abandoning module AudioFormatOpus (43)
[2015.11.20-16.03.21:113][211]LogModuleManager: Shutting down and abandoning module AudioFormatOgg (42)
[2015.11.20-16.03.21:113][211]LogModuleManager: Shutting down and abandoning module AudioFormatADPCM (41)
[2015.11.20-16.03.21:113][211]LogModuleManager: Shutting down and abandoning module LinuxTargetPlatform (40)
[2015.11.20-16.03.21:113][211]LogModuleManager: Shutting down and abandoning module LinuxServerTargetPlatform (39)
[2015.11.20-16.03.21:113][211]LogModuleManager: Shutting down and abandoning module LinuxNoEditorTargetPlatform (38)
[2015.11.20-16.03.21:113][211]LogModuleManager: Shutting down and abandoning module Messaging (37)
[2015.11.20-16.03.21:113][211]LogModuleManager: Shutting down and abandoning module IOSTargetPlatform (36)
[2015.11.20-16.03.21:113][211]LogModuleManager: Shutting down and abandoning module HTML5TargetPlatform (35)
[2015.11.20-16.03.21:113][211]LogModuleManager: Shutting down and abandoning module Android_PVRTCTargetPlatform (34)
[2015.11.20-16.03.21:113][211]LogModuleManager: Shutting down and abandoning module Android_ETC2TargetPlatform (33)
[2015.11.20-16.03.21:113][211]LogModuleManager: Shutting down and abandoning module Android_ETC1TargetPlatform (32)
[2015.11.20-16.03.21:113][211]LogModuleManager: Shutting down and abandoning module Android_DXTTargetPlatform (31)
[2015.11.20-16.03.21:113][211]LogModuleManager: Shutting down and abandoning module Android_ATCTargetPlatform (30)
[2015.11.20-16.03.21:113][211]LogModuleManager: Shutting down and abandoning module Android_ASTCTargetPlatform (29)
[2015.11.20-16.03.21:113][211]LogModuleManager: Shutting down and abandoning module AndroidTargetPlatform (28)
[2015.11.20-16.03.21:113][211]LogModuleManager: Shutting down and abandoning module WindowsTargetPlatform (27)
[2015.11.20-16.03.21:113][211]LogModuleManager: Shutting down and abandoning module WindowsServerTargetPlatform (26)
[2015.11.20-16.03.21:113][211]LogModuleManager: Shutting down and abandoning module WindowsNoEditorTargetPlatform (25)
[2015.11.20-16.03.21:113][211]LogModuleManager: Shutting down and abandoning module WindowsClientTargetPlatform (24)
[2015.11.20-16.03.21:113][211]LogModuleManager: Shutting down and abandoning module AllDesktopTargetPlatform (23)
[2015.11.20-16.03.21:113][211]LogModuleManager: Shutting down and abandoning module TargetPlatform (22)
[2015.11.20-16.03.21:113][211]LogModuleManager: Shutting down and abandoning module InputCore (21)
[2015.11.20-16.03.21:113][211]LogModuleManager: Shutting down and abandoning module Settings (20)
[2015.11.20-16.03.21:113][211]LogModuleManager: Shutting down and abandoning module OnlineSubsystem (18)
[2015.11.20-16.03.21:113][211]LogModuleManager: Shutting down and abandoning module HTTP (17)
[2015.11.20-16.03.22:115][211]LogModuleManager: Shutting down and abandoning module XMPP (16)
[2015.11.20-16.03.22:115][211]LogModuleManager: Shutting down and abandoning module ExampleDeviceProfileSelector (15)
[2015.11.20-16.03.22:115][211]LogModuleManager: Shutting down and abandoning module TextureCompressor (14)
[2015.11.20-16.03.22:115][211]LogModuleManager: Shutting down and abandoning module ShaderCore (13)
[2015.11.20-16.03.22:115][211]LogModuleManager: Shutting down and abandoning module Landscape (12)
[2015.11.20-16.03.22:115][211]LogModuleManager: Shutting down and abandoning module SlateRHIRenderer (11)
[2015.11.20-16.03.22:116][211]LogModuleManager: Shutting down and abandoning module OpenGLDrv (10)
[2015.11.20-16.03.22:116][211]LogModuleManager: Shutting down and abandoning module D3D11RHI (9)
[2015.11.20-16.03.22:116][211]LogModuleManager: Shutting down and abandoning module AnimGraphRuntime (8)
[2015.11.20-16.03.22:116][211]LogModuleManager: Shutting down and abandoning module Renderer (7)
[2015.11.20-16.03.22:116][211]LogModuleManager: Shutting down and abandoning module Engine (6)
[2015.11.20-16.03.22:116][211]LogModuleManager: Shutting down and abandoning module CoreUObject (5)
[2015.11.20-16.03.22:116][211]LogModuleManager: Shutting down and abandoning module NetworkFile (4)
[2015.11.20-16.03.22:116][211]LogModuleManager: Shutting down and abandoning module StreamingFile (3)
[2015.11.20-16.03.22:116][211]LogModuleManager: Shutting down and abandoning module SandboxFile (2)
[2015.11.20-16.03.22:116][211]LogModuleManager: Shutting down and abandoning module PakFile (1)
[2015.11.20-16.03.22:117][211]LogExit: Exiting.
[2015.11.20-16.03.22:118][211]Log file closed, 11/20/15 17:03:22
