[2015.11.27-12.01.16:715][  0]Log file open, 11/27/15 13:01:16
[2015.11.27-12.01.16:715][  0]LogInit:Display: Running engine without a game
[2015.11.27-12.01.16:715][  0]LogInit:Display: Loading recent project file: ../../../../../../Users/Spellabbet/Documents/Unreal Projects/SpaceGame/Project/SpaceGame/SpaceGame.uproject
[2015.11.27-12.01.16:715][  0]LogInit:Display: RandInit(-1642640613) SRandInit(-1642640612).
[2015.11.27-12.01.16:715][  0]LogTaskGraph: Started task graph with 4 named threads and 7 total threads.
[2015.11.27-12.01.16:715][  0]LogStats: Stats thread started at 0.069648
[2015.11.27-12.01.16:715][  0]LogInit: Version: 4.9.2-2707645+++depot+UE4-Releases+4.9
[2015.11.27-12.01.16:715][  0]LogInit: API Version: 2672455
[2015.11.27-12.01.16:715][  0]LogInit: Compiled (64-bit): Sep 28 2015 10:25:44
[2015.11.27-12.01.16:715][  0]LogInit: Compiled with Visual C++: 18.00.21005.01
[2015.11.27-12.01.16:715][  0]LogInit: Build Configuration: Development
[2015.11.27-12.01.16:715][  0]LogInit: Branch Name: ++depot+UE4-Releases+4.9
[2015.11.27-12.01.16:715][  0]LogInit: Command line: 
[2015.11.27-12.01.16:715][  0]LogInit: Base directory: C:/Program Files/Epic Games/4.9/Engine/Binaries/Win64/
[2015.11.27-12.01.16:715][  0]LogInit: Rocket: 1
[2015.11.27-12.01.16:722][  0]LogInit: Using libcurl 7.41.0
[2015.11.27-12.01.16:722][  0]LogInit:  - built for x86_64-pc-win32
[2015.11.27-12.01.16:722][  0]LogInit:  - supports SSL with WinSSL
[2015.11.27-12.01.16:722][  0]LogInit:  - other features:
[2015.11.27-12.01.16:722][  0]LogInit:      CURL_VERSION_SSL
[2015.11.27-12.01.16:722][  0]LogInit:      CURL_VERSION_IPV6
[2015.11.27-12.01.16:722][  0]LogInit:      CURL_VERSION_ASYNCHDNS
[2015.11.27-12.01.16:722][  0]LogInit:      CURL_VERSION_LARGEFILE
[2015.11.27-12.01.16:722][  0]LogInit:      CURL_VERSION_IDN
[2015.11.27-12.01.16:722][  0]LogInit:  CurlRequestOptions (configurable via config and command line):
[2015.11.27-12.01.16:722][  0]LogInit:  - bVerifyPeer = true  - Libcurl will verify peer certificate
[2015.11.27-12.01.16:722][  0]LogInit:  - bUseHttpProxy = false  - Libcurl will NOT use HTTP proxy
[2015.11.27-12.01.16:722][  0]LogInit:  - bDontReuseConnections = false  - Libcurl will reuse connections
[2015.11.27-12.01.16:722][  0]LogInit:  - CertBundlePath = nullptr  - Libcurl will use whatever was configured at build time.
[2015.11.27-12.01.16:727][  0]LogInit: Presizing for 0 objects not considered by GC, pre-allocating 0 bytes.
[2015.11.27-12.01.16:732][  0]LogInit: Object subsystem initialized
[2015.11.27-12.01.16:734][  0]LogInit: Selected Device Profile: [Windows]
[2015.11.27-12.01.16:734][  0]LogInit: Applying CVar settings loaded from the selected device profile: [Windows]
[2015.11.27-12.01.16:744][  0]LogInit: Computer: SpellabbA332-09
[2015.11.27-12.01.16:744][  0]LogInit: User: Spellabbet
[2015.11.27-12.01.16:744][  0]LogInit: CPU Page size=4096, Cores=4
[2015.11.27-12.01.16:744][  0]LogInit: High frequency timer resolution =3.507519 MHz
[2015.11.27-12.01.16:744][  0]LogMemory: Memory total: Physical=15.9GB (16GB approx)
[2015.11.27-12.01.16:744][  0]LogMemory: Platform Memory Stats for Windows
[2015.11.27-12.01.16:744][  0]LogMemory: Process Physical Memory: 52.14 MB used, 52.14 MB peak
[2015.11.27-12.01.16:744][  0]LogMemory: Process Virtual Memory: 57.02 MB used, 57.02 MB peak
[2015.11.27-12.01.16:744][  0]LogMemory: Physical Memory: 4129.05 MB used, 16318.82 MB total
[2015.11.27-12.01.16:744][  0]LogMemory: Virtual Memory: 349.31 MB used, 134217728.00 MB total
[2015.11.27-12.01.16:772][  0]LogTextLocalizationManager: No translations for ('sv-SE') exist, falling back to 'en' for localization and internationalization data.
[2015.11.27-12.01.17:403][  0]LogD3D11RHI: Found D3D11 adapter 0: NVIDIA GeForce GTX 960 (Feature Level 11_0)
[2015.11.27-12.01.17:403][  0]LogD3D11RHI: Adapter has 1965MB of dedicated video memory, 0MB of dedicated system memory, and 2048MB of shared system memory, 1 output[s]
[2015.11.27-12.01.17:405][  0]LogD3D11RHI: Found D3D11 adapter 1: Microsoft Basic Render Driver (Feature Level 11_0)
[2015.11.27-12.01.17:405][  0]LogD3D11RHI: Adapter has 0MB of dedicated video memory, 0MB of dedicated system memory, and 256MB of shared system memory, 0 output[s]
[2015.11.27-12.01.17:405][  0]LogD3D11RHI: Chosen D3D11 Adapter Id = 0
[2015.11.27-12.01.17:407][  0]LogD3D11RHI: !Direct3DDevice
[2015.11.27-12.01.17:407][  0]LogRHI: Texture pool is 1361 MB (70% of 1945 MB)
[2015.11.27-12.01.17:417][  0]LogD3D11RHI: Async texture creation enabled
[2015.11.27-12.01.17:431][  0]LogShaderCompilers: Guid format shader working directory is 15 characters bigger than the processId version (../../../../../../Users/Spellabbet/Documents/Unreal Projects/SpaceGame/Project/SpaceGame/Intermediate/Shaders/WorkingDirectory/1928/).
[2015.11.27-12.01.17:431][  0]LogShaderCompilers: Cleaned the shader compiler working directory '../../../../../../Users/Spellabbet/Documents/Unreal Projects/SpaceGame/Project/SpaceGame/Intermediate/Shaders/tmp/C975FEC740DE8FA839DD1B95575017EB/'.
[2015.11.27-12.01.17:431][  0]LogShaderCompilers:Display: Using Local Shader Compiler.
[2015.11.27-12.01.18:358][  0]LogTemp:Display: Loaded TP AllDesktopTargetPlatform
[2015.11.27-12.01.18:362][  0]LogTemp:Display: Loaded TP WindowsClientTargetPlatform
[2015.11.27-12.01.18:366][  0]LogTemp:Display: Loaded TP WindowsNoEditorTargetPlatform
[2015.11.27-12.01.18:371][  0]LogTemp:Display: Loaded TP WindowsServerTargetPlatform
[2015.11.27-12.01.18:375][  0]LogTemp:Display: Loaded TP WindowsTargetPlatform
[2015.11.27-12.01.18:377][  0]LogTemp:Display: Loaded TP AndroidTargetPlatform
[2015.11.27-12.01.18:380][  0]LogTemp:Display: Loaded TP Android_ASTCTargetPlatform
[2015.11.27-12.01.18:383][  0]LogTemp:Display: Loaded TP Android_ATCTargetPlatform
[2015.11.27-12.01.18:385][  0]LogTemp:Display: Loaded TP Android_DXTTargetPlatform
[2015.11.27-12.01.18:388][  0]LogTemp:Display: Loaded TP Android_ETC1TargetPlatform
[2015.11.27-12.01.18:391][  0]LogTemp:Display: Loaded TP Android_ETC2TargetPlatform
[2015.11.27-12.01.18:393][  0]LogTemp:Display: Loaded TP Android_PVRTCTargetPlatform
[2015.11.27-12.01.18:394][  0]LogTemp:Display: Loaded TP HTML5TargetPlatform
[2015.11.27-12.01.18:410][  0]LogTemp:Display: Loaded TP IOSTargetPlatform
[2015.11.27-12.01.18:413][  0]LogTemp:Display: Loaded TP LinuxNoEditorTargetPlatform
[2015.11.27-12.01.18:415][  0]LogTemp:Display: Loaded TP LinuxServerTargetPlatform
[2015.11.27-12.01.18:418][  0]LogTemp:Display: Loaded TP LinuxTargetPlatform
[2015.11.27-12.01.18:418][  0]LogTargetPlatformManager:Display: Building Assets For Windows
[2015.11.27-12.01.18:514][  0]LogDerivedDataCache:Display: Max Cache Size: 512 MB
[2015.11.27-12.01.18:548][  0]LogDerivedDataCache: Loaded boot cache 0.03s 41MB C:/Users/Spellabbet/AppData/Local/UnrealEngine/4.9/DerivedDataCache/Boot.ddc.
[2015.11.27-12.01.18:548][  0]LogDerivedDataCache:Display: Loaded Boot cache: C:/Users/Spellabbet/AppData/Local/UnrealEngine/4.9/DerivedDataCache/Boot.ddc
[2015.11.27-12.01.18:548][  0]LogDerivedDataCache: FDerivedDataBackendGraph:  Pak pak cache file ../../../../../../Users/Spellabbet/Documents/Unreal Projects/SpaceGame/Project/SpaceGame/DerivedDataCache/DDC.ddp not found, will not use a pak cache.
[2015.11.27-12.01.18:548][  0]LogDerivedDataCache: Unable to find inner node Pak for hierarchical cache Hierarchy.
[2015.11.27-12.01.18:548][  0]LogDerivedDataCache: FDerivedDataBackendGraph:  CompressedPak pak cache file ../../../../../../Users/Spellabbet/Documents/Unreal Projects/SpaceGame/Project/SpaceGame/DerivedDataCache/Compressed.ddp not found, will not use a pak cache.
[2015.11.27-12.01.18:548][  0]LogDerivedDataCache: Unable to find inner node CompressedPak for hierarchical cache Hierarchy.
[2015.11.27-12.01.18:658][  0]LogDerivedDataCache:Display: Pak cache opened for reading ../../../Engine/DerivedDataCache/Compressed.ddp.
[2015.11.27-12.01.18:670][  0]LogDerivedDataCache: Using Local data cache path C:/Users/Spellabbet/AppData/Local/UnrealEngine/Common/DerivedDataCache: Writable
[2015.11.27-12.01.18:821][  0]LogInit: Selected Device Profile: [Windows]
[2015.11.27-12.01.18:823][  0]LogContentStreaming: Texture pool size is 0.000000MB
[2015.11.27-12.01.18:937][  0]LogMeshUtilities: No automatic mesh reduction module available
[2015.11.27-12.01.18:937][  0]LogMeshUtilities: No automatic mesh merging module available
[2015.11.27-12.01.19:141][  0]LogInit: WinSock: version 1.1 (2.2), MaxSocks=32767, MaxUdp=65467
[2015.11.27-12.01.19:745][  0]UdpMessaging: Initializing bridge on interface 0.0.0.0:0 to multicast group 230.0.0.1:6666.
[2015.11.27-12.01.19:884][  0]LogAssetRegistry: FAssetRegistry took 0.0109 seconds to start up
[2015.11.27-12.01.20:063][  0]SourceControl: Info Source control is disabled
[2015.11.27-12.01.20:068][  0]SourceControl: Info Source control is disabled
[2015.11.27-12.01.20:086][  0]SourceControl: Info Source control is disabled
[2015.11.27-12.01.20:103][  0]SourceControl: Info Source control is disabled
[2015.11.27-12.01.20:338][  0]LogLinker:Warning: Asset '../../../Engine/Plugins/Runtime/LeapMotionController/Content/LM_PassthroughMaterial.uasset' has been saved with empty engine version. The asset will be loaded but may be incompatible.
[2015.11.27-12.01.20:455][  0]LogObj: 28437 objects as part of root set at end of initial load.
[2015.11.27-12.01.20:455][  0]LogUObjectAllocator: 6068432 out of 0 bytes used by permanent object pool.
[2015.11.27-12.01.20:501][  0]LogEngine: Initializing Engine...
[2015.11.27-12.01.20:502][  0]LogHMD: Can't find Oculus library dev build: is proper Runtime installed? Version: 0.7.0.0
[2015.11.27-12.01.20:503][  0]LogHMD: SteamVR failed to initialize.  Err: 110
[2015.11.27-12.01.20:598][  0]LogAIModule: Creating AISystem for world NewWorld
[2015.11.27-12.01.20:603][  0]LogInit: XAudio2 using 'Speakers (4- High Definition Audio Device)' : 2 channels at 44.1 kHz using 16 bits per sample (channel mask 0x3)
[2015.11.27-12.01.20:613][  0]LogInit: FAudioDevice initialized.
[2015.11.27-12.01.20:630][  0]LogDerivedDataCache: Saved boot cache 0.02s 41MB C:/Users/Spellabbet/AppData/Local/UnrealEngine/4.9/DerivedDataCache/Boot.ddc.
[2015.11.27-12.01.20:634][  0]LogInit: Texture streaming: Enabled
[2015.11.27-12.01.20:638][  0]LogAnalytics: Creating configured Analytics provider AnalyticsET
[2015.11.27-12.01.20:639][  0]LogAnalytics: [UEEditor.Rocket.Release] APIServer = http://et2.epicgames.com/ET2/. AppVersion = 4.9.2-2707645+++depot+UE4-Releases+4.9
[2015.11.27-12.01.20:639][  0]LogAnalytics: [UEEditor.Rocket.Release] SetUserId 634ab0cb456977c100e99f821f1d4277|7ebf86fc13e44331864479a64887c1c8|060e5e79-a789-49c4-8abd-5d8b330400a7
[2015.11.27-12.01.20:639][  0]LogAnalytics: [UEEditor.Rocket.Release] AnalyticsET::StartSession
[2015.11.27-12.01.20:658][  0]LogInit: Transaction tracking system initialized
[2015.11.27-12.01.20:681][  0]BlueprintLog: New page: Editor Load
[2015.11.27-12.01.20:748][  0]LocalizationService: Info Localization service is disabled
[2015.11.27-12.01.20:856][  0]LogConsoleResponse:Display: 
[2015.11.27-12.01.20:955][  0]LogCook:Display: Done creating registry. It took  0.00s.
[2015.11.27-12.01.21:033][  0]LogFileCache: Scanning file cache for directory 'C:/Users/Spellabbet/Documents/Unreal Projects/SpaceGame/Project/SpaceGame/Content/' took 0.01s
[2015.11.27-12.01.21:033][  0]SourceControl: Info Source control is disabled
[2015.11.27-12.01.21:033][  0]Cmd: MAP LOAD FILE="../../../Engine/Content/Maps/Templates/Template_Default.umap" TEMPLATE=1 SHOWPROGRESS=1 FEATURELEVEL=3
[2015.11.27-12.01.21:034][  0]LightingResults: New page: Lighting Build
[2015.11.27-12.01.21:036][  0]MapCheck: New page: Map Check
[2015.11.27-12.01.21:036][  0]LightingResults: New page: Lighting Build
[2015.11.27-12.01.21:047][  0]LogParticles: Destroying 0 GPU particle simulations for FXSystem 0x00000058029E2160
[2015.11.27-12.01.21:286][  0]LogAIModule: Creating AISystem for world Untitled_1
[2015.11.27-12.01.21:289][  0]LogEditorServer: Finished looking for orphan Actors (0.000 secs)
[2015.11.27-12.01.21:292][  0]Cmd: MAP CHECKDEP NOCLEARLOG
[2015.11.27-12.01.21:324][  0]MapCheck: Info Map check complete: 0 Error(s), 0 Warning(s), took 31.411ms to complete.
[2015.11.27-12.01.21:324][  0]LogFileHelpers: Loading map 'Template_Default' took 0.291
[2015.11.27-12.01.21:421][  0]LogCollectionManager: Loaded 0 collections in 0.002860 seconds
[2015.11.27-12.01.21:463][  0]LogFileCache: Scanning file cache for directory 'C:/Users/Spellabbet/Documents/Unreal Projects/SpaceGame/Project/SpaceGame/Saved/Collections/' took 0.01s
[2015.11.27-12.01.21:463][  0]LogFileCache: Scanning file cache for directory 'C:/Users/Spellabbet/Documents/Unreal Projects/SpaceGame/Project/SpaceGame/Content/Developers/Spellabbet/Collections/' took 0.01s
[2015.11.27-12.01.21:463][  0]LogFileCache: Scanning file cache for directory 'C:/Users/Spellabbet/Documents/Unreal Projects/SpaceGame/Project/SpaceGame/Content/Collections/' took 0.01s
[2015.11.27-12.01.21:463][  0]LogContentBrowser: Native class hierarchy populated in 0.0088 seconds. Added 1875 classes and 335 folders.
[2015.11.27-12.01.21:469][  0]LogCollectionManager: Rebuilt the GUID cache for 0 collections in 0.000002 seconds
[2015.11.27-12.01.21:475][  0]LogContentBrowser: Native class hierarchy updated for 'WidgetCarousel' in 0.0009 seconds. Added 0 classes and 0 folders.
[2015.11.27-12.01.21:510][  0]LogContentBrowser: Native class hierarchy updated for 'AddContentDialog' in 0.0009 seconds. Added 0 classes and 0 folders.
[2015.11.27-12.01.21:519][  0]LogContentBrowser: Native class hierarchy updated for 'SceneOutliner' in 0.0014 seconds. Added 1 classes and 2 folders.
[2015.11.27-12.01.21:564][  0]LogCrashTracker: Crashtracker disabled due to settings.
[2015.11.27-12.01.21:568][  0]LogUObjectGlobals:Warning: Failed to find object 'Class None.'
[2015.11.27-12.01.21:591][  0]LogLoad: Full Startup: 5.94 seconds (BP compile: 0.04 seconds)
[2015.11.27-12.01.21:976][  0]LogContentStreaming: Texture pool size now 1000 MB
[2015.11.27-12.01.22:082][  0]LogRenderer: Reallocating scene render targets to support 1076x556 (Frame:2).
[2015.11.27-12.01.22:610][  2]LogAssetRegistry: Asset discovery search completed in 2.7376 seconds
[2015.11.27-12.01.22:611][  2]LogCollectionManager: Rebuilt the object cache for 0 collections in 0.000001 seconds (found 0 objects)
[2015.11.27-12.01.22:611][  2]LogCollectionManager: Fixed up redirectors for 0 collections in 0.000028 seconds (updated 0 objects)
[2015.11.27-12.01.40:082][179]Recompiling SpaceGame...
[2015.11.27-12.01.40:083][179]Launching UnrealBuildTool... [C:/Program Files/Epic Games/4.9/Engine/Binaries/DotNET/UnrealBuildTool.exe SpaceGame -ModuleWithSuffix SpaceGame 4116 Win64 Development -editorrecompile -canskiplink "C:/Users/Spellabbet/Documents/Unreal Projects/SpaceGame/Project/SpaceGame/SpaceGame.uproject" -rocket  -rocket]
[2015.11.27-12.01.40:084][179]Warning: Starting HotReload took  0.0s.
[2015.11.27-12.01.43:560][575]CompilerResultsLog: New page: Compilation - Nov 27, 2015, 2:01:43 PM
[2015.11.27-12.01.43:560][575]CompilerResultsLog: Info Compiling game modules for hot reload
[2015.11.27-12.01.43:561][575]CompilerResultsLog: Info Performing 2 actions (4 in parallel)
[2015.11.27-12.01.43:561][575]CompilerResultsLog: Info Fleet.cpp
[2015.11.27-12.01.43:561][575]CompilerResultsLog: Info [2/2] Link UE4Editor-SpaceGame-4116.dll
[2015.11.27-12.01.43:561][575]CompilerResultsLog: Info    Creating library C:\Users\Spellabbet\Documents\Unreal Projects\SpaceGame\Project\SpaceGame\Intermediate/Build/Win64\UE4Editor\Development\UE4Editor-SpaceGame-4116.lib and object C:\Users\Spellabbet\Documents\Unreal Projects\SpaceGame\Project\SpaceGame\Intermediate/Build/Win64\UE4Editor\Development\UE4Editor-SpaceGame-4116.exp
[2015.11.27-12.01.43:561][575]CompilerResultsLog: Info -------- End Detailed Actions Stats -----------------------------------------------------------
[2015.11.27-12.01.43:561][575]CompilerResultsLog: Info Total build time: 3,45 seconds
[2015.11.27-12.01.43:561][575]LogMainFrame: MainFrame: Module compiling took 3.480 seconds
[2015.11.27-12.01.43:664][575]LogClass: FleetState HotReload.
[2015.11.27-12.01.43:664][575]LogClass: OwnedBy HotReload.
[2015.11.27-12.01.43:666][575]LogContentBrowser: Native class hierarchy updated for 'SpaceGame' in 0.0010 seconds. Added 8 classes and 2 folders.
[2015.11.27-12.01.43:668][575]Warning: HotReload successful (7 functions remapped  0 scriptstructs remapped)
[2015.11.27-12.01.43:731][575]LogContentBrowser: Native class hierarchy populated in 0.0081 seconds. Added 1876 classes and 337 folders.
[2015.11.27-12.01.44:235][633]LogPlayLevel: PlayLevel: No blueprints needed recompiling
[2015.11.27-12.01.44:235][633]PIE: New page: PIE session: Untitled_1 (Nov 27, 2015, 2:01:44 PM)
[2015.11.27-12.01.44:235][633]LogPlayLevel: Creating play world package: /Temp/UEDPIE_0_Untitled_1
[2015.11.27-12.01.44:237][633]LogPlayLevel: PIE: StaticDuplicateObject took: (0.001919s)
[2015.11.27-12.01.44:238][633]LogAIModule: Creating AISystem for world Untitled_1
[2015.11.27-12.01.44:238][633]LogPlayLevel: PIE: World Init took: (0.001010s)
[2015.11.27-12.01.44:239][633]LogPlayLevel: PIE: Created PIE world by copying editor world from /Temp/Untitled_1.Untitled_1 to /Temp/UEDPIE_0_Untitled_1.Untitled_1 (0.003199s)
[2015.11.27-12.01.44:257][633]LogInit: XAudio2 using 'Speakers (4- High Definition Audio Device)' : 2 channels at 44.1 kHz using 16 bits per sample (channel mask 0x3)
[2015.11.27-12.01.44:262][633]LogInit: FAudioDevice initialized.
[2015.11.27-12.01.44:348][633]LogWorld: Game class is 'GameModeBP_C'
[2015.11.27-12.01.44:351][633]LogWorld: Bringing World /Temp/UEDPIE_0_Untitled_1.Untitled_1 up for play (max tick rate 0) at 2015.11.27-13.01.44
[2015.11.27-12.01.44:351][633]LogActor:Warning: GameSession /Temp/UEDPIE_0_Untitled_1.Untitled_1:PersistentLevel.GameSession_0 has natively added scene component(s), but none of them were set as the actor's RootComponent - picking one arbitrarily
[2015.11.27-12.01.44:351][633]LogActor:Warning: GameNetworkManager /Temp/UEDPIE_0_Untitled_1.Untitled_1:PersistentLevel.GameNetworkManager_0 has natively added scene component(s), but none of them were set as the actor's RootComponent - picking one arbitrarily
[2015.11.27-12.01.44:351][633]LogWorld: Bringing up level for play took: 0.001625
[2015.11.27-12.01.44:353][633]PIE: Info Play in editor start time for /Temp/UEDPIE_0_Untitled_1 0.384
[2015.11.27-12.01.45:871][804]LogParticles: Destroying 0 GPU particle simulations for FXSystem 0x000000580EC16C00
[2015.11.27-12.01.47:418][983]LogAIModule: Creating AISystem for world Untitled
[2015.11.27-12.01.47:435][983]Cmd: MAP LOAD FILE="../../../../../../Users/Spellabbet/Documents/Unreal Projects/SpaceGame/Project/SpaceGame/Content/Maps/Untitled.umap" TEMPLATE=0 SHOWPROGRESS=1 FEATURELEVEL=3
[2015.11.27-12.01.47:435][983]LightingResults: New page: Lighting Build
[2015.11.27-12.01.47:453][983]LoadErrors: New page: Loading map: Untitled.umap
[2015.11.27-12.01.47:454][983]MapCheck: New page: Map Check
[2015.11.27-12.01.47:454][983]LightingResults: New page: Lighting Build
[2015.11.27-12.01.47:463][983]LogParticles: Destroying 0 GPU particle simulations for FXSystem 0x000000586E10BEC0
[2015.11.27-12.01.47:492][983]LogEditorServer: Finished looking for orphan Actors (0.000 secs)
[2015.11.27-12.01.47:519][983]Cmd: MAP CHECKDEP NOCLEARLOG
[2015.11.27-12.01.47:549][983]MapCheck: Info Map check complete: 0 Error(s), 0 Warning(s), took 29.243ms to complete.
[2015.11.27-12.01.47:550][983]LogFileHelpers: Loading map 'Untitled' took 0.115
[2015.11.27-12.01.48:366][ 75]LogBlueprintUserMessages: Early PlayInEditor Detection: Level '/Game/Maps/Untitled.Untitled:PersistentLevel' has LevelScriptBlueprint '/Game/Maps/Untitled.Untitled:PersistentLevel.Untitled' with GeneratedClass '/Game/Maps/Untitled.Untitled_C' with ClassGeneratedBy '/Game/Maps/Untitled.Untitled:PersistentLevel.Untitled'
[2015.11.27-12.01.48:366][ 75]LogPlayLevel: PlayLevel: No blueprints needed recompiling
[2015.11.27-12.01.48:366][ 75]PIE: New page: PIE session: Untitled (Nov 27, 2015, 2:01:48 PM)
[2015.11.27-12.01.48:366][ 75]LogPlayLevel: Creating play world package: /Game/Maps/UEDPIE_0_Untitled
[2015.11.27-12.01.48:369][ 75]LogPlayLevel: PIE: StaticDuplicateObject took: (0.003070s)
[2015.11.27-12.01.48:370][ 75]LogAIModule: Creating AISystem for world Untitled
[2015.11.27-12.01.48:370][ 75]LogPlayLevel: PIE: World Init took: (0.000809s)
[2015.11.27-12.01.48:370][ 75]LogPlayLevel: PIE: Created PIE world by copying editor world from /Game/Maps/Untitled.Untitled to /Game/Maps/UEDPIE_0_Untitled.Untitled (0.004186s)
[2015.11.27-12.01.48:388][ 75]LogInit: XAudio2 using 'Speakers (4- High Definition Audio Device)' : 2 channels at 44.1 kHz using 16 bits per sample (channel mask 0x3)
[2015.11.27-12.01.48:392][ 75]LogInit: FAudioDevice initialized.
[2015.11.27-12.01.48:429][ 75]LogWorld: Game class is 'GameModeBP_C'
[2015.11.27-12.01.48:431][ 75]LogWorld: Bringing World /Game/Maps/UEDPIE_0_Untitled.Untitled up for play (max tick rate 0) at 2015.11.27-13.01.48
[2015.11.27-12.01.48:431][ 75]LogActor:Warning: GameSession /Game/Maps/UEDPIE_0_Untitled.Untitled:PersistentLevel.GameSession_1 has natively added scene component(s), but none of them were set as the actor's RootComponent - picking one arbitrarily
[2015.11.27-12.01.48:432][ 75]LogActor:Warning: GameNetworkManager /Game/Maps/UEDPIE_0_Untitled.Untitled:PersistentLevel.GameNetworkManager_1 has natively added scene component(s), but none of them were set as the actor's RootComponent - picking one arbitrarily
[2015.11.27-12.01.48:432][ 75]LogWorld: Bringing up level for play took: 0.001737
[2015.11.27-12.01.48:433][ 75]PIE: Info Play in editor start time for /Game/Maps/UEDPIE_0_Untitled 0.464
[2015.11.27-12.01.48:433][ 75]LogBlueprintUserMessages: Late PlayInEditor Detection: Level '/Game/Maps/Untitled.Untitled:PersistentLevel' has LevelScriptBlueprint '/Game/Maps/Untitled.Untitled:PersistentLevel.Untitled' with GeneratedClass '/Game/Maps/Untitled.Untitled_C' with ClassGeneratedBy '/Game/Maps/Untitled.Untitled:PersistentLevel.Untitled'
[2015.11.27-12.01.50:166][267]LogCrashTracker: 


[2015.11.27-12.01.50:166][267]LogCrashTracker: 


[2015.11.27-12.01.50:166][267]LogWindows: === Critical error: ===
Fatal error!



[2015.11.27-12.01.50:266][267]LogExit: Executing StaticShutdownAfterError
[2015.11.27-12.01.50:267][267]LogOutputDevice:Warning: 

Script Stack:
MouseControllerBP_C.ExecuteUbergraph_MouseControllerBP
MouseControllerBP_C.InpActEvt_RightMouseButton_K2Node_InputKeyEvent_3

[2015.11.27-12.01.50:268][267]LogPhysics:Warning: PHYSX: ..\..\PhysX\src\NpScene.cpp (2946) 8 : PxScene::unlockWrite() called without matching call to PxScene::lockWrite(), behaviour will be undefined.
[2015.11.27-12.01.50:268][267]LogPhysics:Warning: PHYSX: ..\..\PhysX\src\NpScene.cpp (2946) 8 : PxScene::unlockWrite() called without matching call to PxScene::lockWrite(), behaviour will be undefined.
[2015.11.27-12.01.50:269][267]LogPhysics:Warning: PHYSX: ..\..\PhysX\src\NpScene.cpp (2946) 8 : PxScene::unlockWrite() called without matching call to PxScene::lockWrite(), behaviour will be undefined.
[2015.11.27-12.01.50:269][267]LogPhysics:Warning: PHYSX: ..\..\PhysX\src\NpScene.cpp (2946) 8 : PxScene::unlockWrite() called without matching call to PxScene::lockWrite(), behaviour will be undefined.
[2015.11.27-12.01.50:269][267]LogWindows: FPlatformMisc::RequestExit(1)
[2015.11.27-12.01.50:269][267]Log file closed, 11/27/15 13:01:50
