[2015.11.20-13.38.18:853][  0]Log file open, 11/20/15 14:38:18
[2015.11.20-13.38.18:853][  0]LogInit:Display: Running engine for game: SpaceGame
[2015.11.20-13.38.18:853][  0]LogInit:Display: RandInit(1829794547) SRandInit(1829794547).
[2015.11.20-13.38.18:853][  0]LogTaskGraph: Started task graph with 4 named threads and 7 total threads.
[2015.11.20-13.38.18:853][  0]LogStats: Stats thread started at 0.065887
[2015.11.20-13.38.18:853][  0]LogInit:Warning: Incompatible or missing module: UE4Editor-SpaceGame.dll
[2015.11.20-13.38.21:513][  0]Running C:/Program Files/Epic Games/4.9/Engine/Binaries/DotNET/UnrealBuildTool.exe SpaceGame Development Win64 -project="C:/Users/Spellabbet/Documents/GitHub/SpaceGame/Project/SpaceGame/SpaceGame.uproject" -rocket -editorrecompile -progress -noubtmakefiles
[2015.11.20-13.38.29:638][  0]@progress push 5%
[2015.11.20-13.38.30:240][  0]Parsing headers for SpaceGameEditor
[2015.11.20-13.38.30:240][  0]  Running UnrealHeaderTool "C:/Users/Spellabbet/Documents/GitHub/SpaceGame/Project/SpaceGame/SpaceGame.uproject" "C:\Users\Spellabbet\Documents\GitHub\SpaceGame\Project\SpaceGame\Intermediate\Build\Win64\SpaceGameEditor\Development\UnrealHeaderTool.manifest" -LogCmds="loginit warning, logexit warning, logdatabase error" -rocket -installed
[2015.11.20-13.38.36:450][  0]Reflection code generated for SpaceGameEditor in 6,1868236 seconds
[2015.11.20-13.38.36:651][  0]@progress pop
[2015.11.20-13.38.38:357][  0]Performing 10 actions (4 in parallel)
[2015.11.20-13.38.38:458][  0]PCH.SpaceGame.h.cpp
[2015.11.20-13.39.20:492][  0]Link.cpp
[2015.11.20-13.39.20:492][  0]SpaceGame.generated.cpp
[2015.11.20-13.39.20:493][  0]Combat.cpp
[2015.11.20-13.39.20:494][  0]Fleet.cpp
[2015.11.20-13.39.22:403][  0]Star.cpp
[2015.11.20-13.39.22:504][  0]Ship.cpp
[2015.11.20-13.39.22:504][  0]SpaceGameGameMode.cpp
[2015.11.20-13.39.23:006][  0]SpaceGame.cpp
[2015.11.20-13.39.23:910][  0][10/10] Link UE4Editor-SpaceGame.dll
[2015.11.20-13.39.24:514][  0]   Creating library C:\Users\Spellabbet\Documents\GitHub\SpaceGame\Project\SpaceGame\Intermediate/Build/Win64\UE4Editor\Development\UE4Editor-SpaceGame.lib and object C:\Users\Spellabbet\Documents\GitHub\SpaceGame\Project\SpaceGame\Intermediate/Build/Win64\UE4Editor\Development\UE4Editor-SpaceGame.exp
[2015.11.20-13.39.25:115][  0]-------- End Detailed Actions Stats -----------------------------------------------------------
[2015.11.20-13.39.25:216][  0]Total build time: 63,59 seconds
[2015.11.20-13.39.25:669][  0]LogInit: Version: 4.9.2-2707645+++depot+UE4-Releases+4.9
[2015.11.20-13.39.25:669][  0]LogInit: API Version: 2672455
[2015.11.20-13.39.25:669][  0]LogInit: Compiled (64-bit): Sep 28 2015 10:25:44
[2015.11.20-13.39.25:669][  0]LogInit: Compiled with Visual C++: 18.00.21005.01
[2015.11.20-13.39.25:669][  0]LogInit: Build Configuration: Development
[2015.11.20-13.39.25:669][  0]LogInit: Branch Name: ++depot+UE4-Releases+4.9
[2015.11.20-13.39.25:669][  0]LogInit: Command line:  
[2015.11.20-13.39.25:669][  0]LogInit: Base directory: C:/Program Files/Epic Games/4.9/Engine/Binaries/Win64/
[2015.11.20-13.39.25:669][  0]LogInit: Rocket: 1
[2015.11.20-13.39.25:675][  0]LogInit: Using libcurl 7.41.0
[2015.11.20-13.39.25:675][  0]LogInit:  - built for x86_64-pc-win32
[2015.11.20-13.39.25:675][  0]LogInit:  - supports SSL with WinSSL
[2015.11.20-13.39.25:675][  0]LogInit:  - other features:
[2015.11.20-13.39.25:675][  0]LogInit:      CURL_VERSION_SSL
[2015.11.20-13.39.25:675][  0]LogInit:      CURL_VERSION_IPV6
[2015.11.20-13.39.25:675][  0]LogInit:      CURL_VERSION_ASYNCHDNS
[2015.11.20-13.39.25:675][  0]LogInit:      CURL_VERSION_LARGEFILE
[2015.11.20-13.39.25:675][  0]LogInit:      CURL_VERSION_IDN
[2015.11.20-13.39.25:675][  0]LogInit:  CurlRequestOptions (configurable via config and command line):
[2015.11.20-13.39.25:675][  0]LogInit:  - bVerifyPeer = true  - Libcurl will verify peer certificate
[2015.11.20-13.39.25:675][  0]LogInit:  - bUseHttpProxy = false  - Libcurl will NOT use HTTP proxy
[2015.11.20-13.39.25:675][  0]LogInit:  - bDontReuseConnections = false  - Libcurl will reuse connections
[2015.11.20-13.39.25:675][  0]LogInit:  - CertBundlePath = nullptr  - Libcurl will use whatever was configured at build time.
[2015.11.20-13.39.25:680][  0]LogInit: Presizing for 0 objects not considered by GC, pre-allocating 0 bytes.
[2015.11.20-13.39.25:685][  0]LogInit: Object subsystem initialized
[2015.11.20-13.39.25:687][  0]LogInit: Selected Device Profile: [Windows]
[2015.11.20-13.39.25:687][  0]LogInit: Applying CVar settings loaded from the selected device profile: [Windows]
[2015.11.20-13.39.25:693][  0]LogInit: Computer: SpellabbA333-07
[2015.11.20-13.39.25:693][  0]LogInit: User: Spellabbet
[2015.11.20-13.39.25:693][  0]LogInit: CPU Page size=4096, Cores=4
[2015.11.20-13.39.25:693][  0]LogInit: High frequency timer resolution =3.507517 MHz
[2015.11.20-13.39.25:693][  0]LogMemory: Memory total: Physical=15.9GB (16GB approx)
[2015.11.20-13.39.25:693][  0]LogMemory: Platform Memory Stats for Windows
[2015.11.20-13.39.25:693][  0]LogMemory: Process Physical Memory: 54.19 MB used, 54.19 MB peak
[2015.11.20-13.39.25:693][  0]LogMemory: Process Virtual Memory: 55.19 MB used, 55.19 MB peak
[2015.11.20-13.39.25:693][  0]LogMemory: Physical Memory: 2661.11 MB used, 16318.82 MB total
[2015.11.20-13.39.25:693][  0]LogMemory: Virtual Memory: 370.78 MB used, 134217728.00 MB total
[2015.11.20-13.39.25:718][  0]LogTextLocalizationManager: No translations for ('sv-SE') exist, falling back to 'en' for localization and internationalization data.
[2015.11.20-13.39.26:334][  0]LogD3D11RHI: Found D3D11 adapter 0: NVIDIA GeForce GTX 960 (Feature Level 11_0)
[2015.11.20-13.39.26:334][  0]LogD3D11RHI: Adapter has 1965MB of dedicated video memory, 0MB of dedicated system memory, and 2048MB of shared system memory, 1 output[s]
[2015.11.20-13.39.26:335][  0]LogD3D11RHI: Found D3D11 adapter 1: Microsoft Basic Render Driver (Feature Level 11_0)
[2015.11.20-13.39.26:335][  0]LogD3D11RHI: Adapter has 0MB of dedicated video memory, 0MB of dedicated system memory, and 256MB of shared system memory, 0 output[s]
[2015.11.20-13.39.26:335][  0]LogD3D11RHI: Chosen D3D11 Adapter Id = 0
[2015.11.20-13.39.26:338][  0]LogD3D11RHI: !Direct3DDevice
[2015.11.20-13.39.26:338][  0]LogRHI: Texture pool is 1361 MB (70% of 1945 MB)
[2015.11.20-13.39.26:347][  0]LogD3D11RHI: Async texture creation enabled
[2015.11.20-13.39.26:361][  0]LogShaderCompilers: Guid format shader working directory is 15 characters bigger than the processId version (../../../../../../Users/Spellabbet/Documents/GitHub/SpaceGame/Project/SpaceGame/Intermediate/Shaders/WorkingDirectory/2812/).
[2015.11.20-13.39.26:362][  0]LogShaderCompilers: Cleaned the shader compiler working directory '../../../../../../Users/Spellabbet/Documents/GitHub/SpaceGame/Project/SpaceGame/Intermediate/Shaders/tmp/93EFF1294E2073F39E757F89BF0A3BD8/'.
[2015.11.20-13.39.26:362][  0]LogShaderCompilers:Display: Using Local Shader Compiler.
[2015.11.20-13.39.27:220][  0]LogTemp:Display: Loaded TP AllDesktopTargetPlatform
[2015.11.20-13.39.27:224][  0]LogTemp:Display: Loaded TP WindowsClientTargetPlatform
[2015.11.20-13.39.27:228][  0]LogTemp:Display: Loaded TP WindowsNoEditorTargetPlatform
[2015.11.20-13.39.27:233][  0]LogTemp:Display: Loaded TP WindowsServerTargetPlatform
[2015.11.20-13.39.27:237][  0]LogTemp:Display: Loaded TP WindowsTargetPlatform
[2015.11.20-13.39.27:240][  0]LogTemp:Display: Loaded TP AndroidTargetPlatform
[2015.11.20-13.39.27:243][  0]LogTemp:Display: Loaded TP Android_ASTCTargetPlatform
[2015.11.20-13.39.27:245][  0]LogTemp:Display: Loaded TP Android_ATCTargetPlatform
[2015.11.20-13.39.27:248][  0]LogTemp:Display: Loaded TP Android_DXTTargetPlatform
[2015.11.20-13.39.27:251][  0]LogTemp:Display: Loaded TP Android_ETC1TargetPlatform
[2015.11.20-13.39.27:253][  0]LogTemp:Display: Loaded TP Android_ETC2TargetPlatform
[2015.11.20-13.39.27:256][  0]LogTemp:Display: Loaded TP Android_PVRTCTargetPlatform
[2015.11.20-13.39.27:256][  0]LogTemp:Display: Loaded TP HTML5TargetPlatform
[2015.11.20-13.39.27:272][  0]LogTemp:Display: Loaded TP IOSTargetPlatform
[2015.11.20-13.39.27:274][  0]LogTemp:Display: Loaded TP LinuxNoEditorTargetPlatform
[2015.11.20-13.39.27:277][  0]LogTemp:Display: Loaded TP LinuxServerTargetPlatform
[2015.11.20-13.39.27:280][  0]LogTemp:Display: Loaded TP LinuxTargetPlatform
[2015.11.20-13.39.27:280][  0]LogTargetPlatformManager:Display: Building Assets For Windows
[2015.11.20-13.39.27:346][  0]LogDerivedDataCache:Display: Max Cache Size: 512 MB
[2015.11.20-13.39.27:379][  0]LogDerivedDataCache: Loaded boot cache 0.03s 41MB C:/Users/Spellabbet/AppData/Local/UnrealEngine/4.9/DerivedDataCache/Boot.ddc.
[2015.11.20-13.39.27:379][  0]LogDerivedDataCache:Display: Loaded Boot cache: C:/Users/Spellabbet/AppData/Local/UnrealEngine/4.9/DerivedDataCache/Boot.ddc
[2015.11.20-13.39.27:380][  0]LogDerivedDataCache: FDerivedDataBackendGraph:  Pak pak cache file ../../../../../../Users/Spellabbet/Documents/GitHub/SpaceGame/Project/SpaceGame/DerivedDataCache/DDC.ddp not found, will not use a pak cache.
[2015.11.20-13.39.27:380][  0]LogDerivedDataCache: Unable to find inner node Pak for hierarchical cache Hierarchy.
[2015.11.20-13.39.27:380][  0]LogDerivedDataCache: FDerivedDataBackendGraph:  CompressedPak pak cache file ../../../../../../Users/Spellabbet/Documents/GitHub/SpaceGame/Project/SpaceGame/DerivedDataCache/Compressed.ddp not found, will not use a pak cache.
[2015.11.20-13.39.27:380][  0]LogDerivedDataCache: Unable to find inner node CompressedPak for hierarchical cache Hierarchy.
[2015.11.20-13.39.27:487][  0]LogDerivedDataCache:Display: Pak cache opened for reading ../../../Engine/DerivedDataCache/Compressed.ddp.
[2015.11.20-13.39.27:499][  0]LogDerivedDataCache: Using Local data cache path C:/Users/Spellabbet/AppData/Local/UnrealEngine/Common/DerivedDataCache: Writable
[2015.11.20-13.39.27:628][  0]LogInit: Selected Device Profile: [Windows]
[2015.11.20-13.39.27:631][  0]LogContentStreaming: Texture pool size is 0.000000MB
[2015.11.20-13.39.27:723][  0]LogMeshUtilities: No automatic mesh reduction module available
[2015.11.20-13.39.27:723][  0]LogMeshUtilities: No automatic mesh merging module available
[2015.11.20-13.39.27:900][  0]LogInit: WinSock: version 1.1 (2.2), MaxSocks=32767, MaxUdp=65467
[2015.11.20-13.39.28:428][  0]UdpMessaging: Initializing bridge on interface 0.0.0.0:0 to multicast group 230.0.0.1:6666.
[2015.11.20-13.39.28:853][  0]LogAssetRegistry: FAssetRegistry took 0.0110 seconds to start up
[2015.11.20-13.39.28:978][  0]SourceControl: Info Source control is disabled
[2015.11.20-13.39.28:983][  0]SourceControl: Info Source control is disabled
[2015.11.20-13.39.28:992][  0]SourceControl: Info Source control is disabled
[2015.11.20-13.39.29:000][  0]SourceControl: Info Source control is disabled
[2015.11.20-13.39.29:110][  0]LogLinker:Warning: Asset '../../../Engine/Plugins/Runtime/LeapMotionController/Content/LM_PassthroughMaterial.uasset' has been saved with empty engine version. The asset will be loaded but may be incompatible.
[2015.11.20-13.39.29:170][  0]LogObj: 28410 objects as part of root set at end of initial load.
[2015.11.20-13.39.29:170][  0]LogUObjectAllocator: 6059560 out of 0 bytes used by permanent object pool.
[2015.11.20-13.39.29:214][  0]LogEngine: Initializing Engine...
[2015.11.20-13.39.29:215][  0]LogHMD: Can't find Oculus library dev build: is proper Runtime installed? Version: 0.7.0.0
[2015.11.20-13.39.29:216][  0]LogHMD: SteamVR failed to initialize.  Err: 110
[2015.11.20-13.39.29:302][  0]LogAIModule: Creating AISystem for world NewWorld
[2015.11.20-13.39.29:307][  0]LogInit: XAudio2 using 'Speakers (4- High Definition Audio Device)' : 2 channels at 44.1 kHz using 16 bits per sample (channel mask 0x3)
[2015.11.20-13.39.29:331][  0]LogInit: FAudioDevice initialized.
[2015.11.20-13.39.29:348][  0]LogDerivedDataCache: Saved boot cache 0.02s 41MB C:/Users/Spellabbet/AppData/Local/UnrealEngine/4.9/DerivedDataCache/Boot.ddc.
[2015.11.20-13.39.29:352][  0]LogInit: Texture streaming: Enabled
[2015.11.20-13.39.29:356][  0]LogAnalytics: Creating configured Analytics provider AnalyticsET
[2015.11.20-13.39.29:356][  0]LogAnalytics: [UEEditor.Rocket.Release] APIServer = http://et2.epicgames.com/ET2/. AppVersion = 4.9.2-2707645+++depot+UE4-Releases+4.9
[2015.11.20-13.39.29:356][  0]LogAnalytics: [UEEditor.Rocket.Release] SetUserId a56f99ce4ac584e8e6d851994b9dafce|4486cc34acf54390b5f34fc38c8b6486|060e5e79-a789-49c4-8abd-5d8b330400a7
[2015.11.20-13.39.29:356][  0]LogAnalytics: [UEEditor.Rocket.Release] AnalyticsET::StartSession
[2015.11.20-13.39.29:372][  0]LogInit: Transaction tracking system initialized
[2015.11.20-13.39.29:393][  0]BlueprintLog: New page: Editor Load
[2015.11.20-13.39.29:449][  0]LocalizationService: Info Localization service is disabled
[2015.11.20-13.39.29:504][  0]LogConsoleResponse:Display: 
[2015.11.20-13.39.29:589][  0]LogFileCache: Scanning file cache for directory 'C:/Users/Spellabbet/Documents/GitHub/SpaceGame/Project/SpaceGame/Content/' took 0.01s
[2015.11.20-13.39.29:589][  0]LogCook:Display: Done creating registry. It took  0.00s.
[2015.11.20-13.39.29:632][  0]SourceControl: Info Source control is disabled
[2015.11.20-13.39.29:633][  0]Cmd: MAP LOAD FILE="../../../Engine/Content/Maps/Templates/Template_Default.umap" TEMPLATE=1 SHOWPROGRESS=1 FEATURELEVEL=3
[2015.11.20-13.39.29:633][  0]LightingResults: New page: Lighting Build
[2015.11.20-13.39.29:635][  0]MapCheck: New page: Map Check
[2015.11.20-13.39.29:635][  0]LightingResults: New page: Lighting Build
[2015.11.20-13.39.29:643][  0]LogParticles: Destroying 0 GPU particle simulations for FXSystem 0x000000CCA669AAC0
[2015.11.20-13.39.29:826][  0]LogAIModule: Creating AISystem for world Untitled_1
[2015.11.20-13.39.29:830][  0]LogEditorServer: Finished looking for orphan Actors (0.000 secs)
[2015.11.20-13.39.29:834][  0]Cmd: MAP CHECKDEP NOCLEARLOG
[2015.11.20-13.39.29:863][  0]MapCheck: Info Map check complete: 0 Error(s), 0 Warning(s), took 29.021ms to complete.
[2015.11.20-13.39.29:863][  0]LogFileHelpers: Loading map 'Template_Default' took 0.231
[2015.11.20-13.39.29:955][  0]LogCollectionManager: Loaded 0 collections in 0.001376 seconds
[2015.11.20-13.39.29:998][  0]LogFileCache: Scanning file cache for directory 'C:/Users/Spellabbet/Documents/GitHub/SpaceGame/Project/SpaceGame/Saved/Collections/' took 0.01s
[2015.11.20-13.39.29:998][  0]LogFileCache: Scanning file cache for directory 'C:/Users/Spellabbet/Documents/GitHub/SpaceGame/Project/SpaceGame/Content/Developers/Spellabbet/Collections/' took 0.01s
[2015.11.20-13.39.29:998][  0]LogFileCache: Scanning file cache for directory 'C:/Users/Spellabbet/Documents/GitHub/SpaceGame/Project/SpaceGame/Content/Collections/' took 0.01s
[2015.11.20-13.39.29:998][  0]LogContentBrowser: Native class hierarchy populated in 0.0066 seconds. Added 1873 classes and 335 folders.
[2015.11.20-13.39.30:002][  0]LogCollectionManager: Rebuilt the GUID cache for 0 collections in 0.000002 seconds
[2015.11.20-13.39.30:009][  0]LogContentBrowser: Native class hierarchy updated for 'WidgetCarousel' in 0.0012 seconds. Added 0 classes and 0 folders.
[2015.11.20-13.39.30:038][  0]LogContentBrowser: Native class hierarchy updated for 'AddContentDialog' in 0.0008 seconds. Added 0 classes and 0 folders.
[2015.11.20-13.39.30:045][  0]LogContentBrowser: Native class hierarchy updated for 'SceneOutliner' in 0.0008 seconds. Added 1 classes and 2 folders.
[2015.11.20-13.39.30:066][  0]LogCrashTracker: Crashtracker disabled due to settings.
[2015.11.20-13.39.30:069][  0]LogUObjectGlobals:Warning: Failed to find object 'Class None.'
[2015.11.20-13.39.30:092][  0]LogLoad: Full Startup: 71.94 seconds (BP compile: 0.03 seconds)
[2015.11.20-13.39.30:147][  0]LogContentStreaming: Texture pool size now 1000 MB
[2015.11.20-13.39.30:254][  0]LogRenderer: Reallocating scene render targets to support 1208x576 (Frame:2).
[2015.11.20-13.39.30:354][  2]LogAssetRegistry: Asset discovery search completed in 1.5131 seconds
[2015.11.20-13.39.30:354][  2]LogCollectionManager: Rebuilt the object cache for 0 collections in 0.000001 seconds (found 0 objects)
[2015.11.20-13.39.30:354][  2]LogCollectionManager: Fixed up redirectors for 0 collections in 0.000039 seconds (updated 0 objects)
[2015.11.20-13.40.12:417][137]LogVSAccessor:Warning: Couldn't goto line number '0' in 'C:/Users/Spellabbet/Documents/GitHub/SpaceGame/Project/SpaceGame/Source/SpaceGame/Star.h'
[2015.11.20-13.40.12:481][137]LogVSAccessor:Warning: Couldn't goto line number '0' in 'C:/Users/Spellabbet/Documents/GitHub/SpaceGame/Project/SpaceGame/Source/SpaceGame/Star.cpp'
[2015.11.20-13.40.18:543][381]LogVSAccessor:Warning: Couldn't goto line number '0' in 'C:/Users/Spellabbet/Documents/GitHub/SpaceGame/Project/SpaceGame/Source/SpaceGame/Link.h'
[2015.11.20-13.40.18:588][381]LogVSAccessor:Warning: Couldn't goto line number '0' in 'C:/Users/Spellabbet/Documents/GitHub/SpaceGame/Project/SpaceGame/Source/SpaceGame/Link.cpp'
[2015.11.20-13.40.20:987][660]LogVSAccessor:Warning: Couldn't goto line number '0' in 'C:/Users/Spellabbet/Documents/GitHub/SpaceGame/Project/SpaceGame/Source/SpaceGame/Fleet.h'
[2015.11.20-13.40.21:030][660]LogVSAccessor:Warning: Couldn't goto line number '0' in 'C:/Users/Spellabbet/Documents/GitHub/SpaceGame/Project/SpaceGame/Source/SpaceGame/Fleet.cpp'
[2015.11.20-13.40.34:218][388]LogEditorViewport: Clicking on Actor (LMB): StaticMeshActor (Floor)
[2015.11.20-13.40.35:589][545]Recompiling SpaceGame...
[2015.11.20-13.40.35:589][545]Launching UnrealBuildTool... [C:/Program Files/Epic Games/4.9/Engine/Binaries/DotNET/UnrealBuildTool.exe SpaceGame -ModuleWithSuffix SpaceGame 8758 Win64 Development -editorrecompile -canskiplink "C:/Users/Spellabbet/Documents/GitHub/SpaceGame/Project/SpaceGame/SpaceGame.uproject" -rocket  -rocket]
[2015.11.20-13.40.35:590][545]Warning: Starting HotReload took  0.0s.
[2015.11.20-13.40.39:901][ 43]CompilerResultsLog: New page: Compilation - Nov 20, 2015, 3:40:39 PM
[2015.11.20-13.40.39:902][ 43]CompilerResultsLog: Info Creating makefile for hot reloading SpaceGame (.uproject file is newer)
[2015.11.20-13.40.39:902][ 43]CompilerResultsLog: Info Compiling game modules for hot reload
[2015.11.20-13.40.39:902][ 43]CompilerResultsLog: Info Target is up to date.
[2015.11.20-13.40.39:902][ 43]LogMainFrame: MainFrame: Module compiling took 4.315 seconds
[2015.11.20-13.41.17:276][246]LogLinker:Warning: Asset '../../../Engine/Content/ArtTools/RenderToTexture/Macros/RenderToTextureMacros.uasset' has been saved with empty engine version. The asset will be loaded but may be incompatible.
[2015.11.20-13.41.17:653][246]LogContentBrowser: Native class hierarchy updated for 'BlueprintGraph' in 0.0010 seconds. Added 107 classes and 0 folders.
[2015.11.20-13.41.30:638][690]BlueprintLog: New page: Compile LinkBP
[2015.11.20-13.41.30:715][690]BlueprintEditorCompileResults: Info [0192.56] Compile of LinkBP successful! [in 77 ms]
[2015.11.20-13.41.31:253][750]Cmd: OBJ SAVEPACKAGE PACKAGE="/Game/LinkBP" FILE="../../../../../../Users/Spellabbet/Documents/GitHub/SpaceGame/Project/SpaceGame/Content/LinkBP.uasset" SILENT=true
[2015.11.20-13.41.31:272][750]LogSavePackage: Save=16.819592ms
[2015.11.20-13.41.31:272][750]LogSavePackage: Moving '../../../../../../Users/Spellabbet/Documents/GitHub/SpaceGame/Project/SpaceGame/Saved/LinkBP411D14FF48C1E5609AF1C8B7A1D3EBDC.tmp' to '../../../../../../Users/Spellabbet/Documents/GitHub/SpaceGame/Project/SpaceGame/Content/LinkBP.uasset'
[2015.11.20-13.41.31:275][750]LogSavePackage: Total save time: 20.243950ms
[2015.11.20-13.41.31:275][750]LogSavePackage:Warning: Finished SavePackage ../../../../../../Users/Spellabbet/Documents/GitHub/SpaceGame/Project/SpaceGame/Content/LinkBP.uasset
[2015.11.20-13.41.47:227][579]BlueprintLog: New page: Compile StarBP
[2015.11.20-13.41.47:294][579]BlueprintEditorCompileResults: Info [0209.14] Compile of StarBP successful! [in 66 ms]
[2015.11.20-13.41.47:720][625]Cmd: OBJ SAVEPACKAGE PACKAGE="/Game/StarBP" FILE="../../../../../../Users/Spellabbet/Documents/GitHub/SpaceGame/Project/SpaceGame/Content/StarBP.uasset" SILENT=true
[2015.11.20-13.41.47:738][625]LogSavePackage: Save=16.322659ms
[2015.11.20-13.41.47:738][625]LogSavePackage: Moving '../../../../../../Users/Spellabbet/Documents/GitHub/SpaceGame/Project/SpaceGame/Saved/StarBPC63EF36744D42FC16D5E92B6E248D346.tmp' to '../../../../../../Users/Spellabbet/Documents/GitHub/SpaceGame/Project/SpaceGame/Content/StarBP.uasset'
[2015.11.20-13.41.47:739][625]LogSavePackage: Total save time: 18.463489ms
[2015.11.20-13.41.47:740][625]LogSavePackage:Warning: Finished SavePackage ../../../../../../Users/Spellabbet/Documents/GitHub/SpaceGame/Project/SpaceGame/Content/StarBP.uasset
[2015.11.20-13.41.53:833][291]LogVSAccessor:Warning: Couldn't goto line number '0' in 'C:/Users/Spellabbet/Documents/GitHub/SpaceGame/Project/SpaceGame/Source/SpaceGame/Link.h'
[2015.11.20-13.41.53:853][291]LogVSAccessor:Warning: Couldn't goto line number '0' in 'C:/Users/Spellabbet/Documents/GitHub/SpaceGame/Project/SpaceGame/Source/SpaceGame/Link.cpp'
[2015.11.20-13.42.00:818][537]Recompiling SpaceGame...
[2015.11.20-13.42.00:818][537]Launching UnrealBuildTool... [C:/Program Files/Epic Games/4.9/Engine/Binaries/DotNET/UnrealBuildTool.exe SpaceGame -ModuleWithSuffix SpaceGame 3474 Win64 Development -editorrecompile -canskiplink "C:/Users/Spellabbet/Documents/GitHub/SpaceGame/Project/SpaceGame/SpaceGame.uproject" -rocket  -rocket]
[2015.11.20-13.42.00:819][537]Warning: Starting HotReload took  0.0s.
[2015.11.20-13.42.03:794][874]CompilerResultsLog: New page: Compilation - Nov 20, 2015, 3:42:03 PM
[2015.11.20-13.42.03:794][874]CompilerResultsLog: Info Compiling game modules for hot reload
[2015.11.20-13.42.03:794][874]CompilerResultsLog: Info Performing 2 actions (4 in parallel)
[2015.11.20-13.42.03:794][874]CompilerResultsLog: Info Link.cpp
[2015.11.20-13.42.03:794][874]CompilerResultsLog: Info [2/2] Link UE4Editor-SpaceGame-3474.dll
[2015.11.20-13.42.03:794][874]CompilerResultsLog: Info    Creating library C:\Users\Spellabbet\Documents\GitHub\SpaceGame\Project\SpaceGame\Intermediate/Build/Win64\UE4Editor\Development\UE4Editor-SpaceGame-3474.lib and object C:\Users\Spellabbet\Documents\GitHub\SpaceGame\Project\SpaceGame\Intermediate/Build/Win64\UE4Editor\Development\UE4Editor-SpaceGame-3474.exp
[2015.11.20-13.42.03:794][874]CompilerResultsLog: Info -------- End Detailed Actions Stats -----------------------------------------------------------
[2015.11.20-13.42.03:794][874]CompilerResultsLog: Info Total build time: 2,95 seconds
[2015.11.20-13.42.03:794][874]LogMainFrame: MainFrame: Module compiling took 2.980 seconds
[2015.11.20-13.42.03:890][874]LogContentBrowser: Native class hierarchy updated for 'SpaceGame' in 0.0009 seconds. Added 6 classes and 2 folders.
[2015.11.20-13.42.03:892][874]Warning: HotReload successful (2 functions remapped  0 scriptstructs remapped)
[2015.11.20-13.42.04:254][874]LogContentBrowser: Native class hierarchy populated in 0.0069 seconds. Added 1874 classes and 337 folders.
[2015.11.20-13.42.05:294][998]LogEditorViewport: Clicking on Actor (LMB): StaticMeshActor (Floor)
[2015.11.20-13.42.06:420][132]Cmd: DELETE
[2015.11.20-13.42.06:420][132]Cmd: ACTOR DELETE
[2015.11.20-13.42.06:420][132]LogEditorActor: Deleted Actor: StaticMeshActor
[2015.11.20-13.42.06:468][132]LogEditorActor: Deleted 1 Actors (0.047 secs)
[2015.11.20-13.42.07:072][199]LogEditorViewport: Clicking on Actor (LMB): BP_Sky_Sphere_C (Sky Sphere)
[2015.11.20-13.42.23:232][ 44]LogEditorViewport: Clicking on Actor (LMB): BP_Sky_Sphere_C (Sky Sphere)
[2015.11.20-13.42.25:394][300]LogEditorViewport: Clicking on Actor (LMB): BP_Sky_Sphere_C (Sky Sphere)
[2015.11.20-13.42.26:270][404]LogEditorViewport: Clicking on Actor (LMB): LinkBP_C (LinkBP)
[2015.11.20-13.42.27:360][531]LogEditorViewport: Clicking on Actor (LMB): BP_Sky_Sphere_C (Sky Sphere)
[2015.11.20-13.42.34:353][286]LogVSAccessor:Warning: Couldn't goto line number '0' in 'C:/Users/Spellabbet/Documents/GitHub/SpaceGame/Project/SpaceGame/Source/SpaceGame/Fleet.h'
[2015.11.20-13.42.34:374][286]LogVSAccessor:Warning: Couldn't goto line number '0' in 'C:/Users/Spellabbet/Documents/GitHub/SpaceGame/Project/SpaceGame/Source/SpaceGame/Fleet.cpp'
[2015.11.20-13.42.58:136][481]Recompiling SpaceGame...
[2015.11.20-13.42.58:136][481]Launching UnrealBuildTool... [C:/Program Files/Epic Games/4.9/Engine/Binaries/DotNET/UnrealBuildTool.exe SpaceGame -ModuleWithSuffix SpaceGame 9395 Win64 Development -editorrecompile -canskiplink "C:/Users/Spellabbet/Documents/GitHub/SpaceGame/Project/SpaceGame/SpaceGame.uproject" -rocket  -rocket]
[2015.11.20-13.42.58:139][481]Warning: Starting HotReload took  0.0s.
[2015.11.20-13.43.01:220][832]CompilerResultsLog: New page: Compilation - Nov 20, 2015, 3:43:01 PM
[2015.11.20-13.43.01:220][832]CompilerResultsLog: Info Compiling game modules for hot reload
[2015.11.20-13.43.01:220][832]CompilerResultsLog: Info Performing 2 actions (4 in parallel)
[2015.11.20-13.43.01:220][832]CompilerResultsLog: Info Fleet.cpp
[2015.11.20-13.43.01:220][832]CompilerResultsLog: Info [2/2] Link UE4Editor-SpaceGame-9395.dll
[2015.11.20-13.43.01:220][832]CompilerResultsLog: Info    Creating library C:\Users\Spellabbet\Documents\GitHub\SpaceGame\Project\SpaceGame\Intermediate/Build/Win64\UE4Editor\Development\UE4Editor-SpaceGame-9395.lib and object C:\Users\Spellabbet\Documents\GitHub\SpaceGame\Project\SpaceGame\Intermediate/Build/Win64\UE4Editor\Development\UE4Editor-SpaceGame-9395.exp
[2015.11.20-13.43.01:220][832]CompilerResultsLog: Info -------- End Detailed Actions Stats -----------------------------------------------------------
[2015.11.20-13.43.01:220][832]CompilerResultsLog: Info Total build time: 3,04 seconds
[2015.11.20-13.43.01:220][832]LogMainFrame: MainFrame: Module compiling took 3.090 seconds
[2015.11.20-13.43.01:331][832]LogContentBrowser: Native class hierarchy updated for 'SpaceGame' in 0.0009 seconds. Added 6 classes and 2 folders.
[2015.11.20-13.43.01:333][832]Warning: HotReload successful (2 functions remapped  0 scriptstructs remapped)
[2015.11.20-13.43.01:693][832]LogContentBrowser: Native class hierarchy populated in 0.0111 seconds. Added 1874 classes and 337 folders.
[2015.11.20-13.43.05:949][296]LogPlayLevel: PlayLevel: No blueprints needed recompiling
[2015.11.20-13.43.05:949][296]PIE: New page: PIE session: Untitled_1 (Nov 20, 2015, 3:43:05 PM)
[2015.11.20-13.43.05:949][296]LogPlayLevel: Creating play world package: /Temp/UEDPIE_0_Untitled_1
[2015.11.20-13.43.05:951][296]LogPlayLevel: PIE: StaticDuplicateObject took: (0.001775s)
[2015.11.20-13.43.05:952][296]LogAIModule: Creating AISystem for world Untitled_1
[2015.11.20-13.43.05:953][296]LogPlayLevel: PIE: World Init took: (0.001905s)
[2015.11.20-13.43.05:953][296]LogPlayLevel: PIE: Created PIE world by copying editor world from /Temp/Untitled_1.Untitled_1 to /Temp/UEDPIE_0_Untitled_1.Untitled_1 (0.003976s)
[2015.11.20-13.43.06:007][296]LogInit: XAudio2 using 'Speakers (4- High Definition Audio Device)' : 2 channels at 44.1 kHz using 16 bits per sample (channel mask 0x3)
[2015.11.20-13.43.06:012][296]LogInit: FAudioDevice initialized.
[2015.11.20-13.43.06:057][296]LogWorld: Game class is 'GameMode'
[2015.11.20-13.43.06:059][296]LogWorld: Bringing World /Temp/UEDPIE_0_Untitled_1.Untitled_1 up for play (max tick rate 0) at 2015.11.20-14.43.06
[2015.11.20-13.43.06:059][296]LogActor:Warning: GameSession /Temp/UEDPIE_0_Untitled_1.Untitled_1:PersistentLevel.GameSession_0 has natively added scene component(s), but none of them were set as the actor's RootComponent - picking one arbitrarily
[2015.11.20-13.43.06:060][296]LogActor:Warning: GameNetworkManager /Temp/UEDPIE_0_Untitled_1.Untitled_1:PersistentLevel.GameNetworkManager_0 has natively added scene component(s), but none of them were set as the actor's RootComponent - picking one arbitrarily
[2015.11.20-13.43.06:065][296]LogWorld: Bringing up level for play took: 0.006031
[2015.11.20-13.43.06:066][296]PIE: Info Play in editor start time for /Temp/UEDPIE_0_Untitled_1 0.082
[2015.11.20-13.43.08:923][638]LogSpawn:Warning: SpawnActor failed because the spawned actor IsPendingKill
[2015.11.20-13.43.08:924][638]LogSpawn:Warning: SpawnActor failed because the spawned actor IsPendingKill
[2015.11.20-13.43.11:923][998]LogSpawn:Warning: SpawnActor failed because the spawned actor IsPendingKill
[2015.11.20-13.43.11:923][998]LogSpawn:Warning: SpawnActor failed because the spawned actor IsPendingKill
[2015.11.20-13.43.12:563][ 64]LogParticles: Destroying 0 GPU particle simulations for FXSystem 0x000000CCDB84B380
[2015.11.20-13.43.42:238][787]LogVSAccessor:Warning: Couldn't goto line number '0' in 'C:/Users/Spellabbet/Documents/GitHub/SpaceGame/Project/SpaceGame/Source/SpaceGame/Star.h'
[2015.11.20-13.43.42:259][787]LogVSAccessor:Warning: Couldn't goto line number '0' in 'C:/Users/Spellabbet/Documents/GitHub/SpaceGame/Project/SpaceGame/Source/SpaceGame/Star.cpp'
[2015.11.20-13.45.25:190][340]LogEditorViewport: Clicking on Actor (LMB): StarBP_C (StarBP)
[2015.11.20-13.45.25:908][423]Cmd: DELETE
[2015.11.20-13.45.25:908][423]Cmd: ACTOR DELETE
[2015.11.20-13.45.28:769][423]LogEditorActor: Deleted Actor: StarBP_C
[2015.11.20-13.45.28:789][423]LogEditorActor: Deleted 1 Actors (2.881 secs)
[2015.11.20-13.45.29:611][522]LogEditorViewport: Clicking on Actor (LMB): LinkBP_C (LinkBP)
[2015.11.20-13.45.29:944][559]Cmd: DELETE
[2015.11.20-13.45.29:944][559]Cmd: ACTOR DELETE
[2015.11.20-13.45.29:944][559]LogEditorActor: Deleted Actor: LinkBP_C
[2015.11.20-13.45.29:963][559]LogEditorActor: Deleted 1 Actors (0.019 secs)
[2015.11.20-13.45.30:334][604]LogEditorViewport: Clicking on Actor (LMB): FleetBP_C (FleetBP)
[2015.11.20-13.45.30:431][611]Cmd: DELETE
[2015.11.20-13.45.30:431][611]Cmd: ACTOR DELETE
[2015.11.20-13.45.30:432][611]LogEditorActor: Deleted Actor: FleetBP_C
[2015.11.20-13.45.30:451][611]LogEditorActor: Deleted 1 Actors (0.020 secs)
[2015.11.20-13.45.31:039][682]LogEditorViewport: Clicking on Actor (LMB): StarBP_C (StarBP2)
[2015.11.20-13.45.31:141][691]Cmd: DELETE
[2015.11.20-13.45.31:141][691]Cmd: ACTOR DELETE
[2015.11.20-13.45.31:141][691]LogEditorActor: Deleted Actor: StarBP_C
[2015.11.20-13.45.31:159][691]LogEditorActor: Deleted 1 Actors (0.019 secs)
[2015.11.20-13.45.33:290][939]Recompiling SpaceGame...
[2015.11.20-13.45.33:291][939]Launching UnrealBuildTool... [C:/Program Files/Epic Games/4.9/Engine/Binaries/DotNET/UnrealBuildTool.exe SpaceGame -ModuleWithSuffix SpaceGame 652 Win64 Development -editorrecompile -canskiplink "C:/Users/Spellabbet/Documents/GitHub/SpaceGame/Project/SpaceGame/SpaceGame.uproject" -rocket  -rocket]
[2015.11.20-13.45.33:292][939]Warning: Starting HotReload took  0.1s.
[2015.11.20-13.45.43:516][147]CompilerResultsLog: New page: Compilation - Nov 20, 2015, 3:45:43 PM
[2015.11.20-13.45.43:516][147]CompilerResultsLog: Info Compiling game modules for hot reload
[2015.11.20-13.45.43:516][147]CompilerResultsLog: Info Parsing headers for SpaceGameEditor
[2015.11.20-13.45.43:516][147]CompilerResultsLog: Info   Running UnrealHeaderTool "C:/Users/Spellabbet/Documents/GitHub/SpaceGame/Project/SpaceGame/SpaceGame.uproject" "C:\Users\Spellabbet\Documents\GitHub\SpaceGame\Project\SpaceGame\Intermediate\Build\Win64\SpaceGameEditor\Development\UnrealHeaderTool.manifest" -LogCmds="loginit warning, logexit warning, logdatabase error" -rocket -installed
[2015.11.20-13.45.43:516][147]CompilerResultsLog: Info Reflection code generated for SpaceGameEditor in 6,9645618 seconds
[2015.11.20-13.45.43:516][147]CompilerResultsLog: Info Performing 5 actions (4 in parallel)
[2015.11.20-13.45.43:516][147]CompilerResultsLog: Info Star.cpp
[2015.11.20-13.45.43:516][147]CompilerResultsLog: Info SpaceGame.generated.cpp
[2015.11.20-13.45.43:516][147]CompilerResultsLog: Info Link.cpp
[2015.11.20-13.45.43:516][147]CompilerResultsLog: Info Fleet.cpp
[2015.11.20-13.45.43:516][147]CompilerResultsLog: Info [5/5] Link UE4Editor-SpaceGame-652.dll
[2015.11.20-13.45.43:516][147]CompilerResultsLog: Info    Creating library C:\Users\Spellabbet\Documents\GitHub\SpaceGame\Project\SpaceGame\Intermediate/Build/Win64\UE4Editor\Development\UE4Editor-SpaceGame-652.lib and object C:\Users\Spellabbet\Documents\GitHub\SpaceGame\Project\SpaceGame\Intermediate/Build/Win64\UE4Editor\Development\UE4Editor-SpaceGame-652.exp
[2015.11.20-13.45.43:516][147]CompilerResultsLog: Info -------- End Detailed Actions Stats -----------------------------------------------------------
[2015.11.20-13.45.43:516][147]CompilerResultsLog: Info Total build time: 10,20 seconds
[2015.11.20-13.45.43:516][147]LogMainFrame: MainFrame: Module compiling took 10.228 seconds
[2015.11.20-13.45.43:638][147]LogClass: Could not find existing class Star in package /Script/SpaceGame for HotReload, assuming new class
[2015.11.20-13.45.43:638][147]LogClass: Function OnBeginOverlap is new.
[2015.11.20-13.45.43:638][147]LogClass: Function OnEndOverlap is new.
[2015.11.20-13.45.43:644][147]LogHotReload: Re-instancing Star after hot-reload.
[2015.11.20-13.45.43:725][147]LogContentBrowser: Native class hierarchy updated for 'SpaceGame' in 0.0009 seconds. Added 6 classes and 2 folders.
[2015.11.20-13.45.43:727][147]Warning: HotReload successful (2 functions remapped  0 scriptstructs remapped)
[2015.11.20-13.45.44:089][147]LogContentBrowser: Native class hierarchy populated in 0.0069 seconds. Added 1874 classes and 337 folders.
[2015.11.20-13.46.55:916][730]BlueprintLog: New page: Compile StarBP
[2015.11.20-13.46.56:014][730]LogParticles: Destroying 0 GPU particle simulations for FXSystem 0x000000CCDC371440
[2015.11.20-13.46.56:041][730]BlueprintEditorCompileResults: Info [0517.89] Compile of StarBP successful! [in 125 ms]
[2015.11.20-13.47.08:480][211]BlueprintLog: New page: Compile StarBP
[2015.11.20-13.47.08:598][211]BlueprintEditorCompileResults: Info [0530.44] Compile of StarBP successful! [in 118 ms]
[2015.11.20-13.47.09:016][257]Cmd: OBJ SAVEPACKAGE PACKAGE="/Game/StarBP" FILE="../../../../../../Users/Spellabbet/Documents/GitHub/SpaceGame/Project/SpaceGame/Content/StarBP.uasset" SILENT=true
[2015.11.20-13.47.09:055][257]LogSavePackage: Save=16.282459ms
[2015.11.20-13.47.09:055][257]LogSavePackage: Moving '../../../../../../Users/Spellabbet/Documents/GitHub/SpaceGame/Project/SpaceGame/Saved/StarBP7FDC3CBF44D55034E03D3F94ACD4A94A.tmp' to '../../../../../../Users/Spellabbet/Documents/GitHub/SpaceGame/Project/SpaceGame/Content/StarBP.uasset'
[2015.11.20-13.47.09:057][257]LogSavePackage: Total save time: 40.236723ms
[2015.11.20-13.47.09:057][257]LogSavePackage:Warning: Finished SavePackage ../../../../../../Users/Spellabbet/Documents/GitHub/SpaceGame/Project/SpaceGame/Content/StarBP.uasset
[2015.11.20-13.47.13:807][758]Recompiling SpaceGame...
[2015.11.20-13.47.13:808][758]Launching UnrealBuildTool... [C:/Program Files/Epic Games/4.9/Engine/Binaries/DotNET/UnrealBuildTool.exe SpaceGame -ModuleWithSuffix SpaceGame 8461 Win64 Development -editorrecompile -canskiplink "C:/Users/Spellabbet/Documents/GitHub/SpaceGame/Project/SpaceGame/SpaceGame.uproject" -rocket  -rocket]
[2015.11.20-13.47.13:809][758]Warning: Starting HotReload took  0.0s.
[2015.11.20-13.47.14:617][836]CompilerResultsLog: New page: Compilation - Nov 20, 2015, 3:47:14 PM
[2015.11.20-13.47.14:617][836]CompilerResultsLog: Info Compiling game modules for hot reload
[2015.11.20-13.47.14:617][836]CompilerResultsLog: Info Target is up to date.
[2015.11.20-13.47.14:617][836]LogMainFrame: MainFrame: Module compiling took 0.812 seconds
[2015.11.20-13.47.15:141][897]LogPlayLevel: PlayLevel: No blueprints needed recompiling
[2015.11.20-13.47.15:141][897]PIE: New page: PIE session: Untitled_1 (Nov 20, 2015, 3:47:15 PM)
[2015.11.20-13.47.15:141][897]LogPlayLevel: Creating play world package: /Temp/UEDPIE_0_Untitled_1
[2015.11.20-13.47.15:142][897]LogPlayLevel: PIE: StaticDuplicateObject took: (0.001112s)
[2015.11.20-13.47.15:143][897]LogAIModule: Creating AISystem for world Untitled_1
[2015.11.20-13.47.15:143][897]LogPlayLevel: PIE: World Init took: (0.000680s)
[2015.11.20-13.47.15:143][897]LogPlayLevel: PIE: Created PIE world by copying editor world from /Temp/Untitled_1.Untitled_1 to /Temp/UEDPIE_0_Untitled_1.Untitled_1 (0.001980s)
[2015.11.20-13.47.15:166][897]LogInit: XAudio2 using 'Speakers (4- High Definition Audio Device)' : 2 channels at 44.1 kHz using 16 bits per sample (channel mask 0x3)
[2015.11.20-13.47.15:171][897]LogInit: FAudioDevice initialized.
[2015.11.20-13.47.15:199][897]LogWorld: Game class is 'GameMode'
[2015.11.20-13.47.15:201][897]LogWorld: Bringing World /Temp/UEDPIE_0_Untitled_1.Untitled_1 up for play (max tick rate 0) at 2015.11.20-14.47.15
[2015.11.20-13.47.15:201][897]LogActor:Warning: GameSession /Temp/UEDPIE_0_Untitled_1.Untitled_1:PersistentLevel.GameSession_1 has natively added scene component(s), but none of them were set as the actor's RootComponent - picking one arbitrarily
[2015.11.20-13.47.15:201][897]LogActor:Warning: GameNetworkManager /Temp/UEDPIE_0_Untitled_1.Untitled_1:PersistentLevel.GameNetworkManager_1 has natively added scene component(s), but none of them were set as the actor's RootComponent - picking one arbitrarily
[2015.11.20-13.47.15:201][897]LogWorld: Bringing up level for play took: 0.001260
[2015.11.20-13.47.15:203][897]PIE: Info Play in editor start time for /Temp/UEDPIE_0_Untitled_1 -0.781
[2015.11.20-13.47.17:810][204]LogParticles: Destroying 0 GPU particle simulations for FXSystem 0x000000CCB0C47D80
[2015.11.20-13.47.31:513][655]LogEditorViewport: Clicking on Actor (LMB): BP_Sky_Sphere_C (Sky Sphere)
[2015.11.20-13.47.35:669][150]LogEditorViewport: Clicking on Actor (LMB): LinkBP_C (LinkBP)
[2015.11.20-13.47.36:657][265]LogEditorViewport: Clicking on Actor (LMB): StarBP_C (StarBP)
[2015.11.20-13.49.40:069][455]LogSavePackage: Save=15.263504ms
[2015.11.20-13.49.40:069][455]LogSavePackage: Moving '../../../../../../Users/Spellabbet/Documents/GitHub/SpaceGame/Project/SpaceGame/Saved/Untitled_1_Auto1CFE3D443425103B36FC904B92941B44E.tmp' to '../../../../../../Users/Spellabbet/Documents/GitHub/SpaceGame/Project/SpaceGame/Saved/Autosaves/Temp/Untitled_1_Auto1.umap'
[2015.11.20-13.49.40:071][455]LogSavePackage: Total save time: 20.243097ms
[2015.11.20-13.49.40:071][455]LogSavePackage:Warning: Finished SavePackage ../../../../../../Users/Spellabbet/Documents/GitHub/SpaceGame/Project/SpaceGame/Saved/Autosaves/Temp/Untitled_1_Auto1.umap
[2015.11.20-13.49.40:073][455]LogFileHelpers: Editor autosave (incl. sublevels) for '/Temp/Untitled_1' took 0.051
[2015.11.20-13.49.40:073][455]LogFileHelpers: Editor autosave (incl. sublevels) for all levels took 0.051
[2015.11.20-13.50.03:874][704]Recompiling SpaceGame...
[2015.11.20-13.50.03:875][704]Launching UnrealBuildTool... [C:/Program Files/Epic Games/4.9/Engine/Binaries/DotNET/UnrealBuildTool.exe SpaceGame -ModuleWithSuffix SpaceGame 5671 Win64 Development -editorrecompile -canskiplink "C:/Users/Spellabbet/Documents/GitHub/SpaceGame/Project/SpaceGame/SpaceGame.uproject" -rocket  -rocket]
[2015.11.20-13.50.03:876][704]Warning: Starting HotReload took  0.0s.
[2015.11.20-13.50.14:129][810]CompilerResultsLog: New page: Compilation - Nov 20, 2015, 3:50:14 PM
[2015.11.20-13.50.14:130][810]CompilerResultsLog: Info Compiling game modules for hot reload
[2015.11.20-13.50.14:130][810]CompilerResultsLog: Info Parsing headers for SpaceGameEditor
[2015.11.20-13.50.14:130][810]CompilerResultsLog: Info   Running UnrealHeaderTool "C:/Users/Spellabbet/Documents/GitHub/SpaceGame/Project/SpaceGame/SpaceGame.uproject" "C:\Users\Spellabbet\Documents\GitHub\SpaceGame\Project\SpaceGame\Intermediate\Build\Win64\SpaceGameEditor\Development\UnrealHeaderTool.manifest" -LogCmds="loginit warning, logexit warning, logdatabase error" -rocket -installed
[2015.11.20-13.50.14:130][810]CompilerResultsLog: Info Reflection code generated for SpaceGameEditor in 6,8023944 seconds
[2015.11.20-13.50.14:130][810]CompilerResultsLog: Info Performing 4 actions (4 in parallel)
[2015.11.20-13.50.14:130][810]CompilerResultsLog: Info Link.cpp
[2015.11.20-13.50.14:130][810]CompilerResultsLog: Info Star.cpp
[2015.11.20-13.50.14:130][810]CompilerResultsLog: Info SpaceGame.generated.cpp
[2015.11.20-13.50.14:130][810]CompilerResultsLog: Info [4/4] Link UE4Editor-SpaceGame-5671.dll
[2015.11.20-13.50.14:130][810]CompilerResultsLog: Info    Creating library C:\Users\Spellabbet\Documents\GitHub\SpaceGame\Project\SpaceGame\Intermediate/Build/Win64\UE4Editor\Development\UE4Editor-SpaceGame-5671.lib and object C:\Users\Spellabbet\Documents\GitHub\SpaceGame\Project\SpaceGame\Intermediate/Build/Win64\UE4Editor\Development\UE4Editor-SpaceGame-5671.exp
[2015.11.20-13.50.14:130][810]CompilerResultsLog: Info -------- End Detailed Actions Stats -----------------------------------------------------------
[2015.11.20-13.50.14:130][810]CompilerResultsLog: Info Total build time: 10,22 seconds
[2015.11.20-13.50.14:130][810]LogMainFrame: MainFrame: Module compiling took 10.259 seconds
[2015.11.20-13.50.14:335][810]LogCrashTracker: 


[2015.11.20-13.50.14:335][810]LogCrashTracker: 


[2015.11.20-13.50.14:335][810]LogWindows: === Critical error: ===
Fatal error!



[2015.11.20-13.50.14:429][810]LogExit: Executing StaticShutdownAfterError
[2015.11.20-13.50.14:433][810]LogPhysics:Warning: PHYSX: ..\..\PhysX\src\NpScene.cpp (2946) 8 : PxScene::unlockWrite() called without matching call to PxScene::lockWrite(), behaviour will be undefined.
[2015.11.20-13.50.14:433][810]LogPhysics:Warning: PHYSX: ..\..\PhysX\src\NpScene.cpp (2946) 8 : PxScene::unlockWrite() called without matching call to PxScene::lockWrite(), behaviour will be undefined.
[2015.11.20-13.50.14:433][810]LogPhysics:Warning: PHYSX: ..\..\PhysX\src\NpScene.cpp (2946) 8 : PxScene::unlockWrite() called without matching call to PxScene::lockWrite(), behaviour will be undefined.
[2015.11.20-13.50.14:433][810]LogPhysics:Warning: PHYSX: ..\..\PhysX\src\NpScene.cpp (2946) 8 : PxScene::unlockWrite() called without matching call to PxScene::lockWrite(), behaviour will be undefined.
[2015.11.20-13.50.14:433][810]LogPhysics:Warning: PHYSX: ..\..\PhysX\src\NpScene.cpp (2946) 8 : PxScene::unlockWrite() called without matching call to PxScene::lockWrite(), behaviour will be undefined.
[2015.11.20-13.50.14:433][810]LogPhysics:Warning: PHYSX: ..\..\PhysX\src\NpScene.cpp (2946) 8 : PxScene::unlockWrite() called without matching call to PxScene::lockWrite(), behaviour will be undefined.
[2015.11.20-13.50.14:433][810]LogPhysics:Warning: PHYSX: ..\..\PhysX\src\NpScene.cpp (2946) 8 : PxScene::unlockWrite() called without matching call to PxScene::lockWrite(), behaviour will be undefined.
[2015.11.20-13.50.14:433][810]LogPhysics:Warning: PHYSX: ..\..\PhysX\src\NpScene.cpp (2946) 8 : PxScene::unlockWrite() called without matching call to PxScene::lockWrite(), behaviour will be undefined.
[2015.11.20-13.50.14:433][810]LogPhysics:Warning: PHYSX: ..\..\PhysX\src\NpScene.cpp (2946) 8 : PxScene::unlockWrite() called without matching call to PxScene::lockWrite(), behaviour will be undefined.
[2015.11.20-13.50.14:433][810]LogPhysics:Warning: PHYSX: ..\..\PhysX\src\NpScene.cpp (2946) 8 : PxScene::unlockWrite() called without matching call to PxScene::lockWrite(), behaviour will be undefined.
[2015.11.20-13.50.14:433][810]LogWindows: FPlatformMisc::RequestExit(1)
[2015.11.20-13.50.14:434][810]Log file closed, 11/20/15 14:50:14
