[2015.11.27-12.39.12:252][  0]Log file open, 11/27/15 13:39:12
[2015.11.27-12.39.12:252][  0]LogInit:Display: Running engine for game: SpaceGame
[2015.11.27-12.39.12:252][  0]LogInit:Display: RandInit(2045140683) SRandInit(2045140684).
[2015.11.27-12.39.12:252][  0]LogTaskGraph: Started task graph with 4 named threads and 7 total threads.
[2015.11.27-12.39.12:252][  0]LogStats: Stats thread started at 0.069504
[2015.11.27-12.39.12:252][  0]LogInit: Version: 4.9.2-2707645+++depot+UE4-Releases+4.9
[2015.11.27-12.39.12:252][  0]LogInit: API Version: 2672455
[2015.11.27-12.39.12:252][  0]LogInit: Compiled (64-bit): Sep 28 2015 10:25:44
[2015.11.27-12.39.12:253][  0]LogInit: Compiled with Visual C++: 18.00.21005.01
[2015.11.27-12.39.12:253][  0]LogInit: Build Configuration: Development
[2015.11.27-12.39.12:253][  0]LogInit: Branch Name: ++depot+UE4-Releases+4.9
[2015.11.27-12.39.12:253][  0]LogInit: Command line:  
[2015.11.27-12.39.12:253][  0]LogInit: Base directory: C:/Program Files/Epic Games/4.9/Engine/Binaries/Win64/
[2015.11.27-12.39.12:253][  0]LogInit: Rocket: 1
[2015.11.27-12.39.12:262][  0]LogInit: Using libcurl 7.41.0
[2015.11.27-12.39.12:262][  0]LogInit:  - built for x86_64-pc-win32
[2015.11.27-12.39.12:262][  0]LogInit:  - supports SSL with WinSSL
[2015.11.27-12.39.12:263][  0]LogInit:  - other features:
[2015.11.27-12.39.12:263][  0]LogInit:      CURL_VERSION_SSL
[2015.11.27-12.39.12:263][  0]LogInit:      CURL_VERSION_IPV6
[2015.11.27-12.39.12:263][  0]LogInit:      CURL_VERSION_ASYNCHDNS
[2015.11.27-12.39.12:263][  0]LogInit:      CURL_VERSION_LARGEFILE
[2015.11.27-12.39.12:263][  0]LogInit:      CURL_VERSION_IDN
[2015.11.27-12.39.12:263][  0]LogInit:  CurlRequestOptions (configurable via config and command line):
[2015.11.27-12.39.12:263][  0]LogInit:  - bVerifyPeer = true  - Libcurl will verify peer certificate
[2015.11.27-12.39.12:263][  0]LogInit:  - bUseHttpProxy = false  - Libcurl will NOT use HTTP proxy
[2015.11.27-12.39.12:263][  0]LogInit:  - bDontReuseConnections = false  - Libcurl will reuse connections
[2015.11.27-12.39.12:263][  0]LogInit:  - CertBundlePath = nullptr  - Libcurl will use whatever was configured at build time.
[2015.11.27-12.39.12:269][  0]LogInit: Presizing for 0 objects not considered by GC, pre-allocating 0 bytes.
[2015.11.27-12.39.12:275][  0]LogInit: Object subsystem initialized
[2015.11.27-12.39.12:276][  0]LogInit: Selected Device Profile: [Windows]
[2015.11.27-12.39.12:276][  0]LogInit: Applying CVar settings loaded from the selected device profile: [Windows]
[2015.11.27-12.39.12:283][  0]LogInit: Computer: SpellabbA332-09
[2015.11.27-12.39.12:283][  0]LogInit: User: Spellabbet
[2015.11.27-12.39.12:283][  0]LogInit: CPU Page size=4096, Cores=4
[2015.11.27-12.39.12:283][  0]LogInit: High frequency timer resolution =3.507519 MHz
[2015.11.27-12.39.12:283][  0]LogMemory: Memory total: Physical=15.9GB (16GB approx)
[2015.11.27-12.39.12:283][  0]LogMemory: Platform Memory Stats for Windows
[2015.11.27-12.39.12:283][  0]LogMemory: Process Physical Memory: 52.15 MB used, 52.15 MB peak
[2015.11.27-12.39.12:283][  0]LogMemory: Process Virtual Memory: 55.04 MB used, 55.04 MB peak
[2015.11.27-12.39.12:283][  0]LogMemory: Physical Memory: 4270.29 MB used, 16318.82 MB total
[2015.11.27-12.39.12:283][  0]LogMemory: Virtual Memory: 347.38 MB used, 134217728.00 MB total
[2015.11.27-12.39.12:310][  0]LogTextLocalizationManager: No translations for ('sv-SE') exist, falling back to 'en' for localization and internationalization data.
[2015.11.27-12.39.12:953][  0]LogD3D11RHI: Found D3D11 adapter 0: NVIDIA GeForce GTX 960 (Feature Level 11_0)
[2015.11.27-12.39.12:953][  0]LogD3D11RHI: Adapter has 1965MB of dedicated video memory, 0MB of dedicated system memory, and 2048MB of shared system memory, 1 output[s]
[2015.11.27-12.39.12:954][  0]LogD3D11RHI: Found D3D11 adapter 1: Microsoft Basic Render Driver (Feature Level 11_0)
[2015.11.27-12.39.12:954][  0]LogD3D11RHI: Adapter has 0MB of dedicated video memory, 0MB of dedicated system memory, and 256MB of shared system memory, 0 output[s]
[2015.11.27-12.39.12:954][  0]LogD3D11RHI: Chosen D3D11 Adapter Id = 0
[2015.11.27-12.39.12:956][  0]LogD3D11RHI: !Direct3DDevice
[2015.11.27-12.39.12:957][  0]LogRHI: Texture pool is 1361 MB (70% of 1945 MB)
[2015.11.27-12.39.12:966][  0]LogD3D11RHI: Async texture creation enabled
[2015.11.27-12.39.12:982][  0]LogShaderCompilers: Guid format shader working directory is 15 characters bigger than the processId version (../../../../../../Users/Spellabbet/Documents/Unreal Projects/SpaceGame/Project/SpaceGame/Intermediate/Shaders/WorkingDirectory/5136/).
[2015.11.27-12.39.12:982][  0]LogShaderCompilers: Cleaned the shader compiler working directory '../../../../../../Users/Spellabbet/Documents/Unreal Projects/SpaceGame/Project/SpaceGame/Intermediate/Shaders/tmp/05F5675645AED6B19F44CA914152B8EB/'.
[2015.11.27-12.39.12:982][  0]LogShaderCompilers:Display: Using Local Shader Compiler.
[2015.11.27-12.39.13:896][  0]LogTemp:Display: Loaded TP AllDesktopTargetPlatform
[2015.11.27-12.39.13:900][  0]LogTemp:Display: Loaded TP WindowsClientTargetPlatform
[2015.11.27-12.39.13:904][  0]LogTemp:Display: Loaded TP WindowsNoEditorTargetPlatform
[2015.11.27-12.39.13:909][  0]LogTemp:Display: Loaded TP WindowsServerTargetPlatform
[2015.11.27-12.39.13:913][  0]LogTemp:Display: Loaded TP WindowsTargetPlatform
[2015.11.27-12.39.13:916][  0]LogTemp:Display: Loaded TP AndroidTargetPlatform
[2015.11.27-12.39.13:918][  0]LogTemp:Display: Loaded TP Android_ASTCTargetPlatform
[2015.11.27-12.39.13:921][  0]LogTemp:Display: Loaded TP Android_ATCTargetPlatform
[2015.11.27-12.39.13:924][  0]LogTemp:Display: Loaded TP Android_DXTTargetPlatform
[2015.11.27-12.39.13:927][  0]LogTemp:Display: Loaded TP Android_ETC1TargetPlatform
[2015.11.27-12.39.13:930][  0]LogTemp:Display: Loaded TP Android_ETC2TargetPlatform
[2015.11.27-12.39.13:933][  0]LogTemp:Display: Loaded TP Android_PVRTCTargetPlatform
[2015.11.27-12.39.13:933][  0]LogTemp:Display: Loaded TP HTML5TargetPlatform
[2015.11.27-12.39.13:949][  0]LogTemp:Display: Loaded TP IOSTargetPlatform
[2015.11.27-12.39.13:953][  0]LogTemp:Display: Loaded TP LinuxNoEditorTargetPlatform
[2015.11.27-12.39.13:957][  0]LogTemp:Display: Loaded TP LinuxServerTargetPlatform
[2015.11.27-12.39.13:962][  0]LogTemp:Display: Loaded TP LinuxTargetPlatform
[2015.11.27-12.39.13:962][  0]LogTargetPlatformManager:Display: Building Assets For Windows
[2015.11.27-12.39.14:031][  0]LogDerivedDataCache:Display: Max Cache Size: 512 MB
[2015.11.27-12.39.14:070][  0]LogDerivedDataCache: Loaded boot cache 0.04s 41MB C:/Users/Spellabbet/AppData/Local/UnrealEngine/4.9/DerivedDataCache/Boot.ddc.
[2015.11.27-12.39.14:070][  0]LogDerivedDataCache:Display: Loaded Boot cache: C:/Users/Spellabbet/AppData/Local/UnrealEngine/4.9/DerivedDataCache/Boot.ddc
[2015.11.27-12.39.14:070][  0]LogDerivedDataCache: FDerivedDataBackendGraph:  Pak pak cache file ../../../../../../Users/Spellabbet/Documents/Unreal Projects/SpaceGame/Project/SpaceGame/DerivedDataCache/DDC.ddp not found, will not use a pak cache.
[2015.11.27-12.39.14:070][  0]LogDerivedDataCache: Unable to find inner node Pak for hierarchical cache Hierarchy.
[2015.11.27-12.39.14:070][  0]LogDerivedDataCache: FDerivedDataBackendGraph:  CompressedPak pak cache file ../../../../../../Users/Spellabbet/Documents/Unreal Projects/SpaceGame/Project/SpaceGame/DerivedDataCache/Compressed.ddp not found, will not use a pak cache.
[2015.11.27-12.39.14:070][  0]LogDerivedDataCache: Unable to find inner node CompressedPak for hierarchical cache Hierarchy.
[2015.11.27-12.39.14:180][  0]LogDerivedDataCache:Display: Pak cache opened for reading ../../../Engine/DerivedDataCache/Compressed.ddp.
[2015.11.27-12.39.14:192][  0]LogDerivedDataCache: Using Local data cache path C:/Users/Spellabbet/AppData/Local/UnrealEngine/Common/DerivedDataCache: Writable
[2015.11.27-12.39.14:325][  0]LogInit: Selected Device Profile: [Windows]
[2015.11.27-12.39.14:326][  0]LogContentStreaming: Texture pool size is 0.000000MB
[2015.11.27-12.39.14:422][  0]LogMeshUtilities: No automatic mesh reduction module available
[2015.11.27-12.39.14:422][  0]LogMeshUtilities: No automatic mesh merging module available
[2015.11.27-12.39.14:608][  0]LogInit: WinSock: version 1.1 (2.2), MaxSocks=32767, MaxUdp=65467
[2015.11.27-12.39.15:147][  0]UdpMessaging: Initializing bridge on interface 0.0.0.0:0 to multicast group 230.0.0.1:6666.
[2015.11.27-12.39.15:246][  0]LogAssetRegistry: FAssetRegistry took 0.0106 seconds to start up
[2015.11.27-12.39.15:388][  0]SourceControl: Info Source control is disabled
[2015.11.27-12.39.15:393][  0]SourceControl: Info Source control is disabled
[2015.11.27-12.39.15:401][  0]SourceControl: Info Source control is disabled
[2015.11.27-12.39.15:408][  0]SourceControl: Info Source control is disabled
[2015.11.27-12.39.15:509][  0]LogLinker:Warning: Asset '../../../Engine/Plugins/Runtime/LeapMotionController/Content/LM_PassthroughMaterial.uasset' has been saved with empty engine version. The asset will be loaded but may be incompatible.
[2015.11.27-12.39.15:570][  0]LogObj: 28439 objects as part of root set at end of initial load.
[2015.11.27-12.39.15:570][  0]LogUObjectAllocator: 6068728 out of 0 bytes used by permanent object pool.
[2015.11.27-12.39.15:621][  0]LogEngine: Initializing Engine...
[2015.11.27-12.39.15:623][  0]LogHMD: Can't find Oculus library dev build: is proper Runtime installed? Version: 0.7.0.0
[2015.11.27-12.39.15:623][  0]LogHMD: SteamVR failed to initialize.  Err: 110
[2015.11.27-12.39.15:721][  0]LogAIModule: Creating AISystem for world NewWorld
[2015.11.27-12.39.15:726][  0]LogInit: XAudio2 using 'Speakers (4- High Definition Audio Device)' : 2 channels at 44.1 kHz using 16 bits per sample (channel mask 0x3)
[2015.11.27-12.39.15:736][  0]LogInit: FAudioDevice initialized.
[2015.11.27-12.39.15:753][  0]LogDerivedDataCache: Saved boot cache 0.02s 41MB C:/Users/Spellabbet/AppData/Local/UnrealEngine/4.9/DerivedDataCache/Boot.ddc.
[2015.11.27-12.39.15:756][  0]LogInit: Texture streaming: Enabled
[2015.11.27-12.39.15:760][  0]LogAnalytics: Creating configured Analytics provider AnalyticsET
[2015.11.27-12.39.15:760][  0]LogAnalytics: [UEEditor.Rocket.Release] APIServer = http://et2.epicgames.com/ET2/. AppVersion = 4.9.2-2707645+++depot+UE4-Releases+4.9
[2015.11.27-12.39.15:760][  0]LogAnalytics: [UEEditor.Rocket.Release] SetUserId 634ab0cb456977c100e99f821f1d4277|7ebf86fc13e44331864479a64887c1c8|060e5e79-a789-49c4-8abd-5d8b330400a7
[2015.11.27-12.39.15:760][  0]LogAnalytics: [UEEditor.Rocket.Release] AnalyticsET::StartSession
[2015.11.27-12.39.15:777][  0]LogInit: Transaction tracking system initialized
[2015.11.27-12.39.15:797][  0]BlueprintLog: New page: Editor Load
[2015.11.27-12.39.15:854][  0]LocalizationService: Info Localization service is disabled
[2015.11.27-12.39.15:909][  0]LogConsoleResponse:Display: 
[2015.11.27-12.39.15:997][  0]LogCook:Display: Done creating registry. It took  0.00s.
[2015.11.27-12.39.16:045][  0]LogFileCache: Scanning file cache for directory 'C:/Users/Spellabbet/Documents/Unreal Projects/SpaceGame/Project/SpaceGame/Content/' took 0.01s
[2015.11.27-12.39.16:045][  0]SourceControl: Info Source control is disabled
[2015.11.27-12.39.16:045][  0]Cmd: MAP LOAD FILE="../../../Engine/Content/Maps/Templates/Template_Default.umap" TEMPLATE=1 SHOWPROGRESS=1 FEATURELEVEL=3
[2015.11.27-12.39.16:045][  0]LightingResults: New page: Lighting Build
[2015.11.27-12.39.16:048][  0]MapCheck: New page: Map Check
[2015.11.27-12.39.16:048][  0]LightingResults: New page: Lighting Build
[2015.11.27-12.39.16:058][  0]LogParticles: Destroying 0 GPU particle simulations for FXSystem 0x000000797179A160
[2015.11.27-12.39.16:267][  0]LogAIModule: Creating AISystem for world Untitled_1
[2015.11.27-12.39.16:272][  0]LogEditorServer: Finished looking for orphan Actors (0.000 secs)
[2015.11.27-12.39.16:276][  0]Cmd: MAP CHECKDEP NOCLEARLOG
[2015.11.27-12.39.16:307][  0]MapCheck: Info Map check complete: 0 Error(s), 0 Warning(s), took 30.812ms to complete.
[2015.11.27-12.39.16:307][  0]LogFileHelpers: Loading map 'Template_Default' took 0.262
[2015.11.27-12.39.16:402][  0]LogCollectionManager: Loaded 0 collections in 0.001745 seconds
[2015.11.27-12.39.16:442][  0]LogFileCache: Scanning file cache for directory 'C:/Users/Spellabbet/Documents/Unreal Projects/SpaceGame/Project/SpaceGame/Saved/Collections/' took 0.01s
[2015.11.27-12.39.16:442][  0]LogFileCache: Scanning file cache for directory 'C:/Users/Spellabbet/Documents/Unreal Projects/SpaceGame/Project/SpaceGame/Content/Developers/Spellabbet/Collections/' took 0.01s
[2015.11.27-12.39.16:442][  0]LogFileCache: Scanning file cache for directory 'C:/Users/Spellabbet/Documents/Unreal Projects/SpaceGame/Project/SpaceGame/Content/Collections/' took 0.01s
[2015.11.27-12.39.16:442][  0]LogContentBrowser: Native class hierarchy populated in 0.0064 seconds. Added 1875 classes and 335 folders.
[2015.11.27-12.39.16:446][  0]LogCollectionManager: Rebuilt the GUID cache for 0 collections in 0.000002 seconds
[2015.11.27-12.39.16:454][  0]LogContentBrowser: Native class hierarchy updated for 'WidgetCarousel' in 0.0009 seconds. Added 0 classes and 0 folders.
[2015.11.27-12.39.16:488][  0]LogContentBrowser: Native class hierarchy updated for 'AddContentDialog' in 0.0014 seconds. Added 0 classes and 0 folders.
[2015.11.27-12.39.16:497][  0]LogContentBrowser: Native class hierarchy updated for 'SceneOutliner' in 0.0012 seconds. Added 1 classes and 2 folders.
[2015.11.27-12.39.16:554][  0]LogCrashTracker: Crashtracker disabled due to settings.
[2015.11.27-12.39.16:558][  0]LogUObjectGlobals:Warning: Failed to find object 'Class None.'
[2015.11.27-12.39.16:580][  0]LogLoad: Full Startup: 5.04 seconds (BP compile: 0.04 seconds)
[2015.11.27-12.39.16:971][  0]LogContentStreaming: Texture pool size now 1000 MB
[2015.11.27-12.39.17:082][  0]LogRenderer: Reallocating scene render targets to support 1076x556 (Frame:2).
[2015.11.27-12.39.17:603][  2]LogAssetRegistry: Asset discovery search completed in 2.3671 seconds
[2015.11.27-12.39.17:603][  2]LogCollectionManager: Rebuilt the object cache for 0 collections in 0.000001 seconds (found 0 objects)
[2015.11.27-12.39.17:603][  2]LogCollectionManager: Fixed up redirectors for 0 collections in 0.000038 seconds (updated 0 objects)
[2015.11.27-12.39.24:520][551]LogVSAccessor:Warning: Couldn't goto line number '0' in 'C:/Users/Spellabbet/Documents/Unreal Projects/SpaceGame/Project/SpaceGame/Source/SpaceGame/MousePawn.h'
[2015.11.27-12.39.24:570][551]LogVSAccessor:Warning: Couldn't goto line number '0' in 'C:/Users/Spellabbet/Documents/Unreal Projects/SpaceGame/Project/SpaceGame/Source/SpaceGame/MousePawn.cpp'
[2015.11.27-12.41.00:696][583]LogAIModule: Creating AISystem for world Untitled
[2015.11.27-12.41.00:716][583]Cmd: MAP LOAD FILE="../../../../../../Users/Spellabbet/Documents/Unreal Projects/SpaceGame/Project/SpaceGame/Content/Untitled.umap" TEMPLATE=0 SHOWPROGRESS=1 FEATURELEVEL=3
[2015.11.27-12.41.00:716][583]LightingResults: New page: Lighting Build
[2015.11.27-12.41.00:731][583]LoadErrors: New page: Loading map: Untitled.umap
[2015.11.27-12.41.00:731][583]MapCheck: New page: Map Check
[2015.11.27-12.41.00:731][583]LightingResults: New page: Lighting Build
[2015.11.27-12.41.00:740][583]LogParticles: Destroying 0 GPU particle simulations for FXSystem 0x0000007971A72980
[2015.11.27-12.41.00:769][583]LogEditorServer: Finished looking for orphan Actors (0.000 secs)
[2015.11.27-12.41.00:797][583]Cmd: MAP CHECKDEP NOCLEARLOG
[2015.11.27-12.41.00:826][583]MapCheck: Info Map check complete: 0 Error(s), 0 Warning(s), took 28.936ms to complete.
[2015.11.27-12.41.00:826][583]LogFileHelpers: Loading map 'Untitled' took 0.111
[2015.11.27-12.41.09:352][599]LogAIModule: Creating AISystem for world Untitled
[2015.11.27-12.41.09:368][599]Cmd: MAP LOAD FILE="../../../../../../Users/Spellabbet/Documents/Unreal Projects/SpaceGame/Project/SpaceGame/Content/Maps/Untitled.umap" TEMPLATE=0 SHOWPROGRESS=1 FEATURELEVEL=3
[2015.11.27-12.41.09:368][599]LightingResults: New page: Lighting Build
[2015.11.27-12.41.09:389][599]LoadErrors: New page: Loading map: Untitled.umap
[2015.11.27-12.41.09:389][599]MapCheck: New page: Map Check
[2015.11.27-12.41.09:389][599]LightingResults: New page: Lighting Build
[2015.11.27-12.41.09:399][599]LogParticles: Destroying 0 GPU particle simulations for FXSystem 0x0000007961756160
[2015.11.27-12.41.09:440][599]LogEditorServer: Finished looking for orphan Actors (0.000 secs)
[2015.11.27-12.41.09:466][599]Cmd: MAP CHECKDEP NOCLEARLOG
[2015.11.27-12.41.09:498][599]MapCheck: Info Map check complete: 0 Error(s), 0 Warning(s), took 32.045ms to complete.
[2015.11.27-12.41.09:498][599]LogFileHelpers: Loading map 'Untitled' took 0.132
[2015.11.27-12.41.11:188][800]LogEditorViewport: Clicking on Actor (LMB): StarBlueprint_C (StarBlueprint)
[2015.11.27-12.42.18:572][846]Recompiling SpaceGame...
[2015.11.27-12.42.18:572][846]Launching UnrealBuildTool... [C:/Program Files/Epic Games/4.9/Engine/Binaries/DotNET/UnrealBuildTool.exe SpaceGame -ModuleWithSuffix SpaceGame 4578 Win64 Development -editorrecompile -canskiplink "C:/Users/Spellabbet/Documents/Unreal Projects/SpaceGame/Project/SpaceGame/SpaceGame.uproject" -rocket  -rocket]
[2015.11.27-12.42.18:573][846]Warning: Starting HotReload took  0.0s.
[2015.11.27-12.42.19:449][932]CompilerResultsLog: New page: Compilation - Nov 27, 2015, 2:42:19 PM
[2015.11.27-12.42.19:449][932]CompilerResultsLog: Info Compiling game modules for hot reload
[2015.11.27-12.42.19:449][932]CompilerResultsLog: Info Target is up to date.
[2015.11.27-12.42.19:449][932]LogMainFrame: MainFrame: Module compiling took 0.879 seconds
[2015.11.27-12.43.46:855][517]Recompiling SpaceGame...
[2015.11.27-12.43.46:856][517]Launching UnrealBuildTool... [C:/Program Files/Epic Games/4.9/Engine/Binaries/DotNET/UnrealBuildTool.exe SpaceGame -ModuleWithSuffix SpaceGame 631 Win64 Development -editorrecompile -canskiplink "C:/Users/Spellabbet/Documents/Unreal Projects/SpaceGame/Project/SpaceGame/SpaceGame.uproject" -rocket  -rocket]
[2015.11.27-12.43.46:857][517]Warning: Starting HotReload took  0.0s.
[2015.11.27-12.43.50:218][900]CompilerResultsLog: New page: Compilation - Nov 27, 2015, 2:43:50 PM
[2015.11.27-12.43.50:218][900]CompilerResultsLog: Info Compiling game modules for hot reload
[2015.11.27-12.43.50:218][900]CompilerResultsLog: Info Performing 2 actions (4 in parallel)
[2015.11.27-12.43.50:218][900]CompilerResultsLog: Info Fleet.cpp
[2015.11.27-12.43.50:219][900]CompilerResultsLog: Info [2/2] Link UE4Editor-SpaceGame-631.dll
[2015.11.27-12.43.50:219][900]CompilerResultsLog: Info    Creating library C:\Users\Spellabbet\Documents\Unreal Projects\SpaceGame\Project\SpaceGame\Intermediate/Build/Win64\UE4Editor\Development\UE4Editor-SpaceGame-631.lib and object C:\Users\Spellabbet\Documents\Unreal Projects\SpaceGame\Project\SpaceGame\Intermediate/Build/Win64\UE4Editor\Development\UE4Editor-SpaceGame-631.exp
[2015.11.27-12.43.50:219][900]CompilerResultsLog: Info -------- End Detailed Actions Stats -----------------------------------------------------------
[2015.11.27-12.43.50:219][900]CompilerResultsLog: Info Total build time: 3,33 seconds
[2015.11.27-12.43.50:219][900]LogMainFrame: MainFrame: Module compiling took 3.366 seconds
[2015.11.27-12.43.50:272][900]LogClass: FleetState HotReload.
[2015.11.27-12.43.50:272][900]LogClass: OwnedBy HotReload.
[2015.11.27-12.43.50:275][900]LogContentBrowser: Native class hierarchy updated for 'SpaceGame' in 0.0010 seconds. Added 8 classes and 2 folders.
[2015.11.27-12.43.50:276][900]Warning: HotReload successful (7 functions remapped  0 scriptstructs remapped)
[2015.11.27-12.43.50:336][900]LogContentBrowser: Native class hierarchy populated in 0.0094 seconds. Added 1876 classes and 337 folders.
[2015.11.27-12.43.51:646][ 56]LogEditorViewport: Clicking on Actor (LMB): FleetBP_C (FleetBP)
[2015.11.27-12.43.53:360][260]Cmd: DELETE
[2015.11.27-12.43.53:360][260]Cmd: ACTOR DELETE
[2015.11.27-12.43.53:360][260]LogEditorActor: Deleted Actor: FleetBP_C
[2015.11.27-12.43.53:371][260]LogEditorActor: Deleted 1 Actors (0.011 secs)
[2015.11.27-12.43.55:761][545]LogBlueprintUserMessages: Early PlayInEditor Detection: Level '/Game/Maps/Untitled.Untitled:PersistentLevel' has LevelScriptBlueprint '/Game/Maps/Untitled.Untitled:PersistentLevel.Untitled' with GeneratedClass '/Game/Maps/Untitled.Untitled_C' with ClassGeneratedBy '/Game/Maps/Untitled.Untitled:PersistentLevel.Untitled'
[2015.11.27-12.43.55:761][545]LogPlayLevel: PlayLevel: No blueprints needed recompiling
[2015.11.27-12.43.55:761][545]PIE: New page: PIE session: Untitled (Nov 27, 2015, 2:43:55 PM)
[2015.11.27-12.43.55:761][545]LogPlayLevel: Creating play world package: /Game/Maps/UEDPIE_0_Untitled
[2015.11.27-12.43.55:765][545]LogPlayLevel: PIE: StaticDuplicateObject took: (0.003667s)
[2015.11.27-12.43.55:765][545]LogAIModule: Creating AISystem for world Untitled
[2015.11.27-12.43.55:766][545]LogPlayLevel: PIE: World Init took: (0.000952s)
[2015.11.27-12.43.55:766][545]LogPlayLevel: PIE: Created PIE world by copying editor world from /Game/Maps/Untitled.Untitled to /Game/Maps/UEDPIE_0_Untitled.Untitled (0.005090s)
[2015.11.27-12.43.55:778][545]LogInit: XAudio2 using 'Speakers (4- High Definition Audio Device)' : 2 channels at 44.1 kHz using 16 bits per sample (channel mask 0x3)
[2015.11.27-12.43.55:783][545]LogInit: FAudioDevice initialized.
[2015.11.27-12.43.55:863][545]LogWorld: Game class is 'GameModeBP_C'
[2015.11.27-12.43.55:866][545]LogWorld: Bringing World /Game/Maps/UEDPIE_0_Untitled.Untitled up for play (max tick rate 0) at 2015.11.27-13.43.55
[2015.11.27-12.43.55:866][545]LogActor:Warning: GameSession /Game/Maps/UEDPIE_0_Untitled.Untitled:PersistentLevel.GameSession_0 has natively added scene component(s), but none of them were set as the actor's RootComponent - picking one arbitrarily
[2015.11.27-12.43.55:866][545]LogActor:Warning: GameNetworkManager /Game/Maps/UEDPIE_0_Untitled.Untitled:PersistentLevel.GameNetworkManager_0 has natively added scene component(s), but none of them were set as the actor's RootComponent - picking one arbitrarily
[2015.11.27-12.43.55:866][545]LogWorld: Bringing up level for play took: 0.001702
[2015.11.27-12.43.55:867][545]PIE: Info Play in editor start time for /Game/Maps/UEDPIE_0_Untitled -0.101
[2015.11.27-12.43.55:867][545]LogBlueprintUserMessages: Late PlayInEditor Detection: Level '/Game/Maps/Untitled.Untitled:PersistentLevel' has LevelScriptBlueprint '/Game/Maps/Untitled.Untitled:PersistentLevel.Untitled' with GeneratedClass '/Game/Maps/Untitled.Untitled_C' with ClassGeneratedBy '/Game/Maps/Untitled.Untitled:PersistentLevel.Untitled'
[2015.11.27-12.44.05:932][749]LogBlueprintUserMessages: Early EndPlayMap Detection: Level '/Game/Maps/Untitled.Untitled:PersistentLevel' has LevelScriptBlueprint '/Game/Maps/Untitled.Untitled:PersistentLevel.Untitled' with GeneratedClass '/Game/Maps/Untitled.Untitled_C' with ClassGeneratedBy '/Game/Maps/Untitled.Untitled:PersistentLevel.Untitled'
[2015.11.27-12.44.05:964][749]LogBlueprintUserMessages: Late EndPlayMap Detection: Level '/Game/Maps/Untitled.Untitled:PersistentLevel' has LevelScriptBlueprint '/Game/Maps/Untitled.Untitled:PersistentLevel.Untitled' with GeneratedClass '/Game/Maps/Untitled.Untitled_C' with ClassGeneratedBy '/Game/Maps/Untitled.Untitled:PersistentLevel.Untitled'
[2015.11.27-12.44.05:976][749]LogParticles: Destroying 0 GPU particle simulations for FXSystem 0x000000790807E020
[2015.11.27-12.44.11:276][915]LogEditorViewport: Clicking on Actor (LMB): StarBlueprint_C (StarBlueprint)
[2015.11.27-12.44.19:239][862]LogBlueprintUserMessages: Early PlayInEditor Detection: Level '/Game/Maps/Untitled.Untitled:PersistentLevel' has LevelScriptBlueprint '/Game/Maps/Untitled.Untitled:PersistentLevel.Untitled' with GeneratedClass '/Game/Maps/Untitled.Untitled_C' with ClassGeneratedBy '/Game/Maps/Untitled.Untitled:PersistentLevel.Untitled'
[2015.11.27-12.44.19:239][862]LogPlayLevel: PlayLevel: No blueprints needed recompiling
[2015.11.27-12.44.19:239][862]PIE: New page: PIE session: Untitled (Nov 27, 2015, 2:44:19 PM)
[2015.11.27-12.44.19:240][862]LogPlayLevel: Creating play world package: /Game/Maps/UEDPIE_0_Untitled
[2015.11.27-12.44.19:242][862]LogPlayLevel: PIE: StaticDuplicateObject took: (0.002694s)
[2015.11.27-12.44.19:243][862]LogAIModule: Creating AISystem for world Untitled
[2015.11.27-12.44.19:243][862]LogPlayLevel: PIE: World Init took: (0.000638s)
[2015.11.27-12.44.19:243][862]LogPlayLevel: PIE: Created PIE world by copying editor world from /Game/Maps/Untitled.Untitled to /Game/Maps/UEDPIE_0_Untitled.Untitled (0.003559s)
[2015.11.27-12.44.19:261][862]LogInit: XAudio2 using 'Speakers (4- High Definition Audio Device)' : 2 channels at 44.1 kHz using 16 bits per sample (channel mask 0x3)
[2015.11.27-12.44.19:267][862]LogInit: FAudioDevice initialized.
[2015.11.27-12.44.19:298][862]LogWorld: Game class is 'GameModeBP_C'
[2015.11.27-12.44.19:300][862]LogWorld: Bringing World /Game/Maps/UEDPIE_0_Untitled.Untitled up for play (max tick rate 0) at 2015.11.27-13.44.19
[2015.11.27-12.44.19:300][862]LogActor:Warning: GameSession /Game/Maps/UEDPIE_0_Untitled.Untitled:PersistentLevel.GameSession_1 has natively added scene component(s), but none of them were set as the actor's RootComponent - picking one arbitrarily
[2015.11.27-12.44.19:300][862]LogActor:Warning: GameNetworkManager /Game/Maps/UEDPIE_0_Untitled.Untitled:PersistentLevel.GameNetworkManager_1 has natively added scene component(s), but none of them were set as the actor's RootComponent - picking one arbitrarily
[2015.11.27-12.44.19:300][862]LogWorld: Bringing up level for play took: 0.001559
[2015.11.27-12.44.19:301][862]PIE: Info Play in editor start time for /Game/Maps/UEDPIE_0_Untitled -0.668
[2015.11.27-12.44.19:301][862]LogBlueprintUserMessages: Late PlayInEditor Detection: Level '/Game/Maps/Untitled.Untitled:PersistentLevel' has LevelScriptBlueprint '/Game/Maps/Untitled.Untitled:PersistentLevel.Untitled' with GeneratedClass '/Game/Maps/Untitled.Untitled_C' with ClassGeneratedBy '/Game/Maps/Untitled.Untitled:PersistentLevel.Untitled'
[2015.11.27-12.44.22:219][212]LogSpawn:Warning: SpawnActor failed because no class was specified
[2015.11.27-12.44.22:372][212]LogCrashTracker: 


[2015.11.27-12.44.22:372][212]LogCrashTracker: 


[2015.11.27-12.44.22:372][212]LogWindows: === Critical error: ===
Fatal error!



[2015.11.27-12.44.22:473][212]LogExit: Executing StaticShutdownAfterError
[2015.11.27-12.44.22:476][212]LogPhysics:Warning: PHYSX: ..\..\PhysX\src\NpScene.cpp (2946) 8 : PxScene::unlockWrite() called without matching call to PxScene::lockWrite(), behaviour will be undefined.
[2015.11.27-12.44.22:476][212]LogPhysics:Warning: PHYSX: ..\..\PhysX\src\NpScene.cpp (2946) 8 : PxScene::unlockWrite() called without matching call to PxScene::lockWrite(), behaviour will be undefined.
[2015.11.27-12.44.22:476][212]LogPhysics:Warning: PHYSX: ..\..\PhysX\src\NpScene.cpp (2946) 8 : PxScene::unlockWrite() called without matching call to PxScene::lockWrite(), behaviour will be undefined.
[2015.11.27-12.44.22:476][212]LogPhysics:Warning: PHYSX: ..\..\PhysX\src\NpScene.cpp (2946) 8 : PxScene::unlockWrite() called without matching call to PxScene::lockWrite(), behaviour will be undefined.
[2015.11.27-12.44.22:476][212]LogWindows: FPlatformMisc::RequestExit(1)
[2015.11.27-12.44.22:476][212]Log file closed, 11/27/15 13:44:22
