[2015.11.13-15.04.50:385][  0]Log file open, 11/13/15 16:04:50
[2015.11.13-15.04.50:385][  0]LogInit:Display: Running engine for game: SpaceGame
[2015.11.13-15.04.50:385][  0]LogInit:Display: RandInit(-676428095) SRandInit(-676428095).
[2015.11.13-15.04.50:385][  0]LogTaskGraph: Started task graph with 4 named threads and 7 total threads.
[2015.11.13-15.04.50:385][  0]LogStats: Stats thread started at 0.065940
[2015.11.13-15.04.50:385][  0]LogInit: Version: 4.9.2-2707645+++depot+UE4-Releases+4.9
[2015.11.13-15.04.50:385][  0]LogInit: API Version: 2672455
[2015.11.13-15.04.50:385][  0]LogInit: Compiled (64-bit): Sep 28 2015 10:25:44
[2015.11.13-15.04.50:385][  0]LogInit: Compiled with Visual C++: 18.00.21005.01
[2015.11.13-15.04.50:385][  0]LogInit: Build Configuration: Development
[2015.11.13-15.04.50:385][  0]LogInit: Branch Name: ++depot+UE4-Releases+4.9
[2015.11.13-15.04.50:385][  0]LogInit: Command line:  
[2015.11.13-15.04.50:385][  0]LogInit: Base directory: C:/Program Files/Epic Games/4.9/Engine/Binaries/Win64/
[2015.11.13-15.04.50:385][  0]LogInit: Rocket: 1
[2015.11.13-15.04.50:392][  0]LogInit: Using libcurl 7.41.0
[2015.11.13-15.04.50:392][  0]LogInit:  - built for x86_64-pc-win32
[2015.11.13-15.04.50:392][  0]LogInit:  - supports SSL with WinSSL
[2015.11.13-15.04.50:392][  0]LogInit:  - other features:
[2015.11.13-15.04.50:392][  0]LogInit:      CURL_VERSION_SSL
[2015.11.13-15.04.50:392][  0]LogInit:      CURL_VERSION_IPV6
[2015.11.13-15.04.50:392][  0]LogInit:      CURL_VERSION_ASYNCHDNS
[2015.11.13-15.04.50:392][  0]LogInit:      CURL_VERSION_LARGEFILE
[2015.11.13-15.04.50:392][  0]LogInit:      CURL_VERSION_IDN
[2015.11.13-15.04.50:392][  0]LogInit:  CurlRequestOptions (configurable via config and command line):
[2015.11.13-15.04.50:392][  0]LogInit:  - bVerifyPeer = true  - Libcurl will verify peer certificate
[2015.11.13-15.04.50:392][  0]LogInit:  - bUseHttpProxy = false  - Libcurl will NOT use HTTP proxy
[2015.11.13-15.04.50:392][  0]LogInit:  - bDontReuseConnections = false  - Libcurl will reuse connections
[2015.11.13-15.04.50:392][  0]LogInit:  - CertBundlePath = nullptr  - Libcurl will use whatever was configured at build time.
[2015.11.13-15.04.50:397][  0]LogInit: Presizing for 0 objects not considered by GC, pre-allocating 0 bytes.
[2015.11.13-15.04.50:403][  0]LogInit: Object subsystem initialized
[2015.11.13-15.04.50:404][  0]LogInit: Selected Device Profile: [Windows]
[2015.11.13-15.04.50:404][  0]LogInit: Applying CVar settings loaded from the selected device profile: [Windows]
[2015.11.13-15.04.50:425][  0]LogInit: Computer: SpellabbA333-07
[2015.11.13-15.04.50:425][  0]LogInit: User: Spellabbet
[2015.11.13-15.04.50:425][  0]LogInit: CPU Page size=4096, Cores=4
[2015.11.13-15.04.50:425][  0]LogInit: High frequency timer resolution =3.507521 MHz
[2015.11.13-15.04.50:425][  0]LogMemory: Memory total: Physical=15.9GB (16GB approx)
[2015.11.13-15.04.50:425][  0]LogMemory: Platform Memory Stats for Windows
[2015.11.13-15.04.50:425][  0]LogMemory: Process Physical Memory: 52.05 MB used, 52.05 MB peak
[2015.11.13-15.04.50:425][  0]LogMemory: Process Virtual Memory: 55.05 MB used, 55.05 MB peak
[2015.11.13-15.04.50:425][  0]LogMemory: Physical Memory: 3824.16 MB used, 16318.82 MB total
[2015.11.13-15.04.50:425][  0]LogMemory: Virtual Memory: 347.38 MB used, 134217728.00 MB total
[2015.11.13-15.04.50:451][  0]LogTextLocalizationManager: No translations for ('sv-SE') exist, falling back to 'en' for localization and internationalization data.
[2015.11.13-15.04.51:074][  0]LogD3D11RHI: Found D3D11 adapter 0: NVIDIA GeForce GTX 960 (Feature Level 11_0)
[2015.11.13-15.04.51:074][  0]LogD3D11RHI: Adapter has 1965MB of dedicated video memory, 0MB of dedicated system memory, and 2048MB of shared system memory, 1 output[s]
[2015.11.13-15.04.51:075][  0]LogD3D11RHI: Found D3D11 adapter 1: Microsoft Basic Render Driver (Feature Level 11_0)
[2015.11.13-15.04.51:075][  0]LogD3D11RHI: Adapter has 0MB of dedicated video memory, 0MB of dedicated system memory, and 256MB of shared system memory, 0 output[s]
[2015.11.13-15.04.51:075][  0]LogD3D11RHI: Chosen D3D11 Adapter Id = 0
[2015.11.13-15.04.51:078][  0]LogD3D11RHI: !Direct3DDevice
[2015.11.13-15.04.51:078][  0]LogRHI: Texture pool is 1361 MB (70% of 1945 MB)
[2015.11.13-15.04.51:087][  0]LogD3D11RHI: Async texture creation enabled
[2015.11.13-15.04.51:101][  0]LogShaderCompilers: Guid format shader working directory is 15 characters bigger than the processId version (../../../../../../Users/Spellabbet/Documents/GitHub/SpaceGame/Project/SpaceGame/Intermediate/Shaders/WorkingDirectory/1780/).
[2015.11.13-15.04.51:101][  0]LogShaderCompilers: Cleaned the shader compiler working directory '../../../../../../Users/Spellabbet/Documents/GitHub/SpaceGame/Project/SpaceGame/Intermediate/Shaders/tmp/B1B4B7FC4A06566CB75B57B4E25E0F4C/'.
[2015.11.13-15.04.51:101][  0]LogShaderCompilers:Display: Using Local Shader Compiler.
[2015.11.13-15.04.51:987][  0]LogTemp:Display: Loaded TP AllDesktopTargetPlatform
[2015.11.13-15.04.51:991][  0]LogTemp:Display: Loaded TP WindowsClientTargetPlatform
[2015.11.13-15.04.51:995][  0]LogTemp:Display: Loaded TP WindowsNoEditorTargetPlatform
[2015.11.13-15.04.51:999][  0]LogTemp:Display: Loaded TP WindowsServerTargetPlatform
[2015.11.13-15.04.52:003][  0]LogTemp:Display: Loaded TP WindowsTargetPlatform
[2015.11.13-15.04.52:006][  0]LogTemp:Display: Loaded TP AndroidTargetPlatform
[2015.11.13-15.04.52:009][  0]LogTemp:Display: Loaded TP Android_ASTCTargetPlatform
[2015.11.13-15.04.52:011][  0]LogTemp:Display: Loaded TP Android_ATCTargetPlatform
[2015.11.13-15.04.52:014][  0]LogTemp:Display: Loaded TP Android_DXTTargetPlatform
[2015.11.13-15.04.52:017][  0]LogTemp:Display: Loaded TP Android_ETC1TargetPlatform
[2015.11.13-15.04.52:019][  0]LogTemp:Display: Loaded TP Android_ETC2TargetPlatform
[2015.11.13-15.04.52:022][  0]LogTemp:Display: Loaded TP Android_PVRTCTargetPlatform
[2015.11.13-15.04.52:023][  0]LogTemp:Display: Loaded TP HTML5TargetPlatform
[2015.11.13-15.04.52:039][  0]LogTemp:Display: Loaded TP IOSTargetPlatform
[2015.11.13-15.04.52:041][  0]LogTemp:Display: Loaded TP LinuxNoEditorTargetPlatform
[2015.11.13-15.04.52:043][  0]LogTemp:Display: Loaded TP LinuxServerTargetPlatform
[2015.11.13-15.04.52:046][  0]LogTemp:Display: Loaded TP LinuxTargetPlatform
[2015.11.13-15.04.52:046][  0]LogTargetPlatformManager:Display: Building Assets For Windows
[2015.11.13-15.04.52:121][  0]LogDerivedDataCache:Display: Max Cache Size: 512 MB
[2015.11.13-15.04.52:159][  0]LogDerivedDataCache: Loaded boot cache 0.04s 41MB C:/Users/Spellabbet/AppData/Local/UnrealEngine/4.9/DerivedDataCache/Boot.ddc.
[2015.11.13-15.04.52:159][  0]LogDerivedDataCache:Display: Loaded Boot cache: C:/Users/Spellabbet/AppData/Local/UnrealEngine/4.9/DerivedDataCache/Boot.ddc
[2015.11.13-15.04.52:159][  0]LogDerivedDataCache: FDerivedDataBackendGraph:  Pak pak cache file ../../../../../../Users/Spellabbet/Documents/GitHub/SpaceGame/Project/SpaceGame/DerivedDataCache/DDC.ddp not found, will not use a pak cache.
[2015.11.13-15.04.52:159][  0]LogDerivedDataCache: Unable to find inner node Pak for hierarchical cache Hierarchy.
[2015.11.13-15.04.52:159][  0]LogDerivedDataCache: FDerivedDataBackendGraph:  CompressedPak pak cache file ../../../../../../Users/Spellabbet/Documents/GitHub/SpaceGame/Project/SpaceGame/DerivedDataCache/Compressed.ddp not found, will not use a pak cache.
[2015.11.13-15.04.52:159][  0]LogDerivedDataCache: Unable to find inner node CompressedPak for hierarchical cache Hierarchy.
[2015.11.13-15.04.52:269][  0]LogDerivedDataCache:Display: Pak cache opened for reading ../../../Engine/DerivedDataCache/Compressed.ddp.
[2015.11.13-15.04.52:281][  0]LogDerivedDataCache: Using Local data cache path C:/Users/Spellabbet/AppData/Local/UnrealEngine/Common/DerivedDataCache: Writable
[2015.11.13-15.04.52:423][  0]LogInit: Selected Device Profile: [Windows]
[2015.11.13-15.04.52:425][  0]LogContentStreaming: Texture pool size is 0.000000MB
[2015.11.13-15.04.52:523][  0]LogMeshUtilities: No automatic mesh reduction module available
[2015.11.13-15.04.52:523][  0]LogMeshUtilities: No automatic mesh merging module available
[2015.11.13-15.04.52:706][  0]LogInit: WinSock: version 1.1 (2.2), MaxSocks=32767, MaxUdp=65467
[2015.11.13-15.04.53:247][  0]UdpMessaging: Initializing bridge on interface 0.0.0.0:0 to multicast group 230.0.0.1:6666.
[2015.11.13-15.04.53:359][  0]LogAssetRegistry: FAssetRegistry took 0.0104 seconds to start up
[2015.11.13-15.04.53:493][  0]SourceControl: Info Source control is disabled
[2015.11.13-15.04.53:499][  0]SourceControl: Info Source control is disabled
[2015.11.13-15.04.53:509][  0]SourceControl: Info Source control is disabled
[2015.11.13-15.04.53:519][  0]SourceControl: Info Source control is disabled
[2015.11.13-15.04.53:654][  0]LogLinker:Warning: Asset '../../../Engine/Plugins/Runtime/LeapMotionController/Content/LM_PassthroughMaterial.uasset' has been saved with empty engine version. The asset will be loaded but may be incompatible.
[2015.11.13-15.04.53:728][  0]LogObj: 28410 objects as part of root set at end of initial load.
[2015.11.13-15.04.53:728][  0]LogUObjectAllocator: 6059544 out of 0 bytes used by permanent object pool.
[2015.11.13-15.04.53:774][  0]LogEngine: Initializing Engine...
[2015.11.13-15.04.53:776][  0]LogHMD: Can't find Oculus library dev build: is proper Runtime installed? Version: 0.7.0.0
[2015.11.13-15.04.53:776][  0]LogHMD: SteamVR failed to initialize.  Err: 110
[2015.11.13-15.04.53:879][  0]LogAIModule: Creating AISystem for world NewWorld
[2015.11.13-15.04.53:884][  0]LogInit: XAudio2 using 'Speakers (4- High Definition Audio Device)' : 2 channels at 44.1 kHz using 16 bits per sample (channel mask 0x3)
[2015.11.13-15.04.53:894][  0]LogInit: FAudioDevice initialized.
[2015.11.13-15.04.53:939][  0]LogDerivedDataCache: Saved boot cache 0.04s 41MB C:/Users/Spellabbet/AppData/Local/UnrealEngine/4.9/DerivedDataCache/Boot.ddc.
[2015.11.13-15.04.53:942][  0]LogInit: Texture streaming: Enabled
[2015.11.13-15.04.53:947][  0]LogAnalytics: Creating configured Analytics provider AnalyticsET
[2015.11.13-15.04.53:947][  0]LogAnalytics: [UEEditor.Rocket.Release] APIServer = http://et2.epicgames.com/ET2/. AppVersion = 4.9.2-2707645+++depot+UE4-Releases+4.9
[2015.11.13-15.04.53:947][  0]LogAnalytics: [UEEditor.Rocket.Release] SetUserId a56f99ce4ac584e8e6d851994b9dafce|4486cc34acf54390b5f34fc38c8b6486|060e5e79-a789-49c4-8abd-5d8b330400a7
[2015.11.13-15.04.53:947][  0]LogAnalytics: [UEEditor.Rocket.Release] AnalyticsET::StartSession
[2015.11.13-15.04.53:964][  0]LogInit: Transaction tracking system initialized
[2015.11.13-15.04.53:987][  0]BlueprintLog: New page: Editor Load
[2015.11.13-15.04.54:044][  0]LocalizationService: Info Localization service is disabled
[2015.11.13-15.04.54:103][  0]LogConsoleResponse:Display: 
[2015.11.13-15.04.54:200][  0]LogCook:Display: Done creating registry. It took  0.00s.
[2015.11.13-15.04.54:243][  0]LogFileCache: Scanning file cache for directory 'C:/Users/Spellabbet/Documents/GitHub/SpaceGame/Project/SpaceGame/Content/' took 0.01s
[2015.11.13-15.04.54:243][  0]SourceControl: Info Source control is disabled
[2015.11.13-15.04.54:243][  0]Cmd: MAP LOAD FILE="../../../Engine/Content/Maps/Templates/Template_Default.umap" TEMPLATE=1 SHOWPROGRESS=1 FEATURELEVEL=3
[2015.11.13-15.04.54:244][  0]LightingResults: New page: Lighting Build
[2015.11.13-15.04.54:246][  0]MapCheck: New page: Map Check
[2015.11.13-15.04.54:246][  0]LightingResults: New page: Lighting Build
[2015.11.13-15.04.54:255][  0]LogParticles: Destroying 0 GPU particle simulations for FXSystem 0x00000095DD09EAC0
[2015.11.13-15.04.54:453][  0]LogAIModule: Creating AISystem for world Untitled_1
[2015.11.13-15.04.54:456][  0]LogEditorServer: Finished looking for orphan Actors (0.000 secs)
[2015.11.13-15.04.54:459][  0]Cmd: MAP CHECKDEP NOCLEARLOG
[2015.11.13-15.04.54:489][  0]MapCheck: Info Map check complete: 0 Error(s), 0 Warning(s), took 29.648ms to complete.
[2015.11.13-15.04.54:489][  0]LogFileHelpers: Loading map 'Template_Default' took 0.246
[2015.11.13-15.04.54:587][  0]LogCollectionManager: Loaded 0 collections in 0.001495 seconds
[2015.11.13-15.04.54:628][  0]LogFileCache: Scanning file cache for directory 'C:/Users/Spellabbet/Documents/GitHub/SpaceGame/Project/SpaceGame/Saved/Collections/' took 0.01s
[2015.11.13-15.04.54:628][  0]LogFileCache: Scanning file cache for directory 'C:/Users/Spellabbet/Documents/GitHub/SpaceGame/Project/SpaceGame/Content/Developers/Spellabbet/Collections/' took 0.01s
[2015.11.13-15.04.54:628][  0]LogFileCache: Scanning file cache for directory 'C:/Users/Spellabbet/Documents/GitHub/SpaceGame/Project/SpaceGame/Content/Collections/' took 0.01s
[2015.11.13-15.04.54:628][  0]LogContentBrowser: Native class hierarchy populated in 0.0065 seconds. Added 1873 classes and 335 folders.
[2015.11.13-15.04.54:631][  0]LogCollectionManager: Rebuilt the GUID cache for 0 collections in 0.000002 seconds
[2015.11.13-15.04.54:637][  0]LogContentBrowser: Native class hierarchy updated for 'WidgetCarousel' in 0.0009 seconds. Added 0 classes and 0 folders.
[2015.11.13-15.04.54:666][  0]LogContentBrowser: Native class hierarchy updated for 'AddContentDialog' in 0.0008 seconds. Added 0 classes and 0 folders.
[2015.11.13-15.04.54:673][  0]LogContentBrowser: Native class hierarchy updated for 'SceneOutliner' in 0.0008 seconds. Added 1 classes and 2 folders.
[2015.11.13-15.04.54:694][  0]LogCrashTracker: Crashtracker disabled due to settings.
[2015.11.13-15.04.54:698][  0]LogUObjectGlobals:Warning: Failed to find object 'Class None.'
[2015.11.13-15.04.54:721][  0]LogLoad: Full Startup: 5.11 seconds (BP compile: 0.03 seconds)
[2015.11.13-15.04.54:778][  0]LogContentStreaming: Texture pool size now 1000 MB
[2015.11.13-15.04.54:894][  0]LogRenderer: Reallocating scene render targets to support 1208x576 (Frame:2).
[2015.11.13-15.04.54:984][  2]LogAssetRegistry: Asset discovery search completed in 1.6359 seconds
[2015.11.13-15.04.54:984][  2]LogCollectionManager: Rebuilt the object cache for 0 collections in 0.000001 seconds (found 0 objects)
[2015.11.13-15.04.54:984][  2]LogCollectionManager: Fixed up redirectors for 0 collections in 0.000035 seconds (updated 0 objects)
[2015.11.13-15.05.08:040][545]LogEditor: Attempting to add actor of class 'Ship' to level at -1090.00,-300.00,250.00
[2015.11.13-15.05.08:504][600]LogEditor: Attempting to add actor of class 'Ship' to level at -1050.00,-300.00,280.00
[2015.11.13-15.05.16:713][572]LogEditorViewport: Clicking on Actor (LMB): FleetBP_C (FleetBP2)
[2015.11.13-15.05.26:428][731]LogEditorViewport: Clicking on Actor (LMB): BP_Sky_Sphere_C (Sky Sphere)
[2015.11.13-15.05.27:209][822]LogEditorViewport: Clicking on Actor (LMB): FleetBP_C (FleetBP2)
[2015.11.13-15.05.29:397][ 75]LogLinker:Warning: Asset '../../../Engine/Content/ArtTools/RenderToTexture/Macros/RenderToTextureMacros.uasset' has been saved with empty engine version. The asset will be loaded but may be incompatible.
[2015.11.13-15.05.29:786][ 75]LogContentBrowser: Native class hierarchy updated for 'BlueprintGraph' in 0.0010 seconds. Added 107 classes and 0 folders.
[2015.11.13-15.05.41:147][148]BlueprintLog: New page: Compile FleetBP
[2015.11.13-15.05.41:179][148]LogUObjectGlobals:Warning: Guid is in use by SceneComponent /Temp/Untitled_1.Untitled_1:PersistentLevel.FleetBP_2.Root and SceneComponent /Temp/Untitled_1.Untitled_1:PersistentLevel.FleetBP_C_0.Root, which should never happen in the editor but could happen at runtime with duplicate level loading or PIE
[2015.11.13-15.05.41:179][148]LogUObjectGlobals:Warning: Guid is in use by StaticMeshComponent /Temp/Untitled_1.Untitled_1:PersistentLevel.FleetBP_2.Mesh and StaticMeshComponent /Temp/Untitled_1.Untitled_1:PersistentLevel.FleetBP_C_0.Mesh, which should never happen in the editor but could happen at runtime with duplicate level loading or PIE
[2015.11.13-15.05.41:179][148]LogUObjectGlobals:Warning: Guid is in use by BoxComponent /Temp/Untitled_1.Untitled_1:PersistentLevel.FleetBP_2.Box and BoxComponent /Temp/Untitled_1.Untitled_1:PersistentLevel.FleetBP_C_0.Box, which should never happen in the editor but could happen at runtime with duplicate level loading or PIE
[2015.11.13-15.05.41:180][148]LogUObjectGlobals:Warning: Guid is in use by SceneComponent /Temp/Untitled_1.Untitled_1:PersistentLevel.FleetBP2_5.Root and SceneComponent /Temp/Untitled_1.Untitled_1:PersistentLevel.FleetBP_C_1.Root, which should never happen in the editor but could happen at runtime with duplicate level loading or PIE
[2015.11.13-15.05.41:180][148]LogUObjectGlobals:Warning: Guid is in use by StaticMeshComponent /Temp/Untitled_1.Untitled_1:PersistentLevel.FleetBP2_5.Mesh and StaticMeshComponent /Temp/Untitled_1.Untitled_1:PersistentLevel.FleetBP_C_1.Mesh, which should never happen in the editor but could happen at runtime with duplicate level loading or PIE
[2015.11.13-15.05.41:180][148]LogUObjectGlobals:Warning: Guid is in use by BoxComponent /Temp/Untitled_1.Untitled_1:PersistentLevel.FleetBP2_5.Box and BoxComponent /Temp/Untitled_1.Untitled_1:PersistentLevel.FleetBP_C_1.Box, which should never happen in the editor but could happen at runtime with duplicate level loading or PIE
[2015.11.13-15.05.41:297][148]LogParticles: Destroying 0 GPU particle simulations for FXSystem 0x00000095EB0405E0
[2015.11.13-15.05.41:305][148]BlueprintEditorCompileResults: Info [0051.69] Compile of FleetBP successful! [in 158 ms]
[2015.11.13-15.05.44:666][537]Recompiling SpaceGame...
[2015.11.13-15.05.44:666][537]Launching UnrealBuildTool... [C:/Program Files/Epic Games/4.9/Engine/Binaries/DotNET/UnrealBuildTool.exe SpaceGame -ModuleWithSuffix SpaceGame 6921 Win64 Development -editorrecompile -canskiplink "C:/Users/Spellabbet/Documents/GitHub/SpaceGame/Project/SpaceGame/SpaceGame.uproject" -rocket  -rocket]
[2015.11.13-15.05.44:667][537]Warning: Starting HotReload took  0.0s.
[2015.11.13-15.05.45:487][615]CompilerResultsLog: New page: Compilation - Nov 13, 2015, 5:05:45 PM
[2015.11.13-15.05.45:487][615]CompilerResultsLog: Info Compiling game modules for hot reload
[2015.11.13-15.05.45:487][615]CompilerResultsLog: Info Target is up to date.
[2015.11.13-15.05.45:487][615]LogMainFrame: MainFrame: Module compiling took 0.824 seconds
[2015.11.13-15.05.46:343][715]LogPlayLevel: PlayLevel: No blueprints needed recompiling
[2015.11.13-15.05.46:343][715]PIE: New page: PIE session: Untitled_1 (Nov 13, 2015, 5:05:46 PM)
[2015.11.13-15.05.46:344][715]LogPlayLevel: Creating play world package: /Temp/UEDPIE_0_Untitled_1
[2015.11.13-15.05.46:346][715]LogPlayLevel: PIE: StaticDuplicateObject took: (0.001904s)
[2015.11.13-15.05.46:346][715]LogAIModule: Creating AISystem for world Untitled_1
[2015.11.13-15.05.46:346][715]LogPlayLevel: PIE: World Init took: (0.000789s)
[2015.11.13-15.05.46:347][715]LogPlayLevel: PIE: Created PIE world by copying editor world from /Temp/Untitled_1.Untitled_1 to /Temp/UEDPIE_0_Untitled_1.Untitled_1 (0.003112s)
[2015.11.13-15.05.46:376][715]LogInit: XAudio2 using 'Speakers (4- High Definition Audio Device)' : 2 channels at 44.1 kHz using 16 bits per sample (channel mask 0x3)
[2015.11.13-15.05.46:382][715]LogInit: FAudioDevice initialized.
[2015.11.13-15.05.46:428][715]LogWorld: Game class is 'GameMode'
[2015.11.13-15.05.46:430][715]LogWorld: Bringing World /Temp/UEDPIE_0_Untitled_1.Untitled_1 up for play (max tick rate 0) at 2015.11.13-16.05.46
[2015.11.13-15.05.46:430][715]LogActor:Warning: GameSession /Temp/UEDPIE_0_Untitled_1.Untitled_1:PersistentLevel.GameSession_0 has natively added scene component(s), but none of them were set as the actor's RootComponent - picking one arbitrarily
[2015.11.13-15.05.46:431][715]LogActor:Warning: GameNetworkManager /Temp/UEDPIE_0_Untitled_1.Untitled_1:PersistentLevel.GameNetworkManager_0 has natively added scene component(s), but none of them were set as the actor's RootComponent - picking one arbitrarily
[2015.11.13-15.05.46:431][715]LogWorld: Bringing up level for play took: 0.001755
[2015.11.13-15.05.46:432][715]PIE: Info Play in editor start time for /Temp/UEDPIE_0_Untitled_1 0.463
[2015.11.13-15.05.50:129][157]LogSelection:Warning: PIE object was selected: "FleetBP_C /Temp/UEDPIE_0_Untitled_1.Untitled_1:PersistentLevel.FleetBP_C_1"
[2015.11.13-15.05.52:955][429]LogEditorViewport: Clicking on Actor (LMB): BP_Sky_Sphere_C (Sky Sphere)
[2015.11.13-15.05.52:955][429]LogSelection:Warning: PIE object was selected: "BP_Sky_Sphere_C /Temp/UEDPIE_0_Untitled_1.Untitled_1:PersistentLevel.SkySphere"
[2015.11.13-15.06.00:126][138]Recompiling SpaceGame...
[2015.11.13-15.06.00:126][138]Launching UnrealBuildTool... [C:/Program Files/Epic Games/4.9/Engine/Binaries/DotNET/UnrealBuildTool.exe SpaceGame -ModuleWithSuffix SpaceGame 4191 Win64 Development -editorrecompile -canskiplink "C:/Users/Spellabbet/Documents/GitHub/SpaceGame/Project/SpaceGame/SpaceGame.uproject" -rocket  -rocket]
[2015.11.13-15.06.00:127][138]Warning: Starting HotReload took  0.0s.
[2015.11.13-15.06.01:005][214]CompilerResultsLog: New page: Compilation - Nov 13, 2015, 5:06:01 PM
[2015.11.13-15.06.01:005][214]CompilerResultsLog: Info Compiling game modules for hot reload
[2015.11.13-15.06.01:005][214]CompilerResultsLog: Info Target is up to date.
[2015.11.13-15.06.01:005][214]LogMainFrame: MainFrame: Module compiling took 0.881 seconds
[2015.11.13-15.06.01:889][306]LogParticles: Destroying 0 GPU particle simulations for FXSystem 0x000000958D616700
[2015.11.13-15.06.07:057][918]LogEditorViewport: Clicking on Actor (LMB): FleetBP_C (FleetBP)
[2015.11.13-15.06.43:121][452]LogEditorViewport: Clicking on Actor (LMB): BP_Sky_Sphere_C (Sky Sphere)
[2015.11.13-15.06.46:497][854]LogEditorViewport: Clicking on Actor (LMB): FleetBP_C (FleetBP2)
[2015.11.13-15.06.47:725][996]LogEditorViewport: Clicking on Actor (LMB): FleetBP_C (FleetBP)
[2015.11.13-15.06.48:416][ 74]LogEditorViewport: Clicking on Actor (LMB): FleetBP_C (FleetBP2)
[2015.11.13-15.06.49:100][151]LogEditorViewport: Clicking on Actor (LMB): FleetBP_C (FleetBP)
[2015.11.13-15.06.49:709][219]LogEditorViewport: Clicking on Actor (LMB): FleetBP_C (FleetBP2)
[2015.11.13-15.15.10:931][113]LogSavePackage: Save=19.758970ms
[2015.11.13-15.15.10:931][113]LogSavePackage: Moving '../../../../../../Users/Spellabbet/Documents/GitHub/SpaceGame/Project/SpaceGame/Saved/Untitled_1_Auto1C20BE7454780E2A1DA979D9274177BFE.tmp' to '../../../../../../Users/Spellabbet/Documents/GitHub/SpaceGame/Project/SpaceGame/Saved/Autosaves/Temp/Untitled_1_Auto1.umap'
[2015.11.13-15.15.10:933][113]LogSavePackage: Total save time: 24.810117ms
[2015.11.13-15.15.10:933][113]LogSavePackage:Warning: Finished SavePackage ../../../../../../Users/Spellabbet/Documents/GitHub/SpaceGame/Project/SpaceGame/Saved/Autosaves/Temp/Untitled_1_Auto1.umap
[2015.11.13-15.15.10:935][113]LogFileHelpers: Editor autosave (incl. sublevels) for '/Temp/Untitled_1' took 0.060
[2015.11.13-15.15.10:935][113]LogFileHelpers: Editor autosave (incl. sublevels) for all levels took 0.060
[2015.11.13-15.15.10:940][113]OBJ SavePackage: Generating thumbnails for [1] asset(s) in package [/Game/FleetBP] ([1] browsable assets)...
[2015.11.13-15.15.10:958][113]OBJ SavePackage:     Rendered thumbnail for [Blueprint /Game/FleetBP.FleetBP]
[2015.11.13-15.15.10:958][113]OBJ SavePackage: Finished generating thumbnails for package [/Game/FleetBP]
[2015.11.13-15.15.10:958][113]Cmd: OBJ SAVEPACKAGE PACKAGE="/Game/FleetBP" FILE="../../../../../../Users/Spellabbet/Documents/GitHub/SpaceGame/Project/SpaceGame/Saved/Autosaves/Game/FleetBP_Auto1.uasset" SILENT=false AUTOSAVING=true
[2015.11.13-15.15.10:980][113]LogSavePackage: Save=16.797903ms
[2015.11.13-15.15.10:980][113]LogSavePackage: Moving '../../../../../../Users/Spellabbet/Documents/GitHub/SpaceGame/Project/SpaceGame/Saved/FleetBP_Auto1BAC03E594C044A4AF51568ADEB8BF944.tmp' to '../../../../../../Users/Spellabbet/Documents/GitHub/SpaceGame/Project/SpaceGame/Saved/Autosaves/Game/FleetBP_Auto1.uasset'
[2015.11.13-15.15.10:980][113]LogSavePackage: Total save time: 21.052763ms
[2015.11.13-15.15.10:980][113]LogSavePackage:Warning: Finished SavePackage ../../../../../../Users/Spellabbet/Documents/GitHub/SpaceGame/Project/SpaceGame/Saved/Autosaves/Game/FleetBP_Auto1.uasset
[2015.11.13-15.15.10:980][113]LogFileHelpers: Auto-saving content packages took 0.044
[2015.11.13-15.15.36:617][366]Recompiling SpaceGame...
[2015.11.13-15.15.36:617][366]Launching UnrealBuildTool... [C:/Program Files/Epic Games/4.9/Engine/Binaries/DotNET/UnrealBuildTool.exe SpaceGame -ModuleWithSuffix SpaceGame 521 Win64 Development -editorrecompile -canskiplink "C:/Users/Spellabbet/Documents/GitHub/SpaceGame/Project/SpaceGame/SpaceGame.uproject" -rocket  -rocket]
[2015.11.13-15.15.36:618][366]Warning: Starting HotReload took  0.0s.
[2015.11.13-15.15.45:947][465]CompilerResultsLog: New page: Compilation - Nov 13, 2015, 5:15:45 PM
[2015.11.13-15.15.45:948][465]CompilerResultsLog: Info Compiling game modules for hot reload
[2015.11.13-15.15.45:948][465]CompilerResultsLog: Info Parsing headers for SpaceGameEditor
[2015.11.13-15.15.45:948][465]CompilerResultsLog: Info   Running UnrealHeaderTool "C:/Users/Spellabbet/Documents/GitHub/SpaceGame/Project/SpaceGame/SpaceGame.uproject" "C:\Users\Spellabbet\Documents\GitHub\SpaceGame\Project\SpaceGame\Intermediate\Build\Win64\SpaceGameEditor\Development\UnrealHeaderTool.manifest" -LogCmds="loginit warning, logexit warning, logdatabase error" -rocket -installed
[2015.11.13-15.15.45:948][465]CompilerResultsLog: Info LogCompile:Error: Circular dependency detected for filename C:\Users\Spellabbet\Documents\GitHub\SpaceGame\Project\SpaceGame\Source\SpaceGame\Combat.h!
[2015.11.13-15.15.45:948][465]CompilerResultsLog: Info Reflection code generated for SpaceGameEditor in 6,8591751 seconds
[2015.11.13-15.15.45:948][465]CompilerResultsLog: Info Performing 6 actions (4 in parallel)
[2015.11.13-15.15.45:948][465]CompilerResultsLog: Info Combat.cpp
[2015.11.13-15.15.45:948][465]CompilerResultsLog: Info Link.cpp
[2015.11.13-15.15.45:948][465]CompilerResultsLog: Info Star.cpp
[2015.11.13-15.15.45:948][465]CompilerResultsLog: Info Fleet.cpp
[2015.11.13-15.15.45:948][465]CompilerResultsLog:Error: Error c:\users\spellabbet\documents\github\spacegame\project\spacegame\source\spacegame\Combat.h(17)  : error C2061: syntax error : identifier 'AFleet'c:\users\spellabbet\documents\github\spacegame\project\spacegame\source\spacegame\Combat.h(17) : error C2061: syntax error : identifier 'AFleet'c:\users\spellabbet\documents\github\spacegame\project\spacegame\source\spacegame\Combat.h(17) : error C2061: syntax error : identifier 'AFleet'
[2015.11.13-15.15.45:948][465]CompilerResultsLog: Info 
[2015.11.13-15.15.45:948][465]CompilerResultsLog: Info 
[2015.11.13-15.15.45:948][465]CompilerResultsLog:Error: Error c:\users\spellabbet\documents\github\spacegame\project\spacegame\source\spacegame\Combat.h(17)  : error C2535: 'ACombat::ACombat(void)' : member function already defined or declaredc:\users\spellabbet\documents\github\spacegame\project\spacegame\source\spacegame\Combat.h(17) : error C2535: 'ACombat::ACombat(void)' : member function already defined or declaredc:\users\spellabbet\documents\github\spacegame\project\spacegame\source\spacegame\Combat.h(17) : error C2535: 'ACombat::ACombat(void)' : member function already defined or declared
[2015.11.13-15.15.45:948][465]CompilerResultsLog: Info 
[2015.11.13-15.15.45:948][465]CompilerResultsLog: Info 
[2015.11.13-15.15.45:948][465]CompilerResultsLog: Info          c:\users\spellabbet\documents\github\spacegame\project\spacegame\source\spacegame\Combat.h(16)  : see declaration of 'ACombat::ACombat'        c:\users\spellabbet\documents\github\spacegame\project\spacegame\source\spacegame\Combat.h(16) : see declaration of 'ACombat::ACombat'        c:\users\spellabbet\documents\github\spacegame\project\spacegame\source\spacegame\Combat.h(16) : see declaration of 'ACombat::ACombat'
[2015.11.13-15.15.45:948][465]CompilerResultsLog: Info 
[2015.11.13-15.15.45:948][465]CompilerResultsLog: Info 
[2015.11.13-15.15.45:948][465]CompilerResultsLog:Error: Error c:\users\spellabbet\documents\github\spacegame\project\spacegame\source\spacegame\Combat.h(26)  : error C2143: syntax error : missing ';' before '*'
[2015.11.13-15.15.45:949][465]CompilerResultsLog:Error: Error c:\users\spellabbet\documents\github\spacegame\project\spacegame\source\spacegame\Combat.h(26)  : error C2143: syntax error : missing ';' before '*'c:\users\spellabbet\documents\github\spacegame\project\spacegame\source\spacegame\Combat.h(26) : error C2143: syntax error : missing ';' before '*'
[2015.11.13-15.15.45:949][465]CompilerResultsLog: Info 
[2015.11.13-15.15.45:949][465]CompilerResultsLog:Error: Error c:\users\spellabbet\documents\github\spacegame\project\spacegame\source\spacegame\Combat.h(26)  : error C4430: missing type specifier - int assumed. Note: C++ does not support default-intc:\users\spellabbet\documents\github\spacegame\project\spacegame\source\spacegame\Combat.h(26) : error C4430: missing type specifier - int assumed. Note: C++ does not support default-int
[2015.11.13-15.15.45:949][465]CompilerResultsLog:Error: Error c:\users\spellabbet\documents\github\spacegame\project\spacegame\source\spacegame\Combat.h(26)  : error C4430: missing type specifier - int assumed. Note: C++ does not support default-int
[2015.11.13-15.15.45:949][465]CompilerResultsLog: Info 
[2015.11.13-15.15.45:949][465]CompilerResultsLog:Error: Error c:\users\spellabbet\documents\github\spacegame\project\spacegame\source\spacegame\Combat.h(28)  : error C2143: syntax error : missing ';' before '*'c:\users\spellabbet\documents\github\spacegame\project\spacegame\source\spacegame\Combat.h(28) : error C2143: syntax error : missing ';' before '*'c:\users\spellabbet\documents\github\spacegame\project\spacegame\source\spacegame\Combat.h(28) : error C2143: syntax error : missing ';' before '*'
[2015.11.13-15.15.45:949][465]CompilerResultsLog: Info 
[2015.11.13-15.15.45:949][465]CompilerResultsLog: Info 
[2015.11.13-15.15.45:949][465]CompilerResultsLog:Error: Error c:\users\spellabbet\documents\github\spacegame\project\spacegame\source\spacegame\Combat.h(28)  : error C4430: missing type specifier - int assumed. Note: C++ does not support default-intc:\users\spellabbet\documents\github\spacegame\project\spacegame\source\spacegame\Combat.h(28) : error C4430: missing type specifier - int assumed. Note: C++ does not support default-intc:\users\spellabbet\documents\github\spacegame\project\spacegame\source\spacegame\Combat.h(28) : error C4430: missing type specifier - int assumed. Note: C++ does not support default-int
[2015.11.13-15.15.45:949][465]CompilerResultsLog: Info 
[2015.11.13-15.15.45:949][465]CompilerResultsLog: Info 
[2015.11.13-15.15.45:949][465]CompilerResultsLog: Info SpaceGame.generated.cpp
[2015.11.13-15.15.45:949][465]CompilerResultsLog:Error: Error c:\users\spellabbet\documents\github\spacegame\project\spacegame\source\spacegame\Combat.h(17)  : error C2061: syntax error : identifier 'AFleet'
[2015.11.13-15.15.45:949][465]CompilerResultsLog:Error: Error c:\users\spellabbet\documents\github\spacegame\project\spacegame\source\spacegame\Combat.h(17)  : error C2535: 'ACombat::ACombat(void)' : member function already defined or declared
[2015.11.13-15.15.45:949][465]CompilerResultsLog: Info          c:\users\spellabbet\documents\github\spacegame\project\spacegame\source\spacegame\Combat.h(16)  : see declaration of 'ACombat::ACombat'
[2015.11.13-15.15.45:949][465]CompilerResultsLog:Error: Error c:\users\spellabbet\documents\github\spacegame\project\spacegame\source\spacegame\Combat.h(26)  : error C2143: syntax error : missing ';' before '*'
[2015.11.13-15.15.45:949][465]CompilerResultsLog:Error: Error c:\users\spellabbet\documents\github\spacegame\project\spacegame\source\spacegame\Combat.h(26)  : error C4430: missing type specifier - int assumed. Note: C++ does not support default-int
[2015.11.13-15.15.45:949][465]CompilerResultsLog:Error: Error c:\users\spellabbet\documents\github\spacegame\project\spacegame\source\spacegame\Combat.h(28)  : error C2143: syntax error : missing ';' before '*'
[2015.11.13-15.15.45:949][465]CompilerResultsLog:Error: Error c:\users\spellabbet\documents\github\spacegame\project\spacegame\source\spacegame\Combat.h(28)  : error C4430: missing type specifier - int assumed. Note: C++ does not support default-int
[2015.11.13-15.15.45:949][465]CompilerResultsLog:Error: Error C:\Users\Spellabbet\Documents\GitHub\SpaceGame\Project\SpaceGame\Intermediate\Build\Win64\UE4Editor\Inc\SpaceGame\SpaceGame.generated.cpp(247)  : error C2039: 'aiFleet' : is not a member of 'ACombat'
[2015.11.13-15.15.45:949][465]CompilerResultsLog: Info          c:\users\spellabbet\documents\github\spacegame\project\spacegame\source\spacegame\Combat.h(10)  : see declaration of 'ACombat'
[2015.11.13-15.15.45:949][465]CompilerResultsLog:Error: Error C:\Users\Spellabbet\Documents\GitHub\SpaceGame\Project\SpaceGame\Intermediate\Build\Win64\UE4Editor\Inc\SpaceGame\SpaceGame.generated.cpp(247)  : error C2664: 'UObjectProperty::UObjectProperty(const UObjectProperty &)' : cannot convert argument 1 from 'FObjectInitializer' to 'ECppProperty'
[2015.11.13-15.15.45:949][465]CompilerResultsLog: Info         No user-defined-conversion operator available that can perform this conversion, or the operator cannot be called
[2015.11.13-15.15.45:949][465]CompilerResultsLog:Error: Error C:\Users\Spellabbet\Documents\GitHub\SpaceGame\Project\SpaceGame\Intermediate\Build\Win64\UE4Editor\Inc\SpaceGame\SpaceGame.generated.cpp(248)  : error C2039: 'playerFleet' : is not a member of 'ACombat'
[2015.11.13-15.15.45:949][465]CompilerResultsLog: Info          c:\users\spellabbet\documents\github\spacegame\project\spacegame\source\spacegame\Combat.h(10)  : see declaration of 'ACombat'
[2015.11.13-15.15.45:949][465]CompilerResultsLog:Error: Error C:\Users\Spellabbet\Documents\GitHub\SpaceGame\Project\SpaceGame\Intermediate\Build\Win64\UE4Editor\Inc\SpaceGame\SpaceGame.generated.cpp(248)  : error C2664: 'UObjectProperty::UObjectProperty(const UObjectProperty &)' : cannot convert argument 1 from 'FObjectInitializer' to 'ECppProperty'
[2015.11.13-15.15.45:950][465]CompilerResultsLog: Info         No user-defined-conversion operator available that can perform this conversion, or the operator cannot be called
[2015.11.13-15.15.45:950][465]CompilerResultsLog: Info -------- End Detailed Actions Stats -----------------------------------------------------------
[2015.11.13-15.15.45:950][465]CompilerResultsLog: Info ERROR: UBT ERROR: Failed to produce item: C:\Users\Spellabbet\Documents\GitHub\SpaceGame\Project\SpaceGame\Binaries\Win64\UE4Editor-SpaceGame-521.dll
[2015.11.13-15.15.45:950][465]CompilerResultsLog: Info Total build time: 9,30 seconds
[2015.11.13-15.15.45:950][465]LogMainFrame: MainFrame: Module compiling took 9.334 seconds
[2015.11.13-15.15.45:950][465]Warning: HotReload failed, recompile failed
[2015.11.13-15.16.17:097][999]Recompiling SpaceGame...
[2015.11.13-15.16.17:097][999]Launching UnrealBuildTool... [C:/Program Files/Epic Games/4.9/Engine/Binaries/DotNET/UnrealBuildTool.exe SpaceGame -ModuleWithSuffix SpaceGame 7038 Win64 Development -editorrecompile -canskiplink "C:/Users/Spellabbet/Documents/GitHub/SpaceGame/Project/SpaceGame/SpaceGame.uproject" -rocket  -rocket]
[2015.11.13-15.16.17:098][999]Warning: Starting HotReload took  0.0s.
[2015.11.13-15.16.28:486][343]CompilerResultsLog: New page: Compilation - Nov 13, 2015, 5:16:28 PM
[2015.11.13-15.16.28:486][343]CompilerResultsLog: Info Compiling game modules for hot reload
[2015.11.13-15.16.28:486][343]CompilerResultsLog: Info Parsing headers for SpaceGameEditor
[2015.11.13-15.16.28:487][343]CompilerResultsLog: Info   Running UnrealHeaderTool "C:/Users/Spellabbet/Documents/GitHub/SpaceGame/Project/SpaceGame/SpaceGame.uproject" "C:\Users\Spellabbet\Documents\GitHub\SpaceGame\Project\SpaceGame\Intermediate\Build\Win64\SpaceGameEditor\Development\UnrealHeaderTool.manifest" -LogCmds="loginit warning, logexit warning, logdatabase error" -rocket -installed
[2015.11.13-15.16.28:487][343]CompilerResultsLog: Info Reflection code generated for SpaceGameEditor in 8,6769829 seconds
[2015.11.13-15.16.28:487][343]CompilerResultsLog: Info Performing 6 actions (4 in parallel)
[2015.11.13-15.16.28:487][343]CompilerResultsLog: Info Combat.cpp
[2015.11.13-15.16.28:487][343]CompilerResultsLog: Info Star.cpp
[2015.11.13-15.16.28:487][343]CompilerResultsLog: Info Fleet.cpp
[2015.11.13-15.16.28:487][343]CompilerResultsLog: Info Link.cpp
[2015.11.13-15.16.28:487][343]CompilerResultsLog:Error: Error C:\Users\Spellabbet\Documents\GitHub\SpaceGame\Project\SpaceGame\Source\SpaceGame\Fleet.cpp(86)  : error C2653: 'ACombat' : is not a class or namespace name
[2015.11.13-15.16.28:487][343]CompilerResultsLog: Info SpaceGame.generated.cpp
[2015.11.13-15.16.28:487][343]CompilerResultsLog: Info -------- End Detailed Actions Stats -----------------------------------------------------------
[2015.11.13-15.16.28:487][343]CompilerResultsLog: Info ERROR: UBT ERROR: Failed to produce item: C:\Users\Spellabbet\Documents\GitHub\SpaceGame\Project\SpaceGame\Binaries\Win64\UE4Editor-SpaceGame-7038.dll
[2015.11.13-15.16.28:487][343]CompilerResultsLog: Info Total build time: 11,36 seconds
[2015.11.13-15.16.28:487][343]LogMainFrame: MainFrame: Module compiling took 11.393 seconds
[2015.11.13-15.16.28:487][343]Warning: HotReload failed, recompile failed
[2015.11.13-15.17.58:248][343]Recompiling SpaceGame...
[2015.11.13-15.17.58:248][343]Launching UnrealBuildTool... [C:/Program Files/Epic Games/4.9/Engine/Binaries/DotNET/UnrealBuildTool.exe SpaceGame -ModuleWithSuffix SpaceGame 5283 Win64 Development -editorrecompile -canskiplink "C:/Users/Spellabbet/Documents/GitHub/SpaceGame/Project/SpaceGame/SpaceGame.uproject" -rocket  -rocket]
[2015.11.13-15.17.58:249][343]Warning: Starting HotReload took  0.0s.
[2015.11.13-15.18.08:812][576]CompilerResultsLog: New page: Compilation - Nov 13, 2015, 5:18:08 PM
[2015.11.13-15.18.08:813][576]CompilerResultsLog: Info Compiling game modules for hot reload
[2015.11.13-15.18.08:813][576]CompilerResultsLog: Info Parsing headers for SpaceGameEditor
[2015.11.13-15.18.08:813][576]CompilerResultsLog: Info   Running UnrealHeaderTool "C:/Users/Spellabbet/Documents/GitHub/SpaceGame/Project/SpaceGame/SpaceGame.uproject" "C:\Users\Spellabbet\Documents\GitHub\SpaceGame\Project\SpaceGame\Intermediate\Build\Win64\SpaceGameEditor\Development\UnrealHeaderTool.manifest" -LogCmds="loginit warning, logexit warning, logdatabase error" -rocket -installed
[2015.11.13-15.18.08:813][576]CompilerResultsLog: Info LogCompile:Error: Circular dependency detected for filename C:\Users\Spellabbet\Documents\GitHub\SpaceGame\Project\SpaceGame\Source\SpaceGame\Combat.h!
[2015.11.13-15.18.08:813][576]CompilerResultsLog: Info Reflection code generated for SpaceGameEditor in 7,9717504 seconds
[2015.11.13-15.18.08:813][576]CompilerResultsLog: Info Performing 6 actions (4 in parallel)
[2015.11.13-15.18.08:813][576]CompilerResultsLog: Info Star.cpp
[2015.11.13-15.18.08:813][576]CompilerResultsLog: Info Fleet.cpp
[2015.11.13-15.18.08:813][576]CompilerResultsLog: Info Link.cpp
[2015.11.13-15.18.08:814][576]CompilerResultsLog: Info Combat.cpp
[2015.11.13-15.18.08:814][576]CompilerResultsLog:Error: Error c:\users\spellabbet\documents\github\spacegame\project\spacegame\source\spacegame\Combat.h(17)  : error C2061: syntax error : identifier 'AFleet'
[2015.11.13-15.18.08:814][576]CompilerResultsLog:Error: Error c:\users\spellabbet\documents\github\spacegame\project\spacegame\source\spacegame\Combat.h(17)  : error C2061: syntax error : identifier 'AFleet'
[2015.11.13-15.18.08:814][576]CompilerResultsLog:Error: Error c:\users\spellabbet\documents\github\spacegame\project\spacegame\source\spacegame\Combat.h(17)  : error C2535: 'ACombat::ACombat(void)' : member function already defined or declared
[2015.11.13-15.18.08:814][576]CompilerResultsLog:Error: Error c:\users\spellabbet\documents\github\spacegame\project\spacegame\source\spacegame\Combat.h(17)  : error C2061: syntax error : identifier 'AFleet'        c:\users\spellabbet\documents\github\spacegame\project\spacegame\source\spacegame\Combat.h(16) : see declaration of 'ACombat::ACombat'
[2015.11.13-15.18.08:814][576]CompilerResultsLog:Error: Error c:\users\spellabbet\documents\github\spacegame\project\spacegame\source\spacegame\Combat.h(17)  : error C2535: 'ACombat::ACombat(void)' : member function already defined or declared
[2015.11.13-15.18.08:814][576]CompilerResultsLog: Info 
[2015.11.13-15.18.08:814][576]CompilerResultsLog: Info          c:\users\spellabbet\documents\github\spacegame\project\spacegame\source\spacegame\Combat.h(16)  : see declaration of 'ACombat::ACombat'
[2015.11.13-15.18.08:814][576]CompilerResultsLog:Error: Error c:\users\spellabbet\documents\github\spacegame\project\spacegame\source\spacegame\Combat.h(17)  : error C2535: 'ACombat::ACombat(void)' : member function already defined or declared
[2015.11.13-15.18.08:814][576]CompilerResultsLog: Info          c:\users\spellabbet\documents\github\spacegame\project\spacegame\source\spacegame\Combat.h(16)  : see declaration of 'ACombat::ACombat'
[2015.11.13-15.18.08:814][576]CompilerResultsLog:Error: Error c:\users\spellabbet\documents\github\spacegame\project\spacegame\source\spacegame\Combat.h(26)  : error C2143: syntax error : missing ';' before '*'
[2015.11.13-15.18.08:814][576]CompilerResultsLog:Error: Error c:\users\spellabbet\documents\github\spacegame\project\spacegame\source\spacegame\Combat.h(26)  : error C2143: syntax error : missing ';' before '*'
[2015.11.13-15.18.08:814][576]CompilerResultsLog:Error: Error c:\users\spellabbet\documents\github\spacegame\project\spacegame\source\spacegame\Combat.h(26)  : error C4430: missing type specifier - int assumed. Note: C++ does not support default-intc:\users\spellabbet\documents\github\spacegame\project\spacegame\source\spacegame\Combat.h(26) : error C4430: missing type specifier - int assumed. Note: C++ does not support default-int
[2015.11.13-15.18.08:814][576]CompilerResultsLog: Info 
[2015.11.13-15.18.08:814][576]CompilerResultsLog:Error: Error c:\users\spellabbet\documents\github\spacegame\project\spacegame\source\spacegame\Combat.h(26)  : error C2143: syntax error : missing ';' before '*'c:\users\spellabbet\documents\github\spacegame\project\spacegame\source\spacegame\Combat.h(28) : error C2143: syntax error : missing ';' before '*'c:\users\spellabbet\documents\github\spacegame\project\spacegame\source\spacegame\Combat.h(28) : error C2143: syntax error : missing ';' before '*'
[2015.11.13-15.18.08:814][576]CompilerResultsLog: Info 
[2015.11.13-15.18.08:814][576]CompilerResultsLog: Info 
[2015.11.13-15.18.08:814][576]CompilerResultsLog:Error: Error c:\users\spellabbet\documents\github\spacegame\project\spacegame\source\spacegame\Combat.h(28)  : error C4430: missing type specifier - int assumed. Note: C++ does not support default-intc:\users\spellabbet\documents\github\spacegame\project\spacegame\source\spacegame\Combat.h(26) : error C4430: missing type specifier - int assumed. Note: C++ does not support default-int
[2015.11.13-15.18.08:814][576]CompilerResultsLog:Error: Error c:\users\spellabbet\documents\github\spacegame\project\spacegame\source\spacegame\Combat.h(28)  : error C4430: missing type specifier - int assumed. Note: C++ does not support default-int
[2015.11.13-15.18.08:814][576]CompilerResultsLog: Info 
[2015.11.13-15.18.08:814][576]CompilerResultsLog:Error: Error c:\users\spellabbet\documents\github\spacegame\project\spacegame\source\spacegame\Combat.h(28)  : error C2143: syntax error : missing ';' before '*'
[2015.11.13-15.18.08:815][576]CompilerResultsLog:Error: Error c:\users\spellabbet\documents\github\spacegame\project\spacegame\source\spacegame\Combat.h(28)  : error C4430: missing type specifier - int assumed. Note: C++ does not support default-int
[2015.11.13-15.18.08:815][576]CompilerResultsLog: Info SpaceGame.generated.cpp
[2015.11.13-15.18.08:815][576]CompilerResultsLog:Error: Error c:\users\spellabbet\documents\github\spacegame\project\spacegame\source\spacegame\Combat.h(17)  : error C2061: syntax error : identifier 'AFleet'
[2015.11.13-15.18.08:815][576]CompilerResultsLog:Error: Error c:\users\spellabbet\documents\github\spacegame\project\spacegame\source\spacegame\Combat.h(17)  : error C2535: 'ACombat::ACombat(void)' : member function already defined or declared
[2015.11.13-15.18.08:815][576]CompilerResultsLog: Info          c:\users\spellabbet\documents\github\spacegame\project\spacegame\source\spacegame\Combat.h(16)  : see declaration of 'ACombat::ACombat'
[2015.11.13-15.18.08:815][576]CompilerResultsLog:Error: Error c:\users\spellabbet\documents\github\spacegame\project\spacegame\source\spacegame\Combat.h(26)  : error C2143: syntax error : missing ';' before '*'
[2015.11.13-15.18.08:815][576]CompilerResultsLog:Error: Error c:\users\spellabbet\documents\github\spacegame\project\spacegame\source\spacegame\Combat.h(26)  : error C4430: missing type specifier - int assumed. Note: C++ does not support default-int
[2015.11.13-15.18.08:815][576]CompilerResultsLog:Error: Error c:\users\spellabbet\documents\github\spacegame\project\spacegame\source\spacegame\Combat.h(28)  : error C2143: syntax error : missing ';' before '*'
[2015.11.13-15.18.08:815][576]CompilerResultsLog:Error: Error c:\users\spellabbet\documents\github\spacegame\project\spacegame\source\spacegame\Combat.h(28)  : error C4430: missing type specifier - int assumed. Note: C++ does not support default-int
[2015.11.13-15.18.08:815][576]CompilerResultsLog:Error: Error C:\Users\Spellabbet\Documents\GitHub\SpaceGame\Project\SpaceGame\Intermediate\Build\Win64\UE4Editor\Inc\SpaceGame\SpaceGame.generated.cpp(247)  : error C2039: 'aiFleet' : is not a member of 'ACombat'
[2015.11.13-15.18.08:815][576]CompilerResultsLog: Info          c:\users\spellabbet\documents\github\spacegame\project\spacegame\source\spacegame\Combat.h(10)  : see declaration of 'ACombat'
[2015.11.13-15.18.08:815][576]CompilerResultsLog:Error: Error C:\Users\Spellabbet\Documents\GitHub\SpaceGame\Project\SpaceGame\Intermediate\Build\Win64\UE4Editor\Inc\SpaceGame\SpaceGame.generated.cpp(247)  : error C2664: 'UObjectProperty::UObjectProperty(const UObjectProperty &)' : cannot convert argument 1 from 'FObjectInitializer' to 'ECppProperty'
[2015.11.13-15.18.08:815][576]CompilerResultsLog: Info         No user-defined-conversion operator available that can perform this conversion, or the operator cannot be called
[2015.11.13-15.18.08:815][576]CompilerResultsLog:Error: Error C:\Users\Spellabbet\Documents\GitHub\SpaceGame\Project\SpaceGame\Intermediate\Build\Win64\UE4Editor\Inc\SpaceGame\SpaceGame.generated.cpp(248)  : error C2039: 'playerFleet' : is not a member of 'ACombat'
[2015.11.13-15.18.08:815][576]CompilerResultsLog: Info          c:\users\spellabbet\documents\github\spacegame\project\spacegame\source\spacegame\Combat.h(10)  : see declaration of 'ACombat'
[2015.11.13-15.18.08:815][576]CompilerResultsLog:Error: Error C:\Users\Spellabbet\Documents\GitHub\SpaceGame\Project\SpaceGame\Intermediate\Build\Win64\UE4Editor\Inc\SpaceGame\SpaceGame.generated.cpp(248)  : error C2664: 'UObjectProperty::UObjectProperty(const UObjectProperty &)' : cannot convert argument 1 from 'FObjectInitializer' to 'ECppProperty'
[2015.11.13-15.18.08:815][576]CompilerResultsLog: Info         No user-defined-conversion operator available that can perform this conversion, or the operator cannot be called
[2015.11.13-15.18.08:815][576]CompilerResultsLog: Info -------- End Detailed Actions Stats -----------------------------------------------------------
[2015.11.13-15.18.08:815][576]CompilerResultsLog: Info ERROR: UBT ERROR: Failed to produce item: C:\Users\Spellabbet\Documents\GitHub\SpaceGame\Project\SpaceGame\Binaries\Win64\UE4Editor-SpaceGame-5283.dll
[2015.11.13-15.18.08:815][576]CompilerResultsLog: Info Total build time: 10,53 seconds
[2015.11.13-15.18.08:815][576]LogMainFrame: MainFrame: Module compiling took 10.571 seconds
[2015.11.13-15.18.08:815][576]Warning: HotReload failed, recompile failed
[2015.11.13-15.20.24:332][290]Recompiling SpaceGame...
[2015.11.13-15.20.24:332][290]Launching UnrealBuildTool... [C:/Program Files/Epic Games/4.9/Engine/Binaries/DotNET/UnrealBuildTool.exe SpaceGame -ModuleWithSuffix SpaceGame 3345 Win64 Development -editorrecompile -canskiplink "C:/Users/Spellabbet/Documents/GitHub/SpaceGame/Project/SpaceGame/SpaceGame.uproject" -rocket  -rocket]
[2015.11.13-15.20.24:334][290]Warning: Starting HotReload took  0.0s.
[2015.11.13-15.20.35:232][548]CompilerResultsLog: New page: Compilation - Nov 13, 2015, 5:20:35 PM
[2015.11.13-15.20.35:232][548]CompilerResultsLog: Info Compiling game modules for hot reload
[2015.11.13-15.20.35:232][548]CompilerResultsLog: Info Parsing headers for SpaceGameEditor
[2015.11.13-15.20.35:232][548]CompilerResultsLog: Info   Running UnrealHeaderTool "C:/Users/Spellabbet/Documents/GitHub/SpaceGame/Project/SpaceGame/SpaceGame.uproject" "C:\Users\Spellabbet\Documents\GitHub\SpaceGame\Project\SpaceGame\Intermediate\Build\Win64\SpaceGameEditor\Development\UnrealHeaderTool.manifest" -LogCmds="loginit warning, logexit warning, logdatabase error" -rocket -installed
[2015.11.13-15.20.35:232][548]CompilerResultsLog: Info Reflection code generated for SpaceGameEditor in 8,1154345 seconds
[2015.11.13-15.20.35:232][548]CompilerResultsLog: Info Performing 6 actions (4 in parallel)
[2015.11.13-15.20.35:232][548]CompilerResultsLog: Info Fleet.cpp
[2015.11.13-15.20.35:232][548]CompilerResultsLog: Info Link.cpp
[2015.11.13-15.20.35:232][548]CompilerResultsLog: Info Star.cpp
[2015.11.13-15.20.35:232][548]CompilerResultsLog: Info Combat.cpp
[2015.11.13-15.20.35:232][548]CompilerResultsLog:Error: Error C:\Users\Spellabbet\Documents\GitHub\SpaceGame\Project\SpaceGame\Source\SpaceGame\Fleet.cpp(86)  : error C2065: 'ACombat' : undeclared identifier
[2015.11.13-15.20.35:233][548]CompilerResultsLog:Error: Error C:\Users\Spellabbet\Documents\GitHub\SpaceGame\Project\SpaceGame\Source\SpaceGame\Fleet.cpp(86)  : error C2653: 'ACombat' : is not a class or namespace name
[2015.11.13-15.20.35:233][548]CompilerResultsLog:Error: Error C:\Users\Spellabbet\Documents\GitHub\SpaceGame\Project\SpaceGame\Source\SpaceGame\Fleet.cpp(86)  : error C2974: 'UWorld::SpawnActor' : invalid template argument for 'T', type expected
[2015.11.13-15.20.35:233][548]CompilerResultsLog: Info          C:\Program Files\Epic Games\4.9\Engine\Source\Runtime\Engine\Classes\Engine/World.h(2855)  : see declaration of 'UWorld::SpawnActor'
[2015.11.13-15.20.35:233][548]CompilerResultsLog: Info          C:\Program Files\Epic Games\4.9\Engine\Source\Runtime\Engine\Classes\Engine/World.h(2846)  : see declaration of 'UWorld::SpawnActor'
[2015.11.13-15.20.35:233][548]CompilerResultsLog: Info          C:\Program Files\Epic Games\4.9\Engine\Source\Runtime\Engine\Classes\Engine/World.h(2836)  : see declaration of 'UWorld::SpawnActor'
[2015.11.13-15.20.35:233][548]CompilerResultsLog: Info          C:\Program Files\Epic Games\4.9\Engine\Source\Runtime\Engine\Classes\Engine/World.h(2829)  : see declaration of 'UWorld::SpawnActor'
[2015.11.13-15.20.35:233][548]CompilerResultsLog: Info          C:\Program Files\Epic Games\4.9\Engine\Source\Runtime\Engine\Classes\Engine/World.h(2822)  : see declaration of 'UWorld::SpawnActor'
[2015.11.13-15.20.35:233][548]CompilerResultsLog: Info SpaceGame.generated.cpp
[2015.11.13-15.20.35:233][548]CompilerResultsLog: Info -------- End Detailed Actions Stats -----------------------------------------------------------
[2015.11.13-15.20.35:233][548]CompilerResultsLog: Info ERROR: UBT ERROR: Failed to produce item: C:\Users\Spellabbet\Documents\GitHub\SpaceGame\Project\SpaceGame\Binaries\Win64\UE4Editor-SpaceGame-3345.dll
[2015.11.13-15.20.35:233][548]CompilerResultsLog: Info Total build time: 10,87 seconds
[2015.11.13-15.20.35:233][548]LogMainFrame: MainFrame: Module compiling took 10.903 seconds
[2015.11.13-15.20.35:233][548]Warning: HotReload failed, recompile failed
[2015.11.13-15.20.42:234][ 16]Recompiling SpaceGame...
[2015.11.13-15.20.42:234][ 16]Launching UnrealBuildTool... [C:/Program Files/Epic Games/4.9/Engine/Binaries/DotNET/UnrealBuildTool.exe SpaceGame -ModuleWithSuffix SpaceGame 721 Win64 Development -editorrecompile -canskiplink "C:/Users/Spellabbet/Documents/GitHub/SpaceGame/Project/SpaceGame/SpaceGame.uproject" -rocket  -rocket]
[2015.11.13-15.20.42:235][ 16]Warning: Starting HotReload took  0.0s.
[2015.11.13-15.20.45:248][357]CompilerResultsLog: New page: Compilation - Nov 13, 2015, 5:20:45 PM
[2015.11.13-15.20.45:248][357]CompilerResultsLog: Info Compiling game modules for hot reload
[2015.11.13-15.20.45:248][357]CompilerResultsLog: Info Performing 2 actions (4 in parallel)
[2015.11.13-15.20.45:248][357]CompilerResultsLog: Info Fleet.cpp
[2015.11.13-15.20.45:248][357]CompilerResultsLog: Info [2/2] Link UE4Editor-SpaceGame-721.dll
[2015.11.13-15.20.45:248][357]CompilerResultsLog: Info    Creating library C:\Users\Spellabbet\Documents\GitHub\SpaceGame\Project\SpaceGame\Intermediate/Build/Win64\UE4Editor\Development\UE4Editor-SpaceGame-721.lib and object C:\Users\Spellabbet\Documents\GitHub\SpaceGame\Project\SpaceGame\Intermediate/Build/Win64\UE4Editor\Development\UE4Editor-SpaceGame-721.exp
[2015.11.13-15.20.45:248][357]CompilerResultsLog: Info -------- End Detailed Actions Stats -----------------------------------------------------------
[2015.11.13-15.20.45:248][357]CompilerResultsLog: Info Total build time: 2,99 seconds
[2015.11.13-15.20.45:248][357]LogMainFrame: MainFrame: Module compiling took 3.017 seconds
[2015.11.13-15.20.45:378][357]LogClass: Could not find existing class Fleet in package /Script/SpaceGame for HotReload, assuming new class
[2015.11.13-15.20.45:378][357]LogClass: Function OnBeginOverlap is new.
[2015.11.13-15.20.45:378][357]LogClass: Function OnEndOverlap is new.
[2015.11.13-15.20.45:388][357]LogHotReload: Re-instancing Fleet after hot-reload.
[2015.11.13-15.20.45:436][357]LogUObjectGlobals:Warning: Guid is in use by SceneComponent /Temp/Untitled_1.Untitled_1:PersistentLevel.FleetBP_C_0.Root and SceneComponent /Temp/Untitled_1.Untitled_1:PersistentLevel.FleetBP_C_2.Root, which should never happen in the editor but could happen at runtime with duplicate level loading or PIE
[2015.11.13-15.20.45:436][357]LogUObjectGlobals:Warning: Guid is in use by StaticMeshComponent /Temp/Untitled_1.Untitled_1:PersistentLevel.FleetBP_C_0.Mesh and StaticMeshComponent /Temp/Untitled_1.Untitled_1:PersistentLevel.FleetBP_C_2.Mesh, which should never happen in the editor but could happen at runtime with duplicate level loading or PIE
[2015.11.13-15.20.45:436][357]LogUObjectGlobals:Warning: Guid is in use by BoxComponent /Temp/Untitled_1.Untitled_1:PersistentLevel.FleetBP_C_0.Box and BoxComponent /Temp/Untitled_1.Untitled_1:PersistentLevel.FleetBP_C_2.Box, which should never happen in the editor but could happen at runtime with duplicate level loading or PIE
[2015.11.13-15.20.45:437][357]LogUObjectGlobals:Warning: Guid is in use by SceneComponent /Temp/Untitled_1.Untitled_1:PersistentLevel.FleetBP_C_1.Root and SceneComponent /Temp/Untitled_1.Untitled_1:PersistentLevel.FleetBP_C_3.Root, which should never happen in the editor but could happen at runtime with duplicate level loading or PIE
[2015.11.13-15.20.45:437][357]LogUObjectGlobals:Warning: Guid is in use by StaticMeshComponent /Temp/Untitled_1.Untitled_1:PersistentLevel.FleetBP_C_1.Mesh and StaticMeshComponent /Temp/Untitled_1.Untitled_1:PersistentLevel.FleetBP_C_3.Mesh, which should never happen in the editor but could happen at runtime with duplicate level loading or PIE
[2015.11.13-15.20.45:437][357]LogUObjectGlobals:Warning: Guid is in use by BoxComponent /Temp/Untitled_1.Untitled_1:PersistentLevel.FleetBP_C_1.Box and BoxComponent /Temp/Untitled_1.Untitled_1:PersistentLevel.FleetBP_C_3.Box, which should never happen in the editor but could happen at runtime with duplicate level loading or PIE
[2015.11.13-15.20.45:513][357]LogContentBrowser: Native class hierarchy updated for 'SpaceGame' in 0.0009 seconds. Added 6 classes and 2 folders.
[2015.11.13-15.20.45:515][357]Warning: HotReload successful (0 functions remapped  0 scriptstructs remapped)
[2015.11.13-15.20.45:866][357]LogContentBrowser: Native class hierarchy populated in 0.0069 seconds. Added 1874 classes and 337 folders.
[2015.11.13-15.21.16:553][823]Recompiling SpaceGame...
[2015.11.13-15.21.16:553][823]Launching UnrealBuildTool... [C:/Program Files/Epic Games/4.9/Engine/Binaries/DotNET/UnrealBuildTool.exe SpaceGame -ModuleWithSuffix SpaceGame 8914 Win64 Development -editorrecompile -canskiplink "C:/Users/Spellabbet/Documents/GitHub/SpaceGame/Project/SpaceGame/SpaceGame.uproject" -rocket  -rocket]
[2015.11.13-15.21.16:554][823]Warning: Starting HotReload took  0.0s.
[2015.11.13-15.21.18:811][ 72]CompilerResultsLog: New page: Compilation - Nov 13, 2015, 5:21:18 PM
[2015.11.13-15.21.18:811][ 72]CompilerResultsLog: Info Compiling game modules for hot reload
[2015.11.13-15.21.18:811][ 72]CompilerResultsLog: Info Performing 2 actions (4 in parallel)
[2015.11.13-15.21.18:811][ 72]CompilerResultsLog: Info Fleet.cpp
[2015.11.13-15.21.18:811][ 72]CompilerResultsLog:Error: Error C:\Users\Spellabbet\Documents\GitHub\SpaceGame\Project\SpaceGame\Source\SpaceGame\Fleet.cpp(86)  : error C2065: 'ACombat' : undeclared identifier
[2015.11.13-15.21.18:811][ 72]CompilerResultsLog:Error: Error C:\Users\Spellabbet\Documents\GitHub\SpaceGame\Project\SpaceGame\Source\SpaceGame\Fleet.cpp(86)  : error C2653: 'ACombat' : is not a class or namespace name
[2015.11.13-15.21.18:811][ 72]CompilerResultsLog:Error: Error C:\Users\Spellabbet\Documents\GitHub\SpaceGame\Project\SpaceGame\Source\SpaceGame\Fleet.cpp(86)  : error C2974: 'UWorld::SpawnActor' : invalid template argument for 'T', type expected
[2015.11.13-15.21.18:811][ 72]CompilerResultsLog: Info          C:\Program Files\Epic Games\4.9\Engine\Source\Runtime\Engine\Classes\Engine/World.h(2855)  : see declaration of 'UWorld::SpawnActor'
[2015.11.13-15.21.18:811][ 72]CompilerResultsLog: Info          C:\Program Files\Epic Games\4.9\Engine\Source\Runtime\Engine\Classes\Engine/World.h(2846)  : see declaration of 'UWorld::SpawnActor'
[2015.11.13-15.21.18:811][ 72]CompilerResultsLog: Info          C:\Program Files\Epic Games\4.9\Engine\Source\Runtime\Engine\Classes\Engine/World.h(2836)  : see declaration of 'UWorld::SpawnActor'
[2015.11.13-15.21.18:811][ 72]CompilerResultsLog: Info          C:\Program Files\Epic Games\4.9\Engine\Source\Runtime\Engine\Classes\Engine/World.h(2829)  : see declaration of 'UWorld::SpawnActor'
[2015.11.13-15.21.18:811][ 72]CompilerResultsLog: Info          C:\Program Files\Epic Games\4.9\Engine\Source\Runtime\Engine\Classes\Engine/World.h(2822)  : see declaration of 'UWorld::SpawnActor'
[2015.11.13-15.21.18:811][ 72]CompilerResultsLog: Info -------- End Detailed Actions Stats -----------------------------------------------------------
[2015.11.13-15.21.18:811][ 72]CompilerResultsLog: Info ERROR: UBT ERROR: Failed to produce item: C:\Users\Spellabbet\Documents\GitHub\SpaceGame\Project\SpaceGame\Binaries\Win64\UE4Editor-SpaceGame-8914.dll
[2015.11.13-15.21.18:811][ 72]CompilerResultsLog: Info Total build time: 2,23 seconds
[2015.11.13-15.21.18:811][ 72]LogMainFrame: MainFrame: Module compiling took 2.260 seconds
[2015.11.13-15.21.18:811][ 72]Warning: HotReload failed, recompile failed
[2015.11.13-15.22.02:578][785]Recompiling SpaceGame...
[2015.11.13-15.22.02:578][785]Launching UnrealBuildTool... [C:/Program Files/Epic Games/4.9/Engine/Binaries/DotNET/UnrealBuildTool.exe SpaceGame -ModuleWithSuffix SpaceGame 4909 Win64 Development -editorrecompile -canskiplink "C:/Users/Spellabbet/Documents/GitHub/SpaceGame/Project/SpaceGame/SpaceGame.uproject" -rocket  -rocket]
[2015.11.13-15.22.02:579][785]Warning: Starting HotReload took  0.0s.
[2015.11.13-15.22.05:658][140]CompilerResultsLog: New page: Compilation - Nov 13, 2015, 5:22:05 PM
[2015.11.13-15.22.05:658][140]CompilerResultsLog: Info Compiling game modules for hot reload
[2015.11.13-15.22.05:658][140]CompilerResultsLog: Info Performing 2 actions (4 in parallel)
[2015.11.13-15.22.05:658][140]CompilerResultsLog: Info Fleet.cpp
[2015.11.13-15.22.05:658][140]CompilerResultsLog: Info [2/2] Link UE4Editor-SpaceGame-4909.dll
[2015.11.13-15.22.05:658][140]CompilerResultsLog: Info    Creating library C:\Users\Spellabbet\Documents\GitHub\SpaceGame\Project\SpaceGame\Intermediate/Build/Win64\UE4Editor\Development\UE4Editor-SpaceGame-4909.lib and object C:\Users\Spellabbet\Documents\GitHub\SpaceGame\Project\SpaceGame\Intermediate/Build/Win64\UE4Editor\Development\UE4Editor-SpaceGame-4909.exp
[2015.11.13-15.22.05:658][140]CompilerResultsLog: Info -------- End Detailed Actions Stats -----------------------------------------------------------
[2015.11.13-15.22.05:658][140]CompilerResultsLog: Info Total build time: 3,05 seconds
[2015.11.13-15.22.05:658][140]LogMainFrame: MainFrame: Module compiling took 3.083 seconds
[2015.11.13-15.22.05:743][140]LogContentBrowser: Native class hierarchy updated for 'SpaceGame' in 0.0008 seconds. Added 6 classes and 2 folders.
[2015.11.13-15.22.05:746][140]Warning: HotReload successful (2 functions remapped  0 scriptstructs remapped)
[2015.11.13-15.22.06:120][140]LogContentBrowser: Native class hierarchy populated in 0.0066 seconds. Added 1874 classes and 337 folders.
[2015.11.13-15.24.58:063][465]Recompiling SpaceGame...
[2015.11.13-15.24.58:064][465]Launching UnrealBuildTool... [C:/Program Files/Epic Games/4.9/Engine/Binaries/DotNET/UnrealBuildTool.exe SpaceGame -ModuleWithSuffix SpaceGame 6980 Win64 Development -editorrecompile -canskiplink "C:/Users/Spellabbet/Documents/GitHub/SpaceGame/Project/SpaceGame/SpaceGame.uproject" -rocket  -rocket]
[2015.11.13-15.24.58:065][465]Warning: Starting HotReload took  0.0s.
[2015.11.13-15.25.09:026][759]CompilerResultsLog: New page: Compilation - Nov 13, 2015, 5:25:09 PM
[2015.11.13-15.25.09:027][759]CompilerResultsLog: Info Compiling game modules for hot reload
[2015.11.13-15.25.09:027][759]CompilerResultsLog: Info Parsing headers for SpaceGameEditor
[2015.11.13-15.25.09:027][759]CompilerResultsLog: Info   Running UnrealHeaderTool "C:/Users/Spellabbet/Documents/GitHub/SpaceGame/Project/SpaceGame/SpaceGame.uproject" "C:\Users\Spellabbet\Documents\GitHub\SpaceGame\Project\SpaceGame\Intermediate\Build\Win64\SpaceGameEditor\Development\UnrealHeaderTool.manifest" -LogCmds="loginit warning, logexit warning, logdatabase error" -rocket -installed
[2015.11.13-15.25.09:027][759]CompilerResultsLog: Info Reflection code generated for SpaceGameEditor in 7,3797568 seconds
[2015.11.13-15.25.09:027][759]CompilerResultsLog: Info Performing 6 actions (4 in parallel)
[2015.11.13-15.25.09:027][759]CompilerResultsLog: Info Combat.cpp
[2015.11.13-15.25.09:027][759]CompilerResultsLog: Info Fleet.cpp
[2015.11.13-15.25.09:027][759]CompilerResultsLog: Info Link.cpp
[2015.11.13-15.25.09:027][759]CompilerResultsLog: Info Star.cpp
[2015.11.13-15.25.09:027][759]CompilerResultsLog: Info SpaceGame.generated.cpp
[2015.11.13-15.25.09:027][759]CompilerResultsLog: Info [6/6] Link UE4Editor-SpaceGame-6980.dll
[2015.11.13-15.25.09:027][759]CompilerResultsLog: Info    Creating library C:\Users\Spellabbet\Documents\GitHub\SpaceGame\Project\SpaceGame\Intermediate/Build/Win64\UE4Editor\Development\UE4Editor-SpaceGame-6980.lib and object C:\Users\Spellabbet\Documents\GitHub\SpaceGame\Project\SpaceGame\Intermediate/Build/Win64\UE4Editor\Development\UE4Editor-SpaceGame-6980.exp
[2015.11.13-15.25.09:027][759]CompilerResultsLog: Info -------- End Detailed Actions Stats -----------------------------------------------------------
[2015.11.13-15.25.09:027][759]CompilerResultsLog: Info Total build time: 10,93 seconds
[2015.11.13-15.25.09:027][759]LogMainFrame: MainFrame: Module compiling took 10.966 seconds
[2015.11.13-15.25.09:173][759]LogContentBrowser: Native class hierarchy updated for 'SpaceGame' in 0.0008 seconds. Added 6 classes and 2 folders.
[2015.11.13-15.25.09:176][759]Warning: HotReload successful (2 functions remapped  0 scriptstructs remapped)
[2015.11.13-15.25.09:542][759]LogContentBrowser: Native class hierarchy populated in 0.0067 seconds. Added 1874 classes and 337 folders.
[2015.11.13-15.25.43:461][545]LogFileHelpers: Editor autosave (incl. sublevels) for '/Temp/Untitled_1' took 0.080
[2015.11.13-15.25.43:466][545]OBJ SavePackage: Generating thumbnails for [0] asset(s) in package [/Game/FleetBP] ([1] browsable assets)...
[2015.11.13-15.25.43:466][545]OBJ SavePackage: Finished generating thumbnails for package [/Game/FleetBP]
[2015.11.13-15.25.43:466][545]Cmd: OBJ SAVEPACKAGE PACKAGE="/Game/FleetBP" FILE="../../../../../../Users/Spellabbet/Documents/GitHub/SpaceGame/Project/SpaceGame/Saved/Autosaves/Game/FleetBP_Auto2.uasset" SILENT=false AUTOSAVING=true
[2015.11.13-15.25.43:479][545]LogSavePackage: Save=9.418048ms
[2015.11.13-15.25.43:479][545]LogSavePackage: Moving '../../../../../../Users/Spellabbet/Documents/GitHub/SpaceGame/Project/SpaceGame/Saved/FleetBP_Auto22AED3FC34691F4A2CB681DA1B310E68E.tmp' to '../../../../../../Users/Spellabbet/Documents/GitHub/SpaceGame/Project/SpaceGame/Saved/Autosaves/Game/FleetBP_Auto2.uasset'
[2015.11.13-15.25.43:480][545]LogSavePackage: Total save time: 13.393790ms
[2015.11.13-15.25.43:480][545]LogSavePackage:Warning: Finished SavePackage ../../../../../../Users/Spellabbet/Documents/GitHub/SpaceGame/Project/SpaceGame/Saved/Autosaves/Game/FleetBP_Auto2.uasset
[2015.11.13-15.25.43:481][545]LogFileHelpers: Auto-saving content packages took 0.019
[2015.11.13-15.26.31:959][849]Recompiling SpaceGame...
[2015.11.13-15.26.31:961][849]Launching UnrealBuildTool... [C:/Program Files/Epic Games/4.9/Engine/Binaries/DotNET/UnrealBuildTool.exe SpaceGame -ModuleWithSuffix SpaceGame 8712 Win64 Development -editorrecompile -canskiplink "C:/Users/Spellabbet/Documents/GitHub/SpaceGame/Project/SpaceGame/SpaceGame.uproject" -rocket  -rocket]
[2015.11.13-15.26.31:962][849]Warning: Starting HotReload took  0.0s.
[2015.11.13-15.26.44:895][374]CompilerResultsLog: New page: Compilation - Nov 13, 2015, 5:26:44 PM
[2015.11.13-15.26.44:895][374]CompilerResultsLog: Info Compiling game modules for hot reload
[2015.11.13-15.26.44:895][374]CompilerResultsLog: Info Parsing headers for SpaceGameEditor
[2015.11.13-15.26.44:895][374]CompilerResultsLog: Info   Running UnrealHeaderTool "C:/Users/Spellabbet/Documents/GitHub/SpaceGame/Project/SpaceGame/SpaceGame.uproject" "C:\Users\Spellabbet\Documents\GitHub\SpaceGame\Project\SpaceGame\Intermediate\Build\Win64\SpaceGameEditor\Development\UnrealHeaderTool.manifest" -LogCmds="loginit warning, logexit warning, logdatabase error" -rocket -installed
[2015.11.13-15.26.44:895][374]CompilerResultsLog: Info Reflection code generated for SpaceGameEditor in 9,0562083 seconds
[2015.11.13-15.26.44:895][374]CompilerResultsLog: Info Performing 6 actions (4 in parallel)
[2015.11.13-15.26.44:895][374]CompilerResultsLog: Info Combat.cpp
[2015.11.13-15.26.44:895][374]CompilerResultsLog: Info Fleet.cpp
[2015.11.13-15.26.44:895][374]CompilerResultsLog: Info Star.cpp
[2015.11.13-15.26.44:895][374]CompilerResultsLog: Info Link.cpp
[2015.11.13-15.26.44:895][374]CompilerResultsLog: Info SpaceGame.generated.cpp
[2015.11.13-15.26.44:895][374]CompilerResultsLog: Info [6/6] Link UE4Editor-SpaceGame-8712.dll
[2015.11.13-15.26.44:895][374]CompilerResultsLog: Info    Creating library C:\Users\Spellabbet\Documents\GitHub\SpaceGame\Project\SpaceGame\Intermediate/Build/Win64\UE4Editor\Development\UE4Editor-SpaceGame-8712.lib and object C:\Users\Spellabbet\Documents\GitHub\SpaceGame\Project\SpaceGame\Intermediate/Build/Win64\UE4Editor\Development\UE4Editor-SpaceGame-8712.exp
[2015.11.13-15.26.44:895][374]CompilerResultsLog: Info -------- End Detailed Actions Stats -----------------------------------------------------------
[2015.11.13-15.26.44:895][374]CompilerResultsLog: Info Total build time: 12,90 seconds
[2015.11.13-15.26.44:895][374]LogMainFrame: MainFrame: Module compiling took 12.939 seconds
[2015.11.13-15.26.45:053][374]LogContentBrowser: Native class hierarchy updated for 'SpaceGame' in 0.0009 seconds. Added 6 classes and 2 folders.
[2015.11.13-15.26.45:056][374]Warning: HotReload successful (2 functions remapped  0 scriptstructs remapped)
[2015.11.13-15.26.45:435][374]LogContentBrowser: Native class hierarchy populated in 0.0068 seconds. Added 1874 classes and 337 folders.
[2015.11.13-15.42.38:692][474]Recompiling SpaceGame...
[2015.11.13-15.42.38:692][474]Launching UnrealBuildTool... [C:/Program Files/Epic Games/4.9/Engine/Binaries/DotNET/UnrealBuildTool.exe SpaceGame -ModuleWithSuffix SpaceGame 2807 Win64 Development -editorrecompile -canskiplink "C:/Users/Spellabbet/Documents/GitHub/SpaceGame/Project/SpaceGame/SpaceGame.uproject" -rocket  -rocket]
[2015.11.13-15.42.38:693][474]Warning: Starting HotReload took  0.0s.
[2015.11.13-15.42.48:280][605]CompilerResultsLog: New page: Compilation - Nov 13, 2015, 5:42:48 PM
[2015.11.13-15.42.48:281][605]CompilerResultsLog: Info Compiling game modules for hot reload
[2015.11.13-15.42.48:281][605]CompilerResultsLog: Info Parsing headers for SpaceGameEditor
[2015.11.13-15.42.48:281][605]CompilerResultsLog: Info   Running UnrealHeaderTool "C:/Users/Spellabbet/Documents/GitHub/SpaceGame/Project/SpaceGame/SpaceGame.uproject" "C:\Users\Spellabbet\Documents\GitHub\SpaceGame\Project\SpaceGame\Intermediate\Build\Win64\SpaceGameEditor\Development\UnrealHeaderTool.manifest" -LogCmds="loginit warning, logexit warning, logdatabase error" -rocket -installed
[2015.11.13-15.42.48:281][605]CompilerResultsLog: Info Reflection code generated for SpaceGameEditor in 6,8098044 seconds
[2015.11.13-15.42.48:281][605]CompilerResultsLog: Info Performing 4 actions (4 in parallel)
[2015.11.13-15.42.48:281][605]CompilerResultsLog: Info Fleet.cpp
[2015.11.13-15.42.48:281][605]CompilerResultsLog: Info Combat.cpp
[2015.11.13-15.42.48:281][605]CompilerResultsLog: Info SpaceGame.generated.cpp
[2015.11.13-15.42.48:281][605]CompilerResultsLog:Error: Error C:\Users\Spellabbet\Documents\GitHub\SpaceGame\Project\SpaceGame\Source\SpaceGame\Combat.cpp(9)  : error C4430: missing type specifier - int assumed. Note: C++ does not support default-int
[2015.11.13-15.42.48:281][605]CompilerResultsLog:Error: Error C:\Users\Spellabbet\Documents\GitHub\SpaceGame\Project\SpaceGame\Source\SpaceGame\Combat.cpp(9)  : error C2556: 'int ACombat::Inizialize(AFleet *,AFleet *)' : overloaded function differs only by return type from 'void ACombat::Inizialize(AFleet *,AFleet *)'
[2015.11.13-15.42.48:281][605]CompilerResultsLog: Info          c:\users\spellabbet\documents\github\spacegame\project\spacegame\source\spacegame\Combat.h(17)  : see declaration of 'ACombat::Inizialize'
[2015.11.13-15.42.48:281][605]CompilerResultsLog:Error: Error C:\Users\Spellabbet\Documents\GitHub\SpaceGame\Project\SpaceGame\Source\SpaceGame\Combat.cpp(9)  : error C2371: 'ACombat::Inizialize' : redefinition; different basic types
[2015.11.13-15.42.48:281][605]CompilerResultsLog: Info          c:\users\spellabbet\documents\github\spacegame\project\spacegame\source\spacegame\Combat.h(17)  : see declaration of 'ACombat::Inizialize'
[2015.11.13-15.42.48:281][605]CompilerResultsLog: Info -------- End Detailed Actions Stats -----------------------------------------------------------
[2015.11.13-15.42.48:281][605]CompilerResultsLog: Info ERROR: UBT ERROR: Failed to produce item: C:\Users\Spellabbet\Documents\GitHub\SpaceGame\Project\SpaceGame\Binaries\Win64\UE4Editor-SpaceGame-2807.dll
[2015.11.13-15.42.48:281][605]CompilerResultsLog: Info Total build time: 9,56 seconds
[2015.11.13-15.42.48:281][605]LogMainFrame: MainFrame: Module compiling took 9.591 seconds
[2015.11.13-15.42.48:281][605]Warning: HotReload failed, recompile failed
[2015.11.13-15.42.51:299][962]LogVSAccessor:Warning: Couldn't goto line number '9' in 'C:\Users\Spellabbet\Documents\GitHub\SpaceGame\Project\SpaceGame\Source\SpaceGame\Combat.cpp'
[2015.11.13-15.42.51:403][974]LogVSAccessor:Warning: Visual Studio is open but could not be queried - it may be blocked by a modal operation
[2015.11.13-15.42.51:404][974]LogVSAccessor:Warning: Visual Studio is open but could not be queried - it may be blocked by a modal operation
[2015.11.13-15.42.51:412][975]LogVSAccessor:Warning: Visual Studio is open but could not be queried - it may be blocked by a modal operation
[2015.11.13-15.42.51:421][976]LogVSAccessor:Warning: Visual Studio is open but could not be queried - it may be blocked by a modal operation
[2015.11.13-15.42.51:429][977]LogVSAccessor:Warning: Visual Studio is open but could not be queried - it may be blocked by a modal operation
[2015.11.13-15.42.51:437][978]LogVSAccessor:Warning: Visual Studio is open but could not be queried - it may be blocked by a modal operation
[2015.11.13-15.42.51:446][979]LogVSAccessor:Warning: Visual Studio is open but could not be queried - it may be blocked by a modal operation
[2015.11.13-15.42.51:454][980]LogVSAccessor:Warning: Visual Studio is open but could not be queried - it may be blocked by a modal operation
[2015.11.13-15.42.51:463][981]LogVSAccessor:Warning: Visual Studio is open but could not be queried - it may be blocked by a modal operation
[2015.11.13-15.42.51:472][982]LogVSAccessor:Warning: Visual Studio is open but could not be queried - it may be blocked by a modal operation
[2015.11.13-15.42.51:480][983]LogVSAccessor:Warning: Visual Studio is open but could not be queried - it may be blocked by a modal operation
[2015.11.13-15.42.51:488][984]LogVSAccessor:Warning: Visual Studio is open but could not be queried - it may be blocked by a modal operation
[2015.11.13-15.42.51:497][985]LogVSAccessor:Warning: Visual Studio is open but could not be queried - it may be blocked by a modal operation
[2015.11.13-15.42.51:506][986]LogVSAccessor:Warning: Visual Studio is open but could not be queried - it may be blocked by a modal operation
[2015.11.13-15.42.51:514][987]LogVSAccessor:Warning: Visual Studio is open but could not be queried - it may be blocked by a modal operation
[2015.11.13-15.42.51:523][988]LogVSAccessor:Warning: Visual Studio is open but could not be queried - it may be blocked by a modal operation
[2015.11.13-15.42.51:532][989]LogVSAccessor:Warning: Visual Studio is open but could not be queried - it may be blocked by a modal operation
[2015.11.13-15.42.51:542][990]LogVSAccessor:Warning: Visual Studio is open but could not be queried - it may be blocked by a modal operation
[2015.11.13-15.42.51:555][991]LogVSAccessor:Warning: Visual Studio is open but could not be queried - it may be blocked by a modal operation
[2015.11.13-15.42.51:570][992]LogVSAccessor:Warning: Visual Studio is open but could not be queried - it may be blocked by a modal operation
[2015.11.13-15.42.51:578][993]LogVSAccessor:Warning: Visual Studio is open but could not be queried - it may be blocked by a modal operation
[2015.11.13-15.42.51:586][994]LogVSAccessor:Warning: Visual Studio is open but could not be queried - it may be blocked by a modal operation
[2015.11.13-15.42.51:595][995]LogVSAccessor:Warning: Visual Studio is open but could not be queried - it may be blocked by a modal operation
[2015.11.13-15.43.11:722][146]MapCheck: New page: Map Check
[2015.11.13-15.43.11:738][146]Cmd: MAP REBUILD ALLVISIBLE
[2015.11.13-15.43.11:738][146]LogEditorServer: Rebuildmap Clear paths rebuilt
[2015.11.13-15.43.11:776][146]LogParticles: Destroying 0 GPU particle simulations for FXSystem 0x000000958F320860
[2015.11.13-15.43.11:806][146]MapCheck:Warning: Warning WorldSettings_1 Hierarchical LOD System is disabled or no HLOD level settings available, unable to build LOD actors. 
[2015.11.13-15.43.11:806][146]LogStats:          STAT_HLOD_BuildClusters - 60.008 ms
[2015.11.13-15.43.11:807][146]LightingResults: New page: Lighting Build - Nov 13, 2015, 5:43:11 PM
[2015.11.13-15.43.14:763][146]LogStaticLightingSystem:Warning: No importance volume found, so the scene bounding box was used.  You can optimize your scene's quality and lighting build times by adding importance volumes.
[2015.11.13-15.43.14:763][146]LogStaticLightingSystem: Running Lightmass w/ ImmediateImport mode ENABLED
[2015.11.13-15.43.14:763][146]LogStaticLightingSystem: Running Lightmass w/ ImmediateProcess mode ENABLED
[2015.11.13-15.43.14:763][146]LogStaticLightingSystem: Running Lightmass w/ Sorting mode ENABLED
[2015.11.13-15.43.14:763][146]LogStaticLightingSystem: Running Lightmass w/ Mapping paddings ENABLED
[2015.11.13-15.43.14:763][146]LogStaticLightingSystem: Running Lightmass w/ Mapping debug paddings DISABLED
[2015.11.13-15.43.14:873][146]LogEditorBuildUtils: Build time 0:00:03
[2015.11.13-15.43.18:192][443]Job is a success!
[2015.11.13-15.43.18:245][444]LogTexture:Display: Building textures: HQ_Lightmap0_1 (AutoDXT)
[2015.11.13-15.43.18:248][444]LogTexture:Display: Building textures: LQ_Lightmap_1_2 (DXT1)
[2015.11.13-15.43.18:249][444]LogTexture:Display: Building textures: HQ_Lightmap1_2 (AutoDXT)
[2015.11.13-15.43.18:249][444]LogTexture:Display: Building textures: LQ_Lightmap_0_1 (DXT1)
[2015.11.13-15.43.18:258][444]LogTexture:Display: Building textures: ShadowMapTexture2D_0 (G8)
[2015.11.13-15.43.18:260][444]LogTexture:Display: Building textures: ShadowMapTexture2D_3 (G8)
[2015.11.13-15.43.18:300][444]Lightmass on SpellabbA333-07: 785 ms total, 148 ms importing, 0 ms setup, 280 ms photons, 336 ms processing, 0 ms extra exporting [2/2 mappings]. Threads: 2.19 sec total, 221 ms processing.
[2015.11.13-15.43.18:317][444]LogStaticLightingSystem: Illumination: 6.49 sec (21 ms encoding lightmaps)
[2015.11.13-15.43.18:317][444]LogStaticLightingSystem: Lightmap texture memory:  0.1 MB (0.1 MB streaming, 0.0 MB non-streaming), 4 textures
[2015.11.13-15.43.18:317][444]LogStaticLightingSystem: Shadowmap texture memory: 0.0 MB (0.0 MB streaming, 0.0 MB non-streaming), 2 textures
[2015.11.13-15.43.18:774][445]Cmd: MAP CHECK NOTIFYRESULTS
[2015.11.13-15.43.18:774][445]MapCheck: New page: Untitled_1 - Nov 13, 2015, 5:43:18 PM
[2015.11.13-15.43.18:814][445]MapCheck: Info Map check complete: 0 Error(s), 0 Warning(s), took 40.371ms to complete.
[2015.11.13-15.43.22:646][897]Recompiling SpaceGame...
[2015.11.13-15.43.22:647][897]Launching UnrealBuildTool... [C:/Program Files/Epic Games/4.9/Engine/Binaries/DotNET/UnrealBuildTool.exe SpaceGame -ModuleWithSuffix SpaceGame 3689 Win64 Development -editorrecompile -canskiplink "C:/Users/Spellabbet/Documents/GitHub/SpaceGame/Project/SpaceGame/SpaceGame.uproject" -rocket  -rocket]
[2015.11.13-15.43.22:648][897]Warning: Starting HotReload took  0.0s.
[2015.11.13-15.43.25:813][256]CompilerResultsLog: New page: Compilation - Nov 13, 2015, 5:43:25 PM
[2015.11.13-15.43.25:813][256]CompilerResultsLog: Info Compiling game modules for hot reload
[2015.11.13-15.43.25:813][256]CompilerResultsLog: Info Performing 2 actions (4 in parallel)
[2015.11.13-15.43.25:813][256]CompilerResultsLog: Info Combat.cpp
[2015.11.13-15.43.25:813][256]CompilerResultsLog: Info [2/2] Link UE4Editor-SpaceGame-3689.dll
[2015.11.13-15.43.25:813][256]CompilerResultsLog: Info    Creating library C:\Users\Spellabbet\Documents\GitHub\SpaceGame\Project\SpaceGame\Intermediate/Build/Win64\UE4Editor\Development\UE4Editor-SpaceGame-3689.lib and object C:\Users\Spellabbet\Documents\GitHub\SpaceGame\Project\SpaceGame\Intermediate/Build/Win64\UE4Editor\Development\UE4Editor-SpaceGame-3689.exp
[2015.11.13-15.43.25:813][256]CompilerResultsLog: Info -------- End Detailed Actions Stats -----------------------------------------------------------
[2015.11.13-15.43.25:813][256]CompilerResultsLog: Info Total build time: 3,14 seconds
[2015.11.13-15.43.25:813][256]LogMainFrame: MainFrame: Module compiling took 3.170 seconds
[2015.11.13-15.43.26:077][256]LogContentBrowser: Native class hierarchy updated for 'SpaceGame' in 0.0009 seconds. Added 6 classes and 2 folders.
[2015.11.13-15.43.26:079][256]Warning: HotReload successful (2 functions remapped  0 scriptstructs remapped)
[2015.11.13-15.43.26:469][256]LogContentBrowser: Native class hierarchy populated in 0.0069 seconds. Added 1874 classes and 337 folders.
[2015.11.13-15.43.29:798][629]LogPlayLevel: PlayLevel: No blueprints needed recompiling
[2015.11.13-15.43.29:798][629]PIE: New page: PIE session: Untitled_1 (Nov 13, 2015, 5:43:29 PM)
[2015.11.13-15.43.29:798][629]LogPlayLevel: Creating play world package: /Temp/UEDPIE_0_Untitled_1
[2015.11.13-15.43.29:800][629]LogPlayLevel: PIE: StaticDuplicateObject took: (0.002037s)
[2015.11.13-15.43.29:801][629]LogAIModule: Creating AISystem for world Untitled_1
[2015.11.13-15.43.29:802][629]LogPlayLevel: PIE: World Init took: (0.001019s)
[2015.11.13-15.43.29:802][629]LogPlayLevel: PIE: Created PIE world by copying editor world from /Temp/Untitled_1.Untitled_1 to /Temp/UEDPIE_0_Untitled_1.Untitled_1 (0.003343s)
[2015.11.13-15.43.29:865][629]LogInit: XAudio2 using 'Speakers (4- High Definition Audio Device)' : 2 channels at 44.1 kHz using 16 bits per sample (channel mask 0x3)
[2015.11.13-15.43.29:870][629]LogInit: FAudioDevice initialized.
[2015.11.13-15.43.29:905][629]LogWorld: Game class is 'GameMode'
[2015.11.13-15.43.29:907][629]LogWorld: Bringing World /Temp/UEDPIE_0_Untitled_1.Untitled_1 up for play (max tick rate 0) at 2015.11.13-16.43.29
[2015.11.13-15.43.29:907][629]LogActor:Warning: GameSession /Temp/UEDPIE_0_Untitled_1.Untitled_1:PersistentLevel.GameSession_1 has natively added scene component(s), but none of them were set as the actor's RootComponent - picking one arbitrarily
[2015.11.13-15.43.29:907][629]LogActor:Warning: GameNetworkManager /Temp/UEDPIE_0_Untitled_1.Untitled_1:PersistentLevel.GameNetworkManager_1 has natively added scene component(s), but none of them were set as the actor's RootComponent - picking one arbitrarily
[2015.11.13-15.43.29:907][629]LogWorld: Bringing up level for play took: 0.001753
[2015.11.13-15.43.29:909][629]PIE: Info Play in editor start time for /Temp/UEDPIE_0_Untitled_1 -0.059
[2015.11.13-15.43.36:711][445]LogSelection:Warning: PIE object was selected: "FleetBP_C /Temp/UEDPIE_0_Untitled_1.Untitled_1:PersistentLevel.FleetBP_C_3"
[2015.11.13-15.43.38:055][606]LogSelection:Warning: PIE object was selected: "FleetBP_C /Temp/UEDPIE_0_Untitled_1.Untitled_1:PersistentLevel.FleetBP_C_2"
[2015.11.13-15.43.39:111][729]LogSelection:Warning: PIE object was selected: "FleetBP_C /Temp/UEDPIE_0_Untitled_1.Untitled_1:PersistentLevel.FleetBP_C_3"
[2015.11.13-15.43.40:001][831]LogSelection:Warning: PIE object was selected: "FleetBP_C /Temp/UEDPIE_0_Untitled_1.Untitled_1:PersistentLevel.FleetBP_C_2"
[2015.11.13-15.43.45:307][447]LogParticles: Destroying 0 GPU particle simulations for FXSystem 0x00000095F93AE840
[2015.11.13-15.43.59:785][178]Recompiling SpaceGame...
[2015.11.13-15.43.59:785][178]Launching UnrealBuildTool... [C:/Program Files/Epic Games/4.9/Engine/Binaries/DotNET/UnrealBuildTool.exe SpaceGame -ModuleWithSuffix SpaceGame 6870 Win64 Development -editorrecompile -canskiplink "C:/Users/Spellabbet/Documents/GitHub/SpaceGame/Project/SpaceGame/SpaceGame.uproject" -rocket  -rocket]
[2015.11.13-15.43.59:786][178]Warning: Starting HotReload took  0.0s.
[2015.11.13-15.44.00:570][254]CompilerResultsLog: New page: Compilation - Nov 13, 2015, 5:44:00 PM
[2015.11.13-15.44.00:571][254]CompilerResultsLog: Info Compiling game modules for hot reload
[2015.11.13-15.44.00:571][254]CompilerResultsLog: Info Target is up to date.
[2015.11.13-15.44.00:571][254]LogMainFrame: MainFrame: Module compiling took 0.788 seconds
[2015.11.13-15.44.01:159][323]LogPlayLevel: PlayLevel: No blueprints needed recompiling
[2015.11.13-15.44.01:159][323]PIE: New page: PIE session: Untitled_1 (Nov 13, 2015, 5:44:01 PM)
[2015.11.13-15.44.01:159][323]LogPlayLevel: Creating play world package: /Temp/UEDPIE_0_Untitled_1
[2015.11.13-15.44.01:161][323]LogPlayLevel: PIE: StaticDuplicateObject took: (0.001797s)
[2015.11.13-15.44.01:161][323]LogAIModule: Creating AISystem for world Untitled_1
[2015.11.13-15.44.01:161][323]LogPlayLevel: PIE: World Init took: (0.000683s)
[2015.11.13-15.44.01:161][323]LogPlayLevel: PIE: Created PIE world by copying editor world from /Temp/Untitled_1.Untitled_1 to /Temp/UEDPIE_0_Untitled_1.Untitled_1 (0.002718s)
[2015.11.13-15.44.01:187][323]LogInit: XAudio2 using 'Speakers (4- High Definition Audio Device)' : 2 channels at 44.1 kHz using 16 bits per sample (channel mask 0x3)
[2015.11.13-15.44.01:191][323]LogInit: FAudioDevice initialized.
[2015.11.13-15.44.01:221][323]LogWorld: Game class is 'GameMode'
[2015.11.13-15.44.01:223][323]LogWorld: Bringing World /Temp/UEDPIE_0_Untitled_1.Untitled_1 up for play (max tick rate 0) at 2015.11.13-16.44.01
[2015.11.13-15.44.01:223][323]LogActor:Warning: GameSession /Temp/UEDPIE_0_Untitled_1.Untitled_1:PersistentLevel.GameSession_2 has natively added scene component(s), but none of them were set as the actor's RootComponent - picking one arbitrarily
[2015.11.13-15.44.01:224][323]LogActor:Warning: GameNetworkManager /Temp/UEDPIE_0_Untitled_1.Untitled_1:PersistentLevel.GameNetworkManager_2 has natively added scene component(s), but none of them were set as the actor's RootComponent - picking one arbitrarily
[2015.11.13-15.44.01:224][323]LogWorld: Bringing up level for play took: 0.001784
[2015.11.13-15.44.01:225][323]PIE: Info Play in editor start time for /Temp/UEDPIE_0_Untitled_1 -0.744
[2015.11.13-15.44.04:433][643]LogCrashTracker: 


[2015.11.13-15.44.04:560][643]LogCrashTracker: 


[2015.11.13-15.44.04:560][643]LogWindows: === Critical error: ===
Fatal error!



[2015.11.13-15.44.04:654][643]LogExit: Executing StaticShutdownAfterError
[2015.11.13-15.44.04:656][643]LogOutputDevice:Warning: 

Script Stack:
Fleet.OnBeginOverlap

[2015.11.13-15.44.04:658][643]LogPhysics:Warning: PHYSX: ..\..\PhysX\src\NpScene.cpp (2946) 8 : PxScene::unlockWrite() called without matching call to PxScene::lockWrite(), behaviour will be undefined.
[2015.11.13-15.44.04:658][643]LogPhysics:Warning: PHYSX: ..\..\PhysX\src\NpScene.cpp (2946) 8 : PxScene::unlockWrite() called without matching call to PxScene::lockWrite(), behaviour will be undefined.
[2015.11.13-15.44.04:658][643]LogPhysics:Warning: PHYSX: ..\..\PhysX\src\NpScene.cpp (2946) 8 : PxScene::unlockWrite() called without matching call to PxScene::lockWrite(), behaviour will be undefined.
[2015.11.13-15.44.04:658][643]LogPhysics:Warning: PHYSX: ..\..\PhysX\src\NpScene.cpp (2946) 8 : PxScene::unlockWrite() called without matching call to PxScene::lockWrite(), behaviour will be undefined.
[2015.11.13-15.44.04:658][643]LogWindows: FPlatformMisc::RequestExit(1)
[2015.11.13-15.44.04:658][643]Log file closed, 11/13/15 16:44:04
