[2015.11.27-12.05.50:822][  0]Log file open, 11/27/15 13:05:50
[2015.11.27-12.05.50:822][  0]LogInit:Display: Running engine without a game
[2015.11.27-12.05.50:822][  0]LogInit:Display: Loading recent project file: ../../../../../../Users/Spellabbet/Documents/Unreal Projects/SpaceGame/Project/SpaceGame/SpaceGame.uproject
[2015.11.27-12.05.50:822][  0]LogInit:Display: RandInit(-681539932) SRandInit(-681539931).
[2015.11.27-12.05.50:822][  0]LogTaskGraph: Started task graph with 4 named threads and 7 total threads.
[2015.11.27-12.05.50:822][  0]LogStats: Stats thread started at 0.069721
[2015.11.27-12.05.50:822][  0]LogInit: Version: 4.9.2-2707645+++depot+UE4-Releases+4.9
[2015.11.27-12.05.50:822][  0]LogInit: API Version: 2672455
[2015.11.27-12.05.50:822][  0]LogInit: Compiled (64-bit): Sep 28 2015 10:25:44
[2015.11.27-12.05.50:822][  0]LogInit: Compiled with Visual C++: 18.00.21005.01
[2015.11.27-12.05.50:822][  0]LogInit: Build Configuration: Development
[2015.11.27-12.05.50:822][  0]LogInit: Branch Name: ++depot+UE4-Releases+4.9
[2015.11.27-12.05.50:822][  0]LogInit: Command line: 
[2015.11.27-12.05.50:822][  0]LogInit: Base directory: C:/Program Files/Epic Games/4.9/Engine/Binaries/Win64/
[2015.11.27-12.05.50:822][  0]LogInit: Rocket: 1
[2015.11.27-12.05.50:829][  0]LogInit: Using libcurl 7.41.0
[2015.11.27-12.05.50:829][  0]LogInit:  - built for x86_64-pc-win32
[2015.11.27-12.05.50:829][  0]LogInit:  - supports SSL with WinSSL
[2015.11.27-12.05.50:829][  0]LogInit:  - other features:
[2015.11.27-12.05.50:829][  0]LogInit:      CURL_VERSION_SSL
[2015.11.27-12.05.50:829][  0]LogInit:      CURL_VERSION_IPV6
[2015.11.27-12.05.50:829][  0]LogInit:      CURL_VERSION_ASYNCHDNS
[2015.11.27-12.05.50:829][  0]LogInit:      CURL_VERSION_LARGEFILE
[2015.11.27-12.05.50:829][  0]LogInit:      CURL_VERSION_IDN
[2015.11.27-12.05.50:829][  0]LogInit:  CurlRequestOptions (configurable via config and command line):
[2015.11.27-12.05.50:829][  0]LogInit:  - bVerifyPeer = true  - Libcurl will verify peer certificate
[2015.11.27-12.05.50:829][  0]LogInit:  - bUseHttpProxy = false  - Libcurl will NOT use HTTP proxy
[2015.11.27-12.05.50:829][  0]LogInit:  - bDontReuseConnections = false  - Libcurl will reuse connections
[2015.11.27-12.05.50:829][  0]LogInit:  - CertBundlePath = nullptr  - Libcurl will use whatever was configured at build time.
[2015.11.27-12.05.50:835][  0]LogInit: Presizing for 0 objects not considered by GC, pre-allocating 0 bytes.
[2015.11.27-12.05.50:840][  0]LogInit: Object subsystem initialized
[2015.11.27-12.05.50:842][  0]LogInit: Selected Device Profile: [Windows]
[2015.11.27-12.05.50:842][  0]LogInit: Applying CVar settings loaded from the selected device profile: [Windows]
[2015.11.27-12.05.50:850][  0]LogInit: Computer: SpellabbA332-09
[2015.11.27-12.05.50:850][  0]LogInit: User: Spellabbet
[2015.11.27-12.05.50:850][  0]LogInit: CPU Page size=4096, Cores=4
[2015.11.27-12.05.50:850][  0]LogInit: High frequency timer resolution =3.507519 MHz
[2015.11.27-12.05.50:850][  0]LogMemory: Memory total: Physical=15.9GB (16GB approx)
[2015.11.27-12.05.50:850][  0]LogMemory: Platform Memory Stats for Windows
[2015.11.27-12.05.50:850][  0]LogMemory: Process Physical Memory: 52.11 MB used, 52.11 MB peak
[2015.11.27-12.05.50:850][  0]LogMemory: Process Virtual Memory: 57.02 MB used, 57.02 MB peak
[2015.11.27-12.05.50:850][  0]LogMemory: Physical Memory: 4132.29 MB used, 16318.82 MB total
[2015.11.27-12.05.50:850][  0]LogMemory: Virtual Memory: 349.31 MB used, 134217728.00 MB total
[2015.11.27-12.05.50:876][  0]LogTextLocalizationManager: No translations for ('sv-SE') exist, falling back to 'en' for localization and internationalization data.
[2015.11.27-12.05.51:501][  0]LogD3D11RHI: Found D3D11 adapter 0: NVIDIA GeForce GTX 960 (Feature Level 11_0)
[2015.11.27-12.05.51:501][  0]LogD3D11RHI: Adapter has 1965MB of dedicated video memory, 0MB of dedicated system memory, and 2048MB of shared system memory, 1 output[s]
[2015.11.27-12.05.51:502][  0]LogD3D11RHI: Found D3D11 adapter 1: Microsoft Basic Render Driver (Feature Level 11_0)
[2015.11.27-12.05.51:502][  0]LogD3D11RHI: Adapter has 0MB of dedicated video memory, 0MB of dedicated system memory, and 256MB of shared system memory, 0 output[s]
[2015.11.27-12.05.51:502][  0]LogD3D11RHI: Chosen D3D11 Adapter Id = 0
[2015.11.27-12.05.51:505][  0]LogD3D11RHI: !Direct3DDevice
[2015.11.27-12.05.51:505][  0]LogRHI: Texture pool is 1361 MB (70% of 1945 MB)
[2015.11.27-12.05.51:516][  0]LogD3D11RHI: Async texture creation enabled
[2015.11.27-12.05.51:531][  0]LogShaderCompilers: Guid format shader working directory is 15 characters bigger than the processId version (../../../../../../Users/Spellabbet/Documents/Unreal Projects/SpaceGame/Project/SpaceGame/Intermediate/Shaders/WorkingDirectory/5576/).
[2015.11.27-12.05.51:531][  0]LogShaderCompilers: Cleaned the shader compiler working directory '../../../../../../Users/Spellabbet/Documents/Unreal Projects/SpaceGame/Project/SpaceGame/Intermediate/Shaders/tmp/D791FB1642899E61D6DC20B73D07B71D/'.
[2015.11.27-12.05.51:531][  0]LogShaderCompilers:Display: Using Local Shader Compiler.
[2015.11.27-12.05.52:465][  0]LogTemp:Display: Loaded TP AllDesktopTargetPlatform
[2015.11.27-12.05.52:470][  0]LogTemp:Display: Loaded TP WindowsClientTargetPlatform
[2015.11.27-12.05.52:474][  0]LogTemp:Display: Loaded TP WindowsNoEditorTargetPlatform
[2015.11.27-12.05.52:478][  0]LogTemp:Display: Loaded TP WindowsServerTargetPlatform
[2015.11.27-12.05.52:482][  0]LogTemp:Display: Loaded TP WindowsTargetPlatform
[2015.11.27-12.05.52:485][  0]LogTemp:Display: Loaded TP AndroidTargetPlatform
[2015.11.27-12.05.52:487][  0]LogTemp:Display: Loaded TP Android_ASTCTargetPlatform
[2015.11.27-12.05.52:490][  0]LogTemp:Display: Loaded TP Android_ATCTargetPlatform
[2015.11.27-12.05.52:492][  0]LogTemp:Display: Loaded TP Android_DXTTargetPlatform
[2015.11.27-12.05.52:495][  0]LogTemp:Display: Loaded TP Android_ETC1TargetPlatform
[2015.11.27-12.05.52:498][  0]LogTemp:Display: Loaded TP Android_ETC2TargetPlatform
[2015.11.27-12.05.52:501][  0]LogTemp:Display: Loaded TP Android_PVRTCTargetPlatform
[2015.11.27-12.05.52:501][  0]LogTemp:Display: Loaded TP HTML5TargetPlatform
[2015.11.27-12.05.52:517][  0]LogTemp:Display: Loaded TP IOSTargetPlatform
[2015.11.27-12.05.52:520][  0]LogTemp:Display: Loaded TP LinuxNoEditorTargetPlatform
[2015.11.27-12.05.52:523][  0]LogTemp:Display: Loaded TP LinuxServerTargetPlatform
[2015.11.27-12.05.52:525][  0]LogTemp:Display: Loaded TP LinuxTargetPlatform
[2015.11.27-12.05.52:525][  0]LogTargetPlatformManager:Display: Building Assets For Windows
[2015.11.27-12.05.52:623][  0]LogDerivedDataCache:Display: Max Cache Size: 512 MB
[2015.11.27-12.05.52:660][  0]LogDerivedDataCache: Loaded boot cache 0.04s 41MB C:/Users/Spellabbet/AppData/Local/UnrealEngine/4.9/DerivedDataCache/Boot.ddc.
[2015.11.27-12.05.52:660][  0]LogDerivedDataCache:Display: Loaded Boot cache: C:/Users/Spellabbet/AppData/Local/UnrealEngine/4.9/DerivedDataCache/Boot.ddc
[2015.11.27-12.05.52:660][  0]LogDerivedDataCache: FDerivedDataBackendGraph:  Pak pak cache file ../../../../../../Users/Spellabbet/Documents/Unreal Projects/SpaceGame/Project/SpaceGame/DerivedDataCache/DDC.ddp not found, will not use a pak cache.
[2015.11.27-12.05.52:660][  0]LogDerivedDataCache: Unable to find inner node Pak for hierarchical cache Hierarchy.
[2015.11.27-12.05.52:660][  0]LogDerivedDataCache: FDerivedDataBackendGraph:  CompressedPak pak cache file ../../../../../../Users/Spellabbet/Documents/Unreal Projects/SpaceGame/Project/SpaceGame/DerivedDataCache/Compressed.ddp not found, will not use a pak cache.
[2015.11.27-12.05.52:660][  0]LogDerivedDataCache: Unable to find inner node CompressedPak for hierarchical cache Hierarchy.
[2015.11.27-12.05.52:778][  0]LogDerivedDataCache:Display: Pak cache opened for reading ../../../Engine/DerivedDataCache/Compressed.ddp.
[2015.11.27-12.05.52:789][  0]LogDerivedDataCache: Using Local data cache path C:/Users/Spellabbet/AppData/Local/UnrealEngine/Common/DerivedDataCache: Writable
[2015.11.27-12.05.52:933][  0]LogInit: Selected Device Profile: [Windows]
[2015.11.27-12.05.52:934][  0]LogContentStreaming: Texture pool size is 0.000000MB
[2015.11.27-12.05.53:041][  0]LogMeshUtilities: No automatic mesh reduction module available
[2015.11.27-12.05.53:041][  0]LogMeshUtilities: No automatic mesh merging module available
[2015.11.27-12.05.53:243][  0]LogInit: WinSock: version 1.1 (2.2), MaxSocks=32767, MaxUdp=65467
[2015.11.27-12.05.53:828][  0]UdpMessaging: Initializing bridge on interface 0.0.0.0:0 to multicast group 230.0.0.1:6666.
[2015.11.27-12.05.53:958][  0]LogAssetRegistry: FAssetRegistry took 0.0107 seconds to start up
[2015.11.27-12.05.54:131][  0]SourceControl: Info Source control is disabled
[2015.11.27-12.05.54:136][  0]SourceControl: Info Source control is disabled
[2015.11.27-12.05.54:155][  0]SourceControl: Info Source control is disabled
[2015.11.27-12.05.54:174][  0]SourceControl: Info Source control is disabled
[2015.11.27-12.05.54:416][  0]LogLinker:Warning: Asset '../../../Engine/Plugins/Runtime/LeapMotionController/Content/LM_PassthroughMaterial.uasset' has been saved with empty engine version. The asset will be loaded but may be incompatible.
[2015.11.27-12.05.54:545][  0]LogObj: 28437 objects as part of root set at end of initial load.
[2015.11.27-12.05.54:545][  0]LogUObjectAllocator: 6068432 out of 0 bytes used by permanent object pool.
[2015.11.27-12.05.54:591][  0]LogEngine: Initializing Engine...
[2015.11.27-12.05.54:593][  0]LogHMD: Can't find Oculus library dev build: is proper Runtime installed? Version: 0.7.0.0
[2015.11.27-12.05.54:593][  0]LogHMD: SteamVR failed to initialize.  Err: 110
[2015.11.27-12.05.54:687][  0]LogAIModule: Creating AISystem for world NewWorld
[2015.11.27-12.05.54:691][  0]LogInit: XAudio2 using 'Speakers (4- High Definition Audio Device)' : 2 channels at 44.1 kHz using 16 bits per sample (channel mask 0x3)
[2015.11.27-12.05.54:701][  0]LogInit: FAudioDevice initialized.
[2015.11.27-12.05.54:718][  0]LogDerivedDataCache: Saved boot cache 0.02s 41MB C:/Users/Spellabbet/AppData/Local/UnrealEngine/4.9/DerivedDataCache/Boot.ddc.
[2015.11.27-12.05.54:722][  0]LogInit: Texture streaming: Enabled
[2015.11.27-12.05.54:726][  0]LogAnalytics: Creating configured Analytics provider AnalyticsET
[2015.11.27-12.05.54:726][  0]LogAnalytics: [UEEditor.Rocket.Release] APIServer = http://et2.epicgames.com/ET2/. AppVersion = 4.9.2-2707645+++depot+UE4-Releases+4.9
[2015.11.27-12.05.54:726][  0]LogAnalytics: [UEEditor.Rocket.Release] SetUserId 634ab0cb456977c100e99f821f1d4277|7ebf86fc13e44331864479a64887c1c8|060e5e79-a789-49c4-8abd-5d8b330400a7
[2015.11.27-12.05.54:726][  0]LogAnalytics: [UEEditor.Rocket.Release] AnalyticsET::StartSession
[2015.11.27-12.05.54:742][  0]LogInit: Transaction tracking system initialized
[2015.11.27-12.05.54:763][  0]BlueprintLog: New page: Editor Load
[2015.11.27-12.05.54:820][  0]LocalizationService: Info Localization service is disabled
[2015.11.27-12.05.54:916][  0]LogConsoleResponse:Display: 
[2015.11.27-12.05.55:004][  0]LogCook:Display: Done creating registry. It took  0.00s.
[2015.11.27-12.05.55:076][  0]LogFileCache: Scanning file cache for directory 'C:/Users/Spellabbet/Documents/Unreal Projects/SpaceGame/Project/SpaceGame/Content/' took 0.01s
[2015.11.27-12.05.55:076][  0]SourceControl: Info Source control is disabled
[2015.11.27-12.05.55:077][  0]Cmd: MAP LOAD FILE="../../../Engine/Content/Maps/Templates/Template_Default.umap" TEMPLATE=1 SHOWPROGRESS=1 FEATURELEVEL=3
[2015.11.27-12.05.55:077][  0]LightingResults: New page: Lighting Build
[2015.11.27-12.05.55:079][  0]MapCheck: New page: Map Check
[2015.11.27-12.05.55:079][  0]LightingResults: New page: Lighting Build
[2015.11.27-12.05.55:087][  0]LogParticles: Destroying 0 GPU particle simulations for FXSystem 0x0000004B53A4A160
[2015.11.27-12.05.55:280][  0]LogAIModule: Creating AISystem for world Untitled_1
[2015.11.27-12.05.55:283][  0]LogEditorServer: Finished looking for orphan Actors (0.000 secs)
[2015.11.27-12.05.55:288][  0]Cmd: MAP CHECKDEP NOCLEARLOG
[2015.11.27-12.05.55:326][  0]MapCheck: Info Map check complete: 0 Error(s), 0 Warning(s), took 38.843ms to complete.
[2015.11.27-12.05.55:327][  0]LogFileHelpers: Loading map 'Template_Default' took 0.249
[2015.11.27-12.05.55:414][  0]LogCollectionManager: Loaded 0 collections in 0.001633 seconds
[2015.11.27-12.05.55:454][  0]LogFileCache: Scanning file cache for directory 'C:/Users/Spellabbet/Documents/Unreal Projects/SpaceGame/Project/SpaceGame/Saved/Collections/' took 0.01s
[2015.11.27-12.05.55:454][  0]LogFileCache: Scanning file cache for directory 'C:/Users/Spellabbet/Documents/Unreal Projects/SpaceGame/Project/SpaceGame/Content/Developers/Spellabbet/Collections/' took 0.01s
[2015.11.27-12.05.55:454][  0]LogFileCache: Scanning file cache for directory 'C:/Users/Spellabbet/Documents/Unreal Projects/SpaceGame/Project/SpaceGame/Content/Collections/' took 0.01s
[2015.11.27-12.05.55:455][  0]LogContentBrowser: Native class hierarchy populated in 0.0074 seconds. Added 1875 classes and 335 folders.
[2015.11.27-12.05.55:458][  0]LogCollectionManager: Rebuilt the GUID cache for 0 collections in 0.000002 seconds
[2015.11.27-12.05.55:464][  0]LogContentBrowser: Native class hierarchy updated for 'WidgetCarousel' in 0.0009 seconds. Added 0 classes and 0 folders.
[2015.11.27-12.05.55:494][  0]LogContentBrowser: Native class hierarchy updated for 'AddContentDialog' in 0.0009 seconds. Added 0 classes and 0 folders.
[2015.11.27-12.05.55:501][  0]LogContentBrowser: Native class hierarchy updated for 'SceneOutliner' in 0.0009 seconds. Added 1 classes and 2 folders.
[2015.11.27-12.05.55:548][  0]LogCrashTracker: Crashtracker disabled due to settings.
[2015.11.27-12.05.55:551][  0]LogUObjectGlobals:Warning: Failed to find object 'Class None.'
[2015.11.27-12.05.55:574][  0]LogLoad: Full Startup: 5.91 seconds (BP compile: 0.03 seconds)
[2015.11.27-12.05.55:962][  0]LogContentStreaming: Texture pool size now 1000 MB
[2015.11.27-12.05.56:071][  0]LogRenderer: Reallocating scene render targets to support 1076x556 (Frame:2).
[2015.11.27-12.05.56:592][  2]LogAssetRegistry: Asset discovery search completed in 2.6460 seconds
[2015.11.27-12.05.56:592][  2]LogCollectionManager: Rebuilt the object cache for 0 collections in 0.000001 seconds (found 0 objects)
[2015.11.27-12.05.56:592][  2]LogCollectionManager: Fixed up redirectors for 0 collections in 0.000028 seconds (updated 0 objects)
[2015.11.27-12.10.50:417][981]Recompiling SpaceGame...
[2015.11.27-12.10.50:417][981]Launching UnrealBuildTool... [C:/Program Files/Epic Games/4.9/Engine/Binaries/DotNET/UnrealBuildTool.exe SpaceGame -ModuleWithSuffix SpaceGame 2724 Win64 Development -editorrecompile -canskiplink "C:/Users/Spellabbet/Documents/Unreal Projects/SpaceGame/Project/SpaceGame/SpaceGame.uproject" -rocket  -rocket]
[2015.11.27-12.10.50:418][981]Warning: Starting HotReload took  0.0s.
[2015.11.27-12.10.53:127][282]LogAIModule: Creating AISystem for world Untitled
[2015.11.27-12.10.53:149][282]Cmd: MAP LOAD FILE="../../../../../../Users/Spellabbet/Documents/Unreal Projects/SpaceGame/Project/SpaceGame/Content/Maps/Untitled.umap" TEMPLATE=0 SHOWPROGRESS=1 FEATURELEVEL=3
[2015.11.27-12.10.53:149][282]LightingResults: New page: Lighting Build
[2015.11.27-12.10.53:170][282]LoadErrors: New page: Loading map: Untitled.umap
[2015.11.27-12.10.53:171][282]MapCheck: New page: Map Check
[2015.11.27-12.10.53:171][282]LightingResults: New page: Lighting Build
[2015.11.27-12.10.53:181][282]LogParticles: Destroying 0 GPU particle simulations for FXSystem 0x0000004B456F2A20
[2015.11.27-12.10.53:213][282]LogEditorServer: Finished looking for orphan Actors (0.000 secs)
[2015.11.27-12.10.53:248][282]Cmd: MAP CHECKDEP NOCLEARLOG
[2015.11.27-12.10.53:286][282]MapCheck: Info Map check complete: 0 Error(s), 0 Warning(s), took 37.482ms to complete.
[2015.11.27-12.10.53:286][282]LogFileHelpers: Loading map 'Untitled' took 0.138
[2015.11.27-12.11.01:844][304]CompilerResultsLog: New page: Compilation - Nov 27, 2015, 2:11:01 PM
[2015.11.27-12.11.01:845][304]CompilerResultsLog: Info Compiling game modules for hot reload
[2015.11.27-12.11.01:845][304]CompilerResultsLog: Info Parsing headers for SpaceGameEditor
[2015.11.27-12.11.01:845][304]CompilerResultsLog: Info   Running UnrealHeaderTool "C:/Users/Spellabbet/Documents/Unreal Projects/SpaceGame/Project/SpaceGame/SpaceGame.uproject" "C:\Users\Spellabbet\Documents\Unreal Projects\SpaceGame\Project\SpaceGame\Intermediate\Build\Win64\SpaceGameEditor\Development\UnrealHeaderTool.manifest" -LogCmds="loginit warning, logexit warning, logdatabase error" -rocket -installed
[2015.11.27-12.11.01:845][304]CompilerResultsLog: Info Reflection code generated for SpaceGameEditor in 7,5790161 seconds
[2015.11.27-12.11.01:845][304]CompilerResultsLog: Info Performing 7 actions (4 in parallel)
[2015.11.27-12.11.01:845][304]CompilerResultsLog: Info Fleet.cpp
[2015.11.27-12.11.01:845][304]CompilerResultsLog: Info Link.cpp
[2015.11.27-12.11.01:845][304]CompilerResultsLog: Info MousePawn.cpp
[2015.11.27-12.11.01:845][304]CompilerResultsLog: Info Combat.cpp
[2015.11.27-12.11.01:845][304]CompilerResultsLog: Info Star.cpp
[2015.11.27-12.11.01:845][304]CompilerResultsLog: Info SpaceGame.generated.cpp
[2015.11.27-12.11.01:845][304]CompilerResultsLog: Info [7/7] Link UE4Editor-SpaceGame-2724.dll
[2015.11.27-12.11.01:845][304]CompilerResultsLog: Info    Creating library C:\Users\Spellabbet\Documents\Unreal Projects\SpaceGame\Project\SpaceGame\Intermediate/Build/Win64\UE4Editor\Development\UE4Editor-SpaceGame-2724.lib and object C:\Users\Spellabbet\Documents\Unreal Projects\SpaceGame\Project\SpaceGame\Intermediate/Build/Win64\UE4Editor\Development\UE4Editor-SpaceGame-2724.exp
[2015.11.27-12.11.01:845][304]CompilerResultsLog: Info -------- End Detailed Actions Stats -----------------------------------------------------------
[2015.11.27-12.11.01:845][304]CompilerResultsLog: Info Total build time: 11,40 seconds
[2015.11.27-12.11.01:845][304]LogMainFrame: MainFrame: Module compiling took 11.431 seconds
[2015.11.27-12.11.01:998][304]LogClass: Could not find existing class Fleet in package /Script/SpaceGame for HotReload, assuming new class
[2015.11.27-12.11.01:998][304]LogClass: Function OnBeginOverlap is new.
[2015.11.27-12.11.01:998][304]LogClass: Function OnEndOverlap is new.
[2015.11.27-12.11.02:000][304]LogClass: FleetState HotReload.
[2015.11.27-12.11.02:000][304]LogClass: OwnedBy HotReload.
[2015.11.27-12.11.02:002][304]LogHotReload: Re-instancing Fleet after hot-reload.
[2015.11.27-12.11.02:021][304]LogContentBrowser: Native class hierarchy updated for 'SpaceGame' in 0.0009 seconds. Added 8 classes and 2 folders.
[2015.11.27-12.11.02:022][304]Warning: HotReload successful (5 functions remapped  0 scriptstructs remapped)
[2015.11.27-12.11.02:076][304]LogContentBrowser: Native class hierarchy populated in 0.0072 seconds. Added 1876 classes and 337 folders.
[2015.11.27-12.11.02:643][370]LogBlueprintUserMessages: Early PlayInEditor Detection: Level '/Game/Maps/Untitled.Untitled:PersistentLevel' has LevelScriptBlueprint '/Game/Maps/Untitled.Untitled:PersistentLevel.Untitled' with GeneratedClass '/Game/Maps/Untitled.Untitled_C' with ClassGeneratedBy '/Game/Maps/Untitled.Untitled:PersistentLevel.Untitled'
[2015.11.27-12.11.02:643][370]LogPlayLevel: PlayLevel: No blueprints needed recompiling
[2015.11.27-12.11.02:643][370]PIE: New page: PIE session: Untitled (Nov 27, 2015, 2:11:02 PM)
[2015.11.27-12.11.02:644][370]LogPlayLevel: Creating play world package: /Game/Maps/UEDPIE_0_Untitled
[2015.11.27-12.11.02:648][370]LogPlayLevel: PIE: StaticDuplicateObject took: (0.004474s)
[2015.11.27-12.11.02:649][370]LogAIModule: Creating AISystem for world Untitled
[2015.11.27-12.11.02:649][370]LogPlayLevel: PIE: World Init took: (0.000687s)
[2015.11.27-12.11.02:649][370]LogPlayLevel: PIE: Created PIE world by copying editor world from /Game/Maps/Untitled.Untitled to /Game/Maps/UEDPIE_0_Untitled.Untitled (0.005507s)
[2015.11.27-12.11.02:663][370]LogInit: XAudio2 using 'Speakers (4- High Definition Audio Device)' : 2 channels at 44.1 kHz using 16 bits per sample (channel mask 0x3)
[2015.11.27-12.11.02:668][370]LogInit: FAudioDevice initialized.
[2015.11.27-12.11.02:745][370]LogWorld: Game class is 'GameModeBP_C'
[2015.11.27-12.11.02:748][370]LogWorld: Bringing World /Game/Maps/UEDPIE_0_Untitled.Untitled up for play (max tick rate 0) at 2015.11.27-13.11.02
[2015.11.27-12.11.02:748][370]LogActor:Warning: GameSession /Game/Maps/UEDPIE_0_Untitled.Untitled:PersistentLevel.GameSession_0 has natively added scene component(s), but none of them were set as the actor's RootComponent - picking one arbitrarily
[2015.11.27-12.11.02:748][370]LogActor:Warning: GameNetworkManager /Game/Maps/UEDPIE_0_Untitled.Untitled:PersistentLevel.GameNetworkManager_0 has natively added scene component(s), but none of them were set as the actor's RootComponent - picking one arbitrarily
[2015.11.27-12.11.02:748][370]LogWorld: Bringing up level for play took: 0.001693
[2015.11.27-12.11.02:749][370]PIE: Info Play in editor start time for /Game/Maps/UEDPIE_0_Untitled 0.78
[2015.11.27-12.11.02:749][370]LogBlueprintUserMessages: Late PlayInEditor Detection: Level '/Game/Maps/Untitled.Untitled:PersistentLevel' has LevelScriptBlueprint '/Game/Maps/Untitled.Untitled:PersistentLevel.Untitled' with GeneratedClass '/Game/Maps/Untitled.Untitled_C' with ClassGeneratedBy '/Game/Maps/Untitled.Untitled:PersistentLevel.Untitled'
[2015.11.27-12.11.04:821][587]LogCrashTracker: 


[2015.11.27-12.11.04:821][587]LogCrashTracker: 


[2015.11.27-12.11.04:821][587]LogWindows: === Critical error: ===
Fatal error!



[2015.11.27-12.11.04:948][587]LogExit: Executing StaticShutdownAfterError
[2015.11.27-12.11.04:950][587]LogOutputDevice:Warning: 

Script Stack:
MouseControllerBP_C.ExecuteUbergraph_MouseControllerBP
MouseControllerBP_C.InpActEvt_RightMouseButton_K2Node_InputKeyEvent_3

[2015.11.27-12.11.04:951][587]LogPhysics:Warning: PHYSX: ..\..\PhysX\src\NpScene.cpp (2946) 8 : PxScene::unlockWrite() called without matching call to PxScene::lockWrite(), behaviour will be undefined.
[2015.11.27-12.11.04:951][587]LogPhysics:Warning: PHYSX: ..\..\PhysX\src\NpScene.cpp (2946) 8 : PxScene::unlockWrite() called without matching call to PxScene::lockWrite(), behaviour will be undefined.
[2015.11.27-12.11.04:951][587]LogPhysics:Warning: PHYSX: ..\..\PhysX\src\NpScene.cpp (2946) 8 : PxScene::unlockWrite() called without matching call to PxScene::lockWrite(), behaviour will be undefined.
[2015.11.27-12.11.04:951][587]LogPhysics:Warning: PHYSX: ..\..\PhysX\src\NpScene.cpp (2946) 8 : PxScene::unlockWrite() called without matching call to PxScene::lockWrite(), behaviour will be undefined.
[2015.11.27-12.11.04:952][587]LogWindows: FPlatformMisc::RequestExit(1)
[2015.11.27-12.11.04:952][587]Log file closed, 11/27/15 13:11:04
