[2015.11.27-12.04.40:616][  0]Log file open, 11/27/15 13:04:40
[2015.11.27-12.04.40:616][  0]LogInit:Display: Running engine without a game
[2015.11.27-12.04.40:616][  0]LogInit:Display: Loading recent project file: ../../../../../../Users/Spellabbet/Documents/Unreal Projects/SpaceGame/Project/SpaceGame/SpaceGame.uproject
[2015.11.27-12.04.40:616][  0]LogInit:Display: RandInit(-927890883) SRandInit(-927890881).
[2015.11.27-12.04.40:616][  0]LogTaskGraph: Started task graph with 4 named threads and 7 total threads.
[2015.11.27-12.04.40:616][  0]LogStats: Stats thread started at 0.070454
[2015.11.27-12.04.40:616][  0]LogInit: Version: 4.9.2-2707645+++depot+UE4-Releases+4.9
[2015.11.27-12.04.40:616][  0]LogInit: API Version: 2672455
[2015.11.27-12.04.40:616][  0]LogInit: Compiled (64-bit): Sep 28 2015 10:25:44
[2015.11.27-12.04.40:616][  0]LogInit: Compiled with Visual C++: 18.00.21005.01
[2015.11.27-12.04.40:616][  0]LogInit: Build Configuration: Development
[2015.11.27-12.04.40:616][  0]LogInit: Branch Name: ++depot+UE4-Releases+4.9
[2015.11.27-12.04.40:616][  0]LogInit: Command line: 
[2015.11.27-12.04.40:616][  0]LogInit: Base directory: C:/Program Files/Epic Games/4.9/Engine/Binaries/Win64/
[2015.11.27-12.04.40:616][  0]LogInit: Rocket: 1
[2015.11.27-12.04.40:625][  0]LogInit: Using libcurl 7.41.0
[2015.11.27-12.04.40:625][  0]LogInit:  - built for x86_64-pc-win32
[2015.11.27-12.04.40:625][  0]LogInit:  - supports SSL with WinSSL
[2015.11.27-12.04.40:625][  0]LogInit:  - other features:
[2015.11.27-12.04.40:625][  0]LogInit:      CURL_VERSION_SSL
[2015.11.27-12.04.40:625][  0]LogInit:      CURL_VERSION_IPV6
[2015.11.27-12.04.40:626][  0]LogInit:      CURL_VERSION_ASYNCHDNS
[2015.11.27-12.04.40:626][  0]LogInit:      CURL_VERSION_LARGEFILE
[2015.11.27-12.04.40:626][  0]LogInit:      CURL_VERSION_IDN
[2015.11.27-12.04.40:626][  0]LogInit:  CurlRequestOptions (configurable via config and command line):
[2015.11.27-12.04.40:626][  0]LogInit:  - bVerifyPeer = true  - Libcurl will verify peer certificate
[2015.11.27-12.04.40:626][  0]LogInit:  - bUseHttpProxy = false  - Libcurl will NOT use HTTP proxy
[2015.11.27-12.04.40:626][  0]LogInit:  - bDontReuseConnections = false  - Libcurl will reuse connections
[2015.11.27-12.04.40:626][  0]LogInit:  - CertBundlePath = nullptr  - Libcurl will use whatever was configured at build time.
[2015.11.27-12.04.40:631][  0]LogInit: Presizing for 0 objects not considered by GC, pre-allocating 0 bytes.
[2015.11.27-12.04.40:637][  0]LogInit: Object subsystem initialized
[2015.11.27-12.04.40:638][  0]LogInit: Selected Device Profile: [Windows]
[2015.11.27-12.04.40:638][  0]LogInit: Applying CVar settings loaded from the selected device profile: [Windows]
[2015.11.27-12.04.40:645][  0]LogInit: Computer: SpellabbA332-09
[2015.11.27-12.04.40:645][  0]LogInit: User: Spellabbet
[2015.11.27-12.04.40:645][  0]LogInit: CPU Page size=4096, Cores=4
[2015.11.27-12.04.40:645][  0]LogInit: High frequency timer resolution =3.507519 MHz
[2015.11.27-12.04.40:645][  0]LogMemory: Memory total: Physical=15.9GB (16GB approx)
[2015.11.27-12.04.40:645][  0]LogMemory: Platform Memory Stats for Windows
[2015.11.27-12.04.40:645][  0]LogMemory: Process Physical Memory: 52.09 MB used, 52.09 MB peak
[2015.11.27-12.04.40:645][  0]LogMemory: Process Virtual Memory: 56.99 MB used, 56.99 MB peak
[2015.11.27-12.04.40:645][  0]LogMemory: Physical Memory: 3865.72 MB used, 16318.82 MB total
[2015.11.27-12.04.40:645][  0]LogMemory: Virtual Memory: 349.31 MB used, 134217728.00 MB total
[2015.11.27-12.04.40:674][  0]LogTextLocalizationManager: No translations for ('sv-SE') exist, falling back to 'en' for localization and internationalization data.
[2015.11.27-12.04.41:381][  0]LogD3D11RHI: Found D3D11 adapter 0: NVIDIA GeForce GTX 960 (Feature Level 11_0)
[2015.11.27-12.04.41:381][  0]LogD3D11RHI: Adapter has 1965MB of dedicated video memory, 0MB of dedicated system memory, and 2048MB of shared system memory, 1 output[s]
[2015.11.27-12.04.41:382][  0]LogD3D11RHI: Found D3D11 adapter 1: Microsoft Basic Render Driver (Feature Level 11_0)
[2015.11.27-12.04.41:382][  0]LogD3D11RHI: Adapter has 0MB of dedicated video memory, 0MB of dedicated system memory, and 256MB of shared system memory, 0 output[s]
[2015.11.27-12.04.41:382][  0]LogD3D11RHI: Chosen D3D11 Adapter Id = 0
[2015.11.27-12.04.41:384][  0]LogD3D11RHI: !Direct3DDevice
[2015.11.27-12.04.41:384][  0]LogRHI: Texture pool is 1361 MB (70% of 1945 MB)
[2015.11.27-12.04.41:398][  0]LogD3D11RHI: Async texture creation enabled
[2015.11.27-12.04.41:412][  0]LogShaderCompilers: Guid format shader working directory is 15 characters bigger than the processId version (../../../../../../Users/Spellabbet/Documents/Unreal Projects/SpaceGame/Project/SpaceGame/Intermediate/Shaders/WorkingDirectory/5040/).
[2015.11.27-12.04.41:412][  0]LogShaderCompilers: Cleaned the shader compiler working directory '../../../../../../Users/Spellabbet/Documents/Unreal Projects/SpaceGame/Project/SpaceGame/Intermediate/Shaders/tmp/29F25E8F429A1E9D2427DFAC39F1ED06/'.
[2015.11.27-12.04.41:413][  0]LogShaderCompilers:Display: Using Local Shader Compiler.
[2015.11.27-12.04.42:404][  0]LogTemp:Display: Loaded TP AllDesktopTargetPlatform
[2015.11.27-12.04.42:409][  0]LogTemp:Display: Loaded TP WindowsClientTargetPlatform
[2015.11.27-12.04.42:413][  0]LogTemp:Display: Loaded TP WindowsNoEditorTargetPlatform
[2015.11.27-12.04.42:418][  0]LogTemp:Display: Loaded TP WindowsServerTargetPlatform
[2015.11.27-12.04.42:422][  0]LogTemp:Display: Loaded TP WindowsTargetPlatform
[2015.11.27-12.04.42:424][  0]LogTemp:Display: Loaded TP AndroidTargetPlatform
[2015.11.27-12.04.42:427][  0]LogTemp:Display: Loaded TP Android_ASTCTargetPlatform
[2015.11.27-12.04.42:430][  0]LogTemp:Display: Loaded TP Android_ATCTargetPlatform
[2015.11.27-12.04.42:434][  0]LogTemp:Display: Loaded TP Android_DXTTargetPlatform
[2015.11.27-12.04.42:438][  0]LogTemp:Display: Loaded TP Android_ETC1TargetPlatform
[2015.11.27-12.04.42:443][  0]LogTemp:Display: Loaded TP Android_ETC2TargetPlatform
[2015.11.27-12.04.42:447][  0]LogTemp:Display: Loaded TP Android_PVRTCTargetPlatform
[2015.11.27-12.04.42:448][  0]LogTemp:Display: Loaded TP HTML5TargetPlatform
[2015.11.27-12.04.42:466][  0]LogTemp:Display: Loaded TP IOSTargetPlatform
[2015.11.27-12.04.42:468][  0]LogTemp:Display: Loaded TP LinuxNoEditorTargetPlatform
[2015.11.27-12.04.42:471][  0]LogTemp:Display: Loaded TP LinuxServerTargetPlatform
[2015.11.27-12.04.42:474][  0]LogTemp:Display: Loaded TP LinuxTargetPlatform
[2015.11.27-12.04.42:474][  0]LogTargetPlatformManager:Display: Building Assets For Windows
[2015.11.27-12.04.42:573][  0]LogDerivedDataCache:Display: Max Cache Size: 512 MB
[2015.11.27-12.04.42:614][  0]LogDerivedDataCache: Loaded boot cache 0.04s 41MB C:/Users/Spellabbet/AppData/Local/UnrealEngine/4.9/DerivedDataCache/Boot.ddc.
[2015.11.27-12.04.42:614][  0]LogDerivedDataCache:Display: Loaded Boot cache: C:/Users/Spellabbet/AppData/Local/UnrealEngine/4.9/DerivedDataCache/Boot.ddc
[2015.11.27-12.04.42:614][  0]LogDerivedDataCache: FDerivedDataBackendGraph:  Pak pak cache file ../../../../../../Users/Spellabbet/Documents/Unreal Projects/SpaceGame/Project/SpaceGame/DerivedDataCache/DDC.ddp not found, will not use a pak cache.
[2015.11.27-12.04.42:614][  0]LogDerivedDataCache: Unable to find inner node Pak for hierarchical cache Hierarchy.
[2015.11.27-12.04.42:614][  0]LogDerivedDataCache: FDerivedDataBackendGraph:  CompressedPak pak cache file ../../../../../../Users/Spellabbet/Documents/Unreal Projects/SpaceGame/Project/SpaceGame/DerivedDataCache/Compressed.ddp not found, will not use a pak cache.
[2015.11.27-12.04.42:614][  0]LogDerivedDataCache: Unable to find inner node CompressedPak for hierarchical cache Hierarchy.
[2015.11.27-12.04.42:749][  0]LogDerivedDataCache:Display: Pak cache opened for reading ../../../Engine/DerivedDataCache/Compressed.ddp.
[2015.11.27-12.04.42:761][  0]LogDerivedDataCache: Using Local data cache path C:/Users/Spellabbet/AppData/Local/UnrealEngine/Common/DerivedDataCache: Writable
[2015.11.27-12.04.42:924][  0]LogInit: Selected Device Profile: [Windows]
[2015.11.27-12.04.42:926][  0]LogContentStreaming: Texture pool size is 0.000000MB
[2015.11.27-12.04.43:044][  0]LogMeshUtilities: No automatic mesh reduction module available
[2015.11.27-12.04.43:044][  0]LogMeshUtilities: No automatic mesh merging module available
[2015.11.27-12.04.43:236][  0]LogInit: WinSock: version 1.1 (2.2), MaxSocks=32767, MaxUdp=65467
[2015.11.27-12.04.43:863][  0]UdpMessaging: Initializing bridge on interface 0.0.0.0:0 to multicast group 230.0.0.1:6666.
[2015.11.27-12.04.43:991][  0]LogAssetRegistry: FAssetRegistry took 0.0104 seconds to start up
[2015.11.27-12.04.44:179][  0]SourceControl: Info Source control is disabled
[2015.11.27-12.04.44:185][  0]SourceControl: Info Source control is disabled
[2015.11.27-12.04.44:204][  0]SourceControl: Info Source control is disabled
[2015.11.27-12.04.44:223][  0]SourceControl: Info Source control is disabled
[2015.11.27-12.04.44:481][  0]LogLinker:Warning: Asset '../../../Engine/Plugins/Runtime/LeapMotionController/Content/LM_PassthroughMaterial.uasset' has been saved with empty engine version. The asset will be loaded but may be incompatible.
[2015.11.27-12.04.44:620][  0]LogObj: 28437 objects as part of root set at end of initial load.
[2015.11.27-12.04.44:620][  0]LogUObjectAllocator: 6068432 out of 0 bytes used by permanent object pool.
[2015.11.27-12.04.44:677][  0]LogEngine: Initializing Engine...
[2015.11.27-12.04.44:679][  0]LogHMD: Can't find Oculus library dev build: is proper Runtime installed? Version: 0.7.0.0
[2015.11.27-12.04.44:679][  0]LogHMD: SteamVR failed to initialize.  Err: 110
[2015.11.27-12.04.44:793][  0]LogAIModule: Creating AISystem for world NewWorld
[2015.11.27-12.04.44:797][  0]LogInit: XAudio2 using 'Speakers (4- High Definition Audio Device)' : 2 channels at 44.1 kHz using 16 bits per sample (channel mask 0x3)
[2015.11.27-12.04.44:808][  0]LogInit: FAudioDevice initialized.
[2015.11.27-12.04.44:826][  0]LogDerivedDataCache: Saved boot cache 0.02s 41MB C:/Users/Spellabbet/AppData/Local/UnrealEngine/4.9/DerivedDataCache/Boot.ddc.
[2015.11.27-12.04.44:830][  0]LogInit: Texture streaming: Enabled
[2015.11.27-12.04.44:835][  0]LogAnalytics: Creating configured Analytics provider AnalyticsET
[2015.11.27-12.04.44:835][  0]LogAnalytics: [UEEditor.Rocket.Release] APIServer = http://et2.epicgames.com/ET2/. AppVersion = 4.9.2-2707645+++depot+UE4-Releases+4.9
[2015.11.27-12.04.44:835][  0]LogAnalytics: [UEEditor.Rocket.Release] SetUserId 634ab0cb456977c100e99f821f1d4277|7ebf86fc13e44331864479a64887c1c8|060e5e79-a789-49c4-8abd-5d8b330400a7
[2015.11.27-12.04.44:835][  0]LogAnalytics: [UEEditor.Rocket.Release] AnalyticsET::StartSession
[2015.11.27-12.04.44:851][  0]LogInit: Transaction tracking system initialized
[2015.11.27-12.04.44:873][  0]BlueprintLog: New page: Editor Load
[2015.11.27-12.04.44:947][  0]LocalizationService: Info Localization service is disabled
[2015.11.27-12.04.45:045][  0]LogConsoleResponse:Display: 
[2015.11.27-12.04.45:151][  0]LogCook:Display: Done creating registry. It took  0.00s.
[2015.11.27-12.04.45:228][  0]LogFileCache: Scanning file cache for directory 'C:/Users/Spellabbet/Documents/Unreal Projects/SpaceGame/Project/SpaceGame/Content/' took 0.01s
[2015.11.27-12.04.45:228][  0]SourceControl: Info Source control is disabled
[2015.11.27-12.04.45:228][  0]Cmd: MAP LOAD FILE="../../../Engine/Content/Maps/Templates/Template_Default.umap" TEMPLATE=1 SHOWPROGRESS=1 FEATURELEVEL=3
[2015.11.27-12.04.45:228][  0]LightingResults: New page: Lighting Build
[2015.11.27-12.04.45:231][  0]MapCheck: New page: Map Check
[2015.11.27-12.04.45:231][  0]LightingResults: New page: Lighting Build
[2015.11.27-12.04.45:240][  0]LogParticles: Destroying 0 GPU particle simulations for FXSystem 0x000000D342CBA160
[2015.11.27-12.04.45:461][  0]LogAIModule: Creating AISystem for world Untitled_1
[2015.11.27-12.04.45:466][  0]LogEditorServer: Finished looking for orphan Actors (0.000 secs)
[2015.11.27-12.04.45:471][  0]Cmd: MAP CHECKDEP NOCLEARLOG
[2015.11.27-12.04.45:511][  0]MapCheck: Info Map check complete: 0 Error(s), 0 Warning(s), took 38.93ms to complete.
[2015.11.27-12.04.45:511][  0]LogFileHelpers: Loading map 'Template_Default' took 0.282
[2015.11.27-12.04.45:605][  0]LogCollectionManager: Loaded 0 collections in 0.002548 seconds
[2015.11.27-12.04.45:647][  0]LogFileCache: Scanning file cache for directory 'C:/Users/Spellabbet/Documents/Unreal Projects/SpaceGame/Project/SpaceGame/Saved/Collections/' took 0.01s
[2015.11.27-12.04.45:647][  0]LogFileCache: Scanning file cache for directory 'C:/Users/Spellabbet/Documents/Unreal Projects/SpaceGame/Project/SpaceGame/Content/Developers/Spellabbet/Collections/' took 0.01s
[2015.11.27-12.04.45:647][  0]LogFileCache: Scanning file cache for directory 'C:/Users/Spellabbet/Documents/Unreal Projects/SpaceGame/Project/SpaceGame/Content/Collections/' took 0.01s
[2015.11.27-12.04.45:647][  0]LogContentBrowser: Native class hierarchy populated in 0.0088 seconds. Added 1875 classes and 335 folders.
[2015.11.27-12.04.45:651][  0]LogCollectionManager: Rebuilt the GUID cache for 0 collections in 0.000003 seconds
[2015.11.27-12.04.45:661][  0]LogContentBrowser: Native class hierarchy updated for 'WidgetCarousel' in 0.0015 seconds. Added 0 classes and 0 folders.
[2015.11.27-12.04.45:701][  0]LogContentBrowser: Native class hierarchy updated for 'AddContentDialog' in 0.0013 seconds. Added 0 classes and 0 folders.
[2015.11.27-12.04.45:711][  0]LogContentBrowser: Native class hierarchy updated for 'SceneOutliner' in 0.0014 seconds. Added 1 classes and 2 folders.
[2015.11.27-12.04.45:769][  0]LogCrashTracker: Crashtracker disabled due to settings.
[2015.11.27-12.04.45:772][  0]LogUObjectGlobals:Warning: Failed to find object 'Class None.'
[2015.11.27-12.04.45:795][  0]LogLoad: Full Startup: 6.37 seconds (BP compile: 0.03 seconds)
[2015.11.27-12.04.45:858][  0]LogContentStreaming: Texture pool size now 1000 MB
[2015.11.27-12.04.45:963][  0]LogRenderer: Reallocating scene render targets to support 1076x556 (Frame:2).
[2015.11.27-12.04.46:151][  3]LogAssetRegistry: Asset discovery search completed in 2.1699 seconds
[2015.11.27-12.04.46:151][  3]LogCollectionManager: Rebuilt the object cache for 0 collections in 0.000001 seconds (found 0 objects)
[2015.11.27-12.04.46:151][  3]LogCollectionManager: Fixed up redirectors for 0 collections in 0.000024 seconds (updated 0 objects)
[2015.11.27-12.04.47:180][121]Recompiling SpaceGame...
[2015.11.27-12.04.47:181][121]Launching UnrealBuildTool... [C:/Program Files/Epic Games/4.9/Engine/Binaries/DotNET/UnrealBuildTool.exe SpaceGame -ModuleWithSuffix SpaceGame 1345 Win64 Development -editorrecompile -canskiplink "C:/Users/Spellabbet/Documents/Unreal Projects/SpaceGame/Project/SpaceGame/SpaceGame.uproject" -rocket  -rocket]
[2015.11.27-12.04.47:182][121]Warning: Starting HotReload took  0.0s.
[2015.11.27-12.04.50:547][506]CompilerResultsLog: New page: Compilation - Nov 27, 2015, 2:04:50 PM
[2015.11.27-12.04.50:547][506]CompilerResultsLog: Info Compiling game modules for hot reload
[2015.11.27-12.04.50:547][506]CompilerResultsLog: Info Performing 2 actions (4 in parallel)
[2015.11.27-12.04.50:547][506]CompilerResultsLog: Info Fleet.cpp
[2015.11.27-12.04.50:547][506]CompilerResultsLog: Info [2/2] Link UE4Editor-SpaceGame-1345.dll
[2015.11.27-12.04.50:547][506]CompilerResultsLog: Info    Creating library C:\Users\Spellabbet\Documents\Unreal Projects\SpaceGame\Project\SpaceGame\Intermediate/Build/Win64\UE4Editor\Development\UE4Editor-SpaceGame-1345.lib and object C:\Users\Spellabbet\Documents\Unreal Projects\SpaceGame\Project\SpaceGame\Intermediate/Build/Win64\UE4Editor\Development\UE4Editor-SpaceGame-1345.exp
[2015.11.27-12.04.50:547][506]CompilerResultsLog: Info -------- End Detailed Actions Stats -----------------------------------------------------------
[2015.11.27-12.04.50:547][506]CompilerResultsLog: Info Total build time: 3,33 seconds
[2015.11.27-12.04.50:547][506]LogMainFrame: MainFrame: Module compiling took 3.370 seconds
[2015.11.27-12.04.50:616][506]LogClass: FleetState HotReload.
[2015.11.27-12.04.50:616][506]LogClass: OwnedBy HotReload.
[2015.11.27-12.04.50:619][506]LogContentBrowser: Native class hierarchy updated for 'SpaceGame' in 0.0010 seconds. Added 8 classes and 2 folders.
[2015.11.27-12.04.50:620][506]Warning: HotReload successful (7 functions remapped  0 scriptstructs remapped)
[2015.11.27-12.04.50:675][506]LogContentBrowser: Native class hierarchy populated in 0.0067 seconds. Added 1876 classes and 337 folders.
[2015.11.27-12.04.51:759][632]LogPlayLevel: PlayLevel: No blueprints needed recompiling
[2015.11.27-12.04.51:759][632]PIE: New page: PIE session: Untitled_1 (Nov 27, 2015, 2:04:51 PM)
[2015.11.27-12.04.51:759][632]LogPlayLevel: Creating play world package: /Temp/UEDPIE_0_Untitled_1
[2015.11.27-12.04.51:760][632]LogPlayLevel: PIE: StaticDuplicateObject took: (0.001415s)
[2015.11.27-12.04.51:761][632]LogAIModule: Creating AISystem for world Untitled_1
[2015.11.27-12.04.51:761][632]LogPlayLevel: PIE: World Init took: (0.000856s)
[2015.11.27-12.04.51:762][632]LogPlayLevel: PIE: Created PIE world by copying editor world from /Temp/Untitled_1.Untitled_1 to /Temp/UEDPIE_0_Untitled_1.Untitled_1 (0.002545s)
[2015.11.27-12.04.51:774][632]LogInit: XAudio2 using 'Speakers (4- High Definition Audio Device)' : 2 channels at 44.1 kHz using 16 bits per sample (channel mask 0x3)
[2015.11.27-12.04.51:778][632]LogInit: FAudioDevice initialized.
[2015.11.27-12.04.51:856][632]LogWorld: Game class is 'GameModeBP_C'
[2015.11.27-12.04.51:859][632]LogWorld: Bringing World /Temp/UEDPIE_0_Untitled_1.Untitled_1 up for play (max tick rate 0) at 2015.11.27-13.04.51
[2015.11.27-12.04.51:859][632]LogActor:Warning: GameSession /Temp/UEDPIE_0_Untitled_1.Untitled_1:PersistentLevel.GameSession_0 has natively added scene component(s), but none of them were set as the actor's RootComponent - picking one arbitrarily
[2015.11.27-12.04.51:859][632]LogActor:Warning: GameNetworkManager /Temp/UEDPIE_0_Untitled_1.Untitled_1:PersistentLevel.GameNetworkManager_0 has natively added scene component(s), but none of them were set as the actor's RootComponent - picking one arbitrarily
[2015.11.27-12.04.51:859][632]LogWorld: Bringing up level for play took: 0.001482
[2015.11.27-12.04.51:861][632]PIE: Info Play in editor start time for /Temp/UEDPIE_0_Untitled_1 -0.108
[2015.11.27-12.04.53:375][805]LogParticles: Destroying 0 GPU particle simulations for FXSystem 0x000000D34DFB07C0
[2015.11.27-12.04.54:779][967]LogAIModule: Creating AISystem for world Untitled
[2015.11.27-12.04.54:797][967]Cmd: MAP LOAD FILE="../../../../../../Users/Spellabbet/Documents/Unreal Projects/SpaceGame/Project/SpaceGame/Content/Maps/Untitled.umap" TEMPLATE=0 SHOWPROGRESS=1 FEATURELEVEL=3
[2015.11.27-12.04.54:797][967]LightingResults: New page: Lighting Build
[2015.11.27-12.04.54:812][967]LoadErrors: New page: Loading map: Untitled.umap
[2015.11.27-12.04.54:812][967]MapCheck: New page: Map Check
[2015.11.27-12.04.54:812][967]LightingResults: New page: Lighting Build
[2015.11.27-12.04.54:823][967]LogParticles: Destroying 0 GPU particle simulations for FXSystem 0x000000D33411A980
[2015.11.27-12.04.54:853][967]LogEditorServer: Finished looking for orphan Actors (0.000 secs)
[2015.11.27-12.04.54:886][967]Cmd: MAP CHECKDEP NOCLEARLOG
[2015.11.27-12.04.54:918][967]MapCheck: Info Map check complete: 0 Error(s), 0 Warning(s), took 31.273ms to complete.
[2015.11.27-12.04.54:918][967]LogFileHelpers: Loading map 'Untitled' took 0.123
[2015.11.27-12.04.56:114][104]LogBlueprintUserMessages: Early PlayInEditor Detection: Level '/Game/Maps/Untitled.Untitled:PersistentLevel' has LevelScriptBlueprint '/Game/Maps/Untitled.Untitled:PersistentLevel.Untitled' with GeneratedClass '/Game/Maps/Untitled.Untitled_C' with ClassGeneratedBy '/Game/Maps/Untitled.Untitled:PersistentLevel.Untitled'
[2015.11.27-12.04.56:114][104]LogPlayLevel: PlayLevel: No blueprints needed recompiling
[2015.11.27-12.04.56:114][104]PIE: New page: PIE session: Untitled (Nov 27, 2015, 2:04:56 PM)
[2015.11.27-12.04.56:114][104]LogPlayLevel: Creating play world package: /Game/Maps/UEDPIE_0_Untitled
[2015.11.27-12.04.56:119][104]LogPlayLevel: PIE: StaticDuplicateObject took: (0.004277s)
[2015.11.27-12.04.56:119][104]LogAIModule: Creating AISystem for world Untitled
[2015.11.27-12.04.56:120][104]LogPlayLevel: PIE: World Init took: (0.000716s)
[2015.11.27-12.04.56:120][104]LogPlayLevel: PIE: Created PIE world by copying editor world from /Game/Maps/Untitled.Untitled to /Game/Maps/UEDPIE_0_Untitled.Untitled (0.005331s)
[2015.11.27-12.04.56:136][104]LogInit: XAudio2 using 'Speakers (4- High Definition Audio Device)' : 2 channels at 44.1 kHz using 16 bits per sample (channel mask 0x3)
[2015.11.27-12.04.56:143][104]LogInit: FAudioDevice initialized.
[2015.11.27-12.04.56:174][104]LogWorld: Game class is 'GameModeBP_C'
[2015.11.27-12.04.56:176][104]LogWorld: Bringing World /Game/Maps/UEDPIE_0_Untitled.Untitled up for play (max tick rate 0) at 2015.11.27-13.04.56
[2015.11.27-12.04.56:176][104]LogActor:Warning: GameSession /Game/Maps/UEDPIE_0_Untitled.Untitled:PersistentLevel.GameSession_1 has natively added scene component(s), but none of them were set as the actor's RootComponent - picking one arbitrarily
[2015.11.27-12.04.56:176][104]LogActor:Warning: GameNetworkManager /Game/Maps/UEDPIE_0_Untitled.Untitled:PersistentLevel.GameNetworkManager_1 has natively added scene component(s), but none of them were set as the actor's RootComponent - picking one arbitrarily
[2015.11.27-12.04.56:177][104]LogWorld: Bringing up level for play took: 0.001544
[2015.11.27-12.04.56:177][104]PIE: Info Play in editor start time for /Game/Maps/UEDPIE_0_Untitled 0.208
[2015.11.27-12.04.56:178][104]LogBlueprintUserMessages: Late PlayInEditor Detection: Level '/Game/Maps/Untitled.Untitled:PersistentLevel' has LevelScriptBlueprint '/Game/Maps/Untitled.Untitled:PersistentLevel.Untitled' with GeneratedClass '/Game/Maps/Untitled.Untitled_C' with ClassGeneratedBy '/Game/Maps/Untitled.Untitled:PersistentLevel.Untitled'
[2015.11.27-12.04.57:320][227]LogCrashTracker: 


[2015.11.27-12.04.57:320][227]LogCrashTracker: 


[2015.11.27-12.04.57:320][227]LogWindows: === Critical error: ===
Fatal error!



[2015.11.27-12.04.57:422][227]LogExit: Executing StaticShutdownAfterError
[2015.11.27-12.04.57:424][227]LogOutputDevice:Warning: 

Script Stack:
MouseControllerBP_C.ExecuteUbergraph_MouseControllerBP
MouseControllerBP_C.InpActEvt_RightMouseButton_K2Node_InputKeyEvent_3

[2015.11.27-12.04.57:426][227]LogPhysics:Warning: PHYSX: ..\..\PhysX\src\NpScene.cpp (2946) 8 : PxScene::unlockWrite() called without matching call to PxScene::lockWrite(), behaviour will be undefined.
[2015.11.27-12.04.57:426][227]LogPhysics:Warning: PHYSX: ..\..\PhysX\src\NpScene.cpp (2946) 8 : PxScene::unlockWrite() called without matching call to PxScene::lockWrite(), behaviour will be undefined.
[2015.11.27-12.04.57:426][227]LogPhysics:Warning: PHYSX: ..\..\PhysX\src\NpScene.cpp (2946) 8 : PxScene::unlockWrite() called without matching call to PxScene::lockWrite(), behaviour will be undefined.
[2015.11.27-12.04.57:426][227]LogPhysics:Warning: PHYSX: ..\..\PhysX\src\NpScene.cpp (2946) 8 : PxScene::unlockWrite() called without matching call to PxScene::lockWrite(), behaviour will be undefined.
[2015.11.27-12.04.57:426][227]LogWindows: FPlatformMisc::RequestExit(1)
[2015.11.27-12.04.57:426][227]Log file closed, 11/27/15 13:04:57
