[2015.11.27-12.14.29:863][  0]Log file open, 11/27/15 13:14:29
[2015.11.27-12.14.29:863][  0]LogInit:Display: Running engine without a game
[2015.11.27-12.14.29:863][  0]LogInit:Display: Loading recent project file: ../../../../../../Users/Spellabbet/Documents/Unreal Projects/SpaceGame/Project/SpaceGame/SpaceGame.uproject
[2015.11.27-12.14.29:863][  0]LogInit:Display: RandInit(1140192270) SRandInit(1140192272).
[2015.11.27-12.14.29:863][  0]LogTaskGraph: Started task graph with 4 named threads and 7 total threads.
[2015.11.27-12.14.29:863][  0]LogStats: Stats thread started at 0.077865
[2015.11.27-12.14.29:863][  0]LogInit: Version: 4.9.2-2707645+++depot+UE4-Releases+4.9
[2015.11.27-12.14.29:863][  0]LogInit: API Version: 2672455
[2015.11.27-12.14.29:863][  0]LogInit: Compiled (64-bit): Sep 28 2015 10:25:44
[2015.11.27-12.14.29:863][  0]LogInit: Compiled with Visual C++: 18.00.21005.01
[2015.11.27-12.14.29:863][  0]LogInit: Build Configuration: Development
[2015.11.27-12.14.29:863][  0]LogInit: Branch Name: ++depot+UE4-Releases+4.9
[2015.11.27-12.14.29:863][  0]LogInit: Command line: 
[2015.11.27-12.14.29:863][  0]LogInit: Base directory: C:/Program Files/Epic Games/4.9/Engine/Binaries/Win64/
[2015.11.27-12.14.29:863][  0]LogInit: Rocket: 1
[2015.11.27-12.14.29:871][  0]LogInit: Using libcurl 7.41.0
[2015.11.27-12.14.29:871][  0]LogInit:  - built for x86_64-pc-win32
[2015.11.27-12.14.29:871][  0]LogInit:  - supports SSL with WinSSL
[2015.11.27-12.14.29:871][  0]LogInit:  - other features:
[2015.11.27-12.14.29:871][  0]LogInit:      CURL_VERSION_SSL
[2015.11.27-12.14.29:871][  0]LogInit:      CURL_VERSION_IPV6
[2015.11.27-12.14.29:871][  0]LogInit:      CURL_VERSION_ASYNCHDNS
[2015.11.27-12.14.29:871][  0]LogInit:      CURL_VERSION_LARGEFILE
[2015.11.27-12.14.29:871][  0]LogInit:      CURL_VERSION_IDN
[2015.11.27-12.14.29:871][  0]LogInit:  CurlRequestOptions (configurable via config and command line):
[2015.11.27-12.14.29:871][  0]LogInit:  - bVerifyPeer = true  - Libcurl will verify peer certificate
[2015.11.27-12.14.29:871][  0]LogInit:  - bUseHttpProxy = false  - Libcurl will NOT use HTTP proxy
[2015.11.27-12.14.29:871][  0]LogInit:  - bDontReuseConnections = false  - Libcurl will reuse connections
[2015.11.27-12.14.29:871][  0]LogInit:  - CertBundlePath = nullptr  - Libcurl will use whatever was configured at build time.
[2015.11.27-12.14.29:877][  0]LogInit: Presizing for 0 objects not considered by GC, pre-allocating 0 bytes.
[2015.11.27-12.14.29:883][  0]LogInit: Object subsystem initialized
[2015.11.27-12.14.29:884][  0]LogInit: Selected Device Profile: [Windows]
[2015.11.27-12.14.29:884][  0]LogInit: Applying CVar settings loaded from the selected device profile: [Windows]
[2015.11.27-12.14.29:893][  0]LogInit: Computer: SpellabbA332-09
[2015.11.27-12.14.29:893][  0]LogInit: User: Spellabbet
[2015.11.27-12.14.29:893][  0]LogInit: CPU Page size=4096, Cores=4
[2015.11.27-12.14.29:893][  0]LogInit: High frequency timer resolution =3.507519 MHz
[2015.11.27-12.14.29:893][  0]LogMemory: Memory total: Physical=15.9GB (16GB approx)
[2015.11.27-12.14.29:893][  0]LogMemory: Platform Memory Stats for Windows
[2015.11.27-12.14.29:893][  0]LogMemory: Process Physical Memory: 52.12 MB used, 52.12 MB peak
[2015.11.27-12.14.29:893][  0]LogMemory: Process Virtual Memory: 57.02 MB used, 57.02 MB peak
[2015.11.27-12.14.29:893][  0]LogMemory: Physical Memory: 3316.09 MB used, 16318.82 MB total
[2015.11.27-12.14.29:893][  0]LogMemory: Virtual Memory: 349.31 MB used, 134217728.00 MB total
[2015.11.27-12.14.29:924][  0]LogTextLocalizationManager: No translations for ('sv-SE') exist, falling back to 'en' for localization and internationalization data.
[2015.11.27-12.14.30:694][  0]LogD3D11RHI: Found D3D11 adapter 0: NVIDIA GeForce GTX 960 (Feature Level 11_0)
[2015.11.27-12.14.30:694][  0]LogD3D11RHI: Adapter has 1965MB of dedicated video memory, 0MB of dedicated system memory, and 2048MB of shared system memory, 1 output[s]
[2015.11.27-12.14.30:695][  0]LogD3D11RHI: Found D3D11 adapter 1: Microsoft Basic Render Driver (Feature Level 11_0)
[2015.11.27-12.14.30:695][  0]LogD3D11RHI: Adapter has 0MB of dedicated video memory, 0MB of dedicated system memory, and 256MB of shared system memory, 0 output[s]
[2015.11.27-12.14.30:695][  0]LogD3D11RHI: Chosen D3D11 Adapter Id = 0
[2015.11.27-12.14.30:698][  0]LogD3D11RHI: !Direct3DDevice
[2015.11.27-12.14.30:698][  0]LogRHI: Texture pool is 1361 MB (70% of 1945 MB)
[2015.11.27-12.14.30:711][  0]LogD3D11RHI: Async texture creation enabled
[2015.11.27-12.14.30:726][  0]LogShaderCompilers: Guid format shader working directory is 15 characters bigger than the processId version (../../../../../../Users/Spellabbet/Documents/Unreal Projects/SpaceGame/Project/SpaceGame/Intermediate/Shaders/WorkingDirectory/4928/).
[2015.11.27-12.14.30:726][  0]LogShaderCompilers: Cleaned the shader compiler working directory '../../../../../../Users/Spellabbet/Documents/Unreal Projects/SpaceGame/Project/SpaceGame/Intermediate/Shaders/tmp/00AE53E14EBB4EB98B10E683069CEA07/'.
[2015.11.27-12.14.30:726][  0]LogShaderCompilers:Display: Using Local Shader Compiler.
[2015.11.27-12.14.31:781][  0]LogTemp:Display: Loaded TP AllDesktopTargetPlatform
[2015.11.27-12.14.31:785][  0]LogTemp:Display: Loaded TP WindowsClientTargetPlatform
[2015.11.27-12.14.31:790][  0]LogTemp:Display: Loaded TP WindowsNoEditorTargetPlatform
[2015.11.27-12.14.31:796][  0]LogTemp:Display: Loaded TP WindowsServerTargetPlatform
[2015.11.27-12.14.31:803][  0]LogTemp:Display: Loaded TP WindowsTargetPlatform
[2015.11.27-12.14.31:807][  0]LogTemp:Display: Loaded TP AndroidTargetPlatform
[2015.11.27-12.14.31:811][  0]LogTemp:Display: Loaded TP Android_ASTCTargetPlatform
[2015.11.27-12.14.31:815][  0]LogTemp:Display: Loaded TP Android_ATCTargetPlatform
[2015.11.27-12.14.31:819][  0]LogTemp:Display: Loaded TP Android_DXTTargetPlatform
[2015.11.27-12.14.31:824][  0]LogTemp:Display: Loaded TP Android_ETC1TargetPlatform
[2015.11.27-12.14.31:828][  0]LogTemp:Display: Loaded TP Android_ETC2TargetPlatform
[2015.11.27-12.14.31:832][  0]LogTemp:Display: Loaded TP Android_PVRTCTargetPlatform
[2015.11.27-12.14.31:833][  0]LogTemp:Display: Loaded TP HTML5TargetPlatform
[2015.11.27-12.14.31:851][  0]LogTemp:Display: Loaded TP IOSTargetPlatform
[2015.11.27-12.14.31:853][  0]LogTemp:Display: Loaded TP LinuxNoEditorTargetPlatform
[2015.11.27-12.14.31:856][  0]LogTemp:Display: Loaded TP LinuxServerTargetPlatform
[2015.11.27-12.14.31:859][  0]LogTemp:Display: Loaded TP LinuxTargetPlatform
[2015.11.27-12.14.31:859][  0]LogTargetPlatformManager:Display: Building Assets For Windows
[2015.11.27-12.14.31:927][  0]LogDerivedDataCache:Display: Max Cache Size: 512 MB
[2015.11.27-12.14.31:965][  0]LogDerivedDataCache: Loaded boot cache 0.04s 41MB C:/Users/Spellabbet/AppData/Local/UnrealEngine/4.9/DerivedDataCache/Boot.ddc.
[2015.11.27-12.14.31:965][  0]LogDerivedDataCache:Display: Loaded Boot cache: C:/Users/Spellabbet/AppData/Local/UnrealEngine/4.9/DerivedDataCache/Boot.ddc
[2015.11.27-12.14.31:965][  0]LogDerivedDataCache: FDerivedDataBackendGraph:  Pak pak cache file ../../../../../../Users/Spellabbet/Documents/Unreal Projects/SpaceGame/Project/SpaceGame/DerivedDataCache/DDC.ddp not found, will not use a pak cache.
[2015.11.27-12.14.31:965][  0]LogDerivedDataCache: Unable to find inner node Pak for hierarchical cache Hierarchy.
[2015.11.27-12.14.31:965][  0]LogDerivedDataCache: FDerivedDataBackendGraph:  CompressedPak pak cache file ../../../../../../Users/Spellabbet/Documents/Unreal Projects/SpaceGame/Project/SpaceGame/DerivedDataCache/Compressed.ddp not found, will not use a pak cache.
[2015.11.27-12.14.31:965][  0]LogDerivedDataCache: Unable to find inner node CompressedPak for hierarchical cache Hierarchy.
[2015.11.27-12.14.32:097][  0]LogDerivedDataCache:Display: Pak cache opened for reading ../../../Engine/DerivedDataCache/Compressed.ddp.
[2015.11.27-12.14.32:109][  0]LogDerivedDataCache: Using Local data cache path C:/Users/Spellabbet/AppData/Local/UnrealEngine/Common/DerivedDataCache: Writable
[2015.11.27-12.14.32:280][  0]LogInit: Selected Device Profile: [Windows]
[2015.11.27-12.14.32:282][  0]LogContentStreaming: Texture pool size is 0.000000MB
[2015.11.27-12.14.32:384][  0]LogMeshUtilities: No automatic mesh reduction module available
[2015.11.27-12.14.32:384][  0]LogMeshUtilities: No automatic mesh merging module available
[2015.11.27-12.14.32:581][  0]LogInit: WinSock: version 1.1 (2.2), MaxSocks=32767, MaxUdp=65467
[2015.11.27-12.14.33:201][  0]UdpMessaging: Initializing bridge on interface 0.0.0.0:0 to multicast group 230.0.0.1:6666.
[2015.11.27-12.14.33:302][  0]LogAssetRegistry: FAssetRegistry took 0.0106 seconds to start up
[2015.11.27-12.14.33:447][  0]SourceControl: Info Source control is disabled
[2015.11.27-12.14.33:455][  0]SourceControl: Info Source control is disabled
[2015.11.27-12.14.33:468][  0]SourceControl: Info Source control is disabled
[2015.11.27-12.14.33:477][  0]SourceControl: Info Source control is disabled
[2015.11.27-12.14.33:600][  0]LogLinker:Warning: Asset '../../../Engine/Plugins/Runtime/LeapMotionController/Content/LM_PassthroughMaterial.uasset' has been saved with empty engine version. The asset will be loaded but may be incompatible.
[2015.11.27-12.14.33:672][  0]LogObj: 28437 objects as part of root set at end of initial load.
[2015.11.27-12.14.33:672][  0]LogUObjectAllocator: 6068432 out of 0 bytes used by permanent object pool.
[2015.11.27-12.14.33:726][  0]LogEngine: Initializing Engine...
[2015.11.27-12.14.33:728][  0]LogHMD: Can't find Oculus library dev build: is proper Runtime installed? Version: 0.7.0.0
[2015.11.27-12.14.33:729][  0]LogHMD: SteamVR failed to initialize.  Err: 110
[2015.11.27-12.14.33:841][  0]LogAIModule: Creating AISystem for world NewWorld
[2015.11.27-12.14.33:845][  0]LogInit: XAudio2 using 'Speakers (4- High Definition Audio Device)' : 2 channels at 44.1 kHz using 16 bits per sample (channel mask 0x3)
[2015.11.27-12.14.33:855][  0]LogInit: FAudioDevice initialized.
[2015.11.27-12.14.33:874][  0]LogDerivedDataCache: Saved boot cache 0.02s 41MB C:/Users/Spellabbet/AppData/Local/UnrealEngine/4.9/DerivedDataCache/Boot.ddc.
[2015.11.27-12.14.33:878][  0]LogInit: Texture streaming: Enabled
[2015.11.27-12.14.33:882][  0]LogAnalytics: Creating configured Analytics provider AnalyticsET
[2015.11.27-12.14.33:882][  0]LogAnalytics: [UEEditor.Rocket.Release] APIServer = http://et2.epicgames.com/ET2/. AppVersion = 4.9.2-2707645+++depot+UE4-Releases+4.9
[2015.11.27-12.14.33:882][  0]LogAnalytics: [UEEditor.Rocket.Release] SetUserId 634ab0cb456977c100e99f821f1d4277|7ebf86fc13e44331864479a64887c1c8|060e5e79-a789-49c4-8abd-5d8b330400a7
[2015.11.27-12.14.33:882][  0]LogAnalytics: [UEEditor.Rocket.Release] AnalyticsET::StartSession
[2015.11.27-12.14.33:900][  0]LogInit: Transaction tracking system initialized
[2015.11.27-12.14.33:925][  0]BlueprintLog: New page: Editor Load
[2015.11.27-12.14.34:006][  0]LocalizationService: Info Localization service is disabled
[2015.11.27-12.14.34:073][  0]LogConsoleResponse:Display: 
[2015.11.27-12.14.34:184][  0]LogCook:Display: Done creating registry. It took  0.00s.
[2015.11.27-12.14.34:243][  0]LogFileCache: Scanning file cache for directory 'C:/Users/Spellabbet/Documents/Unreal Projects/SpaceGame/Project/SpaceGame/Content/' took 0.01s
[2015.11.27-12.14.34:243][  0]SourceControl: Info Source control is disabled
[2015.11.27-12.14.34:243][  0]Cmd: MAP LOAD FILE="../../../Engine/Content/Maps/Templates/Template_Default.umap" TEMPLATE=1 SHOWPROGRESS=1 FEATURELEVEL=3
[2015.11.27-12.14.34:243][  0]LightingResults: New page: Lighting Build
[2015.11.27-12.14.34:246][  0]MapCheck: New page: Map Check
[2015.11.27-12.14.34:246][  0]LightingResults: New page: Lighting Build
[2015.11.27-12.14.34:257][  0]LogParticles: Destroying 0 GPU particle simulations for FXSystem 0x0000000364032160
[2015.11.27-12.14.34:489][  0]LogAIModule: Creating AISystem for world Untitled_1
[2015.11.27-12.14.34:493][  0]LogEditorServer: Finished looking for orphan Actors (0.000 secs)
[2015.11.27-12.14.34:499][  0]Cmd: MAP CHECKDEP NOCLEARLOG
[2015.11.27-12.14.34:543][  0]MapCheck: Info Map check complete: 0 Error(s), 0 Warning(s), took 43.122ms to complete.
[2015.11.27-12.14.34:543][  0]LogFileHelpers: Loading map 'Template_Default' took 0.299
[2015.11.27-12.14.34:641][  0]LogCollectionManager: Loaded 0 collections in 0.002736 seconds
[2015.11.27-12.14.34:685][  0]LogFileCache: Scanning file cache for directory 'C:/Users/Spellabbet/Documents/Unreal Projects/SpaceGame/Project/SpaceGame/Saved/Collections/' took 0.01s
[2015.11.27-12.14.34:685][  0]LogFileCache: Scanning file cache for directory 'C:/Users/Spellabbet/Documents/Unreal Projects/SpaceGame/Project/SpaceGame/Content/Developers/Spellabbet/Collections/' took 0.01s
[2015.11.27-12.14.34:685][  0]LogFileCache: Scanning file cache for directory 'C:/Users/Spellabbet/Documents/Unreal Projects/SpaceGame/Project/SpaceGame/Content/Collections/' took 0.01s
[2015.11.27-12.14.34:685][  0]LogContentBrowser: Native class hierarchy populated in 0.0107 seconds. Added 1875 classes and 335 folders.
[2015.11.27-12.14.34:690][  0]LogCollectionManager: Rebuilt the GUID cache for 0 collections in 0.000003 seconds
[2015.11.27-12.14.34:700][  0]LogContentBrowser: Native class hierarchy updated for 'WidgetCarousel' in 0.0013 seconds. Added 0 classes and 0 folders.
[2015.11.27-12.14.34:744][  0]LogContentBrowser: Native class hierarchy updated for 'AddContentDialog' in 0.0014 seconds. Added 0 classes and 0 folders.
[2015.11.27-12.14.34:756][  0]LogContentBrowser: Native class hierarchy updated for 'SceneOutliner' in 0.0015 seconds. Added 1 classes and 2 folders.
[2015.11.27-12.14.34:818][  0]LogCrashTracker: Crashtracker disabled due to settings.
[2015.11.27-12.14.34:822][  0]LogUObjectGlobals:Warning: Failed to find object 'Class None.'
[2015.11.27-12.14.34:844][  0]LogLoad: Full Startup: 5.81 seconds (BP compile: 0.04 seconds)
[2015.11.27-12.14.34:910][  0]LogContentStreaming: Texture pool size now 1000 MB
[2015.11.27-12.14.35:032][  0]LogRenderer: Reallocating scene render targets to support 1076x556 (Frame:2).
[2015.11.27-12.14.35:862][  3]LogAssetRegistry: Asset discovery search completed in 2.5706 seconds
[2015.11.27-12.14.35:862][  3]LogCollectionManager: Rebuilt the object cache for 0 collections in 0.000001 seconds (found 0 objects)
[2015.11.27-12.14.35:862][  3]LogCollectionManager: Fixed up redirectors for 0 collections in 0.000025 seconds (updated 0 objects)
[2015.11.27-12.14.42:857][215]Recompiling SpaceGame...
[2015.11.27-12.14.42:857][215]Launching UnrealBuildTool... [C:/Program Files/Epic Games/4.9/Engine/Binaries/DotNET/UnrealBuildTool.exe SpaceGame -ModuleWithSuffix SpaceGame 5922 Win64 Development -editorrecompile -canskiplink "C:/Users/Spellabbet/Documents/Unreal Projects/SpaceGame/Project/SpaceGame/SpaceGame.uproject" -rocket  -rocket]
[2015.11.27-12.14.42:858][215]Warning: Starting HotReload took  0.0s.
[2015.11.27-12.14.45:319][486]LogAIModule: Creating AISystem for world Untitled
[2015.11.27-12.14.45:343][486]Cmd: MAP LOAD FILE="../../../../../../Users/Spellabbet/Documents/Unreal Projects/SpaceGame/Project/SpaceGame/Content/Maps/Untitled.umap" TEMPLATE=0 SHOWPROGRESS=1 FEATURELEVEL=3
[2015.11.27-12.14.45:343][486]LightingResults: New page: Lighting Build
[2015.11.27-12.14.45:358][486]LoadErrors: New page: Loading map: Untitled.umap
[2015.11.27-12.14.45:359][486]MapCheck: New page: Map Check
[2015.11.27-12.14.45:359][486]LightingResults: New page: Lighting Build
[2015.11.27-12.14.45:369][486]LogParticles: Destroying 0 GPU particle simulations for FXSystem 0x00000003558F65C0
[2015.11.27-12.14.45:405][486]LogEditorServer: Finished looking for orphan Actors (0.000 secs)
[2015.11.27-12.14.45:434][486]Cmd: MAP CHECKDEP NOCLEARLOG
[2015.11.27-12.14.45:466][486]MapCheck: Info Map check complete: 0 Error(s), 0 Warning(s), took 32.102ms to complete.
[2015.11.27-12.14.45:466][486]LogFileHelpers: Loading map 'Untitled' took 0.124
[2015.11.27-12.14.54:280][537]CompilerResultsLog: New page: Compilation - Nov 27, 2015, 2:14:54 PM
[2015.11.27-12.14.54:280][537]CompilerResultsLog: Info Compiling game modules for hot reload
[2015.11.27-12.14.54:280][537]CompilerResultsLog: Info Parsing headers for SpaceGameEditor
[2015.11.27-12.14.54:280][537]CompilerResultsLog: Info   Running UnrealHeaderTool "C:/Users/Spellabbet/Documents/Unreal Projects/SpaceGame/Project/SpaceGame/SpaceGame.uproject" "C:\Users\Spellabbet\Documents\Unreal Projects\SpaceGame\Project\SpaceGame\Intermediate\Build\Win64\SpaceGameEditor\Development\UnrealHeaderTool.manifest" -LogCmds="loginit warning, logexit warning, logdatabase error" -rocket -installed
[2015.11.27-12.14.54:280][537]CompilerResultsLog: Info Reflection code generated for SpaceGameEditor in 7,5825989 seconds
[2015.11.27-12.14.54:281][537]CompilerResultsLog: Info Performing 7 actions (4 in parallel)
[2015.11.27-12.14.54:281][537]CompilerResultsLog: Info Combat.cpp
[2015.11.27-12.14.54:281][537]CompilerResultsLog: Info MousePawn.cpp
[2015.11.27-12.14.54:281][537]CompilerResultsLog: Info Fleet.cpp
[2015.11.27-12.14.54:281][537]CompilerResultsLog: Info Link.cpp
[2015.11.27-12.14.54:281][537]CompilerResultsLog: Info SpaceGame.generated.cpp
[2015.11.27-12.14.54:281][537]CompilerResultsLog: Info Star.cpp
[2015.11.27-12.14.54:281][537]CompilerResultsLog: Info [7/7] Link UE4Editor-SpaceGame-5922.dll
[2015.11.27-12.14.54:281][537]CompilerResultsLog: Info    Creating library C:\Users\Spellabbet\Documents\Unreal Projects\SpaceGame\Project\SpaceGame\Intermediate/Build/Win64\UE4Editor\Development\UE4Editor-SpaceGame-5922.lib and object C:\Users\Spellabbet\Documents\Unreal Projects\SpaceGame\Project\SpaceGame\Intermediate/Build/Win64\UE4Editor\Development\UE4Editor-SpaceGame-5922.exp
[2015.11.27-12.14.54:281][537]CompilerResultsLog: Info -------- End Detailed Actions Stats -----------------------------------------------------------
[2015.11.27-12.14.54:281][537]CompilerResultsLog: Info Total build time: 11,39 seconds
[2015.11.27-12.14.54:281][537]LogMainFrame: MainFrame: Module compiling took 11.426 seconds
[2015.11.27-12.14.54:378][537]LogClass: Could not find existing class Fleet in package /Script/SpaceGame for HotReload, assuming new class
[2015.11.27-12.14.54:378][537]LogClass: Function OnBeginOverlap is new.
[2015.11.27-12.14.54:378][537]LogClass: Function OnEndOverlap is new.
[2015.11.27-12.14.54:384][537]LogClass: FleetState HotReload.
[2015.11.27-12.14.54:384][537]LogClass: OwnedBy HotReload.
[2015.11.27-12.14.54:385][537]LogHotReload: Re-instancing Fleet after hot-reload.
[2015.11.27-12.14.54:404][537]LogContentBrowser: Native class hierarchy updated for 'SpaceGame' in 0.0009 seconds. Added 8 classes and 2 folders.
[2015.11.27-12.14.54:405][537]Warning: HotReload successful (5 functions remapped  0 scriptstructs remapped)
[2015.11.27-12.14.54:460][537]LogContentBrowser: Native class hierarchy populated in 0.0072 seconds. Added 1876 classes and 337 folders.
[2015.11.27-12.14.57:119][854]LogBlueprintUserMessages: Early PlayInEditor Detection: Level '/Game/Maps/Untitled.Untitled:PersistentLevel' has LevelScriptBlueprint '/Game/Maps/Untitled.Untitled:PersistentLevel.Untitled' with GeneratedClass '/Game/Maps/Untitled.Untitled_C' with ClassGeneratedBy '/Game/Maps/Untitled.Untitled:PersistentLevel.Untitled'
[2015.11.27-12.14.57:119][854]LogPlayLevel: PlayLevel: No blueprints needed recompiling
[2015.11.27-12.14.57:119][854]PIE: New page: PIE session: Untitled (Nov 27, 2015, 2:14:57 PM)
[2015.11.27-12.14.57:119][854]LogPlayLevel: Creating play world package: /Game/Maps/UEDPIE_0_Untitled
[2015.11.27-12.14.57:123][854]LogPlayLevel: PIE: StaticDuplicateObject took: (0.003930s)
[2015.11.27-12.14.57:124][854]LogAIModule: Creating AISystem for world Untitled
[2015.11.27-12.14.57:124][854]LogPlayLevel: PIE: World Init took: (0.001008s)
[2015.11.27-12.14.57:124][854]LogPlayLevel: PIE: Created PIE world by copying editor world from /Game/Maps/Untitled.Untitled to /Game/Maps/UEDPIE_0_Untitled.Untitled (0.005239s)
[2015.11.27-12.14.57:141][854]LogInit: XAudio2 using 'Speakers (4- High Definition Audio Device)' : 2 channels at 44.1 kHz using 16 bits per sample (channel mask 0x3)
[2015.11.27-12.14.57:146][854]LogInit: FAudioDevice initialized.
[2015.11.27-12.14.57:223][854]LogWorld: Game class is 'GameModeBP_C'
[2015.11.27-12.14.57:226][854]LogWorld: Bringing World /Game/Maps/UEDPIE_0_Untitled.Untitled up for play (max tick rate 0) at 2015.11.27-13.14.57
[2015.11.27-12.14.57:226][854]LogActor:Warning: GameSession /Game/Maps/UEDPIE_0_Untitled.Untitled:PersistentLevel.GameSession_0 has natively added scene component(s), but none of them were set as the actor's RootComponent - picking one arbitrarily
[2015.11.27-12.14.57:226][854]LogActor:Warning: GameNetworkManager /Game/Maps/UEDPIE_0_Untitled.Untitled:PersistentLevel.GameNetworkManager_0 has natively added scene component(s), but none of them were set as the actor's RootComponent - picking one arbitrarily
[2015.11.27-12.14.57:226][854]LogWorld: Bringing up level for play took: 0.001709
[2015.11.27-12.14.57:227][854]PIE: Info Play in editor start time for /Game/Maps/UEDPIE_0_Untitled -0.743
[2015.11.27-12.14.57:227][854]LogBlueprintUserMessages: Late PlayInEditor Detection: Level '/Game/Maps/Untitled.Untitled:PersistentLevel' has LevelScriptBlueprint '/Game/Maps/Untitled.Untitled:PersistentLevel.Untitled' with GeneratedClass '/Game/Maps/Untitled.Untitled_C' with ClassGeneratedBy '/Game/Maps/Untitled.Untitled:PersistentLevel.Untitled'
[2015.11.27-12.14.58:612][  1]LogCrashTracker: 


[2015.11.27-12.14.58:612][  1]LogCrashTracker: 


[2015.11.27-12.14.58:612][  1]LogWindows: === Critical error: ===
Fatal error!



[2015.11.27-12.14.58:713][  1]LogExit: Executing StaticShutdownAfterError
[2015.11.27-12.14.58:714][  1]LogOutputDevice:Warning: 

Script Stack:
MouseControllerBP_C.ExecuteUbergraph_MouseControllerBP
MouseControllerBP_C.InpActEvt_RightMouseButton_K2Node_InputKeyEvent_3

[2015.11.27-12.14.58:715][  1]LogPhysics:Warning: PHYSX: ..\..\PhysX\src\NpScene.cpp (2946) 8 : PxScene::unlockWrite() called without matching call to PxScene::lockWrite(), behaviour will be undefined.
[2015.11.27-12.14.58:716][  1]LogPhysics:Warning: PHYSX: ..\..\PhysX\src\NpScene.cpp (2946) 8 : PxScene::unlockWrite() called without matching call to PxScene::lockWrite(), behaviour will be undefined.
[2015.11.27-12.14.58:716][  1]LogPhysics:Warning: PHYSX: ..\..\PhysX\src\NpScene.cpp (2946) 8 : PxScene::unlockWrite() called without matching call to PxScene::lockWrite(), behaviour will be undefined.
[2015.11.27-12.14.58:716][  1]LogPhysics:Warning: PHYSX: ..\..\PhysX\src\NpScene.cpp (2946) 8 : PxScene::unlockWrite() called without matching call to PxScene::lockWrite(), behaviour will be undefined.
[2015.11.27-12.14.58:716][  1]LogWindows: FPlatformMisc::RequestExit(1)
[2015.11.27-12.14.58:716][  1]Log file closed, 11/27/15 13:14:58
