[2015.11.27-10.19.29:524][  0]Log file open, 11/27/15 11:19:29
[2015.11.27-10.19.29:524][  0]LogInit:Display: Running engine for game: SpaceGame
[2015.11.27-10.19.29:524][  0]LogInit:Display: RandInit(537086931) SRandInit(537086931).
[2015.11.27-10.19.29:524][  0]LogTaskGraph: Started task graph with 4 named threads and 7 total threads.
[2015.11.27-10.19.29:524][  0]LogStats: Stats thread started at 0.066610
[2015.11.27-10.19.29:524][  0]LogInit: Version: 4.9.2-2707645+++depot+UE4-Releases+4.9
[2015.11.27-10.19.29:524][  0]LogInit: API Version: 2672455
[2015.11.27-10.19.29:524][  0]LogInit: Compiled (64-bit): Sep 28 2015 10:25:44
[2015.11.27-10.19.29:524][  0]LogInit: Compiled with Visual C++: 18.00.21005.01
[2015.11.27-10.19.29:524][  0]LogInit: Build Configuration: Development
[2015.11.27-10.19.29:524][  0]LogInit: Branch Name: ++depot+UE4-Releases+4.9
[2015.11.27-10.19.29:524][  0]LogInit: Command line:  
[2015.11.27-10.19.29:524][  0]LogInit: Base directory: C:/Program Files/Epic Games/4.9/Engine/Binaries/Win64/
[2015.11.27-10.19.29:524][  0]LogInit: Rocket: 1
[2015.11.27-10.19.29:530][  0]LogInit: Using libcurl 7.41.0
[2015.11.27-10.19.29:530][  0]LogInit:  - built for x86_64-pc-win32
[2015.11.27-10.19.29:530][  0]LogInit:  - supports SSL with WinSSL
[2015.11.27-10.19.29:530][  0]LogInit:  - other features:
[2015.11.27-10.19.29:530][  0]LogInit:      CURL_VERSION_SSL
[2015.11.27-10.19.29:530][  0]LogInit:      CURL_VERSION_IPV6
[2015.11.27-10.19.29:530][  0]LogInit:      CURL_VERSION_ASYNCHDNS
[2015.11.27-10.19.29:530][  0]LogInit:      CURL_VERSION_LARGEFILE
[2015.11.27-10.19.29:530][  0]LogInit:      CURL_VERSION_IDN
[2015.11.27-10.19.29:530][  0]LogInit:  CurlRequestOptions (configurable via config and command line):
[2015.11.27-10.19.29:530][  0]LogInit:  - bVerifyPeer = true  - Libcurl will verify peer certificate
[2015.11.27-10.19.29:530][  0]LogInit:  - bUseHttpProxy = false  - Libcurl will NOT use HTTP proxy
[2015.11.27-10.19.29:530][  0]LogInit:  - bDontReuseConnections = false  - Libcurl will reuse connections
[2015.11.27-10.19.29:530][  0]LogInit:  - CertBundlePath = nullptr  - Libcurl will use whatever was configured at build time.
[2015.11.27-10.19.29:535][  0]LogInit: Presizing for 0 objects not considered by GC, pre-allocating 0 bytes.
[2015.11.27-10.19.29:541][  0]LogInit: Object subsystem initialized
[2015.11.27-10.19.29:542][  0]LogInit: Selected Device Profile: [Windows]
[2015.11.27-10.19.29:542][  0]LogInit: Applying CVar settings loaded from the selected device profile: [Windows]
[2015.11.27-10.19.29:548][  0]LogInit: Computer: SpellabbA332-04
[2015.11.27-10.19.29:548][  0]LogInit: User: Spellabbet
[2015.11.27-10.19.29:548][  0]LogInit: CPU Page size=4096, Cores=4
[2015.11.27-10.19.29:548][  0]LogInit: High frequency timer resolution =3.507520 MHz
[2015.11.27-10.19.29:548][  0]LogMemory: Memory total: Physical=15.9GB (16GB approx)
[2015.11.27-10.19.29:548][  0]LogMemory: Platform Memory Stats for Windows
[2015.11.27-10.19.29:548][  0]LogMemory: Process Physical Memory: 52.07 MB used, 52.07 MB peak
[2015.11.27-10.19.29:548][  0]LogMemory: Process Virtual Memory: 55.05 MB used, 55.05 MB peak
[2015.11.27-10.19.29:548][  0]LogMemory: Physical Memory: 4642.84 MB used, 16318.82 MB total
[2015.11.27-10.19.29:548][  0]LogMemory: Virtual Memory: 347.38 MB used, 134217728.00 MB total
[2015.11.27-10.19.29:576][  0]LogTextLocalizationManager: No translations for ('sv-SE') exist, falling back to 'en' for localization and internationalization data.
[2015.11.27-10.19.30:185][  0]LogD3D11RHI: Found D3D11 adapter 0: NVIDIA GeForce GTX 960 (Feature Level 11_0)
[2015.11.27-10.19.30:185][  0]LogD3D11RHI: Adapter has 1965MB of dedicated video memory, 0MB of dedicated system memory, and 2048MB of shared system memory, 1 output[s]
[2015.11.27-10.19.30:185][  0]LogD3D11RHI: Found D3D11 adapter 1: Microsoft Basic Render Driver (Feature Level 11_0)
[2015.11.27-10.19.30:185][  0]LogD3D11RHI: Adapter has 0MB of dedicated video memory, 0MB of dedicated system memory, and 256MB of shared system memory, 0 output[s]
[2015.11.27-10.19.30:186][  0]LogD3D11RHI: Chosen D3D11 Adapter Id = 0
[2015.11.27-10.19.30:188][  0]LogD3D11RHI: !Direct3DDevice
[2015.11.27-10.19.30:188][  0]LogRHI: Texture pool is 1361 MB (70% of 1945 MB)
[2015.11.27-10.19.30:197][  0]LogD3D11RHI: Async texture creation enabled
[2015.11.27-10.19.30:211][  0]LogShaderCompilers: Guid format shader working directory is 15 characters bigger than the processId version (../../../../../../Users/Spellabbet/Documents/GitHub/SpaceGame/Project/SpaceGame/Intermediate/Shaders/WorkingDirectory/3036/).
[2015.11.27-10.19.30:212][  0]LogShaderCompilers: Cleaned the shader compiler working directory '../../../../../../Users/Spellabbet/Documents/GitHub/SpaceGame/Project/SpaceGame/Intermediate/Shaders/tmp/DE2BA095415C99CBD9D451883962E04A/'.
[2015.11.27-10.19.30:212][  0]LogShaderCompilers:Display: Using Local Shader Compiler.
[2015.11.27-10.19.31:079][  0]LogTemp:Display: Loaded TP AllDesktopTargetPlatform
[2015.11.27-10.19.31:083][  0]LogTemp:Display: Loaded TP WindowsClientTargetPlatform
[2015.11.27-10.19.31:088][  0]LogTemp:Display: Loaded TP WindowsNoEditorTargetPlatform
[2015.11.27-10.19.31:092][  0]LogTemp:Display: Loaded TP WindowsServerTargetPlatform
[2015.11.27-10.19.31:096][  0]LogTemp:Display: Loaded TP WindowsTargetPlatform
[2015.11.27-10.19.31:099][  0]LogTemp:Display: Loaded TP AndroidTargetPlatform
[2015.11.27-10.19.31:102][  0]LogTemp:Display: Loaded TP Android_ASTCTargetPlatform
[2015.11.27-10.19.31:104][  0]LogTemp:Display: Loaded TP Android_ATCTargetPlatform
[2015.11.27-10.19.31:107][  0]LogTemp:Display: Loaded TP Android_DXTTargetPlatform
[2015.11.27-10.19.31:109][  0]LogTemp:Display: Loaded TP Android_ETC1TargetPlatform
[2015.11.27-10.19.31:112][  0]LogTemp:Display: Loaded TP Android_ETC2TargetPlatform
[2015.11.27-10.19.31:115][  0]LogTemp:Display: Loaded TP Android_PVRTCTargetPlatform
[2015.11.27-10.19.31:115][  0]LogTemp:Display: Loaded TP HTML5TargetPlatform
[2015.11.27-10.19.31:131][  0]LogTemp:Display: Loaded TP IOSTargetPlatform
[2015.11.27-10.19.31:133][  0]LogTemp:Display: Loaded TP LinuxNoEditorTargetPlatform
[2015.11.27-10.19.31:136][  0]LogTemp:Display: Loaded TP LinuxServerTargetPlatform
[2015.11.27-10.19.31:139][  0]LogTemp:Display: Loaded TP LinuxTargetPlatform
[2015.11.27-10.19.31:139][  0]LogTargetPlatformManager:Display: Building Assets For Windows
[2015.11.27-10.19.31:230][  0]LogDerivedDataCache:Display: Max Cache Size: 512 MB
[2015.11.27-10.19.31:268][  0]LogDerivedDataCache: Loaded boot cache 0.04s 41MB C:/Users/Spellabbet/AppData/Local/UnrealEngine/4.9/DerivedDataCache/Boot.ddc.
[2015.11.27-10.19.31:268][  0]LogDerivedDataCache:Display: Loaded Boot cache: C:/Users/Spellabbet/AppData/Local/UnrealEngine/4.9/DerivedDataCache/Boot.ddc
[2015.11.27-10.19.31:268][  0]LogDerivedDataCache: FDerivedDataBackendGraph:  Pak pak cache file ../../../../../../Users/Spellabbet/Documents/GitHub/SpaceGame/Project/SpaceGame/DerivedDataCache/DDC.ddp not found, will not use a pak cache.
[2015.11.27-10.19.31:268][  0]LogDerivedDataCache: Unable to find inner node Pak for hierarchical cache Hierarchy.
[2015.11.27-10.19.31:268][  0]LogDerivedDataCache: FDerivedDataBackendGraph:  CompressedPak pak cache file ../../../../../../Users/Spellabbet/Documents/GitHub/SpaceGame/Project/SpaceGame/DerivedDataCache/Compressed.ddp not found, will not use a pak cache.
[2015.11.27-10.19.31:268][  0]LogDerivedDataCache: Unable to find inner node CompressedPak for hierarchical cache Hierarchy.
[2015.11.27-10.19.31:376][  0]LogDerivedDataCache:Display: Pak cache opened for reading ../../../Engine/DerivedDataCache/Compressed.ddp.
[2015.11.27-10.19.31:388][  0]LogDerivedDataCache: Using Local data cache path C:/Users/Spellabbet/AppData/Local/UnrealEngine/Common/DerivedDataCache: Writable
[2015.11.27-10.19.31:532][  0]LogInit: Selected Device Profile: [Windows]
[2015.11.27-10.19.31:534][  0]LogContentStreaming: Texture pool size is 0.000000MB
[2015.11.27-10.19.31:636][  0]LogMeshUtilities: No automatic mesh reduction module available
[2015.11.27-10.19.31:636][  0]LogMeshUtilities: No automatic mesh merging module available
[2015.11.27-10.19.31:824][  0]LogInit: WinSock: version 1.1 (2.2), MaxSocks=32767, MaxUdp=65467
[2015.11.27-10.19.32:380][  0]UdpMessaging: Initializing bridge on interface 0.0.0.0:0 to multicast group 230.0.0.1:6666.
[2015.11.27-10.19.32:498][  0]LogAssetRegistry: FAssetRegistry took 0.0109 seconds to start up
[2015.11.27-10.19.32:650][  0]SourceControl: Info Source control is disabled
[2015.11.27-10.19.32:651][  0]SourceControl: Info Source control is disabled
[2015.11.27-10.19.32:665][  0]SourceControl: Info Source control is disabled
[2015.11.27-10.19.32:680][  0]SourceControl: Info Source control is disabled
[2015.11.27-10.19.32:868][  0]LogLinker:Warning: Asset '../../../Engine/Plugins/Runtime/LeapMotionController/Content/LM_PassthroughMaterial.uasset' has been saved with empty engine version. The asset will be loaded but may be incompatible.
[2015.11.27-10.19.32:967][  0]LogObj: 28428 objects as part of root set at end of initial load.
[2015.11.27-10.19.32:967][  0]LogUObjectAllocator: 6064712 out of 0 bytes used by permanent object pool.
[2015.11.27-10.19.33:011][  0]LogEngine: Initializing Engine...
[2015.11.27-10.19.33:013][  0]LogHMD: Can't find Oculus library dev build: is proper Runtime installed? Version: 0.7.0.0
[2015.11.27-10.19.33:013][  0]LogHMD: SteamVR failed to initialize.  Err: 110
[2015.11.27-10.19.33:103][  0]LogAIModule: Creating AISystem for world NewWorld
[2015.11.27-10.19.33:107][  0]LogInit: XAudio2 using 'Speakers (4- High Definition Audio Device)' : 2 channels at 44.1 kHz using 16 bits per sample (channel mask 0x3)
[2015.11.27-10.19.33:117][  0]LogInit: FAudioDevice initialized.
[2015.11.27-10.19.33:133][  0]LogDerivedDataCache: Saved boot cache 0.02s 41MB C:/Users/Spellabbet/AppData/Local/UnrealEngine/4.9/DerivedDataCache/Boot.ddc.
[2015.11.27-10.19.33:137][  0]LogInit: Texture streaming: Enabled
[2015.11.27-10.19.33:141][  0]LogAnalytics: Creating configured Analytics provider AnalyticsET
[2015.11.27-10.19.33:141][  0]LogAnalytics: [UEEditor.Rocket.Release] APIServer = http://et2.epicgames.com/ET2/. AppVersion = 4.9.2-2707645+++depot+UE4-Releases+4.9
[2015.11.27-10.19.33:141][  0]LogAnalytics: [UEEditor.Rocket.Release] SetUserId a56f99ce4ac584e8e6d851994b9dafce|4486cc34acf54390b5f34fc38c8b6486|060e5e79-a789-49c4-8abd-5d8b330400a7
[2015.11.27-10.19.33:141][  0]LogAnalytics: [UEEditor.Rocket.Release] AnalyticsET::StartSession
[2015.11.27-10.19.33:156][  0]LogInit: Transaction tracking system initialized
[2015.11.27-10.19.33:176][  0]BlueprintLog: New page: Editor Load
[2015.11.27-10.19.33:231][  0]LocalizationService: Info Localization service is disabled
[2015.11.27-10.19.33:299][  0]LogConsoleResponse:Display: 
[2015.11.27-10.19.33:383][  0]LogCook:Display: Done creating registry. It took  0.00s.
[2015.11.27-10.19.33:440][  0]LogFileCache: Scanning file cache for directory 'C:/Users/Spellabbet/Documents/GitHub/SpaceGame/Project/SpaceGame/Content/' took 0.01s
[2015.11.27-10.19.33:440][  0]SourceControl: Info Source control is disabled
[2015.11.27-10.19.33:440][  0]Cmd: MAP LOAD FILE="../../../Engine/Content/Maps/Templates/Template_Default.umap" TEMPLATE=1 SHOWPROGRESS=1 FEATURELEVEL=3
[2015.11.27-10.19.33:441][  0]LightingResults: New page: Lighting Build
[2015.11.27-10.19.33:443][  0]MapCheck: New page: Map Check
[2015.11.27-10.19.33:443][  0]LightingResults: New page: Lighting Build
[2015.11.27-10.19.33:453][  0]LogParticles: Destroying 0 GPU particle simulations for FXSystem 0x000000AFECD5A160
[2015.11.27-10.19.33:641][  0]LogAIModule: Creating AISystem for world Untitled_1
[2015.11.27-10.19.33:645][  0]LogEditorServer: Finished looking for orphan Actors (0.000 secs)
[2015.11.27-10.19.33:648][  0]Cmd: MAP CHECKDEP NOCLEARLOG
[2015.11.27-10.19.33:687][  0]MapCheck: Info Map check complete: 0 Error(s), 0 Warning(s), took 38.281ms to complete.
[2015.11.27-10.19.33:687][  0]LogFileHelpers: Loading map 'Template_Default' took 0.247
[2015.11.27-10.19.33:775][  0]LogCollectionManager: Loaded 0 collections in 0.001857 seconds
[2015.11.27-10.19.33:819][  0]LogFileCache: Scanning file cache for directory 'C:/Users/Spellabbet/Documents/GitHub/SpaceGame/Project/SpaceGame/Saved/Collections/' took 0.01s
[2015.11.27-10.19.33:819][  0]LogFileCache: Scanning file cache for directory 'C:/Users/Spellabbet/Documents/GitHub/SpaceGame/Project/SpaceGame/Content/Developers/Spellabbet/Collections/' took 0.01s
[2015.11.27-10.19.33:819][  0]LogFileCache: Scanning file cache for directory 'C:/Users/Spellabbet/Documents/GitHub/SpaceGame/Project/SpaceGame/Content/Collections/' took 0.01s
[2015.11.27-10.19.33:819][  0]LogContentBrowser: Native class hierarchy populated in 0.0107 seconds. Added 1874 classes and 335 folders.
[2015.11.27-10.19.33:825][  0]LogCollectionManager: Rebuilt the GUID cache for 0 collections in 0.000003 seconds
[2015.11.27-10.19.33:834][  0]LogContentBrowser: Native class hierarchy updated for 'WidgetCarousel' in 0.0008 seconds. Added 0 classes and 0 folders.
[2015.11.27-10.19.33:866][  0]LogContentBrowser: Native class hierarchy updated for 'AddContentDialog' in 0.0008 seconds. Added 0 classes and 0 folders.
[2015.11.27-10.19.33:873][  0]LogContentBrowser: Native class hierarchy updated for 'SceneOutliner' in 0.0008 seconds. Added 1 classes and 2 folders.
[2015.11.27-10.19.33:892][  0]LogCrashTracker: Crashtracker disabled due to settings.
[2015.11.27-10.19.33:896][  0]LogUObjectGlobals:Warning: Failed to find object 'Class None.'
[2015.11.27-10.19.33:918][  0]LogLoad: Full Startup: 5.34 seconds (BP compile: 0.03 seconds)
[2015.11.27-10.19.34:304][  0]LogContentStreaming: Texture pool size now 1000 MB
[2015.11.27-10.19.34:417][  0]LogRenderer: Reallocating scene render targets to support 1208x576 (Frame:2).
[2015.11.27-10.19.34:934][  2]LogAssetRegistry: Asset discovery search completed in 2.4472 seconds
[2015.11.27-10.19.34:934][  2]LogCollectionManager: Rebuilt the object cache for 0 collections in 0.000001 seconds (found 0 objects)
[2015.11.27-10.19.34:934][  2]LogCollectionManager: Fixed up redirectors for 0 collections in 0.000026 seconds (updated 0 objects)
[2015.11.27-10.20.15:372][717]LogPlayLevel: PlayLevel: No blueprints needed recompiling
[2015.11.27-10.20.15:372][717]PIE: New page: PIE session: Untitled_1 (Nov 27, 2015, 12:20:15 PM)
[2015.11.27-10.20.15:372][717]LogPlayLevel: Creating play world package: /Temp/UEDPIE_0_Untitled_1
[2015.11.27-10.20.15:374][717]LogPlayLevel: PIE: StaticDuplicateObject took: (0.001888s)
[2015.11.27-10.20.15:375][717]LogAIModule: Creating AISystem for world Untitled_1
[2015.11.27-10.20.15:375][717]LogPlayLevel: PIE: World Init took: (0.000848s)
[2015.11.27-10.20.15:375][717]LogPlayLevel: PIE: Created PIE world by copying editor world from /Temp/Untitled_1.Untitled_1 to /Temp/UEDPIE_0_Untitled_1.Untitled_1 (0.002999s)
[2015.11.27-10.20.15:393][717]LogInit: XAudio2 using 'Speakers (4- High Definition Audio Device)' : 2 channels at 44.1 kHz using 16 bits per sample (channel mask 0x3)
[2015.11.27-10.20.15:398][717]LogInit: FAudioDevice initialized.
[2015.11.27-10.20.15:446][717]LogWorld: Game class is 'GameMode'
[2015.11.27-10.20.15:448][717]LogWorld: Bringing World /Temp/UEDPIE_0_Untitled_1.Untitled_1 up for play (max tick rate 0) at 2015.11.27-11.20.15
[2015.11.27-10.20.15:448][717]LogActor:Warning: GameSession /Temp/UEDPIE_0_Untitled_1.Untitled_1:PersistentLevel.GameSession_0 has natively added scene component(s), but none of them were set as the actor's RootComponent - picking one arbitrarily
[2015.11.27-10.20.15:448][717]LogActor:Warning: GameNetworkManager /Temp/UEDPIE_0_Untitled_1.Untitled_1:PersistentLevel.GameNetworkManager_0 has natively added scene component(s), but none of them were set as the actor's RootComponent - picking one arbitrarily
[2015.11.27-10.20.15:448][717]LogWorld: Bringing up level for play took: 0.001344
[2015.11.27-10.20.15:450][717]PIE: Info Play in editor start time for /Temp/UEDPIE_0_Untitled_1 -0.52
[2015.11.27-10.20.16:789][872]LogParticles: Destroying 0 GPU particle simulations for FXSystem 0x000000AFF9240CC0
[2015.11.27-10.20.17:839][998]LogEditorViewport: Clicking on Actor (LMB): StaticMeshActor (Floor)
[2015.11.27-10.20.18:554][ 79]Cmd: DELETE
[2015.11.27-10.20.18:554][ 79]Cmd: ACTOR DELETE
[2015.11.27-10.20.18:555][ 79]LogEditorActor: Deleted Actor: StaticMeshActor
[2015.11.27-10.20.18:564][ 79]LogEditorActor: Deleted 1 Actors (0.010 secs)
[2015.11.27-10.20.20:025][254]LogEditor: Attempting to add actor of class 'Star' to level at 650.00,-270.00,-190.00
[2015.11.27-10.20.20:828][347]LogEditor: Attempting to add actor of class 'Star' to level at 670.00,-370.00,140.00
[2015.11.27-10.20.22:140][500]Cmd: DELETE
[2015.11.27-10.20.22:140][500]Cmd: ACTOR DELETE
[2015.11.27-10.20.22:141][500]LogEditorActor: Deleted Actor: Star
[2015.11.27-10.20.22:150][500]LogEditorActor: Deleted 1 Actors (0.009 secs)
[2015.11.27-10.20.42:836][866]LogPlayLevel: PlayLevel: No blueprints needed recompiling
[2015.11.27-10.20.42:836][866]PIE: New page: PIE session: Untitled_1 (Nov 27, 2015, 12:20:42 PM)
[2015.11.27-10.20.42:836][866]LogPlayLevel: Creating play world package: /Temp/UEDPIE_0_Untitled_1
[2015.11.27-10.20.42:838][866]LogPlayLevel: PIE: StaticDuplicateObject took: (0.001689s)
[2015.11.27-10.20.42:838][866]LogAIModule: Creating AISystem for world Untitled_1
[2015.11.27-10.20.42:838][866]LogPlayLevel: PIE: World Init took: (0.000685s)
[2015.11.27-10.20.42:839][866]LogPlayLevel: PIE: Created PIE world by copying editor world from /Temp/Untitled_1.Untitled_1 to /Temp/UEDPIE_0_Untitled_1.Untitled_1 (0.002616s)
[2015.11.27-10.20.42:852][866]LogInit: XAudio2 using 'Speakers (4- High Definition Audio Device)' : 2 channels at 44.1 kHz using 16 bits per sample (channel mask 0x3)
[2015.11.27-10.20.42:856][866]LogInit: FAudioDevice initialized.
[2015.11.27-10.20.42:887][866]LogWorld: Game class is 'GameMode'
[2015.11.27-10.20.42:890][866]LogWorld: Bringing World /Temp/UEDPIE_0_Untitled_1.Untitled_1 up for play (max tick rate 0) at 2015.11.27-11.20.42
[2015.11.27-10.20.42:890][866]LogActor:Warning: GameSession /Temp/UEDPIE_0_Untitled_1.Untitled_1:PersistentLevel.GameSession_1 has natively added scene component(s), but none of them were set as the actor's RootComponent - picking one arbitrarily
[2015.11.27-10.20.42:890][866]LogActor:Warning: GameNetworkManager /Temp/UEDPIE_0_Untitled_1.Untitled_1:PersistentLevel.GameNetworkManager_1 has natively added scene component(s), but none of them were set as the actor's RootComponent - picking one arbitrarily
[2015.11.27-10.20.42:890][866]LogWorld: Bringing up level for play took: 0.002312
[2015.11.27-10.20.42:892][866]PIE: Info Play in editor start time for /Temp/UEDPIE_0_Untitled_1 0.922
[2015.11.27-10.20.44:363][ 35]LogParticles: Destroying 0 GPU particle simulations for FXSystem 0x000000AF93FC8360
[2015.11.27-10.20.45:039][115]LogEditorViewport: Clicking on Actor (LMB): FleetBP_C (FleetBP)
[2015.11.27-10.20.51:977][940]LogEditor: Attempting to add actor of class 'Ship' to level at 640.00,-300.00,-190.00
[2015.11.27-10.20.52:116][956]LogEditor: Attempting to add actor of class 'Ship' to level at 700.00,-250.00,-90.00
[2015.11.27-10.22.26:997][322]LogEditorViewport: Clicking on Actor (LMB): BP_Sky_Sphere_C (Sky Sphere)
[2015.11.27-10.22.30:131][694]Recompiling SpaceGame...
[2015.11.27-10.22.30:134][694]Launching UnrealBuildTool... [C:/Program Files/Epic Games/4.9/Engine/Binaries/DotNET/UnrealBuildTool.exe SpaceGame -ModuleWithSuffix SpaceGame 8061 Win64 Development -editorrecompile -canskiplink "C:/Users/Spellabbet/Documents/GitHub/SpaceGame/Project/SpaceGame/SpaceGame.uproject" -rocket  -rocket]
[2015.11.27-10.22.30:135][694]Warning: Starting HotReload took  0.0s.
[2015.11.27-10.22.33:445][ 72]CompilerResultsLog: New page: Compilation - Nov 27, 2015, 12:22:33 PM
[2015.11.27-10.22.33:445][ 72]CompilerResultsLog: Info Compiling game modules for hot reload
[2015.11.27-10.22.33:446][ 72]CompilerResultsLog: Info Performing 2 actions (4 in parallel)
[2015.11.27-10.22.33:446][ 72]CompilerResultsLog: Info Star.cpp
[2015.11.27-10.22.33:446][ 72]CompilerResultsLog: Info [2/2] Link UE4Editor-SpaceGame-8061.dll
[2015.11.27-10.22.33:446][ 72]CompilerResultsLog: Info    Creating library C:\Users\Spellabbet\Documents\GitHub\SpaceGame\Project\SpaceGame\Intermediate/Build/Win64\UE4Editor\Development\UE4Editor-SpaceGame-8061.lib and object C:\Users\Spellabbet\Documents\GitHub\SpaceGame\Project\SpaceGame\Intermediate/Build/Win64\UE4Editor\Development\UE4Editor-SpaceGame-8061.exp
[2015.11.27-10.22.33:446][ 72]CompilerResultsLog: Info -------- End Detailed Actions Stats -----------------------------------------------------------
[2015.11.27-10.22.33:446][ 72]CompilerResultsLog: Info Total build time: 3,28 seconds
[2015.11.27-10.22.33:446][ 72]LogMainFrame: MainFrame: Module compiling took 3.318 seconds
[2015.11.27-10.22.33:479][ 72]LogClass: OwnedBy HotReload.
[2015.11.27-10.22.33:481][ 72]LogContentBrowser: Native class hierarchy updated for 'SpaceGame' in 0.0009 seconds. Added 7 classes and 2 folders.
[2015.11.27-10.22.33:482][ 72]Warning: HotReload successful (4 functions remapped  0 scriptstructs remapped)
[2015.11.27-10.22.33:540][ 72]LogContentBrowser: Native class hierarchy populated in 0.0066 seconds. Added 1875 classes and 337 folders.
[2015.11.27-10.22.35:760][338]LogEditorViewport: Clicking on Actor (LMB): FleetBP_C (FleetBP)
[2015.11.27-10.22.38:403][647]LogPlayLevel: PlayLevel: No blueprints needed recompiling
[2015.11.27-10.22.38:403][647]PIE: New page: PIE session: Untitled_1 (Nov 27, 2015, 12:22:38 PM)
[2015.11.27-10.22.38:403][647]LogPlayLevel: Creating play world package: /Temp/UEDPIE_0_Untitled_1
[2015.11.27-10.22.38:405][647]LogPlayLevel: PIE: StaticDuplicateObject took: (0.001776s)
[2015.11.27-10.22.38:406][647]LogAIModule: Creating AISystem for world Untitled_1
[2015.11.27-10.22.38:406][647]LogPlayLevel: PIE: World Init took: (0.000654s)
[2015.11.27-10.22.38:406][647]LogPlayLevel: PIE: Created PIE world by copying editor world from /Temp/Untitled_1.Untitled_1 to /Temp/UEDPIE_0_Untitled_1.Untitled_1 (0.002730s)
[2015.11.27-10.22.38:418][647]LogInit: XAudio2 using 'Speakers (4- High Definition Audio Device)' : 2 channels at 44.1 kHz using 16 bits per sample (channel mask 0x3)
[2015.11.27-10.22.38:423][647]LogInit: FAudioDevice initialized.
[2015.11.27-10.22.38:454][647]LogWorld: Game class is 'GameMode'
[2015.11.27-10.22.38:457][647]LogWorld: Bringing World /Temp/UEDPIE_0_Untitled_1.Untitled_1 up for play (max tick rate 0) at 2015.11.27-11.22.38
[2015.11.27-10.22.38:458][647]LogActor:Warning: GameSession /Temp/UEDPIE_0_Untitled_1.Untitled_1:PersistentLevel.GameSession_2 has natively added scene component(s), but none of them were set as the actor's RootComponent - picking one arbitrarily
[2015.11.27-10.22.38:458][647]LogActor:Warning: GameNetworkManager /Temp/UEDPIE_0_Untitled_1.Untitled_1:PersistentLevel.GameNetworkManager_2 has natively added scene component(s), but none of them were set as the actor's RootComponent - picking one arbitrarily
[2015.11.27-10.22.38:458][647]LogWorld: Bringing up level for play took: 0.002365
[2015.11.27-10.22.38:459][647]PIE: Info Play in editor start time for /Temp/UEDPIE_0_Untitled_1 0.489
[2015.11.27-10.22.41:889][ 58]LogSelection:Warning: PIE object was selected: "FleetBP_C /Temp/UEDPIE_0_Untitled_1.Untitled_1:PersistentLevel.FleetBP_2"
