[2015.11.27-11.54.36:589][  0]Log file open, 11/27/15 12:54:36
[2015.11.27-11.54.36:589][  0]LogInit:Display: Running engine without a game
[2015.11.27-11.54.36:589][  0]LogInit:Display: Loading recent project file: ../../../../../../Users/Spellabbet/Documents/Unreal Projects/SpaceGame/Project/SpaceGame/SpaceGame.uproject
[2015.11.27-11.54.36:589][  0]LogInit:Display: RandInit(1249043313) SRandInit(1249043313).
[2015.11.27-11.54.36:589][  0]LogTaskGraph: Started task graph with 4 named threads and 7 total threads.
[2015.11.27-11.54.36:589][  0]LogStats: Stats thread started at 0.070145
[2015.11.27-11.54.36:589][  0]LogInit: Version: 4.9.2-2707645+++depot+UE4-Releases+4.9
[2015.11.27-11.54.36:589][  0]LogInit: API Version: 2672455
[2015.11.27-11.54.36:589][  0]LogInit: Compiled (64-bit): Sep 28 2015 10:25:44
[2015.11.27-11.54.36:589][  0]LogInit: Compiled with Visual C++: 18.00.21005.01
[2015.11.27-11.54.36:589][  0]LogInit: Build Configuration: Development
[2015.11.27-11.54.36:589][  0]LogInit: Branch Name: ++depot+UE4-Releases+4.9
[2015.11.27-11.54.36:589][  0]LogInit: Command line: 
[2015.11.27-11.54.36:589][  0]LogInit: Base directory: C:/Program Files/Epic Games/4.9/Engine/Binaries/Win64/
[2015.11.27-11.54.36:589][  0]LogInit: Rocket: 1
[2015.11.27-11.54.36:596][  0]LogInit: Using libcurl 7.41.0
[2015.11.27-11.54.36:596][  0]LogInit:  - built for x86_64-pc-win32
[2015.11.27-11.54.36:596][  0]LogInit:  - supports SSL with WinSSL
[2015.11.27-11.54.36:596][  0]LogInit:  - other features:
[2015.11.27-11.54.36:596][  0]LogInit:      CURL_VERSION_SSL
[2015.11.27-11.54.36:596][  0]LogInit:      CURL_VERSION_IPV6
[2015.11.27-11.54.36:596][  0]LogInit:      CURL_VERSION_ASYNCHDNS
[2015.11.27-11.54.36:596][  0]LogInit:      CURL_VERSION_LARGEFILE
[2015.11.27-11.54.36:596][  0]LogInit:      CURL_VERSION_IDN
[2015.11.27-11.54.36:596][  0]LogInit:  CurlRequestOptions (configurable via config and command line):
[2015.11.27-11.54.36:596][  0]LogInit:  - bVerifyPeer = true  - Libcurl will verify peer certificate
[2015.11.27-11.54.36:596][  0]LogInit:  - bUseHttpProxy = false  - Libcurl will NOT use HTTP proxy
[2015.11.27-11.54.36:596][  0]LogInit:  - bDontReuseConnections = false  - Libcurl will reuse connections
[2015.11.27-11.54.36:596][  0]LogInit:  - CertBundlePath = nullptr  - Libcurl will use whatever was configured at build time.
[2015.11.27-11.54.36:602][  0]LogInit: Presizing for 0 objects not considered by GC, pre-allocating 0 bytes.
[2015.11.27-11.54.36:607][  0]LogInit: Object subsystem initialized
[2015.11.27-11.54.36:608][  0]LogInit: Selected Device Profile: [Windows]
[2015.11.27-11.54.36:608][  0]LogInit: Applying CVar settings loaded from the selected device profile: [Windows]
[2015.11.27-11.54.36:615][  0]LogInit: Computer: SpellabbA332-09
[2015.11.27-11.54.36:615][  0]LogInit: User: Spellabbet
[2015.11.27-11.54.36:615][  0]LogInit: CPU Page size=4096, Cores=4
[2015.11.27-11.54.36:615][  0]LogInit: High frequency timer resolution =3.507519 MHz
[2015.11.27-11.54.36:615][  0]LogMemory: Memory total: Physical=15.9GB (16GB approx)
[2015.11.27-11.54.36:615][  0]LogMemory: Platform Memory Stats for Windows
[2015.11.27-11.54.36:615][  0]LogMemory: Process Physical Memory: 52.17 MB used, 52.17 MB peak
[2015.11.27-11.54.36:615][  0]LogMemory: Process Virtual Memory: 55.07 MB used, 55.07 MB peak
[2015.11.27-11.54.36:615][  0]LogMemory: Physical Memory: 3505.80 MB used, 16318.82 MB total
[2015.11.27-11.54.36:615][  0]LogMemory: Virtual Memory: 347.38 MB used, 134217728.00 MB total
[2015.11.27-11.54.36:643][  0]LogTextLocalizationManager: No translations for ('sv-SE') exist, falling back to 'en' for localization and internationalization data.
[2015.11.27-11.54.37:258][  0]LogD3D11RHI: Found D3D11 adapter 0: NVIDIA GeForce GTX 960 (Feature Level 11_0)
[2015.11.27-11.54.37:258][  0]LogD3D11RHI: Adapter has 1965MB of dedicated video memory, 0MB of dedicated system memory, and 2048MB of shared system memory, 1 output[s]
[2015.11.27-11.54.37:258][  0]LogD3D11RHI: Found D3D11 adapter 1: Microsoft Basic Render Driver (Feature Level 11_0)
[2015.11.27-11.54.37:258][  0]LogD3D11RHI: Adapter has 0MB of dedicated video memory, 0MB of dedicated system memory, and 256MB of shared system memory, 0 output[s]
[2015.11.27-11.54.37:258][  0]LogD3D11RHI: Chosen D3D11 Adapter Id = 0
[2015.11.27-11.54.37:261][  0]LogD3D11RHI: !Direct3DDevice
[2015.11.27-11.54.37:261][  0]LogRHI: Texture pool is 1361 MB (70% of 1945 MB)
[2015.11.27-11.54.37:274][  0]LogD3D11RHI: Async texture creation enabled
[2015.11.27-11.54.37:288][  0]LogShaderCompilers: Guid format shader working directory is 15 characters bigger than the processId version (../../../../../../Users/Spellabbet/Documents/Unreal Projects/SpaceGame/Project/SpaceGame/Intermediate/Shaders/WorkingDirectory/4888/).
[2015.11.27-11.54.37:288][  0]LogShaderCompilers: Cleaned the shader compiler working directory '../../../../../../Users/Spellabbet/Documents/Unreal Projects/SpaceGame/Project/SpaceGame/Intermediate/Shaders/tmp/A04DE74B42DC258129EE0CA329C4206E/'.
[2015.11.27-11.54.37:288][  0]LogShaderCompilers:Display: Using Local Shader Compiler.
[2015.11.27-11.54.38:174][  0]LogTemp:Display: Loaded TP AllDesktopTargetPlatform
[2015.11.27-11.54.38:179][  0]LogTemp:Display: Loaded TP WindowsClientTargetPlatform
[2015.11.27-11.54.38:182][  0]LogTemp:Display: Loaded TP WindowsNoEditorTargetPlatform
[2015.11.27-11.54.38:186][  0]LogTemp:Display: Loaded TP WindowsServerTargetPlatform
[2015.11.27-11.54.38:190][  0]LogTemp:Display: Loaded TP WindowsTargetPlatform
[2015.11.27-11.54.38:193][  0]LogTemp:Display: Loaded TP AndroidTargetPlatform
[2015.11.27-11.54.38:195][  0]LogTemp:Display: Loaded TP Android_ASTCTargetPlatform
[2015.11.27-11.54.38:198][  0]LogTemp:Display: Loaded TP Android_ATCTargetPlatform
[2015.11.27-11.54.38:200][  0]LogTemp:Display: Loaded TP Android_DXTTargetPlatform
[2015.11.27-11.54.38:203][  0]LogTemp:Display: Loaded TP Android_ETC1TargetPlatform
[2015.11.27-11.54.38:205][  0]LogTemp:Display: Loaded TP Android_ETC2TargetPlatform
[2015.11.27-11.54.38:208][  0]LogTemp:Display: Loaded TP Android_PVRTCTargetPlatform
[2015.11.27-11.54.38:209][  0]LogTemp:Display: Loaded TP HTML5TargetPlatform
[2015.11.27-11.54.38:224][  0]LogTemp:Display: Loaded TP IOSTargetPlatform
[2015.11.27-11.54.38:226][  0]LogTemp:Display: Loaded TP LinuxNoEditorTargetPlatform
[2015.11.27-11.54.38:229][  0]LogTemp:Display: Loaded TP LinuxServerTargetPlatform
[2015.11.27-11.54.38:231][  0]LogTemp:Display: Loaded TP LinuxTargetPlatform
[2015.11.27-11.54.38:231][  0]LogTargetPlatformManager:Display: Building Assets For Windows
[2015.11.27-11.54.38:321][  0]LogDerivedDataCache:Display: Max Cache Size: 512 MB
[2015.11.27-11.54.38:356][  0]LogDerivedDataCache: Loaded boot cache 0.03s 41MB C:/Users/Spellabbet/AppData/Local/UnrealEngine/4.9/DerivedDataCache/Boot.ddc.
[2015.11.27-11.54.38:356][  0]LogDerivedDataCache:Display: Loaded Boot cache: C:/Users/Spellabbet/AppData/Local/UnrealEngine/4.9/DerivedDataCache/Boot.ddc
[2015.11.27-11.54.38:356][  0]LogDerivedDataCache: FDerivedDataBackendGraph:  Pak pak cache file ../../../../../../Users/Spellabbet/Documents/Unreal Projects/SpaceGame/Project/SpaceGame/DerivedDataCache/DDC.ddp not found, will not use a pak cache.
[2015.11.27-11.54.38:356][  0]LogDerivedDataCache: Unable to find inner node Pak for hierarchical cache Hierarchy.
[2015.11.27-11.54.38:356][  0]LogDerivedDataCache: FDerivedDataBackendGraph:  CompressedPak pak cache file ../../../../../../Users/Spellabbet/Documents/Unreal Projects/SpaceGame/Project/SpaceGame/DerivedDataCache/Compressed.ddp not found, will not use a pak cache.
[2015.11.27-11.54.38:356][  0]LogDerivedDataCache: Unable to find inner node CompressedPak for hierarchical cache Hierarchy.
[2015.11.27-11.54.38:481][  0]LogDerivedDataCache:Display: Pak cache opened for reading ../../../Engine/DerivedDataCache/Compressed.ddp.
[2015.11.27-11.54.38:492][  0]LogDerivedDataCache: Using Local data cache path C:/Users/Spellabbet/AppData/Local/UnrealEngine/Common/DerivedDataCache: Writable
[2015.11.27-11.54.38:632][  0]LogInit: Selected Device Profile: [Windows]
[2015.11.27-11.54.38:634][  0]LogContentStreaming: Texture pool size is 0.000000MB
[2015.11.27-11.54.38:743][  0]LogMeshUtilities: No automatic mesh reduction module available
[2015.11.27-11.54.38:743][  0]LogMeshUtilities: No automatic mesh merging module available
[2015.11.27-11.54.38:933][  0]LogInit: WinSock: version 1.1 (2.2), MaxSocks=32767, MaxUdp=65467
[2015.11.27-11.54.39:506][  0]UdpMessaging: Initializing bridge on interface 0.0.0.0:0 to multicast group 230.0.0.1:6666.
[2015.11.27-11.54.39:630][  0]LogAssetRegistry: FAssetRegistry took 0.0113 seconds to start up
[2015.11.27-11.54.39:802][  0]SourceControl: Info Source control is disabled
[2015.11.27-11.54.39:808][  0]SourceControl: Info Source control is disabled
[2015.11.27-11.54.39:825][  0]SourceControl: Info Source control is disabled
[2015.11.27-11.54.39:841][  0]SourceControl: Info Source control is disabled
[2015.11.27-11.54.40:069][  0]LogLinker:Warning: Asset '../../../Engine/Plugins/Runtime/LeapMotionController/Content/LM_PassthroughMaterial.uasset' has been saved with empty engine version. The asset will be loaded but may be incompatible.
[2015.11.27-11.54.40:182][  0]LogObj: 28437 objects as part of root set at end of initial load.
[2015.11.27-11.54.40:182][  0]LogUObjectAllocator: 6068432 out of 0 bytes used by permanent object pool.
[2015.11.27-11.54.40:228][  0]LogEngine: Initializing Engine...
[2015.11.27-11.54.40:230][  0]LogHMD: Can't find Oculus library dev build: is proper Runtime installed? Version: 0.7.0.0
[2015.11.27-11.54.40:230][  0]LogHMD: SteamVR failed to initialize.  Err: 110
[2015.11.27-11.54.40:323][  0]LogAIModule: Creating AISystem for world NewWorld
[2015.11.27-11.54.40:327][  0]LogInit: XAudio2 using 'Speakers (4- High Definition Audio Device)' : 2 channels at 44.1 kHz using 16 bits per sample (channel mask 0x3)
[2015.11.27-11.54.40:338][  0]LogInit: FAudioDevice initialized.
[2015.11.27-11.54.40:355][  0]LogDerivedDataCache: Saved boot cache 0.02s 41MB C:/Users/Spellabbet/AppData/Local/UnrealEngine/4.9/DerivedDataCache/Boot.ddc.
[2015.11.27-11.54.40:359][  0]LogInit: Texture streaming: Enabled
[2015.11.27-11.54.40:363][  0]LogAnalytics: Creating configured Analytics provider AnalyticsET
[2015.11.27-11.54.40:363][  0]LogAnalytics: [UEEditor.Rocket.Release] APIServer = http://et2.epicgames.com/ET2/. AppVersion = 4.9.2-2707645+++depot+UE4-Releases+4.9
[2015.11.27-11.54.40:363][  0]LogAnalytics: [UEEditor.Rocket.Release] SetUserId 634ab0cb456977c100e99f821f1d4277|7ebf86fc13e44331864479a64887c1c8|060e5e79-a789-49c4-8abd-5d8b330400a7
[2015.11.27-11.54.40:363][  0]LogAnalytics: [UEEditor.Rocket.Release] AnalyticsET::StartSession
[2015.11.27-11.54.40:378][  0]LogInit: Transaction tracking system initialized
[2015.11.27-11.54.40:399][  0]BlueprintLog: New page: Editor Load
[2015.11.27-11.54.40:457][  0]LocalizationService: Info Localization service is disabled
[2015.11.27-11.54.40:530][  0]LogConsoleResponse:Display: 
[2015.11.27-11.54.40:615][  0]LogCook:Display: Done creating registry. It took  0.00s.
[2015.11.27-11.54.40:678][  0]LogFileCache: Scanning file cache for directory 'C:/Users/Spellabbet/Documents/Unreal Projects/SpaceGame/Project/SpaceGame/Content/' took 0.01s
[2015.11.27-11.54.40:678][  0]SourceControl: Info Source control is disabled
[2015.11.27-11.54.40:679][  0]Cmd: MAP LOAD FILE="../../../Engine/Content/Maps/Templates/Template_Default.umap" TEMPLATE=1 SHOWPROGRESS=1 FEATURELEVEL=3
[2015.11.27-11.54.40:679][  0]LightingResults: New page: Lighting Build
[2015.11.27-11.54.40:681][  0]MapCheck: New page: Map Check
[2015.11.27-11.54.40:681][  0]LightingResults: New page: Lighting Build
[2015.11.27-11.54.40:691][  0]LogParticles: Destroying 0 GPU particle simulations for FXSystem 0x000000127FB3E160
[2015.11.27-11.54.40:896][  0]LogAIModule: Creating AISystem for world Untitled_1
[2015.11.27-11.54.40:899][  0]LogEditorServer: Finished looking for orphan Actors (0.000 secs)
[2015.11.27-11.54.40:903][  0]Cmd: MAP CHECKDEP NOCLEARLOG
[2015.11.27-11.54.40:940][  0]MapCheck: Info Map check complete: 0 Error(s), 0 Warning(s), took 36.306ms to complete.
[2015.11.27-11.54.40:940][  0]LogFileHelpers: Loading map 'Template_Default' took 0.261
[2015.11.27-11.54.41:030][  0]LogCollectionManager: Loaded 0 collections in 0.002088 seconds
[2015.11.27-11.54.41:074][  0]LogFileCache: Scanning file cache for directory 'C:/Users/Spellabbet/Documents/Unreal Projects/SpaceGame/Project/SpaceGame/Saved/Collections/' took 0.01s
[2015.11.27-11.54.41:074][  0]LogFileCache: Scanning file cache for directory 'C:/Users/Spellabbet/Documents/Unreal Projects/SpaceGame/Project/SpaceGame/Content/Developers/Spellabbet/Collections/' took 0.01s
[2015.11.27-11.54.41:074][  0]LogFileCache: Scanning file cache for directory 'C:/Users/Spellabbet/Documents/Unreal Projects/SpaceGame/Project/SpaceGame/Content/Collections/' took 0.01s
[2015.11.27-11.54.41:074][  0]LogContentBrowser: Native class hierarchy populated in 0.0108 seconds. Added 1875 classes and 335 folders.
[2015.11.27-11.54.41:078][  0]LogCollectionManager: Rebuilt the GUID cache for 0 collections in 0.000002 seconds
[2015.11.27-11.54.41:083][  0]LogContentBrowser: Native class hierarchy updated for 'WidgetCarousel' in 0.0009 seconds. Added 0 classes and 0 folders.
[2015.11.27-11.54.41:112][  0]LogContentBrowser: Native class hierarchy updated for 'AddContentDialog' in 0.0008 seconds. Added 0 classes and 0 folders.
[2015.11.27-11.54.41:121][  0]LogContentBrowser: Native class hierarchy updated for 'SceneOutliner' in 0.0009 seconds. Added 1 classes and 2 folders.
[2015.11.27-11.54.41:168][  0]LogCrashTracker: Crashtracker disabled due to settings.
[2015.11.27-11.54.41:172][  0]LogUObjectGlobals:Warning: Failed to find object 'Class None.'
[2015.11.27-11.54.41:195][  0]LogLoad: Full Startup: 5.63 seconds (BP compile: 0.04 seconds)
[2015.11.27-11.54.41:246][  0]LogContentStreaming: Texture pool size now 1000 MB
[2015.11.27-11.54.41:354][  0]LogRenderer: Reallocating scene render targets to support 1076x556 (Frame:2).
[2015.11.27-11.54.41:495][  2]LogAssetRegistry: Asset discovery search completed in 1.8772 seconds
[2015.11.27-11.54.41:495][  2]LogCollectionManager: Rebuilt the object cache for 0 collections in 0.000001 seconds (found 0 objects)
[2015.11.27-11.54.41:495][  2]LogCollectionManager: Fixed up redirectors for 0 collections in 0.000030 seconds (updated 0 objects)
[2015.11.27-11.54.46:140][355]LogAIModule: Creating AISystem for world Untitled
[2015.11.27-11.54.46:161][355]Cmd: MAP LOAD FILE="../../../../../../Users/Spellabbet/Documents/Unreal Projects/SpaceGame/Project/SpaceGame/Content/Maps/Untitled.umap" TEMPLATE=0 SHOWPROGRESS=1 FEATURELEVEL=3
[2015.11.27-11.54.46:161][355]LightingResults: New page: Lighting Build
[2015.11.27-11.54.46:176][355]LoadErrors: New page: Loading map: Untitled.umap
[2015.11.27-11.54.46:176][355]MapCheck: New page: Map Check
[2015.11.27-11.54.46:176][355]LightingResults: New page: Lighting Build
[2015.11.27-11.54.46:185][355]LogParticles: Destroying 0 GPU particle simulations for FXSystem 0x000000126D2DBD80
[2015.11.27-11.54.46:216][355]LogEditorServer: Finished looking for orphan Actors (0.000 secs)
[2015.11.27-11.54.46:244][355]Cmd: MAP CHECKDEP NOCLEARLOG
[2015.11.27-11.54.46:273][355]MapCheck: Info Map check complete: 0 Error(s), 0 Warning(s), took 28.931ms to complete.
[2015.11.27-11.54.46:273][355]LogFileHelpers: Loading map 'Untitled' took 0.112
[2015.11.27-11.54.47:580][501]LogBlueprintUserMessages: Early PlayInEditor Detection: Level '/Game/Maps/Untitled.Untitled:PersistentLevel' has LevelScriptBlueprint '/Game/Maps/Untitled.Untitled:PersistentLevel.Untitled' with GeneratedClass '/Game/Maps/Untitled.Untitled_C' with ClassGeneratedBy '/Game/Maps/Untitled.Untitled:PersistentLevel.Untitled'
[2015.11.27-11.54.47:580][501]LogPlayLevel: PlayLevel: No blueprints needed recompiling
[2015.11.27-11.54.47:580][501]PIE: New page: PIE session: Untitled (Nov 27, 2015, 1:54:47 PM)
[2015.11.27-11.54.47:580][501]LogPlayLevel: Creating play world package: /Game/Maps/UEDPIE_0_Untitled
[2015.11.27-11.54.47:583][501]LogPlayLevel: PIE: StaticDuplicateObject took: (0.002683s)
[2015.11.27-11.54.47:584][501]LogAIModule: Creating AISystem for world Untitled
[2015.11.27-11.54.47:584][501]LogPlayLevel: PIE: World Init took: (0.000583s)
[2015.11.27-11.54.47:584][501]LogPlayLevel: PIE: Created PIE world by copying editor world from /Game/Maps/Untitled.Untitled to /Game/Maps/UEDPIE_0_Untitled.Untitled (0.003526s)
[2015.11.27-11.54.47:599][501]LogInit: XAudio2 using 'Speakers (4- High Definition Audio Device)' : 2 channels at 44.1 kHz using 16 bits per sample (channel mask 0x3)
[2015.11.27-11.54.47:606][501]LogInit: FAudioDevice initialized.
[2015.11.27-11.54.47:685][501]LogWorld: Game class is 'GameModeBP_C'
[2015.11.27-11.54.47:688][501]LogWorld: Bringing World /Game/Maps/UEDPIE_0_Untitled.Untitled up for play (max tick rate 0) at 2015.11.27-12.54.47
[2015.11.27-11.54.47:688][501]LogActor:Warning: GameSession /Game/Maps/UEDPIE_0_Untitled.Untitled:PersistentLevel.GameSession_0 has natively added scene component(s), but none of them were set as the actor's RootComponent - picking one arbitrarily
[2015.11.27-11.54.47:688][501]LogActor:Warning: GameNetworkManager /Game/Maps/UEDPIE_0_Untitled.Untitled:PersistentLevel.GameNetworkManager_0 has natively added scene component(s), but none of them were set as the actor's RootComponent - picking one arbitrarily
[2015.11.27-11.54.47:688][501]LogWorld: Bringing up level for play took: 0.001761
[2015.11.27-11.54.47:689][501]PIE: Info Play in editor start time for /Game/Maps/UEDPIE_0_Untitled -0.279
[2015.11.27-11.54.47:689][501]LogBlueprintUserMessages: Late PlayInEditor Detection: Level '/Game/Maps/Untitled.Untitled:PersistentLevel' has LevelScriptBlueprint '/Game/Maps/Untitled.Untitled:PersistentLevel.Untitled' with GeneratedClass '/Game/Maps/Untitled.Untitled_C' with ClassGeneratedBy '/Game/Maps/Untitled.Untitled:PersistentLevel.Untitled'
[2015.11.27-11.55.06:900][322]LogBlueprintUserMessages: Early EndPlayMap Detection: Level '/Game/Maps/Untitled.Untitled:PersistentLevel' has LevelScriptBlueprint '/Game/Maps/Untitled.Untitled:PersistentLevel.Untitled' with GeneratedClass '/Game/Maps/Untitled.Untitled_C' with ClassGeneratedBy '/Game/Maps/Untitled.Untitled:PersistentLevel.Untitled'
[2015.11.27-11.55.06:930][322]LogBlueprintUserMessages: Late EndPlayMap Detection: Level '/Game/Maps/Untitled.Untitled:PersistentLevel' has LevelScriptBlueprint '/Game/Maps/Untitled.Untitled:PersistentLevel.Untitled' with GeneratedClass '/Game/Maps/Untitled.Untitled_C' with ClassGeneratedBy '/Game/Maps/Untitled.Untitled:PersistentLevel.Untitled'
[2015.11.27-11.55.06:941][322]LogParticles: Destroying 0 GPU particle simulations for FXSystem 0x000000126CCFA480
[2015.11.27-11.56.01:689][623]Recompiling SpaceGame...
[2015.11.27-11.56.01:689][623]Launching UnrealBuildTool... [C:/Program Files/Epic Games/4.9/Engine/Binaries/DotNET/UnrealBuildTool.exe SpaceGame -ModuleWithSuffix SpaceGame 362 Win64 Development -editorrecompile -canskiplink "C:/Users/Spellabbet/Documents/Unreal Projects/SpaceGame/Project/SpaceGame/SpaceGame.uproject" -rocket  -rocket]
[2015.11.27-11.56.01:690][623]Warning: Starting HotReload took  0.0s.
[2015.11.27-11.56.05:012][  2]CompilerResultsLog: New page: Compilation - Nov 27, 2015, 1:56:05 PM
[2015.11.27-11.56.05:012][  2]CompilerResultsLog: Info Compiling game modules for hot reload
[2015.11.27-11.56.05:012][  2]CompilerResultsLog: Info Performing 2 actions (4 in parallel)
[2015.11.27-11.56.05:012][  2]CompilerResultsLog: Info Fleet.cpp
[2015.11.27-11.56.05:012][  2]CompilerResultsLog: Info [2/2] Link UE4Editor-SpaceGame-362.dll
[2015.11.27-11.56.05:012][  2]CompilerResultsLog: Info    Creating library C:\Users\Spellabbet\Documents\Unreal Projects\SpaceGame\Project\SpaceGame\Intermediate/Build/Win64\UE4Editor\Development\UE4Editor-SpaceGame-362.lib and object C:\Users\Spellabbet\Documents\Unreal Projects\SpaceGame\Project\SpaceGame\Intermediate/Build/Win64\UE4Editor\Development\UE4Editor-SpaceGame-362.exp
[2015.11.27-11.56.05:012][  2]CompilerResultsLog: Info -------- End Detailed Actions Stats -----------------------------------------------------------
[2015.11.27-11.56.05:012][  2]CompilerResultsLog: Info Total build time: 3,29 seconds
[2015.11.27-11.56.05:012][  2]LogMainFrame: MainFrame: Module compiling took 3.325 seconds
[2015.11.27-11.56.05:056][  2]LogClass: FleetState HotReload.
[2015.11.27-11.56.05:056][  2]LogClass: OwnedBy HotReload.
[2015.11.27-11.56.05:058][  2]LogContentBrowser: Native class hierarchy updated for 'SpaceGame' in 0.0010 seconds. Added 8 classes and 2 folders.
[2015.11.27-11.56.05:059][  2]Warning: HotReload successful (7 functions remapped  0 scriptstructs remapped)
[2015.11.27-11.56.05:121][  2]LogContentBrowser: Native class hierarchy populated in 0.0077 seconds. Added 1876 classes and 337 folders.
[2015.11.27-11.56.06:865][210]LogBlueprintUserMessages: Early PlayInEditor Detection: Level '/Game/Maps/Untitled.Untitled:PersistentLevel' has LevelScriptBlueprint '/Game/Maps/Untitled.Untitled:PersistentLevel.Untitled' with GeneratedClass '/Game/Maps/Untitled.Untitled_C' with ClassGeneratedBy '/Game/Maps/Untitled.Untitled:PersistentLevel.Untitled'
[2015.11.27-11.56.06:866][210]LogPlayLevel: PlayLevel: No blueprints needed recompiling
[2015.11.27-11.56.06:866][210]PIE: New page: PIE session: Untitled (Nov 27, 2015, 1:56:06 PM)
[2015.11.27-11.56.06:866][210]LogPlayLevel: Creating play world package: /Game/Maps/UEDPIE_0_Untitled
[2015.11.27-11.56.06:870][210]LogPlayLevel: PIE: StaticDuplicateObject took: (0.004354s)
[2015.11.27-11.56.06:871][210]LogAIModule: Creating AISystem for world Untitled
[2015.11.27-11.56.06:871][210]LogPlayLevel: PIE: World Init took: (0.001003s)
[2015.11.27-11.56.06:871][210]LogPlayLevel: PIE: Created PIE world by copying editor world from /Game/Maps/Untitled.Untitled to /Game/Maps/UEDPIE_0_Untitled.Untitled (0.005689s)
[2015.11.27-11.56.06:887][210]LogInit: XAudio2 using 'Speakers (4- High Definition Audio Device)' : 2 channels at 44.1 kHz using 16 bits per sample (channel mask 0x3)
[2015.11.27-11.56.06:893][210]LogInit: FAudioDevice initialized.
[2015.11.27-11.56.06:929][210]LogWorld: Game class is 'GameModeBP_C'
[2015.11.27-11.56.06:931][210]LogWorld: Bringing World /Game/Maps/UEDPIE_0_Untitled.Untitled up for play (max tick rate 0) at 2015.11.27-12.56.06
[2015.11.27-11.56.06:931][210]LogActor:Warning: GameSession /Game/Maps/UEDPIE_0_Untitled.Untitled:PersistentLevel.GameSession_1 has natively added scene component(s), but none of them were set as the actor's RootComponent - picking one arbitrarily
[2015.11.27-11.56.06:931][210]LogActor:Warning: GameNetworkManager /Game/Maps/UEDPIE_0_Untitled.Untitled:PersistentLevel.GameNetworkManager_1 has natively added scene component(s), but none of them were set as the actor's RootComponent - picking one arbitrarily
[2015.11.27-11.56.06:932][210]LogWorld: Bringing up level for play took: 0.001582
[2015.11.27-11.56.06:932][210]PIE: Info Play in editor start time for /Game/Maps/UEDPIE_0_Untitled 0.963
[2015.11.27-11.56.06:933][210]LogBlueprintUserMessages: Late PlayInEditor Detection: Level '/Game/Maps/Untitled.Untitled:PersistentLevel' has LevelScriptBlueprint '/Game/Maps/Untitled.Untitled:PersistentLevel.Untitled' with GeneratedClass '/Game/Maps/Untitled.Untitled_C' with ClassGeneratedBy '/Game/Maps/Untitled.Untitled:PersistentLevel.Untitled'
[2015.11.27-11.56.27:279][651]LogBlueprintUserMessages: Early EndPlayMap Detection: Level '/Game/Maps/Untitled.Untitled:PersistentLevel' has LevelScriptBlueprint '/Game/Maps/Untitled.Untitled:PersistentLevel.Untitled' with GeneratedClass '/Game/Maps/Untitled.Untitled_C' with ClassGeneratedBy '/Game/Maps/Untitled.Untitled:PersistentLevel.Untitled'
[2015.11.27-11.56.27:312][651]LogBlueprintUserMessages: Late EndPlayMap Detection: Level '/Game/Maps/Untitled.Untitled:PersistentLevel' has LevelScriptBlueprint '/Game/Maps/Untitled.Untitled:PersistentLevel.Untitled' with GeneratedClass '/Game/Maps/Untitled.Untitled_C' with ClassGeneratedBy '/Game/Maps/Untitled.Untitled:PersistentLevel.Untitled'
[2015.11.27-11.56.27:323][651]LogParticles: Destroying 0 GPU particle simulations for FXSystem 0x000000126E81D9E0
[2015.11.27-11.57.43:789][ 88]LogEditorViewport: Clicking on Actor (LMB): StarBlueprint_C (StarBlueprint)
[2015.11.27-11.57.54:855][334]LogBlueprintUserMessages: Early PlayInEditor Detection: Level '/Game/Maps/Untitled.Untitled:PersistentLevel' has LevelScriptBlueprint '/Game/Maps/Untitled.Untitled:PersistentLevel.Untitled' with GeneratedClass '/Game/Maps/Untitled.Untitled_C' with ClassGeneratedBy '/Game/Maps/Untitled.Untitled:PersistentLevel.Untitled'
[2015.11.27-11.57.54:856][334]LogPlayLevel: PlayLevel: No blueprints needed recompiling
[2015.11.27-11.57.54:856][334]PIE: New page: PIE session: Untitled (Nov 27, 2015, 1:57:54 PM)
[2015.11.27-11.57.54:856][334]LogPlayLevel: Creating play world package: /Game/Maps/UEDPIE_0_Untitled
[2015.11.27-11.57.54:859][334]LogPlayLevel: PIE: StaticDuplicateObject took: (0.003618s)
[2015.11.27-11.57.54:860][334]LogAIModule: Creating AISystem for world Untitled
[2015.11.27-11.57.54:860][334]LogPlayLevel: PIE: World Init took: (0.001004s)
[2015.11.27-11.57.54:861][334]LogPlayLevel: PIE: Created PIE world by copying editor world from /Game/Maps/Untitled.Untitled to /Game/Maps/UEDPIE_0_Untitled.Untitled (0.004884s)
[2015.11.27-11.57.54:876][334]LogInit: XAudio2 using 'Speakers (4- High Definition Audio Device)' : 2 channels at 44.1 kHz using 16 bits per sample (channel mask 0x3)
[2015.11.27-11.57.54:881][334]LogInit: FAudioDevice initialized.
[2015.11.27-11.57.54:913][334]LogWorld: Game class is 'GameModeBP_C'
[2015.11.27-11.57.54:915][334]LogWorld: Bringing World /Game/Maps/UEDPIE_0_Untitled.Untitled up for play (max tick rate 0) at 2015.11.27-12.57.54
[2015.11.27-11.57.54:915][334]LogActor:Warning: GameSession /Game/Maps/UEDPIE_0_Untitled.Untitled:PersistentLevel.GameSession_2 has natively added scene component(s), but none of them were set as the actor's RootComponent - picking one arbitrarily
[2015.11.27-11.57.54:915][334]LogActor:Warning: GameNetworkManager /Game/Maps/UEDPIE_0_Untitled.Untitled:PersistentLevel.GameNetworkManager_2 has natively added scene component(s), but none of them were set as the actor's RootComponent - picking one arbitrarily
[2015.11.27-11.57.54:916][334]LogWorld: Bringing up level for play took: 0.001533
[2015.11.27-11.57.54:916][334]PIE: Info Play in editor start time for /Game/Maps/UEDPIE_0_Untitled 0.948
[2015.11.27-11.57.54:917][334]LogBlueprintUserMessages: Late PlayInEditor Detection: Level '/Game/Maps/Untitled.Untitled:PersistentLevel' has LevelScriptBlueprint '/Game/Maps/Untitled.Untitled:PersistentLevel.Untitled' with GeneratedClass '/Game/Maps/Untitled.Untitled_C' with ClassGeneratedBy '/Game/Maps/Untitled.Untitled:PersistentLevel.Untitled'
[2015.11.27-11.57.57:832][682]LogSpawn:Warning: SpawnActor failed because no class was specified
[2015.11.27-11.57.58:005][682]LogCrashTracker: 


[2015.11.27-11.57.58:005][682]LogCrashTracker: 


[2015.11.27-11.57.58:005][682]LogWindows: === Critical error: ===
Fatal error!



[2015.11.27-11.57.58:106][682]LogExit: Executing StaticShutdownAfterError
[2015.11.27-11.57.58:110][682]LogPhysics:Warning: PHYSX: ..\..\PhysX\src\NpScene.cpp (2946) 8 : PxScene::unlockWrite() called without matching call to PxScene::lockWrite(), behaviour will be undefined.
[2015.11.27-11.57.58:110][682]LogPhysics:Warning: PHYSX: ..\..\PhysX\src\NpScene.cpp (2946) 8 : PxScene::unlockWrite() called without matching call to PxScene::lockWrite(), behaviour will be undefined.
[2015.11.27-11.57.58:110][682]LogPhysics:Warning: PHYSX: ..\..\PhysX\src\NpScene.cpp (2946) 8 : PxScene::unlockWrite() called without matching call to PxScene::lockWrite(), behaviour will be undefined.
[2015.11.27-11.57.58:111][682]LogPhysics:Warning: PHYSX: ..\..\PhysX\src\NpScene.cpp (2946) 8 : PxScene::unlockWrite() called without matching call to PxScene::lockWrite(), behaviour will be undefined.
[2015.11.27-11.57.58:111][682]LogWindows: FPlatformMisc::RequestExit(1)
[2015.11.27-11.57.58:111][682]Log file closed, 11/27/15 12:57:58
