[2015.11.27-12.19.02:595][  0]Log file open, 11/27/15 13:19:02
[2015.11.27-12.19.02:595][  0]LogInit:Display: Running engine without a game
[2015.11.27-12.19.02:595][  0]LogInit:Display: Loading recent project file: ../../../../../../Users/Spellabbet/Documents/Unreal Projects/SpaceGame/Project/SpaceGame/SpaceGame.uproject
[2015.11.27-12.19.02:595][  0]LogInit:Display: RandInit(2097333173) SRandInit(2097333173).
[2015.11.27-12.19.02:595][  0]LogTaskGraph: Started task graph with 4 named threads and 7 total threads.
[2015.11.27-12.19.02:595][  0]LogStats: Stats thread started at 0.069644
[2015.11.27-12.19.02:595][  0]LogInit: Version: 4.9.2-2707645+++depot+UE4-Releases+4.9
[2015.11.27-12.19.02:595][  0]LogInit: API Version: 2672455
[2015.11.27-12.19.02:595][  0]LogInit: Compiled (64-bit): Sep 28 2015 10:25:44
[2015.11.27-12.19.02:595][  0]LogInit: Compiled with Visual C++: 18.00.21005.01
[2015.11.27-12.19.02:595][  0]LogInit: Build Configuration: Development
[2015.11.27-12.19.02:595][  0]LogInit: Branch Name: ++depot+UE4-Releases+4.9
[2015.11.27-12.19.02:595][  0]LogInit: Command line: 
[2015.11.27-12.19.02:595][  0]LogInit: Base directory: C:/Program Files/Epic Games/4.9/Engine/Binaries/Win64/
[2015.11.27-12.19.02:595][  0]LogInit: Rocket: 1
[2015.11.27-12.19.02:603][  0]LogInit: Using libcurl 7.41.0
[2015.11.27-12.19.02:603][  0]LogInit:  - built for x86_64-pc-win32
[2015.11.27-12.19.02:603][  0]LogInit:  - supports SSL with WinSSL
[2015.11.27-12.19.02:603][  0]LogInit:  - other features:
[2015.11.27-12.19.02:603][  0]LogInit:      CURL_VERSION_SSL
[2015.11.27-12.19.02:603][  0]LogInit:      CURL_VERSION_IPV6
[2015.11.27-12.19.02:603][  0]LogInit:      CURL_VERSION_ASYNCHDNS
[2015.11.27-12.19.02:603][  0]LogInit:      CURL_VERSION_LARGEFILE
[2015.11.27-12.19.02:603][  0]LogInit:      CURL_VERSION_IDN
[2015.11.27-12.19.02:603][  0]LogInit:  CurlRequestOptions (configurable via config and command line):
[2015.11.27-12.19.02:603][  0]LogInit:  - bVerifyPeer = true  - Libcurl will verify peer certificate
[2015.11.27-12.19.02:603][  0]LogInit:  - bUseHttpProxy = false  - Libcurl will NOT use HTTP proxy
[2015.11.27-12.19.02:603][  0]LogInit:  - bDontReuseConnections = false  - Libcurl will reuse connections
[2015.11.27-12.19.02:603][  0]LogInit:  - CertBundlePath = nullptr  - Libcurl will use whatever was configured at build time.
[2015.11.27-12.19.02:609][  0]LogInit: Presizing for 0 objects not considered by GC, pre-allocating 0 bytes.
[2015.11.27-12.19.02:614][  0]LogInit: Object subsystem initialized
[2015.11.27-12.19.02:615][  0]LogInit: Selected Device Profile: [Windows]
[2015.11.27-12.19.02:615][  0]LogInit: Applying CVar settings loaded from the selected device profile: [Windows]
[2015.11.27-12.19.02:623][  0]LogInit: Computer: SpellabbA332-09
[2015.11.27-12.19.02:623][  0]LogInit: User: Spellabbet
[2015.11.27-12.19.02:623][  0]LogInit: CPU Page size=4096, Cores=4
[2015.11.27-12.19.02:623][  0]LogInit: High frequency timer resolution =3.507519 MHz
[2015.11.27-12.19.02:623][  0]LogMemory: Memory total: Physical=15.9GB (16GB approx)
[2015.11.27-12.19.02:623][  0]LogMemory: Platform Memory Stats for Windows
[2015.11.27-12.19.02:623][  0]LogMemory: Process Physical Memory: 52.10 MB used, 52.10 MB peak
[2015.11.27-12.19.02:623][  0]LogMemory: Process Virtual Memory: 55.08 MB used, 55.08 MB peak
[2015.11.27-12.19.02:623][  0]LogMemory: Physical Memory: 3532.51 MB used, 16318.82 MB total
[2015.11.27-12.19.02:623][  0]LogMemory: Virtual Memory: 347.38 MB used, 134217728.00 MB total
[2015.11.27-12.19.02:650][  0]LogTextLocalizationManager: No translations for ('sv-SE') exist, falling back to 'en' for localization and internationalization data.
[2015.11.27-12.19.03:300][  0]LogD3D11RHI: Found D3D11 adapter 0: NVIDIA GeForce GTX 960 (Feature Level 11_0)
[2015.11.27-12.19.03:300][  0]LogD3D11RHI: Adapter has 1965MB of dedicated video memory, 0MB of dedicated system memory, and 2048MB of shared system memory, 1 output[s]
[2015.11.27-12.19.03:301][  0]LogD3D11RHI: Found D3D11 adapter 1: Microsoft Basic Render Driver (Feature Level 11_0)
[2015.11.27-12.19.03:301][  0]LogD3D11RHI: Adapter has 0MB of dedicated video memory, 0MB of dedicated system memory, and 256MB of shared system memory, 0 output[s]
[2015.11.27-12.19.03:301][  0]LogD3D11RHI: Chosen D3D11 Adapter Id = 0
[2015.11.27-12.19.03:304][  0]LogD3D11RHI: !Direct3DDevice
[2015.11.27-12.19.03:304][  0]LogRHI: Texture pool is 1361 MB (70% of 1945 MB)
[2015.11.27-12.19.03:314][  0]LogD3D11RHI: Async texture creation enabled
[2015.11.27-12.19.03:329][  0]LogShaderCompilers: Guid format shader working directory is 15 characters bigger than the processId version (../../../../../../Users/Spellabbet/Documents/Unreal Projects/SpaceGame/Project/SpaceGame/Intermediate/Shaders/WorkingDirectory/5844/).
[2015.11.27-12.19.03:329][  0]LogShaderCompilers: Cleaned the shader compiler working directory '../../../../../../Users/Spellabbet/Documents/Unreal Projects/SpaceGame/Project/SpaceGame/Intermediate/Shaders/tmp/FAA57B9A4D55CDEF3EB3E5993B45E689/'.
[2015.11.27-12.19.03:329][  0]LogShaderCompilers:Display: Using Local Shader Compiler.
[2015.11.27-12.19.04:213][  0]LogTemp:Display: Loaded TP AllDesktopTargetPlatform
[2015.11.27-12.19.04:217][  0]LogTemp:Display: Loaded TP WindowsClientTargetPlatform
[2015.11.27-12.19.04:221][  0]LogTemp:Display: Loaded TP WindowsNoEditorTargetPlatform
[2015.11.27-12.19.04:226][  0]LogTemp:Display: Loaded TP WindowsServerTargetPlatform
[2015.11.27-12.19.04:230][  0]LogTemp:Display: Loaded TP WindowsTargetPlatform
[2015.11.27-12.19.04:232][  0]LogTemp:Display: Loaded TP AndroidTargetPlatform
[2015.11.27-12.19.04:235][  0]LogTemp:Display: Loaded TP Android_ASTCTargetPlatform
[2015.11.27-12.19.04:238][  0]LogTemp:Display: Loaded TP Android_ATCTargetPlatform
[2015.11.27-12.19.04:240][  0]LogTemp:Display: Loaded TP Android_DXTTargetPlatform
[2015.11.27-12.19.04:243][  0]LogTemp:Display: Loaded TP Android_ETC1TargetPlatform
[2015.11.27-12.19.04:246][  0]LogTemp:Display: Loaded TP Android_ETC2TargetPlatform
[2015.11.27-12.19.04:249][  0]LogTemp:Display: Loaded TP Android_PVRTCTargetPlatform
[2015.11.27-12.19.04:249][  0]LogTemp:Display: Loaded TP HTML5TargetPlatform
[2015.11.27-12.19.04:265][  0]LogTemp:Display: Loaded TP IOSTargetPlatform
[2015.11.27-12.19.04:267][  0]LogTemp:Display: Loaded TP LinuxNoEditorTargetPlatform
[2015.11.27-12.19.04:270][  0]LogTemp:Display: Loaded TP LinuxServerTargetPlatform
[2015.11.27-12.19.04:273][  0]LogTemp:Display: Loaded TP LinuxTargetPlatform
[2015.11.27-12.19.04:273][  0]LogTargetPlatformManager:Display: Building Assets For Windows
[2015.11.27-12.19.04:341][  0]LogDerivedDataCache:Display: Max Cache Size: 512 MB
[2015.11.27-12.19.04:375][  0]LogDerivedDataCache: Loaded boot cache 0.03s 41MB C:/Users/Spellabbet/AppData/Local/UnrealEngine/4.9/DerivedDataCache/Boot.ddc.
[2015.11.27-12.19.04:375][  0]LogDerivedDataCache:Display: Loaded Boot cache: C:/Users/Spellabbet/AppData/Local/UnrealEngine/4.9/DerivedDataCache/Boot.ddc
[2015.11.27-12.19.04:375][  0]LogDerivedDataCache: FDerivedDataBackendGraph:  Pak pak cache file ../../../../../../Users/Spellabbet/Documents/Unreal Projects/SpaceGame/Project/SpaceGame/DerivedDataCache/DDC.ddp not found, will not use a pak cache.
[2015.11.27-12.19.04:375][  0]LogDerivedDataCache: Unable to find inner node Pak for hierarchical cache Hierarchy.
[2015.11.27-12.19.04:375][  0]LogDerivedDataCache: FDerivedDataBackendGraph:  CompressedPak pak cache file ../../../../../../Users/Spellabbet/Documents/Unreal Projects/SpaceGame/Project/SpaceGame/DerivedDataCache/Compressed.ddp not found, will not use a pak cache.
[2015.11.27-12.19.04:375][  0]LogDerivedDataCache: Unable to find inner node CompressedPak for hierarchical cache Hierarchy.
[2015.11.27-12.19.04:486][  0]LogDerivedDataCache:Display: Pak cache opened for reading ../../../Engine/DerivedDataCache/Compressed.ddp.
[2015.11.27-12.19.04:498][  0]LogDerivedDataCache: Using Local data cache path C:/Users/Spellabbet/AppData/Local/UnrealEngine/Common/DerivedDataCache: Writable
[2015.11.27-12.19.04:630][  0]LogInit: Selected Device Profile: [Windows]
[2015.11.27-12.19.04:632][  0]LogContentStreaming: Texture pool size is 0.000000MB
[2015.11.27-12.19.04:732][  0]LogMeshUtilities: No automatic mesh reduction module available
[2015.11.27-12.19.04:732][  0]LogMeshUtilities: No automatic mesh merging module available
[2015.11.27-12.19.04:912][  0]LogInit: WinSock: version 1.1 (2.2), MaxSocks=32767, MaxUdp=65467
[2015.11.27-12.19.05:448][  0]UdpMessaging: Initializing bridge on interface 0.0.0.0:0 to multicast group 230.0.0.1:6666.
[2015.11.27-12.19.05:548][  0]LogAssetRegistry: FAssetRegistry took 0.0109 seconds to start up
[2015.11.27-12.19.05:679][  0]SourceControl: Info Source control is disabled
[2015.11.27-12.19.05:687][  0]SourceControl: Info Source control is disabled
[2015.11.27-12.19.05:696][  0]SourceControl: Info Source control is disabled
[2015.11.27-12.19.05:703][  0]SourceControl: Info Source control is disabled
[2015.11.27-12.19.05:812][  0]LogLinker:Warning: Asset '../../../Engine/Plugins/Runtime/LeapMotionController/Content/LM_PassthroughMaterial.uasset' has been saved with empty engine version. The asset will be loaded but may be incompatible.
[2015.11.27-12.19.05:868][  0]LogObj: 28437 objects as part of root set at end of initial load.
[2015.11.27-12.19.05:868][  0]LogUObjectAllocator: 6068432 out of 0 bytes used by permanent object pool.
[2015.11.27-12.19.05:914][  0]LogEngine: Initializing Engine...
[2015.11.27-12.19.05:915][  0]LogHMD: Can't find Oculus library dev build: is proper Runtime installed? Version: 0.7.0.0
[2015.11.27-12.19.05:916][  0]LogHMD: SteamVR failed to initialize.  Err: 110
[2015.11.27-12.19.06:009][  0]LogAIModule: Creating AISystem for world NewWorld
[2015.11.27-12.19.06:013][  0]LogInit: XAudio2 using 'Speakers (4- High Definition Audio Device)' : 2 channels at 44.1 kHz using 16 bits per sample (channel mask 0x3)
[2015.11.27-12.19.06:024][  0]LogInit: FAudioDevice initialized.
[2015.11.27-12.19.06:041][  0]LogDerivedDataCache: Saved boot cache 0.02s 41MB C:/Users/Spellabbet/AppData/Local/UnrealEngine/4.9/DerivedDataCache/Boot.ddc.
[2015.11.27-12.19.06:044][  0]LogInit: Texture streaming: Enabled
[2015.11.27-12.19.06:049][  0]LogAnalytics: Creating configured Analytics provider AnalyticsET
[2015.11.27-12.19.06:049][  0]LogAnalytics: [UEEditor.Rocket.Release] APIServer = http://et2.epicgames.com/ET2/. AppVersion = 4.9.2-2707645+++depot+UE4-Releases+4.9
[2015.11.27-12.19.06:049][  0]LogAnalytics: [UEEditor.Rocket.Release] SetUserId 634ab0cb456977c100e99f821f1d4277|7ebf86fc13e44331864479a64887c1c8|060e5e79-a789-49c4-8abd-5d8b330400a7
[2015.11.27-12.19.06:049][  0]LogAnalytics: [UEEditor.Rocket.Release] AnalyticsET::StartSession
[2015.11.27-12.19.06:066][  0]LogInit: Transaction tracking system initialized
[2015.11.27-12.19.06:088][  0]BlueprintLog: New page: Editor Load
[2015.11.27-12.19.06:147][  0]LocalizationService: Info Localization service is disabled
[2015.11.27-12.19.06:207][  0]LogConsoleResponse:Display: 
[2015.11.27-12.19.06:308][  0]LogCook:Display: Done creating registry. It took  0.00s.
[2015.11.27-12.19.06:363][  0]LogFileCache: Scanning file cache for directory 'C:/Users/Spellabbet/Documents/Unreal Projects/SpaceGame/Project/SpaceGame/Content/' took 0.01s
[2015.11.27-12.19.06:363][  0]SourceControl: Info Source control is disabled
[2015.11.27-12.19.06:363][  0]Cmd: MAP LOAD FILE="../../../Engine/Content/Maps/Templates/Template_Default.umap" TEMPLATE=1 SHOWPROGRESS=1 FEATURELEVEL=3
[2015.11.27-12.19.06:364][  0]LightingResults: New page: Lighting Build
[2015.11.27-12.19.06:366][  0]MapCheck: New page: Map Check
[2015.11.27-12.19.06:366][  0]LightingResults: New page: Lighting Build
[2015.11.27-12.19.06:375][  0]LogParticles: Destroying 0 GPU particle simulations for FXSystem 0x00000078E4AEA160
[2015.11.27-12.19.06:583][  0]LogAIModule: Creating AISystem for world Untitled_1
[2015.11.27-12.19.06:586][  0]LogEditorServer: Finished looking for orphan Actors (0.000 secs)
[2015.11.27-12.19.06:590][  0]Cmd: MAP CHECKDEP NOCLEARLOG
[2015.11.27-12.19.06:625][  0]MapCheck: Info Map check complete: 0 Error(s), 0 Warning(s), took 35.404ms to complete.
[2015.11.27-12.19.06:625][  0]LogFileHelpers: Loading map 'Template_Default' took 0.262
[2015.11.27-12.19.06:713][  0]LogCollectionManager: Loaded 0 collections in 0.001481 seconds
[2015.11.27-12.19.06:753][  0]LogFileCache: Scanning file cache for directory 'C:/Users/Spellabbet/Documents/Unreal Projects/SpaceGame/Project/SpaceGame/Saved/Collections/' took 0.01s
[2015.11.27-12.19.06:753][  0]LogFileCache: Scanning file cache for directory 'C:/Users/Spellabbet/Documents/Unreal Projects/SpaceGame/Project/SpaceGame/Content/Developers/Spellabbet/Collections/' took 0.01s
[2015.11.27-12.19.06:753][  0]LogFileCache: Scanning file cache for directory 'C:/Users/Spellabbet/Documents/Unreal Projects/SpaceGame/Project/SpaceGame/Content/Collections/' took 0.01s
[2015.11.27-12.19.06:753][  0]LogContentBrowser: Native class hierarchy populated in 0.0066 seconds. Added 1875 classes and 335 folders.
[2015.11.27-12.19.06:757][  0]LogCollectionManager: Rebuilt the GUID cache for 0 collections in 0.000002 seconds
[2015.11.27-12.19.06:763][  0]LogContentBrowser: Native class hierarchy updated for 'WidgetCarousel' in 0.0008 seconds. Added 0 classes and 0 folders.
[2015.11.27-12.19.06:792][  0]LogContentBrowser: Native class hierarchy updated for 'AddContentDialog' in 0.0009 seconds. Added 0 classes and 0 folders.
[2015.11.27-12.19.06:801][  0]LogContentBrowser: Native class hierarchy updated for 'SceneOutliner' in 0.0014 seconds. Added 1 classes and 2 folders.
[2015.11.27-12.19.06:856][  0]LogCrashTracker: Crashtracker disabled due to settings.
[2015.11.27-12.19.06:860][  0]LogUObjectGlobals:Warning: Failed to find object 'Class None.'
[2015.11.27-12.19.06:882][  0]LogLoad: Full Startup: 4.96 seconds (BP compile: 0.05 seconds)
[2015.11.27-12.19.07:279][  0]LogContentStreaming: Texture pool size now 1000 MB
[2015.11.27-12.19.07:398][  0]LogRenderer: Reallocating scene render targets to support 1076x556 (Frame:2).
[2015.11.27-12.19.07:903][  2]LogAssetRegistry: Asset discovery search completed in 2.3669 seconds
[2015.11.27-12.19.07:903][  2]LogCollectionManager: Rebuilt the object cache for 0 collections in 0.000001 seconds (found 0 objects)
[2015.11.27-12.19.07:903][  2]LogCollectionManager: Fixed up redirectors for 0 collections in 0.000027 seconds (updated 0 objects)
[2015.11.27-12.19.12:444][158]Recompiling SpaceGame...
[2015.11.27-12.19.12:444][158]Launching UnrealBuildTool... [C:/Program Files/Epic Games/4.9/Engine/Binaries/DotNET/UnrealBuildTool.exe SpaceGame -ModuleWithSuffix SpaceGame 4153 Win64 Development -editorrecompile -canskiplink "C:/Users/Spellabbet/Documents/Unreal Projects/SpaceGame/Project/SpaceGame/SpaceGame.uproject" -rocket  -rocket]
[2015.11.27-12.19.12:446][158]Warning: Starting HotReload took  0.0s.
[2015.11.27-12.19.14:694][402]LogAIModule: Creating AISystem for world Untitled
[2015.11.27-12.19.14:715][402]Cmd: MAP LOAD FILE="../../../../../../Users/Spellabbet/Documents/Unreal Projects/SpaceGame/Project/SpaceGame/Content/Maps/Untitled.umap" TEMPLATE=0 SHOWPROGRESS=1 FEATURELEVEL=3
[2015.11.27-12.19.14:715][402]LightingResults: New page: Lighting Build
[2015.11.27-12.19.14:732][402]LoadErrors: New page: Loading map: Untitled.umap
[2015.11.27-12.19.14:732][402]MapCheck: New page: Map Check
[2015.11.27-12.19.14:732][402]LightingResults: New page: Lighting Build
[2015.11.27-12.19.14:743][402]LogParticles: Destroying 0 GPU particle simulations for FXSystem 0x00000078D77D2CA0
[2015.11.27-12.19.14:779][402]LogEditorServer: Finished looking for orphan Actors (0.000 secs)
[2015.11.27-12.19.14:813][402]Cmd: MAP CHECKDEP NOCLEARLOG
[2015.11.27-12.19.14:843][402]MapCheck: Info Map check complete: 0 Error(s), 0 Warning(s), took 29.291ms to complete.
[2015.11.27-12.19.14:843][402]LogFileHelpers: Loading map 'Untitled' took 0.129
[2015.11.27-12.19.22:963][360]CompilerResultsLog: New page: Compilation - Nov 27, 2015, 2:19:22 PM
[2015.11.27-12.19.22:964][360]CompilerResultsLog: Info Compiling game modules for hot reload
[2015.11.27-12.19.22:964][360]CompilerResultsLog: Info Parsing headers for SpaceGameEditor
[2015.11.27-12.19.22:964][360]CompilerResultsLog: Info   Running UnrealHeaderTool "C:/Users/Spellabbet/Documents/Unreal Projects/SpaceGame/Project/SpaceGame/SpaceGame.uproject" "C:\Users\Spellabbet\Documents\Unreal Projects\SpaceGame\Project\SpaceGame\Intermediate\Build\Win64\SpaceGameEditor\Development\UnrealHeaderTool.manifest" -LogCmds="loginit warning, logexit warning, logdatabase error" -rocket -installed
[2015.11.27-12.19.22:964][360]CompilerResultsLog: Info Reflection code generated for SpaceGameEditor in 7,3412158 seconds
[2015.11.27-12.19.22:964][360]CompilerResultsLog: Info Performing 7 actions (4 in parallel)
[2015.11.27-12.19.22:964][360]CompilerResultsLog: Info Combat.cpp
[2015.11.27-12.19.22:964][360]CompilerResultsLog: Info MousePawn.cpp
[2015.11.27-12.19.22:964][360]CompilerResultsLog: Info Fleet.cpp
[2015.11.27-12.19.22:964][360]CompilerResultsLog: Info Link.cpp
[2015.11.27-12.19.22:964][360]CompilerResultsLog:Error: Error C:\Users\Spellabbet\Documents\Unreal Projects\SpaceGame\Project\SpaceGame\Source\SpaceGame\Fleet.cpp(53)  : error C2678: binary '-' : no operator found which takes a left-hand operand of type 'FVector' (or there is no acceptable conversion)
[2015.11.27-12.19.22:964][360]CompilerResultsLog: Info          c:\program files\epic games\4.9\engine\source\runtime\core\public\math\Vector.h(175) : could be 'FVector FVector::operator -(float) const'
[2015.11.27-12.19.22:964][360]CompilerResultsLog: Info          c:\program files\epic games\4.9\engine\source\runtime\core\public\math\Vector.h(167) : or       'FVector FVector::operator -(const FVector &) const'
[2015.11.27-12.19.22:964][360]CompilerResultsLog: Info         while trying to match the argument list '(FVector, FVector *)'
[2015.11.27-12.19.22:965][360]CompilerResultsLog: Info Star.cpp
[2015.11.27-12.19.22:965][360]CompilerResultsLog: Info SpaceGame.generated.cpp
[2015.11.27-12.19.22:965][360]CompilerResultsLog: Info -------- End Detailed Actions Stats -----------------------------------------------------------
[2015.11.27-12.19.22:965][360]CompilerResultsLog: Info ERROR: UBT ERROR: Failed to produce item: C:\Users\Spellabbet\Documents\Unreal Projects\SpaceGame\Project\SpaceGame\Binaries\Win64\UE4Editor-SpaceGame-4153.dll
[2015.11.27-12.19.22:965][360]CompilerResultsLog: Info Total build time: 10,49 seconds
[2015.11.27-12.19.22:965][360]LogMainFrame: MainFrame: Module compiling took 10.522 seconds
[2015.11.27-12.19.22:965][360]Warning: HotReload failed, recompile failed
[2015.11.27-12.19.39:967][182]Recompiling SpaceGame...
[2015.11.27-12.19.39:967][182]Launching UnrealBuildTool... [C:/Program Files/Epic Games/4.9/Engine/Binaries/DotNET/UnrealBuildTool.exe SpaceGame -ModuleWithSuffix SpaceGame 7901 Win64 Development -editorrecompile -canskiplink "C:/Users/Spellabbet/Documents/Unreal Projects/SpaceGame/Project/SpaceGame/SpaceGame.uproject" -rocket  -rocket]
[2015.11.27-12.19.39:968][182]Warning: Starting HotReload took  0.0s.
[2015.11.27-12.19.43:177][549]CompilerResultsLog: New page: Compilation - Nov 27, 2015, 2:19:43 PM
[2015.11.27-12.19.43:177][549]CompilerResultsLog: Info Compiling game modules for hot reload
[2015.11.27-12.19.43:178][549]CompilerResultsLog: Info Performing 2 actions (4 in parallel)
[2015.11.27-12.19.43:178][549]CompilerResultsLog: Info Fleet.cpp
[2015.11.27-12.19.43:178][549]CompilerResultsLog: Info [2/2] Link UE4Editor-SpaceGame-7901.dll
[2015.11.27-12.19.43:178][549]CompilerResultsLog: Info    Creating library C:\Users\Spellabbet\Documents\Unreal Projects\SpaceGame\Project\SpaceGame\Intermediate/Build/Win64\UE4Editor\Development\UE4Editor-SpaceGame-7901.lib and object C:\Users\Spellabbet\Documents\Unreal Projects\SpaceGame\Project\SpaceGame\Intermediate/Build/Win64\UE4Editor\Development\UE4Editor-SpaceGame-7901.exp
[2015.11.27-12.19.43:178][549]CompilerResultsLog: Info -------- End Detailed Actions Stats -----------------------------------------------------------
[2015.11.27-12.19.43:178][549]CompilerResultsLog: Info Total build time: 3,18 seconds
[2015.11.27-12.19.43:178][549]LogMainFrame: MainFrame: Module compiling took 3.214 seconds
[2015.11.27-12.19.43:250][549]LogClass: FleetState HotReload.
[2015.11.27-12.19.43:250][549]LogClass: OwnedBy HotReload.
[2015.11.27-12.19.43:253][549]LogContentBrowser: Native class hierarchy updated for 'SpaceGame' in 0.0010 seconds. Added 8 classes and 2 folders.
[2015.11.27-12.19.43:254][549]Warning: HotReload successful (7 functions remapped  0 scriptstructs remapped)
[2015.11.27-12.19.43:319][549]LogContentBrowser: Native class hierarchy populated in 0.0067 seconds. Added 1876 classes and 337 folders.
[2015.11.27-12.19.45:730][836]LogBlueprintUserMessages: Early PlayInEditor Detection: Level '/Game/Maps/Untitled.Untitled:PersistentLevel' has LevelScriptBlueprint '/Game/Maps/Untitled.Untitled:PersistentLevel.Untitled' with GeneratedClass '/Game/Maps/Untitled.Untitled_C' with ClassGeneratedBy '/Game/Maps/Untitled.Untitled:PersistentLevel.Untitled'
[2015.11.27-12.19.45:730][836]LogPlayLevel: PlayLevel: No blueprints needed recompiling
[2015.11.27-12.19.45:730][836]PIE: New page: PIE session: Untitled (Nov 27, 2015, 2:19:45 PM)
[2015.11.27-12.19.45:730][836]LogPlayLevel: Creating play world package: /Game/Maps/UEDPIE_0_Untitled
[2015.11.27-12.19.45:735][836]LogPlayLevel: PIE: StaticDuplicateObject took: (0.004329s)
[2015.11.27-12.19.45:735][836]LogAIModule: Creating AISystem for world Untitled
[2015.11.27-12.19.45:735][836]LogPlayLevel: PIE: World Init took: (0.000701s)
[2015.11.27-12.19.45:736][836]LogPlayLevel: PIE: Created PIE world by copying editor world from /Game/Maps/Untitled.Untitled to /Game/Maps/UEDPIE_0_Untitled.Untitled (0.005478s)
[2015.11.27-12.19.45:750][836]LogInit: XAudio2 using 'Speakers (4- High Definition Audio Device)' : 2 channels at 44.1 kHz using 16 bits per sample (channel mask 0x3)
[2015.11.27-12.19.45:754][836]LogInit: FAudioDevice initialized.
[2015.11.27-12.19.45:834][836]LogWorld: Game class is 'GameModeBP_C'
[2015.11.27-12.19.45:836][836]LogWorld: Bringing World /Game/Maps/UEDPIE_0_Untitled.Untitled up for play (max tick rate 0) at 2015.11.27-13.19.45
[2015.11.27-12.19.45:836][836]LogActor:Warning: GameSession /Game/Maps/UEDPIE_0_Untitled.Untitled:PersistentLevel.GameSession_0 has natively added scene component(s), but none of them were set as the actor's RootComponent - picking one arbitrarily
[2015.11.27-12.19.45:836][836]LogActor:Warning: GameNetworkManager /Game/Maps/UEDPIE_0_Untitled.Untitled:PersistentLevel.GameNetworkManager_0 has natively added scene component(s), but none of them were set as the actor's RootComponent - picking one arbitrarily
[2015.11.27-12.19.45:836][836]LogWorld: Bringing up level for play took: 0.001730
[2015.11.27-12.19.45:837][836]PIE: Info Play in editor start time for /Game/Maps/UEDPIE_0_Untitled -0.132
[2015.11.27-12.19.45:837][836]LogBlueprintUserMessages: Late PlayInEditor Detection: Level '/Game/Maps/Untitled.Untitled:PersistentLevel' has LevelScriptBlueprint '/Game/Maps/Untitled.Untitled:PersistentLevel.Untitled' with GeneratedClass '/Game/Maps/Untitled.Untitled_C' with ClassGeneratedBy '/Game/Maps/Untitled.Untitled:PersistentLevel.Untitled'
[2015.11.27-12.19.47:292][991]LogCrashTracker: 


[2015.11.27-12.19.47:293][991]LogCrashTracker: 


[2015.11.27-12.19.47:293][991]LogWindows: === Critical error: ===
Fatal error!



[2015.11.27-12.19.47:388][991]LogExit: Executing StaticShutdownAfterError
[2015.11.27-12.19.47:390][991]LogOutputDevice:Warning: 

Script Stack:
MouseControllerBP_C.ExecuteUbergraph_MouseControllerBP
MouseControllerBP_C.InpActEvt_RightMouseButton_K2Node_InputKeyEvent_3

[2015.11.27-12.19.47:391][991]LogPhysics:Warning: PHYSX: ..\..\PhysX\src\NpScene.cpp (2946) 8 : PxScene::unlockWrite() called without matching call to PxScene::lockWrite(), behaviour will be undefined.
[2015.11.27-12.19.47:391][991]LogPhysics:Warning: PHYSX: ..\..\PhysX\src\NpScene.cpp (2946) 8 : PxScene::unlockWrite() called without matching call to PxScene::lockWrite(), behaviour will be undefined.
[2015.11.27-12.19.47:391][991]LogPhysics:Warning: PHYSX: ..\..\PhysX\src\NpScene.cpp (2946) 8 : PxScene::unlockWrite() called without matching call to PxScene::lockWrite(), behaviour will be undefined.
[2015.11.27-12.19.47:392][991]LogPhysics:Warning: PHYSX: ..\..\PhysX\src\NpScene.cpp (2946) 8 : PxScene::unlockWrite() called without matching call to PxScene::lockWrite(), behaviour will be undefined.
[2015.11.27-12.19.47:392][991]LogWindows: FPlatformMisc::RequestExit(1)
[2015.11.27-12.19.47:392][991]Log file closed, 11/27/15 13:19:47
