[2015.11.27-12.15.53:878][  0]Log file open, 11/27/15 13:15:53
[2015.11.27-12.15.53:878][  0]LogInit:Display: Running engine without a game
[2015.11.27-12.15.53:878][  0]LogInit:Display: Loading recent project file: ../../../../../../Users/Spellabbet/Documents/Unreal Projects/SpaceGame/Project/SpaceGame/SpaceGame.uproject
[2015.11.27-12.15.53:878][  0]LogInit:Display: RandInit(1435319191) SRandInit(1435319192).
[2015.11.27-12.15.53:878][  0]LogTaskGraph: Started task graph with 4 named threads and 7 total threads.
[2015.11.27-12.15.53:878][  0]LogStats: Stats thread started at 0.070231
[2015.11.27-12.15.53:878][  0]LogInit: Version: 4.9.2-2707645+++depot+UE4-Releases+4.9
[2015.11.27-12.15.53:878][  0]LogInit: API Version: 2672455
[2015.11.27-12.15.53:878][  0]LogInit: Compiled (64-bit): Sep 28 2015 10:25:44
[2015.11.27-12.15.53:878][  0]LogInit: Compiled with Visual C++: 18.00.21005.01
[2015.11.27-12.15.53:878][  0]LogInit: Build Configuration: Development
[2015.11.27-12.15.53:878][  0]LogInit: Branch Name: ++depot+UE4-Releases+4.9
[2015.11.27-12.15.53:878][  0]LogInit: Command line: 
[2015.11.27-12.15.53:878][  0]LogInit: Base directory: C:/Program Files/Epic Games/4.9/Engine/Binaries/Win64/
[2015.11.27-12.15.53:878][  0]LogInit: Rocket: 1
[2015.11.27-12.15.53:886][  0]LogInit: Using libcurl 7.41.0
[2015.11.27-12.15.53:886][  0]LogInit:  - built for x86_64-pc-win32
[2015.11.27-12.15.53:886][  0]LogInit:  - supports SSL with WinSSL
[2015.11.27-12.15.53:886][  0]LogInit:  - other features:
[2015.11.27-12.15.53:886][  0]LogInit:      CURL_VERSION_SSL
[2015.11.27-12.15.53:886][  0]LogInit:      CURL_VERSION_IPV6
[2015.11.27-12.15.53:886][  0]LogInit:      CURL_VERSION_ASYNCHDNS
[2015.11.27-12.15.53:886][  0]LogInit:      CURL_VERSION_LARGEFILE
[2015.11.27-12.15.53:886][  0]LogInit:      CURL_VERSION_IDN
[2015.11.27-12.15.53:886][  0]LogInit:  CurlRequestOptions (configurable via config and command line):
[2015.11.27-12.15.53:886][  0]LogInit:  - bVerifyPeer = true  - Libcurl will verify peer certificate
[2015.11.27-12.15.53:886][  0]LogInit:  - bUseHttpProxy = false  - Libcurl will NOT use HTTP proxy
[2015.11.27-12.15.53:886][  0]LogInit:  - bDontReuseConnections = false  - Libcurl will reuse connections
[2015.11.27-12.15.53:886][  0]LogInit:  - CertBundlePath = nullptr  - Libcurl will use whatever was configured at build time.
[2015.11.27-12.15.53:893][  0]LogInit: Presizing for 0 objects not considered by GC, pre-allocating 0 bytes.
[2015.11.27-12.15.53:902][  0]LogInit: Object subsystem initialized
[2015.11.27-12.15.53:904][  0]LogInit: Selected Device Profile: [Windows]
[2015.11.27-12.15.53:904][  0]LogInit: Applying CVar settings loaded from the selected device profile: [Windows]
[2015.11.27-12.15.53:913][  0]LogInit: Computer: SpellabbA332-09
[2015.11.27-12.15.53:913][  0]LogInit: User: Spellabbet
[2015.11.27-12.15.53:913][  0]LogInit: CPU Page size=4096, Cores=4
[2015.11.27-12.15.53:913][  0]LogInit: High frequency timer resolution =3.507519 MHz
[2015.11.27-12.15.53:913][  0]LogMemory: Memory total: Physical=15.9GB (16GB approx)
[2015.11.27-12.15.53:913][  0]LogMemory: Platform Memory Stats for Windows
[2015.11.27-12.15.53:913][  0]LogMemory: Process Physical Memory: 52.08 MB used, 52.08 MB peak
[2015.11.27-12.15.53:913][  0]LogMemory: Process Virtual Memory: 55.06 MB used, 55.06 MB peak
[2015.11.27-12.15.53:913][  0]LogMemory: Physical Memory: 3525.25 MB used, 16318.82 MB total
[2015.11.27-12.15.53:913][  0]LogMemory: Virtual Memory: 347.38 MB used, 134217728.00 MB total
[2015.11.27-12.15.53:942][  0]LogTextLocalizationManager: No translations for ('sv-SE') exist, falling back to 'en' for localization and internationalization data.
[2015.11.27-12.15.54:576][  0]LogD3D11RHI: Found D3D11 adapter 0: NVIDIA GeForce GTX 960 (Feature Level 11_0)
[2015.11.27-12.15.54:576][  0]LogD3D11RHI: Adapter has 1965MB of dedicated video memory, 0MB of dedicated system memory, and 2048MB of shared system memory, 1 output[s]
[2015.11.27-12.15.54:577][  0]LogD3D11RHI: Found D3D11 adapter 1: Microsoft Basic Render Driver (Feature Level 11_0)
[2015.11.27-12.15.54:577][  0]LogD3D11RHI: Adapter has 0MB of dedicated video memory, 0MB of dedicated system memory, and 256MB of shared system memory, 0 output[s]
[2015.11.27-12.15.54:577][  0]LogD3D11RHI: Chosen D3D11 Adapter Id = 0
[2015.11.27-12.15.54:579][  0]LogD3D11RHI: !Direct3DDevice
[2015.11.27-12.15.54:579][  0]LogRHI: Texture pool is 1361 MB (70% of 1945 MB)
[2015.11.27-12.15.54:591][  0]LogD3D11RHI: Async texture creation enabled
[2015.11.27-12.15.54:606][  0]LogShaderCompilers: Guid format shader working directory is 15 characters bigger than the processId version (../../../../../../Users/Spellabbet/Documents/Unreal Projects/SpaceGame/Project/SpaceGame/Intermediate/Shaders/WorkingDirectory/4932/).
[2015.11.27-12.15.54:607][  0]LogShaderCompilers: Cleaned the shader compiler working directory '../../../../../../Users/Spellabbet/Documents/Unreal Projects/SpaceGame/Project/SpaceGame/Intermediate/Shaders/tmp/78EEB3D64814066A782AF5B15BCCF474/'.
[2015.11.27-12.15.54:607][  0]LogShaderCompilers:Display: Using Local Shader Compiler.
[2015.11.27-12.15.55:514][  0]LogTemp:Display: Loaded TP AllDesktopTargetPlatform
[2015.11.27-12.15.55:520][  0]LogTemp:Display: Loaded TP WindowsClientTargetPlatform
[2015.11.27-12.15.55:525][  0]LogTemp:Display: Loaded TP WindowsNoEditorTargetPlatform
[2015.11.27-12.15.55:530][  0]LogTemp:Display: Loaded TP WindowsServerTargetPlatform
[2015.11.27-12.15.55:535][  0]LogTemp:Display: Loaded TP WindowsTargetPlatform
[2015.11.27-12.15.55:539][  0]LogTemp:Display: Loaded TP AndroidTargetPlatform
[2015.11.27-12.15.55:542][  0]LogTemp:Display: Loaded TP Android_ASTCTargetPlatform
[2015.11.27-12.15.55:547][  0]LogTemp:Display: Loaded TP Android_ATCTargetPlatform
[2015.11.27-12.15.55:552][  0]LogTemp:Display: Loaded TP Android_DXTTargetPlatform
[2015.11.27-12.15.55:556][  0]LogTemp:Display: Loaded TP Android_ETC1TargetPlatform
[2015.11.27-12.15.55:559][  0]LogTemp:Display: Loaded TP Android_ETC2TargetPlatform
[2015.11.27-12.15.55:562][  0]LogTemp:Display: Loaded TP Android_PVRTCTargetPlatform
[2015.11.27-12.15.55:563][  0]LogTemp:Display: Loaded TP HTML5TargetPlatform
[2015.11.27-12.15.55:579][  0]LogTemp:Display: Loaded TP IOSTargetPlatform
[2015.11.27-12.15.55:581][  0]LogTemp:Display: Loaded TP LinuxNoEditorTargetPlatform
[2015.11.27-12.15.55:585][  0]LogTemp:Display: Loaded TP LinuxServerTargetPlatform
[2015.11.27-12.15.55:589][  0]LogTemp:Display: Loaded TP LinuxTargetPlatform
[2015.11.27-12.15.55:589][  0]LogTargetPlatformManager:Display: Building Assets For Windows
[2015.11.27-12.15.55:660][  0]LogDerivedDataCache:Display: Max Cache Size: 512 MB
[2015.11.27-12.15.55:694][  0]LogDerivedDataCache: Loaded boot cache 0.03s 41MB C:/Users/Spellabbet/AppData/Local/UnrealEngine/4.9/DerivedDataCache/Boot.ddc.
[2015.11.27-12.15.55:694][  0]LogDerivedDataCache:Display: Loaded Boot cache: C:/Users/Spellabbet/AppData/Local/UnrealEngine/4.9/DerivedDataCache/Boot.ddc
[2015.11.27-12.15.55:695][  0]LogDerivedDataCache: FDerivedDataBackendGraph:  Pak pak cache file ../../../../../../Users/Spellabbet/Documents/Unreal Projects/SpaceGame/Project/SpaceGame/DerivedDataCache/DDC.ddp not found, will not use a pak cache.
[2015.11.27-12.15.55:695][  0]LogDerivedDataCache: Unable to find inner node Pak for hierarchical cache Hierarchy.
[2015.11.27-12.15.55:695][  0]LogDerivedDataCache: FDerivedDataBackendGraph:  CompressedPak pak cache file ../../../../../../Users/Spellabbet/Documents/Unreal Projects/SpaceGame/Project/SpaceGame/DerivedDataCache/Compressed.ddp not found, will not use a pak cache.
[2015.11.27-12.15.55:695][  0]LogDerivedDataCache: Unable to find inner node CompressedPak for hierarchical cache Hierarchy.
[2015.11.27-12.15.55:807][  0]LogDerivedDataCache:Display: Pak cache opened for reading ../../../Engine/DerivedDataCache/Compressed.ddp.
[2015.11.27-12.15.55:819][  0]LogDerivedDataCache: Using Local data cache path C:/Users/Spellabbet/AppData/Local/UnrealEngine/Common/DerivedDataCache: Writable
[2015.11.27-12.15.55:949][  0]LogInit: Selected Device Profile: [Windows]
[2015.11.27-12.15.55:951][  0]LogContentStreaming: Texture pool size is 0.000000MB
[2015.11.27-12.15.56:044][  0]LogMeshUtilities: No automatic mesh reduction module available
[2015.11.27-12.15.56:044][  0]LogMeshUtilities: No automatic mesh merging module available
[2015.11.27-12.15.56:224][  0]LogInit: WinSock: version 1.1 (2.2), MaxSocks=32767, MaxUdp=65467
[2015.11.27-12.15.56:744][  0]UdpMessaging: Initializing bridge on interface 0.0.0.0:0 to multicast group 230.0.0.1:6666.
[2015.11.27-12.15.56:844][  0]LogAssetRegistry: FAssetRegistry took 0.0109 seconds to start up
[2015.11.27-12.15.56:977][  0]SourceControl: Info Source control is disabled
[2015.11.27-12.15.56:983][  0]SourceControl: Info Source control is disabled
[2015.11.27-12.15.56:995][  0]SourceControl: Info Source control is disabled
[2015.11.27-12.15.57:004][  0]SourceControl: Info Source control is disabled
[2015.11.27-12.15.57:118][  0]LogLinker:Warning: Asset '../../../Engine/Plugins/Runtime/LeapMotionController/Content/LM_PassthroughMaterial.uasset' has been saved with empty engine version. The asset will be loaded but may be incompatible.
[2015.11.27-12.15.57:182][  0]LogObj: 28437 objects as part of root set at end of initial load.
[2015.11.27-12.15.57:182][  0]LogUObjectAllocator: 6068432 out of 0 bytes used by permanent object pool.
[2015.11.27-12.15.57:231][  0]LogEngine: Initializing Engine...
[2015.11.27-12.15.57:232][  0]LogHMD: Can't find Oculus library dev build: is proper Runtime installed? Version: 0.7.0.0
[2015.11.27-12.15.57:233][  0]LogHMD: SteamVR failed to initialize.  Err: 110
[2015.11.27-12.15.57:336][  0]LogAIModule: Creating AISystem for world NewWorld
[2015.11.27-12.15.57:340][  0]LogInit: XAudio2 using 'Speakers (4- High Definition Audio Device)' : 2 channels at 44.1 kHz using 16 bits per sample (channel mask 0x3)
[2015.11.27-12.15.57:350][  0]LogInit: FAudioDevice initialized.
[2015.11.27-12.15.57:368][  0]LogDerivedDataCache: Saved boot cache 0.02s 41MB C:/Users/Spellabbet/AppData/Local/UnrealEngine/4.9/DerivedDataCache/Boot.ddc.
[2015.11.27-12.15.57:371][  0]LogInit: Texture streaming: Enabled
[2015.11.27-12.15.57:375][  0]LogAnalytics: Creating configured Analytics provider AnalyticsET
[2015.11.27-12.15.57:375][  0]LogAnalytics: [UEEditor.Rocket.Release] APIServer = http://et2.epicgames.com/ET2/. AppVersion = 4.9.2-2707645+++depot+UE4-Releases+4.9
[2015.11.27-12.15.57:375][  0]LogAnalytics: [UEEditor.Rocket.Release] SetUserId 634ab0cb456977c100e99f821f1d4277|7ebf86fc13e44331864479a64887c1c8|060e5e79-a789-49c4-8abd-5d8b330400a7
[2015.11.27-12.15.57:376][  0]LogAnalytics: [UEEditor.Rocket.Release] AnalyticsET::StartSession
[2015.11.27-12.15.57:392][  0]LogInit: Transaction tracking system initialized
[2015.11.27-12.15.57:413][  0]BlueprintLog: New page: Editor Load
[2015.11.27-12.15.57:491][  0]LocalizationService: Info Localization service is disabled
[2015.11.27-12.15.57:559][  0]LogConsoleResponse:Display: 
[2015.11.27-12.15.57:644][  0]LogCook:Display: Done creating registry. It took  0.00s.
[2015.11.27-12.15.57:694][  0]LogFileCache: Scanning file cache for directory 'C:/Users/Spellabbet/Documents/Unreal Projects/SpaceGame/Project/SpaceGame/Content/' took 0.01s
[2015.11.27-12.15.57:694][  0]SourceControl: Info Source control is disabled
[2015.11.27-12.15.57:694][  0]Cmd: MAP LOAD FILE="../../../Engine/Content/Maps/Templates/Template_Default.umap" TEMPLATE=1 SHOWPROGRESS=1 FEATURELEVEL=3
[2015.11.27-12.15.57:695][  0]LightingResults: New page: Lighting Build
[2015.11.27-12.15.57:698][  0]MapCheck: New page: Map Check
[2015.11.27-12.15.57:698][  0]LightingResults: New page: Lighting Build
[2015.11.27-12.15.57:709][  0]LogParticles: Destroying 0 GPU particle simulations for FXSystem 0x000001D304C7E160
[2015.11.27-12.15.57:899][  0]LogAIModule: Creating AISystem for world Untitled_1
[2015.11.27-12.15.57:903][  0]LogEditorServer: Finished looking for orphan Actors (0.000 secs)
[2015.11.27-12.15.57:906][  0]Cmd: MAP CHECKDEP NOCLEARLOG
[2015.11.27-12.15.57:940][  0]MapCheck: Info Map check complete: 0 Error(s), 0 Warning(s), took 33.434ms to complete.
[2015.11.27-12.15.57:940][  0]LogFileHelpers: Loading map 'Template_Default' took 0.245
[2015.11.27-12.15.58:033][  0]LogCollectionManager: Loaded 0 collections in 0.001567 seconds
[2015.11.27-12.15.58:072][  0]LogFileCache: Scanning file cache for directory 'C:/Users/Spellabbet/Documents/Unreal Projects/SpaceGame/Project/SpaceGame/Saved/Collections/' took 0.01s
[2015.11.27-12.15.58:073][  0]LogFileCache: Scanning file cache for directory 'C:/Users/Spellabbet/Documents/Unreal Projects/SpaceGame/Project/SpaceGame/Content/Developers/Spellabbet/Collections/' took 0.01s
[2015.11.27-12.15.58:073][  0]LogFileCache: Scanning file cache for directory 'C:/Users/Spellabbet/Documents/Unreal Projects/SpaceGame/Project/SpaceGame/Content/Collections/' took 0.01s
[2015.11.27-12.15.58:073][  0]LogContentBrowser: Native class hierarchy populated in 0.0064 seconds. Added 1875 classes and 335 folders.
[2015.11.27-12.15.58:076][  0]LogCollectionManager: Rebuilt the GUID cache for 0 collections in 0.000002 seconds
[2015.11.27-12.15.58:082][  0]LogContentBrowser: Native class hierarchy updated for 'WidgetCarousel' in 0.0008 seconds. Added 0 classes and 0 folders.
[2015.11.27-12.15.58:117][  0]LogContentBrowser: Native class hierarchy updated for 'AddContentDialog' in 0.0009 seconds. Added 0 classes and 0 folders.
[2015.11.27-12.15.58:127][  0]LogContentBrowser: Native class hierarchy updated for 'SceneOutliner' in 0.0015 seconds. Added 1 classes and 2 folders.
[2015.11.27-12.15.58:179][  0]LogCrashTracker: Crashtracker disabled due to settings.
[2015.11.27-12.15.58:183][  0]LogUObjectGlobals:Warning: Failed to find object 'Class None.'
[2015.11.27-12.15.58:206][  0]LogLoad: Full Startup: 5.03 seconds (BP compile: 0.03 seconds)
[2015.11.27-12.15.58:259][  0]LogContentStreaming: Texture pool size now 1000 MB
[2015.11.27-12.15.58:370][  0]LogRenderer: Reallocating scene render targets to support 1076x556 (Frame:2).
[2015.11.27-12.15.58:518][  2]LogAssetRegistry: Asset discovery search completed in 1.6859 seconds
[2015.11.27-12.15.58:518][  2]LogCollectionManager: Rebuilt the object cache for 0 collections in 0.000001 seconds (found 0 objects)
[2015.11.27-12.15.58:518][  2]LogCollectionManager: Fixed up redirectors for 0 collections in 0.000027 seconds (updated 0 objects)
[2015.11.27-12.15.59:662][133]Recompiling SpaceGame...
[2015.11.27-12.15.59:662][133]Launching UnrealBuildTool... [C:/Program Files/Epic Games/4.9/Engine/Binaries/DotNET/UnrealBuildTool.exe SpaceGame -ModuleWithSuffix SpaceGame 3848 Win64 Development -editorrecompile -canskiplink "C:/Users/Spellabbet/Documents/Unreal Projects/SpaceGame/Project/SpaceGame/SpaceGame.uproject" -rocket  -rocket]
[2015.11.27-12.15.59:663][133]Warning: Starting HotReload took  0.0s.
[2015.11.27-12.16.02:907][502]CompilerResultsLog: New page: Compilation - Nov 27, 2015, 2:16:02 PM
[2015.11.27-12.16.02:907][502]CompilerResultsLog: Info Compiling game modules for hot reload
[2015.11.27-12.16.02:908][502]CompilerResultsLog: Info Performing 2 actions (4 in parallel)
[2015.11.27-12.16.02:908][502]CompilerResultsLog: Info Fleet.cpp
[2015.11.27-12.16.02:908][502]CompilerResultsLog: Info [2/2] Link UE4Editor-SpaceGame-3848.dll
[2015.11.27-12.16.02:908][502]CompilerResultsLog: Info    Creating library C:\Users\Spellabbet\Documents\Unreal Projects\SpaceGame\Project\SpaceGame\Intermediate/Build/Win64\UE4Editor\Development\UE4Editor-SpaceGame-3848.lib and object C:\Users\Spellabbet\Documents\Unreal Projects\SpaceGame\Project\SpaceGame\Intermediate/Build/Win64\UE4Editor\Development\UE4Editor-SpaceGame-3848.exp
[2015.11.27-12.16.02:908][502]CompilerResultsLog: Info -------- End Detailed Actions Stats -----------------------------------------------------------
[2015.11.27-12.16.02:908][502]CompilerResultsLog: Info Total build time: 3,21 seconds
[2015.11.27-12.16.02:908][502]LogMainFrame: MainFrame: Module compiling took 3.248 seconds
[2015.11.27-12.16.02:990][502]LogClass: FleetState HotReload.
[2015.11.27-12.16.02:990][502]LogClass: OwnedBy HotReload.
[2015.11.27-12.16.02:993][502]LogContentBrowser: Native class hierarchy updated for 'SpaceGame' in 0.0010 seconds. Added 8 classes and 2 folders.
[2015.11.27-12.16.02:994][502]Warning: HotReload successful (7 functions remapped  0 scriptstructs remapped)
[2015.11.27-12.16.03:049][502]LogContentBrowser: Native class hierarchy populated in 0.0070 seconds. Added 1876 classes and 337 folders.
[2015.11.27-12.16.06:027][856]LogPlayLevel: PlayLevel: No blueprints needed recompiling
[2015.11.27-12.16.06:027][856]PIE: New page: PIE session: Untitled_1 (Nov 27, 2015, 2:16:06 PM)
[2015.11.27-12.16.06:027][856]LogPlayLevel: Creating play world package: /Temp/UEDPIE_0_Untitled_1
[2015.11.27-12.16.06:029][856]LogPlayLevel: PIE: StaticDuplicateObject took: (0.001966s)
[2015.11.27-12.16.06:030][856]LogAIModule: Creating AISystem for world Untitled_1
[2015.11.27-12.16.06:030][856]LogPlayLevel: PIE: World Init took: (0.000850s)
[2015.11.27-12.16.06:031][856]LogPlayLevel: PIE: Created PIE world by copying editor world from /Temp/Untitled_1.Untitled_1 to /Temp/UEDPIE_0_Untitled_1.Untitled_1 (0.003246s)
[2015.11.27-12.16.06:044][856]LogInit: XAudio2 using 'Speakers (4- High Definition Audio Device)' : 2 channels at 44.1 kHz using 16 bits per sample (channel mask 0x3)
[2015.11.27-12.16.06:048][856]LogInit: FAudioDevice initialized.
[2015.11.27-12.16.06:128][856]LogWorld: Game class is 'GameModeBP_C'
[2015.11.27-12.16.06:130][856]LogWorld: Bringing World /Temp/UEDPIE_0_Untitled_1.Untitled_1 up for play (max tick rate 0) at 2015.11.27-13.16.06
[2015.11.27-12.16.06:130][856]LogActor:Warning: GameSession /Temp/UEDPIE_0_Untitled_1.Untitled_1:PersistentLevel.GameSession_0 has natively added scene component(s), but none of them were set as the actor's RootComponent - picking one arbitrarily
[2015.11.27-12.16.06:131][856]LogActor:Warning: GameNetworkManager /Temp/UEDPIE_0_Untitled_1.Untitled_1:PersistentLevel.GameNetworkManager_0 has natively added scene component(s), but none of them were set as the actor's RootComponent - picking one arbitrarily
[2015.11.27-12.16.06:131][856]LogWorld: Bringing up level for play took: 0.001526
[2015.11.27-12.16.06:132][856]PIE: Info Play in editor start time for /Temp/UEDPIE_0_Untitled_1 0.164
[2015.11.27-12.16.08:299][108]LogAIModule: Creating AISystem for world Untitled
[2015.11.27-12.16.10:657][108]LogParticles: Destroying 0 GPU particle simulations for FXSystem 0x000000EA81412A20
[2015.11.27-12.16.10:657][108]Cmd: MAP LOAD FILE="../../../../../../Users/Spellabbet/Documents/Unreal Projects/SpaceGame/Project/SpaceGame/Content/Maps/Untitled.umap" TEMPLATE=0 SHOWPROGRESS=1 FEATURELEVEL=3
[2015.11.27-12.16.10:674][108]LightingResults: New page: Lighting Build
[2015.11.27-12.16.10:695][108]LoadErrors: New page: Loading map: Untitled.umap
[2015.11.27-12.16.10:695][108]MapCheck: New page: Map Check
[2015.11.27-12.16.10:695][108]LightingResults: New page: Lighting Build
[2015.11.27-12.16.10:706][108]LogParticles: Destroying 0 GPU particle simulations for FXSystem 0x000000EA78F76840
[2015.11.27-12.16.10:739][108]LogEditorServer: Finished looking for orphan Actors (0.000 secs)
[2015.11.27-12.16.10:769][108]Cmd: MAP CHECKDEP NOCLEARLOG
[2015.11.27-12.16.10:800][108]MapCheck: Info Map check complete: 0 Error(s), 0 Warning(s), took 30.239ms to complete.
[2015.11.27-12.16.10:800][108]LogFileHelpers: Loading map 'Untitled' took 2.485
[2015.11.27-12.16.12:074][255]LogBlueprintUserMessages: Early PlayInEditor Detection: Level '/Game/Maps/Untitled.Untitled:PersistentLevel' has LevelScriptBlueprint '/Game/Maps/Untitled.Untitled:PersistentLevel.Untitled' with GeneratedClass '/Game/Maps/Untitled.Untitled_C' with ClassGeneratedBy '/Game/Maps/Untitled.Untitled:PersistentLevel.Untitled'
[2015.11.27-12.16.12:074][255]LogPlayLevel: PlayLevel: No blueprints needed recompiling
[2015.11.27-12.16.12:074][255]PIE: New page: PIE session: Untitled (Nov 27, 2015, 2:16:12 PM)
[2015.11.27-12.16.12:074][255]LogPlayLevel: Creating play world package: /Game/Maps/UEDPIE_0_Untitled
[2015.11.27-12.16.12:076][255]LogPlayLevel: PIE: StaticDuplicateObject took: (0.002361s)
[2015.11.27-12.16.12:077][255]LogAIModule: Creating AISystem for world Untitled
[2015.11.27-12.16.12:077][255]LogPlayLevel: PIE: World Init took: (0.000793s)
[2015.11.27-12.16.12:077][255]LogPlayLevel: PIE: Created PIE world by copying editor world from /Game/Maps/Untitled.Untitled to /Game/Maps/UEDPIE_0_Untitled.Untitled (0.003401s)
[2015.11.27-12.16.12:090][255]LogInit: XAudio2 using 'Speakers (4- High Definition Audio Device)' : 2 channels at 44.1 kHz using 16 bits per sample (channel mask 0x3)
[2015.11.27-12.16.12:094][255]LogInit: FAudioDevice initialized.
[2015.11.27-12.16.12:128][255]LogWorld: Game class is 'GameModeBP_C'
[2015.11.27-12.16.12:130][255]LogWorld: Bringing World /Game/Maps/UEDPIE_0_Untitled.Untitled up for play (max tick rate 0) at 2015.11.27-13.16.12
[2015.11.27-12.16.12:130][255]LogActor:Warning: GameSession /Game/Maps/UEDPIE_0_Untitled.Untitled:PersistentLevel.GameSession_1 has natively added scene component(s), but none of them were set as the actor's RootComponent - picking one arbitrarily
[2015.11.27-12.16.12:131][255]LogActor:Warning: GameNetworkManager /Game/Maps/UEDPIE_0_Untitled.Untitled:PersistentLevel.GameNetworkManager_1 has natively added scene component(s), but none of them were set as the actor's RootComponent - picking one arbitrarily
[2015.11.27-12.16.12:131][255]LogWorld: Bringing up level for play took: 0.001515
[2015.11.27-12.16.12:131][255]PIE: Info Play in editor start time for /Game/Maps/UEDPIE_0_Untitled 0.162
[2015.11.27-12.16.12:132][255]LogBlueprintUserMessages: Late PlayInEditor Detection: Level '/Game/Maps/Untitled.Untitled:PersistentLevel' has LevelScriptBlueprint '/Game/Maps/Untitled.Untitled:PersistentLevel.Untitled' with GeneratedClass '/Game/Maps/Untitled.Untitled_C' with ClassGeneratedBy '/Game/Maps/Untitled.Untitled:PersistentLevel.Untitled'
[2015.11.27-12.16.13:326][384]LogCrashTracker: 


[2015.11.27-12.16.13:326][384]LogCrashTracker: 


[2015.11.27-12.16.13:326][384]LogWindows: === Critical error: ===
Fatal error!



[2015.11.27-12.16.13:426][384]LogExit: Executing StaticShutdownAfterError
[2015.11.27-12.16.13:428][384]LogOutputDevice:Warning: 

Script Stack:
MouseControllerBP_C.ExecuteUbergraph_MouseControllerBP
MouseControllerBP_C.InpActEvt_RightMouseButton_K2Node_InputKeyEvent_3

[2015.11.27-12.16.13:430][384]LogPhysics:Warning: PHYSX: ..\..\PhysX\src\NpScene.cpp (2946) 8 : PxScene::unlockWrite() called without matching call to PxScene::lockWrite(), behaviour will be undefined.
[2015.11.27-12.16.13:430][384]LogPhysics:Warning: PHYSX: ..\..\PhysX\src\NpScene.cpp (2946) 8 : PxScene::unlockWrite() called without matching call to PxScene::lockWrite(), behaviour will be undefined.
[2015.11.27-12.16.13:430][384]LogPhysics:Warning: PHYSX: ..\..\PhysX\src\NpScene.cpp (2946) 8 : PxScene::unlockWrite() called without matching call to PxScene::lockWrite(), behaviour will be undefined.
[2015.11.27-12.16.13:430][384]LogPhysics:Warning: PHYSX: ..\..\PhysX\src\NpScene.cpp (2946) 8 : PxScene::unlockWrite() called without matching call to PxScene::lockWrite(), behaviour will be undefined.
[2015.11.27-12.16.13:430][384]LogWindows: FPlatformMisc::RequestExit(1)
[2015.11.27-12.16.13:430][384]Log file closed, 11/27/15 13:16:13
