<<<<<<< HEAD
﻿[2015.11.27-09.31.36:331][  0]Log file open, 11/27/15 10:31:36
[2015.11.27-09.31.36:331][  0]LogInit:Display: Running engine without a game
[2015.11.27-09.31.36:331][  0]LogInit:Display: Loading recent project file: ../../../../../../Users/Spellabbet/Documents/Unreal Projects/SpaceGame/Project/SpaceGame/SpaceGame.uproject
[2015.11.27-09.31.36:331][  0]LogInit:Display: RandInit(1166993714) SRandInit(1166993716).
[2015.11.27-09.31.36:331][  0]LogTaskGraph: Started task graph with 4 named threads and 7 total threads.
[2015.11.27-09.31.36:331][  0]LogStats: Stats thread started at 7.277080
[2015.11.27-09.31.36:331][  0]LogInit: Version: 4.9.2-2707645+++depot+UE4-Releases+4.9
[2015.11.27-09.31.36:331][  0]LogInit: API Version: 2672455
[2015.11.27-09.31.36:331][  0]LogInit: Compiled (64-bit): Sep 28 2015 10:25:44
[2015.11.27-09.31.36:331][  0]LogInit: Compiled with Visual C++: 18.00.21005.01
[2015.11.27-09.31.36:331][  0]LogInit: Build Configuration: Development
[2015.11.27-09.31.36:331][  0]LogInit: Branch Name: ++depot+UE4-Releases+4.9
[2015.11.27-09.31.36:331][  0]LogInit: Command line: 
[2015.11.27-09.31.36:331][  0]LogInit: Base directory: C:/Program Files/Epic Games/4.9/Engine/Binaries/Win64/
[2015.11.27-09.31.36:331][  0]LogInit: Rocket: 1
[2015.11.27-09.31.36:972][  0]LogInit: Using libcurl 7.41.0
[2015.11.27-09.31.36:972][  0]LogInit:  - built for x86_64-pc-win32
[2015.11.27-09.31.36:972][  0]LogInit:  - supports SSL with WinSSL
[2015.11.27-09.31.36:972][  0]LogInit:  - other features:
[2015.11.27-09.31.36:972][  0]LogInit:      CURL_VERSION_SSL
[2015.11.27-09.31.36:972][  0]LogInit:      CURL_VERSION_IPV6
[2015.11.27-09.31.36:972][  0]LogInit:      CURL_VERSION_ASYNCHDNS
[2015.11.27-09.31.36:973][  0]LogInit:      CURL_VERSION_LARGEFILE
[2015.11.27-09.31.36:973][  0]LogInit:      CURL_VERSION_IDN
[2015.11.27-09.31.36:975][  0]LogInit:  CurlRequestOptions (configurable via config and command line):
[2015.11.27-09.31.36:975][  0]LogInit:  - bVerifyPeer = true  - Libcurl will verify peer certificate
[2015.11.27-09.31.36:975][  0]LogInit:  - bUseHttpProxy = false  - Libcurl will NOT use HTTP proxy
[2015.11.27-09.31.36:975][  0]LogInit:  - bDontReuseConnections = false  - Libcurl will reuse connections
[2015.11.27-09.31.36:975][  0]LogInit:  - CertBundlePath = nullptr  - Libcurl will use whatever was configured at build time.
[2015.11.27-09.31.37:622][  0]LogInit: Presizing for 0 objects not considered by GC, pre-allocating 0 bytes.
[2015.11.27-09.31.37:666][  0]LogInit: Object subsystem initialized
[2015.11.27-09.31.38:042][  0]LogInit: Selected Device Profile: [Windows]
[2015.11.27-09.31.38:042][  0]LogInit: Applying CVar settings loaded from the selected device profile: [Windows]
[2015.11.27-09.31.38:191][  0]LogInit: Computer: SpellabbA332-09
[2015.11.27-09.31.38:191][  0]LogInit: User: Spellabbet
[2015.11.27-09.31.38:191][  0]LogInit: CPU Page size=4096, Cores=4
[2015.11.27-09.31.38:195][  0]LogInit: High frequency timer resolution =3.507519 MHz
[2015.11.27-09.31.38:197][  0]LogMemory: Memory total: Physical=15.9GB (16GB approx)
[2015.11.27-09.31.38:197][  0]LogMemory: Platform Memory Stats for Windows
[2015.11.27-09.31.38:197][  0]LogMemory: Process Physical Memory: 52.13 MB used, 52.13 MB peak
[2015.11.27-09.31.38:197][  0]LogMemory: Process Virtual Memory: 55.04 MB used, 55.04 MB peak
[2015.11.27-09.31.38:197][  0]LogMemory: Physical Memory: 1767.41 MB used, 16318.82 MB total
[2015.11.27-09.31.38:197][  0]LogMemory: Virtual Memory: 347.38 MB used, 134217728.00 MB total
[2015.11.27-09.31.42:785][  0]LogTextLocalizationManager: No translations for ('sv-SE') exist, falling back to 'en' for localization and internationalization data.
[2015.11.27-09.31.45:884][  0]LogD3D11RHI: Found D3D11 adapter 0: NVIDIA GeForce GTX 960 (Feature Level 11_0)
[2015.11.27-09.31.45:884][  0]LogD3D11RHI: Adapter has 1965MB of dedicated video memory, 0MB of dedicated system memory, and 2048MB of shared system memory, 1 output[s]
[2015.11.27-09.31.45:885][  0]LogD3D11RHI: Found D3D11 adapter 1: Microsoft Basic Render Driver (Feature Level 11_0)
[2015.11.27-09.31.45:885][  0]LogD3D11RHI: Adapter has 0MB of dedicated video memory, 0MB of dedicated system memory, and 256MB of shared system memory, 0 output[s]
[2015.11.27-09.31.45:885][  0]LogD3D11RHI: Chosen D3D11 Adapter Id = 0
[2015.11.27-09.31.45:887][  0]LogD3D11RHI: !Direct3DDevice
[2015.11.27-09.31.45:887][  0]LogRHI: Texture pool is 1361 MB (70% of 1945 MB)
[2015.11.27-09.31.45:902][  0]LogD3D11RHI: Async texture creation enabled
[2015.11.27-09.31.46:379][  0]LogShaderCompilers: Guid format shader working directory is 15 characters bigger than the processId version (../../../../../../Users/Spellabbet/Documents/Unreal Projects/SpaceGame/Project/SpaceGame/Intermediate/Shaders/WorkingDirectory/4676/).
[2015.11.27-09.31.46:380][  0]LogShaderCompilers: Cleaned the shader compiler working directory '../../../../../../Users/Spellabbet/Documents/Unreal Projects/SpaceGame/Project/SpaceGame/Intermediate/Shaders/tmp/D6411B2743519B40A59794871BA1C102/'.
[2015.11.27-09.31.46:383][  0]LogShaderCompilers:Display: Using Local Shader Compiler.
[2015.11.27-09.31.54:325][  0]LogTemp:Display: Loaded TP AllDesktopTargetPlatform
[2015.11.27-09.31.54:329][  0]LogTemp:Display: Loaded TP WindowsClientTargetPlatform
[2015.11.27-09.31.54:334][  0]LogTemp:Display: Loaded TP WindowsNoEditorTargetPlatform
[2015.11.27-09.31.54:339][  0]LogTemp:Display: Loaded TP WindowsServerTargetPlatform
[2015.11.27-09.31.54:344][  0]LogTemp:Display: Loaded TP WindowsTargetPlatform
[2015.11.27-09.31.54:349][  0]LogTemp:Display: Loaded TP AndroidTargetPlatform
[2015.11.27-09.31.54:353][  0]LogTemp:Display: Loaded TP Android_ASTCTargetPlatform
[2015.11.27-09.31.54:357][  0]LogTemp:Display: Loaded TP Android_ATCTargetPlatform
[2015.11.27-09.31.54:361][  0]LogTemp:Display: Loaded TP Android_DXTTargetPlatform
[2015.11.27-09.31.54:365][  0]LogTemp:Display: Loaded TP Android_ETC1TargetPlatform
[2015.11.27-09.31.54:369][  0]LogTemp:Display: Loaded TP Android_ETC2TargetPlatform
[2015.11.27-09.31.54:372][  0]LogTemp:Display: Loaded TP Android_PVRTCTargetPlatform
[2015.11.27-09.31.54:373][  0]LogTemp:Display: Loaded TP HTML5TargetPlatform
[2015.11.27-09.31.54:626][  0]LogTemp:Display: Loaded TP IOSTargetPlatform
[2015.11.27-09.31.54:630][  0]LogTemp:Display: Loaded TP LinuxNoEditorTargetPlatform
[2015.11.27-09.31.54:633][  0]LogTemp:Display: Loaded TP LinuxServerTargetPlatform
[2015.11.27-09.31.54:639][  0]LogTemp:Display: Loaded TP LinuxTargetPlatform
[2015.11.27-09.31.54:639][  0]LogTargetPlatformManager:Display: Building Assets For Windows
[2015.11.27-09.31.58:215][  0]LogDerivedDataCache:Display: Max Cache Size: 512 MB
[2015.11.27-09.31.59:563][  0]LogDerivedDataCache: Loaded boot cache 1.35s 41MB C:/Users/Spellabbet/AppData/Local/UnrealEngine/4.9/DerivedDataCache/Boot.ddc.
[2015.11.27-09.31.59:563][  0]LogDerivedDataCache:Display: Loaded Boot cache: C:/Users/Spellabbet/AppData/Local/UnrealEngine/4.9/DerivedDataCache/Boot.ddc
[2015.11.27-09.31.59:563][  0]LogDerivedDataCache: FDerivedDataBackendGraph:  Pak pak cache file ../../../../../../Users/Spellabbet/Documents/Unreal Projects/SpaceGame/Project/SpaceGame/DerivedDataCache/DDC.ddp not found, will not use a pak cache.
[2015.11.27-09.31.59:563][  0]LogDerivedDataCache: Unable to find inner node Pak for hierarchical cache Hierarchy.
[2015.11.27-09.31.59:563][  0]LogDerivedDataCache: FDerivedDataBackendGraph:  CompressedPak pak cache file ../../../../../../Users/Spellabbet/Documents/Unreal Projects/SpaceGame/Project/SpaceGame/DerivedDataCache/Compressed.ddp not found, will not use a pak cache.
[2015.11.27-09.31.59:563][  0]LogDerivedDataCache: Unable to find inner node CompressedPak for hierarchical cache Hierarchy.
[2015.11.27-09.32.00:165][  0]LogDerivedDataCache:Display: Pak cache opened for reading ../../../Engine/DerivedDataCache/Compressed.ddp.
[2015.11.27-09.32.00:426][  0]LogDerivedDataCache: Using Local data cache path C:/Users/Spellabbet/AppData/Local/UnrealEngine/Common/DerivedDataCache: Writable
[2015.11.27-09.32.30:147][  0]LogInit: Selected Device Profile: [Windows]
[2015.11.27-09.32.30:160][  0]LogContentStreaming: Texture pool size is 0.000000MB
[2015.11.27-09.32.31:662][  0]LogMeshUtilities: No automatic mesh reduction module available
[2015.11.27-09.32.31:662][  0]LogMeshUtilities: No automatic mesh merging module available
[2015.11.27-09.32.37:485][  0]LogInit: WinSock: version 1.1 (2.2), MaxSocks=32767, MaxUdp=65467
[2015.11.27-09.33.13:250][  0]UdpMessaging: Initializing bridge on interface 0.0.0.0:0 to multicast group 230.0.0.1:6666.
[2015.11.27-09.33.14:502][  0]LogAssetRegistry: FAssetRegistry took 0.0297 seconds to start up
[2015.11.27-09.33.21:186][  0]SourceControl: Info Source control is disabled
[2015.11.27-09.33.22:872][  0]SourceControl: Info Source control is disabled
[2015.11.27-09.33.23:342][  0]SourceControl: Info Source control is disabled
[2015.11.27-09.33.23:430][  0]SourceControl: Info Source control is disabled
[2015.11.27-09.33.24:883][  0]LogLinker:Warning: Asset '../../../Engine/Plugins/Runtime/LeapMotionController/Content/LM_PassthroughMaterial.uasset' has been saved with empty engine version. The asset will be loaded but may be incompatible.
[2015.11.27-09.33.25:711][  0]LogObj: 28417 objects as part of root set at end of initial load.
[2015.11.27-09.33.25:711][  0]LogUObjectAllocator: 6064048 out of 0 bytes used by permanent object pool.
[2015.11.27-09.33.26:684][  0]LogEngine: Initializing Engine...
[2015.11.27-09.33.26:781][  0]LogHMD: Can't find Oculus library dev build: is proper Runtime installed? Version: 0.7.0.0
[2015.11.27-09.33.26:832][  0]LogHMD: SteamVR failed to initialize.  Err: 110
[2015.11.27-09.33.28:394][  0]LogAIModule: Creating AISystem for world NewWorld
[2015.11.27-09.33.28:560][  0]LogInit: XAudio2 using 'Speakers (4- High Definition Audio Device)' : 2 channels at 44.1 kHz using 16 bits per sample (channel mask 0x3)
[2015.11.27-09.33.28:592][  0]LogInit: FAudioDevice initialized.
[2015.11.27-09.33.28:596][  0]LogDerivedDataCache:Error: Could not save memory cache C:/Users/Spellabbet/AppData/Local/UnrealEngine/4.9/DerivedDataCache/Boot.ddc.
[2015.11.27-09.33.28:602][  0]LogInit: Texture streaming: Enabled
[2015.11.27-09.33.28:610][  0]LogAnalytics: Creating configured Analytics provider AnalyticsET
[2015.11.27-09.33.28:612][  0]LogAnalytics: [UEEditor.Rocket.Release] APIServer = http://et2.epicgames.com/ET2/. AppVersion = 4.9.2-2707645+++depot+UE4-Releases+4.9
[2015.11.27-09.33.28:612][  0]LogAnalytics: [UEEditor.Rocket.Release] SetUserId 634ab0cb456977c100e99f821f1d4277|7ebf86fc13e44331864479a64887c1c8|060e5e79-a789-49c4-8abd-5d8b330400a7
[2015.11.27-09.33.28:612][  0]LogAnalytics: [UEEditor.Rocket.Release] AnalyticsET::StartSession
[2015.11.27-09.33.28:664][  0]LogInit: Transaction tracking system initialized
[2015.11.27-09.33.29:420][  0]BlueprintLog: New page: Editor Load
[2015.11.27-09.33.32:656][  0]LocalizationService: Info Localization service is disabled
[2015.11.27-09.33.37:033][  0]LogConsoleResponse:Display: 
[2015.11.27-09.33.42:479][  0]LogFileCache: Scanning file cache for directory 'C:/Users/Spellabbet/Documents/Unreal Projects/SpaceGame/Project/SpaceGame/Content/' took 0.01s
[2015.11.27-09.33.42:479][  0]LogCook:Display: Done creating registry. It took  0.00s.
[2015.11.27-09.33.43:578][  0]SourceControl: Info Source control is disabled
[2015.11.27-09.33.43:605][  0]Cmd: MAP LOAD FILE="../../../Engine/Content/Maps/Templates/Template_Default.umap" TEMPLATE=1 SHOWPROGRESS=1 FEATURELEVEL=3
[2015.11.27-09.33.43:720][  0]LightingResults: New page: Lighting Build
[2015.11.27-09.33.43:822][  0]MapCheck: New page: Map Check
[2015.11.27-09.33.43:822][  0]LightingResults: New page: Lighting Build
[2015.11.27-09.33.44:719][  0]LogParticles: Destroying 0 GPU particle simulations for FXSystem 0x0000002900313240
[2015.11.27-09.33.49:240][  0]LogAIModule: Creating AISystem for world Untitled_1
[2015.11.27-09.33.50:104][  0]LogEditorServer: Finished looking for orphan Actors (0.000 secs)
[2015.11.27-09.33.50:120][  0]Cmd: MAP CHECKDEP NOCLEARLOG
[2015.11.27-09.33.50:179][  0]MapCheck: Info Map check complete: 0 Error(s), 0 Warning(s), took 59.297ms to complete.
[2015.11.27-09.33.50:187][  0]LogFileHelpers: Loading map 'Template_Default' took 6.585
[2015.11.27-09.33.53:403][  0]LogCollectionManager: Loaded 0 collections in 0.002783 seconds
[2015.11.27-09.33.53:799][  0]LogFileCache: Scanning file cache for directory 'C:/Users/Spellabbet/Documents/Unreal Projects/SpaceGame/Project/SpaceGame/Saved/Collections/' took 0.01s
[2015.11.27-09.33.53:799][  0]LogFileCache: Scanning file cache for directory 'C:/Users/Spellabbet/Documents/Unreal Projects/SpaceGame/Project/SpaceGame/Content/Developers/Spellabbet/Collections/' took 0.01s
[2015.11.27-09.33.53:799][  0]LogFileCache: Scanning file cache for directory 'C:/Users/Spellabbet/Documents/Unreal Projects/SpaceGame/Project/SpaceGame/Content/Collections/' took 0.01s
[2015.11.27-09.33.53:799][  0]LogContentBrowser: Native class hierarchy populated in 0.0842 seconds. Added 1875 classes and 335 folders.
[2015.11.27-09.33.54:137][  0]LogCollectionManager: Rebuilt the GUID cache for 0 collections in 0.000003 seconds
[2015.11.27-09.33.54:164][  0]LogContentBrowser: Native class hierarchy updated for 'WidgetCarousel' in 0.0011 seconds. Added 0 classes and 0 folders.
[2015.11.27-09.33.58:621][  0]LogContentBrowser: Native class hierarchy updated for 'AddContentDialog' in 0.0012 seconds. Added 0 classes and 0 folders.
[2015.11.27-09.33.58:749][  0]LogContentBrowser: Native class hierarchy updated for 'SceneOutliner' in 0.0015 seconds. Added 1 classes and 2 folders.
[2015.11.27-09.34.01:107][  0]LogCrashTracker: Crashtracker disabled due to settings.
[2015.11.27-09.34.01:218][  0]LogUObjectGlobals:Warning: Failed to find object 'Class None.'
[2015.11.27-09.34.01:292][  0]LogLoad: Full Startup: 167.80 seconds (BP compile: 1.32 seconds)
[2015.11.27-09.34.01:896][  0]LogContentStreaming: Texture pool size now 1000 MB
[2015.11.27-09.34.02:194][  0]LogRenderer: Reallocating scene render targets to support 1276x556 (Frame:2).
[2015.11.27-09.34.03:277][  2]LogAssetRegistry: Asset discovery search completed in 48.7865 seconds
[2015.11.27-09.34.03:277][  2]LogCollectionManager: Rebuilt the object cache for 0 collections in 0.000001 seconds (found 0 objects)
[2015.11.27-09.34.03:277][  2]LogCollectionManager: Fixed up redirectors for 0 collections in 0.000026 seconds (updated 0 objects)
[2015.11.27-09.38.06:027][730]LogWindowsTextInputMethodSystem:Display: IME system now deactivated.
[2015.11.27-09.38.06:250][731]Cmd: QUIT_EDITOR
[2015.11.27-09.38.06:464][731]LogExit: Preparing to exit.
[2015.11.27-09.38.07:476][731]LogExit: Editor shut down
[2015.11.27-09.38.07:476][731]LogExit: Transaction tracking system shut down
[2015.11.27-09.38.07:477][731]LogParticles: Destroying 0 GPU particle simulations for FXSystem 0x000000296FFAF920
[2015.11.27-09.38.07:478][731]LogParticles: Destroying 0 GPU particle simulations for FXSystem 0x000000296F217880
[2015.11.27-09.38.07:578][731]LogExit: Object subsystem successfully closed.
[2015.11.27-09.38.07:590][731]LogD3D11RHI: Shutdown
[2015.11.27-09.38.07:590][731]LogD3D11RHI: CleanupD3DDevice
[2015.11.27-09.38.07:616][731]LogD3D11RHI: ~FD3D11DynamicRHI
[2015.11.27-09.38.07:627][731]LogModuleManager: Shutting down and abandoning module CrashTracker (198)
[2015.11.27-09.38.07:627][731]LogModuleManager: Shutting down and abandoning module SceneOutliner (197)
[2015.11.27-09.38.07:628][731]LogModuleManager: Shutting down and abandoning module SuperSearch (196)
[2015.11.27-09.38.07:628][731]LogModuleManager: Shutting down and abandoning module WidgetCarousel (195)
[2015.11.27-09.38.07:628][731]LogModuleManager: Shutting down and abandoning module AddContentDialog (194)
[2015.11.27-09.38.07:628][731]LogModuleManager: Shutting down and abandoning module EditorWidgets (193)
[2015.11.27-09.38.07:628][731]LogModuleManager: Shutting down and abandoning module CollectionManager (192)
[2015.11.27-09.38.07:628][731]LogModuleManager: Shutting down and abandoning module StatsViewer (191)
[2015.11.27-09.38.07:628][731]LogModuleManager: Shutting down and abandoning module FoliageEdit (190)
[2015.11.27-09.38.07:628][731]LogModuleManager: Shutting down and abandoning module LandscapeEditor (189)
[2015.11.27-09.38.07:628][731]LogModuleManager: Shutting down and abandoning module ActorPickerMode (188)
[2015.11.27-09.38.07:628][731]LogModuleManager: Shutting down and abandoning module GeometryMode (187)
[2015.11.27-09.38.07:628][731]LogModuleManager: Shutting down and abandoning module TextureAlignMode (186)
[2015.11.27-09.38.07:628][731]LogModuleManager: Shutting down and abandoning module BspMode (185)
[2015.11.27-09.38.07:628][731]LogModuleManager: Shutting down and abandoning module PlacementMode (184)
[2015.11.27-09.38.07:628][731]LogModuleManager: Shutting down and abandoning module AutomationWorker (183)
[2015.11.27-09.38.07:628][731]LogModuleManager: Shutting down and abandoning module CharacterAI (182)
[2015.11.27-09.38.07:628][731]LogModuleManager: Shutting down and abandoning module SmartSnapping (181)
[2015.11.27-09.38.07:628][731]LogModuleManager: Shutting down and abandoning module ViewportSnapping (180)
[2015.11.27-09.38.07:628][731]LogModuleManager: Shutting down and abandoning module LogVisualizer (179)
[2015.11.27-09.38.07:628][731]LogModuleManager: Shutting down and abandoning module GameProjectGeneration (178)
[2015.11.27-09.38.07:629][731]LogModuleManager: Shutting down and abandoning module IntroTutorials (177)
[2015.11.27-09.38.07:629][731]LogModuleManager: Shutting down and abandoning module EditorLiveStreaming (176)
[2015.11.27-09.38.07:629][731]LogModuleManager: Shutting down and abandoning module IOSPlatformEditor (175)
[2015.11.27-09.38.07:629][731]LogModuleManager: Shutting down and abandoning module HTML5PlatformEditor (174)
[2015.11.27-09.38.07:629][731]LogModuleManager: Shutting down and abandoning module AndroidDeviceDetection (173)
[2015.11.27-09.38.07:987][731]LogModuleManager: Shutting down and abandoning module AndroidPlatformEditor (172)
[2015.11.27-09.38.07:987][731]LogModuleManager: Shutting down and abandoning module IOSRuntimeSettings (171)
[2015.11.27-09.38.07:987][731]LogModuleManager: Shutting down and abandoning module AndroidRuntimeSettings (170)
[2015.11.27-09.38.07:987][731]LogModuleManager: Shutting down and abandoning module MergeActors (169)
[2015.11.27-09.38.07:987][731]LogModuleManager: Shutting down and abandoning module SizeMap (168)
[2015.11.27-09.38.07:987][731]LogModuleManager: Shutting down and abandoning module TreeMap (167)
[2015.11.27-09.38.07:987][731]LogModuleManager: Shutting down and abandoning module ReferenceViewer (166)
[2015.11.27-09.38.07:987][731]LogModuleManager: Shutting down and abandoning module LocalizationService (165)
[2015.11.27-09.38.07:987][731]LogModuleManager: Shutting down and abandoning module LocalizationDashboard (164)
[2015.11.27-09.38.07:987][731]LogModuleManager: Shutting down and abandoning module HardwareTargeting (163)
[2015.11.27-09.38.07:987][731]LogModuleManager: Shutting down and abandoning module DeviceProfileEditor (162)
[2015.11.27-09.38.07:987][731]LogModuleManager: Shutting down and abandoning module UndoHistory (161)
[2015.11.27-09.38.07:987][731]LogModuleManager: Shutting down and abandoning module GameplayTagsEditor (160)
[2015.11.27-09.38.07:987][731]LogModuleManager: Shutting down and abandoning module UserFeedback (159)
[2015.11.27-09.38.07:987][731]LogModuleManager: Shutting down and abandoning module XmlParser (158)
[2015.11.27-09.38.07:987][731]LogModuleManager: Shutting down and abandoning module Blutility (157)
[2015.11.27-09.38.07:987][731]LogModuleManager: Shutting down and abandoning module ProjectTargetPlatformEditor (156)
[2015.11.27-09.38.07:987][731]LogModuleManager: Shutting down and abandoning module ProjectSettingsViewer (155)
[2015.11.27-09.38.07:987][731]LogModuleManager: Shutting down and abandoning module InputBindingEditor (154)
[2015.11.27-09.38.07:987][731]LogModuleManager: Shutting down and abandoning module EditorSettingsViewer (153)
[2015.11.27-09.38.07:987][731]LogModuleManager: Shutting down and abandoning module SettingsEditor (152)
[2015.11.27-09.38.07:987][731]LogModuleManager: Shutting down and abandoning module ProjectLauncher (151)
[2015.11.27-09.38.07:987][731]LogModuleManager: Shutting down and abandoning module SessionFrontend (150)
[2015.11.27-09.38.07:987][731]LogModuleManager: Shutting down and abandoning module ProfilerClient (149)
[2015.11.27-09.38.07:987][731]LogModuleManager: Shutting down and abandoning module TargetDeviceServices (148)
[2015.11.27-09.38.07:987][731]LogModuleManager: Shutting down and abandoning module DeviceManager (147)
[2015.11.27-09.38.07:987][731]LogModuleManager: Shutting down and abandoning module AutomationController (146)
[2015.11.27-09.38.07:987][731]LogModuleManager: Shutting down and abandoning module AutomationWindow (145)
[2015.11.27-09.38.07:987][731]LogModuleManager: Shutting down and abandoning module Layers (144)
[2015.11.27-09.38.07:987][731]LogModuleManager: Shutting down and abandoning module ComponentVisualizers (143)
[2015.11.27-09.38.07:987][731]LogModuleManager: Shutting down and abandoning module DetailCustomizations (142)
[2015.11.27-09.38.07:987][731]LogModuleManager: Shutting down and abandoning module PackagesDialog (141)
[2015.11.27-09.38.07:987][731]LogModuleManager: Shutting down and abandoning module Persona (140)
[2015.11.27-09.38.07:987][731]LogModuleManager: Shutting down and abandoning module Kismet (139)
[2015.11.27-09.38.07:988][731]LogModuleManager: Shutting down and abandoning module GraphEditor (138)
[2015.11.27-09.38.07:988][731]LogModuleManager: Shutting down and abandoning module ClassViewer (137)
[2015.11.27-09.38.07:988][731]LogModuleManager: Shutting down and abandoning module Toolbox (136)
[2015.11.27-09.38.07:988][731]LogModuleManager: Shutting down and abandoning module ModuleUI (135)
[2015.11.27-09.38.07:988][731]LogModuleManager: Shutting down and abandoning module MovieSceneTools (134)
[2015.11.27-09.38.07:988][731]LogModuleManager: Shutting down and abandoning module OutputLog (133)
[2015.11.27-09.38.07:988][731]LogModuleManager: Shutting down and abandoning module GammaUI (132)
[2015.11.27-09.38.07:988][731]LogModuleManager: Shutting down and abandoning module Documentation (131)
[2015.11.27-09.38.07:988][731]LogModuleManager: Shutting down and abandoning module GameLiveStreaming (130)
[2015.11.27-09.38.07:988][731]LogModuleManager: Shutting down and abandoning module StreamingPauseRendering (129)
[2015.11.27-09.38.07:988][731]LogModuleManager: Shutting down and abandoning module AnalyticsET (128)
[2015.11.27-09.38.07:988][731]LogModuleManager: Shutting down and abandoning module Analytics (127)
[2015.11.27-09.38.07:988][731]LogModuleManager: Shutting down and abandoning module AITestSuite (126)
[2015.11.27-09.38.07:988][731]LogModuleManager: Shutting down and abandoning module GameplayDebugger (125)
[2015.11.27-09.38.07:988][731]LogModuleManager: Shutting down and abandoning module AIModule (124)
[2015.11.27-09.38.07:988][731]LogModuleManager: Shutting down and abandoning module ProfilerService (123)
[2015.11.27-09.38.08:014][731]LogModuleManager: Shutting down and abandoning module TaskGraph (122)
[2015.11.27-09.38.08:014][731]LogModuleManager: Shutting down and abandoning module SlateRemote (121)
[2015.11.27-09.38.08:014][731]LogModuleManager: Shutting down and abandoning module SteamVRController (120)
[2015.11.27-09.38.08:014][731]LogModuleManager: Shutting down and abandoning module SteamVR (119)
[2015.11.27-09.38.08:014][731]LogModuleManager: Shutting down and abandoning module ProceduralMeshComponent (118)
[2015.11.27-09.38.08:014][731]LogModuleManager: Shutting down and abandoning module OculusRift (117)
[2015.11.27-09.38.08:014][731]LogModuleManager: Shutting down and abandoning module OculusLibrary (116)
[2015.11.27-09.38.08:014][731]LogModuleManager: Shutting down and abandoning module LeapMotionController (115)
[2015.11.27-09.38.08:018][731]LogModuleManager: Shutting down and abandoning module CustomMeshComponent (114)
[2015.11.27-09.38.08:018][731]LogModuleManager: Shutting down and abandoning module CableComponent (113)
[2015.11.27-09.38.08:018][731]LogModuleManager: Shutting down and abandoning module ArchVisCharacter (112)
[2015.11.27-09.38.08:018][731]LogModuleManager: Shutting down and abandoning module MessagingDebugger (111)
[2015.11.27-09.38.08:018][731]LogModuleManager: Shutting down and abandoning module MediaPlayerEditor (110)
[2015.11.27-09.38.08:018][731]LogModuleManager: Shutting down and abandoning module HTML5Networking (109)
[2015.11.27-09.38.08:018][731]LogModuleManager: Shutting down and abandoning module SpeedTreeImporter (108)
[2015.11.27-09.38.08:018][731]LogModuleManager: Shutting down and abandoning module PluginBrowser (107)
[2015.11.27-09.38.08:018][731]LogModuleManager: Shutting down and abandoning module EpicSurvey (106)
[2015.11.27-09.38.08:018][731]LogModuleManager: Shutting down and abandoning module DesktopPlatform (105)
[2015.11.27-09.38.08:018][731]LogModuleManager: Shutting down and abandoning module VisualStudioSourceCodeAccess (104)
[2015.11.27-09.38.08:018][731]LogModuleManager: Shutting down and abandoning module UObjectPlugin (103)
[2015.11.27-09.38.08:018][731]LogModuleManager: Shutting down and abandoning module SubversionSourceControl (102)
[2015.11.27-09.38.08:018][731]LogModuleManager: Shutting down and abandoning module PerforceSourceControl (101)
[2015.11.27-09.38.08:018][731]LogModuleManager: Shutting down and abandoning module SourceControl (100)
[2015.11.27-09.38.08:018][731]LogModuleManager: Shutting down and abandoning module GitSourceControl (99)
[2015.11.27-09.38.08:018][731]LogModuleManager: Shutting down and abandoning module LightPropagationVolumeEditor (98)
[2015.11.27-09.38.08:018][731]LogModuleManager: Shutting down and abandoning module PaperTiledImporter (97)
[2015.11.27-09.38.08:018][731]LogModuleManager: Shutting down and abandoning module PaperSpriteSheetImporter (96)
[2015.11.27-09.38.08:018][731]LogModuleManager: Shutting down and abandoning module MeshPaint (95)
[2015.11.27-09.38.08:018][731]LogModuleManager: Shutting down and abandoning module SlateReflector (94)
[2015.11.27-09.38.08:018][731]LogModuleManager: Shutting down and abandoning module HotReload (93)
[2015.11.27-09.38.08:018][731]LogModuleManager: Shutting down and abandoning module MainFrame (92)
[2015.11.27-09.38.08:018][731]LogModuleManager: Shutting down and abandoning module LevelEditor (91)
[2015.11.27-09.38.08:019][731]LogModuleManager: Shutting down and abandoning module DirectoryWatcher (90)
[2015.11.27-09.38.08:019][731]LogModuleManager: Shutting down and abandoning module AssetRegistry (89)
[2015.11.27-09.38.08:122][731]LogModuleManager: Shutting down and abandoning module ContentBrowser (88)
[2015.11.27-09.38.08:123][731]LogModuleManager: Shutting down and abandoning module Paper2DEditor (87)
[2015.11.27-09.38.08:123][731]LogModuleManager: Shutting down and abandoning module SpaceGame (86)
[2015.11.27-09.38.08:123][731]LogModuleManager: Shutting down and abandoning module UdpMessaging (85)
[2015.11.27-09.38.08:224][731]LogModuleManager: Shutting down and abandoning module LightPropagationVolumeRuntime (84)
[2015.11.27-09.38.08:224][731]LogModuleManager: Shutting down and abandoning module Paper2D (83)
[2015.11.27-09.38.08:224][731]LogModuleManager: Shutting down and abandoning module WindowsMoviePlayer (82)
[2015.11.27-09.38.08:225][731]LogModuleManager: Shutting down and abandoning module Media (81)
[2015.11.27-09.38.08:225][731]LogModuleManager: Shutting down and abandoning module WmfMedia (80)
[2015.11.27-09.38.08:226][731]LogModuleManager: Shutting down and abandoning module OnlineBlueprintSupport (79)
[2015.11.27-09.38.08:226][731]LogModuleManager: Shutting down and abandoning module GameplayTasksEditor (78)
[2015.11.27-09.38.08:226][731]LogModuleManager: Shutting down and abandoning module PropertyEditor (77)
[2015.11.27-09.38.08:226][731]LogModuleManager: Shutting down and abandoning module BehaviorTreeEditor (76)
[2015.11.27-09.38.08:226][731]LogModuleManager: Shutting down and abandoning module FunctionalTesting (75)
[2015.11.27-09.38.08:226][731]LogModuleManager: Shutting down and abandoning module CollisionAnalyzer (74)
[2015.11.27-09.38.08:226][731]LogModuleManager: Shutting down and abandoning module WorkspaceMenuStructure (73)
[2015.11.27-09.38.08:226][731]LogModuleManager: Shutting down and abandoning module MessageLog (72)
[2015.11.27-09.38.08:226][731]LogModuleManager: Shutting down and abandoning module Sequencer (71)
[2015.11.27-09.38.08:226][731]LogModuleManager: Shutting down and abandoning module AssetTools (70)
[2015.11.27-09.38.08:226][731]LogModuleManager: Shutting down and abandoning module UMGEditor (69)
[2015.11.27-09.38.08:226][731]LogModuleManager: Shutting down and abandoning module UMG (68)
[2015.11.27-09.38.08:226][731]LogModuleManager: Shutting down and abandoning module Slate (67)
[2015.11.27-09.38.08:226][731]LogModuleManager: Shutting down and abandoning module EditorStyle (66)
[2015.11.27-09.38.08:228][731]LogModuleManager: Shutting down and abandoning module SessionServices (65)
[2015.11.27-09.38.08:228][731]LogModuleManager: Shutting down and abandoning module SourceCodeAccess (64)
[2015.11.27-09.38.08:228][731]LogModuleManager: Shutting down and abandoning module HeadMountedDisplay (63)
[2015.11.27-09.38.08:228][731]LogModuleManager: Shutting down and abandoning module XAudio2 (62)
[2015.11.27-09.38.08:228][731]LogModuleManager: Shutting down and abandoning module Networking (60)
[2015.11.27-09.38.08:228][731]LogModuleManager: Shutting down and abandoning module Core (59)
[2015.11.27-09.38.08:228][731]LogModuleManager: Shutting down and abandoning module KismetCompiler (58)
[2015.11.27-09.38.08:228][731]LogModuleManager: Shutting down and abandoning module PhysXFormats (57)
[2015.11.27-09.38.08:228][731]LogModuleManager: Shutting down and abandoning module MeshUtilities (56)
[2015.11.27-09.38.08:228][731]LogModuleManager: Shutting down and abandoning module CookingStats (55)
[2015.11.27-09.38.08:229][731]LogModuleManager: Shutting down and abandoning module DerivedDataCache (54)
[2015.11.27-09.38.08:245][731]LogDerivedDataCache: Shutdown
[2015.11.27-09.38.08:245][731]LogModuleManager: Shutting down and abandoning module ShaderFormatOpenGL (53)
[2015.11.27-09.38.08:245][731]LogModuleManager: Shutting down and abandoning module ShaderFormatD3D (52)
[2015.11.27-09.38.08:245][731]LogModuleManager: Shutting down and abandoning module MetalShaderFormat (51)
[2015.11.27-09.38.08:245][731]LogModuleManager: Shutting down and abandoning module TextureFormatUncompressed (50)
[2015.11.27-09.38.08:245][731]LogModuleManager: Shutting down and abandoning module TextureFormatPVR (49)
[2015.11.27-09.38.08:245][731]LogModuleManager: Shutting down and abandoning module TextureFormatIntelISPCTexComp (48)
[2015.11.27-09.38.08:245][731]LogModuleManager: Shutting down and abandoning module TextureFormatDXT (47)
[2015.11.27-09.38.08:245][731]LogModuleManager: Shutting down and abandoning module ImageWrapper (46)
[2015.11.27-09.38.08:245][731]LogModuleManager: Shutting down and abandoning module TextureFormatASTC (45)
[2015.11.27-09.38.08:245][731]LogModuleManager: Shutting down and abandoning module TextureFormatAndroid (44)
[2015.11.27-09.38.08:245][731]LogModuleManager: Shutting down and abandoning module AudioFormatOpus (43)
[2015.11.27-09.38.08:245][731]LogModuleManager: Shutting down and abandoning module AudioFormatOgg (42)
[2015.11.27-09.38.08:245][731]LogModuleManager: Shutting down and abandoning module AudioFormatADPCM (41)
[2015.11.27-09.38.08:245][731]LogModuleManager: Shutting down and abandoning module LinuxTargetPlatform (40)
[2015.11.27-09.38.08:245][731]LogModuleManager: Shutting down and abandoning module LinuxServerTargetPlatform (39)
[2015.11.27-09.38.08:245][731]LogModuleManager: Shutting down and abandoning module LinuxNoEditorTargetPlatform (38)
[2015.11.27-09.38.08:245][731]LogModuleManager: Shutting down and abandoning module Messaging (37)
[2015.11.27-09.38.08:245][731]LogModuleManager: Shutting down and abandoning module IOSTargetPlatform (36)
[2015.11.27-09.38.08:245][731]LogModuleManager: Shutting down and abandoning module HTML5TargetPlatform (35)
[2015.11.27-09.38.08:245][731]LogModuleManager: Shutting down and abandoning module Android_PVRTCTargetPlatform (34)
[2015.11.27-09.38.08:245][731]LogModuleManager: Shutting down and abandoning module Android_ETC2TargetPlatform (33)
[2015.11.27-09.38.08:245][731]LogModuleManager: Shutting down and abandoning module Android_ETC1TargetPlatform (32)
[2015.11.27-09.38.08:245][731]LogModuleManager: Shutting down and abandoning module Android_DXTTargetPlatform (31)
[2015.11.27-09.38.08:245][731]LogModuleManager: Shutting down and abandoning module Android_ATCTargetPlatform (30)
[2015.11.27-09.38.08:245][731]LogModuleManager: Shutting down and abandoning module Android_ASTCTargetPlatform (29)
[2015.11.27-09.38.08:245][731]LogModuleManager: Shutting down and abandoning module AndroidTargetPlatform (28)
[2015.11.27-09.38.08:245][731]LogModuleManager: Shutting down and abandoning module WindowsTargetPlatform (27)
[2015.11.27-09.38.08:245][731]LogModuleManager: Shutting down and abandoning module WindowsServerTargetPlatform (26)
[2015.11.27-09.38.08:245][731]LogModuleManager: Shutting down and abandoning module WindowsNoEditorTargetPlatform (25)
[2015.11.27-09.38.08:245][731]LogModuleManager: Shutting down and abandoning module WindowsClientTargetPlatform (24)
[2015.11.27-09.38.08:245][731]LogModuleManager: Shutting down and abandoning module AllDesktopTargetPlatform (23)
[2015.11.27-09.38.08:245][731]LogModuleManager: Shutting down and abandoning module TargetPlatform (22)
[2015.11.27-09.38.08:245][731]LogModuleManager: Shutting down and abandoning module InputCore (21)
[2015.11.27-09.38.08:245][731]LogModuleManager: Shutting down and abandoning module Settings (20)
[2015.11.27-09.38.08:245][731]LogModuleManager: Shutting down and abandoning module OnlineSubsystem (18)
[2015.11.27-09.38.08:245][731]LogModuleManager: Shutting down and abandoning module HTTP (17)
[2015.11.27-09.38.10:247][731]LogModuleManager: Shutting down and abandoning module XMPP (16)
[2015.11.27-09.38.10:247][731]LogModuleManager: Shutting down and abandoning module ExampleDeviceProfileSelector (15)
[2015.11.27-09.38.10:247][731]LogModuleManager: Shutting down and abandoning module TextureCompressor (14)
[2015.11.27-09.38.10:247][731]LogModuleManager: Shutting down and abandoning module ShaderCore (13)
[2015.11.27-09.38.10:247][731]LogModuleManager: Shutting down and abandoning module Landscape (12)
[2015.11.27-09.38.10:247][731]LogModuleManager: Shutting down and abandoning module SlateRHIRenderer (11)
[2015.11.27-09.38.10:249][731]LogModuleManager: Shutting down and abandoning module OpenGLDrv (10)
[2015.11.27-09.38.10:249][731]LogModuleManager: Shutting down and abandoning module D3D11RHI (9)
[2015.11.27-09.38.10:249][731]LogModuleManager: Shutting down and abandoning module AnimGraphRuntime (8)
[2015.11.27-09.38.10:249][731]LogModuleManager: Shutting down and abandoning module Renderer (7)
[2015.11.27-09.38.10:249][731]LogModuleManager: Shutting down and abandoning module Engine (6)
[2015.11.27-09.38.10:249][731]LogModuleManager: Shutting down and abandoning module CoreUObject (5)
[2015.11.27-09.38.10:249][731]LogModuleManager: Shutting down and abandoning module NetworkFile (4)
[2015.11.27-09.38.10:249][731]LogModuleManager: Shutting down and abandoning module StreamingFile (3)
[2015.11.27-09.38.10:249][731]LogModuleManager: Shutting down and abandoning module SandboxFile (2)
[2015.11.27-09.38.10:249][731]LogModuleManager: Shutting down and abandoning module PakFile (1)
[2015.11.27-09.38.10:250][731]LogExit: Exiting.
[2015.11.27-09.38.10:254][731]Log file closed, 11/27/15 10:38:10
=======
﻿[2015.11.27-09.28.20:005][  0]Log file open, 11/27/15 10:28:20
[2015.11.27-09.28.20:005][  0]LogInit:Display: Running engine for game: SpaceGame
[2015.11.27-09.28.20:005][  0]LogInit:Display: RandInit(-1686521858) SRandInit(-1686521858).
[2015.11.27-09.28.20:005][  0]LogTaskGraph: Started task graph with 4 named threads and 7 total threads.
[2015.11.27-09.28.20:005][  0]LogStats: Stats thread started at 8.534175
[2015.11.27-09.28.20:005][  0]LogInit: Version: 4.9.2-2707645+++depot+UE4-Releases+4.9
[2015.11.27-09.28.20:005][  0]LogInit: API Version: 2672455
[2015.11.27-09.28.20:005][  0]LogInit: Compiled (64-bit): Sep 28 2015 10:25:44
[2015.11.27-09.28.20:005][  0]LogInit: Compiled with Visual C++: 18.00.21005.01
[2015.11.27-09.28.20:005][  0]LogInit: Build Configuration: Development
[2015.11.27-09.28.20:005][  0]LogInit: Branch Name: ++depot+UE4-Releases+4.9
[2015.11.27-09.28.20:005][  0]LogInit: Command line:  
[2015.11.27-09.28.20:005][  0]LogInit: Base directory: C:/Program Files/Epic Games/4.9/Engine/Binaries/Win64/
[2015.11.27-09.28.20:005][  0]LogInit: Rocket: 1
[2015.11.27-09.28.20:622][  0]LogInit: Using libcurl 7.41.0
[2015.11.27-09.28.20:622][  0]LogInit:  - built for x86_64-pc-win32
[2015.11.27-09.28.20:622][  0]LogInit:  - supports SSL with WinSSL
[2015.11.27-09.28.20:622][  0]LogInit:  - other features:
[2015.11.27-09.28.20:622][  0]LogInit:      CURL_VERSION_SSL
[2015.11.27-09.28.20:622][  0]LogInit:      CURL_VERSION_IPV6
[2015.11.27-09.28.20:622][  0]LogInit:      CURL_VERSION_ASYNCHDNS
[2015.11.27-09.28.20:623][  0]LogInit:      CURL_VERSION_LARGEFILE
[2015.11.27-09.28.20:623][  0]LogInit:      CURL_VERSION_IDN
[2015.11.27-09.28.20:626][  0]LogInit:  CurlRequestOptions (configurable via config and command line):
[2015.11.27-09.28.20:626][  0]LogInit:  - bVerifyPeer = true  - Libcurl will verify peer certificate
[2015.11.27-09.28.20:626][  0]LogInit:  - bUseHttpProxy = false  - Libcurl will NOT use HTTP proxy
[2015.11.27-09.28.20:626][  0]LogInit:  - bDontReuseConnections = false  - Libcurl will reuse connections
[2015.11.27-09.28.20:626][  0]LogInit:  - CertBundlePath = nullptr  - Libcurl will use whatever was configured at build time.
[2015.11.27-09.28.21:180][  0]LogInit: Presizing for 0 objects not considered by GC, pre-allocating 0 bytes.
[2015.11.27-09.28.21:240][  0]LogInit: Object subsystem initialized
[2015.11.27-09.28.21:579][  0]LogInit: Selected Device Profile: [Windows]
[2015.11.27-09.28.21:579][  0]LogInit: Applying CVar settings loaded from the selected device profile: [Windows]
[2015.11.27-09.28.21:673][  0]LogInit: Computer: SpellabbA332-04
[2015.11.27-09.28.21:673][  0]LogInit: User: Spellabbet
[2015.11.27-09.28.21:673][  0]LogInit: CPU Page size=4096, Cores=4
[2015.11.27-09.28.21:675][  0]LogInit: High frequency timer resolution =3.507520 MHz
[2015.11.27-09.28.21:676][  0]LogMemory: Memory total: Physical=15.9GB (16GB approx)
[2015.11.27-09.28.21:676][  0]LogMemory: Platform Memory Stats for Windows
[2015.11.27-09.28.21:676][  0]LogMemory: Process Physical Memory: 52.05 MB used, 52.05 MB peak
[2015.11.27-09.28.21:676][  0]LogMemory: Process Virtual Memory: 56.93 MB used, 56.93 MB peak
[2015.11.27-09.28.21:676][  0]LogMemory: Physical Memory: 2287.24 MB used, 16318.82 MB total
[2015.11.27-09.28.21:676][  0]LogMemory: Virtual Memory: 349.31 MB used, 134217728.00 MB total
[2015.11.27-09.28.25:342][  0]LogTextLocalizationManager: No translations for ('sv-SE') exist, falling back to 'en' for localization and internationalization data.
[2015.11.27-09.28.29:059][  0]LogD3D11RHI: Found D3D11 adapter 0: NVIDIA GeForce GTX 960 (Feature Level 11_0)
[2015.11.27-09.28.29:059][  0]LogD3D11RHI: Adapter has 1965MB of dedicated video memory, 0MB of dedicated system memory, and 2048MB of shared system memory, 1 output[s]
[2015.11.27-09.28.29:061][  0]LogD3D11RHI: Found D3D11 adapter 1: Microsoft Basic Render Driver (Feature Level 11_0)
[2015.11.27-09.28.29:061][  0]LogD3D11RHI: Adapter has 0MB of dedicated video memory, 0MB of dedicated system memory, and 256MB of shared system memory, 0 output[s]
[2015.11.27-09.28.29:061][  0]LogD3D11RHI: Chosen D3D11 Adapter Id = 0
[2015.11.27-09.28.29:065][  0]LogD3D11RHI: !Direct3DDevice
[2015.11.27-09.28.29:065][  0]LogRHI: Texture pool is 1361 MB (70% of 1945 MB)
[2015.11.27-09.28.29:077][  0]LogD3D11RHI: Async texture creation enabled
[2015.11.27-09.28.29:933][  0]LogShaderCompilers: Guid format shader working directory is 15 characters bigger than the processId version (../../../../../../Users/Spellabbet/Documents/GitHub/SpaceGame/Project/SpaceGame/Intermediate/Shaders/WorkingDirectory/1780/).
[2015.11.27-09.28.29:933][  0]LogShaderCompilers: Cleaned the shader compiler working directory '../../../../../../Users/Spellabbet/Documents/GitHub/SpaceGame/Project/SpaceGame/Intermediate/Shaders/tmp/77ABD4C54E2080ABDE9A4686E210BBC9/'.
[2015.11.27-09.28.29:936][  0]LogShaderCompilers:Display: Using Local Shader Compiler.
[2015.11.27-09.28.38:336][  0]LogTemp:Display: Loaded TP AllDesktopTargetPlatform
[2015.11.27-09.28.38:342][  0]LogTemp:Display: Loaded TP WindowsClientTargetPlatform
[2015.11.27-09.28.38:348][  0]LogTemp:Display: Loaded TP WindowsNoEditorTargetPlatform
[2015.11.27-09.28.38:354][  0]LogTemp:Display: Loaded TP WindowsServerTargetPlatform
[2015.11.27-09.28.38:360][  0]LogTemp:Display: Loaded TP WindowsTargetPlatform
[2015.11.27-09.28.38:367][  0]LogTemp:Display: Loaded TP AndroidTargetPlatform
[2015.11.27-09.28.38:371][  0]LogTemp:Display: Loaded TP Android_ASTCTargetPlatform
[2015.11.27-09.28.38:375][  0]LogTemp:Display: Loaded TP Android_ATCTargetPlatform
[2015.11.27-09.28.38:379][  0]LogTemp:Display: Loaded TP Android_DXTTargetPlatform
[2015.11.27-09.28.38:382][  0]LogTemp:Display: Loaded TP Android_ETC1TargetPlatform
[2015.11.27-09.28.38:386][  0]LogTemp:Display: Loaded TP Android_ETC2TargetPlatform
[2015.11.27-09.28.38:391][  0]LogTemp:Display: Loaded TP Android_PVRTCTargetPlatform
[2015.11.27-09.28.38:391][  0]LogTemp:Display: Loaded TP HTML5TargetPlatform
[2015.11.27-09.28.38:614][  0]LogTemp:Display: Loaded TP IOSTargetPlatform
[2015.11.27-09.28.38:618][  0]LogTemp:Display: Loaded TP LinuxNoEditorTargetPlatform
[2015.11.27-09.28.38:622][  0]LogTemp:Display: Loaded TP LinuxServerTargetPlatform
[2015.11.27-09.28.38:628][  0]LogTemp:Display: Loaded TP LinuxTargetPlatform
[2015.11.27-09.28.38:628][  0]LogTargetPlatformManager:Display: Building Assets For Windows
[2015.11.27-09.28.41:194][  0]LogDerivedDataCache:Display: Max Cache Size: 512 MB
[2015.11.27-09.28.45:079][  0]LogDerivedDataCache: Loaded boot cache 3.88s 41MB C:/Users/Spellabbet/AppData/Local/UnrealEngine/4.9/DerivedDataCache/Boot.ddc.
[2015.11.27-09.28.45:079][  0]LogDerivedDataCache:Display: Loaded Boot cache: C:/Users/Spellabbet/AppData/Local/UnrealEngine/4.9/DerivedDataCache/Boot.ddc
[2015.11.27-09.28.45:079][  0]LogDerivedDataCache: FDerivedDataBackendGraph:  Pak pak cache file ../../../../../../Users/Spellabbet/Documents/GitHub/SpaceGame/Project/SpaceGame/DerivedDataCache/DDC.ddp not found, will not use a pak cache.
[2015.11.27-09.28.45:079][  0]LogDerivedDataCache: Unable to find inner node Pak for hierarchical cache Hierarchy.
[2015.11.27-09.28.45:079][  0]LogDerivedDataCache: FDerivedDataBackendGraph:  CompressedPak pak cache file ../../../../../../Users/Spellabbet/Documents/GitHub/SpaceGame/Project/SpaceGame/DerivedDataCache/Compressed.ddp not found, will not use a pak cache.
[2015.11.27-09.28.45:079][  0]LogDerivedDataCache: Unable to find inner node CompressedPak for hierarchical cache Hierarchy.
[2015.11.27-09.28.45:648][  0]LogDerivedDataCache:Display: Pak cache opened for reading ../../../Engine/DerivedDataCache/Compressed.ddp.
[2015.11.27-09.28.45:730][  0]LogDerivedDataCache: Using Local data cache path C:/Users/Spellabbet/AppData/Local/UnrealEngine/Common/DerivedDataCache: Writable
[2015.11.27-09.29.20:206][  0]LogInit: Selected Device Profile: [Windows]
[2015.11.27-09.29.20:220][  0]LogContentStreaming: Texture pool size is 0.000000MB
[2015.11.27-09.29.22:002][  0]LogMeshUtilities: No automatic mesh reduction module available
[2015.11.27-09.29.22:002][  0]LogMeshUtilities: No automatic mesh merging module available
[2015.11.27-09.29.27:748][  0]LogInit: WinSock: version 1.1 (2.2), MaxSocks=32767, MaxUdp=65467
[2015.11.27-09.30.11:047][  0]UdpMessaging: Initializing bridge on interface 0.0.0.0:0 to multicast group 230.0.0.1:6666.
[2015.11.27-09.30.12:849][  0]LogAssetRegistry: FAssetRegistry took 0.0447 seconds to start up
[2015.11.27-09.30.17:573][  0]SourceControl: Info Source control is disabled
[2015.11.27-09.30.17:579][  0]SourceControl: Info Source control is disabled
[2015.11.27-09.30.17:817][  0]SourceControl: Info Source control is disabled
[2015.11.27-09.30.18:017][  0]SourceControl: Info Source control is disabled
[2015.11.27-09.30.19:374][  0]LogLinker:Warning: Asset '../../../Engine/Plugins/Runtime/LeapMotionController/Content/LM_PassthroughMaterial.uasset' has been saved with empty engine version. The asset will be loaded but may be incompatible.
[2015.11.27-09.30.20:128][  0]LogObj: 28428 objects as part of root set at end of initial load.
[2015.11.27-09.30.20:128][  0]LogUObjectAllocator: 6064712 out of 0 bytes used by permanent object pool.
[2015.11.27-09.30.20:827][  0]LogEngine: Initializing Engine...
[2015.11.27-09.30.20:853][  0]LogHMD: Can't find Oculus library dev build: is proper Runtime installed? Version: 0.7.0.0
[2015.11.27-09.30.20:904][  0]LogHMD: SteamVR failed to initialize.  Err: 110
[2015.11.27-09.30.21:983][  0]LogAIModule: Creating AISystem for world NewWorld
[2015.11.27-09.30.22:065][  0]LogInit: XAudio2 using 'Speakers (4- High Definition Audio Device)' : 2 channels at 44.1 kHz using 16 bits per sample (channel mask 0x3)
[2015.11.27-09.30.22:124][  0]LogInit: FAudioDevice initialized.
[2015.11.27-09.30.22:144][  0]LogDerivedDataCache: Saved boot cache 0.02s 41MB C:/Users/Spellabbet/AppData/Local/UnrealEngine/4.9/DerivedDataCache/Boot.ddc.
[2015.11.27-09.30.22:147][  0]LogInit: Texture streaming: Enabled
[2015.11.27-09.30.22:220][  0]LogAnalytics: Creating configured Analytics provider AnalyticsET
[2015.11.27-09.30.22:247][  0]LogAnalytics: [UEEditor.Rocket.Release] APIServer = http://et2.epicgames.com/ET2/. AppVersion = 4.9.2-2707645+++depot+UE4-Releases+4.9
[2015.11.27-09.30.22:247][  0]LogAnalytics: [UEEditor.Rocket.Release] SetUserId a56f99ce4ac584e8e6d851994b9dafce|4486cc34acf54390b5f34fc38c8b6486|060e5e79-a789-49c4-8abd-5d8b330400a7
[2015.11.27-09.30.22:247][  0]LogAnalytics: [UEEditor.Rocket.Release] AnalyticsET::StartSession
[2015.11.27-09.30.22:582][  0]LogInit: Transaction tracking system initialized
[2015.11.27-09.30.24:569][  0]BlueprintLog: New page: Editor Load
[2015.11.27-09.30.29:274][  0]LocalizationService: Info Localization service is disabled
[2015.11.27-09.30.31:796][  0]LogConsoleResponse:Display: 
[2015.11.27-09.30.37:323][  0]LogFileCache: Scanning file cache for directory 'C:/Users/Spellabbet/Documents/GitHub/SpaceGame/Project/SpaceGame/Content/' took 0.02s
[2015.11.27-09.30.37:323][  0]LogCook:Display: Done creating registry. It took  0.00s.
[2015.11.27-09.30.39:447][  0]SourceControl: Info Source control is disabled
[2015.11.27-09.30.39:709][  0]Cmd: MAP LOAD FILE="../../../Engine/Content/Maps/Templates/Template_Default.umap" TEMPLATE=1 SHOWPROGRESS=1 FEATURELEVEL=3
[2015.11.27-09.30.39:977][  0]LightingResults: New page: Lighting Build
[2015.11.27-09.30.40:529][  0]MapCheck: New page: Map Check
[2015.11.27-09.30.40:529][  0]LightingResults: New page: Lighting Build
[2015.11.27-09.30.40:865][  0]LogParticles: Destroying 0 GPU particle simulations for FXSystem 0x000000DE0A1B2160
[2015.11.27-09.30.44:616][  0]LogAIModule: Creating AISystem for world Untitled_1
[2015.11.27-09.30.45:330][  0]LogEditorServer: Finished looking for orphan Actors (0.000 secs)
[2015.11.27-09.30.45:478][  0]Cmd: MAP CHECKDEP NOCLEARLOG
[2015.11.27-09.30.45:658][  0]MapCheck: Info Map check complete: 0 Error(s), 0 Warning(s), took 180.293ms to complete.
[2015.11.27-09.30.45:658][  0]LogFileHelpers: Loading map 'Template_Default' took 6.096
[2015.11.27-09.30.49:777][  0]LogCollectionManager: Loaded 0 collections in 0.005416 seconds
[2015.11.27-09.30.50:338][  0]LogFileCache: Scanning file cache for directory 'C:/Users/Spellabbet/Documents/GitHub/SpaceGame/Project/SpaceGame/Saved/Collections/' took 0.01s
[2015.11.27-09.30.50:338][  0]LogFileCache: Scanning file cache for directory 'C:/Users/Spellabbet/Documents/GitHub/SpaceGame/Project/SpaceGame/Content/Developers/Spellabbet/Collections/' took 0.01s
[2015.11.27-09.30.50:338][  0]LogFileCache: Scanning file cache for directory 'C:/Users/Spellabbet/Documents/GitHub/SpaceGame/Project/SpaceGame/Content/Collections/' took 0.01s
[2015.11.27-09.30.50:338][  0]LogContentBrowser: Native class hierarchy populated in 0.1909 seconds. Added 1874 classes and 335 folders.
[2015.11.27-09.30.50:903][  0]LogCollectionManager: Rebuilt the GUID cache for 0 collections in 0.000005 seconds
[2015.11.27-09.30.51:102][  0]LogContentBrowser: Native class hierarchy updated for 'WidgetCarousel' in 0.0036 seconds. Added 0 classes and 0 folders.
[2015.11.27-09.30.57:399][  0]LogContentBrowser: Native class hierarchy updated for 'AddContentDialog' in 0.0036 seconds. Added 0 classes and 0 folders.
[2015.11.27-09.30.57:579][  0]LogContentBrowser: Native class hierarchy updated for 'SceneOutliner' in 0.0017 seconds. Added 1 classes and 2 folders.
[2015.11.27-09.31.00:900][  0]LogCrashTracker: Crashtracker disabled due to settings.
[2015.11.27-09.31.01:279][  0]LogUObjectGlobals:Warning: Failed to find object 'Class None.'
[2015.11.27-09.31.01:460][  0]LogLoad: Full Startup: 184.24 seconds (BP compile: 0.95 seconds)
[2015.11.27-09.31.03:539][  0]LogContentStreaming: Texture pool size now 1000 MB
[2015.11.27-09.31.03:881][  0]LogRenderer: Reallocating scene render targets to support 1208x576 (Frame:2).
[2015.11.27-09.31.04:780][  3]LogAssetRegistry: Asset discovery search completed in 51.9459 seconds
[2015.11.27-09.31.04:780][  3]LogCollectionManager: Rebuilt the object cache for 0 collections in 0.000001 seconds (found 0 objects)
[2015.11.27-09.31.04:785][  3]LogCollectionManager: Fixed up redirectors for 0 collections in 0.000028 seconds (updated 0 objects)
[2015.11.27-09.31.56:179][784]LogAIModule: Creating AISystem for world Untitled
[2015.11.27-09.31.56:201][784]Cmd: MAP LOAD FILE="../../../../../../Users/Spellabbet/Documents/GitHub/SpaceGame/Project/SpaceGame/Content/Untitled.umap" TEMPLATE=0 SHOWPROGRESS=1 FEATURELEVEL=3
[2015.11.27-09.31.56:201][784]LightingResults: New page: Lighting Build
[2015.11.27-09.31.56:214][784]LoadErrors: New page: Loading map: Untitled.umap
[2015.11.27-09.31.56:216][784]MapCheck: New page: Map Check
[2015.11.27-09.31.56:216][784]LightingResults: New page: Lighting Build
[2015.11.27-09.31.56:226][784]LogParticles: Destroying 0 GPU particle simulations for FXSystem 0x000000DE7A4B7E20
[2015.11.27-09.31.56:232][784]LogEditorServer: Finished looking for orphan Actors (0.000 secs)
[2015.11.27-09.31.56:256][784]Cmd: MAP CHECKDEP NOCLEARLOG
[2015.11.27-09.31.56:286][784]MapCheck: Info Map check complete: 0 Error(s), 0 Warning(s), took 29.7ms to complete.
[2015.11.27-09.31.56:286][784]LogFileHelpers: Loading map 'Untitled' took 0.087
[2015.11.27-09.32.41:752][521]LogVSAccessor:Warning: Visual Studio is open but could not be queried - it may be blocked by a modal operation
[2015.11.27-09.32.56:497][522]LogVSAccessor:Warning: Visual Studio is open but could not be queried - it may be blocked by a modal operation
[2015.11.27-09.33.18:520][523]LogVSAccessor:Warning: Visual Studio is open but could not be queried - it may be blocked by a modal operation
[2015.11.27-09.33.25:635][524]LogVSAccessor: Couldn't get item operations. Visual Studio may still be initializing.
[2015.11.27-09.33.25:655][525]LogVSAccessor:Warning: Visual Studio is open but could not be queried - it may be blocked by a modal operation
[2015.11.27-09.33.25:986][526]LogVSAccessor:Warning: Visual Studio is open but could not be queried - it may be blocked by a modal operation
[2015.11.27-09.33.26:323][527]LogVSAccessor:Warning: Visual Studio is open but could not be queried - it may be blocked by a modal operation
[2015.11.27-09.33.26:656][528]LogVSAccessor:Warning: Visual Studio is open but could not be queried - it may be blocked by a modal operation
[2015.11.27-09.33.26:988][529]LogVSAccessor:Warning: Visual Studio is open but could not be queried - it may be blocked by a modal operation
[2015.11.27-09.33.27:324][530]LogVSAccessor:Warning: Visual Studio is open but could not be queried - it may be blocked by a modal operation
[2015.11.27-09.33.27:655][531]LogVSAccessor:Warning: Visual Studio is open but could not be queried - it may be blocked by a modal operation
[2015.11.27-09.33.27:986][532]LogVSAccessor:Warning: Visual Studio is open but could not be queried - it may be blocked by a modal operation
[2015.11.27-09.33.28:319][533]LogVSAccessor:Warning: Visual Studio is open but could not be queried - it may be blocked by a modal operation
[2015.11.27-09.33.28:653][534]LogVSAccessor:Warning: Visual Studio is open but could not be queried - it may be blocked by a modal operation
[2015.11.27-09.33.28:988][535]LogVSAccessor:Warning: Visual Studio is open but could not be queried - it may be blocked by a modal operation
[2015.11.27-09.33.29:320][536]LogVSAccessor:Warning: Visual Studio is open but could not be queried - it may be blocked by a modal operation
[2015.11.27-09.33.29:655][537]LogVSAccessor:Warning: Visual Studio is open but could not be queried - it may be blocked by a modal operation
[2015.11.27-09.33.29:988][538]LogVSAccessor:Warning: Visual Studio is open but could not be queried - it may be blocked by a modal operation
[2015.11.27-09.33.30:319][539]LogVSAccessor:Warning: Visual Studio is open but could not be queried - it may be blocked by a modal operation
[2015.11.27-09.33.30:652][540]LogVSAccessor:Warning: Visual Studio is open but could not be queried - it may be blocked by a modal operation
[2015.11.27-09.33.30:987][541]LogVSAccessor:Warning: Visual Studio is open but could not be queried - it may be blocked by a modal operation
[2015.11.27-09.33.31:319][542]LogVSAccessor:Warning: Visual Studio is open but could not be queried - it may be blocked by a modal operation
[2015.11.27-09.33.31:653][543]LogVSAccessor:Warning: Visual Studio is open but could not be queried - it may be blocked by a modal operation
[2015.11.27-09.33.31:988][544]LogVSAccessor:Warning: Visual Studio is open but could not be queried - it may be blocked by a modal operation
[2015.11.27-09.33.32:322][545]LogVSAccessor:Warning: Visual Studio is open but could not be queried - it may be blocked by a modal operation
[2015.11.27-09.33.32:654][546]LogVSAccessor:Warning: Visual Studio is open but could not be queried - it may be blocked by a modal operation
[2015.11.27-09.33.32:989][547]LogVSAccessor:Warning: Visual Studio is open but could not be queried - it may be blocked by a modal operation
[2015.11.27-09.33.33:323][548]LogVSAccessor:Warning: Visual Studio is open but could not be queried - it may be blocked by a modal operation
[2015.11.27-09.33.33:655][549]LogVSAccessor:Warning: Visual Studio is open but could not be queried - it may be blocked by a modal operation
[2015.11.27-09.33.33:988][550]LogVSAccessor:Warning: Visual Studio is open but could not be queried - it may be blocked by a modal operation
[2015.11.27-09.33.34:321][551]LogVSAccessor:Warning: Visual Studio is open but could not be queried - it may be blocked by a modal operation
[2015.11.27-09.33.34:653][552]LogVSAccessor:Warning: Visual Studio is open but could not be queried - it may be blocked by a modal operation
[2015.11.27-09.33.34:989][553]LogVSAccessor:Warning: Visual Studio is open but could not be queried - it may be blocked by a modal operation
[2015.11.27-09.33.35:320][554]LogVSAccessor:Warning: Visual Studio is open but could not be queried - it may be blocked by a modal operation
[2015.11.27-09.33.35:654][555]LogVSAccessor:Warning: Visual Studio is open but could not be queried - it may be blocked by a modal operation
[2015.11.27-09.33.35:987][556]LogVSAccessor:Warning: Visual Studio is open but could not be queried - it may be blocked by a modal operation
[2015.11.27-09.33.36:320][557]LogVSAccessor:Warning: Visual Studio is open but could not be queried - it may be blocked by a modal operation
[2015.11.27-09.33.36:654][558]LogVSAccessor:Warning: Visual Studio is open but could not be queried - it may be blocked by a modal operation
[2015.11.27-09.33.36:989][559]LogVSAccessor:Warning: Visual Studio is open but could not be queried - it may be blocked by a modal operation
[2015.11.27-09.33.37:321][560]LogVSAccessor:Warning: Visual Studio is open but could not be queried - it may be blocked by a modal operation
[2015.11.27-09.33.37:655][561]LogVSAccessor:Warning: Visual Studio is open but could not be queried - it may be blocked by a modal operation
[2015.11.27-09.33.37:987][562]LogVSAccessor:Warning: Visual Studio is open but could not be queried - it may be blocked by a modal operation
[2015.11.27-09.33.38:320][563]LogVSAccessor:Warning: Visual Studio is open but could not be queried - it may be blocked by a modal operation
[2015.11.27-09.33.38:654][564]LogVSAccessor:Warning: Visual Studio is open but could not be queried - it may be blocked by a modal operation
[2015.11.27-09.33.38:986][565]LogVSAccessor:Warning: Visual Studio is open but could not be queried - it may be blocked by a modal operation
[2015.11.27-09.33.39:320][566]LogVSAccessor:Warning: Visual Studio is open but could not be queried - it may be blocked by a modal operation
[2015.11.27-09.33.39:653][567]LogVSAccessor:Warning: Visual Studio is open but could not be queried - it may be blocked by a modal operation
[2015.11.27-09.33.39:986][568]LogVSAccessor:Warning: Visual Studio is open but could not be queried - it may be blocked by a modal operation
[2015.11.27-09.33.40:320][569]LogVSAccessor:Warning: Visual Studio is open but could not be queried - it may be blocked by a modal operation
[2015.11.27-09.33.40:656][570]LogVSAccessor:Warning: Visual Studio is open but could not be queried - it may be blocked by a modal operation
[2015.11.27-09.33.40:988][571]LogVSAccessor:Warning: Visual Studio is open but could not be queried - it may be blocked by a modal operation
[2015.11.27-09.33.41:322][572]LogVSAccessor:Warning: Visual Studio is open but could not be queried - it may be blocked by a modal operation
[2015.11.27-09.33.41:656][573]LogVSAccessor:Warning: Visual Studio is open but could not be queried - it may be blocked by a modal operation
[2015.11.27-09.33.41:989][574]LogVSAccessor:Warning: Visual Studio is open but could not be queried - it may be blocked by a modal operation
[2015.11.27-09.33.42:320][575]LogVSAccessor:Warning: Visual Studio is open but could not be queried - it may be blocked by a modal operation
[2015.11.27-09.33.42:676][576]LogVSAccessor:Warning: Visual Studio is open but could not be queried - it may be blocked by a modal operation
[2015.11.27-09.33.42:990][577]LogVSAccessor:Warning: Visual Studio is open but could not be queried - it may be blocked by a modal operation
[2015.11.27-09.33.43:322][578]LogVSAccessor:Warning: Visual Studio is open but could not be queried - it may be blocked by a modal operation
[2015.11.27-09.33.43:654][579]LogVSAccessor:Warning: Visual Studio is open but could not be queried - it may be blocked by a modal operation
[2015.11.27-09.33.43:987][580]LogVSAccessor:Warning: Visual Studio is open but could not be queried - it may be blocked by a modal operation
[2015.11.27-09.33.44:323][581]LogVSAccessor:Warning: Visual Studio is open but could not be queried - it may be blocked by a modal operation
[2015.11.27-09.33.44:659][582]LogVSAccessor:Warning: Visual Studio is open but could not be queried - it may be blocked by a modal operation
[2015.11.27-09.33.44:988][583]LogVSAccessor:Warning: Visual Studio is open but could not be queried - it may be blocked by a modal operation
[2015.11.27-09.33.45:321][584]LogVSAccessor:Warning: Visual Studio is open but could not be queried - it may be blocked by a modal operation
[2015.11.27-09.33.45:653][585]LogVSAccessor:Warning: Visual Studio is open but could not be queried - it may be blocked by a modal operation
[2015.11.27-09.33.45:989][586]LogVSAccessor:Warning: Visual Studio is open but could not be queried - it may be blocked by a modal operation
[2015.11.27-09.33.46:320][587]LogVSAccessor:Warning: Visual Studio is open but could not be queried - it may be blocked by a modal operation
[2015.11.27-09.33.46:655][588]LogVSAccessor:Warning: Visual Studio is open but could not be queried - it may be blocked by a modal operation
[2015.11.27-09.33.46:987][589]LogVSAccessor:Warning: Visual Studio is open but could not be queried - it may be blocked by a modal operation
[2015.11.27-09.33.47:320][590]LogVSAccessor:Warning: Visual Studio is open but could not be queried - it may be blocked by a modal operation
[2015.11.27-09.33.47:656][591]LogVSAccessor:Warning: Visual Studio is open but could not be queried - it may be blocked by a modal operation
[2015.11.27-09.33.47:989][592]LogVSAccessor:Warning: Visual Studio is open but could not be queried - it may be blocked by a modal operation
[2015.11.27-09.33.48:321][593]LogVSAccessor:Warning: Visual Studio is open but could not be queried - it may be blocked by a modal operation
[2015.11.27-09.33.48:654][594]LogVSAccessor:Warning: Visual Studio is open but could not be queried - it may be blocked by a modal operation
[2015.11.27-09.33.48:986][595]LogVSAccessor:Warning: Visual Studio is open but could not be queried - it may be blocked by a modal operation
[2015.11.27-09.33.49:322][596]LogVSAccessor:Warning: Visual Studio is open but could not be queried - it may be blocked by a modal operation
[2015.11.27-09.33.49:653][597]LogVSAccessor:Warning: Visual Studio is open but could not be queried - it may be blocked by a modal operation
[2015.11.27-09.33.49:989][598]LogVSAccessor:Warning: Visual Studio is open but could not be queried - it may be blocked by a modal operation
[2015.11.27-09.33.50:322][599]LogVSAccessor:Warning: Visual Studio is open but could not be queried - it may be blocked by a modal operation
[2015.11.27-09.33.50:655][600]LogVSAccessor:Warning: Visual Studio is open but could not be queried - it may be blocked by a modal operation
[2015.11.27-09.33.50:986][601]LogVSAccessor:Warning: Visual Studio is open but could not be queried - it may be blocked by a modal operation
[2015.11.27-09.33.51:320][602]LogVSAccessor:Warning: Visual Studio is open but could not be queried - it may be blocked by a modal operation
[2015.11.27-09.33.51:654][603]LogVSAccessor:Warning: Visual Studio is open but could not be queried - it may be blocked by a modal operation
[2015.11.27-09.33.51:987][604]LogVSAccessor:Warning: Visual Studio is open but could not be queried - it may be blocked by a modal operation
[2015.11.27-09.33.52:319][605]LogVSAccessor:Warning: Visual Studio is open but could not be queried - it may be blocked by a modal operation
[2015.11.27-09.33.52:656][606]LogVSAccessor:Warning: Visual Studio is open but could not be queried - it may be blocked by a modal operation
[2015.11.27-09.34.02:851][607]LogVSAccessor:Warning: Couldn't goto line number '0' in 'C:/Users/Spellabbet/Documents/GitHub/SpaceGame/Project/SpaceGame/Source/SpaceGame/Star.h'
[2015.11.27-09.34.02:874][607]LogVSAccessor:Warning: Couldn't goto line number '0' in 'C:/Users/Spellabbet/Documents/GitHub/SpaceGame/Project/SpaceGame/Source/SpaceGame/Star.cpp'
[2015.11.27-09.35.58:558][955]LogEditorViewport: Clicking on Actor (LMB): BP_Sky_Sphere_C (Sky Sphere)
[2015.11.27-09.36.00:624][143]LogWindowsTextInputMethodSystem:Display: IME system now deactivated.
[2015.11.27-09.36.00:847][144]Cmd: QUIT_EDITOR
[2015.11.27-09.36.01:052][144]LogExit: Preparing to exit.
[2015.11.27-09.36.01:302][144]LogExit: Editor shut down
[2015.11.27-09.36.01:302][144]LogExit: Transaction tracking system shut down
[2015.11.27-09.36.01:304][144]LogParticles: Destroying 0 GPU particle simulations for FXSystem 0x000000DE15A6B560
[2015.11.27-09.36.01:376][144]LogParticles: Destroying 0 GPU particle simulations for FXSystem 0x000000DE79FE1EE0
[2015.11.27-09.36.01:377][144]LogParticles: Destroying 0 GPU particle simulations for FXSystem 0x000000DE159A4AE0
[2015.11.27-09.36.01:503][144]LogExit: Object subsystem successfully closed.
[2015.11.27-09.36.01:567][144]LogD3D11RHI: Shutdown
[2015.11.27-09.36.01:567][144]LogD3D11RHI: CleanupD3DDevice
[2015.11.27-09.36.01:629][144]LogD3D11RHI: ~FD3D11DynamicRHI
[2015.11.27-09.36.01:655][144]LogModuleManager: Shutting down and abandoning module CrashTracker (198)
[2015.11.27-09.36.01:655][144]LogModuleManager: Shutting down and abandoning module SceneOutliner (197)
[2015.11.27-09.36.01:655][144]LogModuleManager: Shutting down and abandoning module SuperSearch (196)
[2015.11.27-09.36.01:655][144]LogModuleManager: Shutting down and abandoning module WidgetCarousel (195)
[2015.11.27-09.36.01:655][144]LogModuleManager: Shutting down and abandoning module AddContentDialog (194)
[2015.11.27-09.36.01:656][144]LogModuleManager: Shutting down and abandoning module EditorWidgets (193)
[2015.11.27-09.36.01:656][144]LogModuleManager: Shutting down and abandoning module CollectionManager (192)
[2015.11.27-09.36.01:656][144]LogModuleManager: Shutting down and abandoning module StatsViewer (191)
[2015.11.27-09.36.01:656][144]LogModuleManager: Shutting down and abandoning module FoliageEdit (190)
[2015.11.27-09.36.01:656][144]LogModuleManager: Shutting down and abandoning module LandscapeEditor (189)
[2015.11.27-09.36.01:656][144]LogModuleManager: Shutting down and abandoning module ActorPickerMode (188)
[2015.11.27-09.36.01:656][144]LogModuleManager: Shutting down and abandoning module GeometryMode (187)
[2015.11.27-09.36.01:656][144]LogModuleManager: Shutting down and abandoning module TextureAlignMode (186)
[2015.11.27-09.36.01:656][144]LogModuleManager: Shutting down and abandoning module BspMode (185)
[2015.11.27-09.36.01:656][144]LogModuleManager: Shutting down and abandoning module PlacementMode (184)
[2015.11.27-09.36.01:656][144]LogModuleManager: Shutting down and abandoning module AutomationWorker (183)
[2015.11.27-09.36.01:656][144]LogModuleManager: Shutting down and abandoning module CharacterAI (182)
[2015.11.27-09.36.01:656][144]LogModuleManager: Shutting down and abandoning module SmartSnapping (181)
[2015.11.27-09.36.01:656][144]LogModuleManager: Shutting down and abandoning module ViewportSnapping (180)
[2015.11.27-09.36.01:656][144]LogModuleManager: Shutting down and abandoning module LogVisualizer (179)
[2015.11.27-09.36.01:656][144]LogModuleManager: Shutting down and abandoning module GameProjectGeneration (178)
[2015.11.27-09.36.01:656][144]LogModuleManager: Shutting down and abandoning module IntroTutorials (177)
[2015.11.27-09.36.01:656][144]LogModuleManager: Shutting down and abandoning module EditorLiveStreaming (176)
[2015.11.27-09.36.01:656][144]LogModuleManager: Shutting down and abandoning module IOSPlatformEditor (175)
[2015.11.27-09.36.01:656][144]LogModuleManager: Shutting down and abandoning module HTML5PlatformEditor (174)
[2015.11.27-09.36.01:656][144]LogModuleManager: Shutting down and abandoning module AndroidDeviceDetection (173)
[2015.11.27-09.36.01:849][144]LogModuleManager: Shutting down and abandoning module AndroidPlatformEditor (172)
[2015.11.27-09.36.01:849][144]LogModuleManager: Shutting down and abandoning module IOSRuntimeSettings (171)
[2015.11.27-09.36.01:849][144]LogModuleManager: Shutting down and abandoning module AndroidRuntimeSettings (170)
[2015.11.27-09.36.01:849][144]LogModuleManager: Shutting down and abandoning module MergeActors (169)
[2015.11.27-09.36.01:849][144]LogModuleManager: Shutting down and abandoning module SizeMap (168)
[2015.11.27-09.36.01:849][144]LogModuleManager: Shutting down and abandoning module TreeMap (167)
[2015.11.27-09.36.01:849][144]LogModuleManager: Shutting down and abandoning module ReferenceViewer (166)
[2015.11.27-09.36.01:849][144]LogModuleManager: Shutting down and abandoning module LocalizationService (165)
[2015.11.27-09.36.01:849][144]LogModuleManager: Shutting down and abandoning module LocalizationDashboard (164)
[2015.11.27-09.36.01:849][144]LogModuleManager: Shutting down and abandoning module HardwareTargeting (163)
[2015.11.27-09.36.01:849][144]LogModuleManager: Shutting down and abandoning module DeviceProfileEditor (162)
[2015.11.27-09.36.01:849][144]LogModuleManager: Shutting down and abandoning module UndoHistory (161)
[2015.11.27-09.36.01:849][144]LogModuleManager: Shutting down and abandoning module GameplayTagsEditor (160)
[2015.11.27-09.36.01:849][144]LogModuleManager: Shutting down and abandoning module UserFeedback (159)
[2015.11.27-09.36.01:849][144]LogModuleManager: Shutting down and abandoning module XmlParser (158)
[2015.11.27-09.36.01:849][144]LogModuleManager: Shutting down and abandoning module Blutility (157)
[2015.11.27-09.36.01:849][144]LogModuleManager: Shutting down and abandoning module ProjectTargetPlatformEditor (156)
[2015.11.27-09.36.01:850][144]LogModuleManager: Shutting down and abandoning module ProjectSettingsViewer (155)
[2015.11.27-09.36.01:850][144]LogModuleManager: Shutting down and abandoning module InputBindingEditor (154)
[2015.11.27-09.36.01:850][144]LogModuleManager: Shutting down and abandoning module EditorSettingsViewer (153)
[2015.11.27-09.36.01:850][144]LogModuleManager: Shutting down and abandoning module SettingsEditor (152)
[2015.11.27-09.36.01:850][144]LogModuleManager: Shutting down and abandoning module ProjectLauncher (151)
[2015.11.27-09.36.01:850][144]LogModuleManager: Shutting down and abandoning module SessionFrontend (150)
[2015.11.27-09.36.01:850][144]LogModuleManager: Shutting down and abandoning module ProfilerClient (149)
[2015.11.27-09.36.01:850][144]LogModuleManager: Shutting down and abandoning module TargetDeviceServices (148)
[2015.11.27-09.36.01:850][144]LogModuleManager: Shutting down and abandoning module DeviceManager (147)
[2015.11.27-09.36.01:851][144]LogModuleManager: Shutting down and abandoning module AutomationController (146)
[2015.11.27-09.36.01:851][144]LogModuleManager: Shutting down and abandoning module AutomationWindow (145)
[2015.11.27-09.36.01:851][144]LogModuleManager: Shutting down and abandoning module Layers (144)
[2015.11.27-09.36.01:851][144]LogModuleManager: Shutting down and abandoning module ComponentVisualizers (143)
[2015.11.27-09.36.01:851][144]LogModuleManager: Shutting down and abandoning module DetailCustomizations (142)
[2015.11.27-09.36.01:851][144]LogModuleManager: Shutting down and abandoning module PackagesDialog (141)
[2015.11.27-09.36.01:851][144]LogModuleManager: Shutting down and abandoning module Persona (140)
[2015.11.27-09.36.01:851][144]LogModuleManager: Shutting down and abandoning module Kismet (139)
[2015.11.27-09.36.01:852][144]LogModuleManager: Shutting down and abandoning module GraphEditor (138)
[2015.11.27-09.36.01:852][144]LogModuleManager: Shutting down and abandoning module ClassViewer (137)
[2015.11.27-09.36.01:852][144]LogModuleManager: Shutting down and abandoning module Toolbox (136)
[2015.11.27-09.36.01:852][144]LogModuleManager: Shutting down and abandoning module ModuleUI (135)
[2015.11.27-09.36.01:852][144]LogModuleManager: Shutting down and abandoning module MovieSceneTools (134)
[2015.11.27-09.36.01:852][144]LogModuleManager: Shutting down and abandoning module OutputLog (133)
[2015.11.27-09.36.01:852][144]LogModuleManager: Shutting down and abandoning module GammaUI (132)
[2015.11.27-09.36.01:852][144]LogModuleManager: Shutting down and abandoning module Documentation (131)
[2015.11.27-09.36.01:852][144]LogModuleManager: Shutting down and abandoning module GameLiveStreaming (130)
[2015.11.27-09.36.01:852][144]LogModuleManager: Shutting down and abandoning module StreamingPauseRendering (129)
[2015.11.27-09.36.01:852][144]LogModuleManager: Shutting down and abandoning module AnalyticsET (128)
[2015.11.27-09.36.01:852][144]LogModuleManager: Shutting down and abandoning module Analytics (127)
[2015.11.27-09.36.01:852][144]LogModuleManager: Shutting down and abandoning module AITestSuite (126)
[2015.11.27-09.36.01:853][144]LogModuleManager: Shutting down and abandoning module GameplayDebugger (125)
[2015.11.27-09.36.01:853][144]LogModuleManager: Shutting down and abandoning module AIModule (124)
[2015.11.27-09.36.01:853][144]LogModuleManager: Shutting down and abandoning module ProfilerService (123)
[2015.11.27-09.36.02:076][144]LogModuleManager: Shutting down and abandoning module TaskGraph (122)
[2015.11.27-09.36.02:076][144]LogModuleManager: Shutting down and abandoning module SlateRemote (121)
[2015.11.27-09.36.02:076][144]LogModuleManager: Shutting down and abandoning module SteamVRController (120)
[2015.11.27-09.36.02:076][144]LogModuleManager: Shutting down and abandoning module SteamVR (119)
[2015.11.27-09.36.02:076][144]LogModuleManager: Shutting down and abandoning module ProceduralMeshComponent (118)
[2015.11.27-09.36.02:076][144]LogModuleManager: Shutting down and abandoning module OculusRift (117)
[2015.11.27-09.36.02:076][144]LogModuleManager: Shutting down and abandoning module OculusLibrary (116)
[2015.11.27-09.36.02:076][144]LogModuleManager: Shutting down and abandoning module LeapMotionController (115)
[2015.11.27-09.36.02:097][144]LogModuleManager: Shutting down and abandoning module CustomMeshComponent (114)
[2015.11.27-09.36.02:097][144]LogModuleManager: Shutting down and abandoning module CableComponent (113)
[2015.11.27-09.36.02:097][144]LogModuleManager: Shutting down and abandoning module ArchVisCharacter (112)
[2015.11.27-09.36.02:097][144]LogModuleManager: Shutting down and abandoning module MessagingDebugger (111)
[2015.11.27-09.36.02:097][144]LogModuleManager: Shutting down and abandoning module MediaPlayerEditor (110)
[2015.11.27-09.36.02:097][144]LogModuleManager: Shutting down and abandoning module HTML5Networking (109)
[2015.11.27-09.36.02:097][144]LogModuleManager: Shutting down and abandoning module SpeedTreeImporter (108)
[2015.11.27-09.36.02:097][144]LogModuleManager: Shutting down and abandoning module PluginBrowser (107)
[2015.11.27-09.36.02:097][144]LogModuleManager: Shutting down and abandoning module EpicSurvey (106)
[2015.11.27-09.36.02:097][144]LogModuleManager: Shutting down and abandoning module DesktopPlatform (105)
[2015.11.27-09.36.02:097][144]LogModuleManager: Shutting down and abandoning module VisualStudioSourceCodeAccess (104)
[2015.11.27-09.36.02:097][144]LogModuleManager: Shutting down and abandoning module UObjectPlugin (103)
[2015.11.27-09.36.02:097][144]LogModuleManager: Shutting down and abandoning module SubversionSourceControl (102)
[2015.11.27-09.36.02:097][144]LogModuleManager: Shutting down and abandoning module PerforceSourceControl (101)
[2015.11.27-09.36.02:097][144]LogModuleManager: Shutting down and abandoning module SourceControl (100)
[2015.11.27-09.36.02:097][144]LogModuleManager: Shutting down and abandoning module GitSourceControl (99)
[2015.11.27-09.36.02:097][144]LogModuleManager: Shutting down and abandoning module LightPropagationVolumeEditor (98)
[2015.11.27-09.36.02:097][144]LogModuleManager: Shutting down and abandoning module PaperTiledImporter (97)
[2015.11.27-09.36.02:097][144]LogModuleManager: Shutting down and abandoning module PaperSpriteSheetImporter (96)
[2015.11.27-09.36.02:097][144]LogModuleManager: Shutting down and abandoning module MeshPaint (95)
[2015.11.27-09.36.02:097][144]LogModuleManager: Shutting down and abandoning module SlateReflector (94)
[2015.11.27-09.36.02:097][144]LogModuleManager: Shutting down and abandoning module HotReload (93)
[2015.11.27-09.36.02:097][144]LogModuleManager: Shutting down and abandoning module MainFrame (92)
[2015.11.27-09.36.02:097][144]LogModuleManager: Shutting down and abandoning module LevelEditor (91)
[2015.11.27-09.36.02:099][144]LogModuleManager: Shutting down and abandoning module DirectoryWatcher (90)
[2015.11.27-09.36.02:100][144]LogModuleManager: Shutting down and abandoning module AssetRegistry (89)
[2015.11.27-09.36.02:130][144]LogModuleManager: Shutting down and abandoning module ContentBrowser (88)
[2015.11.27-09.36.02:131][144]LogModuleManager: Shutting down and abandoning module Paper2DEditor (87)
[2015.11.27-09.36.02:131][144]LogModuleManager: Shutting down and abandoning module SpaceGame (86)
[2015.11.27-09.36.02:131][144]LogModuleManager: Shutting down and abandoning module UdpMessaging (85)
[2015.11.27-09.36.02:231][144]LogModuleManager: Shutting down and abandoning module LightPropagationVolumeRuntime (84)
[2015.11.27-09.36.02:231][144]LogModuleManager: Shutting down and abandoning module Paper2D (83)
[2015.11.27-09.36.02:231][144]LogModuleManager: Shutting down and abandoning module WindowsMoviePlayer (82)
[2015.11.27-09.36.02:241][144]LogModuleManager: Shutting down and abandoning module Media (81)
[2015.11.27-09.36.02:241][144]LogModuleManager: Shutting down and abandoning module WmfMedia (80)
[2015.11.27-09.36.02:242][144]LogModuleManager: Shutting down and abandoning module OnlineBlueprintSupport (79)
[2015.11.27-09.36.02:242][144]LogModuleManager: Shutting down and abandoning module GameplayTasksEditor (78)
[2015.11.27-09.36.02:242][144]LogModuleManager: Shutting down and abandoning module PropertyEditor (77)
[2015.11.27-09.36.02:242][144]LogModuleManager: Shutting down and abandoning module BehaviorTreeEditor (76)
[2015.11.27-09.36.02:242][144]LogModuleManager: Shutting down and abandoning module FunctionalTesting (75)
[2015.11.27-09.36.02:242][144]LogModuleManager: Shutting down and abandoning module CollisionAnalyzer (74)
[2015.11.27-09.36.02:242][144]LogModuleManager: Shutting down and abandoning module WorkspaceMenuStructure (73)
[2015.11.27-09.36.02:242][144]LogModuleManager: Shutting down and abandoning module MessageLog (72)
[2015.11.27-09.36.02:242][144]LogModuleManager: Shutting down and abandoning module Sequencer (71)
[2015.11.27-09.36.02:242][144]LogModuleManager: Shutting down and abandoning module AssetTools (70)
[2015.11.27-09.36.02:242][144]LogModuleManager: Shutting down and abandoning module UMGEditor (69)
[2015.11.27-09.36.02:242][144]LogModuleManager: Shutting down and abandoning module UMG (68)
[2015.11.27-09.36.02:243][144]LogModuleManager: Shutting down and abandoning module Slate (67)
[2015.11.27-09.36.02:243][144]LogModuleManager: Shutting down and abandoning module EditorStyle (66)
[2015.11.27-09.36.02:249][144]LogModuleManager: Shutting down and abandoning module SessionServices (65)
[2015.11.27-09.36.02:249][144]LogModuleManager: Shutting down and abandoning module SourceCodeAccess (64)
[2015.11.27-09.36.02:249][144]LogModuleManager: Shutting down and abandoning module HeadMountedDisplay (63)
[2015.11.27-09.36.02:249][144]LogModuleManager: Shutting down and abandoning module XAudio2 (62)
[2015.11.27-09.36.02:249][144]LogModuleManager: Shutting down and abandoning module Networking (60)
[2015.11.27-09.36.02:249][144]LogModuleManager: Shutting down and abandoning module Core (59)
[2015.11.27-09.36.02:249][144]LogModuleManager: Shutting down and abandoning module KismetCompiler (58)
[2015.11.27-09.36.02:249][144]LogModuleManager: Shutting down and abandoning module PhysXFormats (57)
[2015.11.27-09.36.02:249][144]LogModuleManager: Shutting down and abandoning module MeshUtilities (56)
[2015.11.27-09.36.02:249][144]LogModuleManager: Shutting down and abandoning module CookingStats (55)
[2015.11.27-09.36.02:250][144]LogModuleManager: Shutting down and abandoning module DerivedDataCache (54)
[2015.11.27-09.36.02:292][144]LogDerivedDataCache: Shutdown
[2015.11.27-09.36.02:292][144]LogModuleManager: Shutting down and abandoning module ShaderFormatOpenGL (53)
[2015.11.27-09.36.02:292][144]LogModuleManager: Shutting down and abandoning module ShaderFormatD3D (52)
[2015.11.27-09.36.02:292][144]LogModuleManager: Shutting down and abandoning module MetalShaderFormat (51)
[2015.11.27-09.36.02:292][144]LogModuleManager: Shutting down and abandoning module TextureFormatUncompressed (50)
[2015.11.27-09.36.02:292][144]LogModuleManager: Shutting down and abandoning module TextureFormatPVR (49)
[2015.11.27-09.36.02:292][144]LogModuleManager: Shutting down and abandoning module TextureFormatIntelISPCTexComp (48)
[2015.11.27-09.36.02:292][144]LogModuleManager: Shutting down and abandoning module TextureFormatDXT (47)
[2015.11.27-09.36.02:292][144]LogModuleManager: Shutting down and abandoning module ImageWrapper (46)
[2015.11.27-09.36.02:292][144]LogModuleManager: Shutting down and abandoning module TextureFormatASTC (45)
[2015.11.27-09.36.02:293][144]LogModuleManager: Shutting down and abandoning module TextureFormatAndroid (44)
[2015.11.27-09.36.02:293][144]LogModuleManager: Shutting down and abandoning module AudioFormatOpus (43)
[2015.11.27-09.36.02:293][144]LogModuleManager: Shutting down and abandoning module AudioFormatOgg (42)
[2015.11.27-09.36.02:293][144]LogModuleManager: Shutting down and abandoning module AudioFormatADPCM (41)
[2015.11.27-09.36.02:293][144]LogModuleManager: Shutting down and abandoning module LinuxTargetPlatform (40)
[2015.11.27-09.36.02:293][144]LogModuleManager: Shutting down and abandoning module LinuxServerTargetPlatform (39)
[2015.11.27-09.36.02:293][144]LogModuleManager: Shutting down and abandoning module LinuxNoEditorTargetPlatform (38)
[2015.11.27-09.36.02:293][144]LogModuleManager: Shutting down and abandoning module Messaging (37)
[2015.11.27-09.36.02:293][144]LogModuleManager: Shutting down and abandoning module IOSTargetPlatform (36)
[2015.11.27-09.36.02:293][144]LogModuleManager: Shutting down and abandoning module HTML5TargetPlatform (35)
[2015.11.27-09.36.02:293][144]LogModuleManager: Shutting down and abandoning module Android_PVRTCTargetPlatform (34)
[2015.11.27-09.36.02:293][144]LogModuleManager: Shutting down and abandoning module Android_ETC2TargetPlatform (33)
[2015.11.27-09.36.02:293][144]LogModuleManager: Shutting down and abandoning module Android_ETC1TargetPlatform (32)
[2015.11.27-09.36.02:293][144]LogModuleManager: Shutting down and abandoning module Android_DXTTargetPlatform (31)
[2015.11.27-09.36.02:293][144]LogModuleManager: Shutting down and abandoning module Android_ATCTargetPlatform (30)
[2015.11.27-09.36.02:293][144]LogModuleManager: Shutting down and abandoning module Android_ASTCTargetPlatform (29)
[2015.11.27-09.36.02:293][144]LogModuleManager: Shutting down and abandoning module AndroidTargetPlatform (28)
[2015.11.27-09.36.02:293][144]LogModuleManager: Shutting down and abandoning module WindowsTargetPlatform (27)
[2015.11.27-09.36.02:293][144]LogModuleManager: Shutting down and abandoning module WindowsServerTargetPlatform (26)
[2015.11.27-09.36.02:294][144]LogModuleManager: Shutting down and abandoning module WindowsNoEditorTargetPlatform (25)
[2015.11.27-09.36.02:294][144]LogModuleManager: Shutting down and abandoning module WindowsClientTargetPlatform (24)
[2015.11.27-09.36.02:294][144]LogModuleManager: Shutting down and abandoning module AllDesktopTargetPlatform (23)
[2015.11.27-09.36.02:294][144]LogModuleManager: Shutting down and abandoning module TargetPlatform (22)
[2015.11.27-09.36.02:294][144]LogModuleManager: Shutting down and abandoning module InputCore (21)
[2015.11.27-09.36.02:294][144]LogModuleManager: Shutting down and abandoning module Settings (20)
[2015.11.27-09.36.02:294][144]LogModuleManager: Shutting down and abandoning module OnlineSubsystem (18)
[2015.11.27-09.36.02:294][144]LogModuleManager: Shutting down and abandoning module HTTP (17)
[2015.11.27-09.36.04:298][144]LogModuleManager: Shutting down and abandoning module XMPP (16)
[2015.11.27-09.36.04:298][144]LogModuleManager: Shutting down and abandoning module ExampleDeviceProfileSelector (15)
[2015.11.27-09.36.04:298][144]LogModuleManager: Shutting down and abandoning module TextureCompressor (14)
[2015.11.27-09.36.04:298][144]LogModuleManager: Shutting down and abandoning module ShaderCore (13)
[2015.11.27-09.36.04:298][144]LogModuleManager: Shutting down and abandoning module Landscape (12)
[2015.11.27-09.36.04:299][144]LogModuleManager: Shutting down and abandoning module SlateRHIRenderer (11)
[2015.11.27-09.36.04:300][144]LogModuleManager: Shutting down and abandoning module OpenGLDrv (10)
[2015.11.27-09.36.04:300][144]LogModuleManager: Shutting down and abandoning module D3D11RHI (9)
[2015.11.27-09.36.04:300][144]LogModuleManager: Shutting down and abandoning module AnimGraphRuntime (8)
[2015.11.27-09.36.04:300][144]LogModuleManager: Shutting down and abandoning module Renderer (7)
[2015.11.27-09.36.04:300][144]LogModuleManager: Shutting down and abandoning module Engine (6)
[2015.11.27-09.36.04:300][144]LogModuleManager: Shutting down and abandoning module CoreUObject (5)
[2015.11.27-09.36.04:300][144]LogModuleManager: Shutting down and abandoning module NetworkFile (4)
[2015.11.27-09.36.04:300][144]LogModuleManager: Shutting down and abandoning module StreamingFile (3)
[2015.11.27-09.36.04:300][144]LogModuleManager: Shutting down and abandoning module SandboxFile (2)
[2015.11.27-09.36.04:300][144]LogModuleManager: Shutting down and abandoning module PakFile (1)
[2015.11.27-09.36.04:302][144]LogExit: Exiting.
[2015.11.27-09.36.04:305][144]Log file closed, 11/27/15 10:36:04
>>>>>>> origin/master
