[2016.01.08-19.52.18:884][  0]Log file open, 01/08/16 20:52:18
[2016.01.08-19.52.18:884][  0]LogInit:Display: Running engine for game: SpaceGame
[2016.01.08-19.52.18:884][  0]LogInit:Display: RandInit(-1629904221) SRandInit(-1629904220).
[2016.01.08-19.52.18:884][  0]LogTaskGraph: Started task graph with 4 named threads and 7 total threads.
[2016.01.08-19.52.18:884][  0]LogStats: Stats thread started at 0.152919
[2016.01.08-19.52.18:884][  0]LogInit:Warning: Incompatible or missing module: UE4Editor-SpaceGame.dll
[2016.01.08-19.53.33:306][  0]Running C:/Program Files/Epic Games/4.9/Engine/Binaries/DotNET/UnrealBuildTool.exe SpaceGame Development Win64 -project="D:/GitHub/SpaceGame/Project/SpaceGame/SpaceGame.uproject" -rocket -editorrecompile -progress -noubtmakefiles
[2016.01.08-19.53.51:469][  0]@progress push 5%
[2016.01.08-19.53.52:374][  0]Parsing headers for SpaceGameEditor
[2016.01.08-19.53.52:474][  0]  Running UnrealHeaderTool "D:/GitHub/SpaceGame/Project/SpaceGame/SpaceGame.uproject" "D:\GitHub\SpaceGame\Project\SpaceGame\Intermediate\Build\Win64\SpaceGameEditor\Development\UnrealHeaderTool.manifest" -LogCmds="loginit warning, logexit warning, logdatabase error" -rocket -installed
[2016.01.08-19.54.02:011][  0]Reflection code generated for SpaceGameEditor in 9,6067074 seconds
[2016.01.08-19.54.02:312][  0]@progress pop
[2016.01.08-19.54.04:521][  0]Performing 17 actions (4 in parallel)
[2016.01.08-19.54.04:521][  0][3/17] Resource PCLaunch.rc
[2016.01.08-19.54.04:521][  0][2/17] Resource ModuleVersionResource.rc.inl
[2016.01.08-19.54.04:522][  0]PCH.SpaceGame.h.cpp
[2016.01.08-19.54.40:351][  0]Pathfinder.cpp
[2016.01.08-19.54.40:351][  0]MousePawn.cpp
[2016.01.08-19.54.40:351][  0]SpaceGame.generated.cpp
[2016.01.08-19.54.40:352][  0]Fleet.cpp
[2016.01.08-19.54.40:953][  0]Star.cpp
[2016.01.08-19.54.40:953][  0]Link.cpp
[2016.01.08-19.54.41:354][  0]Combat.cpp
[2016.01.08-19.54.41:454][  0]SpaceGameGameMode.cpp
[2016.01.08-19.54.41:555][  0]MouseController.cpp
[2016.01.08-19.54.41:755][  0]CameraPawn.cpp
[2016.01.08-19.54.41:755][  0]Ship.cpp
[2016.01.08-19.54.41:956][  0]MinHeap.cpp
[2016.01.08-19.54.42:157][  0]SpaceGame.cpp
[2016.01.08-19.54.42:458][  0][17/17] Link UE4Editor-SpaceGame.dll
[2016.01.08-19.54.42:658][  0]   Creating library D:\GitHub\SpaceGame\Project\SpaceGame\Intermediate/Build/Win64\UE4Editor\Development\UE4Editor-SpaceGame.lib and object D:\GitHub\SpaceGame\Project\SpaceGame\Intermediate/Build/Win64\UE4Editor\Development\UE4Editor-SpaceGame.exp
[2016.01.08-19.54.43:361][  0]-------- End Detailed Actions Stats -----------------------------------------------------------
[2016.01.08-19.54.43:361][  0]Total build time: 69,95 seconds
[2016.01.08-19.54.43:854][  0]LogInit: Version: 4.9.2-2707645+++depot+UE4-Releases+4.9
[2016.01.08-19.54.43:854][  0]LogInit: API Version: 2672455
[2016.01.08-19.54.43:854][  0]LogInit: Compiled (64-bit): Sep 28 2015 10:25:44
[2016.01.08-19.54.43:854][  0]LogInit: Compiled with Visual C++: 18.00.21005.01
[2016.01.08-19.54.43:854][  0]LogInit: Build Configuration: Development
[2016.01.08-19.54.43:854][  0]LogInit: Branch Name: ++depot+UE4-Releases+4.9
[2016.01.08-19.54.43:854][  0]LogInit: Command line:  
[2016.01.08-19.54.43:854][  0]LogInit: Base directory: C:/Program Files/Epic Games/4.9/Engine/Binaries/Win64/
[2016.01.08-19.54.43:854][  0]LogInit: Rocket: 1
[2016.01.08-19.54.43:878][  0]LogInit: Using libcurl 7.41.0
[2016.01.08-19.54.43:878][  0]LogInit:  - built for x86_64-pc-win32
[2016.01.08-19.54.43:878][  0]LogInit:  - supports SSL with WinSSL
[2016.01.08-19.54.43:878][  0]LogInit:  - other features:
[2016.01.08-19.54.43:878][  0]LogInit:      CURL_VERSION_SSL
[2016.01.08-19.54.43:878][  0]LogInit:      CURL_VERSION_IPV6
[2016.01.08-19.54.43:878][  0]LogInit:      CURL_VERSION_ASYNCHDNS
[2016.01.08-19.54.43:878][  0]LogInit:      CURL_VERSION_LARGEFILE
[2016.01.08-19.54.43:878][  0]LogInit:      CURL_VERSION_IDN
[2016.01.08-19.54.43:879][  0]LogInit:  CurlRequestOptions (configurable via config and command line):
[2016.01.08-19.54.43:879][  0]LogInit:  - bVerifyPeer = true  - Libcurl will verify peer certificate
[2016.01.08-19.54.43:879][  0]LogInit:  - bUseHttpProxy = false  - Libcurl will NOT use HTTP proxy
[2016.01.08-19.54.43:879][  0]LogInit:  - bDontReuseConnections = false  - Libcurl will reuse connections
[2016.01.08-19.54.43:879][  0]LogInit:  - CertBundlePath = nullptr  - Libcurl will use whatever was configured at build time.
[2016.01.08-19.54.43:915][  0]LogInit: Presizing for 0 objects not considered by GC, pre-allocating 0 bytes.
[2016.01.08-19.54.43:923][  0]LogInit: Object subsystem initialized
[2016.01.08-19.54.43:926][  0]LogInit: Selected Device Profile: [Windows]
[2016.01.08-19.54.43:926][  0]LogInit: Applying CVar settings loaded from the selected device profile: [Windows]
[2016.01.08-19.54.43:939][  0]LogInit: Computer: KAITOS
[2016.01.08-19.54.43:939][  0]LogInit: User: leion
[2016.01.08-19.54.43:939][  0]LogInit: CPU Page size=4096, Cores=4
[2016.01.08-19.54.43:939][  0]LogInit: High frequency timer resolution =3.232146 MHz
[2016.01.08-19.54.43:939][  0]LogMemory: Memory total: Physical=16.0GB (16GB approx)
[2016.01.08-19.54.43:940][  0]LogMemory: Platform Memory Stats for Windows
[2016.01.08-19.54.43:940][  0]LogMemory: Process Physical Memory: 56.79 MB used, 56.79 MB peak
[2016.01.08-19.54.43:940][  0]LogMemory: Process Virtual Memory: 57.47 MB used, 57.47 MB peak
[2016.01.08-19.54.43:940][  0]LogMemory: Physical Memory: 3569.00 MB used, 16367.11 MB total
[2016.01.08-19.54.43:940][  0]LogMemory: Virtual Memory: 389.61 MB used, 134217728.00 MB total
[2016.01.08-19.54.44:146][  0]LogTextLocalizationManager: No translations for ('sv-SE') exist, falling back to 'en' for localization and internationalization data.
[2016.01.08-19.54.45:025][  0]LogD3D11RHI: Found D3D11 adapter 0: NVIDIA GeForce GTX 770 (Feature Level 11_0)
[2016.01.08-19.54.45:025][  0]LogD3D11RHI: Adapter has 1989MB of dedicated video memory, 0MB of dedicated system memory, and 8183MB of shared system memory, 3 output[s]
[2016.01.08-19.54.45:026][  0]LogD3D11RHI: Found D3D11 adapter 1: Microsoft Basic Render Driver (Feature Level 11_0)
[2016.01.08-19.54.45:026][  0]LogD3D11RHI: Adapter has 0MB of dedicated video memory, 0MB of dedicated system memory, and 8183MB of shared system memory, 0 output[s]
[2016.01.08-19.54.45:026][  0]LogD3D11RHI: Chosen D3D11 Adapter Id = 0
[2016.01.08-19.54.45:029][  0]LogD3D11RHI: !Direct3DDevice
[2016.01.08-19.54.45:029][  0]LogRHI: Texture pool is 1361 MB (70% of 1945 MB)
[2016.01.08-19.54.45:041][  0]LogD3D11RHI: Async texture creation enabled
[2016.01.08-19.54.45:457][  0]LogShaderCompilers: Guid format shader working directory is 15 characters bigger than the processId version (D:/GitHub/SpaceGame/Project/SpaceGame/Intermediate/Shaders/WorkingDirectory/2836/).
[2016.01.08-19.54.45:457][  0]LogShaderCompilers: Cleaned the shader compiler working directory 'D:/GitHub/SpaceGame/Project/SpaceGame/Intermediate/Shaders/tmp/4D217C5643DF0049577A8388CB5DF1C2/'.
[2016.01.08-19.54.45:457][  0]LogShaderCompilers:Display: Using Local Shader Compiler.
[2016.01.08-19.54.47:231][  0]LogTemp:Display: Loaded TP AllDesktopTargetPlatform
[2016.01.08-19.54.47:238][  0]LogTemp:Display: Loaded TP WindowsClientTargetPlatform
[2016.01.08-19.54.47:244][  0]LogTemp:Display: Loaded TP WindowsNoEditorTargetPlatform
[2016.01.08-19.54.47:250][  0]LogTemp:Display: Loaded TP WindowsServerTargetPlatform
[2016.01.08-19.54.47:255][  0]LogTemp:Display: Loaded TP WindowsTargetPlatform
[2016.01.08-19.54.47:261][  0]LogTemp:Display: Loaded TP AndroidTargetPlatform
[2016.01.08-19.54.47:265][  0]LogTemp:Display: Loaded TP Android_ASTCTargetPlatform
[2016.01.08-19.54.47:269][  0]LogTemp:Display: Loaded TP Android_ATCTargetPlatform
[2016.01.08-19.54.47:273][  0]LogTemp:Display: Loaded TP Android_DXTTargetPlatform
[2016.01.08-19.54.47:277][  0]LogTemp:Display: Loaded TP Android_ETC1TargetPlatform
[2016.01.08-19.54.47:281][  0]LogTemp:Display: Loaded TP Android_ETC2TargetPlatform
[2016.01.08-19.54.47:284][  0]LogTemp:Display: Loaded TP Android_PVRTCTargetPlatform
[2016.01.08-19.54.47:285][  0]LogTemp:Display: Loaded TP HTML5TargetPlatform
[2016.01.08-19.54.47:331][  0]LogTemp:Display: Loaded TP IOSTargetPlatform
[2016.01.08-19.54.47:335][  0]LogTemp:Display: Loaded TP LinuxNoEditorTargetPlatform
[2016.01.08-19.54.47:339][  0]LogTemp:Display: Loaded TP LinuxServerTargetPlatform
[2016.01.08-19.54.47:345][  0]LogTemp:Display: Loaded TP LinuxTargetPlatform
[2016.01.08-19.54.47:345][  0]LogTargetPlatformManager:Display: Building Assets For Windows
[2016.01.08-19.54.47:678][  0]LogDerivedDataCache:Display: Max Cache Size: 512 MB
[2016.01.08-19.54.47:858][  0]LogDerivedDataCache: Loaded boot cache 0.18s 44MB C:/Users/leion/AppData/Local/UnrealEngine/4.9/DerivedDataCache/Boot.ddc.
[2016.01.08-19.54.47:859][  0]LogDerivedDataCache:Display: Loaded Boot cache: C:/Users/leion/AppData/Local/UnrealEngine/4.9/DerivedDataCache/Boot.ddc
[2016.01.08-19.54.47:859][  0]LogDerivedDataCache: FDerivedDataBackendGraph:  Pak pak cache file D:/GitHub/SpaceGame/Project/SpaceGame/DerivedDataCache/DDC.ddp not found, will not use a pak cache.
[2016.01.08-19.54.47:859][  0]LogDerivedDataCache: Unable to find inner node Pak for hierarchical cache Hierarchy.
[2016.01.08-19.54.47:859][  0]LogDerivedDataCache: FDerivedDataBackendGraph:  CompressedPak pak cache file D:/GitHub/SpaceGame/Project/SpaceGame/DerivedDataCache/Compressed.ddp not found, will not use a pak cache.
[2016.01.08-19.54.47:859][  0]LogDerivedDataCache: Unable to find inner node CompressedPak for hierarchical cache Hierarchy.
[2016.01.08-19.54.48:041][  0]LogDerivedDataCache:Display: Pak cache opened for reading ../../../Engine/DerivedDataCache/Compressed.ddp.
[2016.01.08-19.54.48:053][  0]LogDerivedDataCache: Using Local data cache path C:/Users/leion/AppData/Local/UnrealEngine/Common/DerivedDataCache: Writable
[2016.01.08-19.54.51:232][  0]LogInit: Selected Device Profile: [Windows]
[2016.01.08-19.54.51:251][  0]LogContentStreaming: Texture pool size is 0.000000MB
[2016.01.08-19.54.51:527][  0]LogMeshUtilities: No automatic mesh reduction module available
[2016.01.08-19.54.51:527][  0]LogMeshUtilities: No automatic mesh merging module available
[2016.01.08-19.54.52:252][  0]LogInit: WinSock: version 1.1 (2.2), MaxSocks=32767, MaxUdp=65467
[2016.01.08-19.54.54:739][  0]UdpMessaging: Initializing bridge on interface 0.0.0.0:0 to multicast group 230.0.0.1:6666.
[2016.01.08-19.54.54:920][  0]LogAssetRegistry: FAssetRegistry took 0.0135 seconds to start up
[2016.01.08-19.54.55:313][  0]SourceControl: Info Source control is disabled
[2016.01.08-19.54.55:314][  0]SourceControl: Info Source control is disabled
[2016.01.08-19.54.55:328][  0]SourceControl: Info Source control is disabled
[2016.01.08-19.54.55:343][  0]SourceControl: Info Source control is disabled
[2016.01.08-19.54.55:578][  0]LogLinker:Warning: Asset '../../../Engine/Plugins/Runtime/LeapMotionController/Content/LM_PassthroughMaterial.uasset' has been saved with empty engine version. The asset will be loaded but may be incompatible.
[2016.01.08-19.54.55:707][  0]LogObj: 28454 objects as part of root set at end of initial load.
[2016.01.08-19.54.55:707][  0]LogUObjectAllocator: 6075728 out of 0 bytes used by permanent object pool.
[2016.01.08-19.54.55:822][  0]LogEngine: Initializing Engine...
[2016.01.08-19.54.55:827][  0]LogHMD: Can't find Oculus library dev build: is proper Runtime installed? Version: 0.7.0.0
[2016.01.08-19.54.55:841][  0]LogHMD: SteamVR failed to initialize.  Err: 110
[2016.01.08-19.54.56:105][  0]LogAIModule: Creating AISystem for world NewWorld
[2016.01.08-19.54.56:132][  0]LogInit: XAudio2 using 'GigaWorks T20 (Realtek High Definition Audio)' : 2 channels at 48 kHz using 32 bits per sample (channel mask 0x3)
[2016.01.08-19.54.56:145][  0]LogInit: FAudioDevice initialized.
[2016.01.08-19.54.56:167][  0]LogDerivedDataCache: Saved boot cache 0.02s 44MB C:/Users/leion/AppData/Local/UnrealEngine/4.9/DerivedDataCache/Boot.ddc.
[2016.01.08-19.54.56:177][  0]LogInit: Texture streaming: Enabled
[2016.01.08-19.54.56:185][  0]LogAnalytics: Creating configured Analytics provider AnalyticsET
[2016.01.08-19.54.56:185][  0]LogAnalytics: [UEEditor.Rocket.Release] APIServer = http://et2.epicgames.com/ET2/. AppVersion = 4.9.2-2707645+++depot+UE4-Releases+4.9
[2016.01.08-19.54.56:185][  0]LogAnalytics: [UEEditor.Rocket.Release] SetUserId da9e8bb54fac8ab16271a197e42336d2|3ff67f2be7f44320a4b0860be882c605|33fc0a5f-606b-4e69-92e3-29eecce169d6
[2016.01.08-19.54.56:186][  0]LogAnalytics: [UEEditor.Rocket.Release] AnalyticsET::StartSession
[2016.01.08-19.54.56:256][  0]LogInit: Transaction tracking system initialized
[2016.01.08-19.54.56:545][  0]BlueprintLog: New page: Editor Load
[2016.01.08-19.54.56:743][  0]LocalizationService: Info Localization service is disabled
[2016.01.08-19.54.56:894][  0]LogConsoleResponse:Display: 
[2016.01.08-19.54.57:084][  0]LogFileCache: Scanning file cache for directory 'D:/GitHub/SpaceGame/Project/SpaceGame/Content/' took 0.01s
[2016.01.08-19.54.57:084][  0]LogCook:Display: Done creating registry. It took  0.00s.
[2016.01.08-19.54.57:195][  0]SourceControl: Info Source control is disabled
[2016.01.08-19.54.57:197][  0]Cmd: MAP LOAD FILE="../../../Engine/Content/Maps/Templates/Template_Default.umap" TEMPLATE=1 SHOWPROGRESS=1 FEATURELEVEL=3
[2016.01.08-19.54.57:202][  0]LightingResults: New page: Lighting Build
[2016.01.08-19.54.57:213][  0]MapCheck: New page: Map Check
[2016.01.08-19.54.57:213][  0]LightingResults: New page: Lighting Build
[2016.01.08-19.54.57:233][  0]LogParticles: Destroying 0 GPU particle simulations for FXSystem 0x0000015E53A05300
[2016.01.08-19.54.57:601][  0]LogAIModule: Creating AISystem for world Untitled_1
[2016.01.08-19.54.57:623][  0]LogEditorServer: Finished looking for orphan Actors (0.000 secs)
[2016.01.08-19.54.57:629][  0]Cmd: MAP CHECKDEP NOCLEARLOG
[2016.01.08-19.54.57:680][  0]MapCheck: Info Map check complete: 0 Error(s), 0 Warning(s), took 50.679ms to complete.
[2016.01.08-19.54.57:680][  0]LogFileHelpers: Loading map 'Template_Default' took 0.484
[2016.01.08-19.54.58:077][  0]LogCollectionManager: Loaded 0 collections in 0.002418 seconds
[2016.01.08-19.54.58:129][  0]LogFileCache: Scanning file cache for directory 'D:/GitHub/SpaceGame/Project/SpaceGame/Saved/Collections/' took 0.01s
[2016.01.08-19.54.58:129][  0]LogFileCache: Scanning file cache for directory 'D:/GitHub/SpaceGame/Project/SpaceGame/Content/Developers/leion/Collections/' took 0.01s
[2016.01.08-19.54.58:129][  0]LogFileCache: Scanning file cache for directory 'D:/GitHub/SpaceGame/Project/SpaceGame/Content/Collections/' took 0.01s
[2016.01.08-19.54.58:129][  0]LogContentBrowser: Native class hierarchy populated in 0.0115 seconds. Added 1877 classes and 335 folders.
[2016.01.08-19.54.58:158][  0]LogCollectionManager: Rebuilt the GUID cache for 0 collections in 0.000003 seconds
[2016.01.08-19.54.58:176][  0]LogContentBrowser: Native class hierarchy updated for 'WidgetCarousel' in 0.0014 seconds. Added 0 classes and 0 folders.
[2016.01.08-19.54.58:496][  0]LogContentBrowser: Native class hierarchy updated for 'AddContentDialog' in 0.0013 seconds. Added 0 classes and 0 folders.
[2016.01.08-19.54.58:518][  0]LogContentBrowser: Native class hierarchy updated for 'SceneOutliner' in 0.0013 seconds. Added 1 classes and 2 folders.
[2016.01.08-19.54.58:593][  0]LogCrashTracker: Crashtracker disabled due to settings.
[2016.01.08-19.54.58:611][  0]LogUObjectGlobals:Warning: Failed to find object 'Class None.'
[2016.01.08-19.54.58:637][  0]LogLoad: Full Startup: 161.41 seconds (BP compile: 0.11 seconds)
[2016.01.08-19.54.58:762][  0]LogContentStreaming: Texture pool size now 1000 MB
[2016.01.08-19.54.58:882][  0]LogRenderer: Reallocating scene render targets to support 804x424 (Frame:2).
[2016.01.08-19.54.59:666][ 67]LogAssetRegistry: Asset discovery search completed in 4.7579 seconds
[2016.01.08-19.54.59:666][ 67]LogCollectionManager: Rebuilt the object cache for 0 collections in 0.000001 seconds (found 0 objects)
[2016.01.08-19.54.59:666][ 67]LogCollectionManager: Fixed up redirectors for 0 collections in 0.000058 seconds (updated 0 objects)
[2016.01.08-19.55.00:993][212]LogRenderer: Reallocating scene render targets to support 1096x564 (Frame:4).
[2016.01.08-19.55.21:760][326]LogVSAccessor:Warning: Visual Studio is open but could not be queried - it may be blocked by a modal operation
[2016.01.08-19.55.27:007][327]LogVSAccessor:Warning: Couldn't goto line number '0' in 'D:/GitHub/SpaceGame/Project/SpaceGame/Source/SpaceGame/Combat.h'
[2016.01.08-19.55.27:137][327]LogVSAccessor:Warning: Couldn't goto line number '0' in 'D:/GitHub/SpaceGame/Project/SpaceGame/Source/SpaceGame/Combat.cpp'
[2016.01.08-19.55.38:659][362]LogVSAccessor:Warning: Couldn't goto line number '0' in 'D:/GitHub/SpaceGame/Project/SpaceGame/Source/SpaceGame/Fleet.h'
[2016.01.08-19.55.38:766][362]LogVSAccessor:Warning: Couldn't goto line number '0' in 'D:/GitHub/SpaceGame/Project/SpaceGame/Source/SpaceGame/Fleet.cpp'
[2016.01.08-19.57.19:823][ 15]LogVSAccessor:Warning: Couldn't goto line number '0' in 'D:/GitHub/SpaceGame/Project/SpaceGame/Source/SpaceGame/MouseController.h'
[2016.01.08-19.57.19:941][ 15]LogVSAccessor:Warning: Couldn't goto line number '0' in 'D:/GitHub/SpaceGame/Project/SpaceGame/Source/SpaceGame/MouseController.cpp'
[2016.01.08-19.57.54:231][642]LogVSAccessor:Warning: Couldn't goto line number '0' in 'D:/GitHub/SpaceGame/Project/SpaceGame/Source/SpaceGame/Pathfinder.h'
[2016.01.08-19.57.54:365][642]LogVSAccessor:Warning: Couldn't goto line number '0' in 'D:/GitHub/SpaceGame/Project/SpaceGame/Source/SpaceGame/Pathfinder.cpp'
[2016.01.08-20.13.09:490][560]Recompiling SpaceGame...
[2016.01.08-20.13.09:490][560]Launching UnrealBuildTool... [C:/Program Files/Epic Games/4.9/Engine/Binaries/DotNET/UnrealBuildTool.exe SpaceGame -ModuleWithSuffix SpaceGame 3222 Win64 Development -editorrecompile -canskiplink "D:/GitHub/SpaceGame/Project/SpaceGame/SpaceGame.uproject" -rocket  -rocket]
[2016.01.08-20.13.09:491][560]Warning: Starting HotReload took  0.1s.
[2016.01.08-20.13.28:313][784]CompilerResultsLog: New page: Compilation - Jan 8, 2016, 10:13:28 PM
[2016.01.08-20.13.28:314][784]CompilerResultsLog: Info Creating makefile for hot reloading SpaceGame (.uproject file is newer)
[2016.01.08-20.13.28:314][784]CompilerResultsLog: Info Compiling game modules for hot reload
[2016.01.08-20.13.28:314][784]CompilerResultsLog: Info Parsing headers for SpaceGameEditor
[2016.01.08-20.13.28:314][784]CompilerResultsLog: Info   Running UnrealHeaderTool "D:/GitHub/SpaceGame/Project/SpaceGame/SpaceGame.uproject" "D:\GitHub\SpaceGame\Project\SpaceGame\Intermediate\Build\Win64\SpaceGameEditor\Development\UnrealHeaderTool.manifest" -LogCmds="loginit warning, logexit warning, logdatabase error" -rocket -installed
[2016.01.08-20.13.28:314][784]CompilerResultsLog: Info Reflection code generated for SpaceGameEditor in 9,6443789 seconds
[2016.01.08-20.13.28:314][784]CompilerResultsLog: Info Performing 4 actions (4 in parallel)
[2016.01.08-20.13.28:314][784]CompilerResultsLog: Info Fleet.cpp
[2016.01.08-20.13.28:314][784]CompilerResultsLog: Info Combat.cpp
[2016.01.08-20.13.28:314][784]CompilerResultsLog: Info SpaceGame.generated.cpp
[2016.01.08-20.13.28:314][784]CompilerResultsLog: Info [4/4] Link UE4Editor-SpaceGame-3222.dll
[2016.01.08-20.13.28:314][784]CompilerResultsLog: Info    Creating library D:\GitHub\SpaceGame\Project\SpaceGame\Intermediate/Build/Win64\UE4Editor\Development\UE4Editor-SpaceGame-3222.lib and object D:\GitHub\SpaceGame\Project\SpaceGame\Intermediate/Build/Win64\UE4Editor\Development\UE4Editor-SpaceGame-3222.exp
[2016.01.08-20.13.28:314][784]CompilerResultsLog: Info -------- End Detailed Actions Stats -----------------------------------------------------------
[2016.01.08-20.13.28:314][784]CompilerResultsLog: Info Total build time: 18,77 seconds
[2016.01.08-20.13.28:314][784]LogMainFrame: MainFrame: Module compiling took 18.841 seconds
[2016.01.08-20.13.28:359][784]LogClass: Could not find existing class Fleet in package /Script/SpaceGame for HotReload, assuming new class
[2016.01.08-20.13.28:359][784]LogClass: Function OnBeginOverlap is new.
[2016.01.08-20.13.28:359][784]LogClass: Function OnEndOverlap is new.
[2016.01.08-20.13.28:367][784]LogClass: FleetState HotReload.
[2016.01.08-20.13.28:367][784]LogClass: OwnedBy HotReload.
[2016.01.08-20.13.28:369][784]LogHotReload: Re-instancing Fleet after hot-reload.
[2016.01.08-20.13.28:398][784]LogContentBrowser: Native class hierarchy updated for 'SpaceGame' in 0.0014 seconds. Added 10 classes and 2 folders.
[2016.01.08-20.13.28:400][784]Warning: HotReload successful (7 functions remapped  0 scriptstructs remapped)
[2016.01.08-20.13.28:472][784]LogContentBrowser: Native class hierarchy populated in 0.0090 seconds. Added 1878 classes and 337 folders.
[2016.01.08-20.24.09:558][141]Recompiling SpaceGame...
[2016.01.08-20.24.09:558][141]Launching UnrealBuildTool... [C:/Program Files/Epic Games/4.9/Engine/Binaries/DotNET/UnrealBuildTool.exe SpaceGame -ModuleWithSuffix SpaceGame 820 Win64 Development -editorrecompile -canskiplink "D:/GitHub/SpaceGame/Project/SpaceGame/SpaceGame.uproject" -rocket  -rocket]
[2016.01.08-20.24.09:559][141]Warning: Starting HotReload took  0.0s.
[2016.01.08-20.24.23:479][786]CompilerResultsLog: New page: Compilation - Jan 8, 2016, 10:24:23 PM
[2016.01.08-20.24.23:479][786]CompilerResultsLog: Info Compiling game modules for hot reload
[2016.01.08-20.24.23:479][786]CompilerResultsLog: Info Parsing headers for SpaceGameEditor
[2016.01.08-20.24.23:479][786]CompilerResultsLog: Info   Running UnrealHeaderTool "D:/GitHub/SpaceGame/Project/SpaceGame/SpaceGame.uproject" "D:\GitHub\SpaceGame\Project\SpaceGame\Intermediate\Build\Win64\SpaceGameEditor\Development\UnrealHeaderTool.manifest" -LogCmds="loginit warning, logexit warning, logdatabase error" -rocket -installed
[2016.01.08-20.24.23:479][786]CompilerResultsLog: Info Reflection code generated for SpaceGameEditor in 9,5384178 seconds
[2016.01.08-20.24.23:479][786]CompilerResultsLog: Info Performing 4 actions (4 in parallel)
[2016.01.08-20.24.23:479][786]CompilerResultsLog: Info Star.cpp
[2016.01.08-20.24.23:479][786]CompilerResultsLog: Info SpaceGame.generated.cpp
[2016.01.08-20.24.23:479][786]CompilerResultsLog: Info Fleet.cpp
[2016.01.08-20.24.23:479][786]CompilerResultsLog: Info [4/4] Link UE4Editor-SpaceGame-820.dll
[2016.01.08-20.24.23:479][786]CompilerResultsLog: Info    Creating library D:\GitHub\SpaceGame\Project\SpaceGame\Intermediate/Build/Win64\UE4Editor\Development\UE4Editor-SpaceGame-820.lib and object D:\GitHub\SpaceGame\Project\SpaceGame\Intermediate/Build/Win64\UE4Editor\Development\UE4Editor-SpaceGame-820.exp
[2016.01.08-20.24.23:479][786]CompilerResultsLog: Info -------- End Detailed Actions Stats -----------------------------------------------------------
[2016.01.08-20.24.23:479][786]CompilerResultsLog: Info Total build time: 13,88 seconds
[2016.01.08-20.24.23:479][786]LogMainFrame: MainFrame: Module compiling took 13.937 seconds
[2016.01.08-20.24.23:522][786]LogClass: FleetState HotReload.
[2016.01.08-20.24.23:522][786]LogClass: OwnedBy HotReload.
[2016.01.08-20.24.23:527][786]LogContentBrowser: Native class hierarchy updated for 'SpaceGame' in 0.0014 seconds. Added 10 classes and 2 folders.
[2016.01.08-20.24.23:527][786]Warning: HotReload successful (9 functions remapped  0 scriptstructs remapped)
[2016.01.08-20.24.23:602][786]LogContentBrowser: Native class hierarchy populated in 0.0088 seconds. Added 1878 classes and 337 folders.
[2016.01.08-20.24.45:154][780]LogEditorViewport: Clicking on Actor (LMB): StaticMeshActor (Floor)
[2016.01.08-20.24.47:712][ 67]Cmd: DELETE
[2016.01.08-20.24.47:712][ 67]Cmd: ACTOR DELETE
[2016.01.08-20.24.47:715][ 67]LogEditorActor: Deleted Actor: StaticMeshActor
[2016.01.08-20.24.47:728][ 67]LogEditorActor: Deleted 1 Actors (0.014 secs)
[2016.01.08-20.25.06:215][ 85]LogEditorViewport: Clicking on Actor (LMB): FleetBP_C (FleetBP)
[2016.01.08-20.25.14:363][ 37]LogEditor: Attempting to add actor of class 'Ship' to level at 100.00,60.00,-280.00
[2016.01.08-20.25.14:482][ 49]LogEditor: Attempting to add actor of class 'Ship' to level at 250.00,30.00,-110.00
[2016.01.08-20.25.55:425][952]LogEditorViewport: Clicking on Actor (LMB): FleetBP_C (FleetBP)
[2016.01.08-20.25.58:612][320]LogEditorViewport: Clicking on Actor (LMB): FleetBP_C (FleetBP2)
[2016.01.08-20.26.04:667][ 31]LogEditorViewport: Clicking on Actor (LMB): FleetBP_C (FleetBP)
[2016.01.08-20.26.10:065][661]LogEditorViewport: Clicking on Actor (LMB): FleetBP_C (FleetBP2)
[2016.01.08-20.26.15:313][275]LogEditorViewport: Clicking on Actor (LMB): FleetBP_C (FleetBP)
[2016.01.08-20.26.17:329][505]LogPlayLevel: PlayLevel: No blueprints needed recompiling
[2016.01.08-20.26.17:329][505]PIE: New page: PIE session: Untitled_1 (Jan 8, 2016, 10:26:17 PM)
[2016.01.08-20.26.17:329][505]LogPlayLevel: Creating play world package: /Temp/UEDPIE_0_Untitled_1
[2016.01.08-20.26.17:331][505]LogPlayLevel: PIE: StaticDuplicateObject took: (0.002458s)
[2016.01.08-20.26.17:332][505]LogAIModule: Creating AISystem for world Untitled_1
[2016.01.08-20.26.17:332][505]LogPlayLevel: PIE: World Init took: (0.000954s)
[2016.01.08-20.26.17:333][505]LogPlayLevel: PIE: Created PIE world by copying editor world from /Temp/Untitled_1.Untitled_1 to /Temp/UEDPIE_0_Untitled_1.Untitled_1 (0.003649s)
[2016.01.08-20.26.17:352][505]LogInit: XAudio2 using 'GigaWorks T20 (Realtek High Definition Audio)' : 2 channels at 48 kHz using 32 bits per sample (channel mask 0x3)
[2016.01.08-20.26.17:358][505]LogInit: FAudioDevice initialized.
[2016.01.08-20.26.17:407][505]LogWorld: Game class is 'GameMode'
[2016.01.08-20.26.17:412][505]LogWorld: Bringing World /Temp/UEDPIE_0_Untitled_1.Untitled_1 up for play (max tick rate 0) at 2016.01.08-21.26.17
[2016.01.08-20.26.17:412][505]LogActor:Warning: GameSession /Temp/UEDPIE_0_Untitled_1.Untitled_1:PersistentLevel.GameSession_0 has natively added scene component(s), but none of them were set as the actor's RootComponent - picking one arbitrarily
[2016.01.08-20.26.17:412][505]LogActor:Warning: GameNetworkManager /Temp/UEDPIE_0_Untitled_1.Untitled_1:PersistentLevel.GameNetworkManager_0 has natively added scene component(s), but none of them were set as the actor's RootComponent - picking one arbitrarily
[2016.01.08-20.26.17:413][505]LogWorld: Bringing up level for play took: 0.002645
[2016.01.08-20.26.17:424][505]PIE: Info Play in editor start time for /Temp/UEDPIE_0_Untitled_1 0.403
[2016.01.08-20.26.19:166][709]LogSelection:Warning: PIE object was selected: "FleetBP_C /Temp/UEDPIE_0_Untitled_1.Untitled_1:PersistentLevel.FleetBP_2"
[2016.01.08-20.26.20:001][782]LogEditorViewport: Clicking on Actor (LMB): FleetBP_C (FleetBP)
[2016.01.08-20.26.20:001][782]LogSelection:Warning: PIE object was selected: "FleetBP_C /Temp/UEDPIE_0_Untitled_1.Untitled_1:PersistentLevel.FleetBP_2"
[2016.01.08-20.26.23:806][183]LogEditorViewport: Clicking on Actor (LMB): FleetBP_C (FleetBP2)
[2016.01.08-20.26.23:806][183]LogSelection:Warning: PIE object was selected: "FleetBP_C /Temp/UEDPIE_0_Untitled_1.Untitled_1:PersistentLevel.FleetBP2_5"
[2016.01.08-20.26.31:407][868]LogEditorViewport: Clicking on Actor (LMB): FleetBP_C (FleetBP)
[2016.01.08-20.26.31:407][868]LogSelection:Warning: PIE object was selected: "FleetBP_C /Temp/UEDPIE_0_Untitled_1.Untitled_1:PersistentLevel.FleetBP_2"
[2016.01.08-20.26.32:662][978]LogEditorViewport: Clicking on Actor (LMB): FleetBP_C (FleetBP2)
[2016.01.08-20.26.32:662][978]LogSelection:Warning: PIE object was selected: "FleetBP_C /Temp/UEDPIE_0_Untitled_1.Untitled_1:PersistentLevel.FleetBP2_5"
[2016.01.08-20.26.47:839][660]LogEditorViewport: Clicking on Actor (LMB): FleetBP_C (FleetBP)
[2016.01.08-20.26.47:839][660]LogSelection:Warning: PIE object was selected: "FleetBP_C /Temp/UEDPIE_0_Untitled_1.Untitled_1:PersistentLevel.FleetBP_2"
[2016.01.08-20.26.49:573][826]LogEditorViewport: Clicking on Actor (LMB): FleetBP_C (FleetBP2)
[2016.01.08-20.26.49:573][826]LogSelection:Warning: PIE object was selected: "FleetBP_C /Temp/UEDPIE_0_Untitled_1.Untitled_1:PersistentLevel.FleetBP2_5"
[2016.01.08-20.26.51:289][987]LogParticles: Destroying 0 GPU particle simulations for FXSystem 0x0000015E7FBB6340
[2016.01.08-20.27.00:052][ 34]LogEditorViewport: Clicking on Actor (LMB): FleetBP_C (FleetBP)
[2016.01.08-20.27.02:045][260]LogEditorViewport: Clicking on Actor (LMB): FleetBP_C (FleetBP2)
[2016.01.08-20.27.06:450][774]LogPlayLevel: PlayLevel: No blueprints needed recompiling
[2016.01.08-20.27.06:450][774]PIE: New page: PIE session: Untitled_1 (Jan 8, 2016, 10:27:06 PM)
[2016.01.08-20.27.06:450][774]LogPlayLevel: Creating play world package: /Temp/UEDPIE_0_Untitled_1
[2016.01.08-20.27.06:452][774]LogPlayLevel: PIE: StaticDuplicateObject took: (0.002256s)
[2016.01.08-20.27.06:453][774]LogAIModule: Creating AISystem for world Untitled_1
[2016.01.08-20.27.06:453][774]LogPlayLevel: PIE: World Init took: (0.001155s)
[2016.01.08-20.27.06:454][774]LogPlayLevel: PIE: Created PIE world by copying editor world from /Temp/Untitled_1.Untitled_1 to /Temp/UEDPIE_0_Untitled_1.Untitled_1 (0.003644s)
[2016.01.08-20.27.06:473][774]LogInit: XAudio2 using 'GigaWorks T20 (Realtek High Definition Audio)' : 2 channels at 48 kHz using 32 bits per sample (channel mask 0x3)
[2016.01.08-20.27.06:477][774]LogInit: FAudioDevice initialized.
[2016.01.08-20.27.06:510][774]LogWorld: Game class is 'GameMode'
[2016.01.08-20.27.06:513][774]LogWorld: Bringing World /Temp/UEDPIE_0_Untitled_1.Untitled_1 up for play (max tick rate 0) at 2016.01.08-21.27.06
[2016.01.08-20.27.06:514][774]LogActor:Warning: GameSession /Temp/UEDPIE_0_Untitled_1.Untitled_1:PersistentLevel.GameSession_1 has natively added scene component(s), but none of them were set as the actor's RootComponent - picking one arbitrarily
[2016.01.08-20.27.06:514][774]LogActor:Warning: GameNetworkManager /Temp/UEDPIE_0_Untitled_1.Untitled_1:PersistentLevel.GameNetworkManager_1 has natively added scene component(s), but none of them were set as the actor's RootComponent - picking one arbitrarily
[2016.01.08-20.27.06:514][774]LogWorld: Bringing up level for play took: 0.002244
[2016.01.08-20.27.06:516][774]PIE: Info Play in editor start time for /Temp/UEDPIE_0_Untitled_1 -0.505
[2016.01.08-20.27.08:924][ 62]LogSelection:Warning: PIE object was selected: "FleetBP_C /Temp/UEDPIE_0_Untitled_1.Untitled_1:PersistentLevel.FleetBP2_5"
[2016.01.08-20.27.09:507][106]LogEditorViewport: Clicking on Actor (LMB): FleetBP_C (FleetBP)
[2016.01.08-20.27.09:507][106]LogSelection:Warning: PIE object was selected: "FleetBP_C /Temp/UEDPIE_0_Untitled_1.Untitled_1:PersistentLevel.FleetBP_2"
[2016.01.08-20.27.12:261][357]LogEditorViewport: Clicking on Actor (LMB): FleetBP_C (FleetBP2)
[2016.01.08-20.27.12:261][357]LogSelection:Warning: PIE object was selected: "FleetBP_C /Temp/UEDPIE_0_Untitled_1.Untitled_1:PersistentLevel.FleetBP2_5"
[2016.01.08-20.27.20:247][194]LogEditorViewport: Clicking on Actor (LMB): FleetBP_C (FleetBP)
[2016.01.08-20.27.20:247][194]LogSelection:Warning: PIE object was selected: "FleetBP_C /Temp/UEDPIE_0_Untitled_1.Untitled_1:PersistentLevel.FleetBP_2"
[2016.01.08-20.27.24:946][668]LogEditorViewport: Clicking on Actor (LMB): FleetBP_C (FleetBP2)
[2016.01.08-20.27.24:946][668]LogSelection:Warning: PIE object was selected: "FleetBP_C /Temp/UEDPIE_0_Untitled_1.Untitled_1:PersistentLevel.FleetBP2_5"
[2016.01.08-20.27.25:873][732]LogEditorViewport: Clicking on Actor (LMB): FleetBP_C (FleetBP)
[2016.01.08-20.27.25:874][732]LogSelection:Warning: PIE object was selected: "FleetBP_C /Temp/UEDPIE_0_Untitled_1.Untitled_1:PersistentLevel.FleetBP_2"
[2016.01.08-20.27.26:608][787]LogEditorViewport: Clicking on Actor (LMB): FleetBP_C (FleetBP2)
[2016.01.08-20.27.26:608][787]LogSelection:Warning: PIE object was selected: "FleetBP_C /Temp/UEDPIE_0_Untitled_1.Untitled_1:PersistentLevel.FleetBP2_5"
[2016.01.08-20.27.29:026][ 20]LogParticles: Destroying 0 GPU particle simulations for FXSystem 0x0000015E5276C400
[2016.01.08-20.27.31:702][338]LogEditorViewport: Clicking on Actor (LMB): FleetBP_C (FleetBP)
[2016.01.08-20.27.32:398][413]LogEditorViewport: Clicking on Actor (LMB): FleetBP_C (FleetBP2)
[2016.01.08-20.27.37:124][963]LogEditorViewport: Clicking on Actor (LMB): FleetBP_C (FleetBP)
[2016.01.08-20.28.01:161][529]Recompiling SpaceGame...
[2016.01.08-20.28.01:161][529]Launching UnrealBuildTool... [C:/Program Files/Epic Games/4.9/Engine/Binaries/DotNET/UnrealBuildTool.exe SpaceGame -ModuleWithSuffix SpaceGame 22 Win64 Development -editorrecompile -canskiplink "D:/GitHub/SpaceGame/Project/SpaceGame/SpaceGame.uproject" -rocket  -rocket]
[2016.01.08-20.28.01:162][529]Warning: Starting HotReload took  0.0s.
[2016.01.08-20.28.18:496][414]CompilerResultsLog: New page: Compilation - Jan 8, 2016, 10:28:18 PM
[2016.01.08-20.28.18:496][414]CompilerResultsLog: Info Compiling game modules for hot reload
[2016.01.08-20.28.18:496][414]CompilerResultsLog: Info Parsing headers for SpaceGameEditor
[2016.01.08-20.28.18:496][414]CompilerResultsLog: Info   Running UnrealHeaderTool "D:/GitHub/SpaceGame/Project/SpaceGame/SpaceGame.uproject" "D:\GitHub\SpaceGame\Project\SpaceGame\Intermediate\Build\Win64\SpaceGameEditor\Development\UnrealHeaderTool.manifest" -LogCmds="loginit warning, logexit warning, logdatabase error" -rocket -installed
[2016.01.08-20.28.18:497][414]CompilerResultsLog: Info Reflection code generated for SpaceGameEditor in 10,8951708 seconds
[2016.01.08-20.28.18:497][414]CompilerResultsLog: Info Performing 5 actions (4 in parallel)
[2016.01.08-20.28.18:497][414]CompilerResultsLog: Info SpaceGame.generated.cpp
[2016.01.08-20.28.18:497][414]CompilerResultsLog: Info Star.cpp
[2016.01.08-20.28.18:497][414]CompilerResultsLog: Info Fleet.cpp
[2016.01.08-20.28.18:497][414]CompilerResultsLog: Info Combat.cpp
[2016.01.08-20.28.18:497][414]CompilerResultsLog: Info [5/5] Link UE4Editor-SpaceGame-22.dll
[2016.01.08-20.28.18:497][414]CompilerResultsLog: Info    Creating library D:\GitHub\SpaceGame\Project\SpaceGame\Intermediate/Build/Win64\UE4Editor\Development\UE4Editor-SpaceGame-22.lib and object D:\GitHub\SpaceGame\Project\SpaceGame\Intermediate/Build/Win64\UE4Editor\Development\UE4Editor-SpaceGame-22.exp
[2016.01.08-20.28.18:497][414]CompilerResultsLog: Info -------- End Detailed Actions Stats -----------------------------------------------------------
[2016.01.08-20.28.18:497][414]CompilerResultsLog: Info Total build time: 17,14 seconds
[2016.01.08-20.28.18:497][414]LogMainFrame: MainFrame: Module compiling took 17.351 seconds
[2016.01.08-20.28.18:533][414]LogClass: Could not find existing class Fleet in package /Script/SpaceGame for HotReload, assuming new class
[2016.01.08-20.28.18:533][414]LogClass: Function OnBeginOverlap is new.
[2016.01.08-20.28.18:533][414]LogClass: Function OnEndOverlap is new.
[2016.01.08-20.28.18:541][414]LogClass: FleetState HotReload.
[2016.01.08-20.28.18:542][414]LogClass: OwnedBy HotReload.
[2016.01.08-20.28.18:544][414]LogHotReload: Re-instancing Fleet after hot-reload.
[2016.01.08-20.28.18:583][414]LogUObjectGlobals:Warning: Guid is in use by SceneComponent /Temp/Untitled_1.Untitled_1:PersistentLevel.FleetBP_2.Root and SceneComponent /Temp/Untitled_1.Untitled_1:PersistentLevel.FleetBP_C_0.Root, which should never happen in the editor but could happen at runtime with duplicate level loading or PIE
[2016.01.08-20.28.18:583][414]LogUObjectGlobals:Warning: Guid is in use by StaticMeshComponent /Temp/Untitled_1.Untitled_1:PersistentLevel.FleetBP_2.Mesh and StaticMeshComponent /Temp/Untitled_1.Untitled_1:PersistentLevel.FleetBP_C_0.Mesh, which should never happen in the editor but could happen at runtime with duplicate level loading or PIE
[2016.01.08-20.28.18:583][414]LogUObjectGlobals:Warning: Guid is in use by BoxComponent /Temp/Untitled_1.Untitled_1:PersistentLevel.FleetBP_2.Box and BoxComponent /Temp/Untitled_1.Untitled_1:PersistentLevel.FleetBP_C_0.Box, which should never happen in the editor but could happen at runtime with duplicate level loading or PIE
[2016.01.08-20.28.18:625][414]LogUObjectGlobals:Warning: Guid is in use by SceneComponent /Temp/Untitled_1.Untitled_1:PersistentLevel.FleetBP2_5.Root and SceneComponent /Temp/Untitled_1.Untitled_1:PersistentLevel.FleetBP_C_1.Root, which should never happen in the editor but could happen at runtime with duplicate level loading or PIE
[2016.01.08-20.28.18:625][414]LogUObjectGlobals:Warning: Guid is in use by StaticMeshComponent /Temp/Untitled_1.Untitled_1:PersistentLevel.FleetBP2_5.Mesh and StaticMeshComponent /Temp/Untitled_1.Untitled_1:PersistentLevel.FleetBP_C_1.Mesh, which should never happen in the editor but could happen at runtime with duplicate level loading or PIE
[2016.01.08-20.28.18:625][414]LogUObjectGlobals:Warning: Guid is in use by BoxComponent /Temp/Untitled_1.Untitled_1:PersistentLevel.FleetBP2_5.Box and BoxComponent /Temp/Untitled_1.Untitled_1:PersistentLevel.FleetBP_C_1.Box, which should never happen in the editor but could happen at runtime with duplicate level loading or PIE
[2016.01.08-20.28.18:693][414]LogContentBrowser: Native class hierarchy updated for 'SpaceGame' in 0.0014 seconds. Added 10 classes and 2 folders.
[2016.01.08-20.28.18:694][414]Warning: HotReload successful (7 functions remapped  0 scriptstructs remapped)
[2016.01.08-20.28.18:772][414]LogContentBrowser: Native class hierarchy populated in 0.0099 seconds. Added 1878 classes and 337 folders.
[2016.01.08-20.28.19:533][479]Cmd: OBJ SAVEPACKAGE PACKAGE="/Temp/Untitled_1" FILE="D:/GitHub/SpaceGame/Project/SpaceGame/Saved/Autosaves/Temp/Untitled_1_Auto1.umap" SILENT=true AUTOSAVING=true KEEPDIRTY=false
[2016.01.08-20.28.19:560][479]LogSavePackage: Save=25.183268ms
[2016.01.08-20.28.19:560][479]LogSavePackage: Moving 'D:/GitHub/SpaceGame/Project/SpaceGame/Saved/Untitled_1_Auto1F95585594F075E7C9B51C99A949FD7B2.tmp' to 'D:/GitHub/SpaceGame/Project/SpaceGame/Saved/Autosaves/Temp/Untitled_1_Auto1.umap'
[2016.01.08-20.28.19:561][479]LogSavePackage: Total save time: 26.051421ms
[2016.01.08-20.28.19:561][479]LogSavePackage:Warning: Finished SavePackage D:/GitHub/SpaceGame/Project/SpaceGame/Saved/Autosaves/Temp/Untitled_1_Auto1.umap
[2016.01.08-20.28.19:563][479]LogFileHelpers: Editor autosave (incl. sublevels) for '/Temp/Untitled_1' took 0.044
[2016.01.08-20.28.19:564][479]LogFileHelpers: Editor autosave (incl. sublevels) for all levels took 0.044
[2016.01.08-20.28.43:478][300]LogEditorViewport: Clicking on Actor (LMB): FleetBP_C (FleetBP2)
[2016.01.08-20.28.44:521][417]LogEditorViewport: Clicking on Actor (LMB): FleetBP_C (FleetBP)
[2016.01.08-20.28.47:173][723]LogPlayLevel: PlayLevel: No blueprints needed recompiling
[2016.01.08-20.28.47:174][723]PIE: New page: PIE session: Untitled_1 (Jan 8, 2016, 10:28:47 PM)
[2016.01.08-20.28.47:174][723]LogPlayLevel: Creating play world package: /Temp/UEDPIE_0_Untitled_1
[2016.01.08-20.28.47:176][723]LogPlayLevel: PIE: StaticDuplicateObject took: (0.001861s)
[2016.01.08-20.28.47:176][723]LogAIModule: Creating AISystem for world Untitled_1
[2016.01.08-20.28.47:177][723]LogPlayLevel: PIE: World Init took: (0.000872s)
[2016.01.08-20.28.47:177][723]LogPlayLevel: PIE: Created PIE world by copying editor world from /Temp/Untitled_1.Untitled_1 to /Temp/UEDPIE_0_Untitled_1.Untitled_1 (0.002975s)
[2016.01.08-20.28.47:196][723]LogInit: XAudio2 using 'GigaWorks T20 (Realtek High Definition Audio)' : 2 channels at 48 kHz using 32 bits per sample (channel mask 0x3)
[2016.01.08-20.28.47:200][723]LogInit: FAudioDevice initialized.
[2016.01.08-20.28.47:239][723]LogWorld: Game class is 'GameMode'
[2016.01.08-20.28.47:241][723]LogWorld: Bringing World /Temp/UEDPIE_0_Untitled_1.Untitled_1 up for play (max tick rate 0) at 2016.01.08-21.28.47
[2016.01.08-20.28.47:241][723]LogActor:Warning: GameSession /Temp/UEDPIE_0_Untitled_1.Untitled_1:PersistentLevel.GameSession_2 has natively added scene component(s), but none of them were set as the actor's RootComponent - picking one arbitrarily
[2016.01.08-20.28.47:242][723]LogActor:Warning: GameNetworkManager /Temp/UEDPIE_0_Untitled_1.Untitled_1:PersistentLevel.GameNetworkManager_2 has natively added scene component(s), but none of them were set as the actor's RootComponent - picking one arbitrarily
[2016.01.08-20.28.47:242][723]LogWorld: Bringing up level for play took: 0.002268
[2016.01.08-20.28.47:243][723]PIE: Info Play in editor start time for /Temp/UEDPIE_0_Untitled_1 0.223
[2016.01.08-20.28.49:735][ 21]LogSelection:Warning: PIE object was selected: "FleetBP_C /Temp/UEDPIE_0_Untitled_1.Untitled_1:PersistentLevel.FleetBP_C_0"
[2016.01.08-20.28.50:509][ 87]LogEditorViewport: Clicking on Actor (LMB): FleetBP_C (FleetBP)
[2016.01.08-20.28.50:509][ 87]LogSelection:Warning: PIE object was selected: "FleetBP_C /Temp/UEDPIE_0_Untitled_1.Untitled_1:PersistentLevel.FleetBP_C_0"
[2016.01.08-20.28.51:210][145]LogEditorViewport: Clicking on Actor (LMB): FleetBP_C (FleetBP2)
[2016.01.08-20.28.51:210][145]LogSelection:Warning: PIE object was selected: "FleetBP_C /Temp/UEDPIE_0_Untitled_1.Untitled_1:PersistentLevel.FleetBP_C_1"
[2016.01.08-20.28.51:842][182]LogEditorViewport: Clicking on Actor (LMB): FleetBP_C (FleetBP)
[2016.01.08-20.28.51:842][182]LogSelection:Warning: PIE object was selected: "FleetBP_C /Temp/UEDPIE_0_Untitled_1.Untitled_1:PersistentLevel.FleetBP_C_0"
[2016.01.08-20.28.55:607][561]LogEditorViewport: Clicking on Actor (LMB): FleetBP_C (FleetBP2)
[2016.01.08-20.28.55:607][561]LogSelection:Warning: PIE object was selected: "FleetBP_C /Temp/UEDPIE_0_Untitled_1.Untitled_1:PersistentLevel.FleetBP_C_1"
[2016.01.08-20.28.56:844][677]LogEditorViewport: Clicking on Actor (LMB): FleetBP_C (FleetBP)
[2016.01.08-20.28.56:844][677]LogSelection:Warning: PIE object was selected: "FleetBP_C /Temp/UEDPIE_0_Untitled_1.Untitled_1:PersistentLevel.FleetBP_C_0"
[2016.01.08-20.29.05:688][534]LogParticles: Destroying 0 GPU particle simulations for FXSystem 0x0000015E6AE39D00
[2016.01.08-20.29.06:375][613]LogPlayLevel: PlayLevel: No blueprints needed recompiling
[2016.01.08-20.29.06:375][613]PIE: New page: PIE session: Untitled_1 (Jan 8, 2016, 10:29:06 PM)
[2016.01.08-20.29.06:375][613]LogPlayLevel: Creating play world package: /Temp/UEDPIE_0_Untitled_1
[2016.01.08-20.29.06:377][613]LogPlayLevel: PIE: StaticDuplicateObject took: (0.001874s)
[2016.01.08-20.29.06:378][613]LogAIModule: Creating AISystem for world Untitled_1
[2016.01.08-20.29.06:379][613]LogPlayLevel: PIE: World Init took: (0.001159s)
[2016.01.08-20.29.06:379][613]LogPlayLevel: PIE: Created PIE world by copying editor world from /Temp/Untitled_1.Untitled_1 to /Temp/UEDPIE_0_Untitled_1.Untitled_1 (0.003304s)
[2016.01.08-20.29.06:397][613]LogInit: XAudio2 using 'GigaWorks T20 (Realtek High Definition Audio)' : 2 channels at 48 kHz using 32 bits per sample (channel mask 0x3)
[2016.01.08-20.29.06:403][613]LogInit: FAudioDevice initialized.
[2016.01.08-20.29.06:438][613]LogWorld: Game class is 'GameMode'
[2016.01.08-20.29.06:441][613]LogWorld: Bringing World /Temp/UEDPIE_0_Untitled_1.Untitled_1 up for play (max tick rate 0) at 2016.01.08-21.29.06
[2016.01.08-20.29.06:441][613]LogActor:Warning: GameSession /Temp/UEDPIE_0_Untitled_1.Untitled_1:PersistentLevel.GameSession_3 has natively added scene component(s), but none of them were set as the actor's RootComponent - picking one arbitrarily
[2016.01.08-20.29.06:441][613]LogActor:Warning: GameNetworkManager /Temp/UEDPIE_0_Untitled_1.Untitled_1:PersistentLevel.GameNetworkManager_3 has natively added scene component(s), but none of them were set as the actor's RootComponent - picking one arbitrarily
[2016.01.08-20.29.06:441][613]LogWorld: Bringing up level for play took: 0.002233
[2016.01.08-20.29.06:443][613]PIE: Info Play in editor start time for /Temp/UEDPIE_0_Untitled_1 -0.578
[2016.01.08-20.29.08:133][815]LogSelection:Warning: PIE object was selected: "FleetBP_C /Temp/UEDPIE_0_Untitled_1.Untitled_1:PersistentLevel.FleetBP_C_0"
[2016.01.08-20.29.08:645][850]LogEditorViewport: Clicking on Actor (LMB): FleetBP_C (FleetBP)
[2016.01.08-20.29.08:645][850]LogSelection:Warning: PIE object was selected: "FleetBP_C /Temp/UEDPIE_0_Untitled_1.Untitled_1:PersistentLevel.FleetBP_C_0"
[2016.01.08-20.29.09:144][883]LogEditorViewport: Clicking on Actor (LMB): FleetBP_C (FleetBP2)
[2016.01.08-20.29.09:144][883]LogSelection:Warning: PIE object was selected: "FleetBP_C /Temp/UEDPIE_0_Untitled_1.Untitled_1:PersistentLevel.FleetBP_C_1"
[2016.01.08-20.29.09:861][927]LogEditorViewport: Clicking on Actor (LMB): FleetBP_C (FleetBP)
[2016.01.08-20.29.09:861][927]LogSelection:Warning: PIE object was selected: "FleetBP_C /Temp/UEDPIE_0_Untitled_1.Untitled_1:PersistentLevel.FleetBP_C_0"
[2016.01.08-20.29.18:377][836]LogEditorViewport: Clicking on Actor (LMB): FleetBP_C (FleetBP2)
[2016.01.08-20.29.18:377][836]LogSelection:Warning: PIE object was selected: "FleetBP_C /Temp/UEDPIE_0_Untitled_1.Untitled_1:PersistentLevel.FleetBP_C_1"
[2016.01.08-20.29.20:030][981]LogEditorViewport: Clicking on Actor (LMB): FleetBP_C (FleetBP)
[2016.01.08-20.29.20:030][981]LogSelection:Warning: PIE object was selected: "FleetBP_C /Temp/UEDPIE_0_Untitled_1.Untitled_1:PersistentLevel.FleetBP_C_0"
[2016.01.08-20.30.05:784][800]LogParticles: Destroying 0 GPU particle simulations for FXSystem 0x0000015E038E1940
[2016.01.08-20.30.06:602][896]LogEditorViewport: Clicking on Actor (LMB): FleetBP_C (FleetBP)
[2016.01.08-20.30.08:085][ 71]Cmd: DELETE
[2016.01.08-20.30.08:085][ 71]Cmd: ACTOR DELETE
[2016.01.08-20.30.08:085][ 71]LogEditorActor: Deleted Actor: FleetBP_C
[2016.01.08-20.30.08:096][ 71]LogEditorActor: Deleted 1 Actors (0.011 secs)
[2016.01.08-20.31.20:800][342]LogEditorViewport: Clicking on Actor (LMB): FleetBP_C (FleetBP2)
[2016.01.08-20.31.22:905][582]LogEditorViewport: Clicking on Actor (LMB): StarBlueprint_C (StarBlueprint)
[2016.01.08-20.31.28:226][148]LogEditorViewport: Clicking on Actor (LMB): FleetBP_C (FleetBP2)
[2016.01.08-20.31.29:288][264]LogEditorViewport: Clicking on Actor (LMB): StarBlueprint_C (StarBlueprint)
[2016.01.08-20.31.39:501][464]LogEditorViewport: Clicking on Actor (LMB): FleetBP_C (FleetBP2)
[2016.01.08-20.31.42:173][776]LogEditorViewport: Clicking on Actor (LMB): StarBlueprint_C (StarBlueprint)
[2016.01.08-20.31.46:003][217]LogPlayLevel: PlayLevel: No blueprints needed recompiling
[2016.01.08-20.31.46:003][217]PIE: New page: PIE session: Untitled_1 (Jan 8, 2016, 10:31:46 PM)
[2016.01.08-20.31.46:003][217]LogPlayLevel: Creating play world package: /Temp/UEDPIE_0_Untitled_1
[2016.01.08-20.31.46:005][217]LogPlayLevel: PIE: StaticDuplicateObject took: (0.002006s)
[2016.01.08-20.31.46:005][217]LogAIModule: Creating AISystem for world Untitled_1
[2016.01.08-20.31.46:006][217]LogPlayLevel: PIE: World Init took: (0.000915s)
[2016.01.08-20.31.46:006][217]LogPlayLevel: PIE: Created PIE world by copying editor world from /Temp/Untitled_1.Untitled_1 to /Temp/UEDPIE_0_Untitled_1.Untitled_1 (0.003226s)
[2016.01.08-20.31.46:025][217]LogInit: XAudio2 using 'GigaWorks T20 (Realtek High Definition Audio)' : 2 channels at 48 kHz using 32 bits per sample (channel mask 0x3)
[2016.01.08-20.31.46:029][217]LogInit: FAudioDevice initialized.
[2016.01.08-20.31.46:059][217]LogWorld: Game class is 'GameMode'
[2016.01.08-20.31.46:062][217]LogWorld: Bringing World /Temp/UEDPIE_0_Untitled_1.Untitled_1 up for play (max tick rate 0) at 2016.01.08-21.31.46
[2016.01.08-20.31.46:063][217]LogActor:Warning: GameSession /Temp/UEDPIE_0_Untitled_1.Untitled_1:PersistentLevel.GameSession_4 has natively added scene component(s), but none of them were set as the actor's RootComponent - picking one arbitrarily
[2016.01.08-20.31.46:063][217]LogActor:Warning: GameNetworkManager /Temp/UEDPIE_0_Untitled_1.Untitled_1:PersistentLevel.GameNetworkManager_4 has natively added scene component(s), but none of them were set as the actor's RootComponent - picking one arbitrarily
[2016.01.08-20.31.46:063][217]LogWorld: Bringing up level for play took: 0.002270
[2016.01.08-20.31.46:065][217]PIE: Info Play in editor start time for /Temp/UEDPIE_0_Untitled_1 1.044
[2016.01.08-20.31.48:611][508]LogParticles: Destroying 0 GPU particle simulations for FXSystem 0x0000015E43A1D300
[2016.01.08-20.31.54:732][116]LogPlayLevel: PlayLevel: No blueprints needed recompiling
[2016.01.08-20.31.54:733][116]PIE: New page: PIE session: Untitled_1 (Jan 8, 2016, 10:31:54 PM)
[2016.01.08-20.31.54:733][116]LogPlayLevel: Creating play world package: /Temp/UEDPIE_0_Untitled_1
[2016.01.08-20.31.54:735][116]LogPlayLevel: PIE: StaticDuplicateObject took: (0.002077s)
[2016.01.08-20.31.54:736][116]LogAIModule: Creating AISystem for world Untitled_1
[2016.01.08-20.31.54:736][116]LogPlayLevel: PIE: World Init took: (0.001439s)
[2016.01.08-20.31.54:736][116]LogPlayLevel: PIE: Created PIE world by copying editor world from /Temp/Untitled_1.Untitled_1 to /Temp/UEDPIE_0_Untitled_1.Untitled_1 (0.003827s)
[2016.01.08-20.31.54:757][116]LogInit: XAudio2 using 'GigaWorks T20 (Realtek High Definition Audio)' : 2 channels at 48 kHz using 32 bits per sample (channel mask 0x3)
[2016.01.08-20.31.54:760][116]LogInit: FAudioDevice initialized.
[2016.01.08-20.31.54:793][116]LogWorld: Game class is 'GameMode'
[2016.01.08-20.31.54:796][116]LogWorld: Bringing World /Temp/UEDPIE_0_Untitled_1.Untitled_1 up for play (max tick rate 0) at 2016.01.08-21.31.54
[2016.01.08-20.31.54:796][116]LogActor:Warning: GameSession /Temp/UEDPIE_0_Untitled_1.Untitled_1:PersistentLevel.GameSession_5 has natively added scene component(s), but none of them were set as the actor's RootComponent - picking one arbitrarily
[2016.01.08-20.31.54:796][116]LogActor:Warning: GameNetworkManager /Temp/UEDPIE_0_Untitled_1.Untitled_1:PersistentLevel.GameNetworkManager_5 has natively added scene component(s), but none of them were set as the actor's RootComponent - picking one arbitrarily
[2016.01.08-20.31.54:797][116]LogWorld: Bringing up level for play took: 0.002371
[2016.01.08-20.31.54:798][116]PIE: Info Play in editor start time for /Temp/UEDPIE_0_Untitled_1 -0.223
[2016.01.08-20.31.55:713][223]LogSelection:Warning: PIE object was selected: "StarBlueprint_C /Temp/UEDPIE_0_Untitled_1.Untitled_1:PersistentLevel.StarBlueprint_2"
[2016.01.08-20.31.56:546][301]LogEditorViewport: Clicking on Actor (LMB): FleetBP_C (FleetBP2)
[2016.01.08-20.31.56:546][301]LogSelection:Warning: PIE object was selected: "FleetBP_C /Temp/UEDPIE_0_Untitled_1.Untitled_1:PersistentLevel.FleetBP_C_1"
[2016.01.08-20.32.01:738][783]LogParticles: Destroying 0 GPU particle simulations for FXSystem 0x0000015E7CA8B4C0
[2016.01.08-20.32.03:274][959]LogPlayLevel: PlayLevel: No blueprints needed recompiling
[2016.01.08-20.32.03:274][959]PIE: New page: PIE session: Untitled_1 (Jan 8, 2016, 10:32:03 PM)
[2016.01.08-20.32.03:274][959]LogPlayLevel: Creating play world package: /Temp/UEDPIE_0_Untitled_1
[2016.01.08-20.32.03:276][959]LogPlayLevel: PIE: StaticDuplicateObject took: (0.001866s)
[2016.01.08-20.32.03:277][959]LogAIModule: Creating AISystem for world Untitled_1
[2016.01.08-20.32.03:277][959]LogPlayLevel: PIE: World Init took: (0.000864s)
[2016.01.08-20.32.03:277][959]LogPlayLevel: PIE: Created PIE world by copying editor world from /Temp/Untitled_1.Untitled_1 to /Temp/UEDPIE_0_Untitled_1.Untitled_1 (0.003005s)
[2016.01.08-20.32.03:294][959]LogInit: XAudio2 using 'GigaWorks T20 (Realtek High Definition Audio)' : 2 channels at 48 kHz using 32 bits per sample (channel mask 0x3)
[2016.01.08-20.32.03:299][959]LogInit: FAudioDevice initialized.
[2016.01.08-20.32.03:330][959]LogWorld: Game class is 'GameMode'
[2016.01.08-20.32.03:333][959]LogWorld: Bringing World /Temp/UEDPIE_0_Untitled_1.Untitled_1 up for play (max tick rate 0) at 2016.01.08-21.32.03
[2016.01.08-20.32.03:333][959]LogActor:Warning: GameSession /Temp/UEDPIE_0_Untitled_1.Untitled_1:PersistentLevel.GameSession_6 has natively added scene component(s), but none of them were set as the actor's RootComponent - picking one arbitrarily
[2016.01.08-20.32.03:333][959]LogActor:Warning: GameNetworkManager /Temp/UEDPIE_0_Untitled_1.Untitled_1:PersistentLevel.GameNetworkManager_6 has natively added scene component(s), but none of them were set as the actor's RootComponent - picking one arbitrarily
[2016.01.08-20.32.03:333][959]LogWorld: Bringing up level for play took: 0.002398
[2016.01.08-20.32.03:335][959]PIE: Info Play in editor start time for /Temp/UEDPIE_0_Untitled_1 0.314
[2016.01.08-20.32.05:436][210]LogSelection:Warning: PIE object was selected: "FleetBP_C /Temp/UEDPIE_0_Untitled_1.Untitled_1:PersistentLevel.FleetBP_C_1"
[2016.01.08-20.32.05:919][250]LogEditorViewport: Clicking on Actor (LMB): FleetBP_C (FleetBP2)
[2016.01.08-20.32.05:919][250]LogSelection:Warning: PIE object was selected: "FleetBP_C /Temp/UEDPIE_0_Untitled_1.Untitled_1:PersistentLevel.FleetBP_C_1"
[2016.01.08-20.32.28:936][673]LogParticles: Destroying 0 GPU particle simulations for FXSystem 0x0000015E528262A0
[2016.01.08-20.33.11:682][ 29]Cmd: QUIT_EDITOR
[2016.01.08-20.33.12:231][ 29]LogWindowsTextInputMethodSystem:Display: IME system now deactivated.
[2016.01.08-20.33.12:366][ 29]LogExit: Preparing to exit.
[2016.01.08-20.33.13:452][ 29]LogExit: Editor shut down
[2016.01.08-20.33.13:452][ 29]LogExit: Transaction tracking system shut down
[2016.01.08-20.33.13:453][ 29]LogParticles: Destroying 0 GPU particle simulations for FXSystem 0x0000015E52827C40
[2016.01.08-20.33.13:453][ 29]LogParticles: Destroying 0 GPU particle simulations for FXSystem 0x0000015E5276F4C0
[2016.01.08-20.33.13:453][ 29]LogParticles: Destroying 0 GPU particle simulations for FXSystem 0x0000015E5276F740
[2016.01.08-20.33.13:460][ 29]LogParticles: Destroying 0 GPU particle simulations for FXSystem 0x0000015E437DF740
[2016.01.08-20.33.13:461][ 29]LogParticles: Destroying 0 GPU particle simulations for FXSystem 0x0000015E5D8F3740
[2016.01.08-20.33.13:609][ 29]LogExit: Object subsystem successfully closed.
[2016.01.08-20.33.13:631][ 29]LogD3D11RHI: Shutdown
[2016.01.08-20.33.13:631][ 29]LogD3D11RHI: CleanupD3DDevice
[2016.01.08-20.33.13:671][ 29]LogD3D11RHI: ~FD3D11DynamicRHI
[2016.01.08-20.33.13:699][ 29]LogModuleManager: Shutting down and abandoning module CrashTracker (198)
[2016.01.08-20.33.13:699][ 29]LogModuleManager: Shutting down and abandoning module SceneOutliner (197)
[2016.01.08-20.33.13:699][ 29]LogModuleManager: Shutting down and abandoning module SuperSearch (196)
[2016.01.08-20.33.13:700][ 29]LogModuleManager: Shutting down and abandoning module WidgetCarousel (195)
[2016.01.08-20.33.13:700][ 29]LogModuleManager: Shutting down and abandoning module AddContentDialog (194)
[2016.01.08-20.33.13:701][ 29]LogModuleManager: Shutting down and abandoning module EditorWidgets (193)
[2016.01.08-20.33.13:701][ 29]LogModuleManager: Shutting down and abandoning module CollectionManager (192)
[2016.01.08-20.33.13:702][ 29]LogModuleManager: Shutting down and abandoning module StatsViewer (191)
[2016.01.08-20.33.13:702][ 29]LogModuleManager: Shutting down and abandoning module FoliageEdit (190)
[2016.01.08-20.33.13:702][ 29]LogModuleManager: Shutting down and abandoning module LandscapeEditor (189)
[2016.01.08-20.33.13:703][ 29]LogModuleManager: Shutting down and abandoning module ActorPickerMode (188)
[2016.01.08-20.33.13:703][ 29]LogModuleManager: Shutting down and abandoning module GeometryMode (187)
[2016.01.08-20.33.13:703][ 29]LogModuleManager: Shutting down and abandoning module TextureAlignMode (186)
[2016.01.08-20.33.13:703][ 29]LogModuleManager: Shutting down and abandoning module BspMode (185)
[2016.01.08-20.33.13:703][ 29]LogModuleManager: Shutting down and abandoning module PlacementMode (184)
[2016.01.08-20.33.13:703][ 29]LogModuleManager: Shutting down and abandoning module AutomationWorker (183)
[2016.01.08-20.33.13:703][ 29]LogModuleManager: Shutting down and abandoning module CharacterAI (182)
[2016.01.08-20.33.13:703][ 29]LogModuleManager: Shutting down and abandoning module SmartSnapping (181)
[2016.01.08-20.33.13:703][ 29]LogModuleManager: Shutting down and abandoning module ViewportSnapping (180)
[2016.01.08-20.33.13:703][ 29]LogModuleManager: Shutting down and abandoning module LogVisualizer (179)
[2016.01.08-20.33.13:703][ 29]LogModuleManager: Shutting down and abandoning module GameProjectGeneration (178)
[2016.01.08-20.33.13:703][ 29]LogModuleManager: Shutting down and abandoning module IntroTutorials (177)
[2016.01.08-20.33.13:703][ 29]LogModuleManager: Shutting down and abandoning module EditorLiveStreaming (176)
[2016.01.08-20.33.13:703][ 29]LogModuleManager: Shutting down and abandoning module IOSPlatformEditor (175)
[2016.01.08-20.33.13:703][ 29]LogModuleManager: Shutting down and abandoning module HTML5PlatformEditor (174)
[2016.01.08-20.33.13:703][ 29]LogModuleManager: Shutting down and abandoning module AndroidDeviceDetection (173)
[2016.01.08-20.33.14:047][ 29]LogModuleManager: Shutting down and abandoning module AndroidPlatformEditor (172)
[2016.01.08-20.33.14:047][ 29]LogModuleManager: Shutting down and abandoning module IOSRuntimeSettings (171)
[2016.01.08-20.33.14:047][ 29]LogModuleManager: Shutting down and abandoning module AndroidRuntimeSettings (170)
[2016.01.08-20.33.14:047][ 29]LogModuleManager: Shutting down and abandoning module MergeActors (169)
[2016.01.08-20.33.14:047][ 29]LogModuleManager: Shutting down and abandoning module SizeMap (168)
[2016.01.08-20.33.14:047][ 29]LogModuleManager: Shutting down and abandoning module TreeMap (167)
[2016.01.08-20.33.14:047][ 29]LogModuleManager: Shutting down and abandoning module ReferenceViewer (166)
[2016.01.08-20.33.14:047][ 29]LogModuleManager: Shutting down and abandoning module LocalizationService (165)
[2016.01.08-20.33.14:047][ 29]LogModuleManager: Shutting down and abandoning module LocalizationDashboard (164)
[2016.01.08-20.33.14:048][ 29]LogModuleManager: Shutting down and abandoning module HardwareTargeting (163)
[2016.01.08-20.33.14:048][ 29]LogModuleManager: Shutting down and abandoning module DeviceProfileEditor (162)
[2016.01.08-20.33.14:048][ 29]LogModuleManager: Shutting down and abandoning module UndoHistory (161)
[2016.01.08-20.33.14:048][ 29]LogModuleManager: Shutting down and abandoning module GameplayTagsEditor (160)
[2016.01.08-20.33.14:048][ 29]LogModuleManager: Shutting down and abandoning module UserFeedback (159)
[2016.01.08-20.33.14:048][ 29]LogModuleManager: Shutting down and abandoning module XmlParser (158)
[2016.01.08-20.33.14:048][ 29]LogModuleManager: Shutting down and abandoning module Blutility (157)
[2016.01.08-20.33.14:048][ 29]LogModuleManager: Shutting down and abandoning module ProjectTargetPlatformEditor (156)
[2016.01.08-20.33.14:048][ 29]LogModuleManager: Shutting down and abandoning module ProjectSettingsViewer (155)
[2016.01.08-20.33.14:048][ 29]LogModuleManager: Shutting down and abandoning module InputBindingEditor (154)
[2016.01.08-20.33.14:048][ 29]LogModuleManager: Shutting down and abandoning module EditorSettingsViewer (153)
[2016.01.08-20.33.14:048][ 29]LogModuleManager: Shutting down and abandoning module SettingsEditor (152)
[2016.01.08-20.33.14:048][ 29]LogModuleManager: Shutting down and abandoning module ProjectLauncher (151)
[2016.01.08-20.33.14:049][ 29]LogModuleManager: Shutting down and abandoning module SessionFrontend (150)
[2016.01.08-20.33.14:049][ 29]LogModuleManager: Shutting down and abandoning module ProfilerClient (149)
[2016.01.08-20.33.14:049][ 29]LogModuleManager: Shutting down and abandoning module TargetDeviceServices (148)
[2016.01.08-20.33.14:049][ 29]LogModuleManager: Shutting down and abandoning module DeviceManager (147)
[2016.01.08-20.33.14:049][ 29]LogModuleManager: Shutting down and abandoning module AutomationController (146)
[2016.01.08-20.33.14:049][ 29]LogModuleManager: Shutting down and abandoning module AutomationWindow (145)
[2016.01.08-20.33.14:050][ 29]LogModuleManager: Shutting down and abandoning module Layers (144)
[2016.01.08-20.33.14:051][ 29]LogModuleManager: Shutting down and abandoning module ComponentVisualizers (143)
[2016.01.08-20.33.14:051][ 29]LogModuleManager: Shutting down and abandoning module DetailCustomizations (142)
[2016.01.08-20.33.14:051][ 29]LogModuleManager: Shutting down and abandoning module PackagesDialog (141)
[2016.01.08-20.33.14:051][ 29]LogModuleManager: Shutting down and abandoning module Persona (140)
[2016.01.08-20.33.14:051][ 29]LogModuleManager: Shutting down and abandoning module Kismet (139)
[2016.01.08-20.33.14:052][ 29]LogModuleManager: Shutting down and abandoning module GraphEditor (138)
[2016.01.08-20.33.14:053][ 29]LogModuleManager: Shutting down and abandoning module ClassViewer (137)
[2016.01.08-20.33.14:054][ 29]LogModuleManager: Shutting down and abandoning module Toolbox (136)
[2016.01.08-20.33.14:054][ 29]LogModuleManager: Shutting down and abandoning module ModuleUI (135)
[2016.01.08-20.33.14:054][ 29]LogModuleManager: Shutting down and abandoning module MovieSceneTools (134)
[2016.01.08-20.33.14:054][ 29]LogModuleManager: Shutting down and abandoning module OutputLog (133)
[2016.01.08-20.33.14:054][ 29]LogModuleManager: Shutting down and abandoning module GammaUI (132)
[2016.01.08-20.33.14:055][ 29]LogModuleManager: Shutting down and abandoning module Documentation (131)
[2016.01.08-20.33.14:055][ 29]LogModuleManager: Shutting down and abandoning module GameLiveStreaming (130)
[2016.01.08-20.33.14:055][ 29]LogModuleManager: Shutting down and abandoning module StreamingPauseRendering (129)
[2016.01.08-20.33.14:055][ 29]LogModuleManager: Shutting down and abandoning module AnalyticsET (128)
[2016.01.08-20.33.14:055][ 29]LogModuleManager: Shutting down and abandoning module Analytics (127)
[2016.01.08-20.33.14:055][ 29]LogModuleManager: Shutting down and abandoning module AITestSuite (126)
[2016.01.08-20.33.14:055][ 29]LogModuleManager: Shutting down and abandoning module GameplayDebugger (125)
[2016.01.08-20.33.14:055][ 29]LogModuleManager: Shutting down and abandoning module AIModule (124)
[2016.01.08-20.33.14:055][ 29]LogModuleManager: Shutting down and abandoning module ProfilerService (123)
[2016.01.08-20.33.14:080][ 29]LogModuleManager: Shutting down and abandoning module TaskGraph (122)
[2016.01.08-20.33.14:080][ 29]LogModuleManager: Shutting down and abandoning module SlateRemote (121)
[2016.01.08-20.33.14:080][ 29]LogModuleManager: Shutting down and abandoning module SteamVRController (120)
[2016.01.08-20.33.14:080][ 29]LogModuleManager: Shutting down and abandoning module SteamVR (119)
[2016.01.08-20.33.14:080][ 29]LogModuleManager: Shutting down and abandoning module ProceduralMeshComponent (118)
[2016.01.08-20.33.14:080][ 29]LogModuleManager: Shutting down and abandoning module OculusRift (117)
[2016.01.08-20.33.14:080][ 29]LogModuleManager: Shutting down and abandoning module OculusLibrary (116)
[2016.01.08-20.33.14:080][ 29]LogModuleManager: Shutting down and abandoning module LeapMotionController (115)
[2016.01.08-20.33.14:091][ 29]LogModuleManager: Shutting down and abandoning module CustomMeshComponent (114)
[2016.01.08-20.33.14:091][ 29]LogModuleManager: Shutting down and abandoning module CableComponent (113)
[2016.01.08-20.33.14:091][ 29]LogModuleManager: Shutting down and abandoning module ArchVisCharacter (112)
[2016.01.08-20.33.14:091][ 29]LogModuleManager: Shutting down and abandoning module MessagingDebugger (111)
[2016.01.08-20.33.14:092][ 29]LogModuleManager: Shutting down and abandoning module MediaPlayerEditor (110)
[2016.01.08-20.33.14:092][ 29]LogModuleManager: Shutting down and abandoning module HTML5Networking (109)
[2016.01.08-20.33.14:092][ 29]LogModuleManager: Shutting down and abandoning module SpeedTreeImporter (108)
[2016.01.08-20.33.14:092][ 29]LogModuleManager: Shutting down and abandoning module PluginBrowser (107)
[2016.01.08-20.33.14:092][ 29]LogModuleManager: Shutting down and abandoning module EpicSurvey (106)
[2016.01.08-20.33.14:092][ 29]LogModuleManager: Shutting down and abandoning module VisualStudioSourceCodeAccess (105)
[2016.01.08-20.33.14:092][ 29]LogModuleManager: Shutting down and abandoning module UObjectPlugin (104)
[2016.01.08-20.33.14:092][ 29]LogModuleManager: Shutting down and abandoning module SubversionSourceControl (103)
[2016.01.08-20.33.14:092][ 29]LogModuleManager: Shutting down and abandoning module PerforceSourceControl (102)
[2016.01.08-20.33.14:092][ 29]LogModuleManager: Shutting down and abandoning module SourceControl (101)
[2016.01.08-20.33.14:092][ 29]LogModuleManager: Shutting down and abandoning module GitSourceControl (100)
[2016.01.08-20.33.14:092][ 29]LogModuleManager: Shutting down and abandoning module LightPropagationVolumeEditor (99)
[2016.01.08-20.33.14:092][ 29]LogModuleManager: Shutting down and abandoning module PaperTiledImporter (98)
[2016.01.08-20.33.14:092][ 29]LogModuleManager: Shutting down and abandoning module PaperSpriteSheetImporter (97)
[2016.01.08-20.33.14:092][ 29]LogModuleManager: Shutting down and abandoning module MeshPaint (96)
[2016.01.08-20.33.14:092][ 29]LogModuleManager: Shutting down and abandoning module SlateReflector (95)
[2016.01.08-20.33.14:093][ 29]LogModuleManager: Shutting down and abandoning module HotReload (94)
[2016.01.08-20.33.14:093][ 29]LogModuleManager: Shutting down and abandoning module MainFrame (93)
[2016.01.08-20.33.14:093][ 29]LogModuleManager: Shutting down and abandoning module LevelEditor (92)
[2016.01.08-20.33.14:094][ 29]LogModuleManager: Shutting down and abandoning module DirectoryWatcher (91)
[2016.01.08-20.33.14:095][ 29]LogModuleManager: Shutting down and abandoning module AssetRegistry (90)
[2016.01.08-20.33.14:151][ 29]LogModuleManager: Shutting down and abandoning module ContentBrowser (89)
[2016.01.08-20.33.14:151][ 29]LogModuleManager: Shutting down and abandoning module Paper2DEditor (88)
[2016.01.08-20.33.14:152][ 29]LogModuleManager: Shutting down and abandoning module SpaceGame (87)
[2016.01.08-20.33.14:152][ 29]LogModuleManager: Shutting down and abandoning module UdpMessaging (86)
[2016.01.08-20.33.14:252][ 29]LogModuleManager: Shutting down and abandoning module LightPropagationVolumeRuntime (85)
[2016.01.08-20.33.14:252][ 29]LogModuleManager: Shutting down and abandoning module Paper2D (84)
[2016.01.08-20.33.14:252][ 29]LogModuleManager: Shutting down and abandoning module WindowsMoviePlayer (83)
[2016.01.08-20.33.14:254][ 29]LogModuleManager: Shutting down and abandoning module Media (82)
[2016.01.08-20.33.14:254][ 29]LogModuleManager: Shutting down and abandoning module WmfMedia (81)
[2016.01.08-20.33.14:254][ 29]LogModuleManager: Shutting down and abandoning module OnlineBlueprintSupport (80)
[2016.01.08-20.33.14:254][ 29]LogModuleManager: Shutting down and abandoning module GameplayTasksEditor (79)
[2016.01.08-20.33.14:254][ 29]LogModuleManager: Shutting down and abandoning module PropertyEditor (78)
[2016.01.08-20.33.14:254][ 29]LogModuleManager: Shutting down and abandoning module BehaviorTreeEditor (77)
[2016.01.08-20.33.14:254][ 29]LogModuleManager: Shutting down and abandoning module FunctionalTesting (76)
[2016.01.08-20.33.14:255][ 29]LogModuleManager: Shutting down and abandoning module CollisionAnalyzer (75)
[2016.01.08-20.33.14:255][ 29]LogModuleManager: Shutting down and abandoning module WorkspaceMenuStructure (74)
[2016.01.08-20.33.14:255][ 29]LogModuleManager: Shutting down and abandoning module MessageLog (73)
[2016.01.08-20.33.14:255][ 29]LogModuleManager: Shutting down and abandoning module Sequencer (72)
[2016.01.08-20.33.14:256][ 29]LogModuleManager: Shutting down and abandoning module AssetTools (71)
[2016.01.08-20.33.14:257][ 29]LogModuleManager: Shutting down and abandoning module UMGEditor (70)
[2016.01.08-20.33.14:258][ 29]LogModuleManager: Shutting down and abandoning module UMG (69)
[2016.01.08-20.33.14:258][ 29]LogModuleManager: Shutting down and abandoning module Slate (68)
[2016.01.08-20.33.14:258][ 29]LogModuleManager: Shutting down and abandoning module EditorStyle (67)
[2016.01.08-20.33.14:260][ 29]LogModuleManager: Shutting down and abandoning module SessionServices (66)
[2016.01.08-20.33.14:260][ 29]LogModuleManager: Shutting down and abandoning module SourceCodeAccess (65)
[2016.01.08-20.33.14:260][ 29]LogModuleManager: Shutting down and abandoning module HeadMountedDisplay (64)
[2016.01.08-20.33.14:260][ 29]LogModuleManager: Shutting down and abandoning module XAudio2 (63)
[2016.01.08-20.33.14:260][ 29]LogModuleManager: Shutting down and abandoning module Networking (61)
[2016.01.08-20.33.14:260][ 29]LogModuleManager: Shutting down and abandoning module Core (60)
[2016.01.08-20.33.14:260][ 29]LogModuleManager: Shutting down and abandoning module KismetCompiler (59)
[2016.01.08-20.33.14:260][ 29]LogModuleManager: Shutting down and abandoning module PhysXFormats (58)
[2016.01.08-20.33.14:260][ 29]LogModuleManager: Shutting down and abandoning module MeshUtilities (57)
[2016.01.08-20.33.14:260][ 29]LogModuleManager: Shutting down and abandoning module CookingStats (56)
[2016.01.08-20.33.14:260][ 29]LogModuleManager: Shutting down and abandoning module DerivedDataCache (55)
[2016.01.08-20.33.14:298][ 29]LogDerivedDataCache: Shutdown
[2016.01.08-20.33.14:298][ 29]LogModuleManager: Shutting down and abandoning module ShaderFormatOpenGL (54)
[2016.01.08-20.33.14:299][ 29]LogModuleManager: Shutting down and abandoning module ShaderFormatD3D (53)
[2016.01.08-20.33.14:299][ 29]LogModuleManager: Shutting down and abandoning module MetalShaderFormat (52)
[2016.01.08-20.33.14:299][ 29]LogModuleManager: Shutting down and abandoning module TextureFormatUncompressed (51)
[2016.01.08-20.33.14:299][ 29]LogModuleManager: Shutting down and abandoning module TextureFormatPVR (50)
[2016.01.08-20.33.14:299][ 29]LogModuleManager: Shutting down and abandoning module TextureFormatIntelISPCTexComp (49)
[2016.01.08-20.33.14:299][ 29]LogModuleManager: Shutting down and abandoning module TextureFormatDXT (48)
[2016.01.08-20.33.14:299][ 29]LogModuleManager: Shutting down and abandoning module ImageWrapper (47)
[2016.01.08-20.33.14:299][ 29]LogModuleManager: Shutting down and abandoning module TextureFormatASTC (46)
[2016.01.08-20.33.14:299][ 29]LogModuleManager: Shutting down and abandoning module TextureFormatAndroid (45)
[2016.01.08-20.33.14:299][ 29]LogModuleManager: Shutting down and abandoning module AudioFormatOpus (44)
[2016.01.08-20.33.14:299][ 29]LogModuleManager: Shutting down and abandoning module AudioFormatOgg (43)
[2016.01.08-20.33.14:299][ 29]LogModuleManager: Shutting down and abandoning module AudioFormatADPCM (42)
[2016.01.08-20.33.14:299][ 29]LogModuleManager: Shutting down and abandoning module LinuxTargetPlatform (41)
[2016.01.08-20.33.14:299][ 29]LogModuleManager: Shutting down and abandoning module LinuxServerTargetPlatform (40)
[2016.01.08-20.33.14:299][ 29]LogModuleManager: Shutting down and abandoning module LinuxNoEditorTargetPlatform (39)
[2016.01.08-20.33.14:299][ 29]LogModuleManager: Shutting down and abandoning module Messaging (38)
[2016.01.08-20.33.14:299][ 29]LogModuleManager: Shutting down and abandoning module IOSTargetPlatform (37)
[2016.01.08-20.33.14:299][ 29]LogModuleManager: Shutting down and abandoning module HTML5TargetPlatform (36)
[2016.01.08-20.33.14:299][ 29]LogModuleManager: Shutting down and abandoning module Android_PVRTCTargetPlatform (35)
[2016.01.08-20.33.14:300][ 29]LogModuleManager: Shutting down and abandoning module Android_ETC2TargetPlatform (34)
[2016.01.08-20.33.14:300][ 29]LogModuleManager: Shutting down and abandoning module Android_ETC1TargetPlatform (33)
[2016.01.08-20.33.14:300][ 29]LogModuleManager: Shutting down and abandoning module Android_DXTTargetPlatform (32)
[2016.01.08-20.33.14:300][ 29]LogModuleManager: Shutting down and abandoning module Android_ATCTargetPlatform (31)
[2016.01.08-20.33.14:301][ 29]LogModuleManager: Shutting down and abandoning module Android_ASTCTargetPlatform (30)
[2016.01.08-20.33.14:301][ 29]LogModuleManager: Shutting down and abandoning module AndroidTargetPlatform (29)
[2016.01.08-20.33.14:301][ 29]LogModuleManager: Shutting down and abandoning module WindowsTargetPlatform (28)
[2016.01.08-20.33.14:301][ 29]LogModuleManager: Shutting down and abandoning module WindowsServerTargetPlatform (27)
[2016.01.08-20.33.14:301][ 29]LogModuleManager: Shutting down and abandoning module WindowsNoEditorTargetPlatform (26)
[2016.01.08-20.33.14:301][ 29]LogModuleManager: Shutting down and abandoning module WindowsClientTargetPlatform (25)
[2016.01.08-20.33.14:301][ 29]LogModuleManager: Shutting down and abandoning module AllDesktopTargetPlatform (24)
[2016.01.08-20.33.14:302][ 29]LogModuleManager: Shutting down and abandoning module TargetPlatform (23)
[2016.01.08-20.33.14:302][ 29]LogModuleManager: Shutting down and abandoning module InputCore (22)
[2016.01.08-20.33.14:302][ 29]LogModuleManager: Shutting down and abandoning module Settings (21)
[2016.01.08-20.33.14:302][ 29]LogModuleManager: Shutting down and abandoning module OnlineSubsystem (19)
[2016.01.08-20.33.14:302][ 29]LogModuleManager: Shutting down and abandoning module HTTP (18)
[2016.01.08-20.33.15:303][ 29]LogModuleManager: Shutting down and abandoning module XMPP (17)
[2016.01.08-20.33.15:306][ 29]LogModuleManager: Shutting down and abandoning module ExampleDeviceProfileSelector (16)
[2016.01.08-20.33.15:306][ 29]LogModuleManager: Shutting down and abandoning module DesktopPlatform (15)
[2016.01.08-20.33.15:306][ 29]LogModuleManager: Shutting down and abandoning module TextureCompressor (14)
[2016.01.08-20.33.15:306][ 29]LogModuleManager: Shutting down and abandoning module ShaderCore (13)
[2016.01.08-20.33.15:306][ 29]LogModuleManager: Shutting down and abandoning module Landscape (12)
[2016.01.08-20.33.15:306][ 29]LogModuleManager: Shutting down and abandoning module SlateRHIRenderer (11)
[2016.01.08-20.33.15:308][ 29]LogModuleManager: Shutting down and abandoning module OpenGLDrv (10)
[2016.01.08-20.33.15:309][ 29]LogModuleManager: Shutting down and abandoning module D3D11RHI (9)
[2016.01.08-20.33.15:309][ 29]LogModuleManager: Shutting down and abandoning module AnimGraphRuntime (8)
[2016.01.08-20.33.15:309][ 29]LogModuleManager: Shutting down and abandoning module Renderer (7)
[2016.01.08-20.33.15:309][ 29]LogModuleManager: Shutting down and abandoning module Engine (6)
[2016.01.08-20.33.15:309][ 29]LogModuleManager: Shutting down and abandoning module CoreUObject (5)
[2016.01.08-20.33.15:309][ 29]LogModuleManager: Shutting down and abandoning module NetworkFile (4)
[2016.01.08-20.33.15:309][ 29]LogModuleManager: Shutting down and abandoning module StreamingFile (3)
[2016.01.08-20.33.15:309][ 29]LogModuleManager: Shutting down and abandoning module SandboxFile (2)
[2016.01.08-20.33.15:309][ 29]LogModuleManager: Shutting down and abandoning module PakFile (1)
[2016.01.08-20.33.15:311][ 29]LogExit: Exiting.
[2016.01.08-20.33.15:312][ 29]Log file closed, 01/08/16 21:33:15
