[2015.11.27-12.13.25:426][  0]Log file open, 11/27/15 13:13:25
[2015.11.27-12.13.25:426][  0]LogInit:Display: Running engine without a game
[2015.11.27-12.13.25:426][  0]LogInit:Display: Loading recent project file: ../../../../../../Users/Spellabbet/Documents/Unreal Projects/SpaceGame/Project/SpaceGame/SpaceGame.uproject
[2015.11.27-12.13.25:426][  0]LogInit:Display: RandInit(913137747) SRandInit(913137748).
[2015.11.27-12.13.25:426][  0]LogTaskGraph: Started task graph with 4 named threads and 7 total threads.
[2015.11.27-12.13.25:426][  0]LogStats: Stats thread started at 0.070061
[2015.11.27-12.13.25:426][  0]LogInit: Version: 4.9.2-2707645+++depot+UE4-Releases+4.9
[2015.11.27-12.13.25:426][  0]LogInit: API Version: 2672455
[2015.11.27-12.13.25:426][  0]LogInit: Compiled (64-bit): Sep 28 2015 10:25:44
[2015.11.27-12.13.25:426][  0]LogInit: Compiled with Visual C++: 18.00.21005.01
[2015.11.27-12.13.25:426][  0]LogInit: Build Configuration: Development
[2015.11.27-12.13.25:426][  0]LogInit: Branch Name: ++depot+UE4-Releases+4.9
[2015.11.27-12.13.25:426][  0]LogInit: Command line: 
[2015.11.27-12.13.25:426][  0]LogInit: Base directory: C:/Program Files/Epic Games/4.9/Engine/Binaries/Win64/
[2015.11.27-12.13.25:426][  0]LogInit: Rocket: 1
[2015.11.27-12.13.25:433][  0]LogInit: Using libcurl 7.41.0
[2015.11.27-12.13.25:433][  0]LogInit:  - built for x86_64-pc-win32
[2015.11.27-12.13.25:433][  0]LogInit:  - supports SSL with WinSSL
[2015.11.27-12.13.25:433][  0]LogInit:  - other features:
[2015.11.27-12.13.25:433][  0]LogInit:      CURL_VERSION_SSL
[2015.11.27-12.13.25:433][  0]LogInit:      CURL_VERSION_IPV6
[2015.11.27-12.13.25:433][  0]LogInit:      CURL_VERSION_ASYNCHDNS
[2015.11.27-12.13.25:433][  0]LogInit:      CURL_VERSION_LARGEFILE
[2015.11.27-12.13.25:433][  0]LogInit:      CURL_VERSION_IDN
[2015.11.27-12.13.25:433][  0]LogInit:  CurlRequestOptions (configurable via config and command line):
[2015.11.27-12.13.25:433][  0]LogInit:  - bVerifyPeer = true  - Libcurl will verify peer certificate
[2015.11.27-12.13.25:433][  0]LogInit:  - bUseHttpProxy = false  - Libcurl will NOT use HTTP proxy
[2015.11.27-12.13.25:433][  0]LogInit:  - bDontReuseConnections = false  - Libcurl will reuse connections
[2015.11.27-12.13.25:433][  0]LogInit:  - CertBundlePath = nullptr  - Libcurl will use whatever was configured at build time.
[2015.11.27-12.13.25:439][  0]LogInit: Presizing for 0 objects not considered by GC, pre-allocating 0 bytes.
[2015.11.27-12.13.25:444][  0]LogInit: Object subsystem initialized
[2015.11.27-12.13.25:446][  0]LogInit: Selected Device Profile: [Windows]
[2015.11.27-12.13.25:446][  0]LogInit: Applying CVar settings loaded from the selected device profile: [Windows]
[2015.11.27-12.13.25:453][  0]LogInit: Computer: SpellabbA332-09
[2015.11.27-12.13.25:453][  0]LogInit: User: Spellabbet
[2015.11.27-12.13.25:453][  0]LogInit: CPU Page size=4096, Cores=4
[2015.11.27-12.13.25:453][  0]LogInit: High frequency timer resolution =3.507519 MHz
[2015.11.27-12.13.25:453][  0]LogMemory: Memory total: Physical=15.9GB (16GB approx)
[2015.11.27-12.13.25:453][  0]LogMemory: Platform Memory Stats for Windows
[2015.11.27-12.13.25:453][  0]LogMemory: Process Physical Memory: 52.10 MB used, 52.10 MB peak
[2015.11.27-12.13.25:453][  0]LogMemory: Process Virtual Memory: 57.01 MB used, 57.01 MB peak
[2015.11.27-12.13.25:453][  0]LogMemory: Physical Memory: 3545.00 MB used, 16318.82 MB total
[2015.11.27-12.13.25:453][  0]LogMemory: Virtual Memory: 349.31 MB used, 134217728.00 MB total
[2015.11.27-12.13.25:480][  0]LogTextLocalizationManager: No translations for ('sv-SE') exist, falling back to 'en' for localization and internationalization data.
[2015.11.27-12.13.26:101][  0]LogD3D11RHI: Found D3D11 adapter 0: NVIDIA GeForce GTX 960 (Feature Level 11_0)
[2015.11.27-12.13.26:101][  0]LogD3D11RHI: Adapter has 1965MB of dedicated video memory, 0MB of dedicated system memory, and 2048MB of shared system memory, 1 output[s]
[2015.11.27-12.13.26:101][  0]LogD3D11RHI: Found D3D11 adapter 1: Microsoft Basic Render Driver (Feature Level 11_0)
[2015.11.27-12.13.26:102][  0]LogD3D11RHI: Adapter has 0MB of dedicated video memory, 0MB of dedicated system memory, and 256MB of shared system memory, 0 output[s]
[2015.11.27-12.13.26:102][  0]LogD3D11RHI: Chosen D3D11 Adapter Id = 0
[2015.11.27-12.13.26:104][  0]LogD3D11RHI: !Direct3DDevice
[2015.11.27-12.13.26:104][  0]LogRHI: Texture pool is 1361 MB (70% of 1945 MB)
[2015.11.27-12.13.26:113][  0]LogD3D11RHI: Async texture creation enabled
[2015.11.27-12.13.26:128][  0]LogShaderCompilers: Guid format shader working directory is 15 characters bigger than the processId version (../../../../../../Users/Spellabbet/Documents/Unreal Projects/SpaceGame/Project/SpaceGame/Intermediate/Shaders/WorkingDirectory/3460/).
[2015.11.27-12.13.26:129][  0]LogShaderCompilers: Cleaned the shader compiler working directory '../../../../../../Users/Spellabbet/Documents/Unreal Projects/SpaceGame/Project/SpaceGame/Intermediate/Shaders/tmp/8A0059F447A0693362660385FE1ED843/'.
[2015.11.27-12.13.26:129][  0]LogShaderCompilers:Display: Using Local Shader Compiler.
[2015.11.27-12.13.27:042][  0]LogTemp:Display: Loaded TP AllDesktopTargetPlatform
[2015.11.27-12.13.27:046][  0]LogTemp:Display: Loaded TP WindowsClientTargetPlatform
[2015.11.27-12.13.27:050][  0]LogTemp:Display: Loaded TP WindowsNoEditorTargetPlatform
[2015.11.27-12.13.27:054][  0]LogTemp:Display: Loaded TP WindowsServerTargetPlatform
[2015.11.27-12.13.27:058][  0]LogTemp:Display: Loaded TP WindowsTargetPlatform
[2015.11.27-12.13.27:060][  0]LogTemp:Display: Loaded TP AndroidTargetPlatform
[2015.11.27-12.13.27:063][  0]LogTemp:Display: Loaded TP Android_ASTCTargetPlatform
[2015.11.27-12.13.27:065][  0]LogTemp:Display: Loaded TP Android_ATCTargetPlatform
[2015.11.27-12.13.27:068][  0]LogTemp:Display: Loaded TP Android_DXTTargetPlatform
[2015.11.27-12.13.27:071][  0]LogTemp:Display: Loaded TP Android_ETC1TargetPlatform
[2015.11.27-12.13.27:073][  0]LogTemp:Display: Loaded TP Android_ETC2TargetPlatform
[2015.11.27-12.13.27:076][  0]LogTemp:Display: Loaded TP Android_PVRTCTargetPlatform
[2015.11.27-12.13.27:077][  0]LogTemp:Display: Loaded TP HTML5TargetPlatform
[2015.11.27-12.13.27:092][  0]LogTemp:Display: Loaded TP IOSTargetPlatform
[2015.11.27-12.13.27:094][  0]LogTemp:Display: Loaded TP LinuxNoEditorTargetPlatform
[2015.11.27-12.13.27:097][  0]LogTemp:Display: Loaded TP LinuxServerTargetPlatform
[2015.11.27-12.13.27:100][  0]LogTemp:Display: Loaded TP LinuxTargetPlatform
[2015.11.27-12.13.27:100][  0]LogTargetPlatformManager:Display: Building Assets For Windows
[2015.11.27-12.13.27:200][  0]LogDerivedDataCache:Display: Max Cache Size: 512 MB
[2015.11.27-12.13.27:239][  0]LogDerivedDataCache: Loaded boot cache 0.04s 41MB C:/Users/Spellabbet/AppData/Local/UnrealEngine/4.9/DerivedDataCache/Boot.ddc.
[2015.11.27-12.13.27:239][  0]LogDerivedDataCache:Display: Loaded Boot cache: C:/Users/Spellabbet/AppData/Local/UnrealEngine/4.9/DerivedDataCache/Boot.ddc
[2015.11.27-12.13.27:239][  0]LogDerivedDataCache: FDerivedDataBackendGraph:  Pak pak cache file ../../../../../../Users/Spellabbet/Documents/Unreal Projects/SpaceGame/Project/SpaceGame/DerivedDataCache/DDC.ddp not found, will not use a pak cache.
[2015.11.27-12.13.27:239][  0]LogDerivedDataCache: Unable to find inner node Pak for hierarchical cache Hierarchy.
[2015.11.27-12.13.27:239][  0]LogDerivedDataCache: FDerivedDataBackendGraph:  CompressedPak pak cache file ../../../../../../Users/Spellabbet/Documents/Unreal Projects/SpaceGame/Project/SpaceGame/DerivedDataCache/Compressed.ddp not found, will not use a pak cache.
[2015.11.27-12.13.27:239][  0]LogDerivedDataCache: Unable to find inner node CompressedPak for hierarchical cache Hierarchy.
[2015.11.27-12.13.27:351][  0]LogDerivedDataCache:Display: Pak cache opened for reading ../../../Engine/DerivedDataCache/Compressed.ddp.
[2015.11.27-12.13.27:363][  0]LogDerivedDataCache: Using Local data cache path C:/Users/Spellabbet/AppData/Local/UnrealEngine/Common/DerivedDataCache: Writable
[2015.11.27-12.13.27:507][  0]LogInit: Selected Device Profile: [Windows]
[2015.11.27-12.13.27:509][  0]LogContentStreaming: Texture pool size is 0.000000MB
[2015.11.27-12.13.27:616][  0]LogMeshUtilities: No automatic mesh reduction module available
[2015.11.27-12.13.27:616][  0]LogMeshUtilities: No automatic mesh merging module available
[2015.11.27-12.13.27:805][  0]LogInit: WinSock: version 1.1 (2.2), MaxSocks=32767, MaxUdp=65467
[2015.11.27-12.13.28:396][  0]UdpMessaging: Initializing bridge on interface 0.0.0.0:0 to multicast group 230.0.0.1:6666.
[2015.11.27-12.13.28:530][  0]LogAssetRegistry: FAssetRegistry took 0.0107 seconds to start up
[2015.11.27-12.13.28:733][  0]SourceControl: Info Source control is disabled
[2015.11.27-12.13.28:739][  0]SourceControl: Info Source control is disabled
[2015.11.27-12.13.28:770][  0]SourceControl: Info Source control is disabled
[2015.11.27-12.13.28:789][  0]SourceControl: Info Source control is disabled
[2015.11.27-12.13.29:034][  0]LogLinker:Warning: Asset '../../../Engine/Plugins/Runtime/LeapMotionController/Content/LM_PassthroughMaterial.uasset' has been saved with empty engine version. The asset will be loaded but may be incompatible.
[2015.11.27-12.13.29:167][  0]LogObj: 28437 objects as part of root set at end of initial load.
[2015.11.27-12.13.29:167][  0]LogUObjectAllocator: 6068416 out of 0 bytes used by permanent object pool.
[2015.11.27-12.13.29:217][  0]LogEngine: Initializing Engine...
[2015.11.27-12.13.29:219][  0]LogHMD: Can't find Oculus library dev build: is proper Runtime installed? Version: 0.7.0.0
[2015.11.27-12.13.29:219][  0]LogHMD: SteamVR failed to initialize.  Err: 110
[2015.11.27-12.13.29:325][  0]LogAIModule: Creating AISystem for world NewWorld
[2015.11.27-12.13.29:330][  0]LogInit: XAudio2 using 'Speakers (4- High Definition Audio Device)' : 2 channels at 44.1 kHz using 16 bits per sample (channel mask 0x3)
[2015.11.27-12.13.29:340][  0]LogInit: FAudioDevice initialized.
[2015.11.27-12.13.29:357][  0]LogDerivedDataCache: Saved boot cache 0.02s 41MB C:/Users/Spellabbet/AppData/Local/UnrealEngine/4.9/DerivedDataCache/Boot.ddc.
[2015.11.27-12.13.29:360][  0]LogInit: Texture streaming: Enabled
[2015.11.27-12.13.29:364][  0]LogAnalytics: Creating configured Analytics provider AnalyticsET
[2015.11.27-12.13.29:364][  0]LogAnalytics: [UEEditor.Rocket.Release] APIServer = http://et2.epicgames.com/ET2/. AppVersion = 4.9.2-2707645+++depot+UE4-Releases+4.9
[2015.11.27-12.13.29:364][  0]LogAnalytics: [UEEditor.Rocket.Release] SetUserId 634ab0cb456977c100e99f821f1d4277|7ebf86fc13e44331864479a64887c1c8|060e5e79-a789-49c4-8abd-5d8b330400a7
[2015.11.27-12.13.29:364][  0]LogAnalytics: [UEEditor.Rocket.Release] AnalyticsET::StartSession
[2015.11.27-12.13.29:380][  0]LogInit: Transaction tracking system initialized
[2015.11.27-12.13.29:400][  0]BlueprintLog: New page: Editor Load
[2015.11.27-12.13.29:456][  0]LocalizationService: Info Localization service is disabled
[2015.11.27-12.13.29:537][  0]LogConsoleResponse:Display: 
[2015.11.27-12.13.29:636][  0]LogCook:Display: Done creating registry. It took  0.00s.
[2015.11.27-12.13.29:710][  0]LogFileCache: Scanning file cache for directory 'C:/Users/Spellabbet/Documents/Unreal Projects/SpaceGame/Project/SpaceGame/Content/' took 0.01s
[2015.11.27-12.13.29:710][  0]SourceControl: Info Source control is disabled
[2015.11.27-12.13.29:710][  0]Cmd: MAP LOAD FILE="../../../Engine/Content/Maps/Templates/Template_Default.umap" TEMPLATE=1 SHOWPROGRESS=1 FEATURELEVEL=3
[2015.11.27-12.13.29:711][  0]LightingResults: New page: Lighting Build
[2015.11.27-12.13.29:713][  0]MapCheck: New page: Map Check
[2015.11.27-12.13.29:713][  0]LightingResults: New page: Lighting Build
[2015.11.27-12.13.29:724][  0]LogParticles: Destroying 0 GPU particle simulations for FXSystem 0x00000077A409A160
[2015.11.27-12.13.29:924][  0]LogAIModule: Creating AISystem for world Untitled_1
[2015.11.27-12.13.29:928][  0]LogEditorServer: Finished looking for orphan Actors (0.000 secs)
[2015.11.27-12.13.29:932][  0]Cmd: MAP CHECKDEP NOCLEARLOG
[2015.11.27-12.13.29:972][  0]MapCheck: Info Map check complete: 0 Error(s), 0 Warning(s), took 40.208ms to complete.
[2015.11.27-12.13.29:972][  0]LogFileHelpers: Loading map 'Template_Default' took 0.263
[2015.11.27-12.13.30:059][  0]LogCollectionManager: Loaded 0 collections in 0.001502 seconds
[2015.11.27-12.13.30:103][  0]LogFileCache: Scanning file cache for directory 'C:/Users/Spellabbet/Documents/Unreal Projects/SpaceGame/Project/SpaceGame/Saved/Collections/' took 0.01s
[2015.11.27-12.13.30:103][  0]LogFileCache: Scanning file cache for directory 'C:/Users/Spellabbet/Documents/Unreal Projects/SpaceGame/Project/SpaceGame/Content/Developers/Spellabbet/Collections/' took 0.01s
[2015.11.27-12.13.30:103][  0]LogFileCache: Scanning file cache for directory 'C:/Users/Spellabbet/Documents/Unreal Projects/SpaceGame/Project/SpaceGame/Content/Collections/' took 0.01s
[2015.11.27-12.13.30:103][  0]LogContentBrowser: Native class hierarchy populated in 0.0106 seconds. Added 1875 classes and 335 folders.
[2015.11.27-12.13.30:108][  0]LogCollectionManager: Rebuilt the GUID cache for 0 collections in 0.000002 seconds
[2015.11.27-12.13.30:117][  0]LogContentBrowser: Native class hierarchy updated for 'WidgetCarousel' in 0.0014 seconds. Added 0 classes and 0 folders.
[2015.11.27-12.13.30:150][  0]LogContentBrowser: Native class hierarchy updated for 'AddContentDialog' in 0.0009 seconds. Added 0 classes and 0 folders.
[2015.11.27-12.13.30:157][  0]LogContentBrowser: Native class hierarchy updated for 'SceneOutliner' in 0.0009 seconds. Added 1 classes and 2 folders.
[2015.11.27-12.13.30:204][  0]LogCrashTracker: Crashtracker disabled due to settings.
[2015.11.27-12.13.30:207][  0]LogUObjectGlobals:Warning: Failed to find object 'Class None.'
[2015.11.27-12.13.30:230][  0]LogLoad: Full Startup: 5.93 seconds (BP compile: 0.03 seconds)
[2015.11.27-12.13.30:288][  0]LogContentStreaming: Texture pool size now 1000 MB
[2015.11.27-12.13.30:401][  0]LogRenderer: Reallocating scene render targets to support 1076x556 (Frame:2).
[2015.11.27-12.13.31:252][  3]LogAssetRegistry: Asset discovery search completed in 2.7329 seconds
[2015.11.27-12.13.31:252][  3]LogCollectionManager: Rebuilt the object cache for 0 collections in 0.000001 seconds (found 0 objects)
[2015.11.27-12.13.31:252][  3]LogCollectionManager: Fixed up redirectors for 0 collections in 0.000036 seconds (updated 0 objects)
[2015.11.27-12.13.31:974][ 11]Recompiling SpaceGame...
[2015.11.27-12.13.31:974][ 11]Launching UnrealBuildTool... [C:/Program Files/Epic Games/4.9/Engine/Binaries/DotNET/UnrealBuildTool.exe SpaceGame -ModuleWithSuffix SpaceGame 2925 Win64 Development -editorrecompile -canskiplink "C:/Users/Spellabbet/Documents/Unreal Projects/SpaceGame/Project/SpaceGame/SpaceGame.uproject" -rocket  -rocket]
[2015.11.27-12.13.31:975][ 11]Warning: Starting HotReload took  0.0s.
[2015.11.27-12.13.38:999][828]LogAIModule: Creating AISystem for world Untitled
[2015.11.27-12.13.39:028][828]Cmd: MAP LOAD FILE="../../../../../../Users/Spellabbet/Documents/Unreal Projects/SpaceGame/Project/SpaceGame/Content/Maps/Untitled.umap" TEMPLATE=0 SHOWPROGRESS=1 FEATURELEVEL=3
[2015.11.27-12.13.39:028][828]LightingResults: New page: Lighting Build
[2015.11.27-12.13.39:047][828]LoadErrors: New page: Loading map: Untitled.umap
[2015.11.27-12.13.39:047][828]MapCheck: New page: Map Check
[2015.11.27-12.13.39:047][828]LightingResults: New page: Lighting Build
[2015.11.27-12.13.39:056][828]LogParticles: Destroying 0 GPU particle simulations for FXSystem 0x0000007795A32660
[2015.11.27-12.13.39:087][828]LogEditorServer: Finished looking for orphan Actors (0.000 secs)
[2015.11.27-12.13.39:122][828]Cmd: MAP CHECKDEP NOCLEARLOG
[2015.11.27-12.13.39:155][828]MapCheck: Info Map check complete: 0 Error(s), 0 Warning(s), took 32.677ms to complete.
[2015.11.27-12.13.39:155][828]LogFileHelpers: Loading map 'Untitled' took 0.129
[2015.11.27-12.13.43:080][292]CompilerResultsLog: New page: Compilation - Nov 27, 2015, 2:13:43 PM
[2015.11.27-12.13.43:080][292]CompilerResultsLog: Info Compiling game modules for hot reload
[2015.11.27-12.13.43:080][292]CompilerResultsLog: Info Parsing headers for SpaceGameEditor
[2015.11.27-12.13.43:080][292]CompilerResultsLog: Info   Running UnrealHeaderTool "C:/Users/Spellabbet/Documents/Unreal Projects/SpaceGame/Project/SpaceGame/SpaceGame.uproject" "C:\Users\Spellabbet\Documents\Unreal Projects\SpaceGame\Project\SpaceGame\Intermediate\Build\Win64\SpaceGameEditor\Development\UnrealHeaderTool.manifest" -LogCmds="loginit warning, logexit warning, logdatabase error" -rocket -installed
[2015.11.27-12.13.43:080][292]CompilerResultsLog: Info Reflection code generated for SpaceGameEditor in 7,3249139 seconds
[2015.11.27-12.13.43:080][292]CompilerResultsLog: Info Performing 7 actions (4 in parallel)
[2015.11.27-12.13.43:080][292]CompilerResultsLog: Info Combat.cpp
[2015.11.27-12.13.43:080][292]CompilerResultsLog: Info Fleet.cpp
[2015.11.27-12.13.43:080][292]CompilerResultsLog: Info Link.cpp
[2015.11.27-12.13.43:080][292]CompilerResultsLog: Info MousePawn.cpp
[2015.11.27-12.13.43:080][292]CompilerResultsLog: Info Star.cpp
[2015.11.27-12.13.43:080][292]CompilerResultsLog: Info SpaceGame.generated.cpp
[2015.11.27-12.13.43:080][292]CompilerResultsLog: Info [7/7] Link UE4Editor-SpaceGame-2925.dll
[2015.11.27-12.13.43:080][292]CompilerResultsLog: Info    Creating library C:\Users\Spellabbet\Documents\Unreal Projects\SpaceGame\Project\SpaceGame\Intermediate/Build/Win64\UE4Editor\Development\UE4Editor-SpaceGame-2925.lib and object C:\Users\Spellabbet\Documents\Unreal Projects\SpaceGame\Project\SpaceGame\Intermediate/Build/Win64\UE4Editor\Development\UE4Editor-SpaceGame-2925.exp
[2015.11.27-12.13.43:080][292]CompilerResultsLog: Info -------- End Detailed Actions Stats -----------------------------------------------------------
[2015.11.27-12.13.43:080][292]CompilerResultsLog: Info Total build time: 11,07 seconds
[2015.11.27-12.13.43:080][292]LogMainFrame: MainFrame: Module compiling took 11.109 seconds
[2015.11.27-12.13.43:114][292]LogClass: Could not find existing class Fleet in package /Script/SpaceGame for HotReload, assuming new class
[2015.11.27-12.13.43:114][292]LogClass: Function OnBeginOverlap is new.
[2015.11.27-12.13.43:114][292]LogClass: Function OnEndOverlap is new.
[2015.11.27-12.13.43:120][292]LogClass: FleetState HotReload.
[2015.11.27-12.13.43:120][292]LogClass: OwnedBy HotReload.
[2015.11.27-12.13.43:122][292]LogHotReload: Re-instancing Fleet after hot-reload.
[2015.11.27-12.13.43:140][292]LogContentBrowser: Native class hierarchy updated for 'SpaceGame' in 0.0009 seconds. Added 8 classes and 2 folders.
[2015.11.27-12.13.43:142][292]Warning: HotReload successful (5 functions remapped  0 scriptstructs remapped)
[2015.11.27-12.13.43:196][292]LogContentBrowser: Native class hierarchy populated in 0.0068 seconds. Added 1876 classes and 337 folders.
[2015.11.27-12.13.44:429][438]LogBlueprintUserMessages: Early PlayInEditor Detection: Level '/Game/Maps/Untitled.Untitled:PersistentLevel' has LevelScriptBlueprint '/Game/Maps/Untitled.Untitled:PersistentLevel.Untitled' with GeneratedClass '/Game/Maps/Untitled.Untitled_C' with ClassGeneratedBy '/Game/Maps/Untitled.Untitled:PersistentLevel.Untitled'
[2015.11.27-12.13.44:429][438]LogPlayLevel: PlayLevel: No blueprints needed recompiling
[2015.11.27-12.13.44:429][438]PIE: New page: PIE session: Untitled (Nov 27, 2015, 2:13:44 PM)
[2015.11.27-12.13.44:429][438]LogPlayLevel: Creating play world package: /Game/Maps/UEDPIE_0_Untitled
[2015.11.27-12.13.44:433][438]LogPlayLevel: PIE: StaticDuplicateObject took: (0.003835s)
[2015.11.27-12.13.44:434][438]LogAIModule: Creating AISystem for world Untitled
[2015.11.27-12.13.44:434][438]LogPlayLevel: PIE: World Init took: (0.001193s)
[2015.11.27-12.13.44:435][438]LogPlayLevel: PIE: Created PIE world by copying editor world from /Game/Maps/Untitled.Untitled to /Game/Maps/UEDPIE_0_Untitled.Untitled (0.005322s)
[2015.11.27-12.13.44:449][438]LogInit: XAudio2 using 'Speakers (4- High Definition Audio Device)' : 2 channels at 44.1 kHz using 16 bits per sample (channel mask 0x3)
[2015.11.27-12.13.44:455][438]LogInit: FAudioDevice initialized.
[2015.11.27-12.13.44:532][438]LogWorld: Game class is 'GameModeBP_C'
[2015.11.27-12.13.44:535][438]LogWorld: Bringing World /Game/Maps/UEDPIE_0_Untitled.Untitled up for play (max tick rate 0) at 2015.11.27-13.13.44
[2015.11.27-12.13.44:535][438]LogActor:Warning: GameSession /Game/Maps/UEDPIE_0_Untitled.Untitled:PersistentLevel.GameSession_0 has natively added scene component(s), but none of them were set as the actor's RootComponent - picking one arbitrarily
[2015.11.27-12.13.44:535][438]LogActor:Warning: GameNetworkManager /Game/Maps/UEDPIE_0_Untitled.Untitled:PersistentLevel.GameNetworkManager_0 has natively added scene component(s), but none of them were set as the actor's RootComponent - picking one arbitrarily
[2015.11.27-12.13.44:535][438]LogWorld: Bringing up level for play took: 0.001960
[2015.11.27-12.13.44:537][438]PIE: Info Play in editor start time for /Game/Maps/UEDPIE_0_Untitled 0.567
[2015.11.27-12.13.44:537][438]LogBlueprintUserMessages: Late PlayInEditor Detection: Level '/Game/Maps/Untitled.Untitled:PersistentLevel' has LevelScriptBlueprint '/Game/Maps/Untitled.Untitled:PersistentLevel.Untitled' with GeneratedClass '/Game/Maps/Untitled.Untitled_C' with ClassGeneratedBy '/Game/Maps/Untitled.Untitled:PersistentLevel.Untitled'
[2015.11.27-12.13.46:016][574]LogCrashTracker: 


[2015.11.27-12.13.46:016][574]LogCrashTracker: 


[2015.11.27-12.13.46:016][574]LogWindows: === Critical error: ===
Fatal error!



[2015.11.27-12.13.46:127][574]LogExit: Executing StaticShutdownAfterError
[2015.11.27-12.13.46:129][574]LogOutputDevice:Warning: 

Script Stack:
MouseControllerBP_C.ExecuteUbergraph_MouseControllerBP
MouseControllerBP_C.InpActEvt_RightMouseButton_K2Node_InputKeyEvent_3

[2015.11.27-12.13.46:131][574]LogPhysics:Warning: PHYSX: ..\..\PhysX\src\NpScene.cpp (2946) 8 : PxScene::unlockWrite() called without matching call to PxScene::lockWrite(), behaviour will be undefined.
[2015.11.27-12.13.46:131][574]LogPhysics:Warning: PHYSX: ..\..\PhysX\src\NpScene.cpp (2946) 8 : PxScene::unlockWrite() called without matching call to PxScene::lockWrite(), behaviour will be undefined.
[2015.11.27-12.13.46:131][574]LogPhysics:Warning: PHYSX: ..\..\PhysX\src\NpScene.cpp (2946) 8 : PxScene::unlockWrite() called without matching call to PxScene::lockWrite(), behaviour will be undefined.
[2015.11.27-12.13.46:131][574]LogPhysics:Warning: PHYSX: ..\..\PhysX\src\NpScene.cpp (2946) 8 : PxScene::unlockWrite() called without matching call to PxScene::lockWrite(), behaviour will be undefined.
[2015.11.27-12.13.46:132][574]LogWindows: FPlatformMisc::RequestExit(1)
[2015.11.27-12.13.46:132][574]Log file closed, 11/27/15 13:13:46
