[2015.11.13-15.03.04:874][  0]Log file open, 11/13/15 16:03:04
[2015.11.13-15.03.04:874][  0]LogInit:Display: Running engine for game: SpaceGame
[2015.11.13-15.03.04:874][  0]LogInit:Display: RandInit(-1046423056) SRandInit(-1046423056).
[2015.11.13-15.03.04:874][  0]LogTaskGraph: Started task graph with 4 named threads and 7 total threads.
[2015.11.13-15.03.04:874][  0]LogStats: Stats thread started at 0.070707
[2015.11.13-15.03.04:874][  0]LogInit: Version: 4.9.2-2707645+++depot+UE4-Releases+4.9
[2015.11.13-15.03.04:874][  0]LogInit: API Version: 2672455
[2015.11.13-15.03.04:874][  0]LogInit: Compiled (64-bit): Sep 28 2015 10:25:44
[2015.11.13-15.03.04:874][  0]LogInit: Compiled with Visual C++: 18.00.21005.01
[2015.11.13-15.03.04:874][  0]LogInit: Build Configuration: Development
[2015.11.13-15.03.04:874][  0]LogInit: Branch Name: ++depot+UE4-Releases+4.9
[2015.11.13-15.03.04:874][  0]LogInit: Command line:  
[2015.11.13-15.03.04:874][  0]LogInit: Base directory: C:/Program Files/Epic Games/4.9/Engine/Binaries/Win64/
[2015.11.13-15.03.04:874][  0]LogInit: Rocket: 1
[2015.11.13-15.03.04:880][  0]LogInit: Using libcurl 7.41.0
[2015.11.13-15.03.04:880][  0]LogInit:  - built for x86_64-pc-win32
[2015.11.13-15.03.04:880][  0]LogInit:  - supports SSL with WinSSL
[2015.11.13-15.03.04:880][  0]LogInit:  - other features:
[2015.11.13-15.03.04:880][  0]LogInit:      CURL_VERSION_SSL
[2015.11.13-15.03.04:880][  0]LogInit:      CURL_VERSION_IPV6
[2015.11.13-15.03.04:880][  0]LogInit:      CURL_VERSION_ASYNCHDNS
[2015.11.13-15.03.04:880][  0]LogInit:      CURL_VERSION_LARGEFILE
[2015.11.13-15.03.04:880][  0]LogInit:      CURL_VERSION_IDN
[2015.11.13-15.03.04:880][  0]LogInit:  CurlRequestOptions (configurable via config and command line):
[2015.11.13-15.03.04:880][  0]LogInit:  - bVerifyPeer = true  - Libcurl will verify peer certificate
[2015.11.13-15.03.04:880][  0]LogInit:  - bUseHttpProxy = false  - Libcurl will NOT use HTTP proxy
[2015.11.13-15.03.04:880][  0]LogInit:  - bDontReuseConnections = false  - Libcurl will reuse connections
[2015.11.13-15.03.04:880][  0]LogInit:  - CertBundlePath = nullptr  - Libcurl will use whatever was configured at build time.
[2015.11.13-15.03.04:885][  0]LogInit: Presizing for 0 objects not considered by GC, pre-allocating 0 bytes.
[2015.11.13-15.03.04:891][  0]LogInit: Object subsystem initialized
[2015.11.13-15.03.04:892][  0]LogInit: Selected Device Profile: [Windows]
[2015.11.13-15.03.04:892][  0]LogInit: Applying CVar settings loaded from the selected device profile: [Windows]
[2015.11.13-15.03.04:899][  0]LogInit: Computer: SpellabbA333-07
[2015.11.13-15.03.04:899][  0]LogInit: User: Spellabbet
[2015.11.13-15.03.04:899][  0]LogInit: CPU Page size=4096, Cores=4
[2015.11.13-15.03.04:899][  0]LogInit: High frequency timer resolution =3.507521 MHz
[2015.11.13-15.03.04:899][  0]LogMemory: Memory total: Physical=15.9GB (16GB approx)
[2015.11.13-15.03.04:899][  0]LogMemory: Platform Memory Stats for Windows
[2015.11.13-15.03.04:899][  0]LogMemory: Process Physical Memory: 52.02 MB used, 52.02 MB peak
[2015.11.13-15.03.04:899][  0]LogMemory: Process Virtual Memory: 55.02 MB used, 55.02 MB peak
[2015.11.13-15.03.04:899][  0]LogMemory: Physical Memory: 3870.89 MB used, 16318.82 MB total
[2015.11.13-15.03.04:899][  0]LogMemory: Virtual Memory: 347.38 MB used, 134217728.00 MB total
[2015.11.13-15.03.04:925][  0]LogTextLocalizationManager: No translations for ('sv-SE') exist, falling back to 'en' for localization and internationalization data.
[2015.11.13-15.03.05:548][  0]LogD3D11RHI: Found D3D11 adapter 0: NVIDIA GeForce GTX 960 (Feature Level 11_0)
[2015.11.13-15.03.05:548][  0]LogD3D11RHI: Adapter has 1965MB of dedicated video memory, 0MB of dedicated system memory, and 2048MB of shared system memory, 1 output[s]
[2015.11.13-15.03.05:549][  0]LogD3D11RHI: Found D3D11 adapter 1: Microsoft Basic Render Driver (Feature Level 11_0)
[2015.11.13-15.03.05:549][  0]LogD3D11RHI: Adapter has 0MB of dedicated video memory, 0MB of dedicated system memory, and 256MB of shared system memory, 0 output[s]
[2015.11.13-15.03.05:549][  0]LogD3D11RHI: Chosen D3D11 Adapter Id = 0
[2015.11.13-15.03.05:551][  0]LogD3D11RHI: !Direct3DDevice
[2015.11.13-15.03.05:551][  0]LogRHI: Texture pool is 1361 MB (70% of 1945 MB)
[2015.11.13-15.03.05:560][  0]LogD3D11RHI: Async texture creation enabled
[2015.11.13-15.03.05:575][  0]LogShaderCompilers: Guid format shader working directory is 15 characters bigger than the processId version (../../../../../../Users/Spellabbet/Documents/GitHub/SpaceGame/Project/SpaceGame/Intermediate/Shaders/WorkingDirectory/4664/).
[2015.11.13-15.03.05:575][  0]LogShaderCompilers: Cleaned the shader compiler working directory '../../../../../../Users/Spellabbet/Documents/GitHub/SpaceGame/Project/SpaceGame/Intermediate/Shaders/tmp/D47A409941E7132BEFA4E1813A4A5C84/'.
[2015.11.13-15.03.05:575][  0]LogShaderCompilers:Display: Using Local Shader Compiler.
[2015.11.13-15.03.06:472][  0]LogTemp:Display: Loaded TP AllDesktopTargetPlatform
[2015.11.13-15.03.06:476][  0]LogTemp:Display: Loaded TP WindowsClientTargetPlatform
[2015.11.13-15.03.06:480][  0]LogTemp:Display: Loaded TP WindowsNoEditorTargetPlatform
[2015.11.13-15.03.06:484][  0]LogTemp:Display: Loaded TP WindowsServerTargetPlatform
[2015.11.13-15.03.06:488][  0]LogTemp:Display: Loaded TP WindowsTargetPlatform
[2015.11.13-15.03.06:491][  0]LogTemp:Display: Loaded TP AndroidTargetPlatform
[2015.11.13-15.03.06:493][  0]LogTemp:Display: Loaded TP Android_ASTCTargetPlatform
[2015.11.13-15.03.06:495][  0]LogTemp:Display: Loaded TP Android_ATCTargetPlatform
[2015.11.13-15.03.06:498][  0]LogTemp:Display: Loaded TP Android_DXTTargetPlatform
[2015.11.13-15.03.06:500][  0]LogTemp:Display: Loaded TP Android_ETC1TargetPlatform
[2015.11.13-15.03.06:503][  0]LogTemp:Display: Loaded TP Android_ETC2TargetPlatform
[2015.11.13-15.03.06:506][  0]LogTemp:Display: Loaded TP Android_PVRTCTargetPlatform
[2015.11.13-15.03.06:506][  0]LogTemp:Display: Loaded TP HTML5TargetPlatform
[2015.11.13-15.03.06:525][  0]LogTemp:Display: Loaded TP IOSTargetPlatform
[2015.11.13-15.03.06:527][  0]LogTemp:Display: Loaded TP LinuxNoEditorTargetPlatform
[2015.11.13-15.03.06:529][  0]LogTemp:Display: Loaded TP LinuxServerTargetPlatform
[2015.11.13-15.03.06:532][  0]LogTemp:Display: Loaded TP LinuxTargetPlatform
[2015.11.13-15.03.06:532][  0]LogTargetPlatformManager:Display: Building Assets For Windows
[2015.11.13-15.03.06:602][  0]LogDerivedDataCache:Display: Max Cache Size: 512 MB
[2015.11.13-15.03.06:636][  0]LogDerivedDataCache: Loaded boot cache 0.03s 41MB C:/Users/Spellabbet/AppData/Local/UnrealEngine/4.9/DerivedDataCache/Boot.ddc.
[2015.11.13-15.03.06:636][  0]LogDerivedDataCache:Display: Loaded Boot cache: C:/Users/Spellabbet/AppData/Local/UnrealEngine/4.9/DerivedDataCache/Boot.ddc
[2015.11.13-15.03.06:636][  0]LogDerivedDataCache: FDerivedDataBackendGraph:  Pak pak cache file ../../../../../../Users/Spellabbet/Documents/GitHub/SpaceGame/Project/SpaceGame/DerivedDataCache/DDC.ddp not found, will not use a pak cache.
[2015.11.13-15.03.06:636][  0]LogDerivedDataCache: Unable to find inner node Pak for hierarchical cache Hierarchy.
[2015.11.13-15.03.06:636][  0]LogDerivedDataCache: FDerivedDataBackendGraph:  CompressedPak pak cache file ../../../../../../Users/Spellabbet/Documents/GitHub/SpaceGame/Project/SpaceGame/DerivedDataCache/Compressed.ddp not found, will not use a pak cache.
[2015.11.13-15.03.06:636][  0]LogDerivedDataCache: Unable to find inner node CompressedPak for hierarchical cache Hierarchy.
[2015.11.13-15.03.06:744][  0]LogDerivedDataCache:Display: Pak cache opened for reading ../../../Engine/DerivedDataCache/Compressed.ddp.
[2015.11.13-15.03.06:756][  0]LogDerivedDataCache: Using Local data cache path C:/Users/Spellabbet/AppData/Local/UnrealEngine/Common/DerivedDataCache: Writable
[2015.11.13-15.03.06:903][  0]LogInit: Selected Device Profile: [Windows]
[2015.11.13-15.03.06:905][  0]LogContentStreaming: Texture pool size is 0.000000MB
[2015.11.13-15.03.07:003][  0]LogMeshUtilities: No automatic mesh reduction module available
[2015.11.13-15.03.07:003][  0]LogMeshUtilities: No automatic mesh merging module available
[2015.11.13-15.03.07:186][  0]LogInit: WinSock: version 1.1 (2.2), MaxSocks=32767, MaxUdp=65467
[2015.11.13-15.03.07:725][  0]UdpMessaging: Initializing bridge on interface 0.0.0.0:0 to multicast group 230.0.0.1:6666.
[2015.11.13-15.03.07:830][  0]LogAssetRegistry: FAssetRegistry took 0.0113 seconds to start up
[2015.11.13-15.03.07:964][  0]SourceControl: Info Source control is disabled
[2015.11.13-15.03.07:970][  0]SourceControl: Info Source control is disabled
[2015.11.13-15.03.07:980][  0]SourceControl: Info Source control is disabled
[2015.11.13-15.03.07:990][  0]SourceControl: Info Source control is disabled
[2015.11.13-15.03.08:124][  0]LogLinker:Warning: Asset '../../../Engine/Plugins/Runtime/LeapMotionController/Content/LM_PassthroughMaterial.uasset' has been saved with empty engine version. The asset will be loaded but may be incompatible.
[2015.11.13-15.03.08:198][  0]LogObj: 28410 objects as part of root set at end of initial load.
[2015.11.13-15.03.08:198][  0]LogUObjectAllocator: 6059544 out of 0 bytes used by permanent object pool.
[2015.11.13-15.03.08:243][  0]LogEngine: Initializing Engine...
[2015.11.13-15.03.08:245][  0]LogHMD: Can't find Oculus library dev build: is proper Runtime installed? Version: 0.7.0.0
[2015.11.13-15.03.08:245][  0]LogHMD: SteamVR failed to initialize.  Err: 110
[2015.11.13-15.03.08:340][  0]LogAIModule: Creating AISystem for world NewWorld
[2015.11.13-15.03.08:345][  0]LogInit: XAudio2 using 'Speakers (4- High Definition Audio Device)' : 2 channels at 44.1 kHz using 16 bits per sample (channel mask 0x3)
[2015.11.13-15.03.08:355][  0]LogInit: FAudioDevice initialized.
[2015.11.13-15.03.08:372][  0]LogDerivedDataCache: Saved boot cache 0.02s 41MB C:/Users/Spellabbet/AppData/Local/UnrealEngine/4.9/DerivedDataCache/Boot.ddc.
[2015.11.13-15.03.08:376][  0]LogInit: Texture streaming: Enabled
[2015.11.13-15.03.08:380][  0]LogAnalytics: Creating configured Analytics provider AnalyticsET
[2015.11.13-15.03.08:380][  0]LogAnalytics: [UEEditor.Rocket.Release] APIServer = http://et2.epicgames.com/ET2/. AppVersion = 4.9.2-2707645+++depot+UE4-Releases+4.9
[2015.11.13-15.03.08:380][  0]LogAnalytics: [UEEditor.Rocket.Release] SetUserId a56f99ce4ac584e8e6d851994b9dafce|4486cc34acf54390b5f34fc38c8b6486|060e5e79-a789-49c4-8abd-5d8b330400a7
[2015.11.13-15.03.08:380][  0]LogAnalytics: [UEEditor.Rocket.Release] AnalyticsET::StartSession
[2015.11.13-15.03.08:397][  0]LogInit: Transaction tracking system initialized
[2015.11.13-15.03.08:418][  0]BlueprintLog: New page: Editor Load
[2015.11.13-15.03.08:474][  0]LocalizationService: Info Localization service is disabled
[2015.11.13-15.03.08:536][  0]LogConsoleResponse:Display: 
[2015.11.13-15.03.08:626][  0]LogCook:Display: Done creating registry. It took  0.00s.
[2015.11.13-15.03.08:672][  0]LogFileCache: Scanning file cache for directory 'C:/Users/Spellabbet/Documents/GitHub/SpaceGame/Project/SpaceGame/Content/' took 0.01s
[2015.11.13-15.03.08:672][  0]SourceControl: Info Source control is disabled
[2015.11.13-15.03.08:672][  0]Cmd: MAP LOAD FILE="../../../Engine/Content/Maps/Templates/Template_Default.umap" TEMPLATE=1 SHOWPROGRESS=1 FEATURELEVEL=3
[2015.11.13-15.03.08:672][  0]LightingResults: New page: Lighting Build
[2015.11.13-15.03.08:674][  0]MapCheck: New page: Map Check
[2015.11.13-15.03.08:675][  0]LightingResults: New page: Lighting Build
[2015.11.13-15.03.08:683][  0]LogParticles: Destroying 0 GPU particle simulations for FXSystem 0x00000069BC1DEAC0
[2015.11.13-15.03.08:880][  0]LogAIModule: Creating AISystem for world Untitled_1
[2015.11.13-15.03.08:883][  0]LogEditorServer: Finished looking for orphan Actors (0.000 secs)
[2015.11.13-15.03.08:887][  0]Cmd: MAP CHECKDEP NOCLEARLOG
[2015.11.13-15.03.08:916][  0]MapCheck: Info Map check complete: 0 Error(s), 0 Warning(s), took 28.995ms to complete.
[2015.11.13-15.03.08:916][  0]LogFileHelpers: Loading map 'Template_Default' took 0.244
[2015.11.13-15.03.09:005][  0]LogCollectionManager: Loaded 0 collections in 0.001672 seconds
[2015.11.13-15.03.09:046][  0]LogFileCache: Scanning file cache for directory 'C:/Users/Spellabbet/Documents/GitHub/SpaceGame/Project/SpaceGame/Saved/Collections/' took 0.01s
[2015.11.13-15.03.09:046][  0]LogFileCache: Scanning file cache for directory 'C:/Users/Spellabbet/Documents/GitHub/SpaceGame/Project/SpaceGame/Content/Developers/Spellabbet/Collections/' took 0.01s
[2015.11.13-15.03.09:046][  0]LogFileCache: Scanning file cache for directory 'C:/Users/Spellabbet/Documents/GitHub/SpaceGame/Project/SpaceGame/Content/Collections/' took 0.01s
[2015.11.13-15.03.09:046][  0]LogContentBrowser: Native class hierarchy populated in 0.0066 seconds. Added 1873 classes and 335 folders.
[2015.11.13-15.03.09:049][  0]LogCollectionManager: Rebuilt the GUID cache for 0 collections in 0.000002 seconds
[2015.11.13-15.03.09:055][  0]LogContentBrowser: Native class hierarchy updated for 'WidgetCarousel' in 0.0008 seconds. Added 0 classes and 0 folders.
[2015.11.13-15.03.09:085][  0]LogContentBrowser: Native class hierarchy updated for 'AddContentDialog' in 0.0008 seconds. Added 0 classes and 0 folders.
[2015.11.13-15.03.09:093][  0]LogContentBrowser: Native class hierarchy updated for 'SceneOutliner' in 0.0008 seconds. Added 1 classes and 2 folders.
[2015.11.13-15.03.09:113][  0]LogCrashTracker: Crashtracker disabled due to settings.
[2015.11.13-15.03.09:116][  0]LogUObjectGlobals:Warning: Failed to find object 'Class None.'
[2015.11.13-15.03.09:138][  0]LogLoad: Full Startup: 5.01 seconds (BP compile: 0.04 seconds)
[2015.11.13-15.03.09:197][  0]LogContentStreaming: Texture pool size now 1000 MB
[2015.11.13-15.03.09:314][  0]LogRenderer: Reallocating scene render targets to support 1208x576 (Frame:2).
[2015.11.13-15.03.09:403][  2]LogAssetRegistry: Asset discovery search completed in 1.5851 seconds
[2015.11.13-15.03.09:404][  2]LogCollectionManager: Rebuilt the object cache for 0 collections in 0.000001 seconds (found 0 objects)
[2015.11.13-15.03.09:404][  2]LogCollectionManager: Fixed up redirectors for 0 collections in 0.000027 seconds (updated 0 objects)
[2015.11.13-15.03.17:995][ 21]LogEditorViewport: Clicking on Actor (LMB): FleetBP_C (FleetBP)
[2015.11.13-15.03.19:075][146]LogLinker:Warning: Asset '../../../Engine/Content/ArtTools/RenderToTexture/Macros/RenderToTextureMacros.uasset' has been saved with empty engine version. The asset will be loaded but may be incompatible.
[2015.11.13-15.03.19:480][146]LogContentBrowser: Native class hierarchy updated for 'BlueprintGraph' in 0.0011 seconds. Added 107 classes and 0 folders.
[2015.11.13-15.03.36:905][907]BlueprintLog: New page: Compile FleetBP
[2015.11.13-15.03.36:938][907]LogUObjectGlobals:Warning: Guid is in use by SceneComponent /Temp/Untitled_1.Untitled_1:PersistentLevel.FleetBP_2.Root and SceneComponent /Temp/Untitled_1.Untitled_1:PersistentLevel.FleetBP_C_0.Root, which should never happen in the editor but could happen at runtime with duplicate level loading or PIE
[2015.11.13-15.03.36:938][907]LogUObjectGlobals:Warning: Guid is in use by StaticMeshComponent /Temp/Untitled_1.Untitled_1:PersistentLevel.FleetBP_2.Mesh and StaticMeshComponent /Temp/Untitled_1.Untitled_1:PersistentLevel.FleetBP_C_0.Mesh, which should never happen in the editor but could happen at runtime with duplicate level loading or PIE
[2015.11.13-15.03.36:938][907]LogUObjectGlobals:Warning: Guid is in use by BoxComponent /Temp/Untitled_1.Untitled_1:PersistentLevel.FleetBP_2.Box and BoxComponent /Temp/Untitled_1.Untitled_1:PersistentLevel.FleetBP_C_0.Box, which should never happen in the editor but could happen at runtime with duplicate level loading or PIE
[2015.11.13-15.03.37:048][907]LogParticles: Destroying 0 GPU particle simulations for FXSystem 0x00000069D9DA23E0
[2015.11.13-15.03.37:057][907]BlueprintEditorCompileResults: Info [0032.93] Compile of FleetBP successful! [in 150 ms]
[2015.11.13-15.03.43:286][639]LogVSAccessor:Warning: Couldn't goto line number '0' in 'C:/Users/Spellabbet/Documents/GitHub/SpaceGame/Project/SpaceGame/Source/SpaceGame/Fleet.h'
[2015.11.13-15.03.43:317][639]LogVSAccessor:Warning: Couldn't goto line number '0' in 'C:/Users/Spellabbet/Documents/GitHub/SpaceGame/Project/SpaceGame/Source/SpaceGame/Fleet.cpp'
[2015.11.13-15.04.14:792][482]LogEditorViewport: Clicking on Actor (LMB): BP_Sky_Sphere_C (Sky Sphere)
[2015.11.13-15.04.16:011][625]Recompiling SpaceGame...
[2015.11.13-15.04.16:011][625]Launching UnrealBuildTool... [C:/Program Files/Epic Games/4.9/Engine/Binaries/DotNET/UnrealBuildTool.exe SpaceGame -ModuleWithSuffix SpaceGame 759 Win64 Development -editorrecompile -canskiplink "C:/Users/Spellabbet/Documents/GitHub/SpaceGame/Project/SpaceGame/SpaceGame.uproject" -rocket  -rocket]
[2015.11.13-15.04.16:012][625]Warning: Starting HotReload took  0.0s.
[2015.11.13-15.04.16:820][702]CompilerResultsLog: New page: Compilation - Nov 13, 2015, 5:04:16 PM
[2015.11.13-15.04.16:820][702]CompilerResultsLog: Info Compiling game modules for hot reload
[2015.11.13-15.04.16:820][702]CompilerResultsLog: Info Target is up to date.
[2015.11.13-15.04.16:820][702]LogMainFrame: MainFrame: Module compiling took 0.810 seconds
[2015.11.13-15.04.17:750][811]LogPlayLevel: PlayLevel: No blueprints needed recompiling
[2015.11.13-15.04.17:750][811]PIE: New page: PIE session: Untitled_1 (Nov 13, 2015, 5:04:17 PM)
[2015.11.13-15.04.17:750][811]LogPlayLevel: Creating play world package: /Temp/UEDPIE_0_Untitled_1
[2015.11.13-15.04.17:752][811]LogPlayLevel: PIE: StaticDuplicateObject took: (0.001885s)
[2015.11.13-15.04.17:753][811]LogAIModule: Creating AISystem for world Untitled_1
[2015.11.13-15.04.17:754][811]LogPlayLevel: PIE: World Init took: (0.001093s)
[2015.11.13-15.04.17:754][811]LogPlayLevel: PIE: Created PIE world by copying editor world from /Temp/Untitled_1.Untitled_1 to /Temp/UEDPIE_0_Untitled_1.Untitled_1 (0.003242s)
[2015.11.13-15.04.17:783][811]LogInit: XAudio2 using 'Speakers (4- High Definition Audio Device)' : 2 channels at 44.1 kHz using 16 bits per sample (channel mask 0x3)
[2015.11.13-15.04.17:789][811]LogInit: FAudioDevice initialized.
[2015.11.13-15.04.17:834][811]LogWorld: Game class is 'GameMode'
[2015.11.13-15.04.17:836][811]LogWorld: Bringing World /Temp/UEDPIE_0_Untitled_1.Untitled_1 up for play (max tick rate 0) at 2015.11.13-16.04.17
[2015.11.13-15.04.17:837][811]LogActor:Warning: GameSession /Temp/UEDPIE_0_Untitled_1.Untitled_1:PersistentLevel.GameSession_0 has natively added scene component(s), but none of them were set as the actor's RootComponent - picking one arbitrarily
[2015.11.13-15.04.17:837][811]LogActor:Warning: GameNetworkManager /Temp/UEDPIE_0_Untitled_1.Untitled_1:PersistentLevel.GameNetworkManager_0 has natively added scene component(s), but none of them were set as the actor's RootComponent - picking one arbitrarily
[2015.11.13-15.04.17:837][811]LogWorld: Bringing up level for play took: 0.001759
[2015.11.13-15.04.17:979][811]LogCrashTracker: 


[2015.11.13-15.04.17:979][811]LogCrashTracker: 


[2015.11.13-15.04.17:979][811]LogWindows: === Critical error: ===
Fatal error!



[2015.11.13-15.04.18:076][811]LogExit: Executing StaticShutdownAfterError
[2015.11.13-15.04.18:080][811]LogPhysics:Warning: PHYSX: ..\..\PhysX\src\NpScene.cpp (2946) 8 : PxScene::unlockWrite() called without matching call to PxScene::lockWrite(), behaviour will be undefined.
[2015.11.13-15.04.18:080][811]LogPhysics:Warning: PHYSX: ..\..\PhysX\src\NpScene.cpp (2946) 8 : PxScene::unlockWrite() called without matching call to PxScene::lockWrite(), behaviour will be undefined.
[2015.11.13-15.04.18:081][811]LogPhysics:Warning: PHYSX: ..\..\PhysX\src\NpScene.cpp (2946) 8 : PxScene::unlockWrite() called without matching call to PxScene::lockWrite(), behaviour will be undefined.
[2015.11.13-15.04.18:081][811]LogPhysics:Warning: PHYSX: ..\..\PhysX\src\NpScene.cpp (2946) 8 : PxScene::unlockWrite() called without matching call to PxScene::lockWrite(), behaviour will be undefined.
[2015.11.13-15.04.18:081][811]LogPhysics:Warning: PHYSX: ..\..\PhysX\src\NpScene.cpp (2946) 8 : PxScene::unlockWrite() called without matching call to PxScene::lockWrite(), behaviour will be undefined.
[2015.11.13-15.04.18:081][811]LogPhysics:Warning: PHYSX: ..\..\PhysX\src\NpScene.cpp (2946) 8 : PxScene::unlockWrite() called without matching call to PxScene::lockWrite(), behaviour will be undefined.
[2015.11.13-15.04.18:081][811]LogWindows: FPlatformMisc::RequestExit(1)
[2015.11.13-15.04.18:081][811]Log file closed, 11/13/15 16:04:18
