[2015.11.27-12.03.15:642][  0]Log file open, 11/27/15 13:03:15
[2015.11.27-12.03.15:642][  0]LogInit:Display: Running engine without a game
[2015.11.27-12.03.15:642][  0]LogInit:Display: Loading recent project file: ../../../../../../Users/Spellabbet/Documents/Unreal Projects/SpaceGame/Project/SpaceGame/SpaceGame.uproject
[2015.11.27-12.03.15:642][  0]LogInit:Display: RandInit(-1225362068) SRandInit(-1225362067).
[2015.11.27-12.03.15:642][  0]LogTaskGraph: Started task graph with 4 named threads and 7 total threads.
[2015.11.27-12.03.15:642][  0]LogStats: Stats thread started at 0.069861
[2015.11.27-12.03.15:642][  0]LogInit: Version: 4.9.2-2707645+++depot+UE4-Releases+4.9
[2015.11.27-12.03.15:642][  0]LogInit: API Version: 2672455
[2015.11.27-12.03.15:643][  0]LogInit: Compiled (64-bit): Sep 28 2015 10:25:44
[2015.11.27-12.03.15:643][  0]LogInit: Compiled with Visual C++: 18.00.21005.01
[2015.11.27-12.03.15:643][  0]LogInit: Build Configuration: Development
[2015.11.27-12.03.15:643][  0]LogInit: Branch Name: ++depot+UE4-Releases+4.9
[2015.11.27-12.03.15:643][  0]LogInit: Command line: 
[2015.11.27-12.03.15:643][  0]LogInit: Base directory: C:/Program Files/Epic Games/4.9/Engine/Binaries/Win64/
[2015.11.27-12.03.15:643][  0]LogInit: Rocket: 1
[2015.11.27-12.03.15:652][  0]LogInit: Using libcurl 7.41.0
[2015.11.27-12.03.15:652][  0]LogInit:  - built for x86_64-pc-win32
[2015.11.27-12.03.15:652][  0]LogInit:  - supports SSL with WinSSL
[2015.11.27-12.03.15:652][  0]LogInit:  - other features:
[2015.11.27-12.03.15:652][  0]LogInit:      CURL_VERSION_SSL
[2015.11.27-12.03.15:652][  0]LogInit:      CURL_VERSION_IPV6
[2015.11.27-12.03.15:652][  0]LogInit:      CURL_VERSION_ASYNCHDNS
[2015.11.27-12.03.15:652][  0]LogInit:      CURL_VERSION_LARGEFILE
[2015.11.27-12.03.15:652][  0]LogInit:      CURL_VERSION_IDN
[2015.11.27-12.03.15:652][  0]LogInit:  CurlRequestOptions (configurable via config and command line):
[2015.11.27-12.03.15:652][  0]LogInit:  - bVerifyPeer = true  - Libcurl will verify peer certificate
[2015.11.27-12.03.15:652][  0]LogInit:  - bUseHttpProxy = false  - Libcurl will NOT use HTTP proxy
[2015.11.27-12.03.15:652][  0]LogInit:  - bDontReuseConnections = false  - Libcurl will reuse connections
[2015.11.27-12.03.15:652][  0]LogInit:  - CertBundlePath = nullptr  - Libcurl will use whatever was configured at build time.
[2015.11.27-12.03.15:658][  0]LogInit: Presizing for 0 objects not considered by GC, pre-allocating 0 bytes.
[2015.11.27-12.03.15:664][  0]LogInit: Object subsystem initialized
[2015.11.27-12.03.15:665][  0]LogInit: Selected Device Profile: [Windows]
[2015.11.27-12.03.15:665][  0]LogInit: Applying CVar settings loaded from the selected device profile: [Windows]
[2015.11.27-12.03.15:673][  0]LogInit: Computer: SpellabbA332-09
[2015.11.27-12.03.15:673][  0]LogInit: User: Spellabbet
[2015.11.27-12.03.15:673][  0]LogInit: CPU Page size=4096, Cores=4
[2015.11.27-12.03.15:673][  0]LogInit: High frequency timer resolution =3.507519 MHz
[2015.11.27-12.03.15:673][  0]LogMemory: Memory total: Physical=15.9GB (16GB approx)
[2015.11.27-12.03.15:673][  0]LogMemory: Platform Memory Stats for Windows
[2015.11.27-12.03.15:673][  0]LogMemory: Process Physical Memory: 52.08 MB used, 52.08 MB peak
[2015.11.27-12.03.15:673][  0]LogMemory: Process Virtual Memory: 55.07 MB used, 55.07 MB peak
[2015.11.27-12.03.15:673][  0]LogMemory: Physical Memory: 4159.11 MB used, 16318.82 MB total
[2015.11.27-12.03.15:673][  0]LogMemory: Virtual Memory: 347.38 MB used, 134217728.00 MB total
[2015.11.27-12.03.15:704][  0]LogTextLocalizationManager: No translations for ('sv-SE') exist, falling back to 'en' for localization and internationalization data.
[2015.11.27-12.03.16:343][  0]LogD3D11RHI: Found D3D11 adapter 0: NVIDIA GeForce GTX 960 (Feature Level 11_0)
[2015.11.27-12.03.16:343][  0]LogD3D11RHI: Adapter has 1965MB of dedicated video memory, 0MB of dedicated system memory, and 2048MB of shared system memory, 1 output[s]
[2015.11.27-12.03.16:344][  0]LogD3D11RHI: Found D3D11 adapter 1: Microsoft Basic Render Driver (Feature Level 11_0)
[2015.11.27-12.03.16:344][  0]LogD3D11RHI: Adapter has 0MB of dedicated video memory, 0MB of dedicated system memory, and 256MB of shared system memory, 0 output[s]
[2015.11.27-12.03.16:344][  0]LogD3D11RHI: Chosen D3D11 Adapter Id = 0
[2015.11.27-12.03.16:347][  0]LogD3D11RHI: !Direct3DDevice
[2015.11.27-12.03.16:347][  0]LogRHI: Texture pool is 1361 MB (70% of 1945 MB)
[2015.11.27-12.03.16:357][  0]LogD3D11RHI: Async texture creation enabled
[2015.11.27-12.03.16:372][  0]LogShaderCompilers: Guid format shader working directory is 15 characters bigger than the processId version (../../../../../../Users/Spellabbet/Documents/Unreal Projects/SpaceGame/Project/SpaceGame/Intermediate/Shaders/WorkingDirectory/2780/).
[2015.11.27-12.03.16:372][  0]LogShaderCompilers: Cleaned the shader compiler working directory '../../../../../../Users/Spellabbet/Documents/Unreal Projects/SpaceGame/Project/SpaceGame/Intermediate/Shaders/tmp/47B6C2D548A58485281105A2DD6C09E6/'.
[2015.11.27-12.03.16:372][  0]LogShaderCompilers:Display: Using Local Shader Compiler.
[2015.11.27-12.03.17:278][  0]LogTemp:Display: Loaded TP AllDesktopTargetPlatform
[2015.11.27-12.03.17:282][  0]LogTemp:Display: Loaded TP WindowsClientTargetPlatform
[2015.11.27-12.03.17:286][  0]LogTemp:Display: Loaded TP WindowsNoEditorTargetPlatform
[2015.11.27-12.03.17:290][  0]LogTemp:Display: Loaded TP WindowsServerTargetPlatform
[2015.11.27-12.03.17:294][  0]LogTemp:Display: Loaded TP WindowsTargetPlatform
[2015.11.27-12.03.17:296][  0]LogTemp:Display: Loaded TP AndroidTargetPlatform
[2015.11.27-12.03.17:299][  0]LogTemp:Display: Loaded TP Android_ASTCTargetPlatform
[2015.11.27-12.03.17:301][  0]LogTemp:Display: Loaded TP Android_ATCTargetPlatform
[2015.11.27-12.03.17:304][  0]LogTemp:Display: Loaded TP Android_DXTTargetPlatform
[2015.11.27-12.03.17:306][  0]LogTemp:Display: Loaded TP Android_ETC1TargetPlatform
[2015.11.27-12.03.17:309][  0]LogTemp:Display: Loaded TP Android_ETC2TargetPlatform
[2015.11.27-12.03.17:312][  0]LogTemp:Display: Loaded TP Android_PVRTCTargetPlatform
[2015.11.27-12.03.17:312][  0]LogTemp:Display: Loaded TP HTML5TargetPlatform
[2015.11.27-12.03.17:328][  0]LogTemp:Display: Loaded TP IOSTargetPlatform
[2015.11.27-12.03.17:330][  0]LogTemp:Display: Loaded TP LinuxNoEditorTargetPlatform
[2015.11.27-12.03.17:333][  0]LogTemp:Display: Loaded TP LinuxServerTargetPlatform
[2015.11.27-12.03.17:336][  0]LogTemp:Display: Loaded TP LinuxTargetPlatform
[2015.11.27-12.03.17:336][  0]LogTargetPlatformManager:Display: Building Assets For Windows
[2015.11.27-12.03.17:431][  0]LogDerivedDataCache:Display: Max Cache Size: 512 MB
[2015.11.27-12.03.17:466][  0]LogDerivedDataCache: Loaded boot cache 0.03s 41MB C:/Users/Spellabbet/AppData/Local/UnrealEngine/4.9/DerivedDataCache/Boot.ddc.
[2015.11.27-12.03.17:466][  0]LogDerivedDataCache:Display: Loaded Boot cache: C:/Users/Spellabbet/AppData/Local/UnrealEngine/4.9/DerivedDataCache/Boot.ddc
[2015.11.27-12.03.17:466][  0]LogDerivedDataCache: FDerivedDataBackendGraph:  Pak pak cache file ../../../../../../Users/Spellabbet/Documents/Unreal Projects/SpaceGame/Project/SpaceGame/DerivedDataCache/DDC.ddp not found, will not use a pak cache.
[2015.11.27-12.03.17:466][  0]LogDerivedDataCache: Unable to find inner node Pak for hierarchical cache Hierarchy.
[2015.11.27-12.03.17:466][  0]LogDerivedDataCache: FDerivedDataBackendGraph:  CompressedPak pak cache file ../../../../../../Users/Spellabbet/Documents/Unreal Projects/SpaceGame/Project/SpaceGame/DerivedDataCache/Compressed.ddp not found, will not use a pak cache.
[2015.11.27-12.03.17:466][  0]LogDerivedDataCache: Unable to find inner node CompressedPak for hierarchical cache Hierarchy.
[2015.11.27-12.03.17:576][  0]LogDerivedDataCache:Display: Pak cache opened for reading ../../../Engine/DerivedDataCache/Compressed.ddp.
[2015.11.27-12.03.17:588][  0]LogDerivedDataCache: Using Local data cache path C:/Users/Spellabbet/AppData/Local/UnrealEngine/Common/DerivedDataCache: Writable
[2015.11.27-12.03.17:730][  0]LogInit: Selected Device Profile: [Windows]
[2015.11.27-12.03.17:732][  0]LogContentStreaming: Texture pool size is 0.000000MB
[2015.11.27-12.03.17:839][  0]LogMeshUtilities: No automatic mesh reduction module available
[2015.11.27-12.03.17:839][  0]LogMeshUtilities: No automatic mesh merging module available
[2015.11.27-12.03.18:032][  0]LogInit: WinSock: version 1.1 (2.2), MaxSocks=32767, MaxUdp=65467
[2015.11.27-12.03.18:623][  0]UdpMessaging: Initializing bridge on interface 0.0.0.0:0 to multicast group 230.0.0.1:6666.
[2015.11.27-12.03.18:748][  0]LogAssetRegistry: FAssetRegistry took 0.0104 seconds to start up
[2015.11.27-12.03.18:940][  0]SourceControl: Info Source control is disabled
[2015.11.27-12.03.18:946][  0]SourceControl: Info Source control is disabled
[2015.11.27-12.03.18:965][  0]SourceControl: Info Source control is disabled
[2015.11.27-12.03.18:983][  0]SourceControl: Info Source control is disabled
[2015.11.27-12.03.19:211][  0]LogLinker:Warning: Asset '../../../Engine/Plugins/Runtime/LeapMotionController/Content/LM_PassthroughMaterial.uasset' has been saved with empty engine version. The asset will be loaded but may be incompatible.
[2015.11.27-12.03.19:331][  0]LogObj: 28437 objects as part of root set at end of initial load.
[2015.11.27-12.03.19:331][  0]LogUObjectAllocator: 6068432 out of 0 bytes used by permanent object pool.
[2015.11.27-12.03.19:389][  0]LogEngine: Initializing Engine...
[2015.11.27-12.03.19:390][  0]LogHMD: Can't find Oculus library dev build: is proper Runtime installed? Version: 0.7.0.0
[2015.11.27-12.03.19:391][  0]LogHMD: SteamVR failed to initialize.  Err: 110
[2015.11.27-12.03.19:483][  0]LogAIModule: Creating AISystem for world NewWorld
[2015.11.27-12.03.19:488][  0]LogInit: XAudio2 using 'Speakers (4- High Definition Audio Device)' : 2 channels at 44.1 kHz using 16 bits per sample (channel mask 0x3)
[2015.11.27-12.03.19:498][  0]LogInit: FAudioDevice initialized.
[2015.11.27-12.03.19:515][  0]LogDerivedDataCache: Saved boot cache 0.02s 41MB C:/Users/Spellabbet/AppData/Local/UnrealEngine/4.9/DerivedDataCache/Boot.ddc.
[2015.11.27-12.03.19:518][  0]LogInit: Texture streaming: Enabled
[2015.11.27-12.03.19:523][  0]LogAnalytics: Creating configured Analytics provider AnalyticsET
[2015.11.27-12.03.19:523][  0]LogAnalytics: [UEEditor.Rocket.Release] APIServer = http://et2.epicgames.com/ET2/. AppVersion = 4.9.2-2707645+++depot+UE4-Releases+4.9
[2015.11.27-12.03.19:523][  0]LogAnalytics: [UEEditor.Rocket.Release] SetUserId 634ab0cb456977c100e99f821f1d4277|7ebf86fc13e44331864479a64887c1c8|060e5e79-a789-49c4-8abd-5d8b330400a7
[2015.11.27-12.03.19:523][  0]LogAnalytics: [UEEditor.Rocket.Release] AnalyticsET::StartSession
[2015.11.27-12.03.19:541][  0]LogInit: Transaction tracking system initialized
[2015.11.27-12.03.19:562][  0]BlueprintLog: New page: Editor Load
[2015.11.27-12.03.19:623][  0]LocalizationService: Info Localization service is disabled
[2015.11.27-12.03.19:716][  0]LogConsoleResponse:Display: 
[2015.11.27-12.03.19:813][  0]LogCook:Display: Done creating registry. It took  0.00s.
[2015.11.27-12.03.19:885][  0]LogFileCache: Scanning file cache for directory 'C:/Users/Spellabbet/Documents/Unreal Projects/SpaceGame/Project/SpaceGame/Content/' took 0.01s
[2015.11.27-12.03.19:885][  0]SourceControl: Info Source control is disabled
[2015.11.27-12.03.19:885][  0]Cmd: MAP LOAD FILE="../../../Engine/Content/Maps/Templates/Template_Default.umap" TEMPLATE=1 SHOWPROGRESS=1 FEATURELEVEL=3
[2015.11.27-12.03.19:886][  0]LightingResults: New page: Lighting Build
[2015.11.27-12.03.19:889][  0]MapCheck: New page: Map Check
[2015.11.27-12.03.19:889][  0]LightingResults: New page: Lighting Build
[2015.11.27-12.03.19:898][  0]LogParticles: Destroying 0 GPU particle simulations for FXSystem 0x000000E3CCA3A160
[2015.11.27-12.03.20:115][  0]LogAIModule: Creating AISystem for world Untitled_1
[2015.11.27-12.03.20:119][  0]LogEditorServer: Finished looking for orphan Actors (0.000 secs)
[2015.11.27-12.03.20:122][  0]Cmd: MAP CHECKDEP NOCLEARLOG
[2015.11.27-12.03.20:150][  0]MapCheck: Info Map check complete: 0 Error(s), 0 Warning(s), took 27.474ms to complete.
[2015.11.27-12.03.20:150][  0]LogFileHelpers: Loading map 'Template_Default' took 0.265
[2015.11.27-12.03.20:234][  0]LogCollectionManager: Loaded 0 collections in 0.001666 seconds
[2015.11.27-12.03.20:275][  0]LogFileCache: Scanning file cache for directory 'C:/Users/Spellabbet/Documents/Unreal Projects/SpaceGame/Project/SpaceGame/Saved/Collections/' took 0.01s
[2015.11.27-12.03.20:275][  0]LogFileCache: Scanning file cache for directory 'C:/Users/Spellabbet/Documents/Unreal Projects/SpaceGame/Project/SpaceGame/Content/Developers/Spellabbet/Collections/' took 0.01s
[2015.11.27-12.03.20:275][  0]LogFileCache: Scanning file cache for directory 'C:/Users/Spellabbet/Documents/Unreal Projects/SpaceGame/Project/SpaceGame/Content/Collections/' took 0.01s
[2015.11.27-12.03.20:275][  0]LogContentBrowser: Native class hierarchy populated in 0.0080 seconds. Added 1875 classes and 335 folders.
[2015.11.27-12.03.20:279][  0]LogCollectionManager: Rebuilt the GUID cache for 0 collections in 0.000002 seconds
[2015.11.27-12.03.20:285][  0]LogContentBrowser: Native class hierarchy updated for 'WidgetCarousel' in 0.0009 seconds. Added 0 classes and 0 folders.
[2015.11.27-12.03.20:315][  0]LogContentBrowser: Native class hierarchy updated for 'AddContentDialog' in 0.0009 seconds. Added 0 classes and 0 folders.
[2015.11.27-12.03.20:322][  0]LogContentBrowser: Native class hierarchy updated for 'SceneOutliner' in 0.0009 seconds. Added 1 classes and 2 folders.
[2015.11.27-12.03.20:375][  0]LogCrashTracker: Crashtracker disabled due to settings.
[2015.11.27-12.03.20:378][  0]LogUObjectGlobals:Warning: Failed to find object 'Class None.'
[2015.11.27-12.03.20:401][  0]LogLoad: Full Startup: 5.79 seconds (BP compile: 0.03 seconds)
[2015.11.27-12.03.20:779][  0]LogContentStreaming: Texture pool size now 1000 MB
[2015.11.27-12.03.20:887][  0]LogRenderer: Reallocating scene render targets to support 1076x556 (Frame:2).
[2015.11.27-12.03.21:420][  2]LogAssetRegistry: Asset discovery search completed in 2.6830 seconds
[2015.11.27-12.03.21:420][  2]LogCollectionManager: Rebuilt the object cache for 0 collections in 0.000000 seconds (found 0 objects)
[2015.11.27-12.03.21:420][  2]LogCollectionManager: Fixed up redirectors for 0 collections in 0.000030 seconds (updated 0 objects)
[2015.11.27-12.03.23:459][204]LogAIModule: Creating AISystem for world Untitled
[2015.11.27-12.03.23:481][204]Cmd: MAP LOAD FILE="../../../../../../Users/Spellabbet/Documents/Unreal Projects/SpaceGame/Project/SpaceGame/Content/Maps/Untitled.umap" TEMPLATE=0 SHOWPROGRESS=1 FEATURELEVEL=3
[2015.11.27-12.03.23:481][204]LightingResults: New page: Lighting Build
[2015.11.27-12.03.23:496][204]LoadErrors: New page: Loading map: Untitled.umap
[2015.11.27-12.03.23:496][204]MapCheck: New page: Map Check
[2015.11.27-12.03.23:496][204]LightingResults: New page: Lighting Build
[2015.11.27-12.03.23:507][204]LogParticles: Destroying 0 GPU particle simulations for FXSystem 0x000000E3BDECA840
[2015.11.27-12.03.23:540][204]LogEditorServer: Finished looking for orphan Actors (0.000 secs)
[2015.11.27-12.03.23:567][204]Cmd: MAP CHECKDEP NOCLEARLOG
[2015.11.27-12.03.23:595][204]MapCheck: Info Map check complete: 0 Error(s), 0 Warning(s), took 28.242ms to complete.
[2015.11.27-12.03.23:595][204]LogFileHelpers: Loading map 'Untitled' took 0.115
[2015.11.27-12.03.24:675][325]Recompiling SpaceGame...
[2015.11.27-12.03.24:675][325]Launching UnrealBuildTool... [C:/Program Files/Epic Games/4.9/Engine/Binaries/DotNET/UnrealBuildTool.exe SpaceGame -ModuleWithSuffix SpaceGame 2983 Win64 Development -editorrecompile -canskiplink "C:/Users/Spellabbet/Documents/Unreal Projects/SpaceGame/Project/SpaceGame/SpaceGame.uproject" -rocket  -rocket]
[2015.11.27-12.03.24:676][325]Warning: Starting HotReload took  0.0s.
[2015.11.27-12.03.27:848][687]CompilerResultsLog: New page: Compilation - Nov 27, 2015, 2:03:27 PM
[2015.11.27-12.03.27:848][687]CompilerResultsLog: Info Compiling game modules for hot reload
[2015.11.27-12.03.27:848][687]CompilerResultsLog: Info Performing 2 actions (4 in parallel)
[2015.11.27-12.03.27:848][687]CompilerResultsLog: Info Fleet.cpp
[2015.11.27-12.03.27:848][687]CompilerResultsLog: Info [2/2] Link UE4Editor-SpaceGame-2983.dll
[2015.11.27-12.03.27:848][687]CompilerResultsLog: Info    Creating library C:\Users\Spellabbet\Documents\Unreal Projects\SpaceGame\Project\SpaceGame\Intermediate/Build/Win64\UE4Editor\Development\UE4Editor-SpaceGame-2983.lib and object C:\Users\Spellabbet\Documents\Unreal Projects\SpaceGame\Project\SpaceGame\Intermediate/Build/Win64\UE4Editor\Development\UE4Editor-SpaceGame-2983.exp
[2015.11.27-12.03.27:848][687]CompilerResultsLog: Info -------- End Detailed Actions Stats -----------------------------------------------------------
[2015.11.27-12.03.27:848][687]CompilerResultsLog: Info Total build time: 3,14 seconds
[2015.11.27-12.03.27:849][687]LogMainFrame: MainFrame: Module compiling took 3.177 seconds
[2015.11.27-12.03.27:919][687]LogClass: FleetState HotReload.
[2015.11.27-12.03.27:919][687]LogClass: OwnedBy HotReload.
[2015.11.27-12.03.27:921][687]LogContentBrowser: Native class hierarchy updated for 'SpaceGame' in 0.0010 seconds. Added 8 classes and 2 folders.
[2015.11.27-12.03.27:922][687]Warning: HotReload successful (7 functions remapped  0 scriptstructs remapped)
[2015.11.27-12.03.27:978][687]LogContentBrowser: Native class hierarchy populated in 0.0068 seconds. Added 1876 classes and 337 folders.
[2015.11.27-12.03.29:595][878]LogBlueprintUserMessages: Early PlayInEditor Detection: Level '/Game/Maps/Untitled.Untitled:PersistentLevel' has LevelScriptBlueprint '/Game/Maps/Untitled.Untitled:PersistentLevel.Untitled' with GeneratedClass '/Game/Maps/Untitled.Untitled_C' with ClassGeneratedBy '/Game/Maps/Untitled.Untitled:PersistentLevel.Untitled'
[2015.11.27-12.03.29:595][878]LogPlayLevel: PlayLevel: No blueprints needed recompiling
[2015.11.27-12.03.29:595][878]PIE: New page: PIE session: Untitled (Nov 27, 2015, 2:03:29 PM)
[2015.11.27-12.03.29:595][878]LogPlayLevel: Creating play world package: /Game/Maps/UEDPIE_0_Untitled
[2015.11.27-12.03.29:599][878]LogPlayLevel: PIE: StaticDuplicateObject took: (0.003780s)
[2015.11.27-12.03.29:600][878]LogAIModule: Creating AISystem for world Untitled
[2015.11.27-12.03.29:600][878]LogPlayLevel: PIE: World Init took: (0.000773s)
[2015.11.27-12.03.29:600][878]LogPlayLevel: PIE: Created PIE world by copying editor world from /Game/Maps/Untitled.Untitled to /Game/Maps/UEDPIE_0_Untitled.Untitled (0.004956s)
[2015.11.27-12.03.29:616][878]LogInit: XAudio2 using 'Speakers (4- High Definition Audio Device)' : 2 channels at 44.1 kHz using 16 bits per sample (channel mask 0x3)
[2015.11.27-12.03.29:620][878]LogInit: FAudioDevice initialized.
[2015.11.27-12.03.29:703][878]LogWorld: Game class is 'GameModeBP_C'
[2015.11.27-12.03.29:705][878]LogWorld: Bringing World /Game/Maps/UEDPIE_0_Untitled.Untitled up for play (max tick rate 0) at 2015.11.27-13.03.29
[2015.11.27-12.03.29:705][878]LogActor:Warning: GameSession /Game/Maps/UEDPIE_0_Untitled.Untitled:PersistentLevel.GameSession_0 has natively added scene component(s), but none of them were set as the actor's RootComponent - picking one arbitrarily
[2015.11.27-12.03.29:705][878]LogActor:Warning: GameNetworkManager /Game/Maps/UEDPIE_0_Untitled.Untitled:PersistentLevel.GameNetworkManager_0 has natively added scene component(s), but none of them were set as the actor's RootComponent - picking one arbitrarily
[2015.11.27-12.03.29:705][878]LogWorld: Bringing up level for play took: 0.001714
[2015.11.27-12.03.29:706][878]PIE: Info Play in editor start time for /Game/Maps/UEDPIE_0_Untitled -0.263
[2015.11.27-12.03.29:706][878]LogBlueprintUserMessages: Late PlayInEditor Detection: Level '/Game/Maps/Untitled.Untitled:PersistentLevel' has LevelScriptBlueprint '/Game/Maps/Untitled.Untitled:PersistentLevel.Untitled' with GeneratedClass '/Game/Maps/Untitled.Untitled_C' with ClassGeneratedBy '/Game/Maps/Untitled.Untitled:PersistentLevel.Untitled'
[2015.11.27-12.03.31:435][ 81]LogTemp:Warning: MyCharacter's Location is 0
[2015.11.27-12.03.37:060][756]LogTemp:Warning: MyCharacter's Location is 0
[2015.11.27-12.03.38:494][928]LogBlueprintUserMessages: Early EndPlayMap Detection: Level '/Game/Maps/Untitled.Untitled:PersistentLevel' has LevelScriptBlueprint '/Game/Maps/Untitled.Untitled:PersistentLevel.Untitled' with GeneratedClass '/Game/Maps/Untitled.Untitled_C' with ClassGeneratedBy '/Game/Maps/Untitled.Untitled:PersistentLevel.Untitled'
[2015.11.27-12.03.38:527][928]LogBlueprintUserMessages: Late EndPlayMap Detection: Level '/Game/Maps/Untitled.Untitled:PersistentLevel' has LevelScriptBlueprint '/Game/Maps/Untitled.Untitled:PersistentLevel.Untitled' with GeneratedClass '/Game/Maps/Untitled.Untitled_C' with ClassGeneratedBy '/Game/Maps/Untitled.Untitled:PersistentLevel.Untitled'
[2015.11.27-12.03.38:538][928]LogParticles: Destroying 0 GPU particle simulations for FXSystem 0x000000E3D8121760
[2015.11.27-12.04.17:462][268]Recompiling SpaceGame...
[2015.11.27-12.04.17:462][268]Launching UnrealBuildTool... [C:/Program Files/Epic Games/4.9/Engine/Binaries/DotNET/UnrealBuildTool.exe SpaceGame -ModuleWithSuffix SpaceGame 3797 Win64 Development -editorrecompile -canskiplink "C:/Users/Spellabbet/Documents/Unreal Projects/SpaceGame/Project/SpaceGame/SpaceGame.uproject" -rocket  -rocket]
[2015.11.27-12.04.17:463][268]Warning: Starting HotReload took  0.0s.
[2015.11.27-12.04.20:669][633]CompilerResultsLog: New page: Compilation - Nov 27, 2015, 2:04:20 PM
[2015.11.27-12.04.20:670][633]CompilerResultsLog: Info Compiling game modules for hot reload
[2015.11.27-12.04.20:670][633]CompilerResultsLog: Info Performing 2 actions (4 in parallel)
[2015.11.27-12.04.20:670][633]CompilerResultsLog: Info Fleet.cpp
[2015.11.27-12.04.20:670][633]CompilerResultsLog: Info [2/2] Link UE4Editor-SpaceGame-3797.dll
[2015.11.27-12.04.20:670][633]CompilerResultsLog: Info    Creating library C:\Users\Spellabbet\Documents\Unreal Projects\SpaceGame\Project\SpaceGame\Intermediate/Build/Win64\UE4Editor\Development\UE4Editor-SpaceGame-3797.lib and object C:\Users\Spellabbet\Documents\Unreal Projects\SpaceGame\Project\SpaceGame\Intermediate/Build/Win64\UE4Editor\Development\UE4Editor-SpaceGame-3797.exp
[2015.11.27-12.04.20:670][633]CompilerResultsLog: Info -------- End Detailed Actions Stats -----------------------------------------------------------
[2015.11.27-12.04.20:670][633]CompilerResultsLog: Info Total build time: 3,18 seconds
[2015.11.27-12.04.20:670][633]LogMainFrame: MainFrame: Module compiling took 3.211 seconds
[2015.11.27-12.04.20:801][633]LogClass: FleetState HotReload.
[2015.11.27-12.04.20:801][633]LogClass: OwnedBy HotReload.
[2015.11.27-12.04.20:804][633]LogContentBrowser: Native class hierarchy updated for 'SpaceGame' in 0.0010 seconds. Added 8 classes and 2 folders.
[2015.11.27-12.04.20:805][633]Warning: HotReload successful (7 functions remapped  0 scriptstructs remapped)
[2015.11.27-12.04.20:861][633]LogContentBrowser: Native class hierarchy populated in 0.0071 seconds. Added 1876 classes and 337 folders.
[2015.11.27-12.04.21:439][700]LogBlueprintUserMessages: Early PlayInEditor Detection: Level '/Game/Maps/Untitled.Untitled:PersistentLevel' has LevelScriptBlueprint '/Game/Maps/Untitled.Untitled:PersistentLevel.Untitled' with GeneratedClass '/Game/Maps/Untitled.Untitled_C' with ClassGeneratedBy '/Game/Maps/Untitled.Untitled:PersistentLevel.Untitled'
[2015.11.27-12.04.21:439][700]LogPlayLevel: PlayLevel: No blueprints needed recompiling
[2015.11.27-12.04.21:440][700]PIE: New page: PIE session: Untitled (Nov 27, 2015, 2:04:21 PM)
[2015.11.27-12.04.21:440][700]LogPlayLevel: Creating play world package: /Game/Maps/UEDPIE_0_Untitled
[2015.11.27-12.04.21:442][700]LogPlayLevel: PIE: StaticDuplicateObject took: (0.002573s)
[2015.11.27-12.04.21:443][700]LogAIModule: Creating AISystem for world Untitled
[2015.11.27-12.04.21:443][700]LogPlayLevel: PIE: World Init took: (0.000720s)
[2015.11.27-12.04.21:443][700]LogPlayLevel: PIE: Created PIE world by copying editor world from /Game/Maps/Untitled.Untitled to /Game/Maps/UEDPIE_0_Untitled.Untitled (0.003542s)
[2015.11.27-12.04.21:462][700]LogInit: XAudio2 using 'Speakers (4- High Definition Audio Device)' : 2 channels at 44.1 kHz using 16 bits per sample (channel mask 0x3)
[2015.11.27-12.04.21:467][700]LogInit: FAudioDevice initialized.
[2015.11.27-12.04.21:497][700]LogWorld: Game class is 'GameModeBP_C'
[2015.11.27-12.04.21:500][700]LogWorld: Bringing World /Game/Maps/UEDPIE_0_Untitled.Untitled up for play (max tick rate 0) at 2015.11.27-13.04.21
[2015.11.27-12.04.21:500][700]LogActor:Warning: GameSession /Game/Maps/UEDPIE_0_Untitled.Untitled:PersistentLevel.GameSession_1 has natively added scene component(s), but none of them were set as the actor's RootComponent - picking one arbitrarily
[2015.11.27-12.04.21:500][700]LogActor:Warning: GameNetworkManager /Game/Maps/UEDPIE_0_Untitled.Untitled:PersistentLevel.GameNetworkManager_1 has natively added scene component(s), but none of them were set as the actor's RootComponent - picking one arbitrarily
[2015.11.27-12.04.21:501][700]LogWorld: Bringing up level for play took: 0.002496
[2015.11.27-12.04.21:502][700]PIE: Info Play in editor start time for /Game/Maps/UEDPIE_0_Untitled -0.468
[2015.11.27-12.04.21:502][700]LogBlueprintUserMessages: Late PlayInEditor Detection: Level '/Game/Maps/Untitled.Untitled:PersistentLevel' has LevelScriptBlueprint '/Game/Maps/Untitled.Untitled:PersistentLevel.Untitled' with GeneratedClass '/Game/Maps/Untitled.Untitled_C' with ClassGeneratedBy '/Game/Maps/Untitled.Untitled:PersistentLevel.Untitled'
[2015.11.27-12.04.22:879][865]LogTemp:Warning: MyCharacter's Location is 0
[2015.11.27-12.04.23:012][865]LogCrashTracker: 


[2015.11.27-12.04.23:012][865]LogCrashTracker: 


[2015.11.27-12.04.23:012][865]LogWindows: === Critical error: ===
Fatal error!



[2015.11.27-12.04.23:120][865]LogExit: Executing StaticShutdownAfterError
[2015.11.27-12.04.23:122][865]LogOutputDevice:Warning: 

Script Stack:
MouseControllerBP_C.ExecuteUbergraph_MouseControllerBP
MouseControllerBP_C.InpActEvt_RightMouseButton_K2Node_InputKeyEvent_3

[2015.11.27-12.04.23:123][865]LogPhysics:Warning: PHYSX: ..\..\PhysX\src\NpScene.cpp (2946) 8 : PxScene::unlockWrite() called without matching call to PxScene::lockWrite(), behaviour will be undefined.
[2015.11.27-12.04.23:123][865]LogPhysics:Warning: PHYSX: ..\..\PhysX\src\NpScene.cpp (2946) 8 : PxScene::unlockWrite() called without matching call to PxScene::lockWrite(), behaviour will be undefined.
[2015.11.27-12.04.23:123][865]LogPhysics:Warning: PHYSX: ..\..\PhysX\src\NpScene.cpp (2946) 8 : PxScene::unlockWrite() called without matching call to PxScene::lockWrite(), behaviour will be undefined.
[2015.11.27-12.04.23:124][865]LogPhysics:Warning: PHYSX: ..\..\PhysX\src\NpScene.cpp (2946) 8 : PxScene::unlockWrite() called without matching call to PxScene::lockWrite(), behaviour will be undefined.
[2015.11.27-12.04.23:124][865]LogWindows: FPlatformMisc::RequestExit(1)
[2015.11.27-12.04.23:124][865]Log file closed, 11/27/15 13:04:23
