[2015.11.27-12.37.50:740][  0]Log file open, 11/27/15 13:37:50
[2015.11.27-12.37.50:740][  0]LogInit:Display: Running engine without a game
[2015.11.27-12.37.50:740][  0]LogInit:Display: Loading recent project file: ../../../../../../Users/Spellabbet/Documents/Unreal Projects/SpaceGame/Project/SpaceGame/SpaceGame.uproject
[2015.11.27-12.37.50:740][  0]LogInit:Display: RandInit(1758997908) SRandInit(1758997909).
[2015.11.27-12.37.50:740][  0]LogTaskGraph: Started task graph with 4 named threads and 7 total threads.
[2015.11.27-12.37.50:740][  0]LogStats: Stats thread started at 0.069295
[2015.11.27-12.37.50:740][  0]LogInit: Version: 4.9.2-2707645+++depot+UE4-Releases+4.9
[2015.11.27-12.37.50:740][  0]LogInit: API Version: 2672455
[2015.11.27-12.37.50:740][  0]LogInit: Compiled (64-bit): Sep 28 2015 10:25:44
[2015.11.27-12.37.50:740][  0]LogInit: Compiled with Visual C++: 18.00.21005.01
[2015.11.27-12.37.50:740][  0]LogInit: Build Configuration: Development
[2015.11.27-12.37.50:740][  0]LogInit: Branch Name: ++depot+UE4-Releases+4.9
[2015.11.27-12.37.50:740][  0]LogInit: Command line: 
[2015.11.27-12.37.50:740][  0]LogInit: Base directory: C:/Program Files/Epic Games/4.9/Engine/Binaries/Win64/
[2015.11.27-12.37.50:740][  0]LogInit: Rocket: 1
[2015.11.27-12.37.50:749][  0]LogInit: Using libcurl 7.41.0
[2015.11.27-12.37.50:749][  0]LogInit:  - built for x86_64-pc-win32
[2015.11.27-12.37.50:749][  0]LogInit:  - supports SSL with WinSSL
[2015.11.27-12.37.50:749][  0]LogInit:  - other features:
[2015.11.27-12.37.50:749][  0]LogInit:      CURL_VERSION_SSL
[2015.11.27-12.37.50:749][  0]LogInit:      CURL_VERSION_IPV6
[2015.11.27-12.37.50:749][  0]LogInit:      CURL_VERSION_ASYNCHDNS
[2015.11.27-12.37.50:749][  0]LogInit:      CURL_VERSION_LARGEFILE
[2015.11.27-12.37.50:749][  0]LogInit:      CURL_VERSION_IDN
[2015.11.27-12.37.50:749][  0]LogInit:  CurlRequestOptions (configurable via config and command line):
[2015.11.27-12.37.50:749][  0]LogInit:  - bVerifyPeer = true  - Libcurl will verify peer certificate
[2015.11.27-12.37.50:749][  0]LogInit:  - bUseHttpProxy = false  - Libcurl will NOT use HTTP proxy
[2015.11.27-12.37.50:749][  0]LogInit:  - bDontReuseConnections = false  - Libcurl will reuse connections
[2015.11.27-12.37.50:749][  0]LogInit:  - CertBundlePath = nullptr  - Libcurl will use whatever was configured at build time.
[2015.11.27-12.37.50:755][  0]LogInit: Presizing for 0 objects not considered by GC, pre-allocating 0 bytes.
[2015.11.27-12.37.50:762][  0]LogInit: Object subsystem initialized
[2015.11.27-12.37.50:764][  0]LogInit: Selected Device Profile: [Windows]
[2015.11.27-12.37.50:764][  0]LogInit: Applying CVar settings loaded from the selected device profile: [Windows]
[2015.11.27-12.37.50:771][  0]LogInit: Computer: SpellabbA332-09
[2015.11.27-12.37.50:771][  0]LogInit: User: Spellabbet
[2015.11.27-12.37.50:771][  0]LogInit: CPU Page size=4096, Cores=4
[2015.11.27-12.37.50:771][  0]LogInit: High frequency timer resolution =3.507519 MHz
[2015.11.27-12.37.50:771][  0]LogMemory: Memory total: Physical=15.9GB (16GB approx)
[2015.11.27-12.37.50:771][  0]LogMemory: Platform Memory Stats for Windows
[2015.11.27-12.37.50:771][  0]LogMemory: Process Physical Memory: 52.11 MB used, 52.11 MB peak
[2015.11.27-12.37.50:771][  0]LogMemory: Process Virtual Memory: 57.01 MB used, 57.01 MB peak
[2015.11.27-12.37.50:771][  0]LogMemory: Physical Memory: 3289.90 MB used, 16318.82 MB total
[2015.11.27-12.37.50:771][  0]LogMemory: Virtual Memory: 349.31 MB used, 134217728.00 MB total
[2015.11.27-12.37.50:798][  0]LogTextLocalizationManager: No translations for ('sv-SE') exist, falling back to 'en' for localization and internationalization data.
[2015.11.27-12.37.51:460][  0]LogD3D11RHI: Found D3D11 adapter 0: NVIDIA GeForce GTX 960 (Feature Level 11_0)
[2015.11.27-12.37.51:460][  0]LogD3D11RHI: Adapter has 1965MB of dedicated video memory, 0MB of dedicated system memory, and 2048MB of shared system memory, 1 output[s]
[2015.11.27-12.37.51:461][  0]LogD3D11RHI: Found D3D11 adapter 1: Microsoft Basic Render Driver (Feature Level 11_0)
[2015.11.27-12.37.51:461][  0]LogD3D11RHI: Adapter has 0MB of dedicated video memory, 0MB of dedicated system memory, and 256MB of shared system memory, 0 output[s]
[2015.11.27-12.37.51:461][  0]LogD3D11RHI: Chosen D3D11 Adapter Id = 0
[2015.11.27-12.37.51:464][  0]LogD3D11RHI: !Direct3DDevice
[2015.11.27-12.37.51:464][  0]LogRHI: Texture pool is 1361 MB (70% of 1945 MB)
[2015.11.27-12.37.51:477][  0]LogD3D11RHI: Async texture creation enabled
[2015.11.27-12.37.51:494][  0]LogShaderCompilers: Guid format shader working directory is 15 characters bigger than the processId version (../../../../../../Users/Spellabbet/Documents/Unreal Projects/SpaceGame/Project/SpaceGame/Intermediate/Shaders/WorkingDirectory/3464/).
[2015.11.27-12.37.51:494][  0]LogShaderCompilers: Cleaned the shader compiler working directory '../../../../../../Users/Spellabbet/Documents/Unreal Projects/SpaceGame/Project/SpaceGame/Intermediate/Shaders/tmp/67D9269A410E2377CC650794112023D3/'.
[2015.11.27-12.37.51:494][  0]LogShaderCompilers:Display: Using Local Shader Compiler.
[2015.11.27-12.37.52:434][  0]LogTemp:Display: Loaded TP AllDesktopTargetPlatform
[2015.11.27-12.37.52:438][  0]LogTemp:Display: Loaded TP WindowsClientTargetPlatform
[2015.11.27-12.37.52:442][  0]LogTemp:Display: Loaded TP WindowsNoEditorTargetPlatform
[2015.11.27-12.37.52:446][  0]LogTemp:Display: Loaded TP WindowsServerTargetPlatform
[2015.11.27-12.37.52:450][  0]LogTemp:Display: Loaded TP WindowsTargetPlatform
[2015.11.27-12.37.52:453][  0]LogTemp:Display: Loaded TP AndroidTargetPlatform
[2015.11.27-12.37.52:457][  0]LogTemp:Display: Loaded TP Android_ASTCTargetPlatform
[2015.11.27-12.37.52:462][  0]LogTemp:Display: Loaded TP Android_ATCTargetPlatform
[2015.11.27-12.37.52:466][  0]LogTemp:Display: Loaded TP Android_DXTTargetPlatform
[2015.11.27-12.37.52:469][  0]LogTemp:Display: Loaded TP Android_ETC1TargetPlatform
[2015.11.27-12.37.52:472][  0]LogTemp:Display: Loaded TP Android_ETC2TargetPlatform
[2015.11.27-12.37.52:476][  0]LogTemp:Display: Loaded TP Android_PVRTCTargetPlatform
[2015.11.27-12.37.52:476][  0]LogTemp:Display: Loaded TP HTML5TargetPlatform
[2015.11.27-12.37.52:493][  0]LogTemp:Display: Loaded TP IOSTargetPlatform
[2015.11.27-12.37.52:496][  0]LogTemp:Display: Loaded TP LinuxNoEditorTargetPlatform
[2015.11.27-12.37.52:498][  0]LogTemp:Display: Loaded TP LinuxServerTargetPlatform
[2015.11.27-12.37.52:501][  0]LogTemp:Display: Loaded TP LinuxTargetPlatform
[2015.11.27-12.37.52:501][  0]LogTargetPlatformManager:Display: Building Assets For Windows
[2015.11.27-12.37.52:578][  0]LogDerivedDataCache:Display: Max Cache Size: 512 MB
[2015.11.27-12.37.52:618][  0]LogDerivedDataCache: Loaded boot cache 0.04s 41MB C:/Users/Spellabbet/AppData/Local/UnrealEngine/4.9/DerivedDataCache/Boot.ddc.
[2015.11.27-12.37.52:618][  0]LogDerivedDataCache:Display: Loaded Boot cache: C:/Users/Spellabbet/AppData/Local/UnrealEngine/4.9/DerivedDataCache/Boot.ddc
[2015.11.27-12.37.52:618][  0]LogDerivedDataCache: FDerivedDataBackendGraph:  Pak pak cache file ../../../../../../Users/Spellabbet/Documents/Unreal Projects/SpaceGame/Project/SpaceGame/DerivedDataCache/DDC.ddp not found, will not use a pak cache.
[2015.11.27-12.37.52:618][  0]LogDerivedDataCache: Unable to find inner node Pak for hierarchical cache Hierarchy.
[2015.11.27-12.37.52:618][  0]LogDerivedDataCache: FDerivedDataBackendGraph:  CompressedPak pak cache file ../../../../../../Users/Spellabbet/Documents/Unreal Projects/SpaceGame/Project/SpaceGame/DerivedDataCache/Compressed.ddp not found, will not use a pak cache.
[2015.11.27-12.37.52:618][  0]LogDerivedDataCache: Unable to find inner node CompressedPak for hierarchical cache Hierarchy.
[2015.11.27-12.37.52:749][  0]LogDerivedDataCache:Display: Pak cache opened for reading ../../../Engine/DerivedDataCache/Compressed.ddp.
[2015.11.27-12.37.52:761][  0]LogDerivedDataCache: Using Local data cache path C:/Users/Spellabbet/AppData/Local/UnrealEngine/Common/DerivedDataCache: Writable
[2015.11.27-12.37.52:909][  0]LogInit: Selected Device Profile: [Windows]
[2015.11.27-12.37.52:911][  0]LogContentStreaming: Texture pool size is 0.000000MB
[2015.11.27-12.37.53:007][  0]LogMeshUtilities: No automatic mesh reduction module available
[2015.11.27-12.37.53:007][  0]LogMeshUtilities: No automatic mesh merging module available
[2015.11.27-12.37.53:203][  0]LogInit: WinSock: version 1.1 (2.2), MaxSocks=32767, MaxUdp=65467
[2015.11.27-12.37.53:777][  0]UdpMessaging: Initializing bridge on interface 0.0.0.0:0 to multicast group 230.0.0.1:6666.
[2015.11.27-12.37.53:877][  0]LogAssetRegistry: FAssetRegistry took 0.0104 seconds to start up
[2015.11.27-12.37.54:011][  0]SourceControl: Info Source control is disabled
[2015.11.27-12.37.54:018][  0]SourceControl: Info Source control is disabled
[2015.11.27-12.37.54:026][  0]SourceControl: Info Source control is disabled
[2015.11.27-12.37.54:037][  0]SourceControl: Info Source control is disabled
[2015.11.27-12.37.54:151][  0]LogLinker:Warning: Asset '../../../Engine/Plugins/Runtime/LeapMotionController/Content/LM_PassthroughMaterial.uasset' has been saved with empty engine version. The asset will be loaded but may be incompatible.
[2015.11.27-12.37.54:215][  0]LogObj: 28439 objects as part of root set at end of initial load.
[2015.11.27-12.37.54:215][  0]LogUObjectAllocator: 6068720 out of 0 bytes used by permanent object pool.
[2015.11.27-12.37.54:273][  0]LogEngine: Initializing Engine...
[2015.11.27-12.37.54:274][  0]LogHMD: Can't find Oculus library dev build: is proper Runtime installed? Version: 0.7.0.0
[2015.11.27-12.37.54:275][  0]LogHMD: SteamVR failed to initialize.  Err: 110
[2015.11.27-12.37.54:372][  0]LogAIModule: Creating AISystem for world NewWorld
[2015.11.27-12.37.54:377][  0]LogInit: XAudio2 using 'Speakers (4- High Definition Audio Device)' : 2 channels at 44.1 kHz using 16 bits per sample (channel mask 0x3)
[2015.11.27-12.37.54:387][  0]LogInit: FAudioDevice initialized.
[2015.11.27-12.37.54:405][  0]LogDerivedDataCache: Saved boot cache 0.02s 41MB C:/Users/Spellabbet/AppData/Local/UnrealEngine/4.9/DerivedDataCache/Boot.ddc.
[2015.11.27-12.37.54:408][  0]LogInit: Texture streaming: Enabled
[2015.11.27-12.37.54:412][  0]LogAnalytics: Creating configured Analytics provider AnalyticsET
[2015.11.27-12.37.54:412][  0]LogAnalytics: [UEEditor.Rocket.Release] APIServer = http://et2.epicgames.com/ET2/. AppVersion = 4.9.2-2707645+++depot+UE4-Releases+4.9
[2015.11.27-12.37.54:412][  0]LogAnalytics: [UEEditor.Rocket.Release] SetUserId 634ab0cb456977c100e99f821f1d4277|7ebf86fc13e44331864479a64887c1c8|060e5e79-a789-49c4-8abd-5d8b330400a7
[2015.11.27-12.37.54:412][  0]LogAnalytics: [UEEditor.Rocket.Release] AnalyticsET::StartSession
[2015.11.27-12.37.54:428][  0]LogInit: Transaction tracking system initialized
[2015.11.27-12.37.54:451][  0]BlueprintLog: New page: Editor Load
[2015.11.27-12.37.54:524][  0]LocalizationService: Info Localization service is disabled
[2015.11.27-12.37.54:583][  0]LogConsoleResponse:Display: 
[2015.11.27-12.37.54:679][  0]LogCook:Display: Done creating registry. It took  0.00s.
[2015.11.27-12.37.54:725][  0]LogFileCache: Scanning file cache for directory 'C:/Users/Spellabbet/Documents/Unreal Projects/SpaceGame/Project/SpaceGame/Content/' took 0.01s
[2015.11.27-12.37.54:725][  0]SourceControl: Info Source control is disabled
[2015.11.27-12.37.54:726][  0]Cmd: MAP LOAD FILE="../../../Engine/Content/Maps/Templates/Template_Default.umap" TEMPLATE=1 SHOWPROGRESS=1 FEATURELEVEL=3
[2015.11.27-12.37.54:726][  0]LightingResults: New page: Lighting Build
[2015.11.27-12.37.54:728][  0]MapCheck: New page: Map Check
[2015.11.27-12.37.54:728][  0]LightingResults: New page: Lighting Build
[2015.11.27-12.37.54:738][  0]LogParticles: Destroying 0 GPU particle simulations for FXSystem 0x0000005B02DB2160
[2015.11.27-12.37.54:964][  0]LogAIModule: Creating AISystem for world Untitled_1
[2015.11.27-12.37.54:967][  0]LogEditorServer: Finished looking for orphan Actors (0.000 secs)
[2015.11.27-12.37.54:971][  0]Cmd: MAP CHECKDEP NOCLEARLOG
[2015.11.27-12.37.55:000][  0]MapCheck: Info Map check complete: 0 Error(s), 0 Warning(s), took 29.174ms to complete.
[2015.11.27-12.37.55:000][  0]LogFileHelpers: Loading map 'Template_Default' took 0.274
[2015.11.27-12.37.55:101][  0]LogCollectionManager: Loaded 0 collections in 0.002659 seconds
[2015.11.27-12.37.55:146][  0]LogFileCache: Scanning file cache for directory 'C:/Users/Spellabbet/Documents/Unreal Projects/SpaceGame/Project/SpaceGame/Saved/Collections/' took 0.01s
[2015.11.27-12.37.55:146][  0]LogFileCache: Scanning file cache for directory 'C:/Users/Spellabbet/Documents/Unreal Projects/SpaceGame/Project/SpaceGame/Content/Developers/Spellabbet/Collections/' took 0.01s
[2015.11.27-12.37.55:146][  0]LogFileCache: Scanning file cache for directory 'C:/Users/Spellabbet/Documents/Unreal Projects/SpaceGame/Project/SpaceGame/Content/Collections/' took 0.01s
[2015.11.27-12.37.55:146][  0]LogContentBrowser: Native class hierarchy populated in 0.0109 seconds. Added 1875 classes and 335 folders.
[2015.11.27-12.37.55:152][  0]LogCollectionManager: Rebuilt the GUID cache for 0 collections in 0.000003 seconds
[2015.11.27-12.37.55:160][  0]LogContentBrowser: Native class hierarchy updated for 'WidgetCarousel' in 0.0014 seconds. Added 0 classes and 0 folders.
[2015.11.27-12.37.55:189][  0]LogContentBrowser: Native class hierarchy updated for 'AddContentDialog' in 0.0009 seconds. Added 0 classes and 0 folders.
[2015.11.27-12.37.55:201][  0]LogContentBrowser: Native class hierarchy updated for 'SceneOutliner' in 0.0014 seconds. Added 1 classes and 2 folders.
[2015.11.27-12.37.55:244][  0]LogCrashTracker: Crashtracker disabled due to settings.
[2015.11.27-12.37.55:247][  0]LogUObjectGlobals:Warning: Failed to find object 'Class None.'
[2015.11.27-12.37.55:269][  0]LogLoad: Full Startup: 5.31 seconds (BP compile: 0.04 seconds)
[2015.11.27-12.37.55:328][  0]LogContentStreaming: Texture pool size now 1000 MB
[2015.11.27-12.37.55:443][  0]LogRenderer: Reallocating scene render targets to support 1076x556 (Frame:2).
[2015.11.27-12.37.56:286][  3]LogAssetRegistry: Asset discovery search completed in 2.4202 seconds
[2015.11.27-12.37.56:286][  3]LogCollectionManager: Rebuilt the object cache for 0 collections in 0.000001 seconds (found 0 objects)
[2015.11.27-12.37.56:286][  3]LogCollectionManager: Fixed up redirectors for 0 collections in 0.000040 seconds (updated 0 objects)
[2015.11.27-12.37.57:673][ 90]Recompiling SpaceGame...
[2015.11.27-12.37.57:673][ 90]Launching UnrealBuildTool... [C:/Program Files/Epic Games/4.9/Engine/Binaries/DotNET/UnrealBuildTool.exe SpaceGame -ModuleWithSuffix SpaceGame 4965 Win64 Development -editorrecompile -canskiplink "C:/Users/Spellabbet/Documents/Unreal Projects/SpaceGame/Project/SpaceGame/SpaceGame.uproject" -rocket  -rocket]
[2015.11.27-12.37.57:674][ 90]Warning: Starting HotReload took  0.0s.
[2015.11.27-12.38.00:643][422]LogAIModule: Creating AISystem for world Untitled
[2015.11.27-12.38.00:671][422]Cmd: MAP LOAD FILE="../../../../../../Users/Spellabbet/Documents/Unreal Projects/SpaceGame/Project/SpaceGame/Content/Maps/Untitled.umap" TEMPLATE=0 SHOWPROGRESS=1 FEATURELEVEL=3
[2015.11.27-12.38.00:671][422]LightingResults: New page: Lighting Build
[2015.11.27-12.38.00:687][422]LoadErrors: New page: Loading map: Untitled.umap
[2015.11.27-12.38.00:687][422]MapCheck: New page: Map Check
[2015.11.27-12.38.00:688][422]LightingResults: New page: Lighting Build
[2015.11.27-12.38.00:698][422]LogParticles: Destroying 0 GPU particle simulations for FXSystem 0x0000005B6E7D7BA0
[2015.11.27-12.38.00:736][422]LogEditorServer: Finished looking for orphan Actors (0.000 secs)
[2015.11.27-12.38.00:776][422]Cmd: MAP CHECKDEP NOCLEARLOG
[2015.11.27-12.38.00:811][422]MapCheck: Info Map check complete: 0 Error(s), 0 Warning(s), took 35.151ms to complete.
[2015.11.27-12.38.00:811][422]LogFileHelpers: Loading map 'Untitled' took 0.141
[2015.11.27-12.38.10:131][533]CompilerResultsLog: New page: Compilation - Nov 27, 2015, 2:38:10 PM
[2015.11.27-12.38.10:131][533]CompilerResultsLog: Info Compiling game modules for hot reload
[2015.11.27-12.38.10:131][533]CompilerResultsLog: Info Parsing headers for SpaceGameEditor
[2015.11.27-12.38.10:131][533]CompilerResultsLog: Info   Running UnrealHeaderTool "C:/Users/Spellabbet/Documents/Unreal Projects/SpaceGame/Project/SpaceGame/SpaceGame.uproject" "C:\Users\Spellabbet\Documents\Unreal Projects\SpaceGame\Project\SpaceGame\Intermediate\Build\Win64\SpaceGameEditor\Development\UnrealHeaderTool.manifest" -LogCmds="loginit warning, logexit warning, logdatabase error" -rocket -installed
[2015.11.27-12.38.10:131][533]CompilerResultsLog: Info Reflection code generated for SpaceGameEditor in 8,3754688 seconds
[2015.11.27-12.38.10:131][533]CompilerResultsLog: Info Performing 7 actions (4 in parallel)
[2015.11.27-12.38.10:131][533]CompilerResultsLog: Info Combat.cpp
[2015.11.27-12.38.10:132][533]CompilerResultsLog: Info Link.cpp
[2015.11.27-12.38.10:132][533]CompilerResultsLog: Info MousePawn.cpp
[2015.11.27-12.38.10:132][533]CompilerResultsLog: Info Fleet.cpp
[2015.11.27-12.38.10:132][533]CompilerResultsLog: Info Star.cpp
[2015.11.27-12.38.10:132][533]CompilerResultsLog: Info SpaceGame.generated.cpp
[2015.11.27-12.38.10:132][533]CompilerResultsLog: Info [7/7] Link UE4Editor-SpaceGame-4965.dll
[2015.11.27-12.38.10:132][533]CompilerResultsLog: Info    Creating library C:\Users\Spellabbet\Documents\Unreal Projects\SpaceGame\Project\SpaceGame\Intermediate/Build/Win64\UE4Editor\Development\UE4Editor-SpaceGame-4965.lib and object C:\Users\Spellabbet\Documents\Unreal Projects\SpaceGame\Project\SpaceGame\Intermediate/Build/Win64\UE4Editor\Development\UE4Editor-SpaceGame-4965.exp
[2015.11.27-12.38.10:132][533]CompilerResultsLog: Info -------- End Detailed Actions Stats -----------------------------------------------------------
[2015.11.27-12.38.10:132][533]CompilerResultsLog: Info Total build time: 12,42 seconds
[2015.11.27-12.38.10:132][533]LogMainFrame: MainFrame: Module compiling took 12.462 seconds
[2015.11.27-12.38.10:318][533]LogClass: FleetState HotReload.
[2015.11.27-12.38.10:318][533]LogClass: OwnedBy HotReload.
[2015.11.27-12.38.10:321][533]LogContentBrowser: Native class hierarchy updated for 'SpaceGame' in 0.0011 seconds. Added 8 classes and 2 folders.
[2015.11.27-12.38.10:322][533]Warning: HotReload successful (7 functions remapped  0 scriptstructs remapped)
[2015.11.27-12.38.10:384][533]LogContentBrowser: Native class hierarchy populated in 0.0069 seconds. Added 1876 classes and 337 folders.
[2015.11.27-12.38.11:103][617]LogBlueprintUserMessages: Early PlayInEditor Detection: Level '/Game/Maps/Untitled.Untitled:PersistentLevel' has LevelScriptBlueprint '/Game/Maps/Untitled.Untitled:PersistentLevel.Untitled' with GeneratedClass '/Game/Maps/Untitled.Untitled_C' with ClassGeneratedBy '/Game/Maps/Untitled.Untitled:PersistentLevel.Untitled'
[2015.11.27-12.38.11:103][617]LogPlayLevel: PlayLevel: No blueprints needed recompiling
[2015.11.27-12.38.11:103][617]PIE: New page: PIE session: Untitled (Nov 27, 2015, 2:38:11 PM)
[2015.11.27-12.38.11:103][617]LogPlayLevel: Creating play world package: /Game/Maps/UEDPIE_0_Untitled
[2015.11.27-12.38.11:106][617]LogPlayLevel: PIE: StaticDuplicateObject took: (0.002959s)
[2015.11.27-12.38.11:107][617]LogAIModule: Creating AISystem for world Untitled
[2015.11.27-12.38.11:107][617]LogPlayLevel: PIE: World Init took: (0.000921s)
[2015.11.27-12.38.11:108][617]LogPlayLevel: PIE: Created PIE world by copying editor world from /Game/Maps/Untitled.Untitled to /Game/Maps/UEDPIE_0_Untitled.Untitled (0.004248s)
[2015.11.27-12.38.11:123][617]LogInit: XAudio2 using 'Speakers (4- High Definition Audio Device)' : 2 channels at 44.1 kHz using 16 bits per sample (channel mask 0x3)
[2015.11.27-12.38.11:127][617]LogInit: FAudioDevice initialized.
[2015.11.27-12.38.11:200][617]LogWorld: Game class is 'GameModeBP_C'
[2015.11.27-12.38.11:202][617]LogWorld: Bringing World /Game/Maps/UEDPIE_0_Untitled.Untitled up for play (max tick rate 0) at 2015.11.27-13.38.11
[2015.11.27-12.38.11:202][617]LogActor:Warning: GameSession /Game/Maps/UEDPIE_0_Untitled.Untitled:PersistentLevel.GameSession_0 has natively added scene component(s), but none of them were set as the actor's RootComponent - picking one arbitrarily
[2015.11.27-12.38.11:202][617]LogActor:Warning: GameNetworkManager /Game/Maps/UEDPIE_0_Untitled.Untitled:PersistentLevel.GameNetworkManager_0 has natively added scene component(s), but none of them were set as the actor's RootComponent - picking one arbitrarily
[2015.11.27-12.38.11:203][617]LogWorld: Bringing up level for play took: 0.001668
[2015.11.27-12.38.11:204][617]PIE: Info Play in editor start time for /Game/Maps/UEDPIE_0_Untitled -0.765
[2015.11.27-12.38.11:204][617]LogBlueprintUserMessages: Late PlayInEditor Detection: Level '/Game/Maps/Untitled.Untitled:PersistentLevel' has LevelScriptBlueprint '/Game/Maps/Untitled.Untitled:PersistentLevel.Untitled' with GeneratedClass '/Game/Maps/Untitled.Untitled_C' with ClassGeneratedBy '/Game/Maps/Untitled.Untitled:PersistentLevel.Untitled'
[2015.11.27-12.38.13:375][843]LogCrashTracker: 


[2015.11.27-12.38.13:376][843]LogCrashTracker: 


[2015.11.27-12.38.13:376][843]LogWindows: === Critical error: ===
Fatal error!



[2015.11.27-12.38.13:486][843]LogExit: Executing StaticShutdownAfterError
[2015.11.27-12.38.13:488][843]LogOutputDevice:Warning: 

Script Stack:
MouseControllerBP_C.ExecuteUbergraph_MouseControllerBP
MouseControllerBP_C.InpActEvt_RightMouseButton_K2Node_InputKeyEvent_3

[2015.11.27-12.38.13:490][843]LogPhysics:Warning: PHYSX: ..\..\PhysX\src\NpScene.cpp (2946) 8 : PxScene::unlockWrite() called without matching call to PxScene::lockWrite(), behaviour will be undefined.
[2015.11.27-12.38.13:490][843]LogPhysics:Warning: PHYSX: ..\..\PhysX\src\NpScene.cpp (2946) 8 : PxScene::unlockWrite() called without matching call to PxScene::lockWrite(), behaviour will be undefined.
[2015.11.27-12.38.13:490][843]LogPhysics:Warning: PHYSX: ..\..\PhysX\src\NpScene.cpp (2946) 8 : PxScene::unlockWrite() called without matching call to PxScene::lockWrite(), behaviour will be undefined.
[2015.11.27-12.38.13:490][843]LogPhysics:Warning: PHYSX: ..\..\PhysX\src\NpScene.cpp (2946) 8 : PxScene::unlockWrite() called without matching call to PxScene::lockWrite(), behaviour will be undefined.
[2015.11.27-12.38.13:490][843]LogWindows: FPlatformMisc::RequestExit(1)
[2015.11.27-12.38.13:490][843]Log file closed, 11/27/15 13:38:13
