[2015.11.27-10.22.59:360][  0]Log file open, 11/27/15 11:22:59
[2015.11.27-10.22.59:360][  0]LogInit:Display: Running engine for game: SpaceGame
[2015.11.27-10.22.59:360][  0]LogInit:Display: RandInit(1273158192) SRandInit(1273158192).
[2015.11.27-10.22.59:360][  0]LogTaskGraph: Started task graph with 4 named threads and 7 total threads.
[2015.11.27-10.22.59:360][  0]LogStats: Stats thread started at 0.071041
[2015.11.27-10.22.59:360][  0]LogInit: Version: 4.9.2-2707645+++depot+UE4-Releases+4.9
[2015.11.27-10.22.59:360][  0]LogInit: API Version: 2672455
[2015.11.27-10.22.59:360][  0]LogInit: Compiled (64-bit): Sep 28 2015 10:25:44
[2015.11.27-10.22.59:360][  0]LogInit: Compiled with Visual C++: 18.00.21005.01
[2015.11.27-10.22.59:360][  0]LogInit: Build Configuration: Development
[2015.11.27-10.22.59:360][  0]LogInit: Branch Name: ++depot+UE4-Releases+4.9
[2015.11.27-10.22.59:360][  0]LogInit: Command line:  
[2015.11.27-10.22.59:360][  0]LogInit: Base directory: C:/Program Files/Epic Games/4.9/Engine/Binaries/Win64/
[2015.11.27-10.22.59:360][  0]LogInit: Rocket: 1
[2015.11.27-10.22.59:366][  0]LogInit: Using libcurl 7.41.0
[2015.11.27-10.22.59:366][  0]LogInit:  - built for x86_64-pc-win32
[2015.11.27-10.22.59:366][  0]LogInit:  - supports SSL with WinSSL
[2015.11.27-10.22.59:366][  0]LogInit:  - other features:
[2015.11.27-10.22.59:366][  0]LogInit:      CURL_VERSION_SSL
[2015.11.27-10.22.59:366][  0]LogInit:      CURL_VERSION_IPV6
[2015.11.27-10.22.59:366][  0]LogInit:      CURL_VERSION_ASYNCHDNS
[2015.11.27-10.22.59:366][  0]LogInit:      CURL_VERSION_LARGEFILE
[2015.11.27-10.22.59:366][  0]LogInit:      CURL_VERSION_IDN
[2015.11.27-10.22.59:366][  0]LogInit:  CurlRequestOptions (configurable via config and command line):
[2015.11.27-10.22.59:366][  0]LogInit:  - bVerifyPeer = true  - Libcurl will verify peer certificate
[2015.11.27-10.22.59:366][  0]LogInit:  - bUseHttpProxy = false  - Libcurl will NOT use HTTP proxy
[2015.11.27-10.22.59:366][  0]LogInit:  - bDontReuseConnections = false  - Libcurl will reuse connections
[2015.11.27-10.22.59:366][  0]LogInit:  - CertBundlePath = nullptr  - Libcurl will use whatever was configured at build time.
[2015.11.27-10.22.59:372][  0]LogInit: Presizing for 0 objects not considered by GC, pre-allocating 0 bytes.
[2015.11.27-10.22.59:377][  0]LogInit: Object subsystem initialized
[2015.11.27-10.22.59:378][  0]LogInit: Selected Device Profile: [Windows]
[2015.11.27-10.22.59:378][  0]LogInit: Applying CVar settings loaded from the selected device profile: [Windows]
[2015.11.27-10.22.59:385][  0]LogInit: Computer: SpellabbA332-04
[2015.11.27-10.22.59:385][  0]LogInit: User: Spellabbet
[2015.11.27-10.22.59:385][  0]LogInit: CPU Page size=4096, Cores=4
[2015.11.27-10.22.59:385][  0]LogInit: High frequency timer resolution =3.507520 MHz
[2015.11.27-10.22.59:385][  0]LogMemory: Memory total: Physical=15.9GB (16GB approx)
[2015.11.27-10.22.59:385][  0]LogMemory: Platform Memory Stats for Windows
[2015.11.27-10.22.59:385][  0]LogMemory: Process Physical Memory: 52.07 MB used, 52.07 MB peak
[2015.11.27-10.22.59:385][  0]LogMemory: Process Virtual Memory: 55.05 MB used, 55.05 MB peak
[2015.11.27-10.22.59:385][  0]LogMemory: Physical Memory: 5405.48 MB used, 16318.82 MB total
[2015.11.27-10.22.59:385][  0]LogMemory: Virtual Memory: 347.38 MB used, 134217728.00 MB total
[2015.11.27-10.22.59:412][  0]LogTextLocalizationManager: No translations for ('sv-SE') exist, falling back to 'en' for localization and internationalization data.
[2015.11.27-10.22.59:928][  0]LogD3D11RHI: Found D3D11 adapter 0: NVIDIA GeForce GTX 960 (Feature Level 11_0)
[2015.11.27-10.22.59:928][  0]LogD3D11RHI: Adapter has 1965MB of dedicated video memory, 0MB of dedicated system memory, and 2048MB of shared system memory, 1 output[s]
[2015.11.27-10.22.59:928][  0]LogD3D11RHI: Found D3D11 adapter 1: Microsoft Basic Render Driver (Feature Level 11_0)
[2015.11.27-10.22.59:928][  0]LogD3D11RHI: Adapter has 0MB of dedicated video memory, 0MB of dedicated system memory, and 256MB of shared system memory, 0 output[s]
[2015.11.27-10.22.59:929][  0]LogD3D11RHI: Chosen D3D11 Adapter Id = 0
[2015.11.27-10.22.59:931][  0]LogD3D11RHI: !Direct3DDevice
[2015.11.27-10.22.59:931][  0]LogRHI: Texture pool is 1361 MB (70% of 1945 MB)
[2015.11.27-10.22.59:941][  0]LogD3D11RHI: Async texture creation enabled
[2015.11.27-10.22.59:955][  0]LogShaderCompilers: Guid format shader working directory is 15 characters bigger than the processId version (../../../../../../Users/Spellabbet/Documents/GitHub/SpaceGame/Project/SpaceGame/Intermediate/Shaders/WorkingDirectory/5304/).
[2015.11.27-10.22.59:955][  0]LogShaderCompilers: Cleaned the shader compiler working directory '../../../../../../Users/Spellabbet/Documents/GitHub/SpaceGame/Project/SpaceGame/Intermediate/Shaders/tmp/3B1A49D84A67C0FE1A817A9E9916AA86/'.
[2015.11.27-10.22.59:955][  0]LogShaderCompilers:Display: Using Local Shader Compiler.
[2015.11.27-10.23.00:842][  0]LogTemp:Display: Loaded TP AllDesktopTargetPlatform
[2015.11.27-10.23.00:846][  0]LogTemp:Display: Loaded TP WindowsClientTargetPlatform
[2015.11.27-10.23.00:850][  0]LogTemp:Display: Loaded TP WindowsNoEditorTargetPlatform
[2015.11.27-10.23.00:854][  0]LogTemp:Display: Loaded TP WindowsServerTargetPlatform
[2015.11.27-10.23.00:858][  0]LogTemp:Display: Loaded TP WindowsTargetPlatform
[2015.11.27-10.23.00:860][  0]LogTemp:Display: Loaded TP AndroidTargetPlatform
[2015.11.27-10.23.00:863][  0]LogTemp:Display: Loaded TP Android_ASTCTargetPlatform
[2015.11.27-10.23.00:865][  0]LogTemp:Display: Loaded TP Android_ATCTargetPlatform
[2015.11.27-10.23.00:867][  0]LogTemp:Display: Loaded TP Android_DXTTargetPlatform
[2015.11.27-10.23.00:870][  0]LogTemp:Display: Loaded TP Android_ETC1TargetPlatform
[2015.11.27-10.23.00:872][  0]LogTemp:Display: Loaded TP Android_ETC2TargetPlatform
[2015.11.27-10.23.00:875][  0]LogTemp:Display: Loaded TP Android_PVRTCTargetPlatform
[2015.11.27-10.23.00:875][  0]LogTemp:Display: Loaded TP HTML5TargetPlatform
[2015.11.27-10.23.00:891][  0]LogTemp:Display: Loaded TP IOSTargetPlatform
[2015.11.27-10.23.00:893][  0]LogTemp:Display: Loaded TP LinuxNoEditorTargetPlatform
[2015.11.27-10.23.00:896][  0]LogTemp:Display: Loaded TP LinuxServerTargetPlatform
[2015.11.27-10.23.00:898][  0]LogTemp:Display: Loaded TP LinuxTargetPlatform
[2015.11.27-10.23.00:898][  0]LogTargetPlatformManager:Display: Building Assets For Windows
[2015.11.27-10.23.00:983][  0]LogDerivedDataCache:Display: Max Cache Size: 512 MB
[2015.11.27-10.23.01:017][  0]LogDerivedDataCache: Loaded boot cache 0.03s 41MB C:/Users/Spellabbet/AppData/Local/UnrealEngine/4.9/DerivedDataCache/Boot.ddc.
[2015.11.27-10.23.01:017][  0]LogDerivedDataCache:Display: Loaded Boot cache: C:/Users/Spellabbet/AppData/Local/UnrealEngine/4.9/DerivedDataCache/Boot.ddc
[2015.11.27-10.23.01:017][  0]LogDerivedDataCache: FDerivedDataBackendGraph:  Pak pak cache file ../../../../../../Users/Spellabbet/Documents/GitHub/SpaceGame/Project/SpaceGame/DerivedDataCache/DDC.ddp not found, will not use a pak cache.
[2015.11.27-10.23.01:017][  0]LogDerivedDataCache: Unable to find inner node Pak for hierarchical cache Hierarchy.
[2015.11.27-10.23.01:017][  0]LogDerivedDataCache: FDerivedDataBackendGraph:  CompressedPak pak cache file ../../../../../../Users/Spellabbet/Documents/GitHub/SpaceGame/Project/SpaceGame/DerivedDataCache/Compressed.ddp not found, will not use a pak cache.
[2015.11.27-10.23.01:017][  0]LogDerivedDataCache: Unable to find inner node CompressedPak for hierarchical cache Hierarchy.
[2015.11.27-10.23.01:124][  0]LogDerivedDataCache:Display: Pak cache opened for reading ../../../Engine/DerivedDataCache/Compressed.ddp.
[2015.11.27-10.23.01:136][  0]LogDerivedDataCache: Using Local data cache path C:/Users/Spellabbet/AppData/Local/UnrealEngine/Common/DerivedDataCache: Writable
[2015.11.27-10.23.01:279][  0]LogInit: Selected Device Profile: [Windows]
[2015.11.27-10.23.01:281][  0]LogContentStreaming: Texture pool size is 0.000000MB
[2015.11.27-10.23.01:385][  0]LogMeshUtilities: No automatic mesh reduction module available
[2015.11.27-10.23.01:385][  0]LogMeshUtilities: No automatic mesh merging module available
[2015.11.27-10.23.01:572][  0]LogInit: WinSock: version 1.1 (2.2), MaxSocks=32767, MaxUdp=65467
[2015.11.27-10.23.02:141][  0]UdpMessaging: Initializing bridge on interface 0.0.0.0:0 to multicast group 230.0.0.1:6666.
[2015.11.27-10.23.02:258][  0]LogAssetRegistry: FAssetRegistry took 0.0106 seconds to start up
[2015.11.27-10.23.02:407][  0]SourceControl: Info Source control is disabled
[2015.11.27-10.23.02:408][  0]SourceControl: Info Source control is disabled
[2015.11.27-10.23.02:423][  0]SourceControl: Info Source control is disabled
[2015.11.27-10.23.02:437][  0]SourceControl: Info Source control is disabled
[2015.11.27-10.23.02:632][  0]LogLinker:Warning: Asset '../../../Engine/Plugins/Runtime/LeapMotionController/Content/LM_PassthroughMaterial.uasset' has been saved with empty engine version. The asset will be loaded but may be incompatible.
[2015.11.27-10.23.02:734][  0]LogObj: 28428 objects as part of root set at end of initial load.
[2015.11.27-10.23.02:734][  0]LogUObjectAllocator: 6064712 out of 0 bytes used by permanent object pool.
[2015.11.27-10.23.02:780][  0]LogEngine: Initializing Engine...
[2015.11.27-10.23.02:782][  0]LogHMD: Can't find Oculus library dev build: is proper Runtime installed? Version: 0.7.0.0
[2015.11.27-10.23.02:782][  0]LogHMD: SteamVR failed to initialize.  Err: 110
[2015.11.27-10.23.02:874][  0]LogAIModule: Creating AISystem for world NewWorld
[2015.11.27-10.23.02:878][  0]LogInit: XAudio2 using 'Speakers (4- High Definition Audio Device)' : 2 channels at 44.1 kHz using 16 bits per sample (channel mask 0x3)
[2015.11.27-10.23.02:888][  0]LogInit: FAudioDevice initialized.
[2015.11.27-10.23.02:905][  0]LogDerivedDataCache: Saved boot cache 0.02s 41MB C:/Users/Spellabbet/AppData/Local/UnrealEngine/4.9/DerivedDataCache/Boot.ddc.
[2015.11.27-10.23.02:909][  0]LogInit: Texture streaming: Enabled
[2015.11.27-10.23.02:913][  0]LogAnalytics: Creating configured Analytics provider AnalyticsET
[2015.11.27-10.23.02:913][  0]LogAnalytics: [UEEditor.Rocket.Release] APIServer = http://et2.epicgames.com/ET2/. AppVersion = 4.9.2-2707645+++depot+UE4-Releases+4.9
[2015.11.27-10.23.02:913][  0]LogAnalytics: [UEEditor.Rocket.Release] SetUserId a56f99ce4ac584e8e6d851994b9dafce|4486cc34acf54390b5f34fc38c8b6486|060e5e79-a789-49c4-8abd-5d8b330400a7
[2015.11.27-10.23.02:913][  0]LogAnalytics: [UEEditor.Rocket.Release] AnalyticsET::StartSession
[2015.11.27-10.23.02:928][  0]LogInit: Transaction tracking system initialized
[2015.11.27-10.23.02:948][  0]BlueprintLog: New page: Editor Load
[2015.11.27-10.23.03:005][  0]LocalizationService: Info Localization service is disabled
[2015.11.27-10.23.03:077][  0]LogConsoleResponse:Display: 
[2015.11.27-10.23.03:160][  0]LogCook:Display: Done creating registry. It took  0.00s.
[2015.11.27-10.23.03:215][  0]LogFileCache: Scanning file cache for directory 'C:/Users/Spellabbet/Documents/GitHub/SpaceGame/Project/SpaceGame/Content/' took 0.01s
[2015.11.27-10.23.03:215][  0]SourceControl: Info Source control is disabled
[2015.11.27-10.23.03:216][  0]Cmd: MAP LOAD FILE="../../../Engine/Content/Maps/Templates/Template_Default.umap" TEMPLATE=1 SHOWPROGRESS=1 FEATURELEVEL=3
[2015.11.27-10.23.03:216][  0]LightingResults: New page: Lighting Build
[2015.11.27-10.23.03:218][  0]MapCheck: New page: Map Check
[2015.11.27-10.23.03:218][  0]LightingResults: New page: Lighting Build
[2015.11.27-10.23.03:227][  0]LogParticles: Destroying 0 GPU particle simulations for FXSystem 0x00000088F1B56160
[2015.11.27-10.23.03:409][  0]LogAIModule: Creating AISystem for world Untitled_1
[2015.11.27-10.23.03:412][  0]LogEditorServer: Finished looking for orphan Actors (0.000 secs)
[2015.11.27-10.23.03:416][  0]Cmd: MAP CHECKDEP NOCLEARLOG
[2015.11.27-10.23.03:447][  0]MapCheck: Info Map check complete: 0 Error(s), 0 Warning(s), took 31.015ms to complete.
[2015.11.27-10.23.03:447][  0]LogFileHelpers: Loading map 'Template_Default' took 0.232
[2015.11.27-10.23.03:530][  0]LogCollectionManager: Loaded 0 collections in 0.001812 seconds
[2015.11.27-10.23.03:570][  0]LogFileCache: Scanning file cache for directory 'C:/Users/Spellabbet/Documents/GitHub/SpaceGame/Project/SpaceGame/Saved/Collections/' took 0.01s
[2015.11.27-10.23.03:570][  0]LogFileCache: Scanning file cache for directory 'C:/Users/Spellabbet/Documents/GitHub/SpaceGame/Project/SpaceGame/Content/Developers/Spellabbet/Collections/' took 0.01s
[2015.11.27-10.23.03:570][  0]LogFileCache: Scanning file cache for directory 'C:/Users/Spellabbet/Documents/GitHub/SpaceGame/Project/SpaceGame/Content/Collections/' took 0.01s
[2015.11.27-10.23.03:570][  0]LogContentBrowser: Native class hierarchy populated in 0.0071 seconds. Added 1874 classes and 335 folders.
[2015.11.27-10.23.03:574][  0]LogCollectionManager: Rebuilt the GUID cache for 0 collections in 0.000002 seconds
[2015.11.27-10.23.03:580][  0]LogContentBrowser: Native class hierarchy updated for 'WidgetCarousel' in 0.0008 seconds. Added 0 classes and 0 folders.
[2015.11.27-10.23.03:610][  0]LogContentBrowser: Native class hierarchy updated for 'AddContentDialog' in 0.0008 seconds. Added 0 classes and 0 folders.
[2015.11.27-10.23.03:617][  0]LogContentBrowser: Native class hierarchy updated for 'SceneOutliner' in 0.0008 seconds. Added 1 classes and 2 folders.
[2015.11.27-10.23.03:635][  0]LogCrashTracker: Crashtracker disabled due to settings.
[2015.11.27-10.23.03:638][  0]LogUObjectGlobals:Warning: Failed to find object 'Class None.'
[2015.11.27-10.23.03:660][  0]LogLoad: Full Startup: 5.23 seconds (BP compile: 0.03 seconds)
[2015.11.27-10.23.03:717][  0]LogContentStreaming: Texture pool size now 1000 MB
[2015.11.27-10.23.03:825][  0]LogRenderer: Reallocating scene render targets to support 1208x576 (Frame:2).
[2015.11.27-10.23.03:927][  2]LogAssetRegistry: Asset discovery search completed in 1.6802 seconds
[2015.11.27-10.23.03:927][  2]LogCollectionManager: Rebuilt the object cache for 0 collections in 0.000001 seconds (found 0 objects)
[2015.11.27-10.23.03:927][  2]LogCollectionManager: Fixed up redirectors for 0 collections in 0.000023 seconds (updated 0 objects)
[2015.11.27-10.23.07:823][234]LogEditorViewport: Clicking on Actor (LMB): StaticMeshActor (Floor)
[2015.11.27-10.23.08:682][329]Cmd: DELETE
[2015.11.27-10.23.08:682][329]Cmd: ACTOR DELETE
[2015.11.27-10.23.08:682][329]LogEditorActor: Deleted Actor: StaticMeshActor
[2015.11.27-10.23.08:696][329]LogEditorActor: Deleted 1 Actors (0.015 secs)
[2015.11.27-10.23.12:419][774]LogPlayLevel: PlayLevel: No blueprints needed recompiling
[2015.11.27-10.23.12:419][774]PIE: New page: PIE session: Untitled_1 (Nov 27, 2015, 12:23:12 PM)
[2015.11.27-10.23.12:419][774]LogPlayLevel: Creating play world package: /Temp/UEDPIE_0_Untitled_1
[2015.11.27-10.23.12:421][774]LogPlayLevel: PIE: StaticDuplicateObject took: (0.001464s)
[2015.11.27-10.23.12:422][774]LogAIModule: Creating AISystem for world Untitled_1
[2015.11.27-10.23.12:422][774]LogPlayLevel: PIE: World Init took: (0.001039s)
[2015.11.27-10.23.12:422][774]LogPlayLevel: PIE: Created PIE world by copying editor world from /Temp/Untitled_1.Untitled_1 to /Temp/UEDPIE_0_Untitled_1.Untitled_1 (0.002897s)
[2015.11.27-10.23.12:435][774]LogInit: XAudio2 using 'Speakers (4- High Definition Audio Device)' : 2 channels at 44.1 kHz using 16 bits per sample (channel mask 0x3)
[2015.11.27-10.23.12:439][774]LogInit: FAudioDevice initialized.
[2015.11.27-10.23.12:483][774]LogWorld: Game class is 'GameMode'
[2015.11.27-10.23.12:485][774]LogWorld: Bringing World /Temp/UEDPIE_0_Untitled_1.Untitled_1 up for play (max tick rate 0) at 2015.11.27-11.23.12
[2015.11.27-10.23.12:485][774]LogActor:Warning: GameSession /Temp/UEDPIE_0_Untitled_1.Untitled_1:PersistentLevel.GameSession_0 has natively added scene component(s), but none of them were set as the actor's RootComponent - picking one arbitrarily
[2015.11.27-10.23.12:485][774]LogActor:Warning: GameNetworkManager /Temp/UEDPIE_0_Untitled_1.Untitled_1:PersistentLevel.GameNetworkManager_0 has natively added scene component(s), but none of them were set as the actor's RootComponent - picking one arbitrarily
[2015.11.27-10.23.12:485][774]LogWorld: Bringing up level for play took: 0.001250
[2015.11.27-10.23.12:487][774]PIE: Info Play in editor start time for /Temp/UEDPIE_0_Untitled_1 0.517
[2015.11.27-10.23.14:237][978]LogParticles: Destroying 0 GPU particle simulations for FXSystem 0x00000088DEC03740
[2015.11.27-10.23.31:669][946]LogEditorViewport: Clicking on Actor (LMB): FleetBP_C (FleetBP)
[2015.11.27-10.23.38:142][715]LogEditorViewport: Clicking on Actor (LMB): BP_Sky_Sphere_C (Sky Sphere)
[2015.11.27-10.23.39:171][836]LogEditorViewport: Clicking on Actor (LMB): FleetBP_C (FleetBP2)
[2015.11.27-10.23.45:481][516]LogEditor: Attempting to add actor of class 'Ship' to level at 640.00,-300.00,-180.00
[2015.11.27-10.23.45:669][537]LogEditor: Attempting to add actor of class 'Ship' to level at 670.00,-290.00,-130.00
[2015.11.27-10.23.51:511][236]LogEditorViewport: Clicking on Actor (LMB): FleetBP_C (FleetBP)
[2015.11.27-10.23.54:885][634]LogEditorViewport: Clicking on Actor (LMB): FleetBP_C (FleetBP2)
[2015.11.27-10.23.59:794][216]LogEditorViewport: Clicking on Actor (LMB): FleetBP_C (FleetBP)
[2015.11.27-10.24.03:986][713]LogEditorViewport: Clicking on Actor (LMB): FleetBP_C (FleetBP2)
[2015.11.27-10.24.14:281][ 94]Cmd: OBJ SAVEPACKAGE PACKAGE="/Game/Untitled" FILE="../../../../../../Users/Spellabbet/Documents/GitHub/SpaceGame/Project/SpaceGame/Content/Untitled.umap" SILENT=true AUTOSAVING=false KEEPDIRTY=false
[2015.11.27-10.24.14:321][ 94]LogSavePackage: Save=17.084150ms
[2015.11.27-10.24.14:321][ 94]LogSavePackage: Moving '../../../../../../Users/Spellabbet/Documents/GitHub/SpaceGame/Project/SpaceGame/Saved/UntitledB06CAA904417ABF05D966B853F4D77EE.tmp' to '../../../../../../Users/Spellabbet/Documents/GitHub/SpaceGame/Project/SpaceGame/Content/Untitled.umap'
[2015.11.27-10.24.14:325][ 94]LogSavePackage: Total save time: 26.740260ms
[2015.11.27-10.24.14:325][ 94]LogSavePackage:Warning: Finished SavePackage ../../../../../../Users/Spellabbet/Documents/GitHub/SpaceGame/Project/SpaceGame/Content/Untitled.umap
[2015.11.27-10.24.14:350][ 94]LogFileHelpers: Saving map 'Untitled' took 1.624
[2015.11.27-10.24.16:372][327]LogPlayLevel: PlayLevel: No blueprints needed recompiling
[2015.11.27-10.24.16:372][327]PIE: New page: PIE session: Untitled (Nov 27, 2015, 12:24:16 PM)
[2015.11.27-10.24.16:372][327]LogPlayLevel: Creating play world package: /Game/UEDPIE_0_Untitled
[2015.11.27-10.24.16:374][327]LogPlayLevel: PIE: StaticDuplicateObject took: (0.001680s)
[2015.11.27-10.24.16:375][327]LogAIModule: Creating AISystem for world Untitled
[2015.11.27-10.24.16:375][327]LogPlayLevel: PIE: World Init took: (0.000686s)
[2015.11.27-10.24.16:375][327]LogPlayLevel: PIE: Created PIE world by copying editor world from /Game/Untitled.Untitled to /Game/UEDPIE_0_Untitled.Untitled (0.002597s)
[2015.11.27-10.24.16:387][327]LogInit: XAudio2 using 'Speakers (4- High Definition Audio Device)' : 2 channels at 44.1 kHz using 16 bits per sample (channel mask 0x3)
[2015.11.27-10.24.16:391][327]LogInit: FAudioDevice initialized.
[2015.11.27-10.24.16:420][327]LogWorld: Game class is 'GameMode'
[2015.11.27-10.24.16:423][327]LogWorld: Bringing World /Game/UEDPIE_0_Untitled.Untitled up for play (max tick rate 0) at 2015.11.27-11.24.16
[2015.11.27-10.24.16:423][327]LogActor:Warning: GameSession /Game/UEDPIE_0_Untitled.Untitled:PersistentLevel.GameSession_1 has natively added scene component(s), but none of them were set as the actor's RootComponent - picking one arbitrarily
[2015.11.27-10.24.16:423][327]LogActor:Warning: GameNetworkManager /Game/UEDPIE_0_Untitled.Untitled:PersistentLevel.GameNetworkManager_1 has natively added scene component(s), but none of them were set as the actor's RootComponent - picking one arbitrarily
[2015.11.27-10.24.16:423][327]LogWorld: Bringing up level for play took: 0.002192
[2015.11.27-10.24.16:424][327]PIE: Info Play in editor start time for /Game/UEDPIE_0_Untitled 0.455
[2015.11.27-10.24.18:145][533]LogSelection:Warning: PIE object was selected: "FleetBP_C /Game/UEDPIE_0_Untitled.Untitled:PersistentLevel.FleetBP2_5"
[2015.11.27-10.24.18:675][589]LogEditorViewport: Clicking on Actor (LMB): FleetBP_C (FleetBP)
[2015.11.27-10.24.18:676][589]LogSelection:Warning: PIE object was selected: "FleetBP_C /Game/UEDPIE_0_Untitled.Untitled:PersistentLevel.FleetBP_2"
